2021-12-23 23:05:26,361 (INFO): Log Path: D:\Source_Code\Python ++\02. updateComic\log\debug-20211223-2305.26.log
2021-12-23 23:05:28,415 (INFO): Currently Processing image
2021-12-23 23:05:28,416 (INFO): Processing Titles ...
2021-12-23 23:05:28,433 (DEBUG): Get Info from structure: (2t+=sakusei toshi elosion)
2021-12-23 23:05:28,442 (DEBUG): Get Info from structure: (a-10+=koukai tanetsuke hentai koubi 2)
2021-12-23 23:05:28,450 (DEBUG): Get Info from structure: (Abubu+=Kinjo no Onnatachi ga Nazeka Ore no Ie no Furo ni Hairi ni Kuru Ken)
2021-12-23 23:05:28,459 (DEBUG): Get Info from structure: (abubu+=npc kan mod)
2021-12-23 23:05:28,478 (DEBUG): Get Info from structure: (agobitch nee-san+=Hataraku Onee-san-tachi ~Mikonritsu no Takai Machi de Hataraku Tokoya no Onee-san ni Okuchi de Shiborareru~)
2021-12-23 23:05:28,487 (DEBUG): Get Info from structure: (agobitch nee-san+=Seifuku Bishoujo)
2021-12-23 23:05:28,495 (DEBUG): Get Info from structure: (ahemaru+=slave the blood)
2021-12-23 23:05:28,505 (DEBUG): Get Info from structure: (amano ameno+=Jabami Yumeko Hentai Koushuu Benjo Tantsubo Nikubenki Onna)
2021-12-23 23:05:28,513 (DEBUG): Get Info from structure: (amano ameno+=Kyonyuu Onna Joushi Saimin Nikuningyou)
2021-12-23 23:05:28,522 (DEBUG): Get Info from structure: (Ameyama Denshin+=Stories)
2021-12-23 23:05:28,531 (DEBUG): Get Info from structure: (Arai Kei+=Boku No Kanojo)
2021-12-23 23:05:28,540 (DEBUG): Get Info from structure: (arai kei+=Boku Wa Kanojo No Namae Mo Shiranai)
2021-12-23 23:05:28,548 (DEBUG): Get Info from structure: (arai kei+=hougan kanojo)
2021-12-23 23:05:28,558 (DEBUG): Get Info from structure: (arai kei+=Stories)
2021-12-23 23:05:28,566 (DEBUG): Get Info from structure: (Arai Taiki+=Kahanshin Daiichi Shugi)
2021-12-23 23:05:28,575 (DEBUG): Get Info from structure: (arai taiki+=ochita yume no naka de)
2021-12-23 23:05:28,583 (DEBUG): Get Info from structure: (Arai Taiki+=Stories)
2021-12-23 23:05:28,592 (DEBUG): Get Info from structure: (aroma sensei+=Gwen)
2021-12-23 23:05:28,601 (DEBUG): Get Info from structure: (aroma sensei+=what's going on here)
2021-12-23 23:05:28,610 (DEBUG): Get Info from structure: (asanagi+=Stories)
2021-12-23 23:05:28,617 (DEBUG): Get Info from structure: (BeNantoka+=Stories)
2021-12-23 23:05:28,628 (DEBUG): Get Info from structure: (Bonske+=Arawareta Chijo wa Toshishita Kui no Scatolo Hentai deshita)
2021-12-23 23:05:28,639 (DEBUG): Get Info from structure: (bonske+=sono kuchi to shita de subete o uketomenasai)
2021-12-23 23:05:28,647 (DEBUG): Get Info from structure: (Dokurosan+=Stories)
2021-12-23 23:05:28,657 (DEBUG): Get Info from structure: (Enokido+=Stories)
2021-12-23 23:05:28,665 (DEBUG): Get Info from structure: (freehand tamashii+=aorare tsuma)
2021-12-23 23:05:28,673 (DEBUG): Get Info from structure: (freehand tamashii+=Incha No Oi Ga Yaritai Oba-san)
2021-12-23 23:05:28,682 (DEBUG): Get Info from structure: (freehand tamashii+=Isourou Saki No Obasan Ni Hameru!)
2021-12-23 23:05:28,690 (DEBUG): Get Info from structure: (freehand tamashii+=Stories)
2021-12-23 23:05:28,700 (DEBUG): Get Info from structure: (freehand tamashii+=Toiu Wake De, Kaa-san-tachi To Yattemita)
2021-12-23 23:05:28,708 (DEBUG): Get Info from structure: (freehand tamasshii+=Shin Mama O Netoruze!)
2021-12-23 23:05:28,718 (DEBUG): Get Info from structure: (gonza+=av mama)
2021-12-23 23:05:28,726 (DEBUG): Get Info from structure: (gonza+=matching appli)
2021-12-23 23:05:28,734 (DEBUG): Get Info from structure: (Gonza+=Mayonaka No Haha)
2021-12-23 23:05:28,743 (DEBUG): Get Info from structure: (gonza+=my three horny moms)
2021-12-23 23:05:28,752 (DEBUG): Get Info from structure: (gonza+=Nonfiction ~boshi Soukan No Kioku~)
2021-12-23 23:05:28,760 (DEBUG): Get Info from structure: (gonza+=stories)
2021-12-23 23:05:28,770 (DEBUG): Get Info from structure: (mizone+=Ajin Iryou Sougou Center e Youkoso!)
2021-12-23 23:05:28,778 (DEBUG): Get Info from structure: (mizone+=Jikyuu 1500 yen!! Gyogyou o Tetsudau Kantan na Oshigoto desu)
2021-12-23 23:05:28,788 (DEBUG): Get Info from structure: (mizone+=Kindan no Shohousen)
2021-12-23 23:05:28,796 (DEBUG): Get Info from structure: (mizone+=monster romance)
2021-12-23 23:05:28,806 (DEBUG): Get Info from structure: (mizone+=monster smash)
2021-12-23 23:05:28,815 (DEBUG): Get Info from structure: (mizone+=Otherworldly Maidens Series)
2021-12-23 23:05:28,823 (DEBUG): Get Info from structure: (mizone+=stories)
2021-12-23 23:05:28,832 (DEBUG): Get Info from structure: (mizone+=Zasshoku Yuusha)
2021-12-23 23:05:28,841 (DEBUG): Get Info from structure: (Tsusauto+=Jichikai no Hitozuma wa Totemo Ecchi deshita)
2021-12-23 23:05:28,849 (INFO): Processing Chapters / Episodes ...
2021-12-23 23:05:28,967 (INFO): Processing Chapters & Pages ... 
2021-12-23 23:06:04,707 (DEBUG): STREAM b'IHDR' 16 13
2021-12-23 23:06:04,707 (DEBUG): STREAM b'gAMA' 41 4
2021-12-23 23:06:04,707 (DEBUG): STREAM b'cHRM' 57 32
2021-12-23 23:06:04,707 (DEBUG): STREAM b'bKGD' 101 2
2021-12-23 23:06:04,707 (DEBUG): b'bKGD' 101 2 (unknown)
2021-12-23 23:06:04,707 (DEBUG): STREAM b'tIME' 115 7
2021-12-23 23:06:04,707 (DEBUG): b'tIME' 115 7 (unknown)
2021-12-23 23:06:04,707 (DEBUG): STREAM b'IDAT' 134 32768
2021-12-23 23:06:04,720 (DEBUG): STREAM b'IHDR' 16 13
2021-12-23 23:06:04,720 (DEBUG): STREAM b'gAMA' 41 4
2021-12-23 23:06:04,721 (DEBUG): STREAM b'cHRM' 57 32
2021-12-23 23:06:04,721 (DEBUG): STREAM b'bKGD' 101 2
2021-12-23 23:06:04,721 (DEBUG): b'bKGD' 101 2 (unknown)
2021-12-23 23:06:04,721 (DEBUG): STREAM b'tIME' 115 7
2021-12-23 23:06:04,721 (DEBUG): b'tIME' 115 7 (unknown)
2021-12-23 23:06:04,721 (DEBUG): STREAM b'IDAT' 134 32768
2021-12-23 23:06:04,733 (DEBUG): STREAM b'IHDR' 16 13
2021-12-23 23:06:04,733 (DEBUG): STREAM b'gAMA' 41 4
2021-12-23 23:06:04,733 (DEBUG): STREAM b'cHRM' 57 32
2021-12-23 23:06:04,733 (DEBUG): STREAM b'bKGD' 101 2
2021-12-23 23:06:04,733 (DEBUG): b'bKGD' 101 2 (unknown)
2021-12-23 23:06:04,733 (DEBUG): STREAM b'tIME' 115 7
2021-12-23 23:06:04,733 (DEBUG): b'tIME' 115 7 (unknown)
2021-12-23 23:06:04,733 (DEBUG): STREAM b'IDAT' 134 32768
2021-12-23 23:06:04,746 (DEBUG): STREAM b'IHDR' 16 13
2021-12-23 23:06:04,746 (DEBUG): STREAM b'gAMA' 41 4
2021-12-23 23:06:04,746 (DEBUG): STREAM b'cHRM' 57 32
2021-12-23 23:06:04,746 (DEBUG): STREAM b'bKGD' 101 2
2021-12-23 23:06:04,746 (DEBUG): b'bKGD' 101 2 (unknown)
2021-12-23 23:06:04,746 (DEBUG): STREAM b'tIME' 115 7
2021-12-23 23:06:04,746 (DEBUG): b'tIME' 115 7 (unknown)
2021-12-23 23:06:04,746 (DEBUG): STREAM b'IDAT' 134 32768
2021-12-23 23:06:04,759 (DEBUG): STREAM b'IHDR' 16 13
2021-12-23 23:06:04,759 (DEBUG): STREAM b'gAMA' 41 4
2021-12-23 23:06:04,759 (DEBUG): STREAM b'cHRM' 57 32
2021-12-23 23:06:04,759 (DEBUG): STREAM b'bKGD' 101 2
2021-12-23 23:06:04,759 (DEBUG): b'bKGD' 101 2 (unknown)
2021-12-23 23:06:04,759 (DEBUG): STREAM b'tIME' 115 7
2021-12-23 23:06:04,759 (DEBUG): b'tIME' 115 7 (unknown)
2021-12-23 23:06:04,759 (DEBUG): STREAM b'IDAT' 134 32768
2021-12-23 23:06:04,773 (DEBUG): STREAM b'IHDR' 16 13
2021-12-23 23:06:04,773 (DEBUG): STREAM b'gAMA' 41 4
2021-12-23 23:06:04,773 (DEBUG): STREAM b'cHRM' 57 32
2021-12-23 23:06:04,773 (DEBUG): STREAM b'bKGD' 101 2
2021-12-23 23:06:04,773 (DEBUG): b'bKGD' 101 2 (unknown)
2021-12-23 23:06:04,773 (DEBUG): STREAM b'tIME' 115 7
2021-12-23 23:06:04,773 (DEBUG): b'tIME' 115 7 (unknown)
2021-12-23 23:06:04,773 (DEBUG): STREAM b'IDAT' 134 32768
2021-12-23 23:06:04,785 (DEBUG): STREAM b'IHDR' 16 13
2021-12-23 23:06:04,786 (DEBUG): STREAM b'gAMA' 41 4
2021-12-23 23:06:04,786 (DEBUG): STREAM b'cHRM' 57 32
2021-12-23 23:06:04,786 (DEBUG): STREAM b'bKGD' 101 2
2021-12-23 23:06:04,786 (DEBUG): b'bKGD' 101 2 (unknown)
2021-12-23 23:06:04,786 (DEBUG): STREAM b'tIME' 115 7
2021-12-23 23:06:04,786 (DEBUG): b'tIME' 115 7 (unknown)
2021-12-23 23:06:04,786 (DEBUG): STREAM b'IDAT' 134 32768
2021-12-23 23:06:04,799 (DEBUG): STREAM b'IHDR' 16 13
2021-12-23 23:06:04,799 (DEBUG): STREAM b'gAMA' 41 4
2021-12-23 23:06:04,799 (DEBUG): STREAM b'cHRM' 57 32
2021-12-23 23:06:04,799 (DEBUG): STREAM b'bKGD' 101 2
2021-12-23 23:06:04,799 (DEBUG): b'bKGD' 101 2 (unknown)
2021-12-23 23:06:04,799 (DEBUG): STREAM b'tIME' 115 7
2021-12-23 23:06:04,799 (DEBUG): b'tIME' 115 7 (unknown)
2021-12-23 23:06:04,799 (DEBUG): STREAM b'IDAT' 134 32768
2021-12-23 23:06:04,812 (DEBUG): STREAM b'IHDR' 16 13
2021-12-23 23:06:04,812 (DEBUG): STREAM b'gAMA' 41 4
2021-12-23 23:06:04,812 (DEBUG): STREAM b'cHRM' 57 32
2021-12-23 23:06:04,812 (DEBUG): STREAM b'bKGD' 101 2
2021-12-23 23:06:04,812 (DEBUG): b'bKGD' 101 2 (unknown)
2021-12-23 23:06:04,812 (DEBUG): STREAM b'tIME' 115 7
2021-12-23 23:06:04,812 (DEBUG): b'tIME' 115 7 (unknown)
2021-12-23 23:06:04,812 (DEBUG): STREAM b'IDAT' 134 32768
2021-12-23 23:06:04,825 (DEBUG): STREAM b'IHDR' 16 13
2021-12-23 23:06:04,825 (DEBUG): STREAM b'gAMA' 41 4
2021-12-23 23:06:04,825 (DEBUG): STREAM b'cHRM' 57 32
2021-12-23 23:06:04,825 (DEBUG): STREAM b'bKGD' 101 2
2021-12-23 23:06:04,825 (DEBUG): b'bKGD' 101 2 (unknown)
2021-12-23 23:06:04,825 (DEBUG): STREAM b'tIME' 115 7
2021-12-23 23:06:04,825 (DEBUG): b'tIME' 115 7 (unknown)
2021-12-23 23:06:04,825 (DEBUG): STREAM b'IDAT' 134 32768
2021-12-23 23:06:04,838 (DEBUG): STREAM b'IHDR' 16 13
2021-12-23 23:06:04,838 (DEBUG): STREAM b'gAMA' 41 4
2021-12-23 23:06:04,838 (DEBUG): STREAM b'cHRM' 57 32
2021-12-23 23:06:04,838 (DEBUG): STREAM b'bKGD' 101 2
2021-12-23 23:06:04,838 (DEBUG): b'bKGD' 101 2 (unknown)
2021-12-23 23:06:04,838 (DEBUG): STREAM b'tIME' 115 7
2021-12-23 23:06:04,838 (DEBUG): b'tIME' 115 7 (unknown)
2021-12-23 23:06:04,838 (DEBUG): STREAM b'IDAT' 134 32768
2021-12-23 23:06:04,852 (DEBUG): STREAM b'IHDR' 16 13
2021-12-23 23:06:04,852 (DEBUG): STREAM b'gAMA' 41 4
2021-12-23 23:06:04,852 (DEBUG): STREAM b'cHRM' 57 32
2021-12-23 23:06:04,852 (DEBUG): STREAM b'bKGD' 101 2
2021-12-23 23:06:04,852 (DEBUG): b'bKGD' 101 2 (unknown)
2021-12-23 23:06:04,852 (DEBUG): STREAM b'tIME' 115 7
2021-12-23 23:06:04,852 (DEBUG): b'tIME' 115 7 (unknown)
2021-12-23 23:06:04,852 (DEBUG): STREAM b'IDAT' 134 32768
2021-12-23 23:06:04,865 (DEBUG): STREAM b'IHDR' 16 13
2021-12-23 23:06:04,865 (DEBUG): STREAM b'gAMA' 41 4
2021-12-23 23:06:04,865 (DEBUG): STREAM b'cHRM' 57 32
2021-12-23 23:06:04,865 (DEBUG): STREAM b'bKGD' 101 2
2021-12-23 23:06:04,865 (DEBUG): b'bKGD' 101 2 (unknown)
2021-12-23 23:06:04,865 (DEBUG): STREAM b'tIME' 115 7
2021-12-23 23:06:04,865 (DEBUG): b'tIME' 115 7 (unknown)
2021-12-23 23:06:04,865 (DEBUG): STREAM b'IDAT' 134 32768
2021-12-23 23:06:04,878 (DEBUG): STREAM b'IHDR' 16 13
2021-12-23 23:06:04,878 (DEBUG): STREAM b'gAMA' 41 4
2021-12-23 23:06:04,878 (DEBUG): STREAM b'cHRM' 57 32
2021-12-23 23:06:04,878 (DEBUG): STREAM b'bKGD' 101 2
2021-12-23 23:06:04,878 (DEBUG): b'bKGD' 101 2 (unknown)
2021-12-23 23:06:04,878 (DEBUG): STREAM b'tIME' 115 7
2021-12-23 23:06:04,878 (DEBUG): b'tIME' 115 7 (unknown)
2021-12-23 23:06:04,878 (DEBUG): STREAM b'IDAT' 134 32768
2021-12-23 23:06:04,891 (DEBUG): STREAM b'IHDR' 16 13
2021-12-23 23:06:04,891 (DEBUG): STREAM b'gAMA' 41 4
2021-12-23 23:06:04,891 (DEBUG): STREAM b'cHRM' 57 32
2021-12-23 23:06:04,891 (DEBUG): STREAM b'bKGD' 101 2
2021-12-23 23:06:04,891 (DEBUG): b'bKGD' 101 2 (unknown)
2021-12-23 23:06:04,891 (DEBUG): STREAM b'tIME' 115 7
2021-12-23 23:06:04,891 (DEBUG): b'tIME' 115 7 (unknown)
2021-12-23 23:06:04,891 (DEBUG): STREAM b'IDAT' 134 32768
2021-12-23 23:06:04,905 (DEBUG): STREAM b'IHDR' 16 13
2021-12-23 23:06:04,905 (DEBUG): STREAM b'gAMA' 41 4
2021-12-23 23:06:04,905 (DEBUG): STREAM b'cHRM' 57 32
2021-12-23 23:06:04,905 (DEBUG): STREAM b'bKGD' 101 2
2021-12-23 23:06:04,905 (DEBUG): b'bKGD' 101 2 (unknown)
2021-12-23 23:06:04,905 (DEBUG): STREAM b'tIME' 115 7
2021-12-23 23:06:04,905 (DEBUG): b'tIME' 115 7 (unknown)
2021-12-23 23:06:04,905 (DEBUG): STREAM b'IDAT' 134 32768
2021-12-23 23:06:04,938 (DEBUG): STREAM b'IHDR' 16 13
2021-12-23 23:06:04,938 (DEBUG): STREAM b'gAMA' 41 4
2021-12-23 23:06:04,938 (DEBUG): STREAM b'cHRM' 57 32
2021-12-23 23:06:04,938 (DEBUG): STREAM b'bKGD' 101 2
2021-12-23 23:06:04,938 (DEBUG): b'bKGD' 101 2 (unknown)
2021-12-23 23:06:04,938 (DEBUG): STREAM b'tIME' 115 7
2021-12-23 23:06:04,938 (DEBUG): b'tIME' 115 7 (unknown)
2021-12-23 23:06:04,938 (DEBUG): STREAM b'IDAT' 134 32768
2021-12-23 23:06:04,951 (DEBUG): STREAM b'IHDR' 16 13
2021-12-23 23:06:04,951 (DEBUG): STREAM b'gAMA' 41 4
2021-12-23 23:06:04,951 (DEBUG): STREAM b'cHRM' 57 32
2021-12-23 23:06:04,951 (DEBUG): STREAM b'bKGD' 101 2
2021-12-23 23:06:04,951 (DEBUG): b'bKGD' 101 2 (unknown)
2021-12-23 23:06:04,951 (DEBUG): STREAM b'tIME' 115 7
2021-12-23 23:06:04,951 (DEBUG): b'tIME' 115 7 (unknown)
2021-12-23 23:06:04,951 (DEBUG): STREAM b'IDAT' 134 32768
2021-12-23 23:06:04,965 (DEBUG): STREAM b'IHDR' 16 13
2021-12-23 23:06:04,965 (DEBUG): STREAM b'gAMA' 41 4
2021-12-23 23:06:04,965 (DEBUG): STREAM b'cHRM' 57 32
2021-12-23 23:06:04,965 (DEBUG): STREAM b'bKGD' 101 2
2021-12-23 23:06:04,965 (DEBUG): b'bKGD' 101 2 (unknown)
2021-12-23 23:06:04,965 (DEBUG): STREAM b'tIME' 115 7
2021-12-23 23:06:04,965 (DEBUG): b'tIME' 115 7 (unknown)
2021-12-23 23:06:04,965 (DEBUG): STREAM b'IDAT' 134 32768
2021-12-23 23:06:04,978 (DEBUG): STREAM b'IHDR' 16 13
2021-12-23 23:06:04,978 (DEBUG): STREAM b'gAMA' 41 4
2021-12-23 23:06:04,978 (DEBUG): STREAM b'cHRM' 57 32
2021-12-23 23:06:04,978 (DEBUG): STREAM b'bKGD' 101 2
2021-12-23 23:06:04,978 (DEBUG): b'bKGD' 101 2 (unknown)
2021-12-23 23:06:04,978 (DEBUG): STREAM b'tIME' 115 7
2021-12-23 23:06:04,978 (DEBUG): b'tIME' 115 7 (unknown)
2021-12-23 23:06:04,978 (DEBUG): STREAM b'IDAT' 134 32768
2021-12-23 23:06:05,030 (DEBUG): STREAM b'IHDR' 16 13
2021-12-23 23:06:05,030 (DEBUG): STREAM b'gAMA' 41 4
2021-12-23 23:06:05,030 (DEBUG): STREAM b'cHRM' 57 32
2021-12-23 23:06:05,030 (DEBUG): STREAM b'bKGD' 101 2
2021-12-23 23:06:05,030 (DEBUG): b'bKGD' 101 2 (unknown)
2021-12-23 23:06:05,030 (DEBUG): STREAM b'tIME' 115 7
2021-12-23 23:06:05,030 (DEBUG): b'tIME' 115 7 (unknown)
2021-12-23 23:06:05,030 (DEBUG): STREAM b'IDAT' 134 32768
2021-12-23 23:06:05,044 (DEBUG): STREAM b'IHDR' 16 13
2021-12-23 23:06:05,044 (DEBUG): STREAM b'gAMA' 41 4
2021-12-23 23:06:05,044 (DEBUG): STREAM b'cHRM' 57 32
2021-12-23 23:06:05,044 (DEBUG): STREAM b'bKGD' 101 2
2021-12-23 23:06:05,044 (DEBUG): b'bKGD' 101 2 (unknown)
2021-12-23 23:06:05,044 (DEBUG): STREAM b'tIME' 115 7
2021-12-23 23:06:05,044 (DEBUG): b'tIME' 115 7 (unknown)
2021-12-23 23:06:05,044 (DEBUG): STREAM b'IDAT' 134 32768
2021-12-23 23:06:05,057 (DEBUG): STREAM b'IHDR' 16 13
2021-12-23 23:06:05,057 (DEBUG): STREAM b'gAMA' 41 4
2021-12-23 23:06:05,057 (DEBUG): STREAM b'cHRM' 57 32
2021-12-23 23:06:05,057 (DEBUG): STREAM b'bKGD' 101 2
2021-12-23 23:06:05,057 (DEBUG): b'bKGD' 101 2 (unknown)
2021-12-23 23:06:05,057 (DEBUG): STREAM b'tIME' 115 7
2021-12-23 23:06:05,057 (DEBUG): b'tIME' 115 7 (unknown)
2021-12-23 23:06:05,057 (DEBUG): STREAM b'IDAT' 134 32768
2021-12-23 23:06:05,070 (DEBUG): STREAM b'IHDR' 16 13
2021-12-23 23:06:05,070 (DEBUG): STREAM b'gAMA' 41 4
2021-12-23 23:06:05,070 (DEBUG): STREAM b'cHRM' 57 32
2021-12-23 23:06:05,070 (DEBUG): STREAM b'bKGD' 101 2
2021-12-23 23:06:05,070 (DEBUG): b'bKGD' 101 2 (unknown)
2021-12-23 23:06:05,070 (DEBUG): STREAM b'tIME' 115 7
2021-12-23 23:06:05,071 (DEBUG): b'tIME' 115 7 (unknown)
2021-12-23 23:06:05,071 (DEBUG): STREAM b'IDAT' 134 32768
2021-12-23 23:06:05,083 (DEBUG): STREAM b'IHDR' 16 13
2021-12-23 23:06:05,083 (DEBUG): STREAM b'gAMA' 41 4
2021-12-23 23:06:05,083 (DEBUG): STREAM b'cHRM' 57 32
2021-12-23 23:06:05,083 (DEBUG): STREAM b'bKGD' 101 2
2021-12-23 23:06:05,083 (DEBUG): b'bKGD' 101 2 (unknown)
2021-12-23 23:06:05,083 (DEBUG): STREAM b'tIME' 115 7
2021-12-23 23:06:05,083 (DEBUG): b'tIME' 115 7 (unknown)
2021-12-23 23:06:05,083 (DEBUG): STREAM b'IDAT' 134 32768
2021-12-23 23:06:05,109 (DEBUG): STREAM b'IHDR' 16 13
2021-12-23 23:06:05,110 (DEBUG): STREAM b'gAMA' 41 4
2021-12-23 23:06:05,110 (DEBUG): STREAM b'cHRM' 57 32
2021-12-23 23:06:05,110 (DEBUG): STREAM b'bKGD' 101 2
2021-12-23 23:06:05,110 (DEBUG): b'bKGD' 101 2 (unknown)
2021-12-23 23:06:05,110 (DEBUG): STREAM b'tIME' 115 7
2021-12-23 23:06:05,136 (DEBUG): b'tIME' 115 7 (unknown)
2021-12-23 23:06:05,136 (DEBUG): STREAM b'IDAT' 134 32768
2021-12-23 23:06:05,149 (DEBUG): STREAM b'IHDR' 16 13
2021-12-23 23:06:05,149 (DEBUG): STREAM b'gAMA' 41 4
2021-12-23 23:06:05,149 (DEBUG): STREAM b'cHRM' 57 32
2021-12-23 23:06:05,150 (DEBUG): STREAM b'bKGD' 101 2
2021-12-23 23:06:05,150 (DEBUG): b'bKGD' 101 2 (unknown)
2021-12-23 23:06:05,150 (DEBUG): STREAM b'tIME' 115 7
2021-12-23 23:06:05,150 (DEBUG): b'tIME' 115 7 (unknown)
2021-12-23 23:06:05,150 (DEBUG): STREAM b'IDAT' 134 32768
2021-12-23 23:06:05,189 (DEBUG): STREAM b'IHDR' 16 13
2021-12-23 23:06:05,190 (DEBUG): STREAM b'gAMA' 41 4
2021-12-23 23:06:05,190 (DEBUG): STREAM b'cHRM' 57 32
2021-12-23 23:06:05,190 (DEBUG): STREAM b'bKGD' 101 2
2021-12-23 23:06:05,190 (DEBUG): b'bKGD' 101 2 (unknown)
2021-12-23 23:06:05,190 (DEBUG): STREAM b'tIME' 115 7
2021-12-23 23:06:05,190 (DEBUG): b'tIME' 115 7 (unknown)
2021-12-23 23:06:05,190 (DEBUG): STREAM b'IDAT' 134 32768
