2021-12-23 22:45:00,971 (INFO): Log Path: D:\Source_Code\Python ++\02. updateComic\log\debug-20211223-2245.00.log
2021-12-23 22:45:03,035 (INFO): Currently Processing image
2021-12-23 22:45:03,035 (INFO): Processing Titles ...
2021-12-23 22:45:03,055 (DEBUG): Get Info from structure: (2t+=sakusei toshi elosion)
2021-12-23 22:45:03,063 (DEBUG): Get Info from structure: (a-10+=koukai tanetsuke hentai koubi 2)
2021-12-23 22:45:03,071 (DEBUG): Get Info from structure: (Abubu+=Kinjo no Onnatachi ga Nazeka Ore no Ie no Furo ni Hairi ni Kuru Ken)
2021-12-23 22:45:03,079 (DEBUG): Get Info from structure: (abubu+=npc kan mod)
2021-12-23 22:45:03,088 (DEBUG): Get Info from structure: (agobitch nee-san+=Hataraku Onee-san-tachi ~Mikonritsu no Takai Machi de Hataraku Tokoya no Onee-san ni Okuchi de Shiborareru~)
2021-12-23 22:45:03,095 (DEBUG): Get Info from structure: (agobitch nee-san+=Seifuku Bishoujo)
2021-12-23 22:45:03,103 (DEBUG): Get Info from structure: (ahemaru+=slave the blood)
2021-12-23 22:45:03,111 (DEBUG): Get Info from structure: (amano ameno+=Jabami Yumeko Hentai Koushuu Benjo Tantsubo Nikubenki Onna)
2021-12-23 22:45:03,119 (DEBUG): Get Info from structure: (amano ameno+=Kyonyuu Onna Joushi Saimin Nikuningyou)
2021-12-23 22:45:03,127 (DEBUG): Get Info from structure: (Ameyama Denshin+=Stories)
2021-12-23 22:45:03,135 (DEBUG): Get Info from structure: (Arai Kei+=Boku No Kanojo)
2021-12-23 22:45:03,143 (DEBUG): Get Info from structure: (arai kei+=Boku Wa Kanojo No Namae Mo Shiranai)
2021-12-23 22:45:03,151 (DEBUG): Get Info from structure: (arai kei+=hougan kanojo)
2021-12-23 22:45:03,161 (DEBUG): Get Info from structure: (arai kei+=Stories)
2021-12-23 22:45:03,170 (DEBUG): Get Info from structure: (Arai Taiki+=Kahanshin Daiichi Shugi)
2021-12-23 22:45:03,177 (DEBUG): Get Info from structure: (arai taiki+=ochita yume no naka de)
2021-12-23 22:45:03,185 (DEBUG): Get Info from structure: (Arai Taiki+=Stories)
2021-12-23 22:45:03,194 (DEBUG): Get Info from structure: (aroma sensei+=Gwen)
2021-12-23 22:45:03,202 (DEBUG): Get Info from structure: (aroma sensei+=what's going on here)
2021-12-23 22:45:03,210 (DEBUG): Get Info from structure: (asanagi+=Stories)
2021-12-23 22:45:03,219 (DEBUG): Get Info from structure: (BeNantoka+=Stories)
2021-12-23 22:45:03,228 (DEBUG): Get Info from structure: (Bonske+=Arawareta Chijo wa Toshishita Kui no Scatolo Hentai deshita)
2021-12-23 22:45:03,237 (DEBUG): Get Info from structure: (bonske+=sono kuchi to shita de subete o uketomenasai)
2021-12-23 22:45:03,246 (DEBUG): Get Info from structure: (Dokurosan+=Stories)
2021-12-23 22:45:03,255 (DEBUG): Get Info from structure: (Enokido+=Stories)
2021-12-23 22:45:03,263 (DEBUG): Get Info from structure: (freehand tamashii+=aorare tsuma)
2021-12-23 22:45:03,272 (DEBUG): Get Info from structure: (freehand tamashii+=Incha No Oi Ga Yaritai Oba-san)
2021-12-23 22:45:03,283 (DEBUG): Get Info from structure: (freehand tamashii+=Isourou Saki No Obasan Ni Hameru!)
2021-12-23 22:45:03,293 (DEBUG): Get Info from structure: (freehand tamashii+=Stories)
2021-12-23 22:45:03,303 (DEBUG): Get Info from structure: (freehand tamashii+=Toiu Wake De, Kaa-san-tachi To Yattemita)
2021-12-23 22:45:03,311 (DEBUG): Get Info from structure: (freehand tamasshii+=Shin Mama O Netoruze!)
2021-12-23 22:45:03,323 (DEBUG): Get Info from structure: (gonza+=av mama)
2021-12-23 22:45:03,331 (DEBUG): Get Info from structure: (gonza+=matching appli)
2021-12-23 22:45:03,339 (DEBUG): Get Info from structure: (Gonza+=Mayonaka No Haha)
2021-12-23 22:45:03,347 (DEBUG): Get Info from structure: (gonza+=my three horny moms)
2021-12-23 22:45:03,356 (DEBUG): Get Info from structure: (gonza+=Nonfiction ~boshi Soukan No Kioku~)
2021-12-23 22:45:03,363 (DEBUG): Get Info from structure: (gonza+=stories)
2021-12-23 22:45:03,373 (DEBUG): Get Info from structure: (mizone+=Ajin Iryou Sougou Center e Youkoso!)
2021-12-23 22:45:03,381 (DEBUG): Get Info from structure: (mizone+=Jikyuu 1500 yen!! Gyogyou o Tetsudau Kantan na Oshigoto desu)
2021-12-23 22:45:03,389 (DEBUG): Get Info from structure: (mizone+=Kindan no Shohousen)
2021-12-23 22:45:03,396 (DEBUG): Get Info from structure: (mizone+=monster romance)
2021-12-23 22:45:03,405 (DEBUG): Get Info from structure: (mizone+=monster smash)
2021-12-23 22:45:03,413 (DEBUG): Get Info from structure: (mizone+=Otherworldly Maidens Series)
2021-12-23 22:45:03,421 (DEBUG): Get Info from structure: (mizone+=stories)
2021-12-23 22:45:03,431 (DEBUG): Get Info from structure: (mizone+=Zasshoku Yuusha)
2021-12-23 22:45:03,438 (DEBUG): Get Info from structure: (Tsusauto+=Jichikai no Hitozuma wa Totemo Ecchi deshita)
2021-12-23 22:45:03,446 (INFO): Processing Chapters / Episodes ...
2021-12-23 22:45:03,559 (INFO): Processing Chapters & Pages ... 
