2021-12-24 14:31:19,905 (INFO): Log Path: D:\Source_Code\Python ++\02. updateComic\log\debug-20211224-1431.19.log
2021-12-24 14:31:22,072 (INFO): Currently Processing image
2021-12-24 14:31:22,074 (INFO): Processing Titles ...
2021-12-24 14:31:22,370 (DEBUG): Get Info from structure: (2t+=sakusei toshi elosion)
2021-12-24 14:31:22,451 (DEBUG): Get Info from structure: (a-10+=koukai tanetsuke hentai koubi 2)
2021-12-24 14:31:22,466 (DEBUG): Get Info from structure: (Abubu+=Kinjo no Onnatachi ga Nazeka Ore no Ie no Furo ni Hairi ni Kuru Ken)
2021-12-24 14:31:22,477 (DEBUG): Get Info from structure: (abubu+=npc kan mod)
2021-12-24 14:31:22,488 (DEBUG): Get Info from structure: (agobitch nee-san+=Hataraku Onee-san-tachi ~Mikonritsu no Takai Machi de Hataraku Tokoya no Onee-san ni Okuchi de Shiborareru~)
2021-12-24 14:31:22,499 (DEBUG): Get Info from structure: (agobitch nee-san+=Seifuku Bishoujo)
2021-12-24 14:31:22,512 (DEBUG): Get Info from structure: (ahemaru+=slave the blood)
2021-12-24 14:31:22,522 (DEBUG): Get Info from structure: (amano ameno+=Jabami Yumeko Hentai Koushuu Benjo Tantsubo Nikubenki Onna)
2021-12-24 14:31:22,536 (DEBUG): Get Info from structure: (amano ameno+=Kyonyuu Onna Joushi Saimin Nikuningyou)
2021-12-24 14:31:22,548 (DEBUG): Get Info from structure: (Ameyama Denshin+=Stories)
2021-12-24 14:31:22,558 (DEBUG): Get Info from structure: (Arai Kei+=Boku No Kanojo)
2021-12-24 14:31:22,569 (DEBUG): Get Info from structure: (arai kei+=Boku Wa Kanojo No Namae Mo Shiranai)
2021-12-24 14:31:22,583 (DEBUG): Get Info from structure: (arai kei+=hougan kanojo)
2021-12-24 14:31:22,592 (DEBUG): Get Info from structure: (arai kei+=Stories)
2021-12-24 14:31:22,602 (DEBUG): Get Info from structure: (Arai Taiki+=Kahanshin Daiichi Shugi)
2021-12-24 14:31:22,612 (DEBUG): Get Info from structure: (arai taiki+=ochita yume no naka de)
2021-12-24 14:31:22,628 (DEBUG): Get Info from structure: (Arai Taiki+=Stories)
2021-12-24 14:31:22,640 (DEBUG): Get Info from structure: (aroma sensei+=Gwen)
2021-12-24 14:31:22,651 (DEBUG): Get Info from structure: (aroma sensei+=what's going on here)
2021-12-24 14:31:22,663 (DEBUG): Get Info from structure: (asanagi+=Stories)
2021-12-24 14:31:22,678 (DEBUG): Get Info from structure: (BeNantoka+=Stories)
2021-12-24 14:31:22,691 (DEBUG): Get Info from structure: (Bonske+=Arawareta Chijo wa Toshishita Kui no Scatolo Hentai deshita)
2021-12-24 14:31:22,714 (DEBUG): Get Info from structure: (bonske+=sono kuchi to shita de subete o uketomenasai)
2021-12-24 14:31:22,727 (DEBUG): Get Info from structure: (Dokurosan+=Stories)
2021-12-24 14:31:22,739 (DEBUG): Get Info from structure: (Enokido+=Stories)
2021-12-24 14:31:22,748 (DEBUG): Get Info from structure: (freehand tamashii+=aorare tsuma)
2021-12-24 14:31:22,761 (DEBUG): Get Info from structure: (freehand tamashii+=Incha No Oi Ga Yaritai Oba-san)
2021-12-24 14:31:22,779 (DEBUG): Get Info from structure: (freehand tamashii+=Isourou Saki No Obasan Ni Hameru!)
2021-12-24 14:31:22,793 (DEBUG): Get Info from structure: (freehand tamashii+=Stories)
2021-12-24 14:31:22,803 (DEBUG): Get Info from structure: (freehand tamashii+=Toiu Wake De, Kaa-san-tachi To Yattemita)
2021-12-24 14:31:22,820 (DEBUG): Get Info from structure: (freehand tamasshii+=Shin Mama O Netoruze!)
2021-12-24 14:31:22,834 (DEBUG): Get Info from structure: (gonza+=av mama)
2021-12-24 14:31:22,843 (DEBUG): Get Info from structure: (gonza+=matching appli)
2021-12-24 14:31:22,853 (DEBUG): Get Info from structure: (Gonza+=Mayonaka No Haha)
2021-12-24 14:31:22,867 (DEBUG): Get Info from structure: (gonza+=my three horny moms)
2021-12-24 14:31:22,878 (DEBUG): Get Info from structure: (gonza+=Nonfiction ~boshi Soukan No Kioku~)
2021-12-24 14:31:22,885 (DEBUG): Get Info from structure: (gonza+=stories)
2021-12-24 14:31:22,895 (DEBUG): Get Info from structure: (mizone+=Ajin Iryou Sougou Center e Youkoso!)
2021-12-24 14:31:22,904 (DEBUG): Get Info from structure: (mizone+=Jikyuu 1500 yen!! Gyogyou o Tetsudau Kantan na Oshigoto desu)
2021-12-24 14:31:22,913 (DEBUG): Get Info from structure: (mizone+=Kindan no Shohousen)
2021-12-24 14:31:22,922 (DEBUG): Get Info from structure: (mizone+=monster romance)
2021-12-24 14:31:22,930 (DEBUG): Get Info from structure: (mizone+=monster smash)
2021-12-24 14:31:22,941 (DEBUG): Get Info from structure: (mizone+=Otherworldly Maidens Series)
2021-12-24 14:31:22,949 (DEBUG): Get Info from structure: (mizone+=stories)
2021-12-24 14:31:22,967 (DEBUG): Get Info from structure: (mizone+=Zasshoku Yuusha)
2021-12-24 14:31:22,976 (DEBUG): Get Info from structure: (Tsusauto+=Jichikai no Hitozuma wa Totemo Ecchi deshita)
2021-12-24 14:31:22,984 (INFO): Processing Chapters / Episodes ...
2021-12-24 14:31:23,031 (INFO): Processing Chapters & Pages ... 
2021-12-24 14:32:52,938 (DEBUG): STREAM b'IHDR' 16 13
2021-12-24 14:32:52,938 (DEBUG): STREAM b'gAMA' 41 4
2021-12-24 14:32:52,938 (DEBUG): STREAM b'cHRM' 57 32
2021-12-24 14:32:52,939 (DEBUG): STREAM b'bKGD' 101 2
2021-12-24 14:32:52,939 (DEBUG): b'bKGD' 101 2 (unknown)
2021-12-24 14:32:52,939 (DEBUG): STREAM b'tIME' 115 7
2021-12-24 14:32:52,939 (DEBUG): b'tIME' 115 7 (unknown)
2021-12-24 14:32:52,939 (DEBUG): STREAM b'IDAT' 134 32768
2021-12-24 14:32:52,959 (DEBUG): STREAM b'IHDR' 16 13
2021-12-24 14:32:52,959 (DEBUG): STREAM b'gAMA' 41 4
2021-12-24 14:32:52,959 (DEBUG): STREAM b'cHRM' 57 32
2021-12-24 14:32:52,959 (DEBUG): STREAM b'bKGD' 101 2
2021-12-24 14:32:52,959 (DEBUG): b'bKGD' 101 2 (unknown)
2021-12-24 14:32:52,959 (DEBUG): STREAM b'tIME' 115 7
2021-12-24 14:32:52,959 (DEBUG): b'tIME' 115 7 (unknown)
2021-12-24 14:32:52,959 (DEBUG): STREAM b'IDAT' 134 32768
2021-12-24 14:32:52,974 (DEBUG): STREAM b'IHDR' 16 13
2021-12-24 14:32:52,975 (DEBUG): STREAM b'gAMA' 41 4
2021-12-24 14:32:52,975 (DEBUG): STREAM b'cHRM' 57 32
2021-12-24 14:32:52,975 (DEBUG): STREAM b'bKGD' 101 2
2021-12-24 14:32:52,975 (DEBUG): b'bKGD' 101 2 (unknown)
2021-12-24 14:32:52,975 (DEBUG): STREAM b'tIME' 115 7
2021-12-24 14:32:52,975 (DEBUG): b'tIME' 115 7 (unknown)
2021-12-24 14:32:52,975 (DEBUG): STREAM b'IDAT' 134 32768
2021-12-24 14:32:52,990 (DEBUG): STREAM b'IHDR' 16 13
2021-12-24 14:32:52,991 (DEBUG): STREAM b'gAMA' 41 4
2021-12-24 14:32:52,991 (DEBUG): STREAM b'cHRM' 57 32
2021-12-24 14:32:52,991 (DEBUG): STREAM b'bKGD' 101 2
2021-12-24 14:32:52,991 (DEBUG): b'bKGD' 101 2 (unknown)
2021-12-24 14:32:52,991 (DEBUG): STREAM b'tIME' 115 7
2021-12-24 14:32:52,991 (DEBUG): b'tIME' 115 7 (unknown)
2021-12-24 14:32:52,991 (DEBUG): STREAM b'IDAT' 134 32768
2021-12-24 14:32:53,014 (DEBUG): STREAM b'IHDR' 16 13
2021-12-24 14:32:53,014 (DEBUG): STREAM b'gAMA' 41 4
2021-12-24 14:32:53,014 (DEBUG): STREAM b'cHRM' 57 32
2021-12-24 14:32:53,014 (DEBUG): STREAM b'bKGD' 101 2
2021-12-24 14:32:53,014 (DEBUG): b'bKGD' 101 2 (unknown)
2021-12-24 14:32:53,014 (DEBUG): STREAM b'tIME' 115 7
2021-12-24 14:32:53,014 (DEBUG): b'tIME' 115 7 (unknown)
2021-12-24 14:32:53,014 (DEBUG): STREAM b'IDAT' 134 32768
2021-12-24 14:32:53,039 (DEBUG): STREAM b'IHDR' 16 13
2021-12-24 14:32:53,039 (DEBUG): STREAM b'gAMA' 41 4
2021-12-24 14:32:53,039 (DEBUG): STREAM b'cHRM' 57 32
2021-12-24 14:32:53,039 (DEBUG): STREAM b'bKGD' 101 2
2021-12-24 14:32:53,040 (DEBUG): b'bKGD' 101 2 (unknown)
2021-12-24 14:32:53,040 (DEBUG): STREAM b'tIME' 115 7
2021-12-24 14:32:53,040 (DEBUG): b'tIME' 115 7 (unknown)
2021-12-24 14:32:53,040 (DEBUG): STREAM b'IDAT' 134 32768
2021-12-24 14:32:53,064 (DEBUG): STREAM b'IHDR' 16 13
2021-12-24 14:32:53,064 (DEBUG): STREAM b'gAMA' 41 4
2021-12-24 14:32:53,064 (DEBUG): STREAM b'cHRM' 57 32
2021-12-24 14:32:53,065 (DEBUG): STREAM b'bKGD' 101 2
2021-12-24 14:32:53,065 (DEBUG): b'bKGD' 101 2 (unknown)
2021-12-24 14:32:53,065 (DEBUG): STREAM b'tIME' 115 7
2021-12-24 14:32:53,065 (DEBUG): b'tIME' 115 7 (unknown)
2021-12-24 14:32:53,065 (DEBUG): STREAM b'IDAT' 134 32768
2021-12-24 14:32:53,084 (DEBUG): STREAM b'IHDR' 16 13
2021-12-24 14:32:53,084 (DEBUG): STREAM b'gAMA' 41 4
2021-12-24 14:32:53,084 (DEBUG): STREAM b'cHRM' 57 32
2021-12-24 14:32:53,084 (DEBUG): STREAM b'bKGD' 101 2
2021-12-24 14:32:53,084 (DEBUG): b'bKGD' 101 2 (unknown)
2021-12-24 14:32:53,084 (DEBUG): STREAM b'tIME' 115 7
2021-12-24 14:32:53,084 (DEBUG): b'tIME' 115 7 (unknown)
2021-12-24 14:32:53,084 (DEBUG): STREAM b'IDAT' 134 32768
2021-12-24 14:32:53,104 (DEBUG): STREAM b'IHDR' 16 13
2021-12-24 14:32:53,104 (DEBUG): STREAM b'gAMA' 41 4
2021-12-24 14:32:53,104 (DEBUG): STREAM b'cHRM' 57 32
2021-12-24 14:32:53,104 (DEBUG): STREAM b'bKGD' 101 2
2021-12-24 14:32:53,104 (DEBUG): b'bKGD' 101 2 (unknown)
2021-12-24 14:32:53,104 (DEBUG): STREAM b'tIME' 115 7
2021-12-24 14:32:53,104 (DEBUG): b'tIME' 115 7 (unknown)
2021-12-24 14:32:53,104 (DEBUG): STREAM b'IDAT' 134 32768
2021-12-24 14:32:53,127 (DEBUG): STREAM b'IHDR' 16 13
2021-12-24 14:32:53,127 (DEBUG): STREAM b'gAMA' 41 4
2021-12-24 14:32:53,127 (DEBUG): STREAM b'cHRM' 57 32
2021-12-24 14:32:53,127 (DEBUG): STREAM b'bKGD' 101 2
2021-12-24 14:32:53,127 (DEBUG): b'bKGD' 101 2 (unknown)
2021-12-24 14:32:53,127 (DEBUG): STREAM b'tIME' 115 7
2021-12-24 14:32:53,127 (DEBUG): b'tIME' 115 7 (unknown)
2021-12-24 14:32:53,127 (DEBUG): STREAM b'IDAT' 134 32768
2021-12-24 14:32:53,154 (DEBUG): STREAM b'IHDR' 16 13
2021-12-24 14:32:53,154 (DEBUG): STREAM b'gAMA' 41 4
2021-12-24 14:32:53,154 (DEBUG): STREAM b'cHRM' 57 32
2021-12-24 14:32:53,154 (DEBUG): STREAM b'bKGD' 101 2
2021-12-24 14:32:53,154 (DEBUG): b'bKGD' 101 2 (unknown)
2021-12-24 14:32:53,154 (DEBUG): STREAM b'tIME' 115 7
2021-12-24 14:32:53,154 (DEBUG): b'tIME' 115 7 (unknown)
2021-12-24 14:32:53,154 (DEBUG): STREAM b'IDAT' 134 32768
2021-12-24 14:32:53,172 (DEBUG): STREAM b'IHDR' 16 13
2021-12-24 14:32:53,172 (DEBUG): STREAM b'gAMA' 41 4
2021-12-24 14:32:53,172 (DEBUG): STREAM b'cHRM' 57 32
2021-12-24 14:32:53,173 (DEBUG): STREAM b'bKGD' 101 2
2021-12-24 14:32:53,173 (DEBUG): b'bKGD' 101 2 (unknown)
2021-12-24 14:32:53,173 (DEBUG): STREAM b'tIME' 115 7
2021-12-24 14:32:53,173 (DEBUG): b'tIME' 115 7 (unknown)
2021-12-24 14:32:53,173 (DEBUG): STREAM b'IDAT' 134 32768
2021-12-24 14:32:53,191 (DEBUG): STREAM b'IHDR' 16 13
2021-12-24 14:32:53,191 (DEBUG): STREAM b'gAMA' 41 4
2021-12-24 14:32:53,191 (DEBUG): STREAM b'cHRM' 57 32
2021-12-24 14:32:53,191 (DEBUG): STREAM b'bKGD' 101 2
2021-12-24 14:32:53,191 (DEBUG): b'bKGD' 101 2 (unknown)
2021-12-24 14:32:53,191 (DEBUG): STREAM b'tIME' 115 7
2021-12-24 14:32:53,191 (DEBUG): b'tIME' 115 7 (unknown)
2021-12-24 14:32:53,191 (DEBUG): STREAM b'IDAT' 134 32768
2021-12-24 14:32:53,210 (DEBUG): STREAM b'IHDR' 16 13
2021-12-24 14:32:53,210 (DEBUG): STREAM b'gAMA' 41 4
2021-12-24 14:32:53,210 (DEBUG): STREAM b'cHRM' 57 32
2021-12-24 14:32:53,210 (DEBUG): STREAM b'bKGD' 101 2
2021-12-24 14:32:53,210 (DEBUG): b'bKGD' 101 2 (unknown)
2021-12-24 14:32:53,210 (DEBUG): STREAM b'tIME' 115 7
2021-12-24 14:32:53,210 (DEBUG): b'tIME' 115 7 (unknown)
2021-12-24 14:32:53,210 (DEBUG): STREAM b'IDAT' 134 32768
2021-12-24 14:32:53,230 (DEBUG): STREAM b'IHDR' 16 13
2021-12-24 14:32:53,230 (DEBUG): STREAM b'gAMA' 41 4
2021-12-24 14:32:53,230 (DEBUG): STREAM b'cHRM' 57 32
2021-12-24 14:32:53,230 (DEBUG): STREAM b'bKGD' 101 2
2021-12-24 14:32:53,231 (DEBUG): b'bKGD' 101 2 (unknown)
2021-12-24 14:32:53,231 (DEBUG): STREAM b'tIME' 115 7
2021-12-24 14:32:53,231 (DEBUG): b'tIME' 115 7 (unknown)
2021-12-24 14:32:53,231 (DEBUG): STREAM b'IDAT' 134 32768
2021-12-24 14:32:53,257 (DEBUG): STREAM b'IHDR' 16 13
2021-12-24 14:32:53,257 (DEBUG): STREAM b'gAMA' 41 4
2021-12-24 14:32:53,257 (DEBUG): STREAM b'cHRM' 57 32
2021-12-24 14:32:53,257 (DEBUG): STREAM b'bKGD' 101 2
2021-12-24 14:32:53,257 (DEBUG): b'bKGD' 101 2 (unknown)
2021-12-24 14:32:53,257 (DEBUG): STREAM b'tIME' 115 7
2021-12-24 14:32:53,258 (DEBUG): b'tIME' 115 7 (unknown)
2021-12-24 14:32:53,258 (DEBUG): STREAM b'IDAT' 134 32768
2021-12-24 14:32:53,318 (DEBUG): STREAM b'IHDR' 16 13
2021-12-24 14:32:53,318 (DEBUG): STREAM b'gAMA' 41 4
2021-12-24 14:32:53,318 (DEBUG): STREAM b'cHRM' 57 32
2021-12-24 14:32:53,318 (DEBUG): STREAM b'bKGD' 101 2
2021-12-24 14:32:53,318 (DEBUG): b'bKGD' 101 2 (unknown)
2021-12-24 14:32:53,318 (DEBUG): STREAM b'tIME' 115 7
2021-12-24 14:32:53,318 (DEBUG): b'tIME' 115 7 (unknown)
2021-12-24 14:32:53,318 (DEBUG): STREAM b'IDAT' 134 32768
2021-12-24 14:32:53,342 (DEBUG): STREAM b'IHDR' 16 13
2021-12-24 14:32:53,342 (DEBUG): STREAM b'gAMA' 41 4
2021-12-24 14:32:53,342 (DEBUG): STREAM b'cHRM' 57 32
2021-12-24 14:32:53,342 (DEBUG): STREAM b'bKGD' 101 2
2021-12-24 14:32:53,342 (DEBUG): b'bKGD' 101 2 (unknown)
2021-12-24 14:32:53,342 (DEBUG): STREAM b'tIME' 115 7
2021-12-24 14:32:53,342 (DEBUG): b'tIME' 115 7 (unknown)
2021-12-24 14:32:53,342 (DEBUG): STREAM b'IDAT' 134 32768
2021-12-24 14:32:53,364 (DEBUG): STREAM b'IHDR' 16 13
2021-12-24 14:32:53,364 (DEBUG): STREAM b'gAMA' 41 4
2021-12-24 14:32:53,364 (DEBUG): STREAM b'cHRM' 57 32
2021-12-24 14:32:53,364 (DEBUG): STREAM b'bKGD' 101 2
2021-12-24 14:32:53,364 (DEBUG): b'bKGD' 101 2 (unknown)
2021-12-24 14:32:53,364 (DEBUG): STREAM b'tIME' 115 7
2021-12-24 14:32:53,365 (DEBUG): b'tIME' 115 7 (unknown)
2021-12-24 14:32:53,365 (DEBUG): STREAM b'IDAT' 134 32768
2021-12-24 14:32:53,381 (DEBUG): STREAM b'IHDR' 16 13
2021-12-24 14:32:53,381 (DEBUG): STREAM b'gAMA' 41 4
2021-12-24 14:32:53,381 (DEBUG): STREAM b'cHRM' 57 32
2021-12-24 14:32:53,381 (DEBUG): STREAM b'bKGD' 101 2
2021-12-24 14:32:53,381 (DEBUG): b'bKGD' 101 2 (unknown)
2021-12-24 14:32:53,381 (DEBUG): STREAM b'tIME' 115 7
2021-12-24 14:32:53,381 (DEBUG): b'tIME' 115 7 (unknown)
2021-12-24 14:32:53,381 (DEBUG): STREAM b'IDAT' 134 32768
2021-12-24 14:32:53,475 (DEBUG): STREAM b'IHDR' 16 13
2021-12-24 14:32:53,475 (DEBUG): STREAM b'gAMA' 41 4
2021-12-24 14:32:53,475 (DEBUG): STREAM b'cHRM' 57 32
2021-12-24 14:32:53,475 (DEBUG): STREAM b'bKGD' 101 2
2021-12-24 14:32:53,475 (DEBUG): b'bKGD' 101 2 (unknown)
2021-12-24 14:32:53,475 (DEBUG): STREAM b'tIME' 115 7
2021-12-24 14:32:53,475 (DEBUG): b'tIME' 115 7 (unknown)
2021-12-24 14:32:53,475 (DEBUG): STREAM b'IDAT' 134 32768
2021-12-24 14:32:53,500 (DEBUG): STREAM b'IHDR' 16 13
2021-12-24 14:32:53,501 (DEBUG): STREAM b'gAMA' 41 4
2021-12-24 14:32:53,501 (DEBUG): STREAM b'cHRM' 57 32
2021-12-24 14:32:53,501 (DEBUG): STREAM b'bKGD' 101 2
2021-12-24 14:32:53,501 (DEBUG): b'bKGD' 101 2 (unknown)
2021-12-24 14:32:53,501 (DEBUG): STREAM b'tIME' 115 7
2021-12-24 14:32:53,501 (DEBUG): b'tIME' 115 7 (unknown)
2021-12-24 14:32:53,501 (DEBUG): STREAM b'IDAT' 134 32768
2021-12-24 14:32:53,525 (DEBUG): STREAM b'IHDR' 16 13
2021-12-24 14:32:53,525 (DEBUG): STREAM b'gAMA' 41 4
2021-12-24 14:32:53,525 (DEBUG): STREAM b'cHRM' 57 32
2021-12-24 14:32:53,525 (DEBUG): STREAM b'bKGD' 101 2
2021-12-24 14:32:53,525 (DEBUG): b'bKGD' 101 2 (unknown)
2021-12-24 14:32:53,525 (DEBUG): STREAM b'tIME' 115 7
2021-12-24 14:32:53,525 (DEBUG): b'tIME' 115 7 (unknown)
2021-12-24 14:32:53,525 (DEBUG): STREAM b'IDAT' 134 32768
2021-12-24 14:32:53,550 (DEBUG): STREAM b'IHDR' 16 13
2021-12-24 14:32:53,551 (DEBUG): STREAM b'gAMA' 41 4
2021-12-24 14:32:53,551 (DEBUG): STREAM b'cHRM' 57 32
2021-12-24 14:32:53,551 (DEBUG): STREAM b'bKGD' 101 2
2021-12-24 14:32:53,551 (DEBUG): b'bKGD' 101 2 (unknown)
2021-12-24 14:32:53,551 (DEBUG): STREAM b'tIME' 115 7
2021-12-24 14:32:53,551 (DEBUG): b'tIME' 115 7 (unknown)
2021-12-24 14:32:53,551 (DEBUG): STREAM b'IDAT' 134 32768
2021-12-24 14:32:53,569 (DEBUG): STREAM b'IHDR' 16 13
2021-12-24 14:32:53,569 (DEBUG): STREAM b'gAMA' 41 4
2021-12-24 14:32:53,569 (DEBUG): STREAM b'cHRM' 57 32
2021-12-24 14:32:53,569 (DEBUG): STREAM b'bKGD' 101 2
2021-12-24 14:32:53,570 (DEBUG): b'bKGD' 101 2 (unknown)
2021-12-24 14:32:53,570 (DEBUG): STREAM b'tIME' 115 7
2021-12-24 14:32:53,570 (DEBUG): b'tIME' 115 7 (unknown)
2021-12-24 14:32:53,570 (DEBUG): STREAM b'IDAT' 134 32768
2021-12-24 14:32:53,604 (DEBUG): STREAM b'IHDR' 16 13
2021-12-24 14:32:53,604 (DEBUG): STREAM b'gAMA' 41 4
2021-12-24 14:32:53,604 (DEBUG): STREAM b'cHRM' 57 32
2021-12-24 14:32:53,604 (DEBUG): STREAM b'bKGD' 101 2
2021-12-24 14:32:53,604 (DEBUG): b'bKGD' 101 2 (unknown)
2021-12-24 14:32:53,605 (DEBUG): STREAM b'tIME' 115 7
2021-12-24 14:32:53,605 (DEBUG): b'tIME' 115 7 (unknown)
2021-12-24 14:32:53,605 (DEBUG): STREAM b'IDAT' 134 32768
2021-12-24 14:32:53,620 (DEBUG): STREAM b'IHDR' 16 13
2021-12-24 14:32:53,621 (DEBUG): STREAM b'gAMA' 41 4
2021-12-24 14:32:53,621 (DEBUG): STREAM b'cHRM' 57 32
2021-12-24 14:32:53,621 (DEBUG): STREAM b'bKGD' 101 2
2021-12-24 14:32:53,621 (DEBUG): b'bKGD' 101 2 (unknown)
2021-12-24 14:32:53,621 (DEBUG): STREAM b'tIME' 115 7
2021-12-24 14:32:53,621 (DEBUG): b'tIME' 115 7 (unknown)
2021-12-24 14:32:53,621 (DEBUG): STREAM b'IDAT' 134 32768
2021-12-24 14:32:53,673 (DEBUG): STREAM b'IHDR' 16 13
2021-12-24 14:32:53,673 (DEBUG): STREAM b'gAMA' 41 4
2021-12-24 14:32:53,673 (DEBUG): STREAM b'cHRM' 57 32
2021-12-24 14:32:53,673 (DEBUG): STREAM b'bKGD' 101 2
2021-12-24 14:32:53,673 (DEBUG): b'bKGD' 101 2 (unknown)
2021-12-24 14:32:53,673 (DEBUG): STREAM b'tIME' 115 7
2021-12-24 14:32:53,673 (DEBUG): b'tIME' 115 7 (unknown)
2021-12-24 14:32:53,673 (DEBUG): STREAM b'IDAT' 134 32768
