2021-12-24 12:11:47,708 (INFO): Log Path: D:\Source_Code\Python ++\02. updateComic\log\debug-20211224-1211.47.log
2021-12-24 12:11:49,807 (INFO): Currently Processing image
2021-12-24 12:11:49,808 (INFO): Processing Titles ...
2021-12-24 12:11:49,935 (DEBUG): Get Info from structure: (2t+=sakusei toshi elosion)
2021-12-24 12:11:49,944 (DEBUG): Get Info from structure: (a-10+=koukai tanetsuke hentai koubi 2)
2021-12-24 12:11:49,956 (DEBUG): Get Info from structure: (Abubu+=Kinjo no Onnatachi ga Nazeka Ore no Ie no Furo ni Hairi ni Kuru Ken)
2021-12-24 12:11:49,963 (DEBUG): Get Info from structure: (abubu+=npc kan mod)
2021-12-24 12:11:49,973 (DEBUG): Get Info from structure: (agobitch nee-san+=Hataraku Onee-san-tachi ~Mikonritsu no Takai Machi de Hataraku Tokoya no Onee-san ni Okuchi de Shiborareru~)
2021-12-24 12:11:49,981 (DEBUG): Get Info from structure: (agobitch nee-san+=Seifuku Bishoujo)
2021-12-24 12:11:49,992 (DEBUG): Get Info from structure: (ahemaru+=slave the blood)
2021-12-24 12:11:50,002 (DEBUG): Get Info from structure: (amano ameno+=Jabami Yumeko Hentai Koushuu Benjo Tantsubo Nikubenki Onna)
2021-12-24 12:11:50,011 (DEBUG): Get Info from structure: (amano ameno+=Kyonyuu Onna Joushi Saimin Nikuningyou)
2021-12-24 12:11:50,022 (DEBUG): Get Info from structure: (Ameyama Denshin+=Stories)
2021-12-24 12:11:50,031 (DEBUG): Get Info from structure: (Arai Kei+=Boku No Kanojo)
2021-12-24 12:11:50,041 (DEBUG): Get Info from structure: (arai kei+=Boku Wa Kanojo No Namae Mo Shiranai)
2021-12-24 12:11:50,048 (DEBUG): Get Info from structure: (arai kei+=hougan kanojo)
2021-12-24 12:11:50,059 (DEBUG): Get Info from structure: (arai kei+=Stories)
2021-12-24 12:11:50,069 (DEBUG): Get Info from structure: (Arai Taiki+=Kahanshin Daiichi Shugi)
2021-12-24 12:11:50,079 (DEBUG): Get Info from structure: (arai taiki+=ochita yume no naka de)
2021-12-24 12:11:50,090 (DEBUG): Get Info from structure: (Arai Taiki+=Stories)
2021-12-24 12:11:50,099 (DEBUG): Get Info from structure: (aroma sensei+=Gwen)
2021-12-24 12:11:50,110 (DEBUG): Get Info from structure: (aroma sensei+=what's going on here)
2021-12-24 12:11:50,119 (DEBUG): Get Info from structure: (asanagi+=Stories)
2021-12-24 12:11:50,129 (DEBUG): Get Info from structure: (BeNantoka+=Stories)
2021-12-24 12:11:50,142 (DEBUG): Get Info from structure: (Bonske+=Arawareta Chijo wa Toshishita Kui no Scatolo Hentai deshita)
2021-12-24 12:11:50,152 (DEBUG): Get Info from structure: (bonske+=sono kuchi to shita de subete o uketomenasai)
2021-12-24 12:11:50,164 (DEBUG): Get Info from structure: (Dokurosan+=Stories)
2021-12-24 12:11:50,175 (DEBUG): Get Info from structure: (Enokido+=Stories)
2021-12-24 12:11:50,184 (DEBUG): Get Info from structure: (freehand tamashii+=aorare tsuma)
2021-12-24 12:11:50,195 (DEBUG): Get Info from structure: (freehand tamashii+=Incha No Oi Ga Yaritai Oba-san)
2021-12-24 12:11:50,205 (DEBUG): Get Info from structure: (freehand tamashii+=Isourou Saki No Obasan Ni Hameru!)
2021-12-24 12:11:50,213 (DEBUG): Get Info from structure: (freehand tamashii+=Stories)
2021-12-24 12:11:50,224 (DEBUG): Get Info from structure: (freehand tamashii+=Toiu Wake De, Kaa-san-tachi To Yattemita)
2021-12-24 12:11:50,231 (DEBUG): Get Info from structure: (freehand tamasshii+=Shin Mama O Netoruze!)
2021-12-24 12:11:50,242 (DEBUG): Get Info from structure: (gonza+=av mama)
2021-12-24 12:11:50,251 (DEBUG): Get Info from structure: (gonza+=matching appli)
2021-12-24 12:11:50,261 (DEBUG): Get Info from structure: (Gonza+=Mayonaka No Haha)
2021-12-24 12:11:50,269 (DEBUG): Get Info from structure: (gonza+=my three horny moms)
2021-12-24 12:11:50,279 (DEBUG): Get Info from structure: (gonza+=Nonfiction ~boshi Soukan No Kioku~)
2021-12-24 12:11:50,290 (DEBUG): Get Info from structure: (gonza+=stories)
2021-12-24 12:11:50,302 (DEBUG): Get Info from structure: (mizone+=Ajin Iryou Sougou Center e Youkoso!)
2021-12-24 12:11:50,311 (DEBUG): Get Info from structure: (mizone+=Jikyuu 1500 yen!! Gyogyou o Tetsudau Kantan na Oshigoto desu)
2021-12-24 12:11:50,321 (DEBUG): Get Info from structure: (mizone+=Kindan no Shohousen)
2021-12-24 12:11:50,330 (DEBUG): Get Info from structure: (mizone+=monster romance)
2021-12-24 12:11:50,343 (DEBUG): Get Info from structure: (mizone+=monster smash)
2021-12-24 12:11:50,353 (DEBUG): Get Info from structure: (mizone+=Otherworldly Maidens Series)
2021-12-24 12:11:50,362 (DEBUG): Get Info from structure: (mizone+=stories)
2021-12-24 12:11:50,374 (DEBUG): Get Info from structure: (mizone+=Zasshoku Yuusha)
2021-12-24 12:11:50,381 (DEBUG): Get Info from structure: (Tsusauto+=Jichikai no Hitozuma wa Totemo Ecchi deshita)
2021-12-24 12:11:50,392 (INFO): Processing Chapters / Episodes ...
2021-12-24 12:11:50,546 (INFO): Processing Chapters & Pages ... 
2021-12-24 12:12:35,796 (DEBUG): STREAM b'IHDR' 16 13
2021-12-24 12:12:35,796 (DEBUG): STREAM b'gAMA' 41 4
2021-12-24 12:12:35,796 (DEBUG): STREAM b'cHRM' 57 32
2021-12-24 12:12:35,796 (DEBUG): STREAM b'bKGD' 101 2
2021-12-24 12:12:35,796 (DEBUG): b'bKGD' 101 2 (unknown)
2021-12-24 12:12:35,796 (DEBUG): STREAM b'tIME' 115 7
2021-12-24 12:12:35,796 (DEBUG): b'tIME' 115 7 (unknown)
2021-12-24 12:12:35,796 (DEBUG): STREAM b'IDAT' 134 32768
2021-12-24 12:12:35,825 (DEBUG): STREAM b'IHDR' 16 13
2021-12-24 12:12:35,826 (DEBUG): STREAM b'gAMA' 41 4
2021-12-24 12:12:35,826 (DEBUG): STREAM b'cHRM' 57 32
2021-12-24 12:12:35,826 (DEBUG): STREAM b'bKGD' 101 2
2021-12-24 12:12:35,826 (DEBUG): b'bKGD' 101 2 (unknown)
2021-12-24 12:12:35,826 (DEBUG): STREAM b'tIME' 115 7
2021-12-24 12:12:35,826 (DEBUG): b'tIME' 115 7 (unknown)
2021-12-24 12:12:35,826 (DEBUG): STREAM b'IDAT' 134 32768
2021-12-24 12:12:35,843 (DEBUG): STREAM b'IHDR' 16 13
2021-12-24 12:12:35,843 (DEBUG): STREAM b'gAMA' 41 4
2021-12-24 12:12:35,843 (DEBUG): STREAM b'cHRM' 57 32
2021-12-24 12:12:35,843 (DEBUG): STREAM b'bKGD' 101 2
2021-12-24 12:12:35,843 (DEBUG): b'bKGD' 101 2 (unknown)
2021-12-24 12:12:35,843 (DEBUG): STREAM b'tIME' 115 7
2021-12-24 12:12:35,843 (DEBUG): b'tIME' 115 7 (unknown)
2021-12-24 12:12:35,843 (DEBUG): STREAM b'IDAT' 134 32768
2021-12-24 12:12:35,862 (DEBUG): STREAM b'IHDR' 16 13
2021-12-24 12:12:35,862 (DEBUG): STREAM b'gAMA' 41 4
2021-12-24 12:12:35,862 (DEBUG): STREAM b'cHRM' 57 32
2021-12-24 12:12:35,862 (DEBUG): STREAM b'bKGD' 101 2
2021-12-24 12:12:35,862 (DEBUG): b'bKGD' 101 2 (unknown)
2021-12-24 12:12:35,862 (DEBUG): STREAM b'tIME' 115 7
2021-12-24 12:12:35,862 (DEBUG): b'tIME' 115 7 (unknown)
2021-12-24 12:12:35,862 (DEBUG): STREAM b'IDAT' 134 32768
2021-12-24 12:12:35,886 (DEBUG): STREAM b'IHDR' 16 13
2021-12-24 12:12:35,886 (DEBUG): STREAM b'gAMA' 41 4
2021-12-24 12:12:35,886 (DEBUG): STREAM b'cHRM' 57 32
2021-12-24 12:12:35,886 (DEBUG): STREAM b'bKGD' 101 2
2021-12-24 12:12:35,886 (DEBUG): b'bKGD' 101 2 (unknown)
2021-12-24 12:12:35,886 (DEBUG): STREAM b'tIME' 115 7
2021-12-24 12:12:35,886 (DEBUG): b'tIME' 115 7 (unknown)
2021-12-24 12:12:35,886 (DEBUG): STREAM b'IDAT' 134 32768
2021-12-24 12:12:35,910 (DEBUG): STREAM b'IHDR' 16 13
2021-12-24 12:12:35,911 (DEBUG): STREAM b'gAMA' 41 4
2021-12-24 12:12:35,911 (DEBUG): STREAM b'cHRM' 57 32
2021-12-24 12:12:35,911 (DEBUG): STREAM b'bKGD' 101 2
2021-12-24 12:12:35,911 (DEBUG): b'bKGD' 101 2 (unknown)
2021-12-24 12:12:35,911 (DEBUG): STREAM b'tIME' 115 7
2021-12-24 12:12:35,911 (DEBUG): b'tIME' 115 7 (unknown)
2021-12-24 12:12:35,911 (DEBUG): STREAM b'IDAT' 134 32768
2021-12-24 12:12:35,931 (DEBUG): STREAM b'IHDR' 16 13
2021-12-24 12:12:35,932 (DEBUG): STREAM b'gAMA' 41 4
2021-12-24 12:12:35,932 (DEBUG): STREAM b'cHRM' 57 32
2021-12-24 12:12:35,932 (DEBUG): STREAM b'bKGD' 101 2
2021-12-24 12:12:35,932 (DEBUG): b'bKGD' 101 2 (unknown)
2021-12-24 12:12:35,932 (DEBUG): STREAM b'tIME' 115 7
2021-12-24 12:12:35,932 (DEBUG): b'tIME' 115 7 (unknown)
2021-12-24 12:12:35,932 (DEBUG): STREAM b'IDAT' 134 32768
2021-12-24 12:12:35,953 (DEBUG): STREAM b'IHDR' 16 13
2021-12-24 12:12:35,953 (DEBUG): STREAM b'gAMA' 41 4
2021-12-24 12:12:35,953 (DEBUG): STREAM b'cHRM' 57 32
2021-12-24 12:12:35,953 (DEBUG): STREAM b'bKGD' 101 2
2021-12-24 12:12:35,954 (DEBUG): b'bKGD' 101 2 (unknown)
2021-12-24 12:12:35,955 (DEBUG): STREAM b'tIME' 115 7
2021-12-24 12:12:35,955 (DEBUG): b'tIME' 115 7 (unknown)
2021-12-24 12:12:35,955 (DEBUG): STREAM b'IDAT' 134 32768
2021-12-24 12:12:35,975 (DEBUG): STREAM b'IHDR' 16 13
2021-12-24 12:12:35,975 (DEBUG): STREAM b'gAMA' 41 4
2021-12-24 12:12:35,975 (DEBUG): STREAM b'cHRM' 57 32
2021-12-24 12:12:35,975 (DEBUG): STREAM b'bKGD' 101 2
2021-12-24 12:12:35,975 (DEBUG): b'bKGD' 101 2 (unknown)
2021-12-24 12:12:35,975 (DEBUG): STREAM b'tIME' 115 7
2021-12-24 12:12:35,975 (DEBUG): b'tIME' 115 7 (unknown)
2021-12-24 12:12:35,976 (DEBUG): STREAM b'IDAT' 134 32768
2021-12-24 12:12:35,992 (DEBUG): STREAM b'IHDR' 16 13
2021-12-24 12:12:35,993 (DEBUG): STREAM b'gAMA' 41 4
2021-12-24 12:12:35,993 (DEBUG): STREAM b'cHRM' 57 32
2021-12-24 12:12:35,993 (DEBUG): STREAM b'bKGD' 101 2
2021-12-24 12:12:35,993 (DEBUG): b'bKGD' 101 2 (unknown)
2021-12-24 12:12:35,993 (DEBUG): STREAM b'tIME' 115 7
2021-12-24 12:12:35,993 (DEBUG): b'tIME' 115 7 (unknown)
2021-12-24 12:12:35,993 (DEBUG): STREAM b'IDAT' 134 32768
2021-12-24 12:12:36,017 (DEBUG): STREAM b'IHDR' 16 13
2021-12-24 12:12:36,017 (DEBUG): STREAM b'gAMA' 41 4
2021-12-24 12:12:36,017 (DEBUG): STREAM b'cHRM' 57 32
2021-12-24 12:12:36,017 (DEBUG): STREAM b'bKGD' 101 2
2021-12-24 12:12:36,017 (DEBUG): b'bKGD' 101 2 (unknown)
2021-12-24 12:12:36,017 (DEBUG): STREAM b'tIME' 115 7
2021-12-24 12:12:36,017 (DEBUG): b'tIME' 115 7 (unknown)
2021-12-24 12:12:36,017 (DEBUG): STREAM b'IDAT' 134 32768
2021-12-24 12:12:36,043 (DEBUG): STREAM b'IHDR' 16 13
2021-12-24 12:12:36,043 (DEBUG): STREAM b'gAMA' 41 4
2021-12-24 12:12:36,043 (DEBUG): STREAM b'cHRM' 57 32
2021-12-24 12:12:36,043 (DEBUG): STREAM b'bKGD' 101 2
2021-12-24 12:12:36,043 (DEBUG): b'bKGD' 101 2 (unknown)
2021-12-24 12:12:36,043 (DEBUG): STREAM b'tIME' 115 7
2021-12-24 12:12:36,043 (DEBUG): b'tIME' 115 7 (unknown)
2021-12-24 12:12:36,043 (DEBUG): STREAM b'IDAT' 134 32768
2021-12-24 12:12:36,064 (DEBUG): STREAM b'IHDR' 16 13
2021-12-24 12:12:36,064 (DEBUG): STREAM b'gAMA' 41 4
2021-12-24 12:12:36,064 (DEBUG): STREAM b'cHRM' 57 32
2021-12-24 12:12:36,064 (DEBUG): STREAM b'bKGD' 101 2
2021-12-24 12:12:36,064 (DEBUG): b'bKGD' 101 2 (unknown)
2021-12-24 12:12:36,065 (DEBUG): STREAM b'tIME' 115 7
2021-12-24 12:12:36,065 (DEBUG): b'tIME' 115 7 (unknown)
2021-12-24 12:12:36,065 (DEBUG): STREAM b'IDAT' 134 32768
2021-12-24 12:12:36,092 (DEBUG): STREAM b'IHDR' 16 13
2021-12-24 12:12:36,092 (DEBUG): STREAM b'gAMA' 41 4
2021-12-24 12:12:36,092 (DEBUG): STREAM b'cHRM' 57 32
2021-12-24 12:12:36,092 (DEBUG): STREAM b'bKGD' 101 2
2021-12-24 12:12:36,092 (DEBUG): b'bKGD' 101 2 (unknown)
2021-12-24 12:12:36,093 (DEBUG): STREAM b'tIME' 115 7
2021-12-24 12:12:36,093 (DEBUG): b'tIME' 115 7 (unknown)
2021-12-24 12:12:36,093 (DEBUG): STREAM b'IDAT' 134 32768
2021-12-24 12:12:36,112 (DEBUG): STREAM b'IHDR' 16 13
2021-12-24 12:12:36,112 (DEBUG): STREAM b'gAMA' 41 4
2021-12-24 12:12:36,113 (DEBUG): STREAM b'cHRM' 57 32
2021-12-24 12:12:36,113 (DEBUG): STREAM b'bKGD' 101 2
2021-12-24 12:12:36,113 (DEBUG): b'bKGD' 101 2 (unknown)
2021-12-24 12:12:36,113 (DEBUG): STREAM b'tIME' 115 7
2021-12-24 12:12:36,113 (DEBUG): b'tIME' 115 7 (unknown)
2021-12-24 12:12:36,113 (DEBUG): STREAM b'IDAT' 134 32768
2021-12-24 12:12:36,129 (DEBUG): STREAM b'IHDR' 16 13
2021-12-24 12:12:36,129 (DEBUG): STREAM b'gAMA' 41 4
2021-12-24 12:12:36,130 (DEBUG): STREAM b'cHRM' 57 32
2021-12-24 12:12:36,130 (DEBUG): STREAM b'bKGD' 101 2
2021-12-24 12:12:36,130 (DEBUG): b'bKGD' 101 2 (unknown)
2021-12-24 12:12:36,130 (DEBUG): STREAM b'tIME' 115 7
2021-12-24 12:12:36,130 (DEBUG): b'tIME' 115 7 (unknown)
2021-12-24 12:12:36,130 (DEBUG): STREAM b'IDAT' 134 32768
2021-12-24 12:12:36,188 (DEBUG): STREAM b'IHDR' 16 13
2021-12-24 12:12:36,188 (DEBUG): STREAM b'gAMA' 41 4
2021-12-24 12:12:36,188 (DEBUG): STREAM b'cHRM' 57 32
2021-12-24 12:12:36,188 (DEBUG): STREAM b'bKGD' 101 2
2021-12-24 12:12:36,188 (DEBUG): b'bKGD' 101 2 (unknown)
2021-12-24 12:12:36,188 (DEBUG): STREAM b'tIME' 115 7
2021-12-24 12:12:36,188 (DEBUG): b'tIME' 115 7 (unknown)
2021-12-24 12:12:36,188 (DEBUG): STREAM b'IDAT' 134 32768
2021-12-24 12:12:36,211 (DEBUG): STREAM b'IHDR' 16 13
2021-12-24 12:12:36,212 (DEBUG): STREAM b'gAMA' 41 4
2021-12-24 12:12:36,212 (DEBUG): STREAM b'cHRM' 57 32
2021-12-24 12:12:36,212 (DEBUG): STREAM b'bKGD' 101 2
2021-12-24 12:12:36,212 (DEBUG): b'bKGD' 101 2 (unknown)
2021-12-24 12:12:36,212 (DEBUG): STREAM b'tIME' 115 7
2021-12-24 12:12:36,212 (DEBUG): b'tIME' 115 7 (unknown)
2021-12-24 12:12:36,212 (DEBUG): STREAM b'IDAT' 134 32768
2021-12-24 12:12:36,230 (DEBUG): STREAM b'IHDR' 16 13
2021-12-24 12:12:36,230 (DEBUG): STREAM b'gAMA' 41 4
2021-12-24 12:12:36,230 (DEBUG): STREAM b'cHRM' 57 32
2021-12-24 12:12:36,230 (DEBUG): STREAM b'bKGD' 101 2
2021-12-24 12:12:36,230 (DEBUG): b'bKGD' 101 2 (unknown)
2021-12-24 12:12:36,230 (DEBUG): STREAM b'tIME' 115 7
2021-12-24 12:12:36,230 (DEBUG): b'tIME' 115 7 (unknown)
2021-12-24 12:12:36,230 (DEBUG): STREAM b'IDAT' 134 32768
2021-12-24 12:12:36,250 (DEBUG): STREAM b'IHDR' 16 13
2021-12-24 12:12:36,250 (DEBUG): STREAM b'gAMA' 41 4
2021-12-24 12:12:36,250 (DEBUG): STREAM b'cHRM' 57 32
2021-12-24 12:12:36,250 (DEBUG): STREAM b'bKGD' 101 2
2021-12-24 12:12:36,250 (DEBUG): b'bKGD' 101 2 (unknown)
2021-12-24 12:12:36,251 (DEBUG): STREAM b'tIME' 115 7
2021-12-24 12:12:36,251 (DEBUG): b'tIME' 115 7 (unknown)
2021-12-24 12:12:36,252 (DEBUG): STREAM b'IDAT' 134 32768
2021-12-24 12:12:36,331 (DEBUG): STREAM b'IHDR' 16 13
2021-12-24 12:12:36,331 (DEBUG): STREAM b'gAMA' 41 4
2021-12-24 12:12:36,331 (DEBUG): STREAM b'cHRM' 57 32
2021-12-24 12:12:36,331 (DEBUG): STREAM b'bKGD' 101 2
2021-12-24 12:12:36,331 (DEBUG): b'bKGD' 101 2 (unknown)
2021-12-24 12:12:36,331 (DEBUG): STREAM b'tIME' 115 7
2021-12-24 12:12:36,331 (DEBUG): b'tIME' 115 7 (unknown)
2021-12-24 12:12:36,331 (DEBUG): STREAM b'IDAT' 134 32768
2021-12-24 12:12:36,350 (DEBUG): STREAM b'IHDR' 16 13
2021-12-24 12:12:36,350 (DEBUG): STREAM b'gAMA' 41 4
2021-12-24 12:12:36,350 (DEBUG): STREAM b'cHRM' 57 32
2021-12-24 12:12:36,350 (DEBUG): STREAM b'bKGD' 101 2
2021-12-24 12:12:36,350 (DEBUG): b'bKGD' 101 2 (unknown)
2021-12-24 12:12:36,350 (DEBUG): STREAM b'tIME' 115 7
2021-12-24 12:12:36,350 (DEBUG): b'tIME' 115 7 (unknown)
2021-12-24 12:12:36,351 (DEBUG): STREAM b'IDAT' 134 32768
2021-12-24 12:12:36,371 (DEBUG): STREAM b'IHDR' 16 13
2021-12-24 12:12:36,372 (DEBUG): STREAM b'gAMA' 41 4
2021-12-24 12:12:36,372 (DEBUG): STREAM b'cHRM' 57 32
2021-12-24 12:12:36,372 (DEBUG): STREAM b'bKGD' 101 2
2021-12-24 12:12:36,372 (DEBUG): b'bKGD' 101 2 (unknown)
2021-12-24 12:12:36,372 (DEBUG): STREAM b'tIME' 115 7
2021-12-24 12:12:36,372 (DEBUG): b'tIME' 115 7 (unknown)
2021-12-24 12:12:36,372 (DEBUG): STREAM b'IDAT' 134 32768
2021-12-24 12:12:36,392 (DEBUG): STREAM b'IHDR' 16 13
2021-12-24 12:12:36,392 (DEBUG): STREAM b'gAMA' 41 4
2021-12-24 12:12:36,392 (DEBUG): STREAM b'cHRM' 57 32
2021-12-24 12:12:36,392 (DEBUG): STREAM b'bKGD' 101 2
2021-12-24 12:12:36,392 (DEBUG): b'bKGD' 101 2 (unknown)
2021-12-24 12:12:36,392 (DEBUG): STREAM b'tIME' 115 7
2021-12-24 12:12:36,392 (DEBUG): b'tIME' 115 7 (unknown)
2021-12-24 12:12:36,392 (DEBUG): STREAM b'IDAT' 134 32768
2021-12-24 12:12:36,423 (DEBUG): STREAM b'IHDR' 16 13
2021-12-24 12:12:36,423 (DEBUG): STREAM b'gAMA' 41 4
2021-12-24 12:12:36,423 (DEBUG): STREAM b'cHRM' 57 32
2021-12-24 12:12:36,423 (DEBUG): STREAM b'bKGD' 101 2
2021-12-24 12:12:36,423 (DEBUG): b'bKGD' 101 2 (unknown)
2021-12-24 12:12:36,423 (DEBUG): STREAM b'tIME' 115 7
2021-12-24 12:12:36,423 (DEBUG): b'tIME' 115 7 (unknown)
2021-12-24 12:12:36,423 (DEBUG): STREAM b'IDAT' 134 32768
2021-12-24 12:12:36,477 (DEBUG): STREAM b'IHDR' 16 13
2021-12-24 12:12:36,477 (DEBUG): STREAM b'gAMA' 41 4
2021-12-24 12:12:36,477 (DEBUG): STREAM b'cHRM' 57 32
2021-12-24 12:12:36,477 (DEBUG): STREAM b'bKGD' 101 2
2021-12-24 12:12:36,477 (DEBUG): b'bKGD' 101 2 (unknown)
2021-12-24 12:12:36,477 (DEBUG): STREAM b'tIME' 115 7
2021-12-24 12:12:36,478 (DEBUG): b'tIME' 115 7 (unknown)
2021-12-24 12:12:36,478 (DEBUG): STREAM b'IDAT' 134 32768
2021-12-24 12:12:36,496 (DEBUG): STREAM b'IHDR' 16 13
2021-12-24 12:12:36,496 (DEBUG): STREAM b'gAMA' 41 4
2021-12-24 12:12:36,496 (DEBUG): STREAM b'cHRM' 57 32
2021-12-24 12:12:36,496 (DEBUG): STREAM b'bKGD' 101 2
2021-12-24 12:12:36,496 (DEBUG): b'bKGD' 101 2 (unknown)
2021-12-24 12:12:36,496 (DEBUG): STREAM b'tIME' 115 7
2021-12-24 12:12:36,496 (DEBUG): b'tIME' 115 7 (unknown)
2021-12-24 12:12:36,496 (DEBUG): STREAM b'IDAT' 134 32768
2021-12-24 12:12:36,560 (DEBUG): STREAM b'IHDR' 16 13
2021-12-24 12:12:36,560 (DEBUG): STREAM b'gAMA' 41 4
2021-12-24 12:12:36,560 (DEBUG): STREAM b'cHRM' 57 32
2021-12-24 12:12:36,560 (DEBUG): STREAM b'bKGD' 101 2
2021-12-24 12:12:36,560 (DEBUG): b'bKGD' 101 2 (unknown)
2021-12-24 12:12:36,561 (DEBUG): STREAM b'tIME' 115 7
2021-12-24 12:12:36,561 (DEBUG): b'tIME' 115 7 (unknown)
2021-12-24 12:12:36,561 (DEBUG): STREAM b'IDAT' 134 32768
