2021-12-17 17:48:05,292 (INFO): Log Path: D:\Source_Code\Python ++\02. updateComic\log\debug-20211217-1748.05.log
2021-12-17 17:48:07,320 (INFO): Currently Processing image
2021-12-17 17:48:07,322 (INFO): Processing Titles ...
2021-12-17 17:48:09,610 (DEBUG): Get Info from structure: (laliberte+visiting)
2021-12-17 17:48:09,621 (DEBUG): Get Info from structure: (asanagi+girls in the frame)
2021-12-17 17:48:09,629 (DEBUG): Get Info from structure: (free style+one pii na yoru vip)
2021-12-17 17:48:09,638 (DEBUG): Get Info from structure: (menea the dog+yabaso na onna)
2021-12-17 17:48:09,666 (DEBUG): Get Info from structure: (kizuki rei+Otto Kounin Sex Advisor ni Hamatta Kekka Zenpen)
2021-12-17 17:48:09,677 (DEBUG): Get Info from structure: (suruga kuroitsu's stories+suruga kuroitsu's stories)
2021-12-17 17:48:09,689 (DEBUG): Get Info from structure: (kuro fn+sparta! bakunyu kyouei lesson)
2021-12-17 17:48:09,700 (DEBUG): Get Info from structure: (doskoinpo+ashidorei ni natta danshi rikujoubu)
2021-12-17 17:48:09,711 (DEBUG): Get Info from structure: (denchi+koukyuu shoufu no baikoku maso-ka choukyou ~juusha baikyaku hen~)
2021-12-17 17:48:09,722 (DEBUG): Get Info from structure: (geewhy+the joy of breeding)
2021-12-17 17:48:09,733 (DEBUG): Get Info from structure: (kuroinu juu+submission-super moon)
2021-12-17 17:48:09,756 (DEBUG): Get Info from structure: (milftoon+the milftoons)
2021-12-17 17:48:09,765 (DEBUG): Get Info from structure: (gonza+av mama)
2021-12-17 17:48:09,774 (DEBUG): Get Info from structure: (inoue nanaki+kuro mesu benjiyo-ka! asekusai asurito-kei osananajimi)
2021-12-17 17:48:09,781 (DEBUG): Get Info from structure: (laliberte+challenge)
2021-12-17 17:48:09,792 (DEBUG): Get Info from structure: (igumox+muramata-san no himitsu)
2021-12-17 17:48:09,804 (DEBUG): Get Info from structure: (abubu+npc kan mod)
2021-12-17 17:48:09,814 (DEBUG): Get Info from structure: (hyji+Whore mother)
2021-12-17 17:48:09,825 (DEBUG): Get Info from structure: (minato fumi+chiisana kuma)
2021-12-17 17:48:09,834 (DEBUG): Get Info from structure: (Jii+Share Ni Naranai Eroi Hanashi)
2021-12-17 17:48:09,844 (DEBUG): Get Info from structure: (minority+inkou no vorugasm)
2021-12-17 17:48:09,855 (DEBUG): Get Info from structure: (nozarashi satoru+tabete wa ikenai)
2021-12-17 17:48:09,870 (DEBUG): Get Info from structure: (melkor mancin+Sidney 2)
2021-12-17 17:48:09,878 (DEBUG): Get Info from structure: (benantoka+300th anniversary sex)
2021-12-17 17:48:09,888 (DEBUG): Get Info from structure: (iris art+sei ga buchimakerareta bed sheet)
2021-12-17 17:48:09,897 (DEBUG): Get Info from structure: (cotton house+aya nee ~ubawareta osananajimi~)
2021-12-17 17:48:09,908 (DEBUG): Get Info from structure: (kiyokawa zaidan+while mommy is sleeping)
2021-12-17 17:48:09,921 (DEBUG): Get Info from structure: (doujin mukashibanashi+oba-san to aitsura ga sex o shite ita)
2021-12-17 17:48:09,931 (DEBUG): Get Info from structure: (type 90+animal juice extractor girl)
2021-12-17 17:48:09,940 (DEBUG): Get Info from structure: (inoue nanaki+karada de eigo o oboeyou!)
2021-12-17 17:48:09,950 (DEBUG): Get Info from structure: (neko samurai+souken shimai ~ane torare ~)
2021-12-17 17:48:09,960 (DEBUG): Get Info from structure: (mizuryu kei+Naomi Kaede Wa Majime De Sukebe)
2021-12-17 17:48:09,969 (DEBUG): Get Info from structure: (sanagi torajirou+princess vs gorilla boss)
2021-12-17 17:48:09,983 (DEBUG): Get Info from structure: (toitoi+suzuka choukyou kiroku)
2021-12-17 17:48:09,993 (DEBUG): Get Info from structure: (john k pe-ta+washlet teller toilet spirit)
2021-12-17 17:48:10,002 (DEBUG): Get Info from structure: (Haguhagu+Sasha-chan Is Coming!)
2021-12-17 17:48:10,011 (DEBUG): Get Info from structure: (sugi ji+otome no jouran)
2021-12-17 17:48:10,022 (DEBUG): Get Info from structure: (yokkora+no. 1 girl)
2021-12-17 17:48:10,033 (DEBUG): Get Info from structure: (o.p com+hikari no housoku)
2021-12-17 17:48:10,046 (DEBUG): Get Info from structure: (Dondakei+Fukushuu!! Tenraku Gakuen no Nikubin Hime!!)
2021-12-17 17:48:10,058 (DEBUG): Get Info from structure: (sanagi torajirou+love & less)
2021-12-17 17:48:10,065 (DEBUG): Get Info from structure: (rokkaku yasosuke+keeping himari-san company)
2021-12-17 17:48:10,075 (DEBUG): Get Info from structure: (etsuzan jakusui's stories+etsuzan jakusui's stories)
2021-12-17 17:48:10,084 (DEBUG): Get Info from structure: (jingrock+love letter)
2021-12-17 17:48:10,093 (DEBUG): Get Info from structure: (iku+iro o ou)
2021-12-17 17:48:10,100 (DEBUG): Get Info from structure: (Kkamja+Lightning Rod)
2021-12-17 17:48:10,125 (DEBUG): Get Info from structure: (gorgonzola+Who Cares About Kurata)
2021-12-17 17:48:10,133 (DEBUG): Get Info from structure: (yamakumo+sex o sureba erai you na fuuchou)
2021-12-17 17:48:10,144 (DEBUG): Get Info from structure: (Meetban+Neckless)
2021-12-17 17:48:10,152 (DEBUG): Get Info from structure: (mizuryu kei+Maria-sama Ga Miteru Baishun)
2021-12-17 17:48:10,161 (DEBUG): Get Info from structure: (inoue nanaki+joshiki kaihen saimin kuro ochi iincho)
2021-12-17 17:48:10,171 (DEBUG): Get Info from structure: (dsan+perverted)
2021-12-17 17:48:10,179 (DEBUG): Get Info from structure: (mizuryu kei+gts - great teacher sayoko)
2021-12-17 17:48:10,189 (DEBUG): Get Info from structure: (ootsuka reika+arisa's bitch project)
2021-12-17 17:48:10,196 (DEBUG): Get Info from structure: (jinsuke+mesu kachou jogeza gaiden - kunoo shizuka no baai)
2021-12-17 17:48:10,205 (DEBUG): Get Info from structure: (Miharu+Hikkikomori Ojousama No Betabeta)
2021-12-17 17:48:10,214 (DEBUG): Get Info from structure: (shindo l+fragile and tough)
2021-12-17 17:48:10,223 (DEBUG): Get Info from structure: (miyamoto issa+heart mark oome)
2021-12-17 17:48:10,232 (DEBUG): Get Info from structure: (meme50+take us away)
2021-12-17 17:48:10,241 (DEBUG): Get Info from structure: (gonza+lustful treatment)
2021-12-17 17:48:10,248 (DEBUG): Get Info from structure: (asakura kukuri+Ochiba Tori)
2021-12-17 17:48:10,257 (DEBUG): Get Info from structure: (kuroiwa menou+incubus)
2021-12-17 17:48:10,264 (DEBUG): Get Info from structure: (yumano yuuki+midsummer tryst)
2021-12-17 17:48:10,273 (DEBUG): Get Info from structure: (shinozuka yuuji+ore ga mita koto no nai kanojo)
2021-12-17 17:48:10,281 (DEBUG): Get Info from structure: (zaidan kiyokawa+settle it with mom)
2021-12-17 17:48:10,290 (DEBUG): Get Info from structure: (tamagoro+sex duty)
2021-12-17 17:48:10,297 (DEBUG): Get Info from structure: (tamagoro+hametomo collection)
2021-12-17 17:48:10,307 (DEBUG): Get Info from structure: (nyuu+kyuu kousha ura bunkasai #1 -totsuzen no shoutai-)
2021-12-17 17:48:10,314 (DEBUG): Get Info from structure: (tsuzura kuzukago+gibo to futari de kurashitara)
2021-12-17 17:48:10,322 (DEBUG): Get Info from structure: (sengoku-kun+pretty cool)
2021-12-17 17:48:10,330 (DEBUG): Get Info from structure: (suruga kuroitsu+the abcs of interviewing)
2021-12-17 17:48:10,338 (DEBUG): Get Info from structure: (ryoji+inakax)
2021-12-17 17:48:10,347 (DEBUG): Get Info from structure: (motomushi+Hanareta Tokoro kara Yarimakuri!)
2021-12-17 17:48:10,357 (DEBUG): Get Info from structure: (sanbaizu+kazoku haisetsu)
2021-12-17 17:48:10,365 (DEBUG): Get Info from structure: (emori uki+Oba-chan No Waki To Ase To Etc)
2021-12-17 17:48:10,375 (DEBUG): Get Info from structure: (ironwolf+a villian's bitch)
2021-12-17 17:48:10,383 (DEBUG): Get Info from structure: (aya shachou+aya shachou's stories)
2021-12-17 17:48:10,392 (DEBUG): Get Info from structure: (pija+aru atsui hi no futari)
2021-12-17 17:48:10,399 (DEBUG): Get Info from structure: (sawaragi+kaihou tokku gakuen seikatsu)
2021-12-17 17:48:10,408 (DEBUG): Get Info from structure: (oosawara sadao+ore no kanojo wa hamedori jk ~koukai bokki o soete~)
2021-12-17 17:48:10,417 (DEBUG): Get Info from structure: (atage+ore no imouto ga oji-san no onaho ni naru to iidashita!!)
2021-12-17 17:48:10,428 (DEBUG): Get Info from structure: (dam+pretend resistance)
2021-12-17 17:48:10,435 (DEBUG): Get Info from structure: (cotton house+boku no jiman no kanojo ga netoraremashite)
2021-12-17 17:48:10,457 (DEBUG): Get Info from structure: (tamagoro+toshiue no kareshi dekichaimashita)
2021-12-17 17:48:10,465 (DEBUG): Get Info from structure: (arai kei+Boku Wa Kanojo No Namae Mo Shiranai)
2021-12-17 17:48:10,473 (DEBUG): Get Info from structure: (type 90+bitch livestock market)
2021-12-17 17:48:10,481 (DEBUG): Get Info from structure: (mizone+jikyuu 1500 yen!! gyogyou o tetsudau kantan na oshigoto desu)
2021-12-17 17:48:10,490 (DEBUG): Get Info from structure: (arai kei+hougan kanojo)
2021-12-17 17:48:10,498 (DEBUG): Get Info from structure: (henkuma+fall! sticky education!)
2021-12-17 17:48:10,507 (DEBUG): Get Info from structure: (milftoon+iron giantits)
2021-12-17 17:48:10,514 (DEBUG): Get Info from structure: (surumenium+enkou oji-san monogatari kuro gal bitch hen)
2021-12-17 17:48:10,522 (DEBUG): Get Info from structure: (tamagoro+thank you very bitch)
2021-12-17 17:48:10,530 (DEBUG): Get Info from structure: (tsukino jyogi+inshuu no toriko)
2021-12-17 17:48:10,540 (DEBUG): Get Info from structure: (arai kei+The Care And Feeding Of Childhood Friends)
2021-12-17 17:48:10,546 (DEBUG): Get Info from structure: (jyura+chibiusa)
2021-12-17 17:48:10,555 (DEBUG): Get Info from structure: (doujin mukashibanashi+musume ga furyou ni otosareteita)
2021-12-17 17:48:10,564 (DEBUG): Get Info from structure: (kira hiroyoshi+chijo wakusei)
2021-12-17 17:48:10,573 (DEBUG): Get Info from structure: (jinsuke+joshi athlete saiminkan joshi wrestling hen)
2021-12-17 17:48:10,581 (DEBUG): Get Info from structure: (hyji+hot for egoistic teacher)
2021-12-17 17:48:10,590 (DEBUG): Get Info from structure: (laliberte+fake love)
2021-12-17 17:48:10,597 (DEBUG): Get Info from structure: (lunch+shochuu kaika)
2021-12-17 17:48:10,606 (DEBUG): Get Info from structure: (Mizuryu Kei+Uchi no Kazoku no Fashion ga Okashii)
2021-12-17 17:48:10,613 (DEBUG): Get Info from structure: (jinsuke+mesu kachou jogeza)
2021-12-17 17:48:10,622 (DEBUG): Get Info from structure: (gonza+Sensei Wa Seiyoku O Osaerarenai)
2021-12-17 17:48:10,631 (DEBUG): Get Info from structure: (Minority+Subete ga M ni Naru)
2021-12-17 17:48:10,641 (DEBUG): Get Info from structure: (ootori mahiro+seieki jaguchi)
2021-12-17 17:48:10,648 (DEBUG): Get Info from structure: (murata+Bijin Onna Joushi O Yaru!)
2021-12-17 17:48:10,656 (DEBUG): Get Info from structure: (tsusauto+mikonjo no shounengari)
2021-12-17 17:48:10,664 (DEBUG): Get Info from structure: (benantoka+sick yank)
2021-12-17 17:48:10,673 (DEBUG): Get Info from structure: (alp+hoshizora ...line)
2021-12-17 17:48:10,681 (DEBUG): Get Info from structure: (mizuryu kei+mc gakuen)
2021-12-17 17:48:10,689 (DEBUG): Get Info from structure: (sanagi torajiro+otoguro miya no oasobi)
2021-12-17 17:48:10,697 (DEBUG): Get Info from structure: (shindo l+darenashi)
2021-12-17 17:48:10,706 (DEBUG): Get Info from structure: (shindo l+shindol no bunka jinruigaku)
2021-12-17 17:48:10,714 (DEBUG): Get Info from structure: (nagare ippon+yuri kan plus kanyou shoujo)
2021-12-17 17:48:10,725 (DEBUG): Get Info from structure: (kawaisaw+taima no haha)
2021-12-17 17:48:10,732 (DEBUG): Get Info from structure: (ntrman+awakening of a goddess)
2021-12-17 17:48:10,741 (DEBUG): Get Info from structure: (cuzukago+boku no kaa-san wa av joyuu)
2021-12-17 17:48:10,749 (DEBUG): Get Info from structure: (meme 50+handwriting)
2021-12-17 17:48:10,758 (DEBUG): Get Info from structure: (bota mochito+lots of sex with a dead lay maid)
2021-12-17 17:48:10,765 (DEBUG): Get Info from structure: (danimaru+suteneko kanojo)
2021-12-17 17:48:10,774 (DEBUG): Get Info from structure: (toguchi masaya+wotome haha)
2021-12-17 17:48:10,782 (DEBUG): Get Info from structure: (gonza+musuko ni matagaru hi ~haha to musuko no hamedori kiroku~)
2021-12-17 17:48:10,792 (DEBUG): Get Info from structure: (climbcrown+Nakadashi Oji-san ni Nerawareta Mesu wa Nigeru Koto ga Dekinai)
2021-12-17 17:48:10,800 (DEBUG): Get Info from structure: (hirune+let's play a whole lot!)
2021-12-17 17:48:10,809 (DEBUG): Get Info from structure: (rocket monkey+hitozuma wa yoru ni naku)
2021-12-17 17:48:10,819 (DEBUG): Get Info from structure: (minority+hanabi)
2021-12-17 17:48:10,827 (DEBUG): Get Info from structure: (hal+shumiya kurumi muki choueki)
2021-12-17 17:48:10,834 (DEBUG): Get Info from structure: (kurosu gatari's stories+kurosu gatari's stories)
2021-12-17 17:48:10,844 (DEBUG): Get Info from structure: (butcha-u+Dirty Docking)
2021-12-17 17:48:10,854 (DEBUG): Get Info from structure: (sagattoru+overheat)
2021-12-17 17:48:10,862 (DEBUG): Get Info from structure: (jabcomix+keeping it up with the joneses)
2021-12-17 17:48:10,873 (DEBUG): Get Info from structure: (kirisaki byakko+echidna-sama no himatsubushi)
2021-12-17 17:48:10,880 (DEBUG): Get Info from structure: (sakurayu hal+musume nochi haha, tokoroniyori shunrai kouhen)
2021-12-17 17:48:10,891 (DEBUG): Get Info from structure: (arai kei+Gunjo Gunzo)
2021-12-17 17:48:10,899 (DEBUG): Get Info from structure: (sugoi hi+mahou shoujo kyousei zecchou)
2021-12-17 17:48:10,909 (DEBUG): Get Info from structure: (Kunaboto+Pussy Cat)
2021-12-17 17:48:10,916 (DEBUG): Get Info from structure: (milftoon+birthday boy)
2021-12-17 17:48:10,927 (DEBUG): Get Info from structure: (sahara wataru+saboten campus)
2021-12-17 17:48:10,938 (DEBUG): Get Info from structure: (fuetakishi+wakiwaki sports!)
2021-12-17 17:48:10,948 (DEBUG): Get Info from structure: (ken+Ahen-ki!)
2021-12-17 17:48:10,957 (DEBUG): Get Info from structure: (meme 50+to steal or to be stolen!)
2021-12-17 17:48:10,966 (DEBUG): Get Info from structure: (tsukino jyogi+okaltic 69)
2021-12-17 17:48:10,973 (DEBUG): Get Info from structure: (jyura+sister complex)
2021-12-17 17:48:10,983 (DEBUG): Get Info from structure: (shindo l+moroku gankyou ni)
2021-12-17 17:48:10,994 (DEBUG): Get Info from structure: (meme50+heat alert)
2021-12-17 17:48:11,001 (DEBUG): Get Info from structure: (kizuki rei+Family Plan)
2021-12-17 17:48:11,010 (DEBUG): Get Info from structure: (jabcomix+fucking possible)
2021-12-17 17:48:11,017 (DEBUG): Get Info from structure: (jingrock's jk stories+jingrock's jk stories)
2021-12-17 17:48:11,028 (DEBUG): Get Info from structure: (mizuryu kei+Mitsubachi No Yakata Nigou-kan Seventh Heaven-ten)
2021-12-17 17:48:11,038 (DEBUG): Get Info from structure: (Hitagiri+Pizza to Shoujuu)
2021-12-17 17:48:11,048 (DEBUG): Get Info from structure: (freedom prophet+okujou club)
2021-12-17 17:48:11,056 (DEBUG): Get Info from structure: (nakayama tetsugaku+bakunyuu sphinx to itsumo no riddle)
2021-12-17 17:48:11,065 (DEBUG): Get Info from structure: (myamoto issa+itoshi no onii-sama lilim's gaiden)
2021-12-17 17:48:11,073 (DEBUG): Get Info from structure: (minority+Wakame-sensei do your best)
2021-12-17 17:48:11,080 (DEBUG): Get Info from structure: (jingrock's ub stories+jingrock's ub stories)
2021-12-17 17:48:11,090 (DEBUG): Get Info from structure: (kakugari kyoudai+Nippon Sweet Pig)
2021-12-17 17:48:11,097 (DEBUG): Get Info from structure: (rihito akane+htsk)
2021-12-17 17:48:11,106 (DEBUG): Get Info from structure: (kurono taitsu+babaa-domo aite ni harem sex shite mitara omoinohoka tanoshikatta)
2021-12-17 17:48:11,115 (DEBUG): Get Info from structure: (ibuki+sayuki onee-san wa gaman ga dekinai)
2021-12-17 17:48:11,124 (DEBUG): Get Info from structure: (tanaka-ex+toki to meki - tomatta sekai de majiwaru toiki -)
2021-12-17 17:48:11,133 (DEBUG): Get Info from structure: (juna juna juice+seiyoku ni katenai android)
2021-12-17 17:48:11,141 (DEBUG): Get Info from structure: (Ichinose Land+Zako Succubus-chan wa Semen ga Hoshii no!)
2021-12-17 17:48:11,148 (DEBUG): Get Info from structure: (gengorou+the xian and i)
2021-12-17 17:48:11,156 (DEBUG): Get Info from structure: (etuzan jakusui+one room bloom)
2021-12-17 17:48:11,164 (DEBUG): Get Info from structure: (gonza+Nonfiction ~boshi Soukan No Kioku~)
2021-12-17 17:48:11,174 (DEBUG): Get Info from structure: (ken+my personal big breasted masturbation maid)
2021-12-17 17:48:11,184 (DEBUG): Get Info from structure: (manga jigoku+summer experience)
2021-12-17 17:48:11,194 (DEBUG): Get Info from structure: (akigami satoru+be careful of trial hypnosis!)
2021-12-17 17:48:11,204 (DEBUG): Get Info from structure: (gonza+Prim And Proper Girlfriend's Steamy Libido)
2021-12-17 17:48:11,212 (DEBUG): Get Info from structure: (arai kei+Shushou Wa Renshuu Ga Shitai!)
2021-12-17 17:48:11,220 (DEBUG): Get Info from structure: (risei+otorisousakan chijoku no shikyuu moro dashi dancer)
2021-12-17 17:48:11,228 (DEBUG): Get Info from structure: (o.p com+satomori haira inpouchou)
2021-12-17 17:48:11,236 (DEBUG): Get Info from structure: (mizuryu kei+Captain Marine Wants to be Raped in a Non-Consensual Manner)
2021-12-17 17:48:11,244 (DEBUG): Get Info from structure: (minazuki mikka+tsuma o fuuzokujou ni shite wa naranai kore dake no riyuu)
2021-12-17 17:48:11,252 (DEBUG): Get Info from structure: (sueyuu+tsuma omoi, netorase)
2021-12-17 17:48:11,261 (DEBUG): Get Info from structure: (takemasa takeshi+relaxation)
2021-12-17 17:48:11,268 (DEBUG): Get Info from structure: (minority+twilight volgasm)
2021-12-17 17:48:11,277 (DEBUG): Get Info from structure: (doujin mukashibanashi+okaa-san to class no yarichin ga)
2021-12-17 17:48:11,284 (DEBUG): Get Info from structure: (kitani sai+chuutte shite)
2021-12-17 17:48:11,293 (DEBUG): Get Info from structure: (kuro fn+mesubuta ian shoukou hairde)
2021-12-17 17:48:11,304 (DEBUG): Get Info from structure: (Koorizu+Onedari Rio-chan)
2021-12-17 17:48:11,312 (DEBUG): Get Info from structure: (gonza+sexy chinese courtship technique)
2021-12-17 17:48:11,319 (DEBUG): Get Info from structure: (sanagi torajirou's stories+sanagi torajirou's stories)
2021-12-17 17:48:11,329 (DEBUG): Get Info from structure: (shinozuka yuuji+hitozuma life one time gal)
2021-12-17 17:48:11,337 (DEBUG): Get Info from structure: (urakan+makezugirai no kyouko-san)
2021-12-17 17:48:11,345 (DEBUG): Get Info from structure: (ikematsu+cool break)
2021-12-17 17:48:11,353 (DEBUG): Get Info from structure: (shindo l+this ojou-sama's in trouble! i've got to do something)
2021-12-17 17:48:11,361 (DEBUG): Get Info from structure: (kiliu+niizuma no arai-san)
2021-12-17 17:48:11,369 (DEBUG): Get Info from structure: (melkor mancin+Janice Cabin Fever)
2021-12-17 17:48:11,377 (DEBUG): Get Info from structure: (jyura+osanajimi no mama)
2021-12-17 17:48:11,384 (DEBUG): Get Info from structure: (sugiji's stories+sugiji's stories)
2021-12-17 17:48:11,394 (DEBUG): Get Info from structure: (nakani+mukashi wa kawaikatta)
2021-12-17 17:48:11,404 (DEBUG): Get Info from structure: (tamagoro+doutei danshi kousei iinkai)
2021-12-17 17:48:11,412 (DEBUG): Get Info from structure: (bokujou nushi k+kazoku no katachi)
2021-12-17 17:48:11,421 (DEBUG): Get Info from structure: (ntrman+short comic#8 breeding program)
2021-12-17 17:48:11,429 (DEBUG): Get Info from structure: (nanashi+lady yupiel's servant)
2021-12-17 17:48:11,438 (DEBUG): Get Info from structure: (shiwasu no okina+pisu hame)
2021-12-17 17:48:11,446 (DEBUG): Get Info from structure: (inoue kiyoshirou+houshi iin no oshigoto)
2021-12-17 17:48:11,454 (DEBUG): Get Info from structure: (2t+sakusei toshi elosion - sex paradise city elosion)
2021-12-17 17:48:11,468 (DEBUG): Get Info from structure: (matou+kono takerikuruu kono mi ni gouin wo!)
2021-12-17 17:48:11,477 (DEBUG): Get Info from structure: (shimoyama giruko+netorare jukubo no tsuyameki)
2021-12-17 17:48:11,483 (DEBUG): Get Info from structure: (ohkura kazuya+natsuyasumi no omoide joukan)
2021-12-17 17:48:11,493 (DEBUG): Get Info from structure: (b.b.t.t.+takabisha elf kyousei konin!!)
2021-12-17 17:48:11,500 (DEBUG): Get Info from structure: (senke kagero+petit heaven)
2021-12-17 17:48:11,511 (DEBUG): Get Info from structure: (benantoka+my beloved kouhai)
2021-12-17 17:48:11,521 (DEBUG): Get Info from structure: (sanagi torajirou+utakata omoi)
2021-12-17 17:48:11,531 (DEBUG): Get Info from structure: (zakotsu+mitsumete tai)
2021-12-17 17:48:11,541 (DEBUG): Get Info from structure: (haison+sanzou and her horse)
2021-12-17 17:48:11,553 (DEBUG): Get Info from structure: (unou+tsuyoi otoko ni naritakute)
2021-12-17 17:48:11,564 (DEBUG): Get Info from structure: (dining+medaka the end)
2021-12-17 17:48:11,572 (DEBUG): Get Info from structure: (Ail+Boku Ni Sefri Ga Dekita Riyuu)
2021-12-17 17:48:11,581 (DEBUG): Get Info from structure: (mizuryu kei+souma souko no nichijou)
2021-12-17 17:48:11,590 (DEBUG): Get Info from structure: (pururin+one pii na yoru vip)
2021-12-17 17:48:11,598 (DEBUG): Get Info from structure: (-+see me after class)
2021-12-17 17:48:11,606 (DEBUG): Get Info from structure: (Arai Taiki+Kahanshin Daiichi Shugi)
2021-12-17 17:48:11,613 (DEBUG): Get Info from structure: (menea the dog+mizuha ni oshioki!)
2021-12-17 17:48:11,623 (DEBUG): Get Info from structure: (freehand tamashii+Muchi-muchi Kyojo No Oba-chan To Eroi Koto Suru Ze!)
2021-12-17 17:48:11,633 (DEBUG): Get Info from structure: (otochichi+Bizzare! The Hole Woman)
2021-12-17 17:48:11,643 (DEBUG): Get Info from structure: (takashiro go-ya+kimi no hitomi ni koishiteru)
2021-12-17 17:48:11,650 (DEBUG): Get Info from structure: (minority+queen b no halloween)
2021-12-17 17:48:11,661 (DEBUG): Get Info from structure: (melkor mancin+Slutty Misty)
2021-12-17 17:48:11,670 (DEBUG): Get Info from structure: (henrik+rin no inran funtouki)
2021-12-17 17:48:11,678 (DEBUG): Get Info from structure: (etuzan jakusui+hitozuma nanpa ntr onsen - ryokousaki de nakayoku tanetsuke saremashita)
2021-12-17 17:48:11,687 (DEBUG): Get Info from structure: (Alice Crazy+A Pervert's Daily Life)
2021-12-17 17:48:11,708 (DEBUG): Get Info from structure: (miyamoto issa+hitohada to yukidoke)
2021-12-17 17:48:11,719 (DEBUG): Get Info from structure: (izayoi no kiki+share collection)
2021-12-17 17:48:11,729 (DEBUG): Get Info from structure: (ikoma ippei+caster ayako kanzenban)
2021-12-17 17:48:11,737 (DEBUG): Get Info from structure: (-+mrt ntr martina netorare)
2021-12-17 17:48:11,746 (DEBUG): Get Info from structure: (minority+pure love orgasm)
2021-12-17 17:48:11,754 (DEBUG): Get Info from structure: (Dokurosan+Mifune Miyu no Dosukebe Enkaigei)
2021-12-17 17:48:11,769 (DEBUG): Get Info from structure: (john k pe-ta+houkago barabara jiken)
2021-12-17 17:48:11,784 (DEBUG): Get Info from structure: (kishizuka kenji+sex education)
2021-12-17 17:48:11,795 (DEBUG): Get Info from structure: (densuke+bukiyou crossing)
2021-12-17 17:48:11,804 (DEBUG): Get Info from structure: (mikawaya+class caste joui no gal ga layer datta ken)
2021-12-17 17:48:11,813 (DEBUG): Get Info from structure: (bonske+sono kuchi to shita de subete o uketomenasai)
2021-12-17 17:48:11,825 (DEBUG): Get Info from structure: (arai kei+Otonari-san Wa Koi Wazurai)
2021-12-17 17:48:11,832 (DEBUG): Get Info from structure: (ken sogen+better than sex)
2021-12-17 17:48:11,841 (DEBUG): Get Info from structure: (zephyros+live)
2021-12-17 17:48:11,848 (DEBUG): Get Info from structure: (etori yuuya+ore ga saimin appli de mesu ni naru wake nai daro!)
2021-12-17 17:48:11,859 (DEBUG): Get Info from structure: (kiliu+ike! seijun gakuen ero-mangabu)
2021-12-17 17:48:11,866 (DEBUG): Get Info from structure: (horitomo+monmusu hentai appli de go!)
2021-12-17 17:48:11,876 (DEBUG): Get Info from structure: (fan no hitori+sennen reijou ~ my lady, my master ~)
2021-12-17 17:48:11,884 (DEBUG): Get Info from structure: (inoue nanaki+teishuku tsuma no gyaru ochi fuzoku nikki)
2021-12-17 17:48:11,893 (DEBUG): Get Info from structure: (gorgonzola+one day screw)
2021-12-17 17:48:11,902 (DEBUG): Get Info from structure: (Kurosu Gatari+Wild-shiki Nihonjin Tsuma no Netorikata Sono Ni)
2021-12-17 17:48:11,910 (DEBUG): Get Info from structure: (freehand tamashii+While My Wife's Working, I'll Collar Her Mother)
2021-12-17 17:48:11,920 (DEBUG): Get Info from structure: (Jairou+Soto de Shiyou! Futari no Himitsu)
2021-12-17 17:48:11,928 (DEBUG): Get Info from structure: (mizuryu kei+Mercury Shadow)
2021-12-17 17:48:11,938 (DEBUG): Get Info from structure: (jitsuma+boshinication)
2021-12-17 17:48:11,946 (DEBUG): Get Info from structure: (mizuryu kei+Ishoku Bitch To YariCir Seikatsu)
2021-12-17 17:48:11,956 (DEBUG): Get Info from structure: (yakkora+family love play)
2021-12-17 17:48:11,964 (DEBUG): Get Info from structure: (sanagi torajirou+photorare sex & photograph)
2021-12-17 17:48:11,974 (DEBUG): Get Info from structure: (iris art+saki natsumi no shikyuu ga ochita hi)
2021-12-17 17:48:11,984 (DEBUG): Get Info from structure: (kuroinu juu+mesu goblin o dorei ni shimashita)
2021-12-17 17:48:11,992 (DEBUG): Get Info from structure: (nakani+sono ato miru no)
2021-12-17 17:48:12,002 (DEBUG): Get Info from structure: (mameojitan+Ntr Jk)
2021-12-17 17:48:12,011 (DEBUG): Get Info from structure: (Henkuma+Yumemi Riamu wa Dame ni Suru)
2021-12-17 17:48:12,019 (DEBUG): Get Info from structure: (gomu+hypnotized princess)
2021-12-17 17:48:12,027 (DEBUG): Get Info from structure: (Jyura+Necro Fantasia 1)
2021-12-17 17:48:12,037 (DEBUG): Get Info from structure: (Doujin Mukashibanashi+Tsuma ga Hentai no Omocha ni)
2021-12-17 17:48:12,046 (DEBUG): Get Info from structure: (Kyouan+Make Benki w)
2021-12-17 17:48:12,055 (DEBUG): Get Info from structure: (benantoka+Pure Opposite sex companionship)
2021-12-17 17:48:12,062 (DEBUG): Get Info from structure: (pettanp+saimin ochi kyonyuu shimai wa semen ga daisuki)
2021-12-17 17:48:12,070 (DEBUG): Get Info from structure: (oouso+pet or slave!! koyomika's family)
2021-12-17 17:48:12,081 (DEBUG): Get Info from structure: (meme50+hand drawn)
2021-12-17 17:48:12,091 (DEBUG): Get Info from structure: (gorgonzola+Ojisan Biyori)
2021-12-17 17:48:12,098 (DEBUG): Get Info from structure: (Miharu+Saitama Blues)
2021-12-17 17:48:12,106 (DEBUG): Get Info from structure: (hishigata tomaru+oshikake bakunyuu gal harem seikatsu!)
2021-12-17 17:48:12,114 (DEBUG): Get Info from structure: (suihei sen+shiofuki kanrinin masato-kun)
2021-12-17 17:48:12,123 (DEBUG): Get Info from structure: (jitsuma+son swapping)
2021-12-17 17:48:12,130 (DEBUG): Get Info from structure: (ahemaru+slave the blood)
2021-12-17 17:48:12,140 (DEBUG): Get Info from structure: (umi no kyuuban+gal in the country)
2021-12-17 17:48:12,147 (DEBUG): Get Info from structure: (usa+when she smiled at me)
2021-12-17 17:48:12,156 (DEBUG): Get Info from structure: (nishiarai+obasan no panti kaburu)
2021-12-17 17:48:12,164 (DEBUG): Get Info from structure: (type 90+the three little masturbator pigs)
2021-12-17 17:48:12,175 (DEBUG): Get Info from structure: (jyura+sailor moon (30))
2021-12-17 17:48:12,183 (DEBUG): Get Info from structure: (miyamoto issa+love story)
2021-12-17 17:48:12,193 (DEBUG): Get Info from structure: (Abubu+Kinjo no Onnatachi ga Nazeka Ore no Ie no Furo ni Hairi ni Kuru Ken)
2021-12-17 17:48:12,201 (DEBUG): Get Info from structure: (irotenya+mahouyaku no zairyou)
2021-12-17 17:48:12,212 (DEBUG): Get Info from structure: (seidenki+namaiki na ane ni ikisugita itazura)
2021-12-17 17:48:12,222 (DEBUG): Get Info from structure: (jairou+seikyouiku wa rankou de)
2021-12-17 17:48:12,235 (DEBUG): Get Info from structure: (mizone+welcome to the demi-human medical center)
2021-12-17 17:48:12,244 (DEBUG): Get Info from structure: (aho+oni gal ni shiborarechaimashita)
2021-12-17 17:48:12,253 (DEBUG): Get Info from structure: (heiqing langjun+hyakkasou -gejo botan no yuuutsu-)
2021-12-17 17:48:12,262 (DEBUG): Get Info from structure: (kuromotokun+jc chikan de seikyouiku)
2021-12-17 17:48:12,270 (DEBUG): Get Info from structure: (henriku+rin no inran funtouki)
2021-12-17 17:48:12,278 (DEBUG): Get Info from structure: (Arai Kei+Boku No Kanojo)
2021-12-17 17:48:12,288 (DEBUG): Get Info from structure: (hase tsubura+boku no hentai okaa-san)
2021-12-17 17:48:12,297 (DEBUG): Get Info from structure: (gonza+how to use your cock sleeve)
2021-12-17 17:48:12,305 (DEBUG): Get Info from structure: (indo curry+sexliner de go!)
2021-12-17 17:48:12,311 (DEBUG): Get Info from structure: (shindo l+senjou no hana)
2021-12-17 17:48:12,321 (DEBUG): Get Info from structure: (Meeo+Suki Araba Kareshi no Seiheki o Yugametai!)
2021-12-17 17:48:12,329 (DEBUG): Get Info from structure: (lunaluku+sca sis)
2021-12-17 17:48:12,337 (DEBUG): Get Info from structure: (shinozuka yuuji's stories+shinozuka yuuji's stories)
2021-12-17 17:48:12,346 (DEBUG): Get Info from structure: (Gonza+Mayonaka No Haha)
2021-12-17 17:48:12,354 (DEBUG): Get Info from structure: (tamagoro+jk-enko)
2021-12-17 17:48:12,361 (DEBUG): Get Info from structure: (Hatoba Akane+Touma Senki Cecilia)
2021-12-17 17:48:12,372 (DEBUG): Get Info from structure: (kuroinu juu's non-sailor stories+kuroinu juu's non-sailor stories)
2021-12-17 17:48:12,381 (DEBUG): Get Info from structure: (gonza+nana-san's temptation strategy)
2021-12-17 17:48:12,390 (DEBUG): Get Info from structure: (mon-petit+natsu ga owaru)
2021-12-17 17:48:12,398 (DEBUG): Get Info from structure: (type 90+shameless livestock sisters)
2021-12-17 17:48:12,407 (DEBUG): Get Info from structure: (shiki hanana+mama ni okorare nagara suru sex)
2021-12-17 17:48:12,416 (DEBUG): Get Info from structure: (Meishi Shinja+Sennou Zumi! Seishori Cheerleading-bu)
2021-12-17 17:48:12,425 (DEBUG): Get Info from structure: (denchi+mitsugi maso otoshi daisakusen! ~fashion circle no shikin choutatsuhou~)
2021-12-17 17:48:12,432 (DEBUG): Get Info from structure: (anthology+tabete wa ikenai 4)
2021-12-17 17:48:12,442 (DEBUG): Get Info from structure: (benantoka+slut exposure festival)
2021-12-17 17:48:12,449 (DEBUG): Get Info from structure: (kiyokawa zaidan+ojii-chan toha haiccha dame yo!)
2021-12-17 17:48:12,458 (DEBUG): Get Info from structure: (azukiko+Boku No Mamakatsu!)
2021-12-17 17:48:12,466 (DEBUG): Get Info from structure: (dozamura+katekyo-saki no loli twinte ga bitch na ueni s ni mezamete komaru)
2021-12-17 17:48:12,475 (DEBUG): Get Info from structure: (nagi ichi+Tonikaku Ore Wa Otokonoko Erufu To Ecchi Ga Shitainda!!)
2021-12-17 17:48:12,487 (DEBUG): Get Info from structure: (alansmithee+the cure for sexlessness)
2021-12-17 17:48:12,497 (DEBUG): Get Info from structure: (alp+melty limit)
2021-12-17 17:48:12,507 (DEBUG): Get Info from structure: (hana hook+nekura shounen no fukushuu harem choukyou keikaku)
2021-12-17 17:48:12,519 (DEBUG): Get Info from structure: (Watanabe Kenpo+Tonari No Bitch Nee-chan)
2021-12-17 17:48:12,532 (DEBUG): Get Info from structure: (chirumakuro+i'll squeeze you with these)
2021-12-17 17:48:12,543 (DEBUG): Get Info from structure: (herio+sukoshi wa ganbare! meina-chan)
2021-12-17 17:48:12,554 (DEBUG): Get Info from structure: (kuromotokun+jc rachitte seikyouiku)
2021-12-17 17:48:12,563 (DEBUG): Get Info from structure: (Maimu-Maimu+Kyouko Sensei to Boku no Himitsu)
2021-12-17 17:48:12,574 (DEBUG): Get Info from structure: (benantoka+My Dreamy Delinquent Wife)
2021-12-17 17:48:12,585 (DEBUG): Get Info from structure: (melkor mancin+Slutty Violet)
2021-12-17 17:48:12,594 (DEBUG): Get Info from structure: (miharu+kurohada no nioi)
2021-12-17 17:48:12,608 (DEBUG): Get Info from structure: (amatake akewo+magical girl fuck)
2021-12-17 17:48:12,618 (DEBUG): Get Info from structure: (dam+lina-sama goes nuts)
2021-12-17 17:48:12,629 (DEBUG): Get Info from structure: (kawaisaw+kore, haha desu)
2021-12-17 17:48:12,640 (DEBUG): Get Info from structure: (freehand tamasshii+Shin Mama O Netoruze!)
2021-12-17 17:48:12,651 (DEBUG): Get Info from structure: (jyura+school fuuzoku)
2021-12-17 17:48:12,661 (DEBUG): Get Info from structure: (sengoku-kun+kaeru desuga, nanika)
2021-12-17 17:48:12,673 (DEBUG): Get Info from structure: (kurosu gatari+seika jogakuin koutoubu kounin sao oji-san)
2021-12-17 17:48:12,683 (DEBUG): Get Info from structure: (yakkora+fortune partner)
2021-12-17 17:48:12,694 (DEBUG): Get Info from structure: (jingrock+tenkousei jk elf -houkago choukyou jugyou-)
2021-12-17 17:48:12,704 (DEBUG): Get Info from structure: (sink+haha wa buzama ni koshi o furu ~gogo no seibo-tachi~)
2021-12-17 17:48:12,716 (DEBUG): Get Info from structure: (nayuzaki natsumi+ochiru hana)
2021-12-17 17:48:12,727 (DEBUG): Get Info from structure: (sunagawa tara+tokyo charisma koushuu benjo)
2021-12-17 17:48:12,739 (DEBUG): Get Info from structure: (hiyoshi hana+jojou no kemono lyrical beast)
2021-12-17 17:48:12,754 (DEBUG): Get Info from structure: (type 90+nishinomiya-senpai's secret training)
2021-12-17 17:48:12,763 (DEBUG): Get Info from structure: (tamagoro+having xxx with the one i love)
2021-12-17 17:48:12,774 (DEBUG): Get Info from structure: (mizuryu kei+Touken Danshi Tabehoudai)
2021-12-17 17:48:12,784 (DEBUG): Get Info from structure: (kakutou oukoku+chop stick)
2021-12-17 17:48:12,795 (DEBUG): Get Info from structure: (otochichi+smoochy women's blowjobs)
2021-12-17 17:48:12,806 (DEBUG): Get Info from structure: (imazon+otouto no koibito ga mukashi choukyou shita motokano datta)
2021-12-17 17:48:12,816 (DEBUG): Get Info from structure: (freehand tamashii+aorare tsuma)
2021-12-17 17:48:12,828 (DEBUG): Get Info from structure: (Dokurosan+Sasaki Chie to Saimin Dosukebe Higaisha no Kai)
2021-12-17 17:48:12,839 (DEBUG): Get Info from structure: (mizuryu kei+Oideyo! Mizuryu Kei Land)
2021-12-17 17:48:12,850 (DEBUG): Get Info from structure: (navier haruka 2t+nuruneba swimmer!!)
2021-12-17 17:48:12,860 (DEBUG): Get Info from structure: (yokkora+sexy my true self)
2021-12-17 17:48:12,872 (DEBUG): Get Info from structure: (agobitch nee-san+Hataraku Onee-san-tachi ~Mikonritsu no Takai Machi de Hataraku Tokoya no Onee-san ni Okuchi de Shiborareru~)
2021-12-17 17:48:12,883 (DEBUG): Get Info from structure: (minamida usuke+home of seclusion)
2021-12-17 17:48:12,893 (DEBUG): Get Info from structure: (benantoka+muscle love class change)
2021-12-17 17:48:12,903 (DEBUG): Get Info from structure: (Nakani+Chikubeam! Bibibibibi!!)
2021-12-17 17:48:12,912 (DEBUG): Get Info from structure: (jinsuke+mesu kyoushi)
2021-12-17 17:48:12,923 (DEBUG): Get Info from structure: (jinsuke+boku to oba-san no dokidoki roshutsu seikatsu)
2021-12-17 17:48:12,934 (DEBUG): Get Info from structure: (shomu+netorare ochi masuda yukari hen)
2021-12-17 17:48:12,944 (DEBUG): Get Info from structure: (gonza+my three horny moms)
2021-12-17 17:48:12,953 (DEBUG): Get Info from structure: (eitarou+yamikoi -saimin-)
2021-12-17 17:48:12,962 (DEBUG): Get Info from structure: (Mochichimaru+Ore no Kyonyuu Osananajimi ga Aniki to Saikin Ayashii)
2021-12-17 17:48:12,974 (DEBUG): Get Info from structure: (tawara hiryuu+tsutawaranai ai)
2021-12-17 17:48:12,983 (DEBUG): Get Info from structure: (jingrock+otouto no musume)
2021-12-17 17:48:12,992 (DEBUG): Get Info from structure: (shindo l+the student council president is loved)
2021-12-17 17:48:13,003 (DEBUG): Get Info from structure: (taguchi monyata+the pitiful prince was turned into the castle's bitch toilet through evil magic)
2021-12-17 17:48:13,013 (DEBUG): Get Info from structure: (pururin+tsuishingu girl)
2021-12-17 17:48:13,023 (DEBUG): Get Info from structure: (Enokido+Bijyo to Yajyuu ~Gyaru to Kimoota~)
2021-12-17 17:48:13,032 (DEBUG): Get Info from structure: (otochichi+mamadoll)
2021-12-17 17:48:13,042 (DEBUG): Get Info from structure: (jabcomix+my son's girlfriend)
2021-12-17 17:48:13,053 (DEBUG): Get Info from structure: (benantoka+Junior (strong))
2021-12-17 17:48:13,063 (DEBUG): Get Info from structure: (minamida usuke+heart-pounding helicopter mom)
2021-12-17 17:48:13,075 (DEBUG): Get Info from structure: (mizuryu kei+the daily life of souma kurumi)
2021-12-17 17:48:13,086 (DEBUG): Get Info from structure: (angensou+jukujo sousakan ~sandbag nikubenki)
2021-12-17 17:48:13,095 (DEBUG): Get Info from structure: (Dokurosan+Kuroneko yo Ore ni Nioi wo Kagasetekurenaika)
2021-12-17 17:48:13,105 (DEBUG): Get Info from structure: (kuroki hidehiko+momojiri danchi mama-san volley doukoukai)
2021-12-17 17:48:13,115 (DEBUG): Get Info from structure: (musashimaru+give and take)
2021-12-17 17:48:13,127 (DEBUG): Get Info from structure: (kuroinu juu+saturday girls can't hold it in)
2021-12-17 17:48:13,138 (DEBUG): Get Info from structure: (gorgonzola+The Princess's Secret)
2021-12-17 17:48:13,149 (DEBUG): Get Info from structure: (noripachi+kokkyou naki banyuudan)
2021-12-17 17:48:13,158 (DEBUG): Get Info from structure: (naitou gura+ochiteiku karada)
2021-12-17 17:48:13,171 (DEBUG): Get Info from structure: (jabcomix+Americunt Dragon)
2021-12-17 17:48:13,186 (DEBUG): Get Info from structure: (zensoku punks+Koufukuron - Murase Ayumi Hen MANIAC)
2021-12-17 17:48:13,197 (DEBUG): Get Info from structure: (arai taiki+glory hole)
2021-12-17 17:48:13,207 (DEBUG): Get Info from structure: (jinsuke+Kaasan wa boku no)
2021-12-17 17:48:13,217 (DEBUG): Get Info from structure: (gonza+Jukugo Ga Daisuki Nan Desu!!)
2021-12-17 17:48:13,226 (DEBUG): Get Info from structure: (benantoka+My Idol is A Bundle of Professionalism)
2021-12-17 17:48:13,237 (DEBUG): Get Info from structure: (jyura+nyuugi senyou shimai)
2021-12-17 17:48:13,247 (DEBUG): Get Info from structure: (meme50+wakey fuckey)
2021-12-17 17:48:13,257 (DEBUG): Get Info from structure: (arai taiki+ochita yume no naka de)
2021-12-17 17:48:13,265 (DEBUG): Get Info from structure: (ichinose land+midara na elf-san wa orc-kun ga osuki)
2021-12-17 17:48:13,275 (DEBUG): Get Info from structure: (hatakeyama tohya+haha no shinyuu boku no aijin)
2021-12-17 17:48:13,286 (DEBUG): Get Info from structure: (izayoi seishin+iny akajuutan)
2021-12-17 17:48:13,295 (DEBUG): Get Info from structure: (tanaka aji+exposing my family)
2021-12-17 17:48:13,307 (DEBUG): Get Info from structure: (meme50+to soap or be soaped)
2021-12-17 17:48:13,317 (DEBUG): Get Info from structure: (mon-petit's stories+mon-petit's stories)
2021-12-17 17:48:13,329 (DEBUG): Get Info from structure: (kuro fn+fuuki binran rakunyuu iinchou)
2021-12-17 17:48:13,340 (DEBUG): Get Info from structure: (akino sora+isekai kita no de mahou o sukebe na koto ni riyou shiyou to omou)
2021-12-17 17:48:13,351 (DEBUG): Get Info from structure: (kazakura+Incha Couple Ga You Gal-tachi To Sex Training Suru Hanashi)
2021-12-17 17:48:13,360 (DEBUG): Get Info from structure: (shinozuka yuuji+hajimete no hitozuma)
2021-12-17 17:48:13,369 (DEBUG): Get Info from structure: (minority+slutty sheltered girl!!)
2021-12-17 17:48:13,378 (DEBUG): Get Info from structure: (mozu+seisou batsubyou)
2021-12-17 17:48:13,390 (DEBUG): Get Info from structure: (Jairou+Inran Shounen Nazo no Bitch Shota to Ossan no Monogatari)
2021-12-17 17:48:13,400 (DEBUG): Get Info from structure: (grassturtle+s-teacher kagami-sensei and m-mother miss ryouko)
2021-12-17 17:48:13,410 (DEBUG): Get Info from structure: (milftoon+Arranged Marriage)
2021-12-17 17:48:13,421 (DEBUG): Get Info from structure: (tamagou+shinkansen de nani shiteru!)
2021-12-17 17:48:13,430 (DEBUG): Get Info from structure: (freehand tamashii+Toiu Wake De, Kaa-san-tachi To Yattemita)
2021-12-17 17:48:13,442 (DEBUG): Get Info from structure: (jyura+kaya no soto)
2021-12-17 17:48:13,452 (DEBUG): Get Info from structure: (denchi+Hajimete No Netorare Maso-ka Choukyou)
2021-12-17 17:48:13,462 (DEBUG): Get Info from structure: (takashiro go-ya+innyou alice pee)
2021-12-17 17:48:13,473 (DEBUG): Get Info from structure: (juna juna juice+Boku No Harem Academia)
2021-12-17 17:48:13,484 (DEBUG): Get Info from structure: (circle rachigai+seira-kun wa otokonoko [chinese])
2021-12-17 17:48:13,496 (DEBUG): Get Info from structure: (shindo l+barrier free)
2021-12-17 17:48:13,507 (DEBUG): Get Info from structure: (Camekirin+Zetsumetsu Sunzen Yukionna)
2021-12-17 17:48:13,518 (DEBUG): Get Info from structure: (cyocyo+the imprudent bride)
2021-12-17 17:48:13,530 (DEBUG): Get Info from structure: (Moketa+Ubai'ai Girls)
2021-12-17 17:48:13,540 (DEBUG): Get Info from structure: (hiroya+himono erufu, kozukuri o suru)
2021-12-17 17:48:13,551 (DEBUG): Get Info from structure: (Nakani+Mukashi wa Kakko Yokatta)
2021-12-17 17:48:13,562 (DEBUG): Get Info from structure: (mizone+kindan no shohousen)
2021-12-17 17:48:13,573 (DEBUG): Get Info from structure: (Iguchi Sentarou+Classmate to Ecchi Jugyou)
2021-12-17 17:48:13,586 (DEBUG): Get Info from structure: (shindo l+metamorphosis)
2021-12-17 17:48:13,597 (DEBUG): Get Info from structure: (kurogane satsuki+otonari-san to korette...enkou seikatsu!)
2021-12-17 17:48:13,607 (DEBUG): Get Info from structure: (someoka yusura+orc chinpo o te ni ireta! elf oyako o ore senyou nama onaho ni shitatta www)
2021-12-17 17:48:13,618 (DEBUG): Get Info from structure: (orutoro+this is the mating frontier)
2021-12-17 17:48:13,628 (DEBUG): Get Info from structure: (mosquito man+kyojiri tsuma keiko to zetsurin! sukebe jii)
2021-12-17 17:48:13,641 (DEBUG): Get Info from structure: (noah12+shin shoushika taisaku ~haramu tame no curriculum~)
2021-12-17 17:48:13,651 (DEBUG): Get Info from structure: (mizuryu kei+Teisou Kannen Zero)
2021-12-17 17:48:13,661 (DEBUG): Get Info from structure: (minazuki mikka+musuko o dame ni shita no wa watashi no karada deshita)
2021-12-17 17:48:13,671 (DEBUG): Get Info from structure: (sanagi torajirou+sun to witch)
2021-12-17 17:48:13,681 (DEBUG): Get Info from structure: (saiyazumi+mama ryouhou)
2021-12-17 17:48:13,694 (DEBUG): Get Info from structure: (Kkun+Love Parameter)
2021-12-17 17:48:13,720 (DEBUG): Get Info from structure: (kinntarou+saimin otoshi)
2021-12-17 17:48:13,732 (DEBUG): Get Info from structure: (Curie+The Castle Deep In The Woods)
2021-12-17 17:48:13,743 (DEBUG): Get Info from structure: (hyji+harmonious family)
2021-12-17 17:48:13,758 (DEBUG): Get Info from structure: (melkor mancin+Chat with)
2021-12-17 17:48:13,767 (DEBUG): Get Info from structure: (hiraizumi kou+coach's luckyhole)
2021-12-17 17:48:13,777 (DEBUG): Get Info from structure: (yumeiro gurasan+dis communication)
2021-12-17 17:48:13,789 (DEBUG): Get Info from structure: (horsetail+kaa-san janakya dame nanda!!)
2021-12-17 17:48:13,800 (DEBUG): Get Info from structure: (tsusauto+neighborhood associations)
2021-12-17 17:48:13,810 (DEBUG): Get Info from structure: (mizone+monster romance)
2021-12-17 17:48:13,824 (DEBUG): Get Info from structure: (minority+falling fairy)
2021-12-17 17:48:13,834 (DEBUG): Get Info from structure: (syoukaki+koisame dolce)
2021-12-17 17:48:13,846 (DEBUG): Get Info from structure: (taono kinoko+koibito gokko)
2021-12-17 17:48:13,857 (DEBUG): Get Info from structure: (saint shiro+summer reunion)
2021-12-17 17:48:13,867 (DEBUG): Get Info from structure: (sugarbt+inga ouhou)
2021-12-17 17:48:13,877 (DEBUG): Get Info from structure: (poruno ibuki+sayuki onee-san wa gaman ga dekinai)
2021-12-17 17:48:13,888 (DEBUG): Get Info from structure: (kuromotokun+Jc Saimin De Seikyouiku)
2021-12-17 17:48:13,898 (DEBUG): Get Info from structure: (mizone+monster smash)
2021-12-17 17:48:13,911 (DEBUG): Get Info from structure: (mizuryu kei+souma family)
2021-12-17 17:48:13,921 (DEBUG): Get Info from structure: (muneshiro+Imouto Wa Mesu Orc)
2021-12-17 17:48:13,938 (DEBUG): Get Info from structure: (yumano yuuki+the demon lord is level 1)
2021-12-17 17:48:13,949 (DEBUG): Get Info from structure: (hirune+pig and gift)
2021-12-17 17:48:13,959 (DEBUG): Get Info from structure: (jyura+tomodachi no onna)
2021-12-17 17:48:13,970 (DEBUG): Get Info from structure: (kyockcho+refined senpai)
2021-12-17 17:48:13,981 (DEBUG): Get Info from structure: (shiratama+seigun no tami freejia)
2021-12-17 17:48:13,994 (DEBUG): Get Info from structure: (sanagi torajirou+i love you, goodbye)
2021-12-17 17:48:14,004 (DEBUG): Get Info from structure: (mosquito man+cho ~namaiki na kuro gal jk to pakoritai kimo oyaji-tachi)
2021-12-17 17:48:14,017 (DEBUG): Get Info from structure: (a-10+koukai tanetsuke hentai koubi 2)
2021-12-17 17:48:14,027 (DEBUG): Get Info from structure: (sanagi torajirou+cast aoi)
2021-12-17 17:48:14,040 (DEBUG): Get Info from structure: (ponkotsu damashii+my girlfriend is my mom's friend - a 40 year old housewife)
2021-12-17 17:48:14,050 (DEBUG): Get Info from structure: (hana hook+Zenin Shikkaku - Hahaoya No Mesubuta Sex Choukyou Kiroku)
2021-12-17 17:48:14,061 (DEBUG): Get Info from structure: (Bonske+Arawareta Chijo wa Toshishita Kui no Scatolo Hentai deshita)
2021-12-17 17:48:14,073 (DEBUG): Get Info from structure: (nishida+koisugi)
2021-12-17 17:48:14,083 (DEBUG): Get Info from structure: (Etuzan Jakusui+Otou-san, Tetsudatte kudasai)
2021-12-17 17:48:14,095 (DEBUG): Get Info from structure: (benantoka+sequel)
2021-12-17 17:48:14,105 (DEBUG): Get Info from structure: (etuzan jakusui+mystery box)
2021-12-17 17:48:14,117 (DEBUG): Get Info from structure: (ozy+nukisugi katekyo)
2021-12-17 17:48:14,128 (DEBUG): Get Info from structure: (zack+hentai raiko-san no sukebe na himitsu)
2021-12-17 17:48:14,139 (DEBUG): Get Info from structure: (rebirth+kantoku no arbeit)
2021-12-17 17:48:14,149 (DEBUG): Get Info from structure: (fue+inma no mikata)
2021-12-17 17:48:14,160 (DEBUG): Get Info from structure: (higashino mikan+oppai na natsuyasumi)
2021-12-17 17:48:14,173 (DEBUG): Get Info from structure: (meme 50's stories+meme 50's stories)
2021-12-17 17:48:14,182 (DEBUG): Get Info from structure: (kito sakeru+emily)
2021-12-17 17:48:14,193 (DEBUG): Get Info from structure: (laliberte+friend)
2021-12-17 17:48:14,204 (DEBUG): Get Info from structure: (mr potato party+the boiling rock)
2021-12-17 17:48:14,215 (DEBUG): Get Info from structure: (hal+mesu ana muhou chitai -mondou muyou no nakadashi choueki-)
2021-12-17 17:48:14,225 (DEBUG): Get Info from structure: (caustica+ojisen jk to batsuichi tenchou)
2021-12-17 17:48:14,238 (DEBUG): Get Info from structure: (iketaki ganguten+gal syndrome!)
2021-12-17 17:48:14,249 (DEBUG): Get Info from structure: (nikusoukyuu+hanazono no mesudorei)
2021-12-17 17:48:14,262 (DEBUG): Get Info from structure: (tsuzura kuzukago+treacherous love tastes like honey)
2021-12-17 17:48:14,273 (DEBUG): Get Info from structure: (shunjou shuusuke+osaekirenai kono kimochi)
2021-12-17 17:48:14,283 (DEBUG): Get Info from structure: (suruga kuroitsu+love fighter rin-chan!!)
2021-12-17 17:48:14,294 (DEBUG): Get Info from structure: (tsubaki jushirou+sister sister)
2021-12-17 17:48:14,305 (DEBUG): Get Info from structure: (ichigain+unleashed)
2021-12-17 17:48:14,314 (DEBUG): Get Info from structure: (miharu+Maria-san Goshimei Desu)
2021-12-17 17:48:14,324 (DEBUG): Get Info from structure: (arom sensei+Gwen)
2021-12-17 17:48:14,334 (DEBUG): Get Info from structure: (sanbaizu+obutsu shokudou)
2021-12-17 17:48:14,345 (DEBUG): Get Info from structure: (melkor mancin+The Naughty In-law)
2021-12-17 17:48:14,357 (DEBUG): Get Info from structure: (gujira+hichijime on oka juunijiga's route)
2021-12-17 17:48:14,367 (DEBUG): Get Info from structure: (karma tatsurou+kabegoshi)
2021-12-17 17:48:14,377 (DEBUG): Get Info from structure: (jk+free rimjobs)
2021-12-17 17:48:14,388 (DEBUG): Get Info from structure: (Circle Spice+Jimi dakedo Eroi Karada Shita Okaa-san o Fuuzoku Ochi Sunzen de Sukutta Boshi Soukan)
2021-12-17 17:48:14,398 (DEBUG): Get Info from structure: (Eizan+Moshimo, Joushiki o Kakikaete Mizugi Bijo ni Namahame OK na Pool ni nattara)
2021-12-17 17:48:14,409 (DEBUG): Get Info from structure: (kizuki rei+Watashi no Seiheki)
2021-12-17 17:48:14,419 (DEBUG): Get Info from structure: (meme50+okane daisuki)
2021-12-17 17:48:14,429 (DEBUG): Get Info from structure: (b-kyuu+b-kyuu manga 8 mamonoka shita onna budouka)
2021-12-17 17:48:14,441 (DEBUG): Get Info from structure: (sanbaizu+ningen benki)
2021-12-17 17:48:14,450 (DEBUG): Get Info from structure: (kurenai yuuji+Futakyo)
2021-12-17 17:48:14,463 (DEBUG): Get Info from structure: (minazuki mikka+sex shinai to shinu yamai ~hatsubyou shitara sex wa gimu~)
2021-12-17 17:48:14,477 (DEBUG): Get Info from structure: (aka seiryuu+Darjeeling No Himitsu Chakai)
2021-12-17 17:48:14,488 (DEBUG): Get Info from structure: (Jun+Kemonokko Tsuushin)
2021-12-17 17:48:14,500 (DEBUG): Get Info from structure: (kizuki rei+natsu no gogo)
2021-12-17 17:48:14,510 (DEBUG): Get Info from structure: (kyockcho+shino-sama is angry)
2021-12-17 17:48:14,520 (DEBUG): Get Info from structure: (esuo+licking monster)
2021-12-17 17:48:14,531 (DEBUG): Get Info from structure: (vandass orutoro+futei koubi zuma honoka)
2021-12-17 17:48:14,541 (DEBUG): Get Info from structure: (sanbaizu+kousha no kaiinu)
2021-12-17 17:48:14,550 (DEBUG): Get Info from structure: (kandzumena hibi+Kabe Shiri Bokin)
2021-12-17 17:48:14,561 (DEBUG): Get Info from structure: (oltlo+futei koubizuma honoka ~konin o keizoku shigatai juudai na jiyuu~)
2021-12-17 17:48:14,570 (DEBUG): Get Info from structure: (Kunaboto+Gintama - Kagura)
2021-12-17 17:48:14,580 (DEBUG): Get Info from structure: (seto yuuki+level c)
2021-12-17 17:48:14,590 (DEBUG): Get Info from structure: (dokurosan+Omanko Damedesu)
2021-12-17 17:48:14,600 (DEBUG): Get Info from structure: (obmas+oid)
2021-12-17 17:48:14,610 (DEBUG): Get Info from structure: (chinbotsu rebis+midare saki joshuu kaizoku soushuuhen)
2021-12-17 17:48:14,623 (DEBUG): Get Info from structure: (chin+Hatsujou Kedamono Koubiroku)
2021-12-17 17:48:14,635 (DEBUG): Get Info from structure: (sugiji+otome no jouran)
2021-12-17 17:48:14,645 (DEBUG): Get Info from structure: (gonza+Summer Vacation)
2021-12-17 17:48:14,655 (DEBUG): Get Info from structure: (pija+himegoto komachi)
2021-12-17 17:48:14,665 (DEBUG): Get Info from structure: (miharu+Haruka-san Ga Unzari Shinagara Shimasu)
2021-12-17 17:48:14,677 (DEBUG): Get Info from structure: (tamagoro+super milk)
2021-12-17 17:48:14,689 (DEBUG): Get Info from structure: (minority+love lies beyond the cervix)
2021-12-17 17:48:14,697 (DEBUG): Get Info from structure: (Jun+Like A Child)
2021-12-17 17:48:14,708 (DEBUG): Get Info from structure: (benimura karu+Boku Dake Ga Sex Dekinai Ie)
2021-12-17 17:48:14,721 (DEBUG): Get Info from structure: (benantoka+childhood friend confession X2)
2021-12-17 17:48:14,731 (DEBUG): Get Info from structure: (menea the dog+lipsync #1-4)
2021-12-17 17:48:14,741 (DEBUG): Get Info from structure: (asanagi+sleeping pills for this shitty cheeky sadist)
2021-12-17 17:48:14,750 (DEBUG): Get Info from structure: (gengorou+the lazy fox)
2021-12-17 17:48:14,761 (DEBUG): Get Info from structure: (amano don+sex acts with a member of the public moral committee)
2021-12-17 17:48:14,772 (DEBUG): Get Info from structure: (shiki takuto+become friends with gal)
2021-12-17 17:48:14,781 (DEBUG): Get Info from structure: (amano ameno+kyonyuu onna joushi saimin nikuningyou)
2021-12-17 17:48:14,792 (DEBUG): Get Info from structure: (heiro+Bokura Wa Hanare Ga Dekinai)
2021-12-17 17:48:14,804 (DEBUG): Get Info from structure: (jyura+samen toilet devils)
2021-12-17 17:48:14,813 (DEBUG): Get Info from structure: (freehand tamashii+Incha No Oi Ga Yaritai Oba-san)
2021-12-17 17:48:14,823 (DEBUG): Get Info from structure: (ichinomiya yuu+Moto Incha No Kyonyuu Yariman Imouto Ga Erosugite, Onii-chan Wa Mou!!)
2021-12-17 17:48:14,833 (DEBUG): Get Info from structure: (mizuryu kei+Kakutou Musume Yarimoku Goukon)
2021-12-17 17:48:14,845 (DEBUG): Get Info from structure: (kuroiwa menou+tabegoro! haitoku no kajitsu)
2021-12-17 17:48:14,856 (DEBUG): Get Info from structure: (amatake akewo+sarasare aidol)
2021-12-17 17:48:14,866 (DEBUG): Get Info from structure: (makinosaka shinichi+sex friend)
2021-12-17 17:48:14,877 (DEBUG): Get Info from structure: (mizuryu kei+Seiyoku Ni Shoujiki Sugiru Shota Yuusha)
2021-12-17 17:48:14,890 (DEBUG): Get Info from structure: (otochichi+underground pta -the mommies' milking sex tactic-)
2021-12-17 17:48:14,905 (DEBUG): Get Info from structure: (gonza+Love Doll)
2021-12-17 17:48:14,917 (DEBUG): Get Info from structure: (aiue oka+saimin seishidou)
2021-12-17 17:48:14,928 (DEBUG): Get Info from structure: (rocket monkey+girigiri idol)
2021-12-17 17:48:14,942 (DEBUG): Get Info from structure: (iku+hinnyuu-chan no ana o ijimeru hon)
2021-12-17 17:48:14,954 (DEBUG): Get Info from structure: (shindo l+hitori nabe x futari nabe)
2021-12-17 17:48:14,966 (DEBUG): Get Info from structure: (nakamura regura+ankai no umi)
2021-12-17 17:48:14,977 (DEBUG): Get Info from structure: (benantoka+Routine Affair)
2021-12-17 17:48:14,989 (DEBUG): Get Info from structure: (aroma sensei+what's going on here)
2021-12-17 17:48:15,000 (DEBUG): Get Info from structure: (melkor mancin+Sidney)
2021-12-17 17:48:15,010 (DEBUG): Get Info from structure: (inoue nanaki+seishoku katsudou)
2021-12-17 17:48:15,022 (DEBUG): Get Info from structure: (hyji+teaching train)
2021-12-17 17:48:15,033 (DEBUG): Get Info from structure: (freehand tamashii+My Son Returned As A Blond Man-slut)
2021-12-17 17:48:15,044 (DEBUG): Get Info from structure: (kurenai yuuji+futakyo! ~futanari kyouko-chan~)
2021-12-17 17:48:15,057 (DEBUG): Get Info from structure: (henkuma+tomatta jikan no naka de watashi wa)
2021-12-17 17:48:15,066 (DEBUG): Get Info from structure: (oohira sunset+kabeanatsuki juukyo e youkoso kouhen)
2021-12-17 17:48:15,077 (DEBUG): Get Info from structure: (kakuzatou+kuro gal vs fuuki iin)
2021-12-17 17:48:15,087 (DEBUG): Get Info from structure: (motomushi+i turned into the girl who bullied me)
2021-12-17 17:48:15,097 (DEBUG): Get Info from structure: (meme50+port inn)
2021-12-17 17:48:15,108 (DEBUG): Get Info from structure: (sian's stories+sian's stories)
2021-12-17 17:48:15,117 (DEBUG): Get Info from structure: (john k. pe-ta+the mature orange venus fly trap)
2021-12-17 17:48:15,129 (DEBUG): Get Info from structure: (ikeshita maue+ts fuckin bitch)
2021-12-17 17:48:15,141 (DEBUG): Get Info from structure: (mitarai yuuki+soukan no replica)
2021-12-17 17:48:15,150 (DEBUG): Get Info from structure: (aoi tiduru+seishun scheme)
2021-12-17 17:48:15,161 (DEBUG): Get Info from structure: (juna juna juice+naomi-san is my sex friend)
2021-12-17 17:48:15,172 (DEBUG): Get Info from structure: (hyji+tempting the husband)
2021-12-17 17:48:15,183 (DEBUG): Get Info from structure: (agobitch nee-san+Seifuku Bishoujo)
2021-12-17 17:48:15,193 (DEBUG): Get Info from structure: (gonza+matching appli)
2021-12-17 17:48:15,204 (DEBUG): Get Info from structure: (mizuryu kei+choroi-onna!!)
2021-12-17 17:48:15,214 (DEBUG): Get Info from structure: (aomushi+chinpo yakuza miporin)
2021-12-17 17:48:15,225 (DEBUG): Get Info from structure: (nozarashi satoru+usagi no kamen)
2021-12-17 17:48:15,238 (DEBUG): Get Info from structure: (asanagi+victimgirls 21 bokujou)
2021-12-17 17:48:15,248 (DEBUG): Get Info from structure: (Dokurosan+Watashi no Oshigoto)
2021-12-17 17:48:15,260 (DEBUG): Get Info from structure: (minority+love letter)
2021-12-17 17:48:15,271 (DEBUG): Get Info from structure: (akatsuki souken+okaasan no roujinsei kaigo)
2021-12-17 17:48:15,281 (DEBUG): Get Info from structure: (andoryu+okaa-san itadakimasu)
2021-12-17 17:48:15,291 (DEBUG): Get Info from structure: (kiliu+Nandemo Chousa Shoujo)
2021-12-17 17:48:15,304 (DEBUG): Get Info from structure: (fuzume+Tsuma Ga Midareta Sugata O Boku Wa Shiranai)
2021-12-17 17:48:15,314 (DEBUG): Get Info from structure: (minority+date of capitulation)
2021-12-17 17:48:15,325 (DEBUG): Get Info from structure: (etuzan jakusui+the fault that can't be erased)
2021-12-17 17:48:15,335 (DEBUG): Get Info from structure: (yumano yuuki+oshikake kitsune yome)
2021-12-17 17:48:15,345 (DEBUG): Get Info from structure: (nakamura regura+douketsu no mujina)
2021-12-17 17:48:15,361 (DEBUG): Get Info from structure: (mizone+onigashima no iinazuke)
2021-12-17 17:48:15,373 (DEBUG): Get Info from structure: (zkuro fn+angyou roshutsu project)
2021-12-17 17:48:15,381 (DEBUG): Get Info from structure: (minority+pussy romance)
2021-12-17 17:48:15,392 (DEBUG): Get Info from structure: (kokuryuugan+joshi rikujou koubi)
2021-12-17 17:48:15,405 (DEBUG): Get Info from structure: (b.b.t.t.+enslaved overlord)
2021-12-17 17:48:15,415 (DEBUG): Get Info from structure: (tsukino jogi+musume no bf sefure kankei ni natte shimatte guzuguzuna ken ni tsuite)
2021-12-17 17:48:15,426 (DEBUG): Get Info from structure: (my bad bunny+wanton widow)
2021-12-17 17:48:15,436 (DEBUG): Get Info from structure: (minazuki juuzou+an elementary school nympho having orgies after school in the classroom!)
2021-12-17 17:48:15,445 (DEBUG): Get Info from structure: (kuronomiki+The Two Flowers Of The Takamine House)
2021-12-17 17:48:15,457 (DEBUG): Get Info from structure: (minority+netorare livestream)
2021-12-17 17:48:15,466 (DEBUG): Get Info from structure: (arai kei+The Island Smile)
2021-12-17 17:48:15,476 (DEBUG): Get Info from structure: (mizuiro megane+doubutsu noujou)
2021-12-17 17:48:15,487 (DEBUG): Get Info from structure: (mon-petit+natsu ga owaru made)
2021-12-17 17:48:15,497 (DEBUG): Get Info from structure: (hazakura satsuki+hypnosis app - making a good girl cum on my dick nonstop)
2021-12-17 17:48:15,510 (DEBUG): Get Info from structure: (rasson+joushi to nenai career woman nado inai)
2021-12-17 17:48:15,522 (DEBUG): Get Info from structure: (hatakeyama tohya+oi to oba no heya)
2021-12-17 17:48:15,531 (DEBUG): Get Info from structure: (kazuhiro+mesu ogre wa kentauros chinpo o musabori okasu)
2021-12-17 17:48:15,541 (DEBUG): Get Info from structure: (double deck+ose)
2021-12-17 17:48:15,552 (DEBUG): Get Info from structure: (tawara hiryuu+yogoreta hitozuma)
2021-12-17 17:48:15,563 (DEBUG): Get Info from structure: (ikoma ippei+twintail miboujin)
2021-12-17 17:48:15,573 (DEBUG): Get Info from structure: (benantoka+my ruler)
2021-12-17 17:48:15,586 (DEBUG): Get Info from structure: (Jairou+Shinjin Kyoushi Fujiwara-san no Ayashii Kyouin Nikki)
2021-12-17 17:48:15,598 (DEBUG): Get Info from structure: (super zombie+uninvited kitties)
2021-12-17 17:48:15,609 (DEBUG): Get Info from structure: (yokoshima nikki+secret behind the pool)
2021-12-17 17:48:15,620 (DEBUG): Get Info from structure: (kuroishi ringo+haha wa newhalf)
2021-12-17 17:48:15,631 (DEBUG): Get Info from structure: (minority+kyou wa netorare youbi)
2021-12-17 17:48:15,642 (DEBUG): Get Info from structure: (makibe kataru+hitozuma koi hanabi)
2021-12-17 17:48:15,652 (DEBUG): Get Info from structure: (Dokurosan+Omae no Nee-chan Onaho Gasshuku Itteru Rashii ze)
2021-12-17 17:48:15,663 (DEBUG): Get Info from structure: (Enokido+Kenkou Yuuryou Boyish Shoujo Papakatsu o suru)
2021-12-17 17:48:15,674 (DEBUG): Get Info from structure: (gorgonzola+Goddesslife)
2021-12-17 17:48:15,684 (DEBUG): Get Info from structure: (arai taiki+kago no naka no tori)
2021-12-17 17:48:15,694 (DEBUG): Get Info from structure: (shinozuka yuuji+jk mama no shiken taisaku)
2021-12-17 17:48:15,704 (DEBUG): Get Info from structure: (jun+bubble shark princess akula)
2021-12-17 17:48:15,716 (DEBUG): Get Info from structure: (aiue oka+bullied)
2021-12-17 17:48:15,729 (DEBUG): Get Info from structure: (jairou+Gakuen Rankou)
2021-12-17 17:48:15,741 (DEBUG): Get Info from structure: (melkor mancin+Breaking in with Tim)
2021-12-17 17:48:15,751 (DEBUG): Get Info from structure: (omochi+shota ga bitch na onee-san to futari de ikinuki shichau hanashi)
2021-12-17 17:48:15,762 (DEBUG): Get Info from structure: (milftoon+Elastic Milf)
2021-12-17 17:48:15,773 (DEBUG): Get Info from structure: (Dokurosan+Shirukake China Rinko)
2021-12-17 17:48:15,782 (DEBUG): Get Info from structure: (gennsui+Kokugo Sansuu Rika Huuzoku)
2021-12-17 17:48:15,793 (DEBUG): Get Info from structure: (mosquito man+bakunyuu tsuma namatamari kyouko ~sekuhara buchou ni nerawareta tsuma~)
2021-12-17 17:48:15,804 (DEBUG): Get Info from structure: (supaku jitou+my master brajarani is a sex hermit)
2021-12-17 17:48:15,814 (DEBUG): Get Info from structure: (itami+WotaCir no Gal VS Boku)
2021-12-17 17:48:15,824 (DEBUG): Get Info from structure: (jabcomix+thorny thursday)
2021-12-17 17:48:15,833 (DEBUG): Get Info from structure: (laliberte+secret)
2021-12-17 17:48:15,845 (DEBUG): Get Info from structure: (benantoka+eromanga the sensei)
2021-12-17 17:48:15,855 (DEBUG): Get Info from structure: (hidarikiki+bakunyuuin mama wa gakuenchou no onna)
2021-12-17 17:48:15,865 (DEBUG): Get Info from structure: (etuzan jakusui+why did you over the sea)
2021-12-17 17:48:15,877 (DEBUG): Get Info from structure: (ntrman+tomato)
2021-12-17 17:48:15,888 (DEBUG): Get Info from structure: (meme50+nonoka's erotic side)
2021-12-17 17:48:15,897 (DEBUG): Get Info from structure: (sakamata nerimono+houkago game)
2021-12-17 17:48:15,908 (DEBUG): Get Info from structure: (meganei+Shishunki No Obenkyou)
2021-12-17 17:48:15,921 (DEBUG): Get Info from structure: (hyji+sweeeet home)
2021-12-17 17:48:15,934 (DEBUG): Get Info from structure: (inoue nanaki+sennou mesu ochi! onna spy!)
2021-12-17 17:48:15,945 (DEBUG): Get Info from structure: (izumi+midareuchi)
2021-12-17 17:48:15,956 (DEBUG): Get Info from structure: (haitokukan+hypnosis quest)
2021-12-17 17:48:15,968 (DEBUG): Get Info from structure: (laliberte+parasite)
2021-12-17 17:48:15,979 (DEBUG): Get Info from structure: (sanbaizu+zuidou haisetsu)
2021-12-17 17:48:15,991 (DEBUG): Get Info from structure: (jabcomix+artificial probing)
2021-12-17 17:48:16,010 (DEBUG): Get Info from structure: (kiliu+Sono 1-shuukan, Teikou Shite Wa Ikenai)
2021-12-17 17:48:16,021 (DEBUG): Get Info from structure: (karaage-chan+Tomodachi No Okaa-san To Sefri Ni Narimashita)
2021-12-17 17:48:16,031 (DEBUG): Get Info from structure: (azuse+method to catch a pretty girl)
2021-12-17 17:48:16,044 (DEBUG): Get Info from structure: (type 90+the disciple bitch)
2021-12-17 17:48:16,054 (DEBUG): Get Info from structure: (amano ameno+jabami yumeko hentai koushuu benjo tantsubo nikubenki onna)
2021-12-17 17:48:16,065 (DEBUG): Get Info from structure: (asanagi+i will not lose)
2021-12-17 17:48:16,076 (DEBUG): Get Info from structure: (kemigawa mondo+boku ga te ni ireta chounouryoku)
2021-12-17 17:48:16,089 (DEBUG): Get Info from structure: (kedama keito+oishii mahou)
2021-12-17 17:48:16,098 (DEBUG): Get Info from structure: (juna juna juice+Mukatsuku Imouto Wa Chanto Shikaranakucha!!)
2021-12-17 17:48:16,109 (DEBUG): Get Info from structure: (benantoka+borderline step couple)
2021-12-17 17:48:16,121 (DEBUG): Get Info from structure: (freehand tamashii+Isourou Saki No Obasan Ni Hameru!)
2021-12-17 17:48:16,131 (DEBUG): Get Info from structure: (laliberte+monster)
2021-12-17 17:48:16,143 (DEBUG): Get Info from structure: (igumox+23-ji no hakoniwa)
2021-12-17 17:48:16,154 (DEBUG): Get Info from structure: (laliberte+stay with me)
2021-12-17 17:48:16,162 (DEBUG): Get Info from structure: (nishi+kotoumi)
2021-12-17 17:48:16,179 (DEBUG): Get Info from structure: (ntrman+prank)
2021-12-17 17:48:16,191 (DEBUG): Get Info from structure: (juna juna juice+Hungry Single Mothers)
2021-12-17 17:48:16,200 (DEBUG): Get Info from structure: (sanbaizu+haisetsu kyoushitsu)
2021-12-17 17:48:16,210 (DEBUG): Get Info from structure: (momofuki rio+junyoku kaihouku)
2021-12-17 17:48:16,224 (DEBUG): Get Info from structure: (kizaru+gibo ga haramu made zenpen)
2021-12-17 17:48:16,235 (DEBUG): Get Info from structure: (benantoka+at-home date)
2021-12-17 17:48:16,244 (DEBUG): Get Info from structure: (Kasugano Tobari+Osananajimi wa Ore Senyou no Niku Benki)
2021-12-17 17:48:16,256 (DEBUG): Get Info from structure: (kizuki rei+Game Of Bitches)
2021-12-17 17:48:16,266 (DEBUG): Get Info from structure: (benantoka+the morals committee 2nd division's Club activity records)
2021-12-17 17:48:16,277 (DEBUG): Get Info from structure: (andou hiroyuki+losing my virginity in the library, through rape!!)
2021-12-17 17:48:16,287 (DEBUG): Get Info from structure: (sink+haha to oba no himitsu)
2021-12-17 17:48:16,297 (DEBUG): Get Info from structure: (higashiyama show+momoka)
2021-12-17 17:48:16,309 (DEBUG): Get Info from structure: (tonikaku+nikubenki)
