2021-12-24 12:34:59,610 (INFO): Log Path: D:\Source_Code\Python ++\02. updateComic\log\debug-20211224-1234.59.log
2021-12-24 12:35:01,632 (INFO): Currently Processing image
2021-12-24 12:35:01,632 (INFO): Processing Titles ...
2021-12-24 12:35:01,730 (DEBUG): Get Info from structure: (2t+=sakusei toshi elosion)
2021-12-24 12:35:01,741 (DEBUG): Get Info from structure: (a-10+=koukai tanetsuke hentai koubi 2)
2021-12-24 12:35:01,751 (DEBUG): Get Info from structure: (Abubu+=Kinjo no Onnatachi ga Nazeka Ore no Ie no Furo ni Hairi ni Kuru Ken)
2021-12-24 12:35:01,761 (DEBUG): Get Info from structure: (abubu+=npc kan mod)
2021-12-24 12:35:01,772 (DEBUG): Get Info from structure: (agobitch nee-san+=Hataraku Onee-san-tachi ~Mikonritsu no Takai Machi de Hataraku Tokoya no Onee-san ni Okuchi de Shiborareru~)
2021-12-24 12:35:01,782 (DEBUG): Get Info from structure: (agobitch nee-san+=Seifuku Bishoujo)
2021-12-24 12:35:01,795 (DEBUG): Get Info from structure: (ahemaru+=slave the blood)
2021-12-24 12:35:01,810 (DEBUG): Get Info from structure: (amano ameno+=Jabami Yumeko Hentai Koushuu Benjo Tantsubo Nikubenki Onna)
2021-12-24 12:35:01,822 (DEBUG): Get Info from structure: (amano ameno+=Kyonyuu Onna Joushi Saimin Nikuningyou)
2021-12-24 12:35:01,833 (DEBUG): Get Info from structure: (Ameyama Denshin+=Stories)
2021-12-24 12:35:01,844 (DEBUG): Get Info from structure: (Arai Kei+=Boku No Kanojo)
2021-12-24 12:35:01,856 (DEBUG): Get Info from structure: (arai kei+=Boku Wa Kanojo No Namae Mo Shiranai)
2021-12-24 12:35:01,867 (DEBUG): Get Info from structure: (arai kei+=hougan kanojo)
2021-12-24 12:35:01,879 (DEBUG): Get Info from structure: (arai kei+=Stories)
2021-12-24 12:35:01,891 (DEBUG): Get Info from structure: (Arai Taiki+=Kahanshin Daiichi Shugi)
2021-12-24 12:35:01,901 (DEBUG): Get Info from structure: (arai taiki+=ochita yume no naka de)
2021-12-24 12:35:01,912 (DEBUG): Get Info from structure: (Arai Taiki+=Stories)
2021-12-24 12:35:01,924 (DEBUG): Get Info from structure: (aroma sensei+=Gwen)
2021-12-24 12:35:01,935 (DEBUG): Get Info from structure: (aroma sensei+=what's going on here)
2021-12-24 12:35:01,947 (DEBUG): Get Info from structure: (asanagi+=Stories)
2021-12-24 12:35:01,959 (DEBUG): Get Info from structure: (BeNantoka+=Stories)
2021-12-24 12:35:01,971 (DEBUG): Get Info from structure: (Bonske+=Arawareta Chijo wa Toshishita Kui no Scatolo Hentai deshita)
2021-12-24 12:35:01,982 (DEBUG): Get Info from structure: (bonske+=sono kuchi to shita de subete o uketomenasai)
2021-12-24 12:35:01,995 (DEBUG): Get Info from structure: (Dokurosan+=Stories)
2021-12-24 12:35:02,007 (DEBUG): Get Info from structure: (Enokido+=Stories)
2021-12-24 12:35:02,018 (DEBUG): Get Info from structure: (freehand tamashii+=aorare tsuma)
2021-12-24 12:35:02,030 (DEBUG): Get Info from structure: (freehand tamashii+=Incha No Oi Ga Yaritai Oba-san)
2021-12-24 12:35:02,043 (DEBUG): Get Info from structure: (freehand tamashii+=Isourou Saki No Obasan Ni Hameru!)
2021-12-24 12:35:02,054 (DEBUG): Get Info from structure: (freehand tamashii+=Stories)
2021-12-24 12:35:02,064 (DEBUG): Get Info from structure: (freehand tamashii+=Toiu Wake De, Kaa-san-tachi To Yattemita)
2021-12-24 12:35:02,076 (DEBUG): Get Info from structure: (freehand tamasshii+=Shin Mama O Netoruze!)
2021-12-24 12:35:02,089 (DEBUG): Get Info from structure: (gonza+=av mama)
2021-12-24 12:35:02,098 (DEBUG): Get Info from structure: (gonza+=matching appli)
2021-12-24 12:35:02,109 (DEBUG): Get Info from structure: (Gonza+=Mayonaka No Haha)
2021-12-24 12:35:02,121 (DEBUG): Get Info from structure: (gonza+=my three horny moms)
2021-12-24 12:35:02,133 (DEBUG): Get Info from structure: (gonza+=Nonfiction ~boshi Soukan No Kioku~)
2021-12-24 12:35:02,145 (DEBUG): Get Info from structure: (gonza+=stories)
2021-12-24 12:35:02,159 (DEBUG): Get Info from structure: (mizone+=Ajin Iryou Sougou Center e Youkoso!)
2021-12-24 12:35:02,173 (DEBUG): Get Info from structure: (mizone+=Jikyuu 1500 yen!! Gyogyou o Tetsudau Kantan na Oshigoto desu)
2021-12-24 12:35:02,183 (DEBUG): Get Info from structure: (mizone+=Kindan no Shohousen)
2021-12-24 12:35:02,195 (DEBUG): Get Info from structure: (mizone+=monster romance)
2021-12-24 12:35:02,208 (DEBUG): Get Info from structure: (mizone+=monster smash)
2021-12-24 12:35:02,221 (DEBUG): Get Info from structure: (mizone+=Otherworldly Maidens Series)
2021-12-24 12:35:02,232 (DEBUG): Get Info from structure: (mizone+=stories)
2021-12-24 12:35:02,246 (DEBUG): Get Info from structure: (mizone+=Zasshoku Yuusha)
2021-12-24 12:35:02,258 (DEBUG): Get Info from structure: (Tsusauto+=Jichikai no Hitozuma wa Totemo Ecchi deshita)
2021-12-24 12:35:02,269 (INFO): Processing Chapters / Episodes ...
2021-12-24 12:35:02,429 (INFO): Processing Chapters & Pages ... 
2021-12-24 12:35:47,845 (DEBUG): STREAM b'IHDR' 16 13
2021-12-24 12:35:47,845 (DEBUG): STREAM b'gAMA' 41 4
2021-12-24 12:35:47,845 (DEBUG): STREAM b'cHRM' 57 32
2021-12-24 12:35:47,845 (DEBUG): STREAM b'bKGD' 101 2
2021-12-24 12:35:47,845 (DEBUG): b'bKGD' 101 2 (unknown)
2021-12-24 12:35:47,845 (DEBUG): STREAM b'tIME' 115 7
2021-12-24 12:35:47,845 (DEBUG): b'tIME' 115 7 (unknown)
2021-12-24 12:35:47,845 (DEBUG): STREAM b'IDAT' 134 32768
2021-12-24 12:35:47,859 (DEBUG): STREAM b'IHDR' 16 13
2021-12-24 12:35:47,860 (DEBUG): STREAM b'gAMA' 41 4
2021-12-24 12:35:47,860 (DEBUG): STREAM b'cHRM' 57 32
2021-12-24 12:35:47,860 (DEBUG): STREAM b'bKGD' 101 2
2021-12-24 12:35:47,860 (DEBUG): b'bKGD' 101 2 (unknown)
2021-12-24 12:35:47,860 (DEBUG): STREAM b'tIME' 115 7
2021-12-24 12:35:47,860 (DEBUG): b'tIME' 115 7 (unknown)
2021-12-24 12:35:47,860 (DEBUG): STREAM b'IDAT' 134 32768
2021-12-24 12:35:47,876 (DEBUG): STREAM b'IHDR' 16 13
2021-12-24 12:35:47,876 (DEBUG): STREAM b'gAMA' 41 4
2021-12-24 12:35:47,876 (DEBUG): STREAM b'cHRM' 57 32
2021-12-24 12:35:47,876 (DEBUG): STREAM b'bKGD' 101 2
2021-12-24 12:35:47,876 (DEBUG): b'bKGD' 101 2 (unknown)
2021-12-24 12:35:47,876 (DEBUG): STREAM b'tIME' 115 7
2021-12-24 12:35:47,876 (DEBUG): b'tIME' 115 7 (unknown)
2021-12-24 12:35:47,877 (DEBUG): STREAM b'IDAT' 134 32768
2021-12-24 12:35:47,892 (DEBUG): STREAM b'IHDR' 16 13
2021-12-24 12:35:47,893 (DEBUG): STREAM b'gAMA' 41 4
2021-12-24 12:35:47,893 (DEBUG): STREAM b'cHRM' 57 32
2021-12-24 12:35:47,893 (DEBUG): STREAM b'bKGD' 101 2
2021-12-24 12:35:47,893 (DEBUG): b'bKGD' 101 2 (unknown)
2021-12-24 12:35:47,893 (DEBUG): STREAM b'tIME' 115 7
2021-12-24 12:35:47,893 (DEBUG): b'tIME' 115 7 (unknown)
2021-12-24 12:35:47,893 (DEBUG): STREAM b'IDAT' 134 32768
2021-12-24 12:35:47,908 (DEBUG): STREAM b'IHDR' 16 13
2021-12-24 12:35:47,908 (DEBUG): STREAM b'gAMA' 41 4
2021-12-24 12:35:47,908 (DEBUG): STREAM b'cHRM' 57 32
2021-12-24 12:35:47,908 (DEBUG): STREAM b'bKGD' 101 2
2021-12-24 12:35:47,908 (DEBUG): b'bKGD' 101 2 (unknown)
2021-12-24 12:35:47,908 (DEBUG): STREAM b'tIME' 115 7
2021-12-24 12:35:47,909 (DEBUG): b'tIME' 115 7 (unknown)
2021-12-24 12:35:47,909 (DEBUG): STREAM b'IDAT' 134 32768
2021-12-24 12:35:47,925 (DEBUG): STREAM b'IHDR' 16 13
2021-12-24 12:35:47,925 (DEBUG): STREAM b'gAMA' 41 4
2021-12-24 12:35:47,925 (DEBUG): STREAM b'cHRM' 57 32
2021-12-24 12:35:47,925 (DEBUG): STREAM b'bKGD' 101 2
2021-12-24 12:35:47,925 (DEBUG): b'bKGD' 101 2 (unknown)
2021-12-24 12:35:47,925 (DEBUG): STREAM b'tIME' 115 7
2021-12-24 12:35:47,925 (DEBUG): b'tIME' 115 7 (unknown)
2021-12-24 12:35:47,925 (DEBUG): STREAM b'IDAT' 134 32768
2021-12-24 12:35:47,942 (DEBUG): STREAM b'IHDR' 16 13
2021-12-24 12:35:47,942 (DEBUG): STREAM b'gAMA' 41 4
2021-12-24 12:35:47,942 (DEBUG): STREAM b'cHRM' 57 32
2021-12-24 12:35:47,942 (DEBUG): STREAM b'bKGD' 101 2
2021-12-24 12:35:47,942 (DEBUG): b'bKGD' 101 2 (unknown)
2021-12-24 12:35:47,942 (DEBUG): STREAM b'tIME' 115 7
2021-12-24 12:35:47,942 (DEBUG): b'tIME' 115 7 (unknown)
2021-12-24 12:35:47,942 (DEBUG): STREAM b'IDAT' 134 32768
2021-12-24 12:35:47,958 (DEBUG): STREAM b'IHDR' 16 13
2021-12-24 12:35:47,958 (DEBUG): STREAM b'gAMA' 41 4
2021-12-24 12:35:47,958 (DEBUG): STREAM b'cHRM' 57 32
2021-12-24 12:35:47,958 (DEBUG): STREAM b'bKGD' 101 2
2021-12-24 12:35:47,958 (DEBUG): b'bKGD' 101 2 (unknown)
2021-12-24 12:35:47,958 (DEBUG): STREAM b'tIME' 115 7
2021-12-24 12:35:47,958 (DEBUG): b'tIME' 115 7 (unknown)
2021-12-24 12:35:47,958 (DEBUG): STREAM b'IDAT' 134 32768
2021-12-24 12:35:47,977 (DEBUG): STREAM b'IHDR' 16 13
2021-12-24 12:35:47,977 (DEBUG): STREAM b'gAMA' 41 4
2021-12-24 12:35:47,977 (DEBUG): STREAM b'cHRM' 57 32
2021-12-24 12:35:47,977 (DEBUG): STREAM b'bKGD' 101 2
2021-12-24 12:35:47,977 (DEBUG): b'bKGD' 101 2 (unknown)
2021-12-24 12:35:47,977 (DEBUG): STREAM b'tIME' 115 7
2021-12-24 12:35:47,977 (DEBUG): b'tIME' 115 7 (unknown)
2021-12-24 12:35:47,977 (DEBUG): STREAM b'IDAT' 134 32768
2021-12-24 12:35:47,993 (DEBUG): STREAM b'IHDR' 16 13
2021-12-24 12:35:47,994 (DEBUG): STREAM b'gAMA' 41 4
2021-12-24 12:35:47,994 (DEBUG): STREAM b'cHRM' 57 32
2021-12-24 12:35:47,994 (DEBUG): STREAM b'bKGD' 101 2
2021-12-24 12:35:47,994 (DEBUG): b'bKGD' 101 2 (unknown)
2021-12-24 12:35:47,994 (DEBUG): STREAM b'tIME' 115 7
2021-12-24 12:35:47,994 (DEBUG): b'tIME' 115 7 (unknown)
2021-12-24 12:35:47,994 (DEBUG): STREAM b'IDAT' 134 32768
2021-12-24 12:35:48,008 (DEBUG): STREAM b'IHDR' 16 13
2021-12-24 12:35:48,008 (DEBUG): STREAM b'gAMA' 41 4
2021-12-24 12:35:48,009 (DEBUG): STREAM b'cHRM' 57 32
2021-12-24 12:35:48,009 (DEBUG): STREAM b'bKGD' 101 2
2021-12-24 12:35:48,009 (DEBUG): b'bKGD' 101 2 (unknown)
2021-12-24 12:35:48,009 (DEBUG): STREAM b'tIME' 115 7
2021-12-24 12:35:48,009 (DEBUG): b'tIME' 115 7 (unknown)
2021-12-24 12:35:48,009 (DEBUG): STREAM b'IDAT' 134 32768
2021-12-24 12:35:48,026 (DEBUG): STREAM b'IHDR' 16 13
2021-12-24 12:35:48,026 (DEBUG): STREAM b'gAMA' 41 4
2021-12-24 12:35:48,026 (DEBUG): STREAM b'cHRM' 57 32
2021-12-24 12:35:48,026 (DEBUG): STREAM b'bKGD' 101 2
2021-12-24 12:35:48,026 (DEBUG): b'bKGD' 101 2 (unknown)
2021-12-24 12:35:48,026 (DEBUG): STREAM b'tIME' 115 7
2021-12-24 12:35:48,026 (DEBUG): b'tIME' 115 7 (unknown)
2021-12-24 12:35:48,026 (DEBUG): STREAM b'IDAT' 134 32768
2021-12-24 12:35:48,043 (DEBUG): STREAM b'IHDR' 16 13
2021-12-24 12:35:48,043 (DEBUG): STREAM b'gAMA' 41 4
2021-12-24 12:35:48,043 (DEBUG): STREAM b'cHRM' 57 32
2021-12-24 12:35:48,043 (DEBUG): STREAM b'bKGD' 101 2
2021-12-24 12:35:48,043 (DEBUG): b'bKGD' 101 2 (unknown)
2021-12-24 12:35:48,043 (DEBUG): STREAM b'tIME' 115 7
2021-12-24 12:35:48,043 (DEBUG): b'tIME' 115 7 (unknown)
2021-12-24 12:35:48,043 (DEBUG): STREAM b'IDAT' 134 32768
2021-12-24 12:35:48,059 (DEBUG): STREAM b'IHDR' 16 13
2021-12-24 12:35:48,059 (DEBUG): STREAM b'gAMA' 41 4
2021-12-24 12:35:48,059 (DEBUG): STREAM b'cHRM' 57 32
2021-12-24 12:35:48,059 (DEBUG): STREAM b'bKGD' 101 2
2021-12-24 12:35:48,059 (DEBUG): b'bKGD' 101 2 (unknown)
2021-12-24 12:35:48,059 (DEBUG): STREAM b'tIME' 115 7
2021-12-24 12:35:48,059 (DEBUG): b'tIME' 115 7 (unknown)
2021-12-24 12:35:48,059 (DEBUG): STREAM b'IDAT' 134 32768
2021-12-24 12:35:48,075 (DEBUG): STREAM b'IHDR' 16 13
2021-12-24 12:35:48,075 (DEBUG): STREAM b'gAMA' 41 4
2021-12-24 12:35:48,075 (DEBUG): STREAM b'cHRM' 57 32
2021-12-24 12:35:48,075 (DEBUG): STREAM b'bKGD' 101 2
2021-12-24 12:35:48,075 (DEBUG): b'bKGD' 101 2 (unknown)
2021-12-24 12:35:48,076 (DEBUG): STREAM b'tIME' 115 7
2021-12-24 12:35:48,076 (DEBUG): b'tIME' 115 7 (unknown)
2021-12-24 12:35:48,076 (DEBUG): STREAM b'IDAT' 134 32768
2021-12-24 12:35:48,089 (DEBUG): STREAM b'IHDR' 16 13
2021-12-24 12:35:48,089 (DEBUG): STREAM b'gAMA' 41 4
2021-12-24 12:35:48,090 (DEBUG): STREAM b'cHRM' 57 32
2021-12-24 12:35:48,090 (DEBUG): STREAM b'bKGD' 101 2
2021-12-24 12:35:48,090 (DEBUG): b'bKGD' 101 2 (unknown)
2021-12-24 12:35:48,090 (DEBUG): STREAM b'tIME' 115 7
2021-12-24 12:35:48,090 (DEBUG): b'tIME' 115 7 (unknown)
2021-12-24 12:35:48,090 (DEBUG): STREAM b'IDAT' 134 32768
2021-12-24 12:35:48,129 (DEBUG): STREAM b'IHDR' 16 13
2021-12-24 12:35:48,129 (DEBUG): STREAM b'gAMA' 41 4
2021-12-24 12:35:48,129 (DEBUG): STREAM b'cHRM' 57 32
2021-12-24 12:35:48,129 (DEBUG): STREAM b'bKGD' 101 2
2021-12-24 12:35:48,129 (DEBUG): b'bKGD' 101 2 (unknown)
2021-12-24 12:35:48,129 (DEBUG): STREAM b'tIME' 115 7
2021-12-24 12:35:48,129 (DEBUG): b'tIME' 115 7 (unknown)
2021-12-24 12:35:48,129 (DEBUG): STREAM b'IDAT' 134 32768
2021-12-24 12:35:48,146 (DEBUG): STREAM b'IHDR' 16 13
2021-12-24 12:35:48,146 (DEBUG): STREAM b'gAMA' 41 4
2021-12-24 12:35:48,146 (DEBUG): STREAM b'cHRM' 57 32
2021-12-24 12:35:48,146 (DEBUG): STREAM b'bKGD' 101 2
2021-12-24 12:35:48,146 (DEBUG): b'bKGD' 101 2 (unknown)
2021-12-24 12:35:48,146 (DEBUG): STREAM b'tIME' 115 7
2021-12-24 12:35:48,146 (DEBUG): b'tIME' 115 7 (unknown)
2021-12-24 12:35:48,146 (DEBUG): STREAM b'IDAT' 134 32768
2021-12-24 12:35:48,164 (DEBUG): STREAM b'IHDR' 16 13
2021-12-24 12:35:48,164 (DEBUG): STREAM b'gAMA' 41 4
2021-12-24 12:35:48,164 (DEBUG): STREAM b'cHRM' 57 32
2021-12-24 12:35:48,164 (DEBUG): STREAM b'bKGD' 101 2
2021-12-24 12:35:48,164 (DEBUG): b'bKGD' 101 2 (unknown)
2021-12-24 12:35:48,164 (DEBUG): STREAM b'tIME' 115 7
2021-12-24 12:35:48,164 (DEBUG): b'tIME' 115 7 (unknown)
2021-12-24 12:35:48,164 (DEBUG): STREAM b'IDAT' 134 32768
2021-12-24 12:35:48,178 (DEBUG): STREAM b'IHDR' 16 13
2021-12-24 12:35:48,178 (DEBUG): STREAM b'gAMA' 41 4
2021-12-24 12:35:48,179 (DEBUG): STREAM b'cHRM' 57 32
2021-12-24 12:35:48,179 (DEBUG): STREAM b'bKGD' 101 2
2021-12-24 12:35:48,179 (DEBUG): b'bKGD' 101 2 (unknown)
2021-12-24 12:35:48,179 (DEBUG): STREAM b'tIME' 115 7
2021-12-24 12:35:48,179 (DEBUG): b'tIME' 115 7 (unknown)
2021-12-24 12:35:48,179 (DEBUG): STREAM b'IDAT' 134 32768
2021-12-24 12:35:48,238 (DEBUG): STREAM b'IHDR' 16 13
2021-12-24 12:35:48,238 (DEBUG): STREAM b'gAMA' 41 4
2021-12-24 12:35:48,238 (DEBUG): STREAM b'cHRM' 57 32
2021-12-24 12:35:48,238 (DEBUG): STREAM b'bKGD' 101 2
2021-12-24 12:35:48,239 (DEBUG): b'bKGD' 101 2 (unknown)
2021-12-24 12:35:48,239 (DEBUG): STREAM b'tIME' 115 7
2021-12-24 12:35:48,239 (DEBUG): b'tIME' 115 7 (unknown)
2021-12-24 12:35:48,239 (DEBUG): STREAM b'IDAT' 134 32768
2021-12-24 12:35:48,252 (DEBUG): STREAM b'IHDR' 16 13
2021-12-24 12:35:48,252 (DEBUG): STREAM b'gAMA' 41 4
2021-12-24 12:35:48,253 (DEBUG): STREAM b'cHRM' 57 32
2021-12-24 12:35:48,253 (DEBUG): STREAM b'bKGD' 101 2
2021-12-24 12:35:48,253 (DEBUG): b'bKGD' 101 2 (unknown)
2021-12-24 12:35:48,253 (DEBUG): STREAM b'tIME' 115 7
2021-12-24 12:35:48,253 (DEBUG): b'tIME' 115 7 (unknown)
2021-12-24 12:35:48,253 (DEBUG): STREAM b'IDAT' 134 32768
2021-12-24 12:35:48,267 (DEBUG): STREAM b'IHDR' 16 13
2021-12-24 12:35:48,267 (DEBUG): STREAM b'gAMA' 41 4
2021-12-24 12:35:48,267 (DEBUG): STREAM b'cHRM' 57 32
2021-12-24 12:35:48,268 (DEBUG): STREAM b'bKGD' 101 2
2021-12-24 12:35:48,268 (DEBUG): b'bKGD' 101 2 (unknown)
2021-12-24 12:35:48,268 (DEBUG): STREAM b'tIME' 115 7
2021-12-24 12:35:48,268 (DEBUG): b'tIME' 115 7 (unknown)
2021-12-24 12:35:48,268 (DEBUG): STREAM b'IDAT' 134 32768
2021-12-24 12:35:48,283 (DEBUG): STREAM b'IHDR' 16 13
2021-12-24 12:35:48,283 (DEBUG): STREAM b'gAMA' 41 4
2021-12-24 12:35:48,283 (DEBUG): STREAM b'cHRM' 57 32
2021-12-24 12:35:48,283 (DEBUG): STREAM b'bKGD' 101 2
2021-12-24 12:35:48,283 (DEBUG): b'bKGD' 101 2 (unknown)
2021-12-24 12:35:48,283 (DEBUG): STREAM b'tIME' 115 7
2021-12-24 12:35:48,283 (DEBUG): b'tIME' 115 7 (unknown)
2021-12-24 12:35:48,283 (DEBUG): STREAM b'IDAT' 134 32768
2021-12-24 12:35:48,300 (DEBUG): STREAM b'IHDR' 16 13
2021-12-24 12:35:48,300 (DEBUG): STREAM b'gAMA' 41 4
2021-12-24 12:35:48,300 (DEBUG): STREAM b'cHRM' 57 32
2021-12-24 12:35:48,300 (DEBUG): STREAM b'bKGD' 101 2
2021-12-24 12:35:48,300 (DEBUG): b'bKGD' 101 2 (unknown)
2021-12-24 12:35:48,300 (DEBUG): STREAM b'tIME' 115 7
2021-12-24 12:35:48,300 (DEBUG): b'tIME' 115 7 (unknown)
2021-12-24 12:35:48,300 (DEBUG): STREAM b'IDAT' 134 32768
2021-12-24 12:35:48,330 (DEBUG): STREAM b'IHDR' 16 13
2021-12-24 12:35:48,330 (DEBUG): STREAM b'gAMA' 41 4
2021-12-24 12:35:48,330 (DEBUG): STREAM b'cHRM' 57 32
2021-12-24 12:35:48,330 (DEBUG): STREAM b'bKGD' 101 2
2021-12-24 12:35:48,330 (DEBUG): b'bKGD' 101 2 (unknown)
2021-12-24 12:35:48,330 (DEBUG): STREAM b'tIME' 115 7
2021-12-24 12:35:48,331 (DEBUG): b'tIME' 115 7 (unknown)
2021-12-24 12:35:48,331 (DEBUG): STREAM b'IDAT' 134 32768
2021-12-24 12:35:48,345 (DEBUG): STREAM b'IHDR' 16 13
2021-12-24 12:35:48,345 (DEBUG): STREAM b'gAMA' 41 4
2021-12-24 12:35:48,345 (DEBUG): STREAM b'cHRM' 57 32
2021-12-24 12:35:48,345 (DEBUG): STREAM b'bKGD' 101 2
2021-12-24 12:35:48,345 (DEBUG): b'bKGD' 101 2 (unknown)
2021-12-24 12:35:48,345 (DEBUG): STREAM b'tIME' 115 7
2021-12-24 12:35:48,345 (DEBUG): b'tIME' 115 7 (unknown)
2021-12-24 12:35:48,345 (DEBUG): STREAM b'IDAT' 134 32768
2021-12-24 12:35:48,391 (DEBUG): STREAM b'IHDR' 16 13
2021-12-24 12:35:48,391 (DEBUG): STREAM b'gAMA' 41 4
2021-12-24 12:35:48,391 (DEBUG): STREAM b'cHRM' 57 32
2021-12-24 12:35:48,391 (DEBUG): STREAM b'bKGD' 101 2
2021-12-24 12:35:48,391 (DEBUG): b'bKGD' 101 2 (unknown)
2021-12-24 12:35:48,392 (DEBUG): STREAM b'tIME' 115 7
2021-12-24 12:35:48,392 (DEBUG): b'tIME' 115 7 (unknown)
2021-12-24 12:35:48,392 (DEBUG): STREAM b'IDAT' 134 32768
