2021-12-24 21:52:40,067 (INFO): Log Path: D:\Source_Code\Python ++\02. updateComic\log\debug-20211224-2152.40.log
2021-12-24 21:52:42,198 (INFO): Currently Processing image
2021-12-24 21:52:42,198 (INFO): Processing Titles ...
2021-12-24 21:52:42,566 (DEBUG): Get Info from structure: (2t+=sakusei toshi elosion)
2021-12-24 21:52:42,681 (DEBUG): Get Info from structure: (a-10+=koukai tanetsuke hentai koubi 2)
2021-12-24 21:52:42,694 (DEBUG): Get Info from structure: (Abubu+=Kinjo no Onnatachi ga Nazeka Ore no Ie no Furo ni Hairi ni Kuru Ken)
2021-12-24 21:52:42,706 (DEBUG): Get Info from structure: (abubu+=npc kan mod)
2021-12-24 21:52:42,720 (DEBUG): Get Info from structure: (agobitch nee-san+=Hataraku Onee-san-tachi ~Mikonritsu no Takai Machi de Hataraku Tokoya no Onee-san ni Okuchi de Shiborareru~)
2021-12-24 21:52:42,731 (DEBUG): Get Info from structure: (agobitch nee-san+=Seifuku Bishoujo)
2021-12-24 21:52:42,741 (DEBUG): Get Info from structure: (ahemaru+=slave the blood)
2021-12-24 21:52:42,750 (DEBUG): Get Info from structure: (amano ameno+=Jabami Yumeko Hentai Koushuu Benjo Tantsubo Nikubenki Onna)
2021-12-24 21:52:42,759 (DEBUG): Get Info from structure: (amano ameno+=Kyonyuu Onna Joushi Saimin Nikuningyou)
2021-12-24 21:52:42,767 (DEBUG): Get Info from structure: (Ameyama Denshin+=Stories)
2021-12-24 21:52:42,775 (DEBUG): Get Info from structure: (Arai Kei+=Boku No Kanojo)
2021-12-24 21:52:42,789 (DEBUG): Get Info from structure: (arai kei+=Boku Wa Kanojo No Namae Mo Shiranai)
2021-12-24 21:52:42,798 (DEBUG): Get Info from structure: (arai kei+=hougan kanojo)
2021-12-24 21:52:42,808 (DEBUG): Get Info from structure: (arai kei+=Stories)
2021-12-24 21:52:42,815 (DEBUG): Get Info from structure: (Arai Taiki+=Kahanshin Daiichi Shugi)
2021-12-24 21:52:42,825 (DEBUG): Get Info from structure: (arai taiki+=ochita yume no naka de)
2021-12-24 21:52:42,833 (DEBUG): Get Info from structure: (Arai Taiki+=Stories)
2021-12-24 21:52:42,850 (DEBUG): Get Info from structure: (aroma sensei+=Gwen)
2021-12-24 21:52:42,859 (DEBUG): Get Info from structure: (aroma sensei+=what's going on here)
2021-12-24 21:52:42,871 (DEBUG): Get Info from structure: (asanagi+=Stories)
2021-12-24 21:52:42,881 (DEBUG): Get Info from structure: (BeNantoka+=Stories)
2021-12-24 21:52:42,895 (DEBUG): Get Info from structure: (Bonske+=Arawareta Chijo wa Toshishita Kui no Scatolo Hentai deshita)
2021-12-24 21:52:42,905 (DEBUG): Get Info from structure: (bonske+=sono kuchi to shita de subete o uketomenasai)
2021-12-24 21:52:42,913 (DEBUG): Get Info from structure: (Dokurosan+=Stories)
2021-12-24 21:52:42,924 (DEBUG): Get Info from structure: (doujin mukashibanashi+=Stories)
2021-12-24 21:52:42,934 (DEBUG): Get Info from structure: (Enokido+=Stories)
2021-12-24 21:52:42,944 (DEBUG): Get Info from structure: (freehand tamashii+=aorare tsuma)
2021-12-24 21:52:42,956 (DEBUG): Get Info from structure: (freehand tamashii+=Incha No Oi Ga Yaritai Oba-san)
2021-12-24 21:52:42,965 (DEBUG): Get Info from structure: (freehand tamashii+=Isourou Saki No Obasan Ni Hameru!)
2021-12-24 21:52:42,974 (DEBUG): Get Info from structure: (freehand tamashii+=Stories)
2021-12-24 21:52:42,984 (DEBUG): Get Info from structure: (freehand tamashii+=Toiu Wake De, Kaa-san-tachi To Yattemita)
2021-12-24 21:52:42,993 (DEBUG): Get Info from structure: (freehand tamasshii+=Shin Mama O Netoruze!)
2021-12-24 21:52:43,005 (DEBUG): Get Info from structure: (gonza+=av mama)
2021-12-24 21:52:43,015 (DEBUG): Get Info from structure: (gonza+=matching appli)
2021-12-24 21:52:43,024 (DEBUG): Get Info from structure: (Gonza+=Mayonaka No Haha)
2021-12-24 21:52:43,032 (DEBUG): Get Info from structure: (gonza+=my three horny moms)
2021-12-24 21:52:43,042 (DEBUG): Get Info from structure: (gonza+=Nonfiction ~boshi Soukan No Kioku~)
2021-12-24 21:52:43,050 (DEBUG): Get Info from structure: (gonza+=stories)
2021-12-24 21:52:43,066 (DEBUG): Get Info from structure: (mizone+=Ajin Iryou Sougou Center e Youkoso!)
2021-12-24 21:52:43,075 (DEBUG): Get Info from structure: (mizone+=Jikyuu 1500 yen!! Gyogyou o Tetsudau Kantan na Oshigoto desu)
2021-12-24 21:52:43,084 (DEBUG): Get Info from structure: (mizone+=Kindan no Shohousen)
2021-12-24 21:52:43,093 (DEBUG): Get Info from structure: (mizone+=monster romance)
2021-12-24 21:52:43,104 (DEBUG): Get Info from structure: (mizone+=monster smash)
2021-12-24 21:52:43,113 (DEBUG): Get Info from structure: (mizone+=Otherworldly Maidens Series)
2021-12-24 21:52:43,123 (DEBUG): Get Info from structure: (mizone+=stories)
2021-12-24 21:52:43,133 (DEBUG): Get Info from structure: (mizone+=Zasshoku Yuusha)
2021-12-24 21:52:43,144 (DEBUG): Get Info from structure: (Tsusauto+=Jichikai no Hitozuma wa Totemo Ecchi deshita)
2021-12-24 21:52:43,155 (INFO): Processing Chapters / Episodes ...
2021-12-24 21:52:43,482 (INFO): Processing Chapters & Pages ... 
