2021-12-24 13:20:02,887 (INFO): Log Path: D:\Source_Code\Python ++\02. updateComic\log\debug-20211224-1320.02.log
2021-12-24 13:20:05,071 (INFO): Currently Processing image
2021-12-24 13:20:05,071 (INFO): Processing Titles ...
2021-12-24 13:20:05,482 (DEBUG): Get Info from structure: (2t+=sakusei toshi elosion)
2021-12-24 13:20:05,589 (DEBUG): Get Info from structure: (a-10+=koukai tanetsuke hentai koubi 2)
2021-12-24 13:20:05,598 (DEBUG): Get Info from structure: (Abubu+=Kinjo no Onnatachi ga Nazeka Ore no Ie no Furo ni Hairi ni Kuru Ken)
2021-12-24 13:20:05,606 (DEBUG): Get Info from structure: (abubu+=npc kan mod)
2021-12-24 13:20:05,616 (DEBUG): Get Info from structure: (agobitch nee-san+=Hataraku Onee-san-tachi ~Mikonritsu no Takai Machi de Hataraku Tokoya no Onee-san ni Okuchi de Shiborareru~)
2021-12-24 13:20:05,629 (DEBUG): Get Info from structure: (agobitch nee-san+=Seifuku Bishoujo)
2021-12-24 13:20:05,640 (DEBUG): Get Info from structure: (ahemaru+=slave the blood)
2021-12-24 13:20:05,650 (DEBUG): Get Info from structure: (amano ameno+=Jabami Yumeko Hentai Koushuu Benjo Tantsubo Nikubenki Onna)
2021-12-24 13:20:05,661 (DEBUG): Get Info from structure: (amano ameno+=Kyonyuu Onna Joushi Saimin Nikuningyou)
2021-12-24 13:20:05,670 (DEBUG): Get Info from structure: (Ameyama Denshin+=Stories)
2021-12-24 13:20:05,679 (DEBUG): Get Info from structure: (Arai Kei+=Boku No Kanojo)
2021-12-24 13:20:05,687 (DEBUG): Get Info from structure: (arai kei+=Boku Wa Kanojo No Namae Mo Shiranai)
2021-12-24 13:20:05,697 (DEBUG): Get Info from structure: (arai kei+=hougan kanojo)
2021-12-24 13:20:05,707 (DEBUG): Get Info from structure: (arai kei+=Stories)
2021-12-24 13:20:05,717 (DEBUG): Get Info from structure: (Arai Taiki+=Kahanshin Daiichi Shugi)
2021-12-24 13:20:05,725 (DEBUG): Get Info from structure: (arai taiki+=ochita yume no naka de)
2021-12-24 13:20:05,733 (DEBUG): Get Info from structure: (Arai Taiki+=Stories)
2021-12-24 13:20:05,741 (DEBUG): Get Info from structure: (aroma sensei+=Gwen)
2021-12-24 13:20:05,749 (DEBUG): Get Info from structure: (aroma sensei+=what's going on here)
2021-12-24 13:20:05,760 (DEBUG): Get Info from structure: (asanagi+=Stories)
2021-12-24 13:20:05,770 (DEBUG): Get Info from structure: (BeNantoka+=Stories)
2021-12-24 13:20:05,781 (DEBUG): Get Info from structure: (Bonske+=Arawareta Chijo wa Toshishita Kui no Scatolo Hentai deshita)
2021-12-24 13:20:05,788 (DEBUG): Get Info from structure: (bonske+=sono kuchi to shita de subete o uketomenasai)
2021-12-24 13:20:05,798 (DEBUG): Get Info from structure: (Dokurosan+=Stories)
2021-12-24 13:20:05,808 (DEBUG): Get Info from structure: (Enokido+=Stories)
2021-12-24 13:20:05,816 (DEBUG): Get Info from structure: (freehand tamashii+=aorare tsuma)
2021-12-24 13:20:05,824 (DEBUG): Get Info from structure: (freehand tamashii+=Incha No Oi Ga Yaritai Oba-san)
2021-12-24 13:20:05,836 (DEBUG): Get Info from structure: (freehand tamashii+=Isourou Saki No Obasan Ni Hameru!)
2021-12-24 13:20:05,844 (DEBUG): Get Info from structure: (freehand tamashii+=Stories)
2021-12-24 13:20:05,853 (DEBUG): Get Info from structure: (freehand tamashii+=Toiu Wake De, Kaa-san-tachi To Yattemita)
2021-12-24 13:20:05,864 (DEBUG): Get Info from structure: (freehand tamasshii+=Shin Mama O Netoruze!)
2021-12-24 13:20:05,875 (DEBUG): Get Info from structure: (gonza+=av mama)
2021-12-24 13:20:05,885 (DEBUG): Get Info from structure: (gonza+=matching appli)
2021-12-24 13:20:05,893 (DEBUG): Get Info from structure: (Gonza+=Mayonaka No Haha)
2021-12-24 13:20:05,903 (DEBUG): Get Info from structure: (gonza+=my three horny moms)
2021-12-24 13:20:05,912 (DEBUG): Get Info from structure: (gonza+=Nonfiction ~boshi Soukan No Kioku~)
2021-12-24 13:20:05,921 (DEBUG): Get Info from structure: (gonza+=stories)
2021-12-24 13:20:05,932 (DEBUG): Get Info from structure: (mizone+=Ajin Iryou Sougou Center e Youkoso!)
2021-12-24 13:20:05,940 (DEBUG): Get Info from structure: (mizone+=Jikyuu 1500 yen!! Gyogyou o Tetsudau Kantan na Oshigoto desu)
2021-12-24 13:20:05,948 (DEBUG): Get Info from structure: (mizone+=Kindan no Shohousen)
2021-12-24 13:20:05,956 (DEBUG): Get Info from structure: (mizone+=monster romance)
2021-12-24 13:20:05,971 (DEBUG): Get Info from structure: (mizone+=monster smash)
2021-12-24 13:20:05,983 (DEBUG): Get Info from structure: (mizone+=Otherworldly Maidens Series)
2021-12-24 13:20:05,990 (DEBUG): Get Info from structure: (mizone+=stories)
2021-12-24 13:20:06,001 (DEBUG): Get Info from structure: (mizone+=Zasshoku Yuusha)
2021-12-24 13:20:06,010 (DEBUG): Get Info from structure: (Tsusauto+=Jichikai no Hitozuma wa Totemo Ecchi deshita)
2021-12-24 13:20:06,020 (INFO): Processing Chapters / Episodes ...
2021-12-24 13:20:06,082 (INFO): Processing Chapters & Pages ... 
2021-12-24 13:21:51,749 (DEBUG): STREAM b'IHDR' 16 13
2021-12-24 13:21:51,750 (DEBUG): STREAM b'gAMA' 41 4
2021-12-24 13:21:51,750 (DEBUG): STREAM b'cHRM' 57 32
2021-12-24 13:21:51,750 (DEBUG): STREAM b'bKGD' 101 2
2021-12-24 13:21:51,750 (DEBUG): b'bKGD' 101 2 (unknown)
2021-12-24 13:21:51,750 (DEBUG): STREAM b'tIME' 115 7
2021-12-24 13:21:51,751 (DEBUG): b'tIME' 115 7 (unknown)
2021-12-24 13:21:51,751 (DEBUG): STREAM b'IDAT' 134 32768
2021-12-24 13:21:51,769 (DEBUG): STREAM b'IHDR' 16 13
2021-12-24 13:21:51,769 (DEBUG): STREAM b'gAMA' 41 4
2021-12-24 13:21:51,769 (DEBUG): STREAM b'cHRM' 57 32
2021-12-24 13:21:51,769 (DEBUG): STREAM b'bKGD' 101 2
2021-12-24 13:21:51,770 (DEBUG): b'bKGD' 101 2 (unknown)
2021-12-24 13:21:51,770 (DEBUG): STREAM b'tIME' 115 7
2021-12-24 13:21:51,770 (DEBUG): b'tIME' 115 7 (unknown)
2021-12-24 13:21:51,770 (DEBUG): STREAM b'IDAT' 134 32768
2021-12-24 13:21:51,788 (DEBUG): STREAM b'IHDR' 16 13
2021-12-24 13:21:51,788 (DEBUG): STREAM b'gAMA' 41 4
2021-12-24 13:21:51,788 (DEBUG): STREAM b'cHRM' 57 32
2021-12-24 13:21:51,789 (DEBUG): STREAM b'bKGD' 101 2
2021-12-24 13:21:51,789 (DEBUG): b'bKGD' 101 2 (unknown)
2021-12-24 13:21:51,789 (DEBUG): STREAM b'tIME' 115 7
2021-12-24 13:21:51,789 (DEBUG): b'tIME' 115 7 (unknown)
2021-12-24 13:21:51,789 (DEBUG): STREAM b'IDAT' 134 32768
2021-12-24 13:21:51,806 (DEBUG): STREAM b'IHDR' 16 13
2021-12-24 13:21:51,806 (DEBUG): STREAM b'gAMA' 41 4
2021-12-24 13:21:51,806 (DEBUG): STREAM b'cHRM' 57 32
2021-12-24 13:21:51,806 (DEBUG): STREAM b'bKGD' 101 2
2021-12-24 13:21:51,806 (DEBUG): b'bKGD' 101 2 (unknown)
2021-12-24 13:21:51,806 (DEBUG): STREAM b'tIME' 115 7
2021-12-24 13:21:51,806 (DEBUG): b'tIME' 115 7 (unknown)
2021-12-24 13:21:51,806 (DEBUG): STREAM b'IDAT' 134 32768
2021-12-24 13:21:51,821 (DEBUG): STREAM b'IHDR' 16 13
2021-12-24 13:21:51,822 (DEBUG): STREAM b'gAMA' 41 4
2021-12-24 13:21:51,822 (DEBUG): STREAM b'cHRM' 57 32
2021-12-24 13:21:51,822 (DEBUG): STREAM b'bKGD' 101 2
2021-12-24 13:21:51,822 (DEBUG): b'bKGD' 101 2 (unknown)
2021-12-24 13:21:51,822 (DEBUG): STREAM b'tIME' 115 7
2021-12-24 13:21:51,822 (DEBUG): b'tIME' 115 7 (unknown)
2021-12-24 13:21:51,822 (DEBUG): STREAM b'IDAT' 134 32768
2021-12-24 13:21:51,852 (DEBUG): STREAM b'IHDR' 16 13
2021-12-24 13:21:51,852 (DEBUG): STREAM b'gAMA' 41 4
2021-12-24 13:21:51,852 (DEBUG): STREAM b'cHRM' 57 32
2021-12-24 13:21:51,852 (DEBUG): STREAM b'bKGD' 101 2
2021-12-24 13:21:51,852 (DEBUG): b'bKGD' 101 2 (unknown)
2021-12-24 13:21:51,852 (DEBUG): STREAM b'tIME' 115 7
2021-12-24 13:21:51,852 (DEBUG): b'tIME' 115 7 (unknown)
2021-12-24 13:21:51,852 (DEBUG): STREAM b'IDAT' 134 32768
2021-12-24 13:21:51,868 (DEBUG): STREAM b'IHDR' 16 13
2021-12-24 13:21:51,868 (DEBUG): STREAM b'gAMA' 41 4
2021-12-24 13:21:51,868 (DEBUG): STREAM b'cHRM' 57 32
2021-12-24 13:21:51,868 (DEBUG): STREAM b'bKGD' 101 2
2021-12-24 13:21:51,868 (DEBUG): b'bKGD' 101 2 (unknown)
2021-12-24 13:21:51,868 (DEBUG): STREAM b'tIME' 115 7
2021-12-24 13:21:51,868 (DEBUG): b'tIME' 115 7 (unknown)
2021-12-24 13:21:51,868 (DEBUG): STREAM b'IDAT' 134 32768
2021-12-24 13:21:51,882 (DEBUG): STREAM b'IHDR' 16 13
2021-12-24 13:21:51,883 (DEBUG): STREAM b'gAMA' 41 4
2021-12-24 13:21:51,883 (DEBUG): STREAM b'cHRM' 57 32
2021-12-24 13:21:51,883 (DEBUG): STREAM b'bKGD' 101 2
2021-12-24 13:21:51,883 (DEBUG): b'bKGD' 101 2 (unknown)
2021-12-24 13:21:51,884 (DEBUG): STREAM b'tIME' 115 7
2021-12-24 13:21:51,884 (DEBUG): b'tIME' 115 7 (unknown)
2021-12-24 13:21:51,884 (DEBUG): STREAM b'IDAT' 134 32768
2021-12-24 13:21:51,899 (DEBUG): STREAM b'IHDR' 16 13
2021-12-24 13:21:51,899 (DEBUG): STREAM b'gAMA' 41 4
2021-12-24 13:21:51,899 (DEBUG): STREAM b'cHRM' 57 32
2021-12-24 13:21:51,899 (DEBUG): STREAM b'bKGD' 101 2
2021-12-24 13:21:51,899 (DEBUG): b'bKGD' 101 2 (unknown)
2021-12-24 13:21:51,899 (DEBUG): STREAM b'tIME' 115 7
2021-12-24 13:21:51,900 (DEBUG): b'tIME' 115 7 (unknown)
2021-12-24 13:21:51,900 (DEBUG): STREAM b'IDAT' 134 32768
2021-12-24 13:21:51,917 (DEBUG): STREAM b'IHDR' 16 13
2021-12-24 13:21:51,917 (DEBUG): STREAM b'gAMA' 41 4
2021-12-24 13:21:51,917 (DEBUG): STREAM b'cHRM' 57 32
2021-12-24 13:21:51,917 (DEBUG): STREAM b'bKGD' 101 2
2021-12-24 13:21:51,917 (DEBUG): b'bKGD' 101 2 (unknown)
2021-12-24 13:21:51,917 (DEBUG): STREAM b'tIME' 115 7
2021-12-24 13:21:51,917 (DEBUG): b'tIME' 115 7 (unknown)
2021-12-24 13:21:51,917 (DEBUG): STREAM b'IDAT' 134 32768
2021-12-24 13:21:51,933 (DEBUG): STREAM b'IHDR' 16 13
2021-12-24 13:21:51,933 (DEBUG): STREAM b'gAMA' 41 4
2021-12-24 13:21:51,934 (DEBUG): STREAM b'cHRM' 57 32
2021-12-24 13:21:51,934 (DEBUG): STREAM b'bKGD' 101 2
2021-12-24 13:21:51,934 (DEBUG): b'bKGD' 101 2 (unknown)
2021-12-24 13:21:51,934 (DEBUG): STREAM b'tIME' 115 7
2021-12-24 13:21:51,934 (DEBUG): b'tIME' 115 7 (unknown)
2021-12-24 13:21:51,934 (DEBUG): STREAM b'IDAT' 134 32768
2021-12-24 13:21:51,947 (DEBUG): STREAM b'IHDR' 16 13
2021-12-24 13:21:51,948 (DEBUG): STREAM b'gAMA' 41 4
2021-12-24 13:21:51,948 (DEBUG): STREAM b'cHRM' 57 32
2021-12-24 13:21:51,948 (DEBUG): STREAM b'bKGD' 101 2
2021-12-24 13:21:51,948 (DEBUG): b'bKGD' 101 2 (unknown)
2021-12-24 13:21:51,948 (DEBUG): STREAM b'tIME' 115 7
2021-12-24 13:21:51,948 (DEBUG): b'tIME' 115 7 (unknown)
2021-12-24 13:21:51,948 (DEBUG): STREAM b'IDAT' 134 32768
2021-12-24 13:21:51,964 (DEBUG): STREAM b'IHDR' 16 13
2021-12-24 13:21:51,964 (DEBUG): STREAM b'gAMA' 41 4
2021-12-24 13:21:51,964 (DEBUG): STREAM b'cHRM' 57 32
2021-12-24 13:21:51,964 (DEBUG): STREAM b'bKGD' 101 2
2021-12-24 13:21:51,964 (DEBUG): b'bKGD' 101 2 (unknown)
2021-12-24 13:21:51,964 (DEBUG): STREAM b'tIME' 115 7
2021-12-24 13:21:51,965 (DEBUG): b'tIME' 115 7 (unknown)
2021-12-24 13:21:51,965 (DEBUG): STREAM b'IDAT' 134 32768
2021-12-24 13:21:51,980 (DEBUG): STREAM b'IHDR' 16 13
2021-12-24 13:21:51,981 (DEBUG): STREAM b'gAMA' 41 4
2021-12-24 13:21:51,981 (DEBUG): STREAM b'cHRM' 57 32
2021-12-24 13:21:51,981 (DEBUG): STREAM b'bKGD' 101 2
2021-12-24 13:21:51,982 (DEBUG): b'bKGD' 101 2 (unknown)
2021-12-24 13:21:51,982 (DEBUG): STREAM b'tIME' 115 7
2021-12-24 13:21:51,982 (DEBUG): b'tIME' 115 7 (unknown)
2021-12-24 13:21:51,982 (DEBUG): STREAM b'IDAT' 134 32768
2021-12-24 13:21:51,998 (DEBUG): STREAM b'IHDR' 16 13
2021-12-24 13:21:51,998 (DEBUG): STREAM b'gAMA' 41 4
2021-12-24 13:21:51,998 (DEBUG): STREAM b'cHRM' 57 32
2021-12-24 13:21:51,998 (DEBUG): STREAM b'bKGD' 101 2
2021-12-24 13:21:51,998 (DEBUG): b'bKGD' 101 2 (unknown)
2021-12-24 13:21:51,998 (DEBUG): STREAM b'tIME' 115 7
2021-12-24 13:21:51,998 (DEBUG): b'tIME' 115 7 (unknown)
2021-12-24 13:21:51,998 (DEBUG): STREAM b'IDAT' 134 32768
2021-12-24 13:21:52,012 (DEBUG): STREAM b'IHDR' 16 13
2021-12-24 13:21:52,013 (DEBUG): STREAM b'gAMA' 41 4
2021-12-24 13:21:52,013 (DEBUG): STREAM b'cHRM' 57 32
2021-12-24 13:21:52,013 (DEBUG): STREAM b'bKGD' 101 2
2021-12-24 13:21:52,013 (DEBUG): b'bKGD' 101 2 (unknown)
2021-12-24 13:21:52,013 (DEBUG): STREAM b'tIME' 115 7
2021-12-24 13:21:52,013 (DEBUG): b'tIME' 115 7 (unknown)
2021-12-24 13:21:52,013 (DEBUG): STREAM b'IDAT' 134 32768
2021-12-24 13:21:52,053 (DEBUG): STREAM b'IHDR' 16 13
2021-12-24 13:21:52,053 (DEBUG): STREAM b'gAMA' 41 4
2021-12-24 13:21:52,053 (DEBUG): STREAM b'cHRM' 57 32
2021-12-24 13:21:52,053 (DEBUG): STREAM b'bKGD' 101 2
2021-12-24 13:21:52,053 (DEBUG): b'bKGD' 101 2 (unknown)
2021-12-24 13:21:52,054 (DEBUG): STREAM b'tIME' 115 7
2021-12-24 13:21:52,054 (DEBUG): b'tIME' 115 7 (unknown)
2021-12-24 13:21:52,054 (DEBUG): STREAM b'IDAT' 134 32768
2021-12-24 13:21:52,071 (DEBUG): STREAM b'IHDR' 16 13
2021-12-24 13:21:52,071 (DEBUG): STREAM b'gAMA' 41 4
2021-12-24 13:21:52,071 (DEBUG): STREAM b'cHRM' 57 32
2021-12-24 13:21:52,071 (DEBUG): STREAM b'bKGD' 101 2
2021-12-24 13:21:52,072 (DEBUG): b'bKGD' 101 2 (unknown)
2021-12-24 13:21:52,072 (DEBUG): STREAM b'tIME' 115 7
2021-12-24 13:21:52,072 (DEBUG): b'tIME' 115 7 (unknown)
2021-12-24 13:21:52,072 (DEBUG): STREAM b'IDAT' 134 32768
2021-12-24 13:21:52,092 (DEBUG): STREAM b'IHDR' 16 13
2021-12-24 13:21:52,092 (DEBUG): STREAM b'gAMA' 41 4
2021-12-24 13:21:52,093 (DEBUG): STREAM b'cHRM' 57 32
2021-12-24 13:21:52,093 (DEBUG): STREAM b'bKGD' 101 2
2021-12-24 13:21:52,093 (DEBUG): b'bKGD' 101 2 (unknown)
2021-12-24 13:21:52,093 (DEBUG): STREAM b'tIME' 115 7
2021-12-24 13:21:52,093 (DEBUG): b'tIME' 115 7 (unknown)
2021-12-24 13:21:52,093 (DEBUG): STREAM b'IDAT' 134 32768
2021-12-24 13:21:52,109 (DEBUG): STREAM b'IHDR' 16 13
2021-12-24 13:21:52,111 (DEBUG): STREAM b'gAMA' 41 4
2021-12-24 13:21:52,111 (DEBUG): STREAM b'cHRM' 57 32
2021-12-24 13:21:52,111 (DEBUG): STREAM b'bKGD' 101 2
2021-12-24 13:21:52,111 (DEBUG): b'bKGD' 101 2 (unknown)
2021-12-24 13:21:52,111 (DEBUG): STREAM b'tIME' 115 7
2021-12-24 13:21:52,111 (DEBUG): b'tIME' 115 7 (unknown)
2021-12-24 13:21:52,111 (DEBUG): STREAM b'IDAT' 134 32768
2021-12-24 13:21:52,179 (DEBUG): STREAM b'IHDR' 16 13
2021-12-24 13:21:52,179 (DEBUG): STREAM b'gAMA' 41 4
2021-12-24 13:21:52,179 (DEBUG): STREAM b'cHRM' 57 32
2021-12-24 13:21:52,179 (DEBUG): STREAM b'bKGD' 101 2
2021-12-24 13:21:52,179 (DEBUG): b'bKGD' 101 2 (unknown)
2021-12-24 13:21:52,179 (DEBUG): STREAM b'tIME' 115 7
2021-12-24 13:21:52,179 (DEBUG): b'tIME' 115 7 (unknown)
2021-12-24 13:21:52,180 (DEBUG): STREAM b'IDAT' 134 32768
2021-12-24 13:21:52,194 (DEBUG): STREAM b'IHDR' 16 13
2021-12-24 13:21:52,194 (DEBUG): STREAM b'gAMA' 41 4
2021-12-24 13:21:52,195 (DEBUG): STREAM b'cHRM' 57 32
2021-12-24 13:21:52,195 (DEBUG): STREAM b'bKGD' 101 2
2021-12-24 13:21:52,195 (DEBUG): b'bKGD' 101 2 (unknown)
2021-12-24 13:21:52,195 (DEBUG): STREAM b'tIME' 115 7
2021-12-24 13:21:52,195 (DEBUG): b'tIME' 115 7 (unknown)
2021-12-24 13:21:52,195 (DEBUG): STREAM b'IDAT' 134 32768
2021-12-24 13:21:52,210 (DEBUG): STREAM b'IHDR' 16 13
2021-12-24 13:21:52,210 (DEBUG): STREAM b'gAMA' 41 4
2021-12-24 13:21:52,210 (DEBUG): STREAM b'cHRM' 57 32
2021-12-24 13:21:52,210 (DEBUG): STREAM b'bKGD' 101 2
2021-12-24 13:21:52,210 (DEBUG): b'bKGD' 101 2 (unknown)
2021-12-24 13:21:52,210 (DEBUG): STREAM b'tIME' 115 7
2021-12-24 13:21:52,210 (DEBUG): b'tIME' 115 7 (unknown)
2021-12-24 13:21:52,210 (DEBUG): STREAM b'IDAT' 134 32768
2021-12-24 13:21:52,225 (DEBUG): STREAM b'IHDR' 16 13
2021-12-24 13:21:52,225 (DEBUG): STREAM b'gAMA' 41 4
2021-12-24 13:21:52,225 (DEBUG): STREAM b'cHRM' 57 32
2021-12-24 13:21:52,226 (DEBUG): STREAM b'bKGD' 101 2
2021-12-24 13:21:52,226 (DEBUG): b'bKGD' 101 2 (unknown)
2021-12-24 13:21:52,226 (DEBUG): STREAM b'tIME' 115 7
2021-12-24 13:21:52,226 (DEBUG): b'tIME' 115 7 (unknown)
2021-12-24 13:21:52,226 (DEBUG): STREAM b'IDAT' 134 32768
2021-12-24 13:21:52,239 (DEBUG): STREAM b'IHDR' 16 13
2021-12-24 13:21:52,247 (DEBUG): STREAM b'gAMA' 41 4
2021-12-24 13:21:52,247 (DEBUG): STREAM b'cHRM' 57 32
2021-12-24 13:21:52,247 (DEBUG): STREAM b'bKGD' 101 2
2021-12-24 13:21:52,247 (DEBUG): b'bKGD' 101 2 (unknown)
2021-12-24 13:21:52,247 (DEBUG): STREAM b'tIME' 115 7
2021-12-24 13:21:52,247 (DEBUG): b'tIME' 115 7 (unknown)
2021-12-24 13:21:52,247 (DEBUG): STREAM b'IDAT' 134 32768
2021-12-24 13:21:52,284 (DEBUG): STREAM b'IHDR' 16 13
2021-12-24 13:21:52,285 (DEBUG): STREAM b'gAMA' 41 4
2021-12-24 13:21:52,285 (DEBUG): STREAM b'cHRM' 57 32
2021-12-24 13:21:52,285 (DEBUG): STREAM b'bKGD' 101 2
2021-12-24 13:21:52,285 (DEBUG): b'bKGD' 101 2 (unknown)
2021-12-24 13:21:52,285 (DEBUG): STREAM b'tIME' 115 7
2021-12-24 13:21:52,285 (DEBUG): b'tIME' 115 7 (unknown)
2021-12-24 13:21:52,285 (DEBUG): STREAM b'IDAT' 134 32768
2021-12-24 13:21:52,306 (DEBUG): STREAM b'IHDR' 16 13
2021-12-24 13:21:52,306 (DEBUG): STREAM b'gAMA' 41 4
2021-12-24 13:21:52,306 (DEBUG): STREAM b'cHRM' 57 32
2021-12-24 13:21:52,311 (DEBUG): STREAM b'bKGD' 101 2
2021-12-24 13:21:52,311 (DEBUG): b'bKGD' 101 2 (unknown)
2021-12-24 13:21:52,311 (DEBUG): STREAM b'tIME' 115 7
2021-12-24 13:21:52,311 (DEBUG): b'tIME' 115 7 (unknown)
2021-12-24 13:21:52,311 (DEBUG): STREAM b'IDAT' 134 32768
2021-12-24 13:21:52,400 (DEBUG): STREAM b'IHDR' 16 13
2021-12-24 13:21:52,400 (DEBUG): STREAM b'gAMA' 41 4
2021-12-24 13:21:52,400 (DEBUG): STREAM b'cHRM' 57 32
2021-12-24 13:21:52,400 (DEBUG): STREAM b'bKGD' 101 2
2021-12-24 13:21:52,400 (DEBUG): b'bKGD' 101 2 (unknown)
2021-12-24 13:21:52,400 (DEBUG): STREAM b'tIME' 115 7
2021-12-24 13:21:52,400 (DEBUG): b'tIME' 115 7 (unknown)
2021-12-24 13:21:52,400 (DEBUG): STREAM b'IDAT' 134 32768
