2021-12-24 20:52:29,122 (INFO): Log Path: D:\Source_Code\Python ++\02. updateComic\log\debug-20211224-2052.29.log
2021-12-24 20:52:31,274 (INFO): Currently Processing image
2021-12-24 20:52:31,274 (INFO): Processing Titles ...
2021-12-24 20:52:31,655 (DEBUG): Get Info from structure: (2t+=sakusei toshi elosion)
2021-12-24 20:52:31,734 (DEBUG): Get Info from structure: (a-10+=koukai tanetsuke hentai koubi 2)
2021-12-24 20:52:31,746 (DEBUG): Get Info from structure: (Abubu+=Kinjo no Onnatachi ga Nazeka Ore no Ie no Furo ni Hairi ni Kuru Ken)
2021-12-24 20:52:31,758 (DEBUG): Get Info from structure: (abubu+=npc kan mod)
2021-12-24 20:52:31,768 (DEBUG): Get Info from structure: (agobitch nee-san+=Hataraku Onee-san-tachi ~Mikonritsu no Takai Machi de Hataraku Tokoya no Onee-san ni Okuchi de Shiborareru~)
2021-12-24 20:52:31,776 (DEBUG): Get Info from structure: (agobitch nee-san+=Seifuku Bishoujo)
2021-12-24 20:52:31,784 (DEBUG): Get Info from structure: (ahemaru+=slave the blood)
2021-12-24 20:52:31,794 (DEBUG): Get Info from structure: (amano ameno+=Jabami Yumeko Hentai Koushuu Benjo Tantsubo Nikubenki Onna)
2021-12-24 20:52:31,802 (DEBUG): Get Info from structure: (amano ameno+=Kyonyuu Onna Joushi Saimin Nikuningyou)
2021-12-24 20:52:31,813 (DEBUG): Get Info from structure: (Ameyama Denshin+=Stories)
2021-12-24 20:52:31,823 (DEBUG): Get Info from structure: (Arai Kei+=Boku No Kanojo)
2021-12-24 20:52:31,832 (DEBUG): Get Info from structure: (arai kei+=Boku Wa Kanojo No Namae Mo Shiranai)
2021-12-24 20:52:31,842 (DEBUG): Get Info from structure: (arai kei+=hougan kanojo)
2021-12-24 20:52:31,850 (DEBUG): Get Info from structure: (arai kei+=Stories)
2021-12-24 20:52:31,860 (DEBUG): Get Info from structure: (Arai Taiki+=Kahanshin Daiichi Shugi)
2021-12-24 20:52:31,868 (DEBUG): Get Info from structure: (arai taiki+=ochita yume no naka de)
2021-12-24 20:52:31,879 (DEBUG): Get Info from structure: (Arai Taiki+=Stories)
2021-12-24 20:52:31,889 (DEBUG): Get Info from structure: (aroma sensei+=Gwen)
2021-12-24 20:52:31,900 (DEBUG): Get Info from structure: (aroma sensei+=what's going on here)
2021-12-24 20:52:31,911 (DEBUG): Get Info from structure: (asanagi+=Stories)
2021-12-24 20:52:31,919 (DEBUG): Get Info from structure: (BeNantoka+=Stories)
2021-12-24 20:52:31,931 (DEBUG): Get Info from structure: (Bonske+=Arawareta Chijo wa Toshishita Kui no Scatolo Hentai deshita)
2021-12-24 20:52:31,942 (DEBUG): Get Info from structure: (bonske+=sono kuchi to shita de subete o uketomenasai)
2021-12-24 20:52:31,951 (DEBUG): Get Info from structure: (Dokurosan+=Stories)
2021-12-24 20:52:31,964 (DEBUG): Get Info from structure: (doujin mukashibanashi+=Stories)
2021-12-24 20:52:31,975 (DEBUG): Get Info from structure: (Enokido+=Stories)
2021-12-24 20:52:31,984 (DEBUG): Get Info from structure: (freehand tamashii+=aorare tsuma)
2021-12-24 20:52:31,994 (DEBUG): Get Info from structure: (freehand tamashii+=Incha No Oi Ga Yaritai Oba-san)
2021-12-24 20:52:32,001 (DEBUG): Get Info from structure: (freehand tamashii+=Isourou Saki No Obasan Ni Hameru!)
2021-12-24 20:52:32,012 (DEBUG): Get Info from structure: (freehand tamashii+=Stories)
2021-12-24 20:52:32,025 (DEBUG): Get Info from structure: (freehand tamashii+=Toiu Wake De, Kaa-san-tachi To Yattemita)
2021-12-24 20:52:32,033 (DEBUG): Get Info from structure: (freehand tamasshii+=Shin Mama O Netoruze!)
2021-12-24 20:52:32,043 (DEBUG): Get Info from structure: (gonza+=av mama)
2021-12-24 20:52:32,051 (DEBUG): Get Info from structure: (gonza+=matching appli)
2021-12-24 20:52:32,061 (DEBUG): Get Info from structure: (Gonza+=Mayonaka No Haha)
2021-12-24 20:52:32,071 (DEBUG): Get Info from structure: (gonza+=my three horny moms)
2021-12-24 20:52:32,082 (DEBUG): Get Info from structure: (gonza+=Nonfiction ~boshi Soukan No Kioku~)
2021-12-24 20:52:32,093 (DEBUG): Get Info from structure: (gonza+=stories)
2021-12-24 20:52:32,103 (DEBUG): Get Info from structure: (mizone+=Ajin Iryou Sougou Center e Youkoso!)
2021-12-24 20:52:32,112 (DEBUG): Get Info from structure: (mizone+=Jikyuu 1500 yen!! Gyogyou o Tetsudau Kantan na Oshigoto desu)
2021-12-24 20:52:32,122 (DEBUG): Get Info from structure: (mizone+=Kindan no Shohousen)
2021-12-24 20:52:32,131 (DEBUG): Get Info from structure: (mizone+=monster romance)
2021-12-24 20:52:32,142 (DEBUG): Get Info from structure: (mizone+=monster smash)
2021-12-24 20:52:32,151 (DEBUG): Get Info from structure: (mizone+=Otherworldly Maidens Series)
2021-12-24 20:52:32,162 (DEBUG): Get Info from structure: (mizone+=stories)
2021-12-24 20:52:32,175 (DEBUG): Get Info from structure: (mizone+=Zasshoku Yuusha)
2021-12-24 20:52:32,184 (DEBUG): Get Info from structure: (Tsusauto+=Jichikai no Hitozuma wa Totemo Ecchi deshita)
2021-12-24 20:52:32,193 (INFO): Processing Chapters / Episodes ...
2021-12-24 20:52:32,230 (INFO): Processing Chapters & Pages ... 
2021-12-24 20:53:22,149 (DEBUG): STREAM b'IHDR' 16 13
2021-12-24 20:53:22,167 (DEBUG): STREAM b'tEXt' 41 25
2021-12-24 20:53:22,167 (DEBUG): STREAM b'iTXt' 78 888
2021-12-24 20:53:22,167 (DEBUG): STREAM b'PLTE' 978 96
2021-12-24 20:53:22,167 (DEBUG): STREAM b'IDAT' 1086 62731
2021-12-24 20:54:14,607 (DEBUG): STREAM b'IHDR' 16 13
2021-12-24 20:54:14,607 (DEBUG): STREAM b'gAMA' 41 4
2021-12-24 20:54:14,607 (DEBUG): STREAM b'cHRM' 57 32
2021-12-24 20:54:14,607 (DEBUG): STREAM b'bKGD' 101 2
2021-12-24 20:54:14,607 (DEBUG): b'bKGD' 101 2 (unknown)
2021-12-24 20:54:14,607 (DEBUG): STREAM b'tIME' 115 7
2021-12-24 20:54:14,607 (DEBUG): b'tIME' 115 7 (unknown)
2021-12-24 20:54:14,607 (DEBUG): STREAM b'IDAT' 134 32768
2021-12-24 20:54:14,623 (DEBUG): STREAM b'IHDR' 16 13
2021-12-24 20:54:14,623 (DEBUG): STREAM b'gAMA' 41 4
2021-12-24 20:54:14,623 (DEBUG): STREAM b'cHRM' 57 32
2021-12-24 20:54:14,623 (DEBUG): STREAM b'bKGD' 101 2
2021-12-24 20:54:14,623 (DEBUG): b'bKGD' 101 2 (unknown)
2021-12-24 20:54:14,623 (DEBUG): STREAM b'tIME' 115 7
2021-12-24 20:54:14,623 (DEBUG): b'tIME' 115 7 (unknown)
2021-12-24 20:54:14,623 (DEBUG): STREAM b'IDAT' 134 32768
2021-12-24 20:54:14,637 (DEBUG): STREAM b'IHDR' 16 13
2021-12-24 20:54:14,637 (DEBUG): STREAM b'gAMA' 41 4
2021-12-24 20:54:14,637 (DEBUG): STREAM b'cHRM' 57 32
2021-12-24 20:54:14,637 (DEBUG): STREAM b'bKGD' 101 2
2021-12-24 20:54:14,637 (DEBUG): b'bKGD' 101 2 (unknown)
2021-12-24 20:54:14,637 (DEBUG): STREAM b'tIME' 115 7
2021-12-24 20:54:14,637 (DEBUG): b'tIME' 115 7 (unknown)
2021-12-24 20:54:14,637 (DEBUG): STREAM b'IDAT' 134 32768
2021-12-24 20:54:14,651 (DEBUG): STREAM b'IHDR' 16 13
2021-12-24 20:54:14,652 (DEBUG): STREAM b'gAMA' 41 4
2021-12-24 20:54:14,652 (DEBUG): STREAM b'cHRM' 57 32
2021-12-24 20:54:14,652 (DEBUG): STREAM b'bKGD' 101 2
2021-12-24 20:54:14,652 (DEBUG): b'bKGD' 101 2 (unknown)
2021-12-24 20:54:14,652 (DEBUG): STREAM b'tIME' 115 7
2021-12-24 20:54:14,652 (DEBUG): b'tIME' 115 7 (unknown)
2021-12-24 20:54:14,652 (DEBUG): STREAM b'IDAT' 134 32768
2021-12-24 20:54:14,667 (DEBUG): STREAM b'IHDR' 16 13
2021-12-24 20:54:14,667 (DEBUG): STREAM b'gAMA' 41 4
2021-12-24 20:54:14,667 (DEBUG): STREAM b'cHRM' 57 32
2021-12-24 20:54:14,667 (DEBUG): STREAM b'bKGD' 101 2
2021-12-24 20:54:14,667 (DEBUG): b'bKGD' 101 2 (unknown)
2021-12-24 20:54:14,667 (DEBUG): STREAM b'tIME' 115 7
2021-12-24 20:54:14,667 (DEBUG): b'tIME' 115 7 (unknown)
2021-12-24 20:54:14,667 (DEBUG): STREAM b'IDAT' 134 32768
2021-12-24 20:54:14,684 (DEBUG): STREAM b'IHDR' 16 13
2021-12-24 20:54:14,684 (DEBUG): STREAM b'gAMA' 41 4
2021-12-24 20:54:14,684 (DEBUG): STREAM b'cHRM' 57 32
2021-12-24 20:54:14,684 (DEBUG): STREAM b'bKGD' 101 2
2021-12-24 20:54:14,684 (DEBUG): b'bKGD' 101 2 (unknown)
2021-12-24 20:54:14,684 (DEBUG): STREAM b'tIME' 115 7
2021-12-24 20:54:14,684 (DEBUG): b'tIME' 115 7 (unknown)
2021-12-24 20:54:14,684 (DEBUG): STREAM b'IDAT' 134 32768
2021-12-24 20:54:14,700 (DEBUG): STREAM b'IHDR' 16 13
2021-12-24 20:54:14,700 (DEBUG): STREAM b'gAMA' 41 4
2021-12-24 20:54:14,700 (DEBUG): STREAM b'cHRM' 57 32
2021-12-24 20:54:14,700 (DEBUG): STREAM b'bKGD' 101 2
2021-12-24 20:54:14,700 (DEBUG): b'bKGD' 101 2 (unknown)
2021-12-24 20:54:14,700 (DEBUG): STREAM b'tIME' 115 7
2021-12-24 20:54:14,720 (DEBUG): b'tIME' 115 7 (unknown)
2021-12-24 20:54:14,721 (DEBUG): STREAM b'IDAT' 134 32768
2021-12-24 20:54:14,734 (DEBUG): STREAM b'IHDR' 16 13
2021-12-24 20:54:14,734 (DEBUG): STREAM b'gAMA' 41 4
2021-12-24 20:54:14,734 (DEBUG): STREAM b'cHRM' 57 32
2021-12-24 20:54:14,734 (DEBUG): STREAM b'bKGD' 101 2
2021-12-24 20:54:14,734 (DEBUG): b'bKGD' 101 2 (unknown)
2021-12-24 20:54:14,734 (DEBUG): STREAM b'tIME' 115 7
2021-12-24 20:54:14,734 (DEBUG): b'tIME' 115 7 (unknown)
2021-12-24 20:54:14,734 (DEBUG): STREAM b'IDAT' 134 32768
2021-12-24 20:54:14,752 (DEBUG): STREAM b'IHDR' 16 13
2021-12-24 20:54:14,752 (DEBUG): STREAM b'gAMA' 41 4
2021-12-24 20:54:14,752 (DEBUG): STREAM b'cHRM' 57 32
2021-12-24 20:54:14,752 (DEBUG): STREAM b'bKGD' 101 2
2021-12-24 20:54:14,752 (DEBUG): b'bKGD' 101 2 (unknown)
2021-12-24 20:54:14,752 (DEBUG): STREAM b'tIME' 115 7
2021-12-24 20:54:14,752 (DEBUG): b'tIME' 115 7 (unknown)
2021-12-24 20:54:14,752 (DEBUG): STREAM b'IDAT' 134 32768
2021-12-24 20:54:14,766 (DEBUG): STREAM b'IHDR' 16 13
2021-12-24 20:54:14,766 (DEBUG): STREAM b'gAMA' 41 4
2021-12-24 20:54:14,767 (DEBUG): STREAM b'cHRM' 57 32
2021-12-24 20:54:14,767 (DEBUG): STREAM b'bKGD' 101 2
2021-12-24 20:54:14,767 (DEBUG): b'bKGD' 101 2 (unknown)
2021-12-24 20:54:14,767 (DEBUG): STREAM b'tIME' 115 7
2021-12-24 20:54:14,767 (DEBUG): b'tIME' 115 7 (unknown)
2021-12-24 20:54:14,767 (DEBUG): STREAM b'IDAT' 134 32768
2021-12-24 20:54:14,783 (DEBUG): STREAM b'IHDR' 16 13
2021-12-24 20:54:14,783 (DEBUG): STREAM b'gAMA' 41 4
2021-12-24 20:54:14,783 (DEBUG): STREAM b'cHRM' 57 32
2021-12-24 20:54:14,783 (DEBUG): STREAM b'bKGD' 101 2
2021-12-24 20:54:14,783 (DEBUG): b'bKGD' 101 2 (unknown)
2021-12-24 20:54:14,783 (DEBUG): STREAM b'tIME' 115 7
2021-12-24 20:54:14,783 (DEBUG): b'tIME' 115 7 (unknown)
2021-12-24 20:54:14,783 (DEBUG): STREAM b'IDAT' 134 32768
2021-12-24 20:54:14,801 (DEBUG): STREAM b'IHDR' 16 13
2021-12-24 20:54:14,801 (DEBUG): STREAM b'gAMA' 41 4
2021-12-24 20:54:14,801 (DEBUG): STREAM b'cHRM' 57 32
2021-12-24 20:54:14,801 (DEBUG): STREAM b'bKGD' 101 2
2021-12-24 20:54:14,801 (DEBUG): b'bKGD' 101 2 (unknown)
2021-12-24 20:54:14,801 (DEBUG): STREAM b'tIME' 115 7
2021-12-24 20:54:14,801 (DEBUG): b'tIME' 115 7 (unknown)
2021-12-24 20:54:14,801 (DEBUG): STREAM b'IDAT' 134 32768
2021-12-24 20:54:14,816 (DEBUG): STREAM b'IHDR' 16 13
2021-12-24 20:54:14,816 (DEBUG): STREAM b'gAMA' 41 4
2021-12-24 20:54:14,816 (DEBUG): STREAM b'cHRM' 57 32
2021-12-24 20:54:14,816 (DEBUG): STREAM b'bKGD' 101 2
2021-12-24 20:54:14,816 (DEBUG): b'bKGD' 101 2 (unknown)
2021-12-24 20:54:14,816 (DEBUG): STREAM b'tIME' 115 7
2021-12-24 20:54:14,816 (DEBUG): b'tIME' 115 7 (unknown)
2021-12-24 20:54:14,816 (DEBUG): STREAM b'IDAT' 134 32768
2021-12-24 20:54:14,830 (DEBUG): STREAM b'IHDR' 16 13
2021-12-24 20:54:14,830 (DEBUG): STREAM b'gAMA' 41 4
2021-12-24 20:54:14,830 (DEBUG): STREAM b'cHRM' 57 32
2021-12-24 20:54:14,830 (DEBUG): STREAM b'bKGD' 101 2
2021-12-24 20:54:14,830 (DEBUG): b'bKGD' 101 2 (unknown)
2021-12-24 20:54:14,830 (DEBUG): STREAM b'tIME' 115 7
2021-12-24 20:54:14,830 (DEBUG): b'tIME' 115 7 (unknown)
2021-12-24 20:54:14,830 (DEBUG): STREAM b'IDAT' 134 32768
2021-12-24 20:54:14,846 (DEBUG): STREAM b'IHDR' 16 13
2021-12-24 20:54:14,846 (DEBUG): STREAM b'gAMA' 41 4
2021-12-24 20:54:14,846 (DEBUG): STREAM b'cHRM' 57 32
2021-12-24 20:54:14,846 (DEBUG): STREAM b'bKGD' 101 2
2021-12-24 20:54:14,846 (DEBUG): b'bKGD' 101 2 (unknown)
2021-12-24 20:54:14,846 (DEBUG): STREAM b'tIME' 115 7
2021-12-24 20:54:14,846 (DEBUG): b'tIME' 115 7 (unknown)
2021-12-24 20:54:14,846 (DEBUG): STREAM b'IDAT' 134 32768
2021-12-24 20:54:14,860 (DEBUG): STREAM b'IHDR' 16 13
2021-12-24 20:54:14,861 (DEBUG): STREAM b'gAMA' 41 4
2021-12-24 20:54:14,861 (DEBUG): STREAM b'cHRM' 57 32
2021-12-24 20:54:14,861 (DEBUG): STREAM b'bKGD' 101 2
2021-12-24 20:54:14,861 (DEBUG): b'bKGD' 101 2 (unknown)
2021-12-24 20:54:14,861 (DEBUG): STREAM b'tIME' 115 7
2021-12-24 20:54:14,861 (DEBUG): b'tIME' 115 7 (unknown)
2021-12-24 20:54:14,861 (DEBUG): STREAM b'IDAT' 134 32768
2021-12-24 20:54:14,899 (DEBUG): STREAM b'IHDR' 16 13
2021-12-24 20:54:14,899 (DEBUG): STREAM b'gAMA' 41 4
2021-12-24 20:54:14,899 (DEBUG): STREAM b'cHRM' 57 32
2021-12-24 20:54:14,899 (DEBUG): STREAM b'bKGD' 101 2
2021-12-24 20:54:14,899 (DEBUG): b'bKGD' 101 2 (unknown)
2021-12-24 20:54:14,899 (DEBUG): STREAM b'tIME' 115 7
2021-12-24 20:54:14,899 (DEBUG): b'tIME' 115 7 (unknown)
2021-12-24 20:54:14,899 (DEBUG): STREAM b'IDAT' 134 32768
2021-12-24 20:54:14,915 (DEBUG): STREAM b'IHDR' 16 13
2021-12-24 20:54:14,915 (DEBUG): STREAM b'gAMA' 41 4
2021-12-24 20:54:14,915 (DEBUG): STREAM b'cHRM' 57 32
2021-12-24 20:54:14,915 (DEBUG): STREAM b'bKGD' 101 2
2021-12-24 20:54:14,915 (DEBUG): b'bKGD' 101 2 (unknown)
2021-12-24 20:54:14,915 (DEBUG): STREAM b'tIME' 115 7
2021-12-24 20:54:14,915 (DEBUG): b'tIME' 115 7 (unknown)
2021-12-24 20:54:14,915 (DEBUG): STREAM b'IDAT' 134 32768
2021-12-24 20:54:14,933 (DEBUG): STREAM b'IHDR' 16 13
2021-12-24 20:54:14,933 (DEBUG): STREAM b'gAMA' 41 4
2021-12-24 20:54:14,933 (DEBUG): STREAM b'cHRM' 57 32
2021-12-24 20:54:14,933 (DEBUG): STREAM b'bKGD' 101 2
2021-12-24 20:54:14,933 (DEBUG): b'bKGD' 101 2 (unknown)
2021-12-24 20:54:14,933 (DEBUG): STREAM b'tIME' 115 7
2021-12-24 20:54:14,933 (DEBUG): b'tIME' 115 7 (unknown)
2021-12-24 20:54:14,933 (DEBUG): STREAM b'IDAT' 134 32768
2021-12-24 20:54:14,947 (DEBUG): STREAM b'IHDR' 16 13
2021-12-24 20:54:14,948 (DEBUG): STREAM b'gAMA' 41 4
2021-12-24 20:54:14,948 (DEBUG): STREAM b'cHRM' 57 32
2021-12-24 20:54:14,948 (DEBUG): STREAM b'bKGD' 101 2
2021-12-24 20:54:14,948 (DEBUG): b'bKGD' 101 2 (unknown)
2021-12-24 20:54:14,948 (DEBUG): STREAM b'tIME' 115 7
2021-12-24 20:54:14,948 (DEBUG): b'tIME' 115 7 (unknown)
2021-12-24 20:54:14,948 (DEBUG): STREAM b'IDAT' 134 32768
2021-12-24 20:54:15,004 (DEBUG): STREAM b'IHDR' 16 13
2021-12-24 20:54:15,004 (DEBUG): STREAM b'gAMA' 41 4
2021-12-24 20:54:15,004 (DEBUG): STREAM b'cHRM' 57 32
2021-12-24 20:54:15,004 (DEBUG): STREAM b'bKGD' 101 2
2021-12-24 20:54:15,004 (DEBUG): b'bKGD' 101 2 (unknown)
2021-12-24 20:54:15,004 (DEBUG): STREAM b'tIME' 115 7
2021-12-24 20:54:15,004 (DEBUG): b'tIME' 115 7 (unknown)
2021-12-24 20:54:15,004 (DEBUG): STREAM b'IDAT' 134 32768
2021-12-24 20:54:15,020 (DEBUG): STREAM b'IHDR' 16 13
2021-12-24 20:54:15,020 (DEBUG): STREAM b'gAMA' 41 4
2021-12-24 20:54:15,020 (DEBUG): STREAM b'cHRM' 57 32
2021-12-24 20:54:15,020 (DEBUG): STREAM b'bKGD' 101 2
2021-12-24 20:54:15,020 (DEBUG): b'bKGD' 101 2 (unknown)
2021-12-24 20:54:15,020 (DEBUG): STREAM b'tIME' 115 7
2021-12-24 20:54:15,020 (DEBUG): b'tIME' 115 7 (unknown)
2021-12-24 20:54:15,020 (DEBUG): STREAM b'IDAT' 134 32768
2021-12-24 20:54:15,034 (DEBUG): STREAM b'IHDR' 16 13
2021-12-24 20:54:15,035 (DEBUG): STREAM b'gAMA' 41 4
2021-12-24 20:54:15,035 (DEBUG): STREAM b'cHRM' 57 32
2021-12-24 20:54:15,035 (DEBUG): STREAM b'bKGD' 101 2
2021-12-24 20:54:15,035 (DEBUG): b'bKGD' 101 2 (unknown)
2021-12-24 20:54:15,035 (DEBUG): STREAM b'tIME' 115 7
2021-12-24 20:54:15,035 (DEBUG): b'tIME' 115 7 (unknown)
2021-12-24 20:54:15,035 (DEBUG): STREAM b'IDAT' 134 32768
2021-12-24 20:54:15,051 (DEBUG): STREAM b'IHDR' 16 13
2021-12-24 20:54:15,051 (DEBUG): STREAM b'gAMA' 41 4
2021-12-24 20:54:15,051 (DEBUG): STREAM b'cHRM' 57 32
2021-12-24 20:54:15,051 (DEBUG): STREAM b'bKGD' 101 2
2021-12-24 20:54:15,051 (DEBUG): b'bKGD' 101 2 (unknown)
2021-12-24 20:54:15,051 (DEBUG): STREAM b'tIME' 115 7
2021-12-24 20:54:15,051 (DEBUG): b'tIME' 115 7 (unknown)
2021-12-24 20:54:15,051 (DEBUG): STREAM b'IDAT' 134 32768
2021-12-24 20:54:15,066 (DEBUG): STREAM b'IHDR' 16 13
2021-12-24 20:54:15,066 (DEBUG): STREAM b'gAMA' 41 4
2021-12-24 20:54:15,066 (DEBUG): STREAM b'cHRM' 57 32
2021-12-24 20:54:15,066 (DEBUG): STREAM b'bKGD' 101 2
2021-12-24 20:54:15,066 (DEBUG): b'bKGD' 101 2 (unknown)
2021-12-24 20:54:15,066 (DEBUG): STREAM b'tIME' 115 7
2021-12-24 20:54:15,066 (DEBUG): b'tIME' 115 7 (unknown)
2021-12-24 20:54:15,066 (DEBUG): STREAM b'IDAT' 134 32768
2021-12-24 20:54:15,094 (DEBUG): STREAM b'IHDR' 16 13
2021-12-24 20:54:15,094 (DEBUG): STREAM b'gAMA' 41 4
2021-12-24 20:54:15,094 (DEBUG): STREAM b'cHRM' 57 32
2021-12-24 20:54:15,094 (DEBUG): STREAM b'bKGD' 101 2
2021-12-24 20:54:15,094 (DEBUG): b'bKGD' 101 2 (unknown)
2021-12-24 20:54:15,094 (DEBUG): STREAM b'tIME' 115 7
2021-12-24 20:54:15,094 (DEBUG): b'tIME' 115 7 (unknown)
2021-12-24 20:54:15,094 (DEBUG): STREAM b'IDAT' 134 32768
2021-12-24 20:54:15,108 (DEBUG): STREAM b'IHDR' 16 13
2021-12-24 20:54:15,108 (DEBUG): STREAM b'gAMA' 41 4
2021-12-24 20:54:15,108 (DEBUG): STREAM b'cHRM' 57 32
2021-12-24 20:54:15,108 (DEBUG): STREAM b'bKGD' 101 2
2021-12-24 20:54:15,108 (DEBUG): b'bKGD' 101 2 (unknown)
2021-12-24 20:54:15,109 (DEBUG): STREAM b'tIME' 115 7
2021-12-24 20:54:15,109 (DEBUG): b'tIME' 115 7 (unknown)
2021-12-24 20:54:15,109 (DEBUG): STREAM b'IDAT' 134 32768
2021-12-24 20:54:15,150 (DEBUG): STREAM b'IHDR' 16 13
2021-12-24 20:54:15,150 (DEBUG): STREAM b'gAMA' 41 4
2021-12-24 20:54:15,150 (DEBUG): STREAM b'cHRM' 57 32
2021-12-24 20:54:15,150 (DEBUG): STREAM b'bKGD' 101 2
2021-12-24 20:54:15,150 (DEBUG): b'bKGD' 101 2 (unknown)
2021-12-24 20:54:15,150 (DEBUG): STREAM b'tIME' 115 7
2021-12-24 20:54:15,150 (DEBUG): b'tIME' 115 7 (unknown)
2021-12-24 20:54:15,150 (DEBUG): STREAM b'IDAT' 134 32768
