2021-12-23 21:09:40,853 (INFO): Log Path: D:\Source_Code\Python ++\02. updateComic\log\debug-20211223-2109.40.log
2021-12-23 21:09:42,946 (INFO): Currently Processing image
2021-12-23 21:09:42,947 (INFO): Processing Titles ...
2021-12-23 21:09:42,965 (DEBUG): Get Info from structure: (2t+=sakusei toshi elosion)
2021-12-23 21:09:42,973 (DEBUG): Get Info from structure: (a-10+=koukai tanetsuke hentai koubi 2)
2021-12-23 21:09:42,981 (DEBUG): Get Info from structure: (Abubu+=Kinjo no Onnatachi ga Nazeka Ore no Ie no Furo ni Hairi ni Kuru Ken)
2021-12-23 21:09:42,989 (DEBUG): Get Info from structure: (abubu+=npc kan mod)
2021-12-23 21:09:42,997 (DEBUG): Get Info from structure: (agobitch nee-san+=Hataraku Onee-san-tachi ~Mikonritsu no Takai Machi de Hataraku Tokoya no Onee-san ni Okuchi de Shiborareru~)
2021-12-23 21:09:43,006 (DEBUG): Get Info from structure: (agobitch nee-san+=Seifuku Bishoujo)
2021-12-23 21:09:43,016 (DEBUG): Get Info from structure: (ahemaru+=slave the blood)
2021-12-23 21:09:43,024 (DEBUG): Get Info from structure: (amano ameno+=Jabami Yumeko Hentai Koushuu Benjo Tantsubo Nikubenki Onna)
2021-12-23 21:09:43,032 (DEBUG): Get Info from structure: (amano ameno+=Kyonyuu Onna Joushi Saimin Nikuningyou)
2021-12-23 21:09:43,041 (DEBUG): Get Info from structure: (Ameyama Denshin+=Stories)
2021-12-23 21:09:43,049 (DEBUG): Get Info from structure: (Arai Kei+=Boku No Kanojo)
2021-12-23 21:09:43,057 (DEBUG): Get Info from structure: (arai kei+=Boku Wa Kanojo No Namae Mo Shiranai)
2021-12-23 21:09:43,065 (DEBUG): Get Info from structure: (arai kei+=hougan kanojo)
2021-12-23 21:09:43,074 (DEBUG): Get Info from structure: (arai kei+=Stories)
2021-12-23 21:09:43,082 (DEBUG): Get Info from structure: (Arai Taiki+=Kahanshin Daiichi Shugi)
2021-12-23 21:09:43,090 (DEBUG): Get Info from structure: (arai taiki+=ochita yume no naka de)
2021-12-23 21:09:43,099 (DEBUG): Get Info from structure: (Arai Taiki+=Stories)
2021-12-23 21:09:43,107 (DEBUG): Get Info from structure: (aroma sensei+=Gwen)
2021-12-23 21:09:43,115 (DEBUG): Get Info from structure: (aroma sensei+=what's going on here)
2021-12-23 21:09:43,124 (DEBUG): Get Info from structure: (asanagi+=Stories)
2021-12-23 21:09:43,133 (DEBUG): Get Info from structure: (BeNantoka+=Stories)
2021-12-23 21:09:43,143 (DEBUG): Get Info from structure: (Bonske+=Arawareta Chijo wa Toshishita Kui no Scatolo Hentai deshita)
2021-12-23 21:09:43,151 (DEBUG): Get Info from structure: (bonske+=sono kuchi to shita de subete o uketomenasai)
2021-12-23 21:09:43,159 (DEBUG): Get Info from structure: (Dokurosan+=Stories)
2021-12-23 21:09:43,168 (DEBUG): Get Info from structure: (Enokido+=Stories)
2021-12-23 21:09:43,178 (DEBUG): Get Info from structure: (freehand tamashii+=aorare tsuma)
2021-12-23 21:09:43,186 (DEBUG): Get Info from structure: (freehand tamashii+=Incha No Oi Ga Yaritai Oba-san)
2021-12-23 21:09:43,195 (DEBUG): Get Info from structure: (freehand tamashii+=Isourou Saki No Obasan Ni Hameru!)
2021-12-23 21:09:43,205 (DEBUG): Get Info from structure: (freehand tamashii+=Stories)
2021-12-23 21:09:43,213 (DEBUG): Get Info from structure: (freehand tamashii+=Toiu Wake De, Kaa-san-tachi To Yattemita)
2021-12-23 21:09:43,222 (DEBUG): Get Info from structure: (freehand tamasshii+=Shin Mama O Netoruze!)
2021-12-23 21:09:43,234 (DEBUG): Get Info from structure: (gonza+=av mama)
2021-12-23 21:09:43,243 (DEBUG): Get Info from structure: (gonza+=matching appli)
2021-12-23 21:09:43,251 (DEBUG): Get Info from structure: (Gonza+=Mayonaka No Haha)
2021-12-23 21:09:43,259 (DEBUG): Get Info from structure: (gonza+=my three horny moms)
2021-12-23 21:09:43,268 (DEBUG): Get Info from structure: (gonza+=Nonfiction ~boshi Soukan No Kioku~)
2021-12-23 21:09:43,278 (DEBUG): Get Info from structure: (gonza+=stories)
2021-12-23 21:09:43,288 (DEBUG): Get Info from structure: (mizone+=Ajin Iryou Sougou Center e Youkoso!)
2021-12-23 21:09:43,295 (DEBUG): Get Info from structure: (mizone+=Jikyuu 1500 yen!! Gyogyou o Tetsudau Kantan na Oshigoto desu)
2021-12-23 21:09:43,303 (DEBUG): Get Info from structure: (mizone+=Kindan no Shohousen)
2021-12-23 21:09:43,312 (DEBUG): Get Info from structure: (mizone+=monster romance)
2021-12-23 21:09:43,320 (DEBUG): Get Info from structure: (mizone+=monster smash)
2021-12-23 21:09:43,329 (DEBUG): Get Info from structure: (mizone+=Otherworldly Maidens Series)
2021-12-23 21:09:43,337 (DEBUG): Get Info from structure: (mizone+=stories)
2021-12-23 21:09:43,347 (DEBUG): Get Info from structure: (mizone+=Zasshoku Yuusha)
2021-12-23 21:09:43,356 (DEBUG): Get Info from structure: (Tsusauto+=Jichikai no Hitozuma wa Totemo Ecchi deshita)
2021-12-23 21:09:43,364 (INFO): Processing Chapters / Episodes ...
2021-12-23 21:09:43,373 (INFO): Processing Chapters & Pages ... 
2021-12-23 21:11:03,382 (DEBUG): STREAM b'IHDR' 16 13
2021-12-23 21:11:03,382 (DEBUG): STREAM b'gAMA' 41 4
2021-12-23 21:11:03,382 (DEBUG): STREAM b'cHRM' 57 32
2021-12-23 21:11:03,382 (DEBUG): STREAM b'bKGD' 101 2
2021-12-23 21:11:03,382 (DEBUG): b'bKGD' 101 2 (unknown)
2021-12-23 21:11:03,382 (DEBUG): STREAM b'tIME' 115 7
2021-12-23 21:11:03,382 (DEBUG): b'tIME' 115 7 (unknown)
2021-12-23 21:11:03,382 (DEBUG): STREAM b'IDAT' 134 32768
2021-12-23 21:11:03,396 (DEBUG): STREAM b'IHDR' 16 13
2021-12-23 21:11:03,396 (DEBUG): STREAM b'gAMA' 41 4
2021-12-23 21:11:03,396 (DEBUG): STREAM b'cHRM' 57 32
2021-12-23 21:11:03,396 (DEBUG): STREAM b'bKGD' 101 2
2021-12-23 21:11:03,396 (DEBUG): b'bKGD' 101 2 (unknown)
2021-12-23 21:11:03,396 (DEBUG): STREAM b'tIME' 115 7
2021-12-23 21:11:03,396 (DEBUG): b'tIME' 115 7 (unknown)
2021-12-23 21:11:03,396 (DEBUG): STREAM b'IDAT' 134 32768
2021-12-23 21:11:03,412 (DEBUG): STREAM b'IHDR' 16 13
2021-12-23 21:11:03,412 (DEBUG): STREAM b'gAMA' 41 4
2021-12-23 21:11:03,413 (DEBUG): STREAM b'cHRM' 57 32
2021-12-23 21:11:03,413 (DEBUG): STREAM b'bKGD' 101 2
2021-12-23 21:11:03,413 (DEBUG): b'bKGD' 101 2 (unknown)
2021-12-23 21:11:03,413 (DEBUG): STREAM b'tIME' 115 7
2021-12-23 21:11:03,413 (DEBUG): b'tIME' 115 7 (unknown)
2021-12-23 21:11:03,413 (DEBUG): STREAM b'IDAT' 134 32768
2021-12-23 21:11:03,427 (DEBUG): STREAM b'IHDR' 16 13
2021-12-23 21:11:03,427 (DEBUG): STREAM b'gAMA' 41 4
2021-12-23 21:11:03,427 (DEBUG): STREAM b'cHRM' 57 32
2021-12-23 21:11:03,427 (DEBUG): STREAM b'bKGD' 101 2
2021-12-23 21:11:03,427 (DEBUG): b'bKGD' 101 2 (unknown)
2021-12-23 21:11:03,427 (DEBUG): STREAM b'tIME' 115 7
2021-12-23 21:11:03,427 (DEBUG): b'tIME' 115 7 (unknown)
2021-12-23 21:11:03,427 (DEBUG): STREAM b'IDAT' 134 32768
2021-12-23 21:11:03,447 (DEBUG): STREAM b'IHDR' 16 13
2021-12-23 21:11:03,447 (DEBUG): STREAM b'gAMA' 41 4
2021-12-23 21:11:03,447 (DEBUG): STREAM b'cHRM' 57 32
2021-12-23 21:11:03,447 (DEBUG): STREAM b'bKGD' 101 2
2021-12-23 21:11:03,447 (DEBUG): b'bKGD' 101 2 (unknown)
2021-12-23 21:11:03,447 (DEBUG): STREAM b'tIME' 115 7
2021-12-23 21:11:03,448 (DEBUG): b'tIME' 115 7 (unknown)
2021-12-23 21:11:03,448 (DEBUG): STREAM b'IDAT' 134 32768
2021-12-23 21:11:03,462 (DEBUG): STREAM b'IHDR' 16 13
2021-12-23 21:11:03,462 (DEBUG): STREAM b'gAMA' 41 4
2021-12-23 21:11:03,462 (DEBUG): STREAM b'cHRM' 57 32
2021-12-23 21:11:03,462 (DEBUG): STREAM b'bKGD' 101 2
2021-12-23 21:11:03,462 (DEBUG): b'bKGD' 101 2 (unknown)
2021-12-23 21:11:03,462 (DEBUG): STREAM b'tIME' 115 7
2021-12-23 21:11:03,462 (DEBUG): b'tIME' 115 7 (unknown)
2021-12-23 21:11:03,462 (DEBUG): STREAM b'IDAT' 134 32768
2021-12-23 21:11:03,480 (DEBUG): STREAM b'IHDR' 16 13
2021-12-23 21:11:03,480 (DEBUG): STREAM b'gAMA' 41 4
2021-12-23 21:11:03,480 (DEBUG): STREAM b'cHRM' 57 32
2021-12-23 21:11:03,480 (DEBUG): STREAM b'bKGD' 101 2
2021-12-23 21:11:03,480 (DEBUG): b'bKGD' 101 2 (unknown)
2021-12-23 21:11:03,480 (DEBUG): STREAM b'tIME' 115 7
2021-12-23 21:11:03,480 (DEBUG): b'tIME' 115 7 (unknown)
2021-12-23 21:11:03,480 (DEBUG): STREAM b'IDAT' 134 32768
2021-12-23 21:11:03,496 (DEBUG): STREAM b'IHDR' 16 13
2021-12-23 21:11:03,496 (DEBUG): STREAM b'gAMA' 41 4
2021-12-23 21:11:03,496 (DEBUG): STREAM b'cHRM' 57 32
2021-12-23 21:11:03,497 (DEBUG): STREAM b'bKGD' 101 2
2021-12-23 21:11:03,497 (DEBUG): b'bKGD' 101 2 (unknown)
2021-12-23 21:11:03,497 (DEBUG): STREAM b'tIME' 115 7
2021-12-23 21:11:03,497 (DEBUG): b'tIME' 115 7 (unknown)
2021-12-23 21:11:03,497 (DEBUG): STREAM b'IDAT' 134 32768
2021-12-23 21:11:03,516 (DEBUG): STREAM b'IHDR' 16 13
2021-12-23 21:11:03,516 (DEBUG): STREAM b'gAMA' 41 4
2021-12-23 21:11:03,516 (DEBUG): STREAM b'cHRM' 57 32
2021-12-23 21:11:03,516 (DEBUG): STREAM b'bKGD' 101 2
2021-12-23 21:11:03,516 (DEBUG): b'bKGD' 101 2 (unknown)
2021-12-23 21:11:03,516 (DEBUG): STREAM b'tIME' 115 7
2021-12-23 21:11:03,516 (DEBUG): b'tIME' 115 7 (unknown)
2021-12-23 21:11:03,516 (DEBUG): STREAM b'IDAT' 134 32768
2021-12-23 21:11:03,532 (DEBUG): STREAM b'IHDR' 16 13
2021-12-23 21:11:03,532 (DEBUG): STREAM b'gAMA' 41 4
2021-12-23 21:11:03,532 (DEBUG): STREAM b'cHRM' 57 32
2021-12-23 21:11:03,532 (DEBUG): STREAM b'bKGD' 101 2
2021-12-23 21:11:03,532 (DEBUG): b'bKGD' 101 2 (unknown)
2021-12-23 21:11:03,532 (DEBUG): STREAM b'tIME' 115 7
2021-12-23 21:11:03,532 (DEBUG): b'tIME' 115 7 (unknown)
2021-12-23 21:11:03,532 (DEBUG): STREAM b'IDAT' 134 32768
2021-12-23 21:11:03,549 (DEBUG): STREAM b'IHDR' 16 13
2021-12-23 21:11:03,549 (DEBUG): STREAM b'gAMA' 41 4
2021-12-23 21:11:03,549 (DEBUG): STREAM b'cHRM' 57 32
2021-12-23 21:11:03,549 (DEBUG): STREAM b'bKGD' 101 2
2021-12-23 21:11:03,549 (DEBUG): b'bKGD' 101 2 (unknown)
2021-12-23 21:11:03,549 (DEBUG): STREAM b'tIME' 115 7
2021-12-23 21:11:03,549 (DEBUG): b'tIME' 115 7 (unknown)
2021-12-23 21:11:03,549 (DEBUG): STREAM b'IDAT' 134 32768
2021-12-23 21:11:03,565 (DEBUG): STREAM b'IHDR' 16 13
2021-12-23 21:11:03,565 (DEBUG): STREAM b'gAMA' 41 4
2021-12-23 21:11:03,565 (DEBUG): STREAM b'cHRM' 57 32
2021-12-23 21:11:03,565 (DEBUG): STREAM b'bKGD' 101 2
2021-12-23 21:11:03,565 (DEBUG): b'bKGD' 101 2 (unknown)
2021-12-23 21:11:03,565 (DEBUG): STREAM b'tIME' 115 7
2021-12-23 21:11:03,565 (DEBUG): b'tIME' 115 7 (unknown)
2021-12-23 21:11:03,565 (DEBUG): STREAM b'IDAT' 134 32768
2021-12-23 21:11:03,580 (DEBUG): STREAM b'IHDR' 16 13
2021-12-23 21:11:03,580 (DEBUG): STREAM b'gAMA' 41 4
2021-12-23 21:11:03,580 (DEBUG): STREAM b'cHRM' 57 32
2021-12-23 21:11:03,580 (DEBUG): STREAM b'bKGD' 101 2
2021-12-23 21:11:03,580 (DEBUG): b'bKGD' 101 2 (unknown)
2021-12-23 21:11:03,580 (DEBUG): STREAM b'tIME' 115 7
2021-12-23 21:11:03,580 (DEBUG): b'tIME' 115 7 (unknown)
2021-12-23 21:11:03,580 (DEBUG): STREAM b'IDAT' 134 32768
2021-12-23 21:11:03,593 (DEBUG): STREAM b'IHDR' 16 13
2021-12-23 21:11:03,593 (DEBUG): STREAM b'gAMA' 41 4
2021-12-23 21:11:03,593 (DEBUG): STREAM b'cHRM' 57 32
2021-12-23 21:11:03,593 (DEBUG): STREAM b'bKGD' 101 2
2021-12-23 21:11:03,593 (DEBUG): b'bKGD' 101 2 (unknown)
2021-12-23 21:11:03,593 (DEBUG): STREAM b'tIME' 115 7
2021-12-23 21:11:03,593 (DEBUG): b'tIME' 115 7 (unknown)
2021-12-23 21:11:03,593 (DEBUG): STREAM b'IDAT' 134 32768
2021-12-23 21:11:03,608 (DEBUG): STREAM b'IHDR' 16 13
2021-12-23 21:11:03,608 (DEBUG): STREAM b'gAMA' 41 4
2021-12-23 21:11:03,608 (DEBUG): STREAM b'cHRM' 57 32
2021-12-23 21:11:03,608 (DEBUG): STREAM b'bKGD' 101 2
2021-12-23 21:11:03,608 (DEBUG): b'bKGD' 101 2 (unknown)
2021-12-23 21:11:03,608 (DEBUG): STREAM b'tIME' 115 7
2021-12-23 21:11:03,608 (DEBUG): b'tIME' 115 7 (unknown)
2021-12-23 21:11:03,608 (DEBUG): STREAM b'IDAT' 134 32768
2021-12-23 21:11:03,621 (DEBUG): STREAM b'IHDR' 16 13
2021-12-23 21:11:03,621 (DEBUG): STREAM b'gAMA' 41 4
2021-12-23 21:11:03,622 (DEBUG): STREAM b'cHRM' 57 32
2021-12-23 21:11:03,622 (DEBUG): STREAM b'bKGD' 101 2
2021-12-23 21:11:03,622 (DEBUG): b'bKGD' 101 2 (unknown)
2021-12-23 21:11:03,622 (DEBUG): STREAM b'tIME' 115 7
2021-12-23 21:11:03,622 (DEBUG): b'tIME' 115 7 (unknown)
2021-12-23 21:11:03,622 (DEBUG): STREAM b'IDAT' 134 32768
2021-12-23 21:11:03,659 (DEBUG): STREAM b'IHDR' 16 13
2021-12-23 21:11:03,659 (DEBUG): STREAM b'gAMA' 41 4
2021-12-23 21:11:03,659 (DEBUG): STREAM b'cHRM' 57 32
2021-12-23 21:11:03,659 (DEBUG): STREAM b'bKGD' 101 2
2021-12-23 21:11:03,659 (DEBUG): b'bKGD' 101 2 (unknown)
2021-12-23 21:11:03,659 (DEBUG): STREAM b'tIME' 115 7
2021-12-23 21:11:03,660 (DEBUG): b'tIME' 115 7 (unknown)
2021-12-23 21:11:03,660 (DEBUG): STREAM b'IDAT' 134 32768
2021-12-23 21:11:03,676 (DEBUG): STREAM b'IHDR' 16 13
2021-12-23 21:11:03,676 (DEBUG): STREAM b'gAMA' 41 4
2021-12-23 21:11:03,676 (DEBUG): STREAM b'cHRM' 57 32
2021-12-23 21:11:03,676 (DEBUG): STREAM b'bKGD' 101 2
2021-12-23 21:11:03,676 (DEBUG): b'bKGD' 101 2 (unknown)
2021-12-23 21:11:03,676 (DEBUG): STREAM b'tIME' 115 7
2021-12-23 21:11:03,676 (DEBUG): b'tIME' 115 7 (unknown)
2021-12-23 21:11:03,676 (DEBUG): STREAM b'IDAT' 134 32768
2021-12-23 21:11:03,691 (DEBUG): STREAM b'IHDR' 16 13
2021-12-23 21:11:03,691 (DEBUG): STREAM b'gAMA' 41 4
2021-12-23 21:11:03,691 (DEBUG): STREAM b'cHRM' 57 32
2021-12-23 21:11:03,691 (DEBUG): STREAM b'bKGD' 101 2
2021-12-23 21:11:03,691 (DEBUG): b'bKGD' 101 2 (unknown)
2021-12-23 21:11:03,691 (DEBUG): STREAM b'tIME' 115 7
2021-12-23 21:11:03,691 (DEBUG): b'tIME' 115 7 (unknown)
2021-12-23 21:11:03,691 (DEBUG): STREAM b'IDAT' 134 32768
2021-12-23 21:11:03,705 (DEBUG): STREAM b'IHDR' 16 13
2021-12-23 21:11:03,705 (DEBUG): STREAM b'gAMA' 41 4
2021-12-23 21:11:03,705 (DEBUG): STREAM b'cHRM' 57 32
2021-12-23 21:11:03,705 (DEBUG): STREAM b'bKGD' 101 2
2021-12-23 21:11:03,705 (DEBUG): b'bKGD' 101 2 (unknown)
2021-12-23 21:11:03,705 (DEBUG): STREAM b'tIME' 115 7
2021-12-23 21:11:03,705 (DEBUG): b'tIME' 115 7 (unknown)
2021-12-23 21:11:03,705 (DEBUG): STREAM b'IDAT' 134 32768
2021-12-23 21:11:03,759 (DEBUG): STREAM b'IHDR' 16 13
2021-12-23 21:11:03,759 (DEBUG): STREAM b'gAMA' 41 4
2021-12-23 21:11:03,759 (DEBUG): STREAM b'cHRM' 57 32
2021-12-23 21:11:03,759 (DEBUG): STREAM b'bKGD' 101 2
2021-12-23 21:11:03,759 (DEBUG): b'bKGD' 101 2 (unknown)
2021-12-23 21:11:03,759 (DEBUG): STREAM b'tIME' 115 7
2021-12-23 21:11:03,759 (DEBUG): b'tIME' 115 7 (unknown)
2021-12-23 21:11:03,759 (DEBUG): STREAM b'IDAT' 134 32768
2021-12-23 21:11:03,773 (DEBUG): STREAM b'IHDR' 16 13
2021-12-23 21:11:03,773 (DEBUG): STREAM b'gAMA' 41 4
2021-12-23 21:11:03,773 (DEBUG): STREAM b'cHRM' 57 32
2021-12-23 21:11:03,773 (DEBUG): STREAM b'bKGD' 101 2
2021-12-23 21:11:03,773 (DEBUG): b'bKGD' 101 2 (unknown)
2021-12-23 21:11:03,773 (DEBUG): STREAM b'tIME' 115 7
2021-12-23 21:11:03,773 (DEBUG): b'tIME' 115 7 (unknown)
2021-12-23 21:11:03,773 (DEBUG): STREAM b'IDAT' 134 32768
2021-12-23 21:11:03,786 (DEBUG): STREAM b'IHDR' 16 13
2021-12-23 21:11:03,786 (DEBUG): STREAM b'gAMA' 41 4
2021-12-23 21:11:03,787 (DEBUG): STREAM b'cHRM' 57 32
2021-12-23 21:11:03,787 (DEBUG): STREAM b'bKGD' 101 2
2021-12-23 21:11:03,787 (DEBUG): b'bKGD' 101 2 (unknown)
2021-12-23 21:11:03,787 (DEBUG): STREAM b'tIME' 115 7
2021-12-23 21:11:03,787 (DEBUG): b'tIME' 115 7 (unknown)
2021-12-23 21:11:03,787 (DEBUG): STREAM b'IDAT' 134 32768
2021-12-23 21:11:03,800 (DEBUG): STREAM b'IHDR' 16 13
2021-12-23 21:11:03,800 (DEBUG): STREAM b'gAMA' 41 4
2021-12-23 21:11:03,800 (DEBUG): STREAM b'cHRM' 57 32
2021-12-23 21:11:03,800 (DEBUG): STREAM b'bKGD' 101 2
2021-12-23 21:11:03,800 (DEBUG): b'bKGD' 101 2 (unknown)
2021-12-23 21:11:03,800 (DEBUG): STREAM b'tIME' 115 7
2021-12-23 21:11:03,800 (DEBUG): b'tIME' 115 7 (unknown)
2021-12-23 21:11:03,800 (DEBUG): STREAM b'IDAT' 134 32768
2021-12-23 21:11:03,814 (DEBUG): STREAM b'IHDR' 16 13
2021-12-23 21:11:03,814 (DEBUG): STREAM b'gAMA' 41 4
2021-12-23 21:11:03,814 (DEBUG): STREAM b'cHRM' 57 32
2021-12-23 21:11:03,814 (DEBUG): STREAM b'bKGD' 101 2
2021-12-23 21:11:03,814 (DEBUG): b'bKGD' 101 2 (unknown)
2021-12-23 21:11:03,814 (DEBUG): STREAM b'tIME' 115 7
2021-12-23 21:11:03,814 (DEBUG): b'tIME' 115 7 (unknown)
2021-12-23 21:11:03,814 (DEBUG): STREAM b'IDAT' 134 32768
2021-12-23 21:11:03,839 (DEBUG): STREAM b'IHDR' 16 13
2021-12-23 21:11:03,840 (DEBUG): STREAM b'gAMA' 41 4
2021-12-23 21:11:03,840 (DEBUG): STREAM b'cHRM' 57 32
2021-12-23 21:11:03,840 (DEBUG): STREAM b'bKGD' 101 2
2021-12-23 21:11:03,840 (DEBUG): b'bKGD' 101 2 (unknown)
2021-12-23 21:11:03,840 (DEBUG): STREAM b'tIME' 115 7
2021-12-23 21:11:03,848 (DEBUG): b'tIME' 115 7 (unknown)
2021-12-23 21:11:03,848 (DEBUG): STREAM b'IDAT' 134 32768
2021-12-23 21:11:03,861 (DEBUG): STREAM b'IHDR' 16 13
2021-12-23 21:11:03,861 (DEBUG): STREAM b'gAMA' 41 4
2021-12-23 21:11:03,861 (DEBUG): STREAM b'cHRM' 57 32
2021-12-23 21:11:03,861 (DEBUG): STREAM b'bKGD' 101 2
2021-12-23 21:11:03,861 (DEBUG): b'bKGD' 101 2 (unknown)
2021-12-23 21:11:03,861 (DEBUG): STREAM b'tIME' 115 7
2021-12-23 21:11:03,861 (DEBUG): b'tIME' 115 7 (unknown)
2021-12-23 21:11:03,861 (DEBUG): STREAM b'IDAT' 134 32768
2021-12-23 21:11:03,901 (DEBUG): STREAM b'IHDR' 16 13
2021-12-23 21:11:03,901 (DEBUG): STREAM b'gAMA' 41 4
2021-12-23 21:11:03,901 (DEBUG): STREAM b'cHRM' 57 32
2021-12-23 21:11:03,901 (DEBUG): STREAM b'bKGD' 101 2
2021-12-23 21:11:03,901 (DEBUG): b'bKGD' 101 2 (unknown)
2021-12-23 21:11:03,901 (DEBUG): STREAM b'tIME' 115 7
2021-12-23 21:11:03,901 (DEBUG): b'tIME' 115 7 (unknown)
2021-12-23 21:11:03,901 (DEBUG): STREAM b'IDAT' 134 32768
