2021-12-14 13:53:15,953 (INFO): Log Path: D:\Source_Code\Python ++\02. updateComic\log\debug-20211214-1353.15.log
2021-12-14 13:53:19,747 (WARNING): No Numbers found in string: '_Chapter' (kizuki rei+Otto Kounin Sex Advisor ni Hamatta Kekka Zenpen)
	int_match: []
	float_match: []
2021-12-14 13:54:40,473 (WARNING): No Numbers found in string: '1.1' (mizuryu kei+gts - great teacher sayoko)
	int_match: []
	float_match: ['1.1']
2021-12-14 13:54:44,902 (WARNING): No Numbers found in string: 'New folder' (meme50+take us away)
	int_match: []
	float_match: []
2021-12-14 13:55:02,101 (WARNING): No Numbers found in string: '2.5' (emori uki+Oba-chan No Waki To Ase To Etc)
	int_match: []
	float_match: ['2.5']
2021-12-14 13:55:22,526 (WARNING): No Numbers found in string: '_Chapter' (Mizuryu Kei+Uchi no Kazoku no Fashion ga Okashii)
	int_match: []
	float_match: []
2021-12-14 13:55:22,569 (DEBUG): STREAM b'IHDR' 16 13
2021-12-14 13:55:22,569 (DEBUG): STREAM b'pHYs' 41 9
2021-12-14 13:55:22,569 (DEBUG): STREAM b'cHRM' 62 32
2021-12-14 13:55:22,569 (DEBUG): STREAM b'IDAT' 106 616153
2021-12-14 13:55:27,742 (WARNING): No Numbers found in string: '_Chapter' (Minority+Subete ga M ni Naru)
	int_match: []
	float_match: []
2021-12-14 13:55:32,792 (WARNING): No Numbers found in string: '2.5' (mizuryu kei+mc gakuen)
	int_match: []
	float_match: ['2.5']
2021-12-14 13:55:33,971 (WARNING): No Numbers found in string: '4.5' (mizuryu kei+mc gakuen)
	int_match: []
	float_match: ['4.5']
