2021-12-23 22:49:49,425 (INFO): Log Path: D:\Source_Code\Python ++\02. updateComic\log\debug-20211223-2249.49.log
2021-12-23 22:49:51,472 (INFO): Currently Processing image
2021-12-23 22:49:51,472 (INFO): Processing Titles ...
2021-12-23 22:49:51,499 (DEBUG): Get Info from structure: (2t+=sakusei toshi elosion)
2021-12-23 22:49:51,512 (DEBUG): Get Info from structure: (a-10+=koukai tanetsuke hentai koubi 2)
2021-12-23 22:49:51,526 (DEBUG): Get Info from structure: (Abubu+=Kinjo no Onnatachi ga Nazeka Ore no Ie no Furo ni Hairi ni Kuru Ken)
2021-12-23 22:49:51,541 (DEBUG): Get Info from structure: (abubu+=npc kan mod)
2021-12-23 22:49:51,557 (DEBUG): Get Info from structure: (agobitch nee-san+=Hataraku Onee-san-tachi ~Mikonritsu no Takai Machi de Hataraku Tokoya no Onee-san ni Okuchi de Shiborareru~)
2021-12-23 22:49:51,570 (DEBUG): Get Info from structure: (agobitch nee-san+=Seifuku Bishoujo)
2021-12-23 22:49:51,580 (DEBUG): Get Info from structure: (ahemaru+=slave the blood)
2021-12-23 22:49:51,589 (DEBUG): Get Info from structure: (amano ameno+=Jabami Yumeko Hentai Koushuu Benjo Tantsubo Nikubenki Onna)
2021-12-23 22:49:51,598 (DEBUG): Get Info from structure: (amano ameno+=Kyonyuu Onna Joushi Saimin Nikuningyou)
2021-12-23 22:49:51,607 (DEBUG): Get Info from structure: (Ameyama Denshin+=Stories)
2021-12-23 22:49:51,617 (DEBUG): Get Info from structure: (Arai Kei+=Boku No Kanojo)
2021-12-23 22:49:51,626 (DEBUG): Get Info from structure: (arai kei+=Boku Wa Kanojo No Namae Mo Shiranai)
2021-12-23 22:49:51,635 (DEBUG): Get Info from structure: (arai kei+=hougan kanojo)
2021-12-23 22:49:51,644 (DEBUG): Get Info from structure: (arai kei+=Stories)
2021-12-23 22:49:51,655 (DEBUG): Get Info from structure: (Arai Taiki+=Kahanshin Daiichi Shugi)
2021-12-23 22:49:51,665 (DEBUG): Get Info from structure: (arai taiki+=ochita yume no naka de)
2021-12-23 22:49:51,674 (DEBUG): Get Info from structure: (Arai Taiki+=Stories)
2021-12-23 22:49:51,683 (DEBUG): Get Info from structure: (aroma sensei+=Gwen)
2021-12-23 22:49:51,692 (DEBUG): Get Info from structure: (aroma sensei+=what's going on here)
2021-12-23 22:49:51,702 (DEBUG): Get Info from structure: (asanagi+=Stories)
2021-12-23 22:49:51,711 (DEBUG): Get Info from structure: (BeNantoka+=Stories)
2021-12-23 22:49:51,722 (DEBUG): Get Info from structure: (Bonske+=Arawareta Chijo wa Toshishita Kui no Scatolo Hentai deshita)
2021-12-23 22:49:51,730 (DEBUG): Get Info from structure: (bonske+=sono kuchi to shita de subete o uketomenasai)
2021-12-23 22:49:51,742 (DEBUG): Get Info from structure: (Dokurosan+=Stories)
2021-12-23 22:49:51,752 (DEBUG): Get Info from structure: (Enokido+=Stories)
2021-12-23 22:49:51,760 (DEBUG): Get Info from structure: (freehand tamashii+=aorare tsuma)
2021-12-23 22:49:51,769 (DEBUG): Get Info from structure: (freehand tamashii+=Incha No Oi Ga Yaritai Oba-san)
2021-12-23 22:49:51,777 (DEBUG): Get Info from structure: (freehand tamashii+=Isourou Saki No Obasan Ni Hameru!)
2021-12-23 22:49:51,787 (DEBUG): Get Info from structure: (freehand tamashii+=Stories)
2021-12-23 22:49:51,799 (DEBUG): Get Info from structure: (freehand tamashii+=Toiu Wake De, Kaa-san-tachi To Yattemita)
2021-12-23 22:49:51,808 (DEBUG): Get Info from structure: (freehand tamasshii+=Shin Mama O Netoruze!)
2021-12-23 22:49:51,818 (DEBUG): Get Info from structure: (gonza+=av mama)
2021-12-23 22:49:51,826 (DEBUG): Get Info from structure: (gonza+=matching appli)
2021-12-23 22:49:51,836 (DEBUG): Get Info from structure: (Gonza+=Mayonaka No Haha)
2021-12-23 22:49:51,844 (DEBUG): Get Info from structure: (gonza+=my three horny moms)
2021-12-23 22:49:51,855 (DEBUG): Get Info from structure: (gonza+=Nonfiction ~boshi Soukan No Kioku~)
2021-12-23 22:49:51,864 (DEBUG): Get Info from structure: (gonza+=stories)
2021-12-23 22:49:51,876 (DEBUG): Get Info from structure: (mizone+=Ajin Iryou Sougou Center e Youkoso!)
2021-12-23 22:49:51,886 (DEBUG): Get Info from structure: (mizone+=Jikyuu 1500 yen!! Gyogyou o Tetsudau Kantan na Oshigoto desu)
2021-12-23 22:49:51,894 (DEBUG): Get Info from structure: (mizone+=Kindan no Shohousen)
2021-12-23 22:49:51,904 (DEBUG): Get Info from structure: (mizone+=monster romance)
2021-12-23 22:49:51,915 (DEBUG): Get Info from structure: (mizone+=monster smash)
2021-12-23 22:49:51,924 (DEBUG): Get Info from structure: (mizone+=Otherworldly Maidens Series)
2021-12-23 22:49:51,937 (DEBUG): Get Info from structure: (mizone+=stories)
2021-12-23 22:49:51,948 (DEBUG): Get Info from structure: (mizone+=Zasshoku Yuusha)
2021-12-23 22:49:51,956 (DEBUG): Get Info from structure: (Tsusauto+=Jichikai no Hitozuma wa Totemo Ecchi deshita)
2021-12-23 22:49:51,966 (INFO): Processing Chapters / Episodes ...
2021-12-23 22:49:52,100 (INFO): Processing Chapters & Pages ... 
2021-12-23 22:50:31,058 (DEBUG): STREAM b'IHDR' 16 13
2021-12-23 22:50:31,058 (DEBUG): STREAM b'gAMA' 41 4
2021-12-23 22:50:31,058 (DEBUG): STREAM b'cHRM' 57 32
2021-12-23 22:50:31,058 (DEBUG): STREAM b'bKGD' 101 2
2021-12-23 22:50:31,058 (DEBUG): b'bKGD' 101 2 (unknown)
2021-12-23 22:50:31,058 (DEBUG): STREAM b'tIME' 115 7
2021-12-23 22:50:31,059 (DEBUG): b'tIME' 115 7 (unknown)
2021-12-23 22:50:31,059 (DEBUG): STREAM b'IDAT' 134 32768
2021-12-23 22:50:31,076 (DEBUG): STREAM b'IHDR' 16 13
2021-12-23 22:50:31,076 (DEBUG): STREAM b'gAMA' 41 4
2021-12-23 22:50:31,076 (DEBUG): STREAM b'cHRM' 57 32
2021-12-23 22:50:31,076 (DEBUG): STREAM b'bKGD' 101 2
2021-12-23 22:50:31,076 (DEBUG): b'bKGD' 101 2 (unknown)
2021-12-23 22:50:31,076 (DEBUG): STREAM b'tIME' 115 7
2021-12-23 22:50:31,076 (DEBUG): b'tIME' 115 7 (unknown)
2021-12-23 22:50:31,076 (DEBUG): STREAM b'IDAT' 134 32768
2021-12-23 22:50:31,088 (DEBUG): STREAM b'IHDR' 16 13
2021-12-23 22:50:31,088 (DEBUG): STREAM b'gAMA' 41 4
2021-12-23 22:50:31,088 (DEBUG): STREAM b'cHRM' 57 32
2021-12-23 22:50:31,088 (DEBUG): STREAM b'bKGD' 101 2
2021-12-23 22:50:31,088 (DEBUG): b'bKGD' 101 2 (unknown)
2021-12-23 22:50:31,089 (DEBUG): STREAM b'tIME' 115 7
2021-12-23 22:50:31,089 (DEBUG): b'tIME' 115 7 (unknown)
2021-12-23 22:50:31,089 (DEBUG): STREAM b'IDAT' 134 32768
2021-12-23 22:50:31,101 (DEBUG): STREAM b'IHDR' 16 13
2021-12-23 22:50:31,101 (DEBUG): STREAM b'gAMA' 41 4
2021-12-23 22:50:31,101 (DEBUG): STREAM b'cHRM' 57 32
2021-12-23 22:50:31,101 (DEBUG): STREAM b'bKGD' 101 2
2021-12-23 22:50:31,101 (DEBUG): b'bKGD' 101 2 (unknown)
2021-12-23 22:50:31,101 (DEBUG): STREAM b'tIME' 115 7
2021-12-23 22:50:31,101 (DEBUG): b'tIME' 115 7 (unknown)
2021-12-23 22:50:31,101 (DEBUG): STREAM b'IDAT' 134 32768
2021-12-23 22:50:31,116 (DEBUG): STREAM b'IHDR' 16 13
2021-12-23 22:50:31,116 (DEBUG): STREAM b'gAMA' 41 4
2021-12-23 22:50:31,116 (DEBUG): STREAM b'cHRM' 57 32
2021-12-23 22:50:31,116 (DEBUG): STREAM b'bKGD' 101 2
2021-12-23 22:50:31,116 (DEBUG): b'bKGD' 101 2 (unknown)
2021-12-23 22:50:31,116 (DEBUG): STREAM b'tIME' 115 7
2021-12-23 22:50:31,116 (DEBUG): b'tIME' 115 7 (unknown)
2021-12-23 22:50:31,116 (DEBUG): STREAM b'IDAT' 134 32768
2021-12-23 22:50:31,129 (DEBUG): STREAM b'IHDR' 16 13
2021-12-23 22:50:31,130 (DEBUG): STREAM b'gAMA' 41 4
2021-12-23 22:50:31,130 (DEBUG): STREAM b'cHRM' 57 32
2021-12-23 22:50:31,130 (DEBUG): STREAM b'bKGD' 101 2
2021-12-23 22:50:31,130 (DEBUG): b'bKGD' 101 2 (unknown)
2021-12-23 22:50:31,130 (DEBUG): STREAM b'tIME' 115 7
2021-12-23 22:50:31,130 (DEBUG): b'tIME' 115 7 (unknown)
2021-12-23 22:50:31,130 (DEBUG): STREAM b'IDAT' 134 32768
2021-12-23 22:50:31,142 (DEBUG): STREAM b'IHDR' 16 13
2021-12-23 22:50:31,142 (DEBUG): STREAM b'gAMA' 41 4
2021-12-23 22:50:31,142 (DEBUG): STREAM b'cHRM' 57 32
2021-12-23 22:50:31,142 (DEBUG): STREAM b'bKGD' 101 2
2021-12-23 22:50:31,142 (DEBUG): b'bKGD' 101 2 (unknown)
2021-12-23 22:50:31,142 (DEBUG): STREAM b'tIME' 115 7
2021-12-23 22:50:31,142 (DEBUG): b'tIME' 115 7 (unknown)
2021-12-23 22:50:31,142 (DEBUG): STREAM b'IDAT' 134 32768
2021-12-23 22:50:31,157 (DEBUG): STREAM b'IHDR' 16 13
2021-12-23 22:50:31,157 (DEBUG): STREAM b'gAMA' 41 4
2021-12-23 22:50:31,157 (DEBUG): STREAM b'cHRM' 57 32
2021-12-23 22:50:31,157 (DEBUG): STREAM b'bKGD' 101 2
2021-12-23 22:50:31,157 (DEBUG): b'bKGD' 101 2 (unknown)
2021-12-23 22:50:31,157 (DEBUG): STREAM b'tIME' 115 7
2021-12-23 22:50:31,157 (DEBUG): b'tIME' 115 7 (unknown)
2021-12-23 22:50:31,157 (DEBUG): STREAM b'IDAT' 134 32768
2021-12-23 22:50:31,170 (DEBUG): STREAM b'IHDR' 16 13
2021-12-23 22:50:31,170 (DEBUG): STREAM b'gAMA' 41 4
2021-12-23 22:50:31,170 (DEBUG): STREAM b'cHRM' 57 32
2021-12-23 22:50:31,170 (DEBUG): STREAM b'bKGD' 101 2
2021-12-23 22:50:31,170 (DEBUG): b'bKGD' 101 2 (unknown)
2021-12-23 22:50:31,170 (DEBUG): STREAM b'tIME' 115 7
2021-12-23 22:50:31,170 (DEBUG): b'tIME' 115 7 (unknown)
2021-12-23 22:50:31,170 (DEBUG): STREAM b'IDAT' 134 32768
2021-12-23 22:50:31,187 (DEBUG): STREAM b'IHDR' 16 13
2021-12-23 22:50:31,187 (DEBUG): STREAM b'gAMA' 41 4
2021-12-23 22:50:31,187 (DEBUG): STREAM b'cHRM' 57 32
2021-12-23 22:50:31,187 (DEBUG): STREAM b'bKGD' 101 2
2021-12-23 22:50:31,187 (DEBUG): b'bKGD' 101 2 (unknown)
2021-12-23 22:50:31,187 (DEBUG): STREAM b'tIME' 115 7
2021-12-23 22:50:31,187 (DEBUG): b'tIME' 115 7 (unknown)
2021-12-23 22:50:31,187 (DEBUG): STREAM b'IDAT' 134 32768
2021-12-23 22:50:31,200 (DEBUG): STREAM b'IHDR' 16 13
2021-12-23 22:50:31,200 (DEBUG): STREAM b'gAMA' 41 4
2021-12-23 22:50:31,200 (DEBUG): STREAM b'cHRM' 57 32
2021-12-23 22:50:31,200 (DEBUG): STREAM b'bKGD' 101 2
2021-12-23 22:50:31,200 (DEBUG): b'bKGD' 101 2 (unknown)
2021-12-23 22:50:31,200 (DEBUG): STREAM b'tIME' 115 7
2021-12-23 22:50:31,200 (DEBUG): b'tIME' 115 7 (unknown)
2021-12-23 22:50:31,200 (DEBUG): STREAM b'IDAT' 134 32768
2021-12-23 22:50:31,212 (DEBUG): STREAM b'IHDR' 16 13
2021-12-23 22:50:31,213 (DEBUG): STREAM b'gAMA' 41 4
2021-12-23 22:50:31,213 (DEBUG): STREAM b'cHRM' 57 32
2021-12-23 22:50:31,213 (DEBUG): STREAM b'bKGD' 101 2
2021-12-23 22:50:31,213 (DEBUG): b'bKGD' 101 2 (unknown)
2021-12-23 22:50:31,213 (DEBUG): STREAM b'tIME' 115 7
2021-12-23 22:50:31,213 (DEBUG): b'tIME' 115 7 (unknown)
2021-12-23 22:50:31,213 (DEBUG): STREAM b'IDAT' 134 32768
2021-12-23 22:50:31,226 (DEBUG): STREAM b'IHDR' 16 13
2021-12-23 22:50:31,226 (DEBUG): STREAM b'gAMA' 41 4
2021-12-23 22:50:31,226 (DEBUG): STREAM b'cHRM' 57 32
2021-12-23 22:50:31,226 (DEBUG): STREAM b'bKGD' 101 2
2021-12-23 22:50:31,226 (DEBUG): b'bKGD' 101 2 (unknown)
2021-12-23 22:50:31,226 (DEBUG): STREAM b'tIME' 115 7
2021-12-23 22:50:31,226 (DEBUG): b'tIME' 115 7 (unknown)
2021-12-23 22:50:31,226 (DEBUG): STREAM b'IDAT' 134 32768
2021-12-23 22:50:31,241 (DEBUG): STREAM b'IHDR' 16 13
2021-12-23 22:50:31,241 (DEBUG): STREAM b'gAMA' 41 4
2021-12-23 22:50:31,241 (DEBUG): STREAM b'cHRM' 57 32
2021-12-23 22:50:31,241 (DEBUG): STREAM b'bKGD' 101 2
2021-12-23 22:50:31,241 (DEBUG): b'bKGD' 101 2 (unknown)
2021-12-23 22:50:31,241 (DEBUG): STREAM b'tIME' 115 7
2021-12-23 22:50:31,241 (DEBUG): b'tIME' 115 7 (unknown)
2021-12-23 22:50:31,241 (DEBUG): STREAM b'IDAT' 134 32768
2021-12-23 22:50:31,254 (DEBUG): STREAM b'IHDR' 16 13
2021-12-23 22:50:31,254 (DEBUG): STREAM b'gAMA' 41 4
2021-12-23 22:50:31,254 (DEBUG): STREAM b'cHRM' 57 32
2021-12-23 22:50:31,254 (DEBUG): STREAM b'bKGD' 101 2
2021-12-23 22:50:31,254 (DEBUG): b'bKGD' 101 2 (unknown)
2021-12-23 22:50:31,254 (DEBUG): STREAM b'tIME' 115 7
2021-12-23 22:50:31,254 (DEBUG): b'tIME' 115 7 (unknown)
2021-12-23 22:50:31,254 (DEBUG): STREAM b'IDAT' 134 32768
2021-12-23 22:50:31,267 (DEBUG): STREAM b'IHDR' 16 13
2021-12-23 22:50:31,267 (DEBUG): STREAM b'gAMA' 41 4
2021-12-23 22:50:31,267 (DEBUG): STREAM b'cHRM' 57 32
2021-12-23 22:50:31,267 (DEBUG): STREAM b'bKGD' 101 2
2021-12-23 22:50:31,267 (DEBUG): b'bKGD' 101 2 (unknown)
2021-12-23 22:50:31,267 (DEBUG): STREAM b'tIME' 115 7
2021-12-23 22:50:31,267 (DEBUG): b'tIME' 115 7 (unknown)
2021-12-23 22:50:31,267 (DEBUG): STREAM b'IDAT' 134 32768
2021-12-23 22:50:31,305 (DEBUG): STREAM b'IHDR' 16 13
2021-12-23 22:50:31,305 (DEBUG): STREAM b'gAMA' 41 4
2021-12-23 22:50:31,305 (DEBUG): STREAM b'cHRM' 57 32
2021-12-23 22:50:31,305 (DEBUG): STREAM b'bKGD' 101 2
2021-12-23 22:50:31,305 (DEBUG): b'bKGD' 101 2 (unknown)
2021-12-23 22:50:31,305 (DEBUG): STREAM b'tIME' 115 7
2021-12-23 22:50:31,305 (DEBUG): b'tIME' 115 7 (unknown)
2021-12-23 22:50:31,305 (DEBUG): STREAM b'IDAT' 134 32768
2021-12-23 22:50:31,319 (DEBUG): STREAM b'IHDR' 16 13
2021-12-23 22:50:31,319 (DEBUG): STREAM b'gAMA' 41 4
2021-12-23 22:50:31,319 (DEBUG): STREAM b'cHRM' 57 32
2021-12-23 22:50:31,319 (DEBUG): STREAM b'bKGD' 101 2
2021-12-23 22:50:31,319 (DEBUG): b'bKGD' 101 2 (unknown)
2021-12-23 22:50:31,319 (DEBUG): STREAM b'tIME' 115 7
2021-12-23 22:50:31,319 (DEBUG): b'tIME' 115 7 (unknown)
2021-12-23 22:50:31,319 (DEBUG): STREAM b'IDAT' 134 32768
2021-12-23 22:50:31,331 (DEBUG): STREAM b'IHDR' 16 13
2021-12-23 22:50:31,331 (DEBUG): STREAM b'gAMA' 41 4
2021-12-23 22:50:31,331 (DEBUG): STREAM b'cHRM' 57 32
2021-12-23 22:50:31,332 (DEBUG): STREAM b'bKGD' 101 2
2021-12-23 22:50:31,332 (DEBUG): b'bKGD' 101 2 (unknown)
2021-12-23 22:50:31,332 (DEBUG): STREAM b'tIME' 115 7
2021-12-23 22:50:31,332 (DEBUG): b'tIME' 115 7 (unknown)
2021-12-23 22:50:31,332 (DEBUG): STREAM b'IDAT' 134 32768
2021-12-23 22:50:31,344 (DEBUG): STREAM b'IHDR' 16 13
2021-12-23 22:50:31,345 (DEBUG): STREAM b'gAMA' 41 4
2021-12-23 22:50:31,345 (DEBUG): STREAM b'cHRM' 57 32
2021-12-23 22:50:31,345 (DEBUG): STREAM b'bKGD' 101 2
2021-12-23 22:50:31,345 (DEBUG): b'bKGD' 101 2 (unknown)
2021-12-23 22:50:31,345 (DEBUG): STREAM b'tIME' 115 7
2021-12-23 22:50:31,345 (DEBUG): b'tIME' 115 7 (unknown)
2021-12-23 22:50:31,345 (DEBUG): STREAM b'IDAT' 134 32768
2021-12-23 22:50:31,398 (DEBUG): STREAM b'IHDR' 16 13
2021-12-23 22:50:31,398 (DEBUG): STREAM b'gAMA' 41 4
2021-12-23 22:50:31,398 (DEBUG): STREAM b'cHRM' 57 32
2021-12-23 22:50:31,398 (DEBUG): STREAM b'bKGD' 101 2
2021-12-23 22:50:31,398 (DEBUG): b'bKGD' 101 2 (unknown)
2021-12-23 22:50:31,398 (DEBUG): STREAM b'tIME' 115 7
2021-12-23 22:50:31,398 (DEBUG): b'tIME' 115 7 (unknown)
2021-12-23 22:50:31,398 (DEBUG): STREAM b'IDAT' 134 32768
2021-12-23 22:50:31,411 (DEBUG): STREAM b'IHDR' 16 13
2021-12-23 22:50:31,411 (DEBUG): STREAM b'gAMA' 41 4
2021-12-23 22:50:31,411 (DEBUG): STREAM b'cHRM' 57 32
2021-12-23 22:50:31,411 (DEBUG): STREAM b'bKGD' 101 2
2021-12-23 22:50:31,411 (DEBUG): b'bKGD' 101 2 (unknown)
2021-12-23 22:50:31,411 (DEBUG): STREAM b'tIME' 115 7
2021-12-23 22:50:31,411 (DEBUG): b'tIME' 115 7 (unknown)
2021-12-23 22:50:31,411 (DEBUG): STREAM b'IDAT' 134 32768
2021-12-23 22:50:31,424 (DEBUG): STREAM b'IHDR' 16 13
2021-12-23 22:50:31,424 (DEBUG): STREAM b'gAMA' 41 4
2021-12-23 22:50:31,424 (DEBUG): STREAM b'cHRM' 57 32
2021-12-23 22:50:31,425 (DEBUG): STREAM b'bKGD' 101 2
2021-12-23 22:50:31,425 (DEBUG): b'bKGD' 101 2 (unknown)
2021-12-23 22:50:31,425 (DEBUG): STREAM b'tIME' 115 7
2021-12-23 22:50:31,425 (DEBUG): b'tIME' 115 7 (unknown)
2021-12-23 22:50:31,425 (DEBUG): STREAM b'IDAT' 134 32768
2021-12-23 22:50:31,439 (DEBUG): STREAM b'IHDR' 16 13
2021-12-23 22:50:31,439 (DEBUG): STREAM b'gAMA' 41 4
2021-12-23 22:50:31,439 (DEBUG): STREAM b'cHRM' 57 32
2021-12-23 22:50:31,439 (DEBUG): STREAM b'bKGD' 101 2
2021-12-23 22:50:31,439 (DEBUG): b'bKGD' 101 2 (unknown)
2021-12-23 22:50:31,439 (DEBUG): STREAM b'tIME' 115 7
2021-12-23 22:50:31,439 (DEBUG): b'tIME' 115 7 (unknown)
2021-12-23 22:50:31,439 (DEBUG): STREAM b'IDAT' 134 32768
2021-12-23 22:50:31,453 (DEBUG): STREAM b'IHDR' 16 13
2021-12-23 22:50:31,453 (DEBUG): STREAM b'gAMA' 41 4
2021-12-23 22:50:31,453 (DEBUG): STREAM b'cHRM' 57 32
2021-12-23 22:50:31,453 (DEBUG): STREAM b'bKGD' 101 2
2021-12-23 22:50:31,453 (DEBUG): b'bKGD' 101 2 (unknown)
2021-12-23 22:50:31,453 (DEBUG): STREAM b'tIME' 115 7
2021-12-23 22:50:31,453 (DEBUG): b'tIME' 115 7 (unknown)
2021-12-23 22:50:31,453 (DEBUG): STREAM b'IDAT' 134 32768
2021-12-23 22:50:31,481 (DEBUG): STREAM b'IHDR' 16 13
2021-12-23 22:50:31,481 (DEBUG): STREAM b'gAMA' 41 4
2021-12-23 22:50:31,481 (DEBUG): STREAM b'cHRM' 57 32
2021-12-23 22:50:31,481 (DEBUG): STREAM b'bKGD' 101 2
2021-12-23 22:50:31,481 (DEBUG): b'bKGD' 101 2 (unknown)
2021-12-23 22:50:31,481 (DEBUG): STREAM b'tIME' 115 7
2021-12-23 22:50:31,500 (DEBUG): b'tIME' 115 7 (unknown)
2021-12-23 22:50:31,500 (DEBUG): STREAM b'IDAT' 134 32768
2021-12-23 22:50:31,514 (DEBUG): STREAM b'IHDR' 16 13
2021-12-23 22:50:31,514 (DEBUG): STREAM b'gAMA' 41 4
2021-12-23 22:50:31,514 (DEBUG): STREAM b'cHRM' 57 32
2021-12-23 22:50:31,514 (DEBUG): STREAM b'bKGD' 101 2
2021-12-23 22:50:31,514 (DEBUG): b'bKGD' 101 2 (unknown)
2021-12-23 22:50:31,514 (DEBUG): STREAM b'tIME' 115 7
2021-12-23 22:50:31,514 (DEBUG): b'tIME' 115 7 (unknown)
2021-12-23 22:50:31,514 (DEBUG): STREAM b'IDAT' 134 32768
2021-12-23 22:50:31,552 (DEBUG): STREAM b'IHDR' 16 13
2021-12-23 22:50:31,552 (DEBUG): STREAM b'gAMA' 41 4
2021-12-23 22:50:31,552 (DEBUG): STREAM b'cHRM' 57 32
2021-12-23 22:50:31,552 (DEBUG): STREAM b'bKGD' 101 2
2021-12-23 22:50:31,552 (DEBUG): b'bKGD' 101 2 (unknown)
2021-12-23 22:50:31,552 (DEBUG): STREAM b'tIME' 115 7
2021-12-23 22:50:31,552 (DEBUG): b'tIME' 115 7 (unknown)
2021-12-23 22:50:31,552 (DEBUG): STREAM b'IDAT' 134 32768
