2021-12-23 21:21:45,360 (INFO): Log Path: D:\Source_Code\Python ++\02. updateComic\log\debug-20211223-2121.45.log
2021-12-23 21:21:47,430 (INFO): Currently Processing image
2021-12-23 21:21:47,430 (INFO): Processing Titles ...
2021-12-23 21:21:47,445 (DEBUG): Get Info from structure: (2t+=sakusei toshi elosion)
2021-12-23 21:21:47,454 (DEBUG): Get Info from structure: (a-10+=koukai tanetsuke hentai koubi 2)
2021-12-23 21:21:47,461 (DEBUG): Get Info from structure: (Abubu+=Kinjo no Onnatachi ga Nazeka Ore no Ie no Furo ni Hairi ni Kuru Ken)
2021-12-23 21:21:47,469 (DEBUG): Get Info from structure: (abubu+=npc kan mod)
2021-12-23 21:21:47,479 (DEBUG): Get Info from structure: (agobitch nee-san+=Hataraku Onee-san-tachi ~Mikonritsu no Takai Machi de Hataraku Tokoya no Onee-san ni Okuchi de Shiborareru~)
2021-12-23 21:21:47,487 (DEBUG): Get Info from structure: (agobitch nee-san+=Seifuku Bishoujo)
2021-12-23 21:21:47,496 (DEBUG): Get Info from structure: (ahemaru+=slave the blood)
2021-12-23 21:21:47,503 (DEBUG): Get Info from structure: (amano ameno+=Jabami Yumeko Hentai Koushuu Benjo Tantsubo Nikubenki Onna)
2021-12-23 21:21:47,511 (DEBUG): Get Info from structure: (amano ameno+=Kyonyuu Onna Joushi Saimin Nikuningyou)
2021-12-23 21:21:47,520 (DEBUG): Get Info from structure: (Ameyama Denshin+=Stories)
2021-12-23 21:21:47,527 (DEBUG): Get Info from structure: (Arai Kei+=Boku No Kanojo)
2021-12-23 21:21:47,536 (DEBUG): Get Info from structure: (arai kei+=Boku Wa Kanojo No Namae Mo Shiranai)
2021-12-23 21:21:47,543 (DEBUG): Get Info from structure: (arai kei+=hougan kanojo)
2021-12-23 21:21:47,553 (DEBUG): Get Info from structure: (arai kei+=Stories)
2021-12-23 21:21:47,560 (DEBUG): Get Info from structure: (Arai Taiki+=Kahanshin Daiichi Shugi)
2021-12-23 21:21:47,569 (DEBUG): Get Info from structure: (arai taiki+=ochita yume no naka de)
2021-12-23 21:21:47,577 (DEBUG): Get Info from structure: (Arai Taiki+=Stories)
2021-12-23 21:21:47,584 (DEBUG): Get Info from structure: (aroma sensei+=Gwen)
2021-12-23 21:21:47,592 (DEBUG): Get Info from structure: (aroma sensei+=what's going on here)
2021-12-23 21:21:47,600 (DEBUG): Get Info from structure: (asanagi+=Stories)
2021-12-23 21:21:47,608 (DEBUG): Get Info from structure: (BeNantoka+=Stories)
2021-12-23 21:21:47,618 (DEBUG): Get Info from structure: (Bonske+=Arawareta Chijo wa Toshishita Kui no Scatolo Hentai deshita)
2021-12-23 21:21:47,626 (DEBUG): Get Info from structure: (bonske+=sono kuchi to shita de subete o uketomenasai)
2021-12-23 21:21:47,635 (DEBUG): Get Info from structure: (Dokurosan+=Stories)
2021-12-23 21:21:47,643 (DEBUG): Get Info from structure: (Enokido+=Stories)
2021-12-23 21:21:47,651 (DEBUG): Get Info from structure: (freehand tamashii+=aorare tsuma)
2021-12-23 21:21:47,660 (DEBUG): Get Info from structure: (freehand tamashii+=Incha No Oi Ga Yaritai Oba-san)
2021-12-23 21:21:47,668 (DEBUG): Get Info from structure: (freehand tamashii+=Isourou Saki No Obasan Ni Hameru!)
2021-12-23 21:21:47,675 (DEBUG): Get Info from structure: (freehand tamashii+=Stories)
2021-12-23 21:21:47,683 (DEBUG): Get Info from structure: (freehand tamashii+=Toiu Wake De, Kaa-san-tachi To Yattemita)
2021-12-23 21:21:47,692 (DEBUG): Get Info from structure: (freehand tamasshii+=Shin Mama O Netoruze!)
2021-12-23 21:21:47,702 (DEBUG): Get Info from structure: (gonza+=av mama)
2021-12-23 21:21:47,709 (DEBUG): Get Info from structure: (gonza+=matching appli)
2021-12-23 21:21:47,718 (DEBUG): Get Info from structure: (Gonza+=Mayonaka No Haha)
2021-12-23 21:21:47,726 (DEBUG): Get Info from structure: (gonza+=my three horny moms)
2021-12-23 21:21:47,734 (DEBUG): Get Info from structure: (gonza+=Nonfiction ~boshi Soukan No Kioku~)
2021-12-23 21:21:47,743 (DEBUG): Get Info from structure: (gonza+=stories)
2021-12-23 21:21:47,752 (DEBUG): Get Info from structure: (mizone+=Ajin Iryou Sougou Center e Youkoso!)
2021-12-23 21:21:47,760 (DEBUG): Get Info from structure: (mizone+=Jikyuu 1500 yen!! Gyogyou o Tetsudau Kantan na Oshigoto desu)
2021-12-23 21:21:47,768 (DEBUG): Get Info from structure: (mizone+=Kindan no Shohousen)
2021-12-23 21:21:47,776 (DEBUG): Get Info from structure: (mizone+=monster romance)
2021-12-23 21:21:47,785 (DEBUG): Get Info from structure: (mizone+=monster smash)
2021-12-23 21:21:47,793 (DEBUG): Get Info from structure: (mizone+=Otherworldly Maidens Series)
2021-12-23 21:21:47,802 (DEBUG): Get Info from structure: (mizone+=stories)
2021-12-23 21:21:47,812 (DEBUG): Get Info from structure: (mizone+=Zasshoku Yuusha)
2021-12-23 21:21:47,821 (DEBUG): Get Info from structure: (Tsusauto+=Jichikai no Hitozuma wa Totemo Ecchi deshita)
2021-12-23 21:21:47,829 (INFO): Processing Chapters / Episodes ...
2021-12-23 21:21:47,839 (INFO): Processing Chapters & Pages ... 
