2021-12-24 13:26:30,386 (INFO): Log Path: D:\Source_Code\Python ++\02. updateComic\log\debug-20211224-1326.30.log
2021-12-24 13:26:32,415 (INFO): Currently Processing image
2021-12-24 13:26:32,415 (INFO): Processing Titles ...
2021-12-24 13:26:32,482 (DEBUG): Get Info from structure: (2t+=sakusei toshi elosion)
2021-12-24 13:26:32,491 (DEBUG): Get Info from structure: (a-10+=koukai tanetsuke hentai koubi 2)
2021-12-24 13:26:32,500 (DEBUG): Get Info from structure: (Abubu+=Kinjo no Onnatachi ga Nazeka Ore no Ie no Furo ni Hairi ni Kuru Ken)
2021-12-24 13:26:32,510 (DEBUG): Get Info from structure: (abubu+=npc kan mod)
2021-12-24 13:26:32,523 (DEBUG): Get Info from structure: (agobitch nee-san+=Hataraku Onee-san-tachi ~Mikonritsu no Takai Machi de Hataraku Tokoya no Onee-san ni Okuchi de Shiborareru~)
2021-12-24 13:26:32,533 (DEBUG): Get Info from structure: (agobitch nee-san+=Seifuku Bishoujo)
2021-12-24 13:26:32,542 (DEBUG): Get Info from structure: (ahemaru+=slave the blood)
2021-12-24 13:26:32,550 (DEBUG): Get Info from structure: (amano ameno+=Jabami Yumeko Hentai Koushuu Benjo Tantsubo Nikubenki Onna)
2021-12-24 13:26:32,558 (DEBUG): Get Info from structure: (amano ameno+=Kyonyuu Onna Joushi Saimin Nikuningyou)
2021-12-24 13:26:32,565 (DEBUG): Get Info from structure: (Ameyama Denshin+=Stories)
2021-12-24 13:26:32,575 (DEBUG): Get Info from structure: (Arai Kei+=Boku No Kanojo)
2021-12-24 13:26:32,585 (DEBUG): Get Info from structure: (arai kei+=Boku Wa Kanojo No Namae Mo Shiranai)
2021-12-24 13:26:32,597 (DEBUG): Get Info from structure: (arai kei+=hougan kanojo)
2021-12-24 13:26:32,606 (DEBUG): Get Info from structure: (arai kei+=Stories)
2021-12-24 13:26:32,615 (DEBUG): Get Info from structure: (Arai Taiki+=Kahanshin Daiichi Shugi)
2021-12-24 13:26:32,625 (DEBUG): Get Info from structure: (arai taiki+=ochita yume no naka de)
2021-12-24 13:26:32,632 (DEBUG): Get Info from structure: (Arai Taiki+=Stories)
2021-12-24 13:26:32,640 (DEBUG): Get Info from structure: (aroma sensei+=Gwen)
2021-12-24 13:26:32,647 (DEBUG): Get Info from structure: (aroma sensei+=what's going on here)
2021-12-24 13:26:32,656 (DEBUG): Get Info from structure: (asanagi+=Stories)
2021-12-24 13:26:32,663 (DEBUG): Get Info from structure: (BeNantoka+=Stories)
2021-12-24 13:26:32,673 (DEBUG): Get Info from structure: (Bonske+=Arawareta Chijo wa Toshishita Kui no Scatolo Hentai deshita)
2021-12-24 13:26:32,681 (DEBUG): Get Info from structure: (bonske+=sono kuchi to shita de subete o uketomenasai)
2021-12-24 13:26:32,688 (DEBUG): Get Info from structure: (Dokurosan+=Stories)
2021-12-24 13:26:32,696 (DEBUG): Get Info from structure: (Enokido+=Stories)
2021-12-24 13:26:32,704 (DEBUG): Get Info from structure: (freehand tamashii+=aorare tsuma)
2021-12-24 13:26:32,712 (DEBUG): Get Info from structure: (freehand tamashii+=Incha No Oi Ga Yaritai Oba-san)
2021-12-24 13:26:32,720 (DEBUG): Get Info from structure: (freehand tamashii+=Isourou Saki No Obasan Ni Hameru!)
2021-12-24 13:26:32,728 (DEBUG): Get Info from structure: (freehand tamashii+=Stories)
2021-12-24 13:26:32,737 (DEBUG): Get Info from structure: (freehand tamashii+=Toiu Wake De, Kaa-san-tachi To Yattemita)
2021-12-24 13:26:32,745 (DEBUG): Get Info from structure: (freehand tamasshii+=Shin Mama O Netoruze!)
2021-12-24 13:26:32,755 (DEBUG): Get Info from structure: (gonza+=av mama)
2021-12-24 13:26:32,763 (DEBUG): Get Info from structure: (gonza+=matching appli)
2021-12-24 13:26:32,770 (DEBUG): Get Info from structure: (Gonza+=Mayonaka No Haha)
2021-12-24 13:26:32,778 (DEBUG): Get Info from structure: (gonza+=my three horny moms)
2021-12-24 13:26:32,785 (DEBUG): Get Info from structure: (gonza+=Nonfiction ~boshi Soukan No Kioku~)
2021-12-24 13:26:32,793 (DEBUG): Get Info from structure: (gonza+=stories)
2021-12-24 13:26:32,802 (DEBUG): Get Info from structure: (mizone+=Ajin Iryou Sougou Center e Youkoso!)
2021-12-24 13:26:32,810 (DEBUG): Get Info from structure: (mizone+=Jikyuu 1500 yen!! Gyogyou o Tetsudau Kantan na Oshigoto desu)
2021-12-24 13:26:32,818 (DEBUG): Get Info from structure: (mizone+=Kindan no Shohousen)
2021-12-24 13:26:32,825 (DEBUG): Get Info from structure: (mizone+=monster romance)
2021-12-24 13:26:32,833 (DEBUG): Get Info from structure: (mizone+=monster smash)
2021-12-24 13:26:32,844 (DEBUG): Get Info from structure: (mizone+=Otherworldly Maidens Series)
2021-12-24 13:26:32,852 (DEBUG): Get Info from structure: (mizone+=stories)
2021-12-24 13:26:32,865 (DEBUG): Get Info from structure: (mizone+=Zasshoku Yuusha)
2021-12-24 13:26:32,877 (DEBUG): Get Info from structure: (Tsusauto+=Jichikai no Hitozuma wa Totemo Ecchi deshita)
2021-12-24 13:26:32,887 (INFO): Processing Chapters / Episodes ...
2021-12-24 13:26:32,902 (INFO): Processing Chapters & Pages ... 
2021-12-24 13:28:21,727 (DEBUG): STREAM b'IHDR' 16 13
2021-12-24 13:28:21,727 (DEBUG): STREAM b'gAMA' 41 4
2021-12-24 13:28:21,728 (DEBUG): STREAM b'cHRM' 57 32
2021-12-24 13:28:21,728 (DEBUG): STREAM b'bKGD' 101 2
2021-12-24 13:28:21,728 (DEBUG): b'bKGD' 101 2 (unknown)
2021-12-24 13:28:21,728 (DEBUG): STREAM b'tIME' 115 7
2021-12-24 13:28:21,728 (DEBUG): b'tIME' 115 7 (unknown)
2021-12-24 13:28:21,728 (DEBUG): STREAM b'IDAT' 134 32768
2021-12-24 13:28:21,744 (DEBUG): STREAM b'IHDR' 16 13
2021-12-24 13:28:21,744 (DEBUG): STREAM b'gAMA' 41 4
2021-12-24 13:28:21,744 (DEBUG): STREAM b'cHRM' 57 32
2021-12-24 13:28:21,744 (DEBUG): STREAM b'bKGD' 101 2
2021-12-24 13:28:21,744 (DEBUG): b'bKGD' 101 2 (unknown)
2021-12-24 13:28:21,745 (DEBUG): STREAM b'tIME' 115 7
2021-12-24 13:28:21,745 (DEBUG): b'tIME' 115 7 (unknown)
2021-12-24 13:28:21,745 (DEBUG): STREAM b'IDAT' 134 32768
2021-12-24 13:28:21,759 (DEBUG): STREAM b'IHDR' 16 13
2021-12-24 13:28:21,759 (DEBUG): STREAM b'gAMA' 41 4
2021-12-24 13:28:21,759 (DEBUG): STREAM b'cHRM' 57 32
2021-12-24 13:28:21,760 (DEBUG): STREAM b'bKGD' 101 2
2021-12-24 13:28:21,760 (DEBUG): b'bKGD' 101 2 (unknown)
2021-12-24 13:28:21,760 (DEBUG): STREAM b'tIME' 115 7
2021-12-24 13:28:21,760 (DEBUG): b'tIME' 115 7 (unknown)
2021-12-24 13:28:21,760 (DEBUG): STREAM b'IDAT' 134 32768
2021-12-24 13:28:21,775 (DEBUG): STREAM b'IHDR' 16 13
2021-12-24 13:28:21,775 (DEBUG): STREAM b'gAMA' 41 4
2021-12-24 13:28:21,775 (DEBUG): STREAM b'cHRM' 57 32
2021-12-24 13:28:21,775 (DEBUG): STREAM b'bKGD' 101 2
2021-12-24 13:28:21,775 (DEBUG): b'bKGD' 101 2 (unknown)
2021-12-24 13:28:21,775 (DEBUG): STREAM b'tIME' 115 7
2021-12-24 13:28:21,775 (DEBUG): b'tIME' 115 7 (unknown)
2021-12-24 13:28:21,775 (DEBUG): STREAM b'IDAT' 134 32768
2021-12-24 13:28:21,795 (DEBUG): STREAM b'IHDR' 16 13
2021-12-24 13:28:21,795 (DEBUG): STREAM b'gAMA' 41 4
2021-12-24 13:28:21,795 (DEBUG): STREAM b'cHRM' 57 32
2021-12-24 13:28:21,795 (DEBUG): STREAM b'bKGD' 101 2
2021-12-24 13:28:21,795 (DEBUG): b'bKGD' 101 2 (unknown)
2021-12-24 13:28:21,795 (DEBUG): STREAM b'tIME' 115 7
2021-12-24 13:28:21,795 (DEBUG): b'tIME' 115 7 (unknown)
2021-12-24 13:28:21,795 (DEBUG): STREAM b'IDAT' 134 32768
2021-12-24 13:28:21,810 (DEBUG): STREAM b'IHDR' 16 13
2021-12-24 13:28:21,810 (DEBUG): STREAM b'gAMA' 41 4
2021-12-24 13:28:21,810 (DEBUG): STREAM b'cHRM' 57 32
2021-12-24 13:28:21,810 (DEBUG): STREAM b'bKGD' 101 2
2021-12-24 13:28:21,810 (DEBUG): b'bKGD' 101 2 (unknown)
2021-12-24 13:28:21,810 (DEBUG): STREAM b'tIME' 115 7
2021-12-24 13:28:21,810 (DEBUG): b'tIME' 115 7 (unknown)
2021-12-24 13:28:21,810 (DEBUG): STREAM b'IDAT' 134 32768
2021-12-24 13:28:21,825 (DEBUG): STREAM b'IHDR' 16 13
2021-12-24 13:28:21,825 (DEBUG): STREAM b'gAMA' 41 4
2021-12-24 13:28:21,825 (DEBUG): STREAM b'cHRM' 57 32
2021-12-24 13:28:21,825 (DEBUG): STREAM b'bKGD' 101 2
2021-12-24 13:28:21,825 (DEBUG): b'bKGD' 101 2 (unknown)
2021-12-24 13:28:21,825 (DEBUG): STREAM b'tIME' 115 7
2021-12-24 13:28:21,825 (DEBUG): b'tIME' 115 7 (unknown)
2021-12-24 13:28:21,825 (DEBUG): STREAM b'IDAT' 134 32768
2021-12-24 13:28:21,839 (DEBUG): STREAM b'IHDR' 16 13
2021-12-24 13:28:21,839 (DEBUG): STREAM b'gAMA' 41 4
2021-12-24 13:28:21,839 (DEBUG): STREAM b'cHRM' 57 32
2021-12-24 13:28:21,839 (DEBUG): STREAM b'bKGD' 101 2
2021-12-24 13:28:21,839 (DEBUG): b'bKGD' 101 2 (unknown)
2021-12-24 13:28:21,839 (DEBUG): STREAM b'tIME' 115 7
2021-12-24 13:28:21,839 (DEBUG): b'tIME' 115 7 (unknown)
2021-12-24 13:28:21,839 (DEBUG): STREAM b'IDAT' 134 32768
2021-12-24 13:28:21,856 (DEBUG): STREAM b'IHDR' 16 13
2021-12-24 13:28:21,857 (DEBUG): STREAM b'gAMA' 41 4
2021-12-24 13:28:21,857 (DEBUG): STREAM b'cHRM' 57 32
2021-12-24 13:28:21,857 (DEBUG): STREAM b'bKGD' 101 2
2021-12-24 13:28:21,857 (DEBUG): b'bKGD' 101 2 (unknown)
2021-12-24 13:28:21,857 (DEBUG): STREAM b'tIME' 115 7
2021-12-24 13:28:21,857 (DEBUG): b'tIME' 115 7 (unknown)
2021-12-24 13:28:21,857 (DEBUG): STREAM b'IDAT' 134 32768
2021-12-24 13:28:21,872 (DEBUG): STREAM b'IHDR' 16 13
2021-12-24 13:28:21,872 (DEBUG): STREAM b'gAMA' 41 4
2021-12-24 13:28:21,872 (DEBUG): STREAM b'cHRM' 57 32
2021-12-24 13:28:21,872 (DEBUG): STREAM b'bKGD' 101 2
2021-12-24 13:28:21,872 (DEBUG): b'bKGD' 101 2 (unknown)
2021-12-24 13:28:21,872 (DEBUG): STREAM b'tIME' 115 7
2021-12-24 13:28:21,872 (DEBUG): b'tIME' 115 7 (unknown)
2021-12-24 13:28:21,872 (DEBUG): STREAM b'IDAT' 134 32768
2021-12-24 13:28:21,886 (DEBUG): STREAM b'IHDR' 16 13
2021-12-24 13:28:21,887 (DEBUG): STREAM b'gAMA' 41 4
2021-12-24 13:28:21,887 (DEBUG): STREAM b'cHRM' 57 32
2021-12-24 13:28:21,887 (DEBUG): STREAM b'bKGD' 101 2
2021-12-24 13:28:21,887 (DEBUG): b'bKGD' 101 2 (unknown)
2021-12-24 13:28:21,887 (DEBUG): STREAM b'tIME' 115 7
2021-12-24 13:28:21,887 (DEBUG): b'tIME' 115 7 (unknown)
2021-12-24 13:28:21,887 (DEBUG): STREAM b'IDAT' 134 32768
2021-12-24 13:28:21,900 (DEBUG): STREAM b'IHDR' 16 13
2021-12-24 13:28:21,900 (DEBUG): STREAM b'gAMA' 41 4
2021-12-24 13:28:21,901 (DEBUG): STREAM b'cHRM' 57 32
2021-12-24 13:28:21,901 (DEBUG): STREAM b'bKGD' 101 2
2021-12-24 13:28:21,901 (DEBUG): b'bKGD' 101 2 (unknown)
2021-12-24 13:28:21,901 (DEBUG): STREAM b'tIME' 115 7
2021-12-24 13:28:21,901 (DEBUG): b'tIME' 115 7 (unknown)
2021-12-24 13:28:21,901 (DEBUG): STREAM b'IDAT' 134 32768
2021-12-24 13:28:21,917 (DEBUG): STREAM b'IHDR' 16 13
2021-12-24 13:28:21,917 (DEBUG): STREAM b'gAMA' 41 4
2021-12-24 13:28:21,917 (DEBUG): STREAM b'cHRM' 57 32
2021-12-24 13:28:21,917 (DEBUG): STREAM b'bKGD' 101 2
2021-12-24 13:28:21,917 (DEBUG): b'bKGD' 101 2 (unknown)
2021-12-24 13:28:21,917 (DEBUG): STREAM b'tIME' 115 7
2021-12-24 13:28:21,917 (DEBUG): b'tIME' 115 7 (unknown)
2021-12-24 13:28:21,917 (DEBUG): STREAM b'IDAT' 134 32768
2021-12-24 13:28:21,932 (DEBUG): STREAM b'IHDR' 16 13
2021-12-24 13:28:21,932 (DEBUG): STREAM b'gAMA' 41 4
2021-12-24 13:28:21,932 (DEBUG): STREAM b'cHRM' 57 32
2021-12-24 13:28:21,932 (DEBUG): STREAM b'bKGD' 101 2
2021-12-24 13:28:21,932 (DEBUG): b'bKGD' 101 2 (unknown)
2021-12-24 13:28:21,932 (DEBUG): STREAM b'tIME' 115 7
2021-12-24 13:28:21,932 (DEBUG): b'tIME' 115 7 (unknown)
2021-12-24 13:28:21,932 (DEBUG): STREAM b'IDAT' 134 32768
2021-12-24 13:28:21,946 (DEBUG): STREAM b'IHDR' 16 13
2021-12-24 13:28:21,946 (DEBUG): STREAM b'gAMA' 41 4
2021-12-24 13:28:21,946 (DEBUG): STREAM b'cHRM' 57 32
2021-12-24 13:28:21,946 (DEBUG): STREAM b'bKGD' 101 2
2021-12-24 13:28:21,946 (DEBUG): b'bKGD' 101 2 (unknown)
2021-12-24 13:28:21,946 (DEBUG): STREAM b'tIME' 115 7
2021-12-24 13:28:21,946 (DEBUG): b'tIME' 115 7 (unknown)
2021-12-24 13:28:21,946 (DEBUG): STREAM b'IDAT' 134 32768
2021-12-24 13:28:21,960 (DEBUG): STREAM b'IHDR' 16 13
2021-12-24 13:28:21,960 (DEBUG): STREAM b'gAMA' 41 4
2021-12-24 13:28:21,961 (DEBUG): STREAM b'cHRM' 57 32
2021-12-24 13:28:21,961 (DEBUG): STREAM b'bKGD' 101 2
2021-12-24 13:28:21,961 (DEBUG): b'bKGD' 101 2 (unknown)
2021-12-24 13:28:21,961 (DEBUG): STREAM b'tIME' 115 7
2021-12-24 13:28:21,961 (DEBUG): b'tIME' 115 7 (unknown)
2021-12-24 13:28:21,961 (DEBUG): STREAM b'IDAT' 134 32768
2021-12-24 13:28:22,000 (DEBUG): STREAM b'IHDR' 16 13
2021-12-24 13:28:22,000 (DEBUG): STREAM b'gAMA' 41 4
2021-12-24 13:28:22,000 (DEBUG): STREAM b'cHRM' 57 32
2021-12-24 13:28:22,000 (DEBUG): STREAM b'bKGD' 101 2
2021-12-24 13:28:22,000 (DEBUG): b'bKGD' 101 2 (unknown)
2021-12-24 13:28:22,000 (DEBUG): STREAM b'tIME' 115 7
2021-12-24 13:28:22,000 (DEBUG): b'tIME' 115 7 (unknown)
2021-12-24 13:28:22,000 (DEBUG): STREAM b'IDAT' 134 32768
2021-12-24 13:28:22,016 (DEBUG): STREAM b'IHDR' 16 13
2021-12-24 13:28:22,016 (DEBUG): STREAM b'gAMA' 41 4
2021-12-24 13:28:22,016 (DEBUG): STREAM b'cHRM' 57 32
2021-12-24 13:28:22,016 (DEBUG): STREAM b'bKGD' 101 2
2021-12-24 13:28:22,016 (DEBUG): b'bKGD' 101 2 (unknown)
2021-12-24 13:28:22,016 (DEBUG): STREAM b'tIME' 115 7
2021-12-24 13:28:22,016 (DEBUG): b'tIME' 115 7 (unknown)
2021-12-24 13:28:22,016 (DEBUG): STREAM b'IDAT' 134 32768
2021-12-24 13:28:22,031 (DEBUG): STREAM b'IHDR' 16 13
2021-12-24 13:28:22,031 (DEBUG): STREAM b'gAMA' 41 4
2021-12-24 13:28:22,031 (DEBUG): STREAM b'cHRM' 57 32
2021-12-24 13:28:22,031 (DEBUG): STREAM b'bKGD' 101 2
2021-12-24 13:28:22,031 (DEBUG): b'bKGD' 101 2 (unknown)
2021-12-24 13:28:22,032 (DEBUG): STREAM b'tIME' 115 7
2021-12-24 13:28:22,032 (DEBUG): b'tIME' 115 7 (unknown)
2021-12-24 13:28:22,032 (DEBUG): STREAM b'IDAT' 134 32768
2021-12-24 13:28:22,046 (DEBUG): STREAM b'IHDR' 16 13
2021-12-24 13:28:22,047 (DEBUG): STREAM b'gAMA' 41 4
2021-12-24 13:28:22,047 (DEBUG): STREAM b'cHRM' 57 32
2021-12-24 13:28:22,047 (DEBUG): STREAM b'bKGD' 101 2
2021-12-24 13:28:22,047 (DEBUG): b'bKGD' 101 2 (unknown)
2021-12-24 13:28:22,047 (DEBUG): STREAM b'tIME' 115 7
2021-12-24 13:28:22,047 (DEBUG): b'tIME' 115 7 (unknown)
2021-12-24 13:28:22,047 (DEBUG): STREAM b'IDAT' 134 32768
2021-12-24 13:28:22,104 (DEBUG): STREAM b'IHDR' 16 13
2021-12-24 13:28:22,105 (DEBUG): STREAM b'gAMA' 41 4
2021-12-24 13:28:22,105 (DEBUG): STREAM b'cHRM' 57 32
2021-12-24 13:28:22,105 (DEBUG): STREAM b'bKGD' 101 2
2021-12-24 13:28:22,105 (DEBUG): b'bKGD' 101 2 (unknown)
2021-12-24 13:28:22,105 (DEBUG): STREAM b'tIME' 115 7
2021-12-24 13:28:22,105 (DEBUG): b'tIME' 115 7 (unknown)
2021-12-24 13:28:22,105 (DEBUG): STREAM b'IDAT' 134 32768
2021-12-24 13:28:22,118 (DEBUG): STREAM b'IHDR' 16 13
2021-12-24 13:28:22,118 (DEBUG): STREAM b'gAMA' 41 4
2021-12-24 13:28:22,118 (DEBUG): STREAM b'cHRM' 57 32
2021-12-24 13:28:22,118 (DEBUG): STREAM b'bKGD' 101 2
2021-12-24 13:28:22,118 (DEBUG): b'bKGD' 101 2 (unknown)
2021-12-24 13:28:22,118 (DEBUG): STREAM b'tIME' 115 7
2021-12-24 13:28:22,118 (DEBUG): b'tIME' 115 7 (unknown)
2021-12-24 13:28:22,118 (DEBUG): STREAM b'IDAT' 134 32768
2021-12-24 13:28:22,133 (DEBUG): STREAM b'IHDR' 16 13
2021-12-24 13:28:22,133 (DEBUG): STREAM b'gAMA' 41 4
2021-12-24 13:28:22,133 (DEBUG): STREAM b'cHRM' 57 32
2021-12-24 13:28:22,133 (DEBUG): STREAM b'bKGD' 101 2
2021-12-24 13:28:22,133 (DEBUG): b'bKGD' 101 2 (unknown)
2021-12-24 13:28:22,133 (DEBUG): STREAM b'tIME' 115 7
2021-12-24 13:28:22,133 (DEBUG): b'tIME' 115 7 (unknown)
2021-12-24 13:28:22,133 (DEBUG): STREAM b'IDAT' 134 32768
2021-12-24 13:28:22,148 (DEBUG): STREAM b'IHDR' 16 13
2021-12-24 13:28:22,148 (DEBUG): STREAM b'gAMA' 41 4
2021-12-24 13:28:22,148 (DEBUG): STREAM b'cHRM' 57 32
2021-12-24 13:28:22,148 (DEBUG): STREAM b'bKGD' 101 2
2021-12-24 13:28:22,149 (DEBUG): b'bKGD' 101 2 (unknown)
2021-12-24 13:28:22,149 (DEBUG): STREAM b'tIME' 115 7
2021-12-24 13:28:22,149 (DEBUG): b'tIME' 115 7 (unknown)
2021-12-24 13:28:22,149 (DEBUG): STREAM b'IDAT' 134 32768
2021-12-24 13:28:22,162 (DEBUG): STREAM b'IHDR' 16 13
2021-12-24 13:28:22,162 (DEBUG): STREAM b'gAMA' 41 4
2021-12-24 13:28:22,162 (DEBUG): STREAM b'cHRM' 57 32
2021-12-24 13:28:22,162 (DEBUG): STREAM b'bKGD' 101 2
2021-12-24 13:28:22,162 (DEBUG): b'bKGD' 101 2 (unknown)
2021-12-24 13:28:22,162 (DEBUG): STREAM b'tIME' 115 7
2021-12-24 13:28:22,162 (DEBUG): b'tIME' 115 7 (unknown)
2021-12-24 13:28:22,162 (DEBUG): STREAM b'IDAT' 134 32768
2021-12-24 13:28:22,192 (DEBUG): STREAM b'IHDR' 16 13
2021-12-24 13:28:22,192 (DEBUG): STREAM b'gAMA' 41 4
2021-12-24 13:28:22,192 (DEBUG): STREAM b'cHRM' 57 32
2021-12-24 13:28:22,192 (DEBUG): STREAM b'bKGD' 101 2
2021-12-24 13:28:22,192 (DEBUG): b'bKGD' 101 2 (unknown)
2021-12-24 13:28:22,192 (DEBUG): STREAM b'tIME' 115 7
2021-12-24 13:28:22,192 (DEBUG): b'tIME' 115 7 (unknown)
2021-12-24 13:28:22,192 (DEBUG): STREAM b'IDAT' 134 32768
2021-12-24 13:28:22,206 (DEBUG): STREAM b'IHDR' 16 13
2021-12-24 13:28:22,206 (DEBUG): STREAM b'gAMA' 41 4
2021-12-24 13:28:22,206 (DEBUG): STREAM b'cHRM' 57 32
2021-12-24 13:28:22,206 (DEBUG): STREAM b'bKGD' 101 2
2021-12-24 13:28:22,206 (DEBUG): b'bKGD' 101 2 (unknown)
2021-12-24 13:28:22,206 (DEBUG): STREAM b'tIME' 115 7
2021-12-24 13:28:22,206 (DEBUG): b'tIME' 115 7 (unknown)
2021-12-24 13:28:22,206 (DEBUG): STREAM b'IDAT' 134 32768
2021-12-24 13:28:22,253 (DEBUG): STREAM b'IHDR' 16 13
2021-12-24 13:28:22,253 (DEBUG): STREAM b'gAMA' 41 4
2021-12-24 13:28:22,253 (DEBUG): STREAM b'cHRM' 57 32
2021-12-24 13:28:22,253 (DEBUG): STREAM b'bKGD' 101 2
2021-12-24 13:28:22,253 (DEBUG): b'bKGD' 101 2 (unknown)
2021-12-24 13:28:22,254 (DEBUG): STREAM b'tIME' 115 7
2021-12-24 13:28:22,254 (DEBUG): b'tIME' 115 7 (unknown)
2021-12-24 13:28:22,254 (DEBUG): STREAM b'IDAT' 134 32768
