2021-12-23 22:33:03,311 (INFO): Log Path: D:\Source_Code\Python ++\02. updateComic\log\debug-20211223-2233.03.log
2021-12-23 22:33:05,364 (INFO): Currently Processing image
2021-12-23 22:33:05,364 (INFO): Processing Titles ...
2021-12-23 22:33:05,388 (DEBUG): Get Info from structure: (2t+=sakusei toshi elosion)
2021-12-23 22:33:05,403 (DEBUG): Get Info from structure: (a-10+=koukai tanetsuke hentai koubi 2)
2021-12-23 22:33:05,415 (DEBUG): Get Info from structure: (Abubu+=Kinjo no Onnatachi ga Nazeka Ore no Ie no Furo ni Hairi ni Kuru Ken)
2021-12-23 22:33:05,427 (DEBUG): Get Info from structure: (abubu+=npc kan mod)
2021-12-23 22:33:05,439 (DEBUG): Get Info from structure: (agobitch nee-san+=Hataraku Onee-san-tachi ~Mikonritsu no Takai Machi de Hataraku Tokoya no Onee-san ni Okuchi de Shiborareru~)
2021-12-23 22:33:05,450 (DEBUG): Get Info from structure: (agobitch nee-san+=Seifuku Bishoujo)
2021-12-23 22:33:05,464 (DEBUG): Get Info from structure: (ahemaru+=slave the blood)
2021-12-23 22:33:05,477 (DEBUG): Get Info from structure: (amano ameno+=Jabami Yumeko Hentai Koushuu Benjo Tantsubo Nikubenki Onna)
2021-12-23 22:33:05,487 (DEBUG): Get Info from structure: (amano ameno+=Kyonyuu Onna Joushi Saimin Nikuningyou)
2021-12-23 22:33:05,498 (DEBUG): Get Info from structure: (Ameyama Denshin+=Stories)
2021-12-23 22:33:05,510 (DEBUG): Get Info from structure: (Arai Kei+=Boku No Kanojo)
2021-12-23 22:33:05,521 (DEBUG): Get Info from structure: (arai kei+=Boku Wa Kanojo No Namae Mo Shiranai)
2021-12-23 22:33:05,531 (DEBUG): Get Info from structure: (arai kei+=hougan kanojo)
2021-12-23 22:33:05,543 (DEBUG): Get Info from structure: (arai kei+=Stories)
2021-12-23 22:33:05,553 (DEBUG): Get Info from structure: (Arai Taiki+=Kahanshin Daiichi Shugi)
2021-12-23 22:33:05,563 (DEBUG): Get Info from structure: (arai taiki+=ochita yume no naka de)
2021-12-23 22:33:05,573 (DEBUG): Get Info from structure: (Arai Taiki+=Stories)
2021-12-23 22:33:05,582 (DEBUG): Get Info from structure: (aroma sensei+=Gwen)
2021-12-23 22:33:05,593 (DEBUG): Get Info from structure: (aroma sensei+=what's going on here)
2021-12-23 22:33:05,603 (DEBUG): Get Info from structure: (asanagi+=Stories)
2021-12-23 22:33:05,615 (DEBUG): Get Info from structure: (BeNantoka+=Stories)
2021-12-23 22:33:05,628 (DEBUG): Get Info from structure: (Bonske+=Arawareta Chijo wa Toshishita Kui no Scatolo Hentai deshita)
2021-12-23 22:33:05,639 (DEBUG): Get Info from structure: (bonske+=sono kuchi to shita de subete o uketomenasai)
2021-12-23 22:33:05,652 (DEBUG): Get Info from structure: (Dokurosan+=Stories)
2021-12-23 22:33:05,666 (DEBUG): Get Info from structure: (Enokido+=Stories)
2021-12-23 22:33:05,679 (DEBUG): Get Info from structure: (freehand tamashii+=aorare tsuma)
2021-12-23 22:33:05,692 (DEBUG): Get Info from structure: (freehand tamashii+=Incha No Oi Ga Yaritai Oba-san)
2021-12-23 22:33:05,705 (DEBUG): Get Info from structure: (freehand tamashii+=Isourou Saki No Obasan Ni Hameru!)
2021-12-23 22:33:05,716 (DEBUG): Get Info from structure: (freehand tamashii+=Stories)
2021-12-23 22:33:05,735 (DEBUG): Get Info from structure: (freehand tamashii+=Toiu Wake De, Kaa-san-tachi To Yattemita)
2021-12-23 22:33:05,752 (DEBUG): Get Info from structure: (freehand tamasshii+=Shin Mama O Netoruze!)
2021-12-23 22:33:05,763 (DEBUG): Get Info from structure: (gonza+=av mama)
2021-12-23 22:33:05,773 (DEBUG): Get Info from structure: (gonza+=matching appli)
2021-12-23 22:33:05,789 (DEBUG): Get Info from structure: (Gonza+=Mayonaka No Haha)
2021-12-23 22:33:05,799 (DEBUG): Get Info from structure: (gonza+=my three horny moms)
2021-12-23 22:33:05,810 (DEBUG): Get Info from structure: (gonza+=Nonfiction ~boshi Soukan No Kioku~)
2021-12-23 22:33:05,820 (DEBUG): Get Info from structure: (gonza+=stories)
2021-12-23 22:33:05,833 (DEBUG): Get Info from structure: (mizone+=Ajin Iryou Sougou Center e Youkoso!)
2021-12-23 22:33:05,857 (DEBUG): Get Info from structure: (mizone+=Jikyuu 1500 yen!! Gyogyou o Tetsudau Kantan na Oshigoto desu)
2021-12-23 22:33:05,883 (DEBUG): Get Info from structure: (mizone+=Kindan no Shohousen)
2021-12-23 22:33:05,898 (DEBUG): Get Info from structure: (mizone+=monster romance)
2021-12-23 22:33:05,909 (DEBUG): Get Info from structure: (mizone+=monster smash)
2021-12-23 22:33:05,932 (DEBUG): Get Info from structure: (mizone+=Otherworldly Maidens Series)
2021-12-23 22:33:05,950 (DEBUG): Get Info from structure: (mizone+=stories)
2021-12-23 22:33:05,973 (DEBUG): Get Info from structure: (mizone+=Zasshoku Yuusha)
2021-12-23 22:33:05,987 (DEBUG): Get Info from structure: (Tsusauto+=Jichikai no Hitozuma wa Totemo Ecchi deshita)
2021-12-23 22:33:06,000 (INFO): Processing Chapters / Episodes ...
2021-12-23 22:33:06,016 (INFO): Processing Chapters & Pages ... 
2021-12-23 22:34:17,623 (DEBUG): STREAM b'IHDR' 16 13
2021-12-23 22:34:17,623 (DEBUG): STREAM b'gAMA' 41 4
2021-12-23 22:34:17,623 (DEBUG): STREAM b'cHRM' 57 32
2021-12-23 22:34:17,623 (DEBUG): STREAM b'bKGD' 101 2
2021-12-23 22:34:17,623 (DEBUG): b'bKGD' 101 2 (unknown)
2021-12-23 22:34:17,623 (DEBUG): STREAM b'tIME' 115 7
2021-12-23 22:34:17,623 (DEBUG): b'tIME' 115 7 (unknown)
2021-12-23 22:34:17,623 (DEBUG): STREAM b'IDAT' 134 32768
2021-12-23 22:34:17,639 (DEBUG): STREAM b'IHDR' 16 13
2021-12-23 22:34:17,639 (DEBUG): STREAM b'gAMA' 41 4
2021-12-23 22:34:17,639 (DEBUG): STREAM b'cHRM' 57 32
2021-12-23 22:34:17,639 (DEBUG): STREAM b'bKGD' 101 2
2021-12-23 22:34:17,640 (DEBUG): b'bKGD' 101 2 (unknown)
2021-12-23 22:34:17,640 (DEBUG): STREAM b'tIME' 115 7
2021-12-23 22:34:17,640 (DEBUG): b'tIME' 115 7 (unknown)
2021-12-23 22:34:17,640 (DEBUG): STREAM b'IDAT' 134 32768
2021-12-23 22:34:17,653 (DEBUG): STREAM b'IHDR' 16 13
2021-12-23 22:34:17,653 (DEBUG): STREAM b'gAMA' 41 4
2021-12-23 22:34:17,653 (DEBUG): STREAM b'cHRM' 57 32
2021-12-23 22:34:17,653 (DEBUG): STREAM b'bKGD' 101 2
2021-12-23 22:34:17,653 (DEBUG): b'bKGD' 101 2 (unknown)
2021-12-23 22:34:17,653 (DEBUG): STREAM b'tIME' 115 7
2021-12-23 22:34:17,653 (DEBUG): b'tIME' 115 7 (unknown)
2021-12-23 22:34:17,653 (DEBUG): STREAM b'IDAT' 134 32768
2021-12-23 22:34:17,668 (DEBUG): STREAM b'IHDR' 16 13
2021-12-23 22:34:17,668 (DEBUG): STREAM b'gAMA' 41 4
2021-12-23 22:34:17,668 (DEBUG): STREAM b'cHRM' 57 32
2021-12-23 22:34:17,669 (DEBUG): STREAM b'bKGD' 101 2
2021-12-23 22:34:17,669 (DEBUG): b'bKGD' 101 2 (unknown)
2021-12-23 22:34:17,669 (DEBUG): STREAM b'tIME' 115 7
2021-12-23 22:34:17,669 (DEBUG): b'tIME' 115 7 (unknown)
2021-12-23 22:34:17,669 (DEBUG): STREAM b'IDAT' 134 32768
2021-12-23 22:34:17,682 (DEBUG): STREAM b'IHDR' 16 13
2021-12-23 22:34:17,682 (DEBUG): STREAM b'gAMA' 41 4
2021-12-23 22:34:17,682 (DEBUG): STREAM b'cHRM' 57 32
2021-12-23 22:34:17,682 (DEBUG): STREAM b'bKGD' 101 2
2021-12-23 22:34:17,682 (DEBUG): b'bKGD' 101 2 (unknown)
2021-12-23 22:34:17,682 (DEBUG): STREAM b'tIME' 115 7
2021-12-23 22:34:17,682 (DEBUG): b'tIME' 115 7 (unknown)
2021-12-23 22:34:17,683 (DEBUG): STREAM b'IDAT' 134 32768
2021-12-23 22:34:17,696 (DEBUG): STREAM b'IHDR' 16 13
2021-12-23 22:34:17,696 (DEBUG): STREAM b'gAMA' 41 4
2021-12-23 22:34:17,696 (DEBUG): STREAM b'cHRM' 57 32
2021-12-23 22:34:17,696 (DEBUG): STREAM b'bKGD' 101 2
2021-12-23 22:34:17,696 (DEBUG): b'bKGD' 101 2 (unknown)
2021-12-23 22:34:17,696 (DEBUG): STREAM b'tIME' 115 7
2021-12-23 22:34:17,696 (DEBUG): b'tIME' 115 7 (unknown)
2021-12-23 22:34:17,696 (DEBUG): STREAM b'IDAT' 134 32768
2021-12-23 22:34:17,708 (DEBUG): STREAM b'IHDR' 16 13
2021-12-23 22:34:17,709 (DEBUG): STREAM b'gAMA' 41 4
2021-12-23 22:34:17,709 (DEBUG): STREAM b'cHRM' 57 32
2021-12-23 22:34:17,709 (DEBUG): STREAM b'bKGD' 101 2
2021-12-23 22:34:17,709 (DEBUG): b'bKGD' 101 2 (unknown)
2021-12-23 22:34:17,709 (DEBUG): STREAM b'tIME' 115 7
2021-12-23 22:34:17,709 (DEBUG): b'tIME' 115 7 (unknown)
2021-12-23 22:34:17,709 (DEBUG): STREAM b'IDAT' 134 32768
2021-12-23 22:34:17,727 (DEBUG): STREAM b'IHDR' 16 13
2021-12-23 22:34:17,727 (DEBUG): STREAM b'gAMA' 41 4
2021-12-23 22:34:17,727 (DEBUG): STREAM b'cHRM' 57 32
2021-12-23 22:34:17,727 (DEBUG): STREAM b'bKGD' 101 2
2021-12-23 22:34:17,727 (DEBUG): b'bKGD' 101 2 (unknown)
2021-12-23 22:34:17,727 (DEBUG): STREAM b'tIME' 115 7
2021-12-23 22:34:17,727 (DEBUG): b'tIME' 115 7 (unknown)
2021-12-23 22:34:17,727 (DEBUG): STREAM b'IDAT' 134 32768
2021-12-23 22:34:17,744 (DEBUG): STREAM b'IHDR' 16 13
2021-12-23 22:34:17,744 (DEBUG): STREAM b'gAMA' 41 4
2021-12-23 22:34:17,744 (DEBUG): STREAM b'cHRM' 57 32
2021-12-23 22:34:17,744 (DEBUG): STREAM b'bKGD' 101 2
2021-12-23 22:34:17,744 (DEBUG): b'bKGD' 101 2 (unknown)
2021-12-23 22:34:17,744 (DEBUG): STREAM b'tIME' 115 7
2021-12-23 22:34:17,744 (DEBUG): b'tIME' 115 7 (unknown)
2021-12-23 22:34:17,745 (DEBUG): STREAM b'IDAT' 134 32768
2021-12-23 22:34:17,760 (DEBUG): STREAM b'IHDR' 16 13
2021-12-23 22:34:17,761 (DEBUG): STREAM b'gAMA' 41 4
2021-12-23 22:34:17,761 (DEBUG): STREAM b'cHRM' 57 32
2021-12-23 22:34:17,761 (DEBUG): STREAM b'bKGD' 101 2
2021-12-23 22:34:17,761 (DEBUG): b'bKGD' 101 2 (unknown)
2021-12-23 22:34:17,761 (DEBUG): STREAM b'tIME' 115 7
2021-12-23 22:34:17,761 (DEBUG): b'tIME' 115 7 (unknown)
2021-12-23 22:34:17,761 (DEBUG): STREAM b'IDAT' 134 32768
2021-12-23 22:34:17,775 (DEBUG): STREAM b'IHDR' 16 13
2021-12-23 22:34:17,775 (DEBUG): STREAM b'gAMA' 41 4
2021-12-23 22:34:17,775 (DEBUG): STREAM b'cHRM' 57 32
2021-12-23 22:34:17,775 (DEBUG): STREAM b'bKGD' 101 2
2021-12-23 22:34:17,775 (DEBUG): b'bKGD' 101 2 (unknown)
2021-12-23 22:34:17,775 (DEBUG): STREAM b'tIME' 115 7
2021-12-23 22:34:17,775 (DEBUG): b'tIME' 115 7 (unknown)
2021-12-23 22:34:17,775 (DEBUG): STREAM b'IDAT' 134 32768
2021-12-23 22:34:17,790 (DEBUG): STREAM b'IHDR' 16 13
2021-12-23 22:34:17,790 (DEBUG): STREAM b'gAMA' 41 4
2021-12-23 22:34:17,790 (DEBUG): STREAM b'cHRM' 57 32
2021-12-23 22:34:17,790 (DEBUG): STREAM b'bKGD' 101 2
2021-12-23 22:34:17,790 (DEBUG): b'bKGD' 101 2 (unknown)
2021-12-23 22:34:17,790 (DEBUG): STREAM b'tIME' 115 7
2021-12-23 22:34:17,790 (DEBUG): b'tIME' 115 7 (unknown)
2021-12-23 22:34:17,790 (DEBUG): STREAM b'IDAT' 134 32768
2021-12-23 22:34:17,803 (DEBUG): STREAM b'IHDR' 16 13
2021-12-23 22:34:17,803 (DEBUG): STREAM b'gAMA' 41 4
2021-12-23 22:34:17,803 (DEBUG): STREAM b'cHRM' 57 32
2021-12-23 22:34:17,803 (DEBUG): STREAM b'bKGD' 101 2
2021-12-23 22:34:17,804 (DEBUG): b'bKGD' 101 2 (unknown)
2021-12-23 22:34:17,804 (DEBUG): STREAM b'tIME' 115 7
2021-12-23 22:34:17,804 (DEBUG): b'tIME' 115 7 (unknown)
2021-12-23 22:34:17,804 (DEBUG): STREAM b'IDAT' 134 32768
2021-12-23 22:34:17,819 (DEBUG): STREAM b'IHDR' 16 13
2021-12-23 22:34:17,819 (DEBUG): STREAM b'gAMA' 41 4
2021-12-23 22:34:17,819 (DEBUG): STREAM b'cHRM' 57 32
2021-12-23 22:34:17,819 (DEBUG): STREAM b'bKGD' 101 2
2021-12-23 22:34:17,819 (DEBUG): b'bKGD' 101 2 (unknown)
2021-12-23 22:34:17,819 (DEBUG): STREAM b'tIME' 115 7
2021-12-23 22:34:17,819 (DEBUG): b'tIME' 115 7 (unknown)
2021-12-23 22:34:17,819 (DEBUG): STREAM b'IDAT' 134 32768
2021-12-23 22:34:17,836 (DEBUG): STREAM b'IHDR' 16 13
2021-12-23 22:34:17,836 (DEBUG): STREAM b'gAMA' 41 4
2021-12-23 22:34:17,836 (DEBUG): STREAM b'cHRM' 57 32
2021-12-23 22:34:17,836 (DEBUG): STREAM b'bKGD' 101 2
2021-12-23 22:34:17,836 (DEBUG): b'bKGD' 101 2 (unknown)
2021-12-23 22:34:17,836 (DEBUG): STREAM b'tIME' 115 7
2021-12-23 22:34:17,836 (DEBUG): b'tIME' 115 7 (unknown)
2021-12-23 22:34:17,836 (DEBUG): STREAM b'IDAT' 134 32768
2021-12-23 22:34:17,855 (DEBUG): STREAM b'IHDR' 16 13
2021-12-23 22:34:17,856 (DEBUG): STREAM b'gAMA' 41 4
2021-12-23 22:34:17,856 (DEBUG): STREAM b'cHRM' 57 32
2021-12-23 22:34:17,856 (DEBUG): STREAM b'bKGD' 101 2
2021-12-23 22:34:17,856 (DEBUG): b'bKGD' 101 2 (unknown)
2021-12-23 22:34:17,856 (DEBUG): STREAM b'tIME' 115 7
2021-12-23 22:34:17,856 (DEBUG): b'tIME' 115 7 (unknown)
2021-12-23 22:34:17,856 (DEBUG): STREAM b'IDAT' 134 32768
2021-12-23 22:34:17,901 (DEBUG): STREAM b'IHDR' 16 13
2021-12-23 22:34:17,901 (DEBUG): STREAM b'gAMA' 41 4
2021-12-23 22:34:17,901 (DEBUG): STREAM b'cHRM' 57 32
2021-12-23 22:34:17,901 (DEBUG): STREAM b'bKGD' 101 2
2021-12-23 22:34:17,901 (DEBUG): b'bKGD' 101 2 (unknown)
2021-12-23 22:34:17,901 (DEBUG): STREAM b'tIME' 115 7
2021-12-23 22:34:17,901 (DEBUG): b'tIME' 115 7 (unknown)
2021-12-23 22:34:17,902 (DEBUG): STREAM b'IDAT' 134 32768
2021-12-23 22:34:17,953 (DEBUG): STREAM b'IHDR' 16 13
2021-12-23 22:34:17,953 (DEBUG): STREAM b'gAMA' 41 4
2021-12-23 22:34:17,953 (DEBUG): STREAM b'cHRM' 57 32
2021-12-23 22:34:17,953 (DEBUG): STREAM b'bKGD' 101 2
2021-12-23 22:34:17,953 (DEBUG): b'bKGD' 101 2 (unknown)
2021-12-23 22:34:17,953 (DEBUG): STREAM b'tIME' 115 7
2021-12-23 22:34:17,953 (DEBUG): b'tIME' 115 7 (unknown)
2021-12-23 22:34:17,954 (DEBUG): STREAM b'IDAT' 134 32768
2021-12-23 22:34:17,977 (DEBUG): STREAM b'IHDR' 16 13
2021-12-23 22:34:17,977 (DEBUG): STREAM b'gAMA' 41 4
2021-12-23 22:34:17,977 (DEBUG): STREAM b'cHRM' 57 32
2021-12-23 22:34:17,977 (DEBUG): STREAM b'bKGD' 101 2
2021-12-23 22:34:17,977 (DEBUG): b'bKGD' 101 2 (unknown)
2021-12-23 22:34:17,977 (DEBUG): STREAM b'tIME' 115 7
2021-12-23 22:34:17,977 (DEBUG): b'tIME' 115 7 (unknown)
2021-12-23 22:34:17,977 (DEBUG): STREAM b'IDAT' 134 32768
2021-12-23 22:34:17,994 (DEBUG): STREAM b'IHDR' 16 13
2021-12-23 22:34:17,994 (DEBUG): STREAM b'gAMA' 41 4
2021-12-23 22:34:17,995 (DEBUG): STREAM b'cHRM' 57 32
2021-12-23 22:34:17,995 (DEBUG): STREAM b'bKGD' 101 2
2021-12-23 22:34:17,995 (DEBUG): b'bKGD' 101 2 (unknown)
2021-12-23 22:34:17,995 (DEBUG): STREAM b'tIME' 115 7
2021-12-23 22:34:17,995 (DEBUG): b'tIME' 115 7 (unknown)
2021-12-23 22:34:17,995 (DEBUG): STREAM b'IDAT' 134 32768
2021-12-23 22:34:18,116 (DEBUG): STREAM b'IHDR' 16 13
2021-12-23 22:34:18,117 (DEBUG): STREAM b'gAMA' 41 4
2021-12-23 22:34:18,117 (DEBUG): STREAM b'cHRM' 57 32
2021-12-23 22:34:18,117 (DEBUG): STREAM b'bKGD' 101 2
2021-12-23 22:34:18,117 (DEBUG): b'bKGD' 101 2 (unknown)
2021-12-23 22:34:18,117 (DEBUG): STREAM b'tIME' 115 7
2021-12-23 22:34:18,117 (DEBUG): b'tIME' 115 7 (unknown)
2021-12-23 22:34:18,117 (DEBUG): STREAM b'IDAT' 134 32768
2021-12-23 22:34:18,131 (DEBUG): STREAM b'IHDR' 16 13
2021-12-23 22:34:18,131 (DEBUG): STREAM b'gAMA' 41 4
2021-12-23 22:34:18,131 (DEBUG): STREAM b'cHRM' 57 32
2021-12-23 22:34:18,131 (DEBUG): STREAM b'bKGD' 101 2
2021-12-23 22:34:18,131 (DEBUG): b'bKGD' 101 2 (unknown)
2021-12-23 22:34:18,131 (DEBUG): STREAM b'tIME' 115 7
2021-12-23 22:34:18,131 (DEBUG): b'tIME' 115 7 (unknown)
2021-12-23 22:34:18,131 (DEBUG): STREAM b'IDAT' 134 32768
2021-12-23 22:34:18,147 (DEBUG): STREAM b'IHDR' 16 13
2021-12-23 22:34:18,147 (DEBUG): STREAM b'gAMA' 41 4
2021-12-23 22:34:18,147 (DEBUG): STREAM b'cHRM' 57 32
2021-12-23 22:34:18,147 (DEBUG): STREAM b'bKGD' 101 2
2021-12-23 22:34:18,147 (DEBUG): b'bKGD' 101 2 (unknown)
2021-12-23 22:34:18,147 (DEBUG): STREAM b'tIME' 115 7
2021-12-23 22:34:18,147 (DEBUG): b'tIME' 115 7 (unknown)
2021-12-23 22:34:18,147 (DEBUG): STREAM b'IDAT' 134 32768
2021-12-23 22:34:18,162 (DEBUG): STREAM b'IHDR' 16 13
2021-12-23 22:34:18,162 (DEBUG): STREAM b'gAMA' 41 4
2021-12-23 22:34:18,162 (DEBUG): STREAM b'cHRM' 57 32
2021-12-23 22:34:18,162 (DEBUG): STREAM b'bKGD' 101 2
2021-12-23 22:34:18,162 (DEBUG): b'bKGD' 101 2 (unknown)
2021-12-23 22:34:18,162 (DEBUG): STREAM b'tIME' 115 7
2021-12-23 22:34:18,162 (DEBUG): b'tIME' 115 7 (unknown)
2021-12-23 22:34:18,163 (DEBUG): STREAM b'IDAT' 134 32768
2021-12-23 22:34:18,184 (DEBUG): STREAM b'IHDR' 16 13
2021-12-23 22:34:18,184 (DEBUG): STREAM b'gAMA' 41 4
2021-12-23 22:34:18,184 (DEBUG): STREAM b'cHRM' 57 32
2021-12-23 22:34:18,184 (DEBUG): STREAM b'bKGD' 101 2
2021-12-23 22:34:18,184 (DEBUG): b'bKGD' 101 2 (unknown)
2021-12-23 22:34:18,184 (DEBUG): STREAM b'tIME' 115 7
2021-12-23 22:34:18,184 (DEBUG): b'tIME' 115 7 (unknown)
2021-12-23 22:34:18,184 (DEBUG): STREAM b'IDAT' 134 32768
2021-12-23 22:34:18,217 (DEBUG): STREAM b'IHDR' 16 13
2021-12-23 22:34:18,217 (DEBUG): STREAM b'gAMA' 41 4
2021-12-23 22:34:18,217 (DEBUG): STREAM b'cHRM' 57 32
2021-12-23 22:34:18,218 (DEBUG): STREAM b'bKGD' 101 2
2021-12-23 22:34:18,218 (DEBUG): b'bKGD' 101 2 (unknown)
2021-12-23 22:34:18,218 (DEBUG): STREAM b'tIME' 115 7
2021-12-23 22:34:18,218 (DEBUG): b'tIME' 115 7 (unknown)
2021-12-23 22:34:18,218 (DEBUG): STREAM b'IDAT' 134 32768
2021-12-23 22:34:18,235 (DEBUG): STREAM b'IHDR' 16 13
2021-12-23 22:34:18,235 (DEBUG): STREAM b'gAMA' 41 4
2021-12-23 22:34:18,235 (DEBUG): STREAM b'cHRM' 57 32
2021-12-23 22:34:18,235 (DEBUG): STREAM b'bKGD' 101 2
2021-12-23 22:34:18,235 (DEBUG): b'bKGD' 101 2 (unknown)
2021-12-23 22:34:18,235 (DEBUG): STREAM b'tIME' 115 7
2021-12-23 22:34:18,235 (DEBUG): b'tIME' 115 7 (unknown)
2021-12-23 22:34:18,236 (DEBUG): STREAM b'IDAT' 134 32768
2021-12-23 22:34:18,299 (DEBUG): STREAM b'IHDR' 16 13
2021-12-23 22:34:18,299 (DEBUG): STREAM b'gAMA' 41 4
2021-12-23 22:34:18,300 (DEBUG): STREAM b'cHRM' 57 32
2021-12-23 22:34:18,300 (DEBUG): STREAM b'bKGD' 101 2
2021-12-23 22:34:18,301 (DEBUG): b'bKGD' 101 2 (unknown)
2021-12-23 22:34:18,301 (DEBUG): STREAM b'tIME' 115 7
2021-12-23 22:34:18,301 (DEBUG): b'tIME' 115 7 (unknown)
2021-12-23 22:34:18,302 (DEBUG): STREAM b'IDAT' 134 32768
