2021-12-23 22:35:08,267 (INFO): Log Path: D:\Source_Code\Python ++\02. updateComic\log\debug-20211223-2235.08.log
2021-12-23 22:35:10,317 (INFO): Currently Processing image
2021-12-23 22:35:10,317 (INFO): Processing Titles ...
2021-12-23 22:35:10,334 (DEBUG): Get Info from structure: (2t+=sakusei toshi elosion)
2021-12-23 22:35:10,343 (DEBUG): Get Info from structure: (a-10+=koukai tanetsuke hentai koubi 2)
2021-12-23 22:35:10,352 (DEBUG): Get Info from structure: (Abubu+=Kinjo no Onnatachi ga Nazeka Ore no Ie no Furo ni Hairi ni Kuru Ken)
2021-12-23 22:35:10,360 (DEBUG): Get Info from structure: (abubu+=npc kan mod)
2021-12-23 22:35:10,369 (DEBUG): Get Info from structure: (agobitch nee-san+=Hataraku Onee-san-tachi ~Mikonritsu no Takai Machi de Hataraku Tokoya no Onee-san ni Okuchi de Shiborareru~)
2021-12-23 22:35:10,378 (DEBUG): Get Info from structure: (agobitch nee-san+=Seifuku Bishoujo)
2021-12-23 22:35:10,386 (DEBUG): Get Info from structure: (ahemaru+=slave the blood)
2021-12-23 22:35:10,394 (DEBUG): Get Info from structure: (amano ameno+=Jabami Yumeko Hentai Koushuu Benjo Tantsubo Nikubenki Onna)
2021-12-23 22:35:10,403 (DEBUG): Get Info from structure: (amano ameno+=Kyonyuu Onna Joushi Saimin Nikuningyou)
2021-12-23 22:35:10,412 (DEBUG): Get Info from structure: (Ameyama Denshin+=Stories)
2021-12-23 22:35:10,419 (DEBUG): Get Info from structure: (Arai Kei+=Boku No Kanojo)
2021-12-23 22:35:10,428 (DEBUG): Get Info from structure: (arai kei+=Boku Wa Kanojo No Namae Mo Shiranai)
2021-12-23 22:35:10,437 (DEBUG): Get Info from structure: (arai kei+=hougan kanojo)
2021-12-23 22:35:10,447 (DEBUG): Get Info from structure: (arai kei+=Stories)
2021-12-23 22:35:10,458 (DEBUG): Get Info from structure: (Arai Taiki+=Kahanshin Daiichi Shugi)
2021-12-23 22:35:10,466 (DEBUG): Get Info from structure: (arai taiki+=ochita yume no naka de)
2021-12-23 22:35:10,475 (DEBUG): Get Info from structure: (Arai Taiki+=Stories)
2021-12-23 22:35:10,485 (DEBUG): Get Info from structure: (aroma sensei+=Gwen)
2021-12-23 22:35:10,495 (DEBUG): Get Info from structure: (aroma sensei+=what's going on here)
2021-12-23 22:35:10,502 (DEBUG): Get Info from structure: (asanagi+=Stories)
2021-12-23 22:35:10,514 (DEBUG): Get Info from structure: (BeNantoka+=Stories)
2021-12-23 22:35:10,526 (DEBUG): Get Info from structure: (Bonske+=Arawareta Chijo wa Toshishita Kui no Scatolo Hentai deshita)
2021-12-23 22:35:10,534 (DEBUG): Get Info from structure: (bonske+=sono kuchi to shita de subete o uketomenasai)
2021-12-23 22:35:10,542 (DEBUG): Get Info from structure: (Dokurosan+=Stories)
2021-12-23 22:35:10,551 (DEBUG): Get Info from structure: (Enokido+=Stories)
2021-12-23 22:35:10,560 (DEBUG): Get Info from structure: (freehand tamashii+=aorare tsuma)
2021-12-23 22:35:10,568 (DEBUG): Get Info from structure: (freehand tamashii+=Incha No Oi Ga Yaritai Oba-san)
2021-12-23 22:35:10,577 (DEBUG): Get Info from structure: (freehand tamashii+=Isourou Saki No Obasan Ni Hameru!)
2021-12-23 22:35:10,585 (DEBUG): Get Info from structure: (freehand tamashii+=Stories)
2021-12-23 22:35:10,594 (DEBUG): Get Info from structure: (freehand tamashii+=Toiu Wake De, Kaa-san-tachi To Yattemita)
2021-12-23 22:35:10,603 (DEBUG): Get Info from structure: (freehand tamasshii+=Shin Mama O Netoruze!)
2021-12-23 22:35:10,615 (DEBUG): Get Info from structure: (gonza+=av mama)
2021-12-23 22:35:10,624 (DEBUG): Get Info from structure: (gonza+=matching appli)
2021-12-23 22:35:10,632 (DEBUG): Get Info from structure: (Gonza+=Mayonaka No Haha)
2021-12-23 22:35:10,642 (DEBUG): Get Info from structure: (gonza+=my three horny moms)
2021-12-23 22:35:10,651 (DEBUG): Get Info from structure: (gonza+=Nonfiction ~boshi Soukan No Kioku~)
2021-12-23 22:35:10,659 (DEBUG): Get Info from structure: (gonza+=stories)
2021-12-23 22:35:10,668 (DEBUG): Get Info from structure: (mizone+=Ajin Iryou Sougou Center e Youkoso!)
2021-12-23 22:35:10,678 (DEBUG): Get Info from structure: (mizone+=Jikyuu 1500 yen!! Gyogyou o Tetsudau Kantan na Oshigoto desu)
2021-12-23 22:35:10,686 (DEBUG): Get Info from structure: (mizone+=Kindan no Shohousen)
2021-12-23 22:35:10,697 (DEBUG): Get Info from structure: (mizone+=monster romance)
2021-12-23 22:35:10,707 (DEBUG): Get Info from structure: (mizone+=monster smash)
2021-12-23 22:35:10,717 (DEBUG): Get Info from structure: (mizone+=Otherworldly Maidens Series)
2021-12-23 22:35:10,727 (DEBUG): Get Info from structure: (mizone+=stories)
2021-12-23 22:35:10,739 (DEBUG): Get Info from structure: (mizone+=Zasshoku Yuusha)
2021-12-23 22:35:10,748 (DEBUG): Get Info from structure: (Tsusauto+=Jichikai no Hitozuma wa Totemo Ecchi deshita)
2021-12-23 22:35:10,756 (INFO): Processing Chapters / Episodes ...
2021-12-23 22:35:10,769 (INFO): Processing Chapters & Pages ... 
2021-12-23 22:36:27,263 (DEBUG): STREAM b'IHDR' 16 13
2021-12-23 22:36:27,263 (DEBUG): STREAM b'gAMA' 41 4
2021-12-23 22:36:27,263 (DEBUG): STREAM b'cHRM' 57 32
2021-12-23 22:36:27,263 (DEBUG): STREAM b'bKGD' 101 2
2021-12-23 22:36:27,264 (DEBUG): b'bKGD' 101 2 (unknown)
2021-12-23 22:36:27,264 (DEBUG): STREAM b'tIME' 115 7
2021-12-23 22:36:27,264 (DEBUG): b'tIME' 115 7 (unknown)
2021-12-23 22:36:27,264 (DEBUG): STREAM b'IDAT' 134 32768
2021-12-23 22:36:27,276 (DEBUG): STREAM b'IHDR' 16 13
2021-12-23 22:36:27,276 (DEBUG): STREAM b'gAMA' 41 4
2021-12-23 22:36:27,276 (DEBUG): STREAM b'cHRM' 57 32
2021-12-23 22:36:27,276 (DEBUG): STREAM b'bKGD' 101 2
2021-12-23 22:36:27,276 (DEBUG): b'bKGD' 101 2 (unknown)
2021-12-23 22:36:27,276 (DEBUG): STREAM b'tIME' 115 7
2021-12-23 22:36:27,276 (DEBUG): b'tIME' 115 7 (unknown)
2021-12-23 22:36:27,276 (DEBUG): STREAM b'IDAT' 134 32768
2021-12-23 22:36:27,289 (DEBUG): STREAM b'IHDR' 16 13
2021-12-23 22:36:27,289 (DEBUG): STREAM b'gAMA' 41 4
2021-12-23 22:36:27,289 (DEBUG): STREAM b'cHRM' 57 32
2021-12-23 22:36:27,289 (DEBUG): STREAM b'bKGD' 101 2
2021-12-23 22:36:27,289 (DEBUG): b'bKGD' 101 2 (unknown)
2021-12-23 22:36:27,289 (DEBUG): STREAM b'tIME' 115 7
2021-12-23 22:36:27,289 (DEBUG): b'tIME' 115 7 (unknown)
2021-12-23 22:36:27,289 (DEBUG): STREAM b'IDAT' 134 32768
2021-12-23 22:36:27,302 (DEBUG): STREAM b'IHDR' 16 13
2021-12-23 22:36:27,302 (DEBUG): STREAM b'gAMA' 41 4
2021-12-23 22:36:27,302 (DEBUG): STREAM b'cHRM' 57 32
2021-12-23 22:36:27,302 (DEBUG): STREAM b'bKGD' 101 2
2021-12-23 22:36:27,302 (DEBUG): b'bKGD' 101 2 (unknown)
2021-12-23 22:36:27,302 (DEBUG): STREAM b'tIME' 115 7
2021-12-23 22:36:27,302 (DEBUG): b'tIME' 115 7 (unknown)
2021-12-23 22:36:27,302 (DEBUG): STREAM b'IDAT' 134 32768
2021-12-23 22:36:27,315 (DEBUG): STREAM b'IHDR' 16 13
2021-12-23 22:36:27,315 (DEBUG): STREAM b'gAMA' 41 4
2021-12-23 22:36:27,315 (DEBUG): STREAM b'cHRM' 57 32
2021-12-23 22:36:27,315 (DEBUG): STREAM b'bKGD' 101 2
2021-12-23 22:36:27,315 (DEBUG): b'bKGD' 101 2 (unknown)
2021-12-23 22:36:27,315 (DEBUG): STREAM b'tIME' 115 7
2021-12-23 22:36:27,315 (DEBUG): b'tIME' 115 7 (unknown)
2021-12-23 22:36:27,316 (DEBUG): STREAM b'IDAT' 134 32768
2021-12-23 22:36:27,328 (DEBUG): STREAM b'IHDR' 16 13
2021-12-23 22:36:27,328 (DEBUG): STREAM b'gAMA' 41 4
2021-12-23 22:36:27,328 (DEBUG): STREAM b'cHRM' 57 32
2021-12-23 22:36:27,328 (DEBUG): STREAM b'bKGD' 101 2
2021-12-23 22:36:27,328 (DEBUG): b'bKGD' 101 2 (unknown)
2021-12-23 22:36:27,328 (DEBUG): STREAM b'tIME' 115 7
2021-12-23 22:36:27,328 (DEBUG): b'tIME' 115 7 (unknown)
2021-12-23 22:36:27,328 (DEBUG): STREAM b'IDAT' 134 32768
2021-12-23 22:36:27,341 (DEBUG): STREAM b'IHDR' 16 13
2021-12-23 22:36:27,341 (DEBUG): STREAM b'gAMA' 41 4
2021-12-23 22:36:27,341 (DEBUG): STREAM b'cHRM' 57 32
2021-12-23 22:36:27,341 (DEBUG): STREAM b'bKGD' 101 2
2021-12-23 22:36:27,341 (DEBUG): b'bKGD' 101 2 (unknown)
2021-12-23 22:36:27,341 (DEBUG): STREAM b'tIME' 115 7
2021-12-23 22:36:27,341 (DEBUG): b'tIME' 115 7 (unknown)
2021-12-23 22:36:27,341 (DEBUG): STREAM b'IDAT' 134 32768
2021-12-23 22:36:27,354 (DEBUG): STREAM b'IHDR' 16 13
2021-12-23 22:36:27,354 (DEBUG): STREAM b'gAMA' 41 4
2021-12-23 22:36:27,354 (DEBUG): STREAM b'cHRM' 57 32
2021-12-23 22:36:27,354 (DEBUG): STREAM b'bKGD' 101 2
2021-12-23 22:36:27,354 (DEBUG): b'bKGD' 101 2 (unknown)
2021-12-23 22:36:27,354 (DEBUG): STREAM b'tIME' 115 7
2021-12-23 22:36:27,354 (DEBUG): b'tIME' 115 7 (unknown)
2021-12-23 22:36:27,354 (DEBUG): STREAM b'IDAT' 134 32768
2021-12-23 22:36:27,367 (DEBUG): STREAM b'IHDR' 16 13
2021-12-23 22:36:27,367 (DEBUG): STREAM b'gAMA' 41 4
2021-12-23 22:36:27,367 (DEBUG): STREAM b'cHRM' 57 32
2021-12-23 22:36:27,367 (DEBUG): STREAM b'bKGD' 101 2
2021-12-23 22:36:27,367 (DEBUG): b'bKGD' 101 2 (unknown)
2021-12-23 22:36:27,367 (DEBUG): STREAM b'tIME' 115 7
2021-12-23 22:36:27,367 (DEBUG): b'tIME' 115 7 (unknown)
2021-12-23 22:36:27,367 (DEBUG): STREAM b'IDAT' 134 32768
2021-12-23 22:36:27,380 (DEBUG): STREAM b'IHDR' 16 13
2021-12-23 22:36:27,380 (DEBUG): STREAM b'gAMA' 41 4
2021-12-23 22:36:27,380 (DEBUG): STREAM b'cHRM' 57 32
2021-12-23 22:36:27,380 (DEBUG): STREAM b'bKGD' 101 2
2021-12-23 22:36:27,380 (DEBUG): b'bKGD' 101 2 (unknown)
2021-12-23 22:36:27,380 (DEBUG): STREAM b'tIME' 115 7
2021-12-23 22:36:27,380 (DEBUG): b'tIME' 115 7 (unknown)
2021-12-23 22:36:27,380 (DEBUG): STREAM b'IDAT' 134 32768
2021-12-23 22:36:27,392 (DEBUG): STREAM b'IHDR' 16 13
2021-12-23 22:36:27,392 (DEBUG): STREAM b'gAMA' 41 4
2021-12-23 22:36:27,392 (DEBUG): STREAM b'cHRM' 57 32
2021-12-23 22:36:27,392 (DEBUG): STREAM b'bKGD' 101 2
2021-12-23 22:36:27,392 (DEBUG): b'bKGD' 101 2 (unknown)
2021-12-23 22:36:27,392 (DEBUG): STREAM b'tIME' 115 7
2021-12-23 22:36:27,392 (DEBUG): b'tIME' 115 7 (unknown)
2021-12-23 22:36:27,392 (DEBUG): STREAM b'IDAT' 134 32768
2021-12-23 22:36:27,406 (DEBUG): STREAM b'IHDR' 16 13
2021-12-23 22:36:27,406 (DEBUG): STREAM b'gAMA' 41 4
2021-12-23 22:36:27,406 (DEBUG): STREAM b'cHRM' 57 32
2021-12-23 22:36:27,406 (DEBUG): STREAM b'bKGD' 101 2
2021-12-23 22:36:27,406 (DEBUG): b'bKGD' 101 2 (unknown)
2021-12-23 22:36:27,406 (DEBUG): STREAM b'tIME' 115 7
2021-12-23 22:36:27,406 (DEBUG): b'tIME' 115 7 (unknown)
2021-12-23 22:36:27,406 (DEBUG): STREAM b'IDAT' 134 32768
2021-12-23 22:36:27,418 (DEBUG): STREAM b'IHDR' 16 13
2021-12-23 22:36:27,418 (DEBUG): STREAM b'gAMA' 41 4
2021-12-23 22:36:27,418 (DEBUG): STREAM b'cHRM' 57 32
2021-12-23 22:36:27,419 (DEBUG): STREAM b'bKGD' 101 2
2021-12-23 22:36:27,419 (DEBUG): b'bKGD' 101 2 (unknown)
2021-12-23 22:36:27,419 (DEBUG): STREAM b'tIME' 115 7
2021-12-23 22:36:27,419 (DEBUG): b'tIME' 115 7 (unknown)
2021-12-23 22:36:27,419 (DEBUG): STREAM b'IDAT' 134 32768
2021-12-23 22:36:27,431 (DEBUG): STREAM b'IHDR' 16 13
2021-12-23 22:36:27,431 (DEBUG): STREAM b'gAMA' 41 4
2021-12-23 22:36:27,431 (DEBUG): STREAM b'cHRM' 57 32
2021-12-23 22:36:27,431 (DEBUG): STREAM b'bKGD' 101 2
2021-12-23 22:36:27,431 (DEBUG): b'bKGD' 101 2 (unknown)
2021-12-23 22:36:27,431 (DEBUG): STREAM b'tIME' 115 7
2021-12-23 22:36:27,431 (DEBUG): b'tIME' 115 7 (unknown)
2021-12-23 22:36:27,431 (DEBUG): STREAM b'IDAT' 134 32768
2021-12-23 22:36:27,444 (DEBUG): STREAM b'IHDR' 16 13
2021-12-23 22:36:27,444 (DEBUG): STREAM b'gAMA' 41 4
2021-12-23 22:36:27,444 (DEBUG): STREAM b'cHRM' 57 32
2021-12-23 22:36:27,444 (DEBUG): STREAM b'bKGD' 101 2
2021-12-23 22:36:27,444 (DEBUG): b'bKGD' 101 2 (unknown)
2021-12-23 22:36:27,444 (DEBUG): STREAM b'tIME' 115 7
2021-12-23 22:36:27,444 (DEBUG): b'tIME' 115 7 (unknown)
2021-12-23 22:36:27,444 (DEBUG): STREAM b'IDAT' 134 32768
2021-12-23 22:36:27,457 (DEBUG): STREAM b'IHDR' 16 13
2021-12-23 22:36:27,457 (DEBUG): STREAM b'gAMA' 41 4
2021-12-23 22:36:27,457 (DEBUG): STREAM b'cHRM' 57 32
2021-12-23 22:36:27,457 (DEBUG): STREAM b'bKGD' 101 2
2021-12-23 22:36:27,457 (DEBUG): b'bKGD' 101 2 (unknown)
2021-12-23 22:36:27,457 (DEBUG): STREAM b'tIME' 115 7
2021-12-23 22:36:27,457 (DEBUG): b'tIME' 115 7 (unknown)
2021-12-23 22:36:27,457 (DEBUG): STREAM b'IDAT' 134 32768
2021-12-23 22:36:27,489 (DEBUG): STREAM b'IHDR' 16 13
2021-12-23 22:36:27,489 (DEBUG): STREAM b'gAMA' 41 4
2021-12-23 22:36:27,489 (DEBUG): STREAM b'cHRM' 57 32
2021-12-23 22:36:27,489 (DEBUG): STREAM b'bKGD' 101 2
2021-12-23 22:36:27,489 (DEBUG): b'bKGD' 101 2 (unknown)
2021-12-23 22:36:27,489 (DEBUG): STREAM b'tIME' 115 7
2021-12-23 22:36:27,489 (DEBUG): b'tIME' 115 7 (unknown)
2021-12-23 22:36:27,489 (DEBUG): STREAM b'IDAT' 134 32768
2021-12-23 22:36:27,501 (DEBUG): STREAM b'IHDR' 16 13
2021-12-23 22:36:27,501 (DEBUG): STREAM b'gAMA' 41 4
2021-12-23 22:36:27,501 (DEBUG): STREAM b'cHRM' 57 32
2021-12-23 22:36:27,501 (DEBUG): STREAM b'bKGD' 101 2
2021-12-23 22:36:27,501 (DEBUG): b'bKGD' 101 2 (unknown)
2021-12-23 22:36:27,501 (DEBUG): STREAM b'tIME' 115 7
2021-12-23 22:36:27,501 (DEBUG): b'tIME' 115 7 (unknown)
2021-12-23 22:36:27,501 (DEBUG): STREAM b'IDAT' 134 32768
2021-12-23 22:36:27,514 (DEBUG): STREAM b'IHDR' 16 13
2021-12-23 22:36:27,514 (DEBUG): STREAM b'gAMA' 41 4
2021-12-23 22:36:27,514 (DEBUG): STREAM b'cHRM' 57 32
2021-12-23 22:36:27,514 (DEBUG): STREAM b'bKGD' 101 2
2021-12-23 22:36:27,514 (DEBUG): b'bKGD' 101 2 (unknown)
2021-12-23 22:36:27,514 (DEBUG): STREAM b'tIME' 115 7
2021-12-23 22:36:27,514 (DEBUG): b'tIME' 115 7 (unknown)
2021-12-23 22:36:27,514 (DEBUG): STREAM b'IDAT' 134 32768
2021-12-23 22:36:27,527 (DEBUG): STREAM b'IHDR' 16 13
2021-12-23 22:36:27,527 (DEBUG): STREAM b'gAMA' 41 4
2021-12-23 22:36:27,527 (DEBUG): STREAM b'cHRM' 57 32
2021-12-23 22:36:27,527 (DEBUG): STREAM b'bKGD' 101 2
2021-12-23 22:36:27,527 (DEBUG): b'bKGD' 101 2 (unknown)
2021-12-23 22:36:27,527 (DEBUG): STREAM b'tIME' 115 7
2021-12-23 22:36:27,527 (DEBUG): b'tIME' 115 7 (unknown)
2021-12-23 22:36:27,527 (DEBUG): STREAM b'IDAT' 134 32768
2021-12-23 22:36:27,578 (DEBUG): STREAM b'IHDR' 16 13
2021-12-23 22:36:27,578 (DEBUG): STREAM b'gAMA' 41 4
2021-12-23 22:36:27,578 (DEBUG): STREAM b'cHRM' 57 32
2021-12-23 22:36:27,578 (DEBUG): STREAM b'bKGD' 101 2
2021-12-23 22:36:27,578 (DEBUG): b'bKGD' 101 2 (unknown)
2021-12-23 22:36:27,578 (DEBUG): STREAM b'tIME' 115 7
2021-12-23 22:36:27,578 (DEBUG): b'tIME' 115 7 (unknown)
2021-12-23 22:36:27,578 (DEBUG): STREAM b'IDAT' 134 32768
2021-12-23 22:36:27,591 (DEBUG): STREAM b'IHDR' 16 13
2021-12-23 22:36:27,591 (DEBUG): STREAM b'gAMA' 41 4
2021-12-23 22:36:27,591 (DEBUG): STREAM b'cHRM' 57 32
2021-12-23 22:36:27,591 (DEBUG): STREAM b'bKGD' 101 2
2021-12-23 22:36:27,591 (DEBUG): b'bKGD' 101 2 (unknown)
2021-12-23 22:36:27,591 (DEBUG): STREAM b'tIME' 115 7
2021-12-23 22:36:27,591 (DEBUG): b'tIME' 115 7 (unknown)
2021-12-23 22:36:27,591 (DEBUG): STREAM b'IDAT' 134 32768
2021-12-23 22:36:27,603 (DEBUG): STREAM b'IHDR' 16 13
2021-12-23 22:36:27,603 (DEBUG): STREAM b'gAMA' 41 4
2021-12-23 22:36:27,603 (DEBUG): STREAM b'cHRM' 57 32
2021-12-23 22:36:27,603 (DEBUG): STREAM b'bKGD' 101 2
2021-12-23 22:36:27,604 (DEBUG): b'bKGD' 101 2 (unknown)
2021-12-23 22:36:27,604 (DEBUG): STREAM b'tIME' 115 7
2021-12-23 22:36:27,604 (DEBUG): b'tIME' 115 7 (unknown)
2021-12-23 22:36:27,604 (DEBUG): STREAM b'IDAT' 134 32768
2021-12-23 22:36:27,617 (DEBUG): STREAM b'IHDR' 16 13
2021-12-23 22:36:27,617 (DEBUG): STREAM b'gAMA' 41 4
2021-12-23 22:36:27,617 (DEBUG): STREAM b'cHRM' 57 32
2021-12-23 22:36:27,617 (DEBUG): STREAM b'bKGD' 101 2
2021-12-23 22:36:27,617 (DEBUG): b'bKGD' 101 2 (unknown)
2021-12-23 22:36:27,617 (DEBUG): STREAM b'tIME' 115 7
2021-12-23 22:36:27,617 (DEBUG): b'tIME' 115 7 (unknown)
2021-12-23 22:36:27,617 (DEBUG): STREAM b'IDAT' 134 32768
2021-12-23 22:36:27,630 (DEBUG): STREAM b'IHDR' 16 13
2021-12-23 22:36:27,630 (DEBUG): STREAM b'gAMA' 41 4
2021-12-23 22:36:27,630 (DEBUG): STREAM b'cHRM' 57 32
2021-12-23 22:36:27,630 (DEBUG): STREAM b'bKGD' 101 2
2021-12-23 22:36:27,630 (DEBUG): b'bKGD' 101 2 (unknown)
2021-12-23 22:36:27,630 (DEBUG): STREAM b'tIME' 115 7
2021-12-23 22:36:27,630 (DEBUG): b'tIME' 115 7 (unknown)
2021-12-23 22:36:27,630 (DEBUG): STREAM b'IDAT' 134 32768
2021-12-23 22:36:27,655 (DEBUG): STREAM b'IHDR' 16 13
2021-12-23 22:36:27,655 (DEBUG): STREAM b'gAMA' 41 4
2021-12-23 22:36:27,655 (DEBUG): STREAM b'cHRM' 57 32
2021-12-23 22:36:27,655 (DEBUG): STREAM b'bKGD' 101 2
2021-12-23 22:36:27,655 (DEBUG): b'bKGD' 101 2 (unknown)
2021-12-23 22:36:27,655 (DEBUG): STREAM b'tIME' 115 7
2021-12-23 22:36:27,671 (DEBUG): b'tIME' 115 7 (unknown)
2021-12-23 22:36:27,671 (DEBUG): STREAM b'IDAT' 134 32768
2021-12-23 22:36:27,684 (DEBUG): STREAM b'IHDR' 16 13
2021-12-23 22:36:27,684 (DEBUG): STREAM b'gAMA' 41 4
2021-12-23 22:36:27,684 (DEBUG): STREAM b'cHRM' 57 32
2021-12-23 22:36:27,684 (DEBUG): STREAM b'bKGD' 101 2
2021-12-23 22:36:27,684 (DEBUG): b'bKGD' 101 2 (unknown)
2021-12-23 22:36:27,684 (DEBUG): STREAM b'tIME' 115 7
2021-12-23 22:36:27,684 (DEBUG): b'tIME' 115 7 (unknown)
2021-12-23 22:36:27,684 (DEBUG): STREAM b'IDAT' 134 32768
2021-12-23 22:36:27,722 (DEBUG): STREAM b'IHDR' 16 13
2021-12-23 22:36:27,722 (DEBUG): STREAM b'gAMA' 41 4
2021-12-23 22:36:27,722 (DEBUG): STREAM b'cHRM' 57 32
2021-12-23 22:36:27,722 (DEBUG): STREAM b'bKGD' 101 2
2021-12-23 22:36:27,722 (DEBUG): b'bKGD' 101 2 (unknown)
2021-12-23 22:36:27,722 (DEBUG): STREAM b'tIME' 115 7
2021-12-23 22:36:27,722 (DEBUG): b'tIME' 115 7 (unknown)
2021-12-23 22:36:27,722 (DEBUG): STREAM b'IDAT' 134 32768
