2021-12-24 22:02:39,360 (INFO): Log Path: D:\Source_Code\Python ++\02. updateComic\log\debug-20211224-2202.39.log
2021-12-24 22:02:41,384 (INFO): Currently Processing image
2021-12-24 22:02:41,385 (INFO): Processing Titles ...
2021-12-24 22:02:41,402 (DEBUG): Get Info from structure: (2t+=sakusei toshi elosion)
2021-12-24 22:02:41,414 (DEBUG): Get Info from structure: (a-10+=koukai tanetsuke hentai koubi 2)
2021-12-24 22:02:41,422 (DEBUG): Get Info from structure: (Abubu+=Kinjo no Onnatachi ga Nazeka Ore no Ie no Furo ni Hairi ni Kuru Ken)
2021-12-24 22:02:41,432 (DEBUG): Get Info from structure: (abubu+=npc kan mod)
2021-12-24 22:02:41,442 (DEBUG): Get Info from structure: (agobitch nee-san+=Hataraku Onee-san-tachi ~Mikonritsu no Takai Machi de Hataraku Tokoya no Onee-san ni Okuchi de Shiborareru~)
2021-12-24 22:02:41,451 (DEBUG): Get Info from structure: (agobitch nee-san+=Seifuku Bishoujo)
2021-12-24 22:02:41,464 (DEBUG): Get Info from structure: (ahemaru+=slave the blood)
2021-12-24 22:02:41,474 (DEBUG): Get Info from structure: (amano ameno+=Jabami Yumeko Hentai Koushuu Benjo Tantsubo Nikubenki Onna)
2021-12-24 22:02:41,482 (DEBUG): Get Info from structure: (amano ameno+=Kyonyuu Onna Joushi Saimin Nikuningyou)
2021-12-24 22:02:41,490 (DEBUG): Get Info from structure: (Ameyama Denshin+=Stories)
2021-12-24 22:02:41,498 (DEBUG): Get Info from structure: (Arai Kei+=Boku No Kanojo)
2021-12-24 22:02:41,509 (DEBUG): Get Info from structure: (arai kei+=Boku Wa Kanojo No Namae Mo Shiranai)
2021-12-24 22:02:41,518 (DEBUG): Get Info from structure: (arai kei+=hougan kanojo)
2021-12-24 22:02:41,526 (DEBUG): Get Info from structure: (arai kei+=Stories)
2021-12-24 22:02:41,536 (DEBUG): Get Info from structure: (Arai Taiki+=Kahanshin Daiichi Shugi)
2021-12-24 22:02:41,544 (DEBUG): Get Info from structure: (arai taiki+=ochita yume no naka de)
2021-12-24 22:02:41,553 (DEBUG): Get Info from structure: (Arai Taiki+=Stories)
2021-12-24 22:02:41,561 (DEBUG): Get Info from structure: (aroma sensei+=Gwen)
2021-12-24 22:02:41,570 (DEBUG): Get Info from structure: (aroma sensei+=what's going on here)
2021-12-24 22:02:41,582 (DEBUG): Get Info from structure: (asanagi+=Stories)
2021-12-24 22:02:41,589 (DEBUG): Get Info from structure: (BeNantoka+=Stories)
2021-12-24 22:02:41,599 (DEBUG): Get Info from structure: (Bonske+=Arawareta Chijo wa Toshishita Kui no Scatolo Hentai deshita)
2021-12-24 22:02:41,607 (DEBUG): Get Info from structure: (bonske+=sono kuchi to shita de subete o uketomenasai)
2021-12-24 22:02:41,617 (DEBUG): Get Info from structure: (Dokurosan+=Stories)
2021-12-24 22:02:41,626 (DEBUG): Get Info from structure: (doujin mukashibanashi+=Stories)
2021-12-24 22:02:41,635 (DEBUG): Get Info from structure: (Enokido+=Stories)
2021-12-24 22:02:41,642 (DEBUG): Get Info from structure: (freehand tamashii+=aorare tsuma)
2021-12-24 22:02:41,651 (DEBUG): Get Info from structure: (freehand tamashii+=Incha No Oi Ga Yaritai Oba-san)
2021-12-24 22:02:41,659 (DEBUG): Get Info from structure: (freehand tamashii+=Isourou Saki No Obasan Ni Hameru!)
2021-12-24 22:02:41,666 (DEBUG): Get Info from structure: (freehand tamashii+=Stories)
2021-12-24 22:02:41,674 (DEBUG): Get Info from structure: (freehand tamashii+=Toiu Wake De, Kaa-san-tachi To Yattemita)
2021-12-24 22:02:41,682 (DEBUG): Get Info from structure: (freehand tamasshii+=Shin Mama O Netoruze!)
2021-12-24 22:02:41,691 (DEBUG): Get Info from structure: (gonza+=av mama)
2021-12-24 22:02:41,699 (DEBUG): Get Info from structure: (gonza+=matching appli)
2021-12-24 22:02:41,706 (DEBUG): Get Info from structure: (Gonza+=Mayonaka No Haha)
2021-12-24 22:02:41,715 (DEBUG): Get Info from structure: (gonza+=my three horny moms)
2021-12-24 22:02:41,724 (DEBUG): Get Info from structure: (gonza+=Nonfiction ~boshi Soukan No Kioku~)
2021-12-24 22:02:41,734 (DEBUG): Get Info from structure: (gonza+=stories)
2021-12-24 22:02:41,743 (DEBUG): Get Info from structure: (mizone+=Ajin Iryou Sougou Center e Youkoso!)
2021-12-24 22:02:41,750 (DEBUG): Get Info from structure: (mizone+=Jikyuu 1500 yen!! Gyogyou o Tetsudau Kantan na Oshigoto desu)
2021-12-24 22:02:41,758 (DEBUG): Get Info from structure: (mizone+=Kindan no Shohousen)
2021-12-24 22:02:41,766 (DEBUG): Get Info from structure: (mizone+=monster romance)
2021-12-24 22:02:41,775 (DEBUG): Get Info from structure: (mizone+=monster smash)
2021-12-24 22:02:41,783 (DEBUG): Get Info from structure: (mizone+=Otherworldly Maidens Series)
2021-12-24 22:02:41,790 (DEBUG): Get Info from structure: (mizone+=stories)
2021-12-24 22:02:41,802 (DEBUG): Get Info from structure: (mizone+=Zasshoku Yuusha)
2021-12-24 22:02:41,808 (DEBUG): Get Info from structure: (Tsusauto+=Jichikai no Hitozuma wa Totemo Ecchi deshita)
2021-12-24 22:02:41,817 (INFO): Processing Chapters / Episodes ...
2021-12-24 22:02:41,831 (INFO): Processing Chapters & Pages ... 
2021-12-24 22:03:29,686 (DEBUG): STREAM b'IHDR' 16 13
2021-12-24 22:03:29,711 (DEBUG): STREAM b'tEXt' 41 25
2021-12-24 22:03:29,712 (DEBUG): STREAM b'iTXt' 78 888
2021-12-24 22:03:29,712 (DEBUG): STREAM b'PLTE' 978 96
2021-12-24 22:03:29,712 (DEBUG): STREAM b'IDAT' 1086 62731
2021-12-24 22:04:22,271 (DEBUG): STREAM b'IHDR' 16 13
2021-12-24 22:04:22,271 (DEBUG): STREAM b'gAMA' 41 4
2021-12-24 22:04:22,271 (DEBUG): STREAM b'cHRM' 57 32
2021-12-24 22:04:22,271 (DEBUG): STREAM b'bKGD' 101 2
2021-12-24 22:04:22,271 (DEBUG): b'bKGD' 101 2 (unknown)
2021-12-24 22:04:22,271 (DEBUG): STREAM b'tIME' 115 7
2021-12-24 22:04:22,271 (DEBUG): b'tIME' 115 7 (unknown)
2021-12-24 22:04:22,271 (DEBUG): STREAM b'IDAT' 134 32768
2021-12-24 22:04:22,291 (DEBUG): STREAM b'IHDR' 16 13
2021-12-24 22:04:22,291 (DEBUG): STREAM b'gAMA' 41 4
2021-12-24 22:04:22,291 (DEBUG): STREAM b'cHRM' 57 32
2021-12-24 22:04:22,291 (DEBUG): STREAM b'bKGD' 101 2
2021-12-24 22:04:22,291 (DEBUG): b'bKGD' 101 2 (unknown)
2021-12-24 22:04:22,291 (DEBUG): STREAM b'tIME' 115 7
2021-12-24 22:04:22,291 (DEBUG): b'tIME' 115 7 (unknown)
2021-12-24 22:04:22,291 (DEBUG): STREAM b'IDAT' 134 32768
2021-12-24 22:04:22,304 (DEBUG): STREAM b'IHDR' 16 13
2021-12-24 22:04:22,304 (DEBUG): STREAM b'gAMA' 41 4
2021-12-24 22:04:22,304 (DEBUG): STREAM b'cHRM' 57 32
2021-12-24 22:04:22,305 (DEBUG): STREAM b'bKGD' 101 2
2021-12-24 22:04:22,305 (DEBUG): b'bKGD' 101 2 (unknown)
2021-12-24 22:04:22,305 (DEBUG): STREAM b'tIME' 115 7
2021-12-24 22:04:22,305 (DEBUG): b'tIME' 115 7 (unknown)
2021-12-24 22:04:22,305 (DEBUG): STREAM b'IDAT' 134 32768
2021-12-24 22:04:22,320 (DEBUG): STREAM b'IHDR' 16 13
2021-12-24 22:04:22,320 (DEBUG): STREAM b'gAMA' 41 4
2021-12-24 22:04:22,320 (DEBUG): STREAM b'cHRM' 57 32
2021-12-24 22:04:22,320 (DEBUG): STREAM b'bKGD' 101 2
2021-12-24 22:04:22,320 (DEBUG): b'bKGD' 101 2 (unknown)
2021-12-24 22:04:22,320 (DEBUG): STREAM b'tIME' 115 7
2021-12-24 22:04:22,320 (DEBUG): b'tIME' 115 7 (unknown)
2021-12-24 22:04:22,320 (DEBUG): STREAM b'IDAT' 134 32768
2021-12-24 22:04:22,337 (DEBUG): STREAM b'IHDR' 16 13
2021-12-24 22:04:22,337 (DEBUG): STREAM b'gAMA' 41 4
2021-12-24 22:04:22,337 (DEBUG): STREAM b'cHRM' 57 32
2021-12-24 22:04:22,337 (DEBUG): STREAM b'bKGD' 101 2
2021-12-24 22:04:22,337 (DEBUG): b'bKGD' 101 2 (unknown)
2021-12-24 22:04:22,337 (DEBUG): STREAM b'tIME' 115 7
2021-12-24 22:04:22,337 (DEBUG): b'tIME' 115 7 (unknown)
2021-12-24 22:04:22,337 (DEBUG): STREAM b'IDAT' 134 32768
2021-12-24 22:04:22,364 (DEBUG): STREAM b'IHDR' 16 13
2021-12-24 22:04:22,364 (DEBUG): STREAM b'gAMA' 41 4
2021-12-24 22:04:22,364 (DEBUG): STREAM b'cHRM' 57 32
2021-12-24 22:04:22,364 (DEBUG): STREAM b'bKGD' 101 2
2021-12-24 22:04:22,364 (DEBUG): b'bKGD' 101 2 (unknown)
2021-12-24 22:04:22,364 (DEBUG): STREAM b'tIME' 115 7
2021-12-24 22:04:22,364 (DEBUG): b'tIME' 115 7 (unknown)
2021-12-24 22:04:22,364 (DEBUG): STREAM b'IDAT' 134 32768
2021-12-24 22:04:22,382 (DEBUG): STREAM b'IHDR' 16 13
2021-12-24 22:04:22,382 (DEBUG): STREAM b'gAMA' 41 4
2021-12-24 22:04:22,382 (DEBUG): STREAM b'cHRM' 57 32
2021-12-24 22:04:22,382 (DEBUG): STREAM b'bKGD' 101 2
2021-12-24 22:04:22,382 (DEBUG): b'bKGD' 101 2 (unknown)
2021-12-24 22:04:22,382 (DEBUG): STREAM b'tIME' 115 7
2021-12-24 22:04:22,382 (DEBUG): b'tIME' 115 7 (unknown)
2021-12-24 22:04:22,382 (DEBUG): STREAM b'IDAT' 134 32768
2021-12-24 22:04:22,396 (DEBUG): STREAM b'IHDR' 16 13
2021-12-24 22:04:22,396 (DEBUG): STREAM b'gAMA' 41 4
2021-12-24 22:04:22,396 (DEBUG): STREAM b'cHRM' 57 32
2021-12-24 22:04:22,396 (DEBUG): STREAM b'bKGD' 101 2
2021-12-24 22:04:22,397 (DEBUG): b'bKGD' 101 2 (unknown)
2021-12-24 22:04:22,397 (DEBUG): STREAM b'tIME' 115 7
2021-12-24 22:04:22,397 (DEBUG): b'tIME' 115 7 (unknown)
2021-12-24 22:04:22,397 (DEBUG): STREAM b'IDAT' 134 32768
2021-12-24 22:04:22,410 (DEBUG): STREAM b'IHDR' 16 13
2021-12-24 22:04:22,411 (DEBUG): STREAM b'gAMA' 41 4
2021-12-24 22:04:22,411 (DEBUG): STREAM b'cHRM' 57 32
2021-12-24 22:04:22,411 (DEBUG): STREAM b'bKGD' 101 2
2021-12-24 22:04:22,411 (DEBUG): b'bKGD' 101 2 (unknown)
2021-12-24 22:04:22,412 (DEBUG): STREAM b'tIME' 115 7
2021-12-24 22:04:22,412 (DEBUG): b'tIME' 115 7 (unknown)
2021-12-24 22:04:22,412 (DEBUG): STREAM b'IDAT' 134 32768
2021-12-24 22:04:22,425 (DEBUG): STREAM b'IHDR' 16 13
2021-12-24 22:04:22,425 (DEBUG): STREAM b'gAMA' 41 4
2021-12-24 22:04:22,425 (DEBUG): STREAM b'cHRM' 57 32
2021-12-24 22:04:22,425 (DEBUG): STREAM b'bKGD' 101 2
2021-12-24 22:04:22,425 (DEBUG): b'bKGD' 101 2 (unknown)
2021-12-24 22:04:22,425 (DEBUG): STREAM b'tIME' 115 7
2021-12-24 22:04:22,425 (DEBUG): b'tIME' 115 7 (unknown)
2021-12-24 22:04:22,425 (DEBUG): STREAM b'IDAT' 134 32768
2021-12-24 22:04:22,438 (DEBUG): STREAM b'IHDR' 16 13
2021-12-24 22:04:22,438 (DEBUG): STREAM b'gAMA' 41 4
2021-12-24 22:04:22,438 (DEBUG): STREAM b'cHRM' 57 32
2021-12-24 22:04:22,438 (DEBUG): STREAM b'bKGD' 101 2
2021-12-24 22:04:22,438 (DEBUG): b'bKGD' 101 2 (unknown)
2021-12-24 22:04:22,438 (DEBUG): STREAM b'tIME' 115 7
2021-12-24 22:04:22,438 (DEBUG): b'tIME' 115 7 (unknown)
2021-12-24 22:04:22,438 (DEBUG): STREAM b'IDAT' 134 32768
2021-12-24 22:04:22,455 (DEBUG): STREAM b'IHDR' 16 13
2021-12-24 22:04:22,455 (DEBUG): STREAM b'gAMA' 41 4
2021-12-24 22:04:22,455 (DEBUG): STREAM b'cHRM' 57 32
2021-12-24 22:04:22,455 (DEBUG): STREAM b'bKGD' 101 2
2021-12-24 22:04:22,455 (DEBUG): b'bKGD' 101 2 (unknown)
2021-12-24 22:04:22,455 (DEBUG): STREAM b'tIME' 115 7
2021-12-24 22:04:22,455 (DEBUG): b'tIME' 115 7 (unknown)
2021-12-24 22:04:22,455 (DEBUG): STREAM b'IDAT' 134 32768
2021-12-24 22:04:22,472 (DEBUG): STREAM b'IHDR' 16 13
2021-12-24 22:04:22,472 (DEBUG): STREAM b'gAMA' 41 4
2021-12-24 22:04:22,472 (DEBUG): STREAM b'cHRM' 57 32
2021-12-24 22:04:22,472 (DEBUG): STREAM b'bKGD' 101 2
2021-12-24 22:04:22,472 (DEBUG): b'bKGD' 101 2 (unknown)
2021-12-24 22:04:22,472 (DEBUG): STREAM b'tIME' 115 7
2021-12-24 22:04:22,472 (DEBUG): b'tIME' 115 7 (unknown)
2021-12-24 22:04:22,472 (DEBUG): STREAM b'IDAT' 134 32768
2021-12-24 22:04:22,491 (DEBUG): STREAM b'IHDR' 16 13
2021-12-24 22:04:22,491 (DEBUG): STREAM b'gAMA' 41 4
2021-12-24 22:04:22,491 (DEBUG): STREAM b'cHRM' 57 32
2021-12-24 22:04:22,491 (DEBUG): STREAM b'bKGD' 101 2
2021-12-24 22:04:22,491 (DEBUG): b'bKGD' 101 2 (unknown)
2021-12-24 22:04:22,491 (DEBUG): STREAM b'tIME' 115 7
2021-12-24 22:04:22,491 (DEBUG): b'tIME' 115 7 (unknown)
2021-12-24 22:04:22,491 (DEBUG): STREAM b'IDAT' 134 32768
2021-12-24 22:04:22,513 (DEBUG): STREAM b'IHDR' 16 13
2021-12-24 22:04:22,513 (DEBUG): STREAM b'gAMA' 41 4
2021-12-24 22:04:22,514 (DEBUG): STREAM b'cHRM' 57 32
2021-12-24 22:04:22,514 (DEBUG): STREAM b'bKGD' 101 2
2021-12-24 22:04:22,514 (DEBUG): b'bKGD' 101 2 (unknown)
2021-12-24 22:04:22,514 (DEBUG): STREAM b'tIME' 115 7
2021-12-24 22:04:22,514 (DEBUG): b'tIME' 115 7 (unknown)
2021-12-24 22:04:22,514 (DEBUG): STREAM b'IDAT' 134 32768
2021-12-24 22:04:22,528 (DEBUG): STREAM b'IHDR' 16 13
2021-12-24 22:04:22,530 (DEBUG): STREAM b'gAMA' 41 4
2021-12-24 22:04:22,531 (DEBUG): STREAM b'cHRM' 57 32
2021-12-24 22:04:22,531 (DEBUG): STREAM b'bKGD' 101 2
2021-12-24 22:04:22,531 (DEBUG): b'bKGD' 101 2 (unknown)
2021-12-24 22:04:22,531 (DEBUG): STREAM b'tIME' 115 7
2021-12-24 22:04:22,531 (DEBUG): b'tIME' 115 7 (unknown)
2021-12-24 22:04:22,531 (DEBUG): STREAM b'IDAT' 134 32768
2021-12-24 22:04:22,568 (DEBUG): STREAM b'IHDR' 16 13
2021-12-24 22:04:22,568 (DEBUG): STREAM b'gAMA' 41 4
2021-12-24 22:04:22,568 (DEBUG): STREAM b'cHRM' 57 32
2021-12-24 22:04:22,568 (DEBUG): STREAM b'bKGD' 101 2
2021-12-24 22:04:22,568 (DEBUG): b'bKGD' 101 2 (unknown)
2021-12-24 22:04:22,568 (DEBUG): STREAM b'tIME' 115 7
2021-12-24 22:04:22,568 (DEBUG): b'tIME' 115 7 (unknown)
2021-12-24 22:04:22,568 (DEBUG): STREAM b'IDAT' 134 32768
2021-12-24 22:04:22,585 (DEBUG): STREAM b'IHDR' 16 13
2021-12-24 22:04:22,585 (DEBUG): STREAM b'gAMA' 41 4
2021-12-24 22:04:22,585 (DEBUG): STREAM b'cHRM' 57 32
2021-12-24 22:04:22,585 (DEBUG): STREAM b'bKGD' 101 2
2021-12-24 22:04:22,585 (DEBUG): b'bKGD' 101 2 (unknown)
2021-12-24 22:04:22,585 (DEBUG): STREAM b'tIME' 115 7
2021-12-24 22:04:22,585 (DEBUG): b'tIME' 115 7 (unknown)
2021-12-24 22:04:22,586 (DEBUG): STREAM b'IDAT' 134 32768
2021-12-24 22:04:22,601 (DEBUG): STREAM b'IHDR' 16 13
2021-12-24 22:04:22,601 (DEBUG): STREAM b'gAMA' 41 4
2021-12-24 22:04:22,601 (DEBUG): STREAM b'cHRM' 57 32
2021-12-24 22:04:22,601 (DEBUG): STREAM b'bKGD' 101 2
2021-12-24 22:04:22,601 (DEBUG): b'bKGD' 101 2 (unknown)
2021-12-24 22:04:22,601 (DEBUG): STREAM b'tIME' 115 7
2021-12-24 22:04:22,602 (DEBUG): b'tIME' 115 7 (unknown)
2021-12-24 22:04:22,602 (DEBUG): STREAM b'IDAT' 134 32768
2021-12-24 22:04:22,618 (DEBUG): STREAM b'IHDR' 16 13
2021-12-24 22:04:22,618 (DEBUG): STREAM b'gAMA' 41 4
2021-12-24 22:04:22,618 (DEBUG): STREAM b'cHRM' 57 32
2021-12-24 22:04:22,618 (DEBUG): STREAM b'bKGD' 101 2
2021-12-24 22:04:22,618 (DEBUG): b'bKGD' 101 2 (unknown)
2021-12-24 22:04:22,618 (DEBUG): STREAM b'tIME' 115 7
2021-12-24 22:04:22,618 (DEBUG): b'tIME' 115 7 (unknown)
2021-12-24 22:04:22,618 (DEBUG): STREAM b'IDAT' 134 32768
2021-12-24 22:04:22,675 (DEBUG): STREAM b'IHDR' 16 13
2021-12-24 22:04:22,675 (DEBUG): STREAM b'gAMA' 41 4
2021-12-24 22:04:22,675 (DEBUG): STREAM b'cHRM' 57 32
2021-12-24 22:04:22,676 (DEBUG): STREAM b'bKGD' 101 2
2021-12-24 22:04:22,676 (DEBUG): b'bKGD' 101 2 (unknown)
2021-12-24 22:04:22,676 (DEBUG): STREAM b'tIME' 115 7
2021-12-24 22:04:22,676 (DEBUG): b'tIME' 115 7 (unknown)
2021-12-24 22:04:22,676 (DEBUG): STREAM b'IDAT' 134 32768
2021-12-24 22:04:22,692 (DEBUG): STREAM b'IHDR' 16 13
2021-12-24 22:04:22,693 (DEBUG): STREAM b'gAMA' 41 4
2021-12-24 22:04:22,693 (DEBUG): STREAM b'cHRM' 57 32
2021-12-24 22:04:22,693 (DEBUG): STREAM b'bKGD' 101 2
2021-12-24 22:04:22,693 (DEBUG): b'bKGD' 101 2 (unknown)
2021-12-24 22:04:22,693 (DEBUG): STREAM b'tIME' 115 7
2021-12-24 22:04:22,693 (DEBUG): b'tIME' 115 7 (unknown)
2021-12-24 22:04:22,693 (DEBUG): STREAM b'IDAT' 134 32768
2021-12-24 22:04:22,711 (DEBUG): STREAM b'IHDR' 16 13
2021-12-24 22:04:22,711 (DEBUG): STREAM b'gAMA' 41 4
2021-12-24 22:04:22,711 (DEBUG): STREAM b'cHRM' 57 32
2021-12-24 22:04:22,711 (DEBUG): STREAM b'bKGD' 101 2
2021-12-24 22:04:22,711 (DEBUG): b'bKGD' 101 2 (unknown)
2021-12-24 22:04:22,711 (DEBUG): STREAM b'tIME' 115 7
2021-12-24 22:04:22,711 (DEBUG): b'tIME' 115 7 (unknown)
2021-12-24 22:04:22,711 (DEBUG): STREAM b'IDAT' 134 32768
2021-12-24 22:04:22,725 (DEBUG): STREAM b'IHDR' 16 13
2021-12-24 22:04:22,725 (DEBUG): STREAM b'gAMA' 41 4
2021-12-24 22:04:22,725 (DEBUG): STREAM b'cHRM' 57 32
2021-12-24 22:04:22,725 (DEBUG): STREAM b'bKGD' 101 2
2021-12-24 22:04:22,725 (DEBUG): b'bKGD' 101 2 (unknown)
2021-12-24 22:04:22,725 (DEBUG): STREAM b'tIME' 115 7
2021-12-24 22:04:22,725 (DEBUG): b'tIME' 115 7 (unknown)
2021-12-24 22:04:22,725 (DEBUG): STREAM b'IDAT' 134 32768
2021-12-24 22:04:22,740 (DEBUG): STREAM b'IHDR' 16 13
2021-12-24 22:04:22,741 (DEBUG): STREAM b'gAMA' 41 4
2021-12-24 22:04:22,741 (DEBUG): STREAM b'cHRM' 57 32
2021-12-24 22:04:22,741 (DEBUG): STREAM b'bKGD' 101 2
2021-12-24 22:04:22,741 (DEBUG): b'bKGD' 101 2 (unknown)
2021-12-24 22:04:22,741 (DEBUG): STREAM b'tIME' 115 7
2021-12-24 22:04:22,741 (DEBUG): b'tIME' 115 7 (unknown)
2021-12-24 22:04:22,741 (DEBUG): STREAM b'IDAT' 134 32768
2021-12-24 22:04:22,770 (DEBUG): STREAM b'IHDR' 16 13
2021-12-24 22:04:22,770 (DEBUG): STREAM b'gAMA' 41 4
2021-12-24 22:04:22,770 (DEBUG): STREAM b'cHRM' 57 32
2021-12-24 22:04:22,770 (DEBUG): STREAM b'bKGD' 101 2
2021-12-24 22:04:22,770 (DEBUG): b'bKGD' 101 2 (unknown)
2021-12-24 22:04:22,771 (DEBUG): STREAM b'tIME' 115 7
2021-12-24 22:04:22,771 (DEBUG): b'tIME' 115 7 (unknown)
2021-12-24 22:04:22,771 (DEBUG): STREAM b'IDAT' 134 32768
2021-12-24 22:04:22,800 (DEBUG): STREAM b'IHDR' 16 13
2021-12-24 22:04:22,800 (DEBUG): STREAM b'gAMA' 41 4
2021-12-24 22:04:22,800 (DEBUG): STREAM b'cHRM' 57 32
2021-12-24 22:04:22,800 (DEBUG): STREAM b'bKGD' 101 2
2021-12-24 22:04:22,800 (DEBUG): b'bKGD' 101 2 (unknown)
2021-12-24 22:04:22,800 (DEBUG): STREAM b'tIME' 115 7
2021-12-24 22:04:22,800 (DEBUG): b'tIME' 115 7 (unknown)
2021-12-24 22:04:22,800 (DEBUG): STREAM b'IDAT' 134 32768
2021-12-24 22:04:22,851 (DEBUG): STREAM b'IHDR' 16 13
2021-12-24 22:04:22,851 (DEBUG): STREAM b'gAMA' 41 4
2021-12-24 22:04:22,851 (DEBUG): STREAM b'cHRM' 57 32
2021-12-24 22:04:22,851 (DEBUG): STREAM b'bKGD' 101 2
2021-12-24 22:04:22,851 (DEBUG): b'bKGD' 101 2 (unknown)
2021-12-24 22:04:22,851 (DEBUG): STREAM b'tIME' 115 7
2021-12-24 22:04:22,851 (DEBUG): b'tIME' 115 7 (unknown)
2021-12-24 22:04:22,851 (DEBUG): STREAM b'IDAT' 134 32768
