2021-12-24 14:15:17,612 (INFO): Log Path: D:\Source_Code\Python ++\02. updateComic\log\debug-20211224-1415.17.log
2021-12-24 14:15:19,641 (INFO): Currently Processing image
2021-12-24 14:15:19,641 (INFO): Processing Titles ...
2021-12-24 14:15:19,665 (DEBUG): Get Info from structure: (2t+=sakusei toshi elosion)
2021-12-24 14:15:19,675 (DEBUG): Get Info from structure: (a-10+=koukai tanetsuke hentai koubi 2)
2021-12-24 14:15:19,683 (DEBUG): Get Info from structure: (Abubu+=Kinjo no Onnatachi ga Nazeka Ore no Ie no Furo ni Hairi ni Kuru Ken)
2021-12-24 14:15:19,693 (DEBUG): Get Info from structure: (abubu+=npc kan mod)
2021-12-24 14:15:19,705 (DEBUG): Get Info from structure: (agobitch nee-san+=Hataraku Onee-san-tachi ~Mikonritsu no Takai Machi de Hataraku Tokoya no Onee-san ni Okuchi de Shiborareru~)
2021-12-24 14:15:19,712 (DEBUG): Get Info from structure: (agobitch nee-san+=Seifuku Bishoujo)
2021-12-24 14:15:19,720 (DEBUG): Get Info from structure: (ahemaru+=slave the blood)
2021-12-24 14:15:19,728 (DEBUG): Get Info from structure: (amano ameno+=Jabami Yumeko Hentai Koushuu Benjo Tantsubo Nikubenki Onna)
2021-12-24 14:15:19,736 (DEBUG): Get Info from structure: (amano ameno+=Kyonyuu Onna Joushi Saimin Nikuningyou)
2021-12-24 14:15:19,746 (DEBUG): Get Info from structure: (Ameyama Denshin+=Stories)
2021-12-24 14:15:19,755 (DEBUG): Get Info from structure: (Arai Kei+=Boku No Kanojo)
2021-12-24 14:15:19,764 (DEBUG): Get Info from structure: (arai kei+=Boku Wa Kanojo No Namae Mo Shiranai)
2021-12-24 14:15:19,772 (DEBUG): Get Info from structure: (arai kei+=hougan kanojo)
2021-12-24 14:15:19,781 (DEBUG): Get Info from structure: (arai kei+=Stories)
2021-12-24 14:15:19,789 (DEBUG): Get Info from structure: (Arai Taiki+=Kahanshin Daiichi Shugi)
2021-12-24 14:15:19,803 (DEBUG): Get Info from structure: (arai taiki+=ochita yume no naka de)
2021-12-24 14:15:19,812 (DEBUG): Get Info from structure: (Arai Taiki+=Stories)
2021-12-24 14:15:19,823 (DEBUG): Get Info from structure: (aroma sensei+=Gwen)
2021-12-24 14:15:19,831 (DEBUG): Get Info from structure: (aroma sensei+=what's going on here)
2021-12-24 14:15:19,839 (DEBUG): Get Info from structure: (asanagi+=Stories)
2021-12-24 14:15:19,847 (DEBUG): Get Info from structure: (BeNantoka+=Stories)
2021-12-24 14:15:19,859 (DEBUG): Get Info from structure: (Bonske+=Arawareta Chijo wa Toshishita Kui no Scatolo Hentai deshita)
2021-12-24 14:15:19,867 (DEBUG): Get Info from structure: (bonske+=sono kuchi to shita de subete o uketomenasai)
2021-12-24 14:15:19,875 (DEBUG): Get Info from structure: (Dokurosan+=Stories)
2021-12-24 14:15:19,884 (DEBUG): Get Info from structure: (Enokido+=Stories)
2021-12-24 14:15:19,893 (DEBUG): Get Info from structure: (freehand tamashii+=aorare tsuma)
2021-12-24 14:15:19,901 (DEBUG): Get Info from structure: (freehand tamashii+=Incha No Oi Ga Yaritai Oba-san)
2021-12-24 14:15:19,912 (DEBUG): Get Info from structure: (freehand tamashii+=Isourou Saki No Obasan Ni Hameru!)
2021-12-24 14:15:19,920 (DEBUG): Get Info from structure: (freehand tamashii+=Stories)
2021-12-24 14:15:19,930 (DEBUG): Get Info from structure: (freehand tamashii+=Toiu Wake De, Kaa-san-tachi To Yattemita)
2021-12-24 14:15:19,941 (DEBUG): Get Info from structure: (freehand tamasshii+=Shin Mama O Netoruze!)
2021-12-24 14:15:19,950 (DEBUG): Get Info from structure: (gonza+=av mama)
2021-12-24 14:15:19,960 (DEBUG): Get Info from structure: (gonza+=matching appli)
2021-12-24 14:15:19,968 (DEBUG): Get Info from structure: (Gonza+=Mayonaka No Haha)
2021-12-24 14:15:19,980 (DEBUG): Get Info from structure: (gonza+=my three horny moms)
2021-12-24 14:15:19,990 (DEBUG): Get Info from structure: (gonza+=Nonfiction ~boshi Soukan No Kioku~)
2021-12-24 14:15:19,997 (DEBUG): Get Info from structure: (gonza+=stories)
2021-12-24 14:15:20,008 (DEBUG): Get Info from structure: (mizone+=Ajin Iryou Sougou Center e Youkoso!)
2021-12-24 14:15:20,016 (DEBUG): Get Info from structure: (mizone+=Jikyuu 1500 yen!! Gyogyou o Tetsudau Kantan na Oshigoto desu)
2021-12-24 14:15:20,024 (DEBUG): Get Info from structure: (mizone+=Kindan no Shohousen)
2021-12-24 14:15:20,031 (DEBUG): Get Info from structure: (mizone+=monster romance)
2021-12-24 14:15:20,041 (DEBUG): Get Info from structure: (mizone+=monster smash)
2021-12-24 14:15:20,049 (DEBUG): Get Info from structure: (mizone+=Otherworldly Maidens Series)
2021-12-24 14:15:20,058 (DEBUG): Get Info from structure: (mizone+=stories)
2021-12-24 14:15:20,067 (DEBUG): Get Info from structure: (mizone+=Zasshoku Yuusha)
2021-12-24 14:15:20,076 (DEBUG): Get Info from structure: (Tsusauto+=Jichikai no Hitozuma wa Totemo Ecchi deshita)
2021-12-24 14:15:20,083 (INFO): Processing Chapters / Episodes ...
2021-12-24 14:15:20,098 (INFO): Processing Chapters & Pages ... 
2021-12-24 14:16:48,784 (DEBUG): STREAM b'IHDR' 16 13
2021-12-24 14:16:48,784 (DEBUG): STREAM b'gAMA' 41 4
2021-12-24 14:16:48,784 (DEBUG): STREAM b'cHRM' 57 32
2021-12-24 14:16:48,784 (DEBUG): STREAM b'bKGD' 101 2
2021-12-24 14:16:48,784 (DEBUG): b'bKGD' 101 2 (unknown)
2021-12-24 14:16:48,784 (DEBUG): STREAM b'tIME' 115 7
2021-12-24 14:16:48,784 (DEBUG): b'tIME' 115 7 (unknown)
2021-12-24 14:16:48,784 (DEBUG): STREAM b'IDAT' 134 32768
2021-12-24 14:16:48,798 (DEBUG): STREAM b'IHDR' 16 13
2021-12-24 14:16:48,798 (DEBUG): STREAM b'gAMA' 41 4
2021-12-24 14:16:48,798 (DEBUG): STREAM b'cHRM' 57 32
2021-12-24 14:16:48,798 (DEBUG): STREAM b'bKGD' 101 2
2021-12-24 14:16:48,798 (DEBUG): b'bKGD' 101 2 (unknown)
2021-12-24 14:16:48,799 (DEBUG): STREAM b'tIME' 115 7
2021-12-24 14:16:48,799 (DEBUG): b'tIME' 115 7 (unknown)
2021-12-24 14:16:48,799 (DEBUG): STREAM b'IDAT' 134 32768
2021-12-24 14:16:48,814 (DEBUG): STREAM b'IHDR' 16 13
2021-12-24 14:16:48,814 (DEBUG): STREAM b'gAMA' 41 4
2021-12-24 14:16:48,814 (DEBUG): STREAM b'cHRM' 57 32
2021-12-24 14:16:48,814 (DEBUG): STREAM b'bKGD' 101 2
2021-12-24 14:16:48,814 (DEBUG): b'bKGD' 101 2 (unknown)
2021-12-24 14:16:48,814 (DEBUG): STREAM b'tIME' 115 7
2021-12-24 14:16:48,814 (DEBUG): b'tIME' 115 7 (unknown)
2021-12-24 14:16:48,814 (DEBUG): STREAM b'IDAT' 134 32768
2021-12-24 14:16:48,827 (DEBUG): STREAM b'IHDR' 16 13
2021-12-24 14:16:48,827 (DEBUG): STREAM b'gAMA' 41 4
2021-12-24 14:16:48,827 (DEBUG): STREAM b'cHRM' 57 32
2021-12-24 14:16:48,828 (DEBUG): STREAM b'bKGD' 101 2
2021-12-24 14:16:48,828 (DEBUG): b'bKGD' 101 2 (unknown)
2021-12-24 14:16:48,828 (DEBUG): STREAM b'tIME' 115 7
2021-12-24 14:16:48,828 (DEBUG): b'tIME' 115 7 (unknown)
2021-12-24 14:16:48,828 (DEBUG): STREAM b'IDAT' 134 32768
2021-12-24 14:16:48,845 (DEBUG): STREAM b'IHDR' 16 13
2021-12-24 14:16:48,845 (DEBUG): STREAM b'gAMA' 41 4
2021-12-24 14:16:48,845 (DEBUG): STREAM b'cHRM' 57 32
2021-12-24 14:16:48,845 (DEBUG): STREAM b'bKGD' 101 2
2021-12-24 14:16:48,846 (DEBUG): b'bKGD' 101 2 (unknown)
2021-12-24 14:16:48,846 (DEBUG): STREAM b'tIME' 115 7
2021-12-24 14:16:48,846 (DEBUG): b'tIME' 115 7 (unknown)
2021-12-24 14:16:48,846 (DEBUG): STREAM b'IDAT' 134 32768
2021-12-24 14:16:48,863 (DEBUG): STREAM b'IHDR' 16 13
2021-12-24 14:16:48,863 (DEBUG): STREAM b'gAMA' 41 4
2021-12-24 14:16:48,863 (DEBUG): STREAM b'cHRM' 57 32
2021-12-24 14:16:48,863 (DEBUG): STREAM b'bKGD' 101 2
2021-12-24 14:16:48,863 (DEBUG): b'bKGD' 101 2 (unknown)
2021-12-24 14:16:48,863 (DEBUG): STREAM b'tIME' 115 7
2021-12-24 14:16:48,863 (DEBUG): b'tIME' 115 7 (unknown)
2021-12-24 14:16:48,864 (DEBUG): STREAM b'IDAT' 134 32768
2021-12-24 14:16:48,879 (DEBUG): STREAM b'IHDR' 16 13
2021-12-24 14:16:48,879 (DEBUG): STREAM b'gAMA' 41 4
2021-12-24 14:16:48,879 (DEBUG): STREAM b'cHRM' 57 32
2021-12-24 14:16:48,879 (DEBUG): STREAM b'bKGD' 101 2
2021-12-24 14:16:48,879 (DEBUG): b'bKGD' 101 2 (unknown)
2021-12-24 14:16:48,879 (DEBUG): STREAM b'tIME' 115 7
2021-12-24 14:16:48,879 (DEBUG): b'tIME' 115 7 (unknown)
2021-12-24 14:16:48,879 (DEBUG): STREAM b'IDAT' 134 32768
2021-12-24 14:16:48,894 (DEBUG): STREAM b'IHDR' 16 13
2021-12-24 14:16:48,895 (DEBUG): STREAM b'gAMA' 41 4
2021-12-24 14:16:48,895 (DEBUG): STREAM b'cHRM' 57 32
2021-12-24 14:16:48,895 (DEBUG): STREAM b'bKGD' 101 2
2021-12-24 14:16:48,895 (DEBUG): b'bKGD' 101 2 (unknown)
2021-12-24 14:16:48,895 (DEBUG): STREAM b'tIME' 115 7
2021-12-24 14:16:48,895 (DEBUG): b'tIME' 115 7 (unknown)
2021-12-24 14:16:48,895 (DEBUG): STREAM b'IDAT' 134 32768
2021-12-24 14:16:48,908 (DEBUG): STREAM b'IHDR' 16 13
2021-12-24 14:16:48,908 (DEBUG): STREAM b'gAMA' 41 4
2021-12-24 14:16:48,908 (DEBUG): STREAM b'cHRM' 57 32
2021-12-24 14:16:48,908 (DEBUG): STREAM b'bKGD' 101 2
2021-12-24 14:16:48,908 (DEBUG): b'bKGD' 101 2 (unknown)
2021-12-24 14:16:48,908 (DEBUG): STREAM b'tIME' 115 7
2021-12-24 14:16:48,908 (DEBUG): b'tIME' 115 7 (unknown)
2021-12-24 14:16:48,908 (DEBUG): STREAM b'IDAT' 134 32768
2021-12-24 14:16:48,921 (DEBUG): STREAM b'IHDR' 16 13
2021-12-24 14:16:48,922 (DEBUG): STREAM b'gAMA' 41 4
2021-12-24 14:16:48,922 (DEBUG): STREAM b'cHRM' 57 32
2021-12-24 14:16:48,922 (DEBUG): STREAM b'bKGD' 101 2
2021-12-24 14:16:48,922 (DEBUG): b'bKGD' 101 2 (unknown)
2021-12-24 14:16:48,923 (DEBUG): STREAM b'tIME' 115 7
2021-12-24 14:16:48,923 (DEBUG): b'tIME' 115 7 (unknown)
2021-12-24 14:16:48,923 (DEBUG): STREAM b'IDAT' 134 32768
2021-12-24 14:16:48,937 (DEBUG): STREAM b'IHDR' 16 13
2021-12-24 14:16:48,937 (DEBUG): STREAM b'gAMA' 41 4
2021-12-24 14:16:48,937 (DEBUG): STREAM b'cHRM' 57 32
2021-12-24 14:16:48,938 (DEBUG): STREAM b'bKGD' 101 2
2021-12-24 14:16:48,938 (DEBUG): b'bKGD' 101 2 (unknown)
2021-12-24 14:16:48,938 (DEBUG): STREAM b'tIME' 115 7
2021-12-24 14:16:48,938 (DEBUG): b'tIME' 115 7 (unknown)
2021-12-24 14:16:48,938 (DEBUG): STREAM b'IDAT' 134 32768
2021-12-24 14:16:48,951 (DEBUG): STREAM b'IHDR' 16 13
2021-12-24 14:16:48,951 (DEBUG): STREAM b'gAMA' 41 4
2021-12-24 14:16:48,951 (DEBUG): STREAM b'cHRM' 57 32
2021-12-24 14:16:48,951 (DEBUG): STREAM b'bKGD' 101 2
2021-12-24 14:16:48,952 (DEBUG): b'bKGD' 101 2 (unknown)
2021-12-24 14:16:48,952 (DEBUG): STREAM b'tIME' 115 7
2021-12-24 14:16:48,952 (DEBUG): b'tIME' 115 7 (unknown)
2021-12-24 14:16:48,952 (DEBUG): STREAM b'IDAT' 134 32768
2021-12-24 14:16:48,967 (DEBUG): STREAM b'IHDR' 16 13
2021-12-24 14:16:48,967 (DEBUG): STREAM b'gAMA' 41 4
2021-12-24 14:16:48,967 (DEBUG): STREAM b'cHRM' 57 32
2021-12-24 14:16:48,967 (DEBUG): STREAM b'bKGD' 101 2
2021-12-24 14:16:48,967 (DEBUG): b'bKGD' 101 2 (unknown)
2021-12-24 14:16:48,967 (DEBUG): STREAM b'tIME' 115 7
2021-12-24 14:16:48,967 (DEBUG): b'tIME' 115 7 (unknown)
2021-12-24 14:16:48,967 (DEBUG): STREAM b'IDAT' 134 32768
2021-12-24 14:16:48,987 (DEBUG): STREAM b'IHDR' 16 13
2021-12-24 14:16:48,987 (DEBUG): STREAM b'gAMA' 41 4
2021-12-24 14:16:48,987 (DEBUG): STREAM b'cHRM' 57 32
2021-12-24 14:16:48,987 (DEBUG): STREAM b'bKGD' 101 2
2021-12-24 14:16:48,987 (DEBUG): b'bKGD' 101 2 (unknown)
2021-12-24 14:16:48,987 (DEBUG): STREAM b'tIME' 115 7
2021-12-24 14:16:48,987 (DEBUG): b'tIME' 115 7 (unknown)
2021-12-24 14:16:48,987 (DEBUG): STREAM b'IDAT' 134 32768
2021-12-24 14:16:49,005 (DEBUG): STREAM b'IHDR' 16 13
2021-12-24 14:16:49,006 (DEBUG): STREAM b'gAMA' 41 4
2021-12-24 14:16:49,006 (DEBUG): STREAM b'cHRM' 57 32
2021-12-24 14:16:49,006 (DEBUG): STREAM b'bKGD' 101 2
2021-12-24 14:16:49,006 (DEBUG): b'bKGD' 101 2 (unknown)
2021-12-24 14:16:49,006 (DEBUG): STREAM b'tIME' 115 7
2021-12-24 14:16:49,006 (DEBUG): b'tIME' 115 7 (unknown)
2021-12-24 14:16:49,006 (DEBUG): STREAM b'IDAT' 134 32768
2021-12-24 14:16:49,020 (DEBUG): STREAM b'IHDR' 16 13
2021-12-24 14:16:49,020 (DEBUG): STREAM b'gAMA' 41 4
2021-12-24 14:16:49,020 (DEBUG): STREAM b'cHRM' 57 32
2021-12-24 14:16:49,020 (DEBUG): STREAM b'bKGD' 101 2
2021-12-24 14:16:49,020 (DEBUG): b'bKGD' 101 2 (unknown)
2021-12-24 14:16:49,020 (DEBUG): STREAM b'tIME' 115 7
2021-12-24 14:16:49,020 (DEBUG): b'tIME' 115 7 (unknown)
2021-12-24 14:16:49,020 (DEBUG): STREAM b'IDAT' 134 32768
2021-12-24 14:16:49,059 (DEBUG): STREAM b'IHDR' 16 13
2021-12-24 14:16:49,060 (DEBUG): STREAM b'gAMA' 41 4
2021-12-24 14:16:49,060 (DEBUG): STREAM b'cHRM' 57 32
2021-12-24 14:16:49,060 (DEBUG): STREAM b'bKGD' 101 2
2021-12-24 14:16:49,060 (DEBUG): b'bKGD' 101 2 (unknown)
2021-12-24 14:16:49,060 (DEBUG): STREAM b'tIME' 115 7
2021-12-24 14:16:49,060 (DEBUG): b'tIME' 115 7 (unknown)
2021-12-24 14:16:49,060 (DEBUG): STREAM b'IDAT' 134 32768
2021-12-24 14:16:49,074 (DEBUG): STREAM b'IHDR' 16 13
2021-12-24 14:16:49,075 (DEBUG): STREAM b'gAMA' 41 4
2021-12-24 14:16:49,075 (DEBUG): STREAM b'cHRM' 57 32
2021-12-24 14:16:49,075 (DEBUG): STREAM b'bKGD' 101 2
2021-12-24 14:16:49,075 (DEBUG): b'bKGD' 101 2 (unknown)
2021-12-24 14:16:49,075 (DEBUG): STREAM b'tIME' 115 7
2021-12-24 14:16:49,075 (DEBUG): b'tIME' 115 7 (unknown)
2021-12-24 14:16:49,075 (DEBUG): STREAM b'IDAT' 134 32768
2021-12-24 14:16:49,090 (DEBUG): STREAM b'IHDR' 16 13
2021-12-24 14:16:49,090 (DEBUG): STREAM b'gAMA' 41 4
2021-12-24 14:16:49,090 (DEBUG): STREAM b'cHRM' 57 32
2021-12-24 14:16:49,091 (DEBUG): STREAM b'bKGD' 101 2
2021-12-24 14:16:49,091 (DEBUG): b'bKGD' 101 2 (unknown)
2021-12-24 14:16:49,091 (DEBUG): STREAM b'tIME' 115 7
2021-12-24 14:16:49,091 (DEBUG): b'tIME' 115 7 (unknown)
2021-12-24 14:16:49,091 (DEBUG): STREAM b'IDAT' 134 32768
2021-12-24 14:16:49,108 (DEBUG): STREAM b'IHDR' 16 13
2021-12-24 14:16:49,108 (DEBUG): STREAM b'gAMA' 41 4
2021-12-24 14:16:49,108 (DEBUG): STREAM b'cHRM' 57 32
2021-12-24 14:16:49,108 (DEBUG): STREAM b'bKGD' 101 2
2021-12-24 14:16:49,108 (DEBUG): b'bKGD' 101 2 (unknown)
2021-12-24 14:16:49,109 (DEBUG): STREAM b'tIME' 115 7
2021-12-24 14:16:49,109 (DEBUG): b'tIME' 115 7 (unknown)
2021-12-24 14:16:49,109 (DEBUG): STREAM b'IDAT' 134 32768
2021-12-24 14:16:49,169 (DEBUG): STREAM b'IHDR' 16 13
2021-12-24 14:16:49,169 (DEBUG): STREAM b'gAMA' 41 4
2021-12-24 14:16:49,169 (DEBUG): STREAM b'cHRM' 57 32
2021-12-24 14:16:49,169 (DEBUG): STREAM b'bKGD' 101 2
2021-12-24 14:16:49,169 (DEBUG): b'bKGD' 101 2 (unknown)
2021-12-24 14:16:49,169 (DEBUG): STREAM b'tIME' 115 7
2021-12-24 14:16:49,169 (DEBUG): b'tIME' 115 7 (unknown)
2021-12-24 14:16:49,170 (DEBUG): STREAM b'IDAT' 134 32768
2021-12-24 14:16:49,184 (DEBUG): STREAM b'IHDR' 16 13
2021-12-24 14:16:49,184 (DEBUG): STREAM b'gAMA' 41 4
2021-12-24 14:16:49,184 (DEBUG): STREAM b'cHRM' 57 32
2021-12-24 14:16:49,184 (DEBUG): STREAM b'bKGD' 101 2
2021-12-24 14:16:49,184 (DEBUG): b'bKGD' 101 2 (unknown)
2021-12-24 14:16:49,184 (DEBUG): STREAM b'tIME' 115 7
2021-12-24 14:16:49,185 (DEBUG): b'tIME' 115 7 (unknown)
2021-12-24 14:16:49,185 (DEBUG): STREAM b'IDAT' 134 32768
2021-12-24 14:16:49,198 (DEBUG): STREAM b'IHDR' 16 13
2021-12-24 14:16:49,198 (DEBUG): STREAM b'gAMA' 41 4
2021-12-24 14:16:49,198 (DEBUG): STREAM b'cHRM' 57 32
2021-12-24 14:16:49,198 (DEBUG): STREAM b'bKGD' 101 2
2021-12-24 14:16:49,198 (DEBUG): b'bKGD' 101 2 (unknown)
2021-12-24 14:16:49,198 (DEBUG): STREAM b'tIME' 115 7
2021-12-24 14:16:49,199 (DEBUG): b'tIME' 115 7 (unknown)
2021-12-24 14:16:49,199 (DEBUG): STREAM b'IDAT' 134 32768
2021-12-24 14:16:49,213 (DEBUG): STREAM b'IHDR' 16 13
2021-12-24 14:16:49,213 (DEBUG): STREAM b'gAMA' 41 4
2021-12-24 14:16:49,213 (DEBUG): STREAM b'cHRM' 57 32
2021-12-24 14:16:49,213 (DEBUG): STREAM b'bKGD' 101 2
2021-12-24 14:16:49,213 (DEBUG): b'bKGD' 101 2 (unknown)
2021-12-24 14:16:49,213 (DEBUG): STREAM b'tIME' 115 7
2021-12-24 14:16:49,213 (DEBUG): b'tIME' 115 7 (unknown)
2021-12-24 14:16:49,213 (DEBUG): STREAM b'IDAT' 134 32768
2021-12-24 14:16:49,227 (DEBUG): STREAM b'IHDR' 16 13
2021-12-24 14:16:49,227 (DEBUG): STREAM b'gAMA' 41 4
2021-12-24 14:16:49,227 (DEBUG): STREAM b'cHRM' 57 32
2021-12-24 14:16:49,227 (DEBUG): STREAM b'bKGD' 101 2
2021-12-24 14:16:49,227 (DEBUG): b'bKGD' 101 2 (unknown)
2021-12-24 14:16:49,227 (DEBUG): STREAM b'tIME' 115 7
2021-12-24 14:16:49,227 (DEBUG): b'tIME' 115 7 (unknown)
2021-12-24 14:16:49,227 (DEBUG): STREAM b'IDAT' 134 32768
2021-12-24 14:16:49,257 (DEBUG): STREAM b'IHDR' 16 13
2021-12-24 14:16:49,257 (DEBUG): STREAM b'gAMA' 41 4
2021-12-24 14:16:49,257 (DEBUG): STREAM b'cHRM' 57 32
2021-12-24 14:16:49,257 (DEBUG): STREAM b'bKGD' 101 2
2021-12-24 14:16:49,258 (DEBUG): b'bKGD' 101 2 (unknown)
2021-12-24 14:16:49,258 (DEBUG): STREAM b'tIME' 115 7
2021-12-24 14:16:49,258 (DEBUG): b'tIME' 115 7 (unknown)
2021-12-24 14:16:49,258 (DEBUG): STREAM b'IDAT' 134 32768
2021-12-24 14:16:49,269 (DEBUG): STREAM b'IHDR' 16 13
2021-12-24 14:16:49,270 (DEBUG): STREAM b'gAMA' 41 4
2021-12-24 14:16:49,270 (DEBUG): STREAM b'cHRM' 57 32
2021-12-24 14:16:49,270 (DEBUG): STREAM b'bKGD' 101 2
2021-12-24 14:16:49,270 (DEBUG): b'bKGD' 101 2 (unknown)
2021-12-24 14:16:49,270 (DEBUG): STREAM b'tIME' 115 7
2021-12-24 14:16:49,270 (DEBUG): b'tIME' 115 7 (unknown)
2021-12-24 14:16:49,270 (DEBUG): STREAM b'IDAT' 134 32768
2021-12-24 14:16:49,311 (DEBUG): STREAM b'IHDR' 16 13
2021-12-24 14:16:49,311 (DEBUG): STREAM b'gAMA' 41 4
2021-12-24 14:16:49,311 (DEBUG): STREAM b'cHRM' 57 32
2021-12-24 14:16:49,311 (DEBUG): STREAM b'bKGD' 101 2
2021-12-24 14:16:49,311 (DEBUG): b'bKGD' 101 2 (unknown)
2021-12-24 14:16:49,311 (DEBUG): STREAM b'tIME' 115 7
2021-12-24 14:16:49,311 (DEBUG): b'tIME' 115 7 (unknown)
2021-12-24 14:16:49,311 (DEBUG): STREAM b'IDAT' 134 32768
