2021-12-23 22:59:27,418 (INFO): Log Path: D:\Source_Code\Python ++\02. updateComic\log\debug-20211223-2259.27.log
2021-12-23 22:59:29,492 (INFO): Currently Processing image
2021-12-23 22:59:29,492 (INFO): Processing Titles ...
2021-12-23 22:59:29,518 (DEBUG): Get Info from structure: (2t+=sakusei toshi elosion)
2021-12-23 22:59:29,532 (DEBUG): Get Info from structure: (a-10+=koukai tanetsuke hentai koubi 2)
2021-12-23 22:59:29,545 (DEBUG): Get Info from structure: (Abubu+=Kinjo no Onnatachi ga Nazeka Ore no Ie no Furo ni Hairi ni Kuru Ken)
2021-12-23 22:59:29,555 (DEBUG): Get Info from structure: (abubu+=npc kan mod)
2021-12-23 22:59:29,566 (DEBUG): Get Info from structure: (agobitch nee-san+=Hataraku Onee-san-tachi ~Mikonritsu no Takai Machi de Hataraku Tokoya no Onee-san ni Okuchi de Shiborareru~)
2021-12-23 22:59:29,577 (DEBUG): Get Info from structure: (agobitch nee-san+=Seifuku Bishoujo)
2021-12-23 22:59:29,587 (DEBUG): Get Info from structure: (ahemaru+=slave the blood)
2021-12-23 22:59:29,598 (DEBUG): Get Info from structure: (amano ameno+=Jabami Yumeko Hentai Koushuu Benjo Tantsubo Nikubenki Onna)
2021-12-23 22:59:29,610 (DEBUG): Get Info from structure: (amano ameno+=Kyonyuu Onna Joushi Saimin Nikuningyou)
2021-12-23 22:59:29,621 (DEBUG): Get Info from structure: (Ameyama Denshin+=Stories)
2021-12-23 22:59:29,631 (DEBUG): Get Info from structure: (Arai Kei+=Boku No Kanojo)
2021-12-23 22:59:29,643 (DEBUG): Get Info from structure: (arai kei+=Boku Wa Kanojo No Namae Mo Shiranai)
2021-12-23 22:59:29,653 (DEBUG): Get Info from structure: (arai kei+=hougan kanojo)
2021-12-23 22:59:29,664 (DEBUG): Get Info from structure: (arai kei+=Stories)
2021-12-23 22:59:29,675 (DEBUG): Get Info from structure: (Arai Taiki+=Kahanshin Daiichi Shugi)
2021-12-23 22:59:29,685 (DEBUG): Get Info from structure: (arai taiki+=ochita yume no naka de)
2021-12-23 22:59:29,695 (DEBUG): Get Info from structure: (Arai Taiki+=Stories)
2021-12-23 22:59:29,705 (DEBUG): Get Info from structure: (aroma sensei+=Gwen)
2021-12-23 22:59:29,714 (DEBUG): Get Info from structure: (aroma sensei+=what's going on here)
2021-12-23 22:59:29,726 (DEBUG): Get Info from structure: (asanagi+=Stories)
2021-12-23 22:59:29,736 (DEBUG): Get Info from structure: (BeNantoka+=Stories)
2021-12-23 22:59:29,747 (DEBUG): Get Info from structure: (Bonske+=Arawareta Chijo wa Toshishita Kui no Scatolo Hentai deshita)
2021-12-23 22:59:29,758 (DEBUG): Get Info from structure: (bonske+=sono kuchi to shita de subete o uketomenasai)
2021-12-23 22:59:29,769 (DEBUG): Get Info from structure: (Dokurosan+=Stories)
2021-12-23 22:59:29,780 (DEBUG): Get Info from structure: (Enokido+=Stories)
2021-12-23 22:59:29,790 (DEBUG): Get Info from structure: (freehand tamashii+=aorare tsuma)
2021-12-23 22:59:29,800 (DEBUG): Get Info from structure: (freehand tamashii+=Incha No Oi Ga Yaritai Oba-san)
2021-12-23 22:59:29,811 (DEBUG): Get Info from structure: (freehand tamashii+=Isourou Saki No Obasan Ni Hameru!)
2021-12-23 22:59:29,821 (DEBUG): Get Info from structure: (freehand tamashii+=Stories)
2021-12-23 22:59:29,833 (DEBUG): Get Info from structure: (freehand tamashii+=Toiu Wake De, Kaa-san-tachi To Yattemita)
2021-12-23 22:59:29,844 (DEBUG): Get Info from structure: (freehand tamasshii+=Shin Mama O Netoruze!)
2021-12-23 22:59:29,856 (DEBUG): Get Info from structure: (gonza+=av mama)
2021-12-23 22:59:29,867 (DEBUG): Get Info from structure: (gonza+=matching appli)
2021-12-23 22:59:29,878 (DEBUG): Get Info from structure: (Gonza+=Mayonaka No Haha)
2021-12-23 22:59:29,888 (DEBUG): Get Info from structure: (gonza+=my three horny moms)
2021-12-23 22:59:29,899 (DEBUG): Get Info from structure: (gonza+=Nonfiction ~boshi Soukan No Kioku~)
2021-12-23 22:59:29,909 (DEBUG): Get Info from structure: (gonza+=stories)
2021-12-23 22:59:29,921 (DEBUG): Get Info from structure: (mizone+=Ajin Iryou Sougou Center e Youkoso!)
2021-12-23 22:59:29,932 (DEBUG): Get Info from structure: (mizone+=Jikyuu 1500 yen!! Gyogyou o Tetsudau Kantan na Oshigoto desu)
2021-12-23 22:59:29,943 (DEBUG): Get Info from structure: (mizone+=Kindan no Shohousen)
2021-12-23 22:59:29,955 (DEBUG): Get Info from structure: (mizone+=monster romance)
2021-12-23 22:59:29,967 (DEBUG): Get Info from structure: (mizone+=monster smash)
2021-12-23 22:59:29,978 (DEBUG): Get Info from structure: (mizone+=Otherworldly Maidens Series)
2021-12-23 22:59:29,991 (DEBUG): Get Info from structure: (mizone+=stories)
2021-12-23 22:59:30,003 (DEBUG): Get Info from structure: (mizone+=Zasshoku Yuusha)
2021-12-23 22:59:30,014 (DEBUG): Get Info from structure: (Tsusauto+=Jichikai no Hitozuma wa Totemo Ecchi deshita)
2021-12-23 22:59:30,025 (INFO): Processing Chapters / Episodes ...
2021-12-23 22:59:30,162 (INFO): Processing Chapters & Pages ... 
2021-12-23 23:00:06,013 (DEBUG): STREAM b'IHDR' 16 13
2021-12-23 23:00:06,013 (DEBUG): STREAM b'gAMA' 41 4
2021-12-23 23:00:06,013 (DEBUG): STREAM b'cHRM' 57 32
2021-12-23 23:00:06,013 (DEBUG): STREAM b'bKGD' 101 2
2021-12-23 23:00:06,013 (DEBUG): b'bKGD' 101 2 (unknown)
2021-12-23 23:00:06,013 (DEBUG): STREAM b'tIME' 115 7
2021-12-23 23:00:06,013 (DEBUG): b'tIME' 115 7 (unknown)
2021-12-23 23:00:06,013 (DEBUG): STREAM b'IDAT' 134 32768
2021-12-23 23:00:06,027 (DEBUG): STREAM b'IHDR' 16 13
2021-12-23 23:00:06,027 (DEBUG): STREAM b'gAMA' 41 4
2021-12-23 23:00:06,027 (DEBUG): STREAM b'cHRM' 57 32
2021-12-23 23:00:06,027 (DEBUG): STREAM b'bKGD' 101 2
2021-12-23 23:00:06,027 (DEBUG): b'bKGD' 101 2 (unknown)
2021-12-23 23:00:06,027 (DEBUG): STREAM b'tIME' 115 7
2021-12-23 23:00:06,027 (DEBUG): b'tIME' 115 7 (unknown)
2021-12-23 23:00:06,027 (DEBUG): STREAM b'IDAT' 134 32768
2021-12-23 23:00:06,039 (DEBUG): STREAM b'IHDR' 16 13
2021-12-23 23:00:06,039 (DEBUG): STREAM b'gAMA' 41 4
2021-12-23 23:00:06,039 (DEBUG): STREAM b'cHRM' 57 32
2021-12-23 23:00:06,039 (DEBUG): STREAM b'bKGD' 101 2
2021-12-23 23:00:06,039 (DEBUG): b'bKGD' 101 2 (unknown)
2021-12-23 23:00:06,039 (DEBUG): STREAM b'tIME' 115 7
2021-12-23 23:00:06,039 (DEBUG): b'tIME' 115 7 (unknown)
2021-12-23 23:00:06,039 (DEBUG): STREAM b'IDAT' 134 32768
2021-12-23 23:00:06,053 (DEBUG): STREAM b'IHDR' 16 13
2021-12-23 23:00:06,053 (DEBUG): STREAM b'gAMA' 41 4
2021-12-23 23:00:06,053 (DEBUG): STREAM b'cHRM' 57 32
2021-12-23 23:00:06,053 (DEBUG): STREAM b'bKGD' 101 2
2021-12-23 23:00:06,053 (DEBUG): b'bKGD' 101 2 (unknown)
2021-12-23 23:00:06,053 (DEBUG): STREAM b'tIME' 115 7
2021-12-23 23:00:06,053 (DEBUG): b'tIME' 115 7 (unknown)
2021-12-23 23:00:06,054 (DEBUG): STREAM b'IDAT' 134 32768
2021-12-23 23:00:06,066 (DEBUG): STREAM b'IHDR' 16 13
2021-12-23 23:00:06,066 (DEBUG): STREAM b'gAMA' 41 4
2021-12-23 23:00:06,066 (DEBUG): STREAM b'cHRM' 57 32
2021-12-23 23:00:06,066 (DEBUG): STREAM b'bKGD' 101 2
2021-12-23 23:00:06,066 (DEBUG): b'bKGD' 101 2 (unknown)
2021-12-23 23:00:06,066 (DEBUG): STREAM b'tIME' 115 7
2021-12-23 23:00:06,066 (DEBUG): b'tIME' 115 7 (unknown)
2021-12-23 23:00:06,067 (DEBUG): STREAM b'IDAT' 134 32768
2021-12-23 23:00:06,079 (DEBUG): STREAM b'IHDR' 16 13
2021-12-23 23:00:06,079 (DEBUG): STREAM b'gAMA' 41 4
2021-12-23 23:00:06,079 (DEBUG): STREAM b'cHRM' 57 32
2021-12-23 23:00:06,079 (DEBUG): STREAM b'bKGD' 101 2
2021-12-23 23:00:06,079 (DEBUG): b'bKGD' 101 2 (unknown)
2021-12-23 23:00:06,079 (DEBUG): STREAM b'tIME' 115 7
2021-12-23 23:00:06,079 (DEBUG): b'tIME' 115 7 (unknown)
2021-12-23 23:00:06,079 (DEBUG): STREAM b'IDAT' 134 32768
2021-12-23 23:00:06,092 (DEBUG): STREAM b'IHDR' 16 13
2021-12-23 23:00:06,092 (DEBUG): STREAM b'gAMA' 41 4
2021-12-23 23:00:06,092 (DEBUG): STREAM b'cHRM' 57 32
2021-12-23 23:00:06,092 (DEBUG): STREAM b'bKGD' 101 2
2021-12-23 23:00:06,092 (DEBUG): b'bKGD' 101 2 (unknown)
2021-12-23 23:00:06,092 (DEBUG): STREAM b'tIME' 115 7
2021-12-23 23:00:06,092 (DEBUG): b'tIME' 115 7 (unknown)
2021-12-23 23:00:06,092 (DEBUG): STREAM b'IDAT' 134 32768
2021-12-23 23:00:06,105 (DEBUG): STREAM b'IHDR' 16 13
2021-12-23 23:00:06,105 (DEBUG): STREAM b'gAMA' 41 4
2021-12-23 23:00:06,106 (DEBUG): STREAM b'cHRM' 57 32
2021-12-23 23:00:06,106 (DEBUG): STREAM b'bKGD' 101 2
2021-12-23 23:00:06,106 (DEBUG): b'bKGD' 101 2 (unknown)
2021-12-23 23:00:06,106 (DEBUG): STREAM b'tIME' 115 7
2021-12-23 23:00:06,106 (DEBUG): b'tIME' 115 7 (unknown)
2021-12-23 23:00:06,106 (DEBUG): STREAM b'IDAT' 134 32768
2021-12-23 23:00:06,119 (DEBUG): STREAM b'IHDR' 16 13
2021-12-23 23:00:06,119 (DEBUG): STREAM b'gAMA' 41 4
2021-12-23 23:00:06,120 (DEBUG): STREAM b'cHRM' 57 32
2021-12-23 23:00:06,120 (DEBUG): STREAM b'bKGD' 101 2
2021-12-23 23:00:06,120 (DEBUG): b'bKGD' 101 2 (unknown)
2021-12-23 23:00:06,120 (DEBUG): STREAM b'tIME' 115 7
2021-12-23 23:00:06,120 (DEBUG): b'tIME' 115 7 (unknown)
2021-12-23 23:00:06,120 (DEBUG): STREAM b'IDAT' 134 32768
2021-12-23 23:00:06,132 (DEBUG): STREAM b'IHDR' 16 13
2021-12-23 23:00:06,132 (DEBUG): STREAM b'gAMA' 41 4
2021-12-23 23:00:06,133 (DEBUG): STREAM b'cHRM' 57 32
2021-12-23 23:00:06,133 (DEBUG): STREAM b'bKGD' 101 2
2021-12-23 23:00:06,133 (DEBUG): b'bKGD' 101 2 (unknown)
2021-12-23 23:00:06,133 (DEBUG): STREAM b'tIME' 115 7
2021-12-23 23:00:06,133 (DEBUG): b'tIME' 115 7 (unknown)
2021-12-23 23:00:06,133 (DEBUG): STREAM b'IDAT' 134 32768
2021-12-23 23:00:06,146 (DEBUG): STREAM b'IHDR' 16 13
2021-12-23 23:00:06,146 (DEBUG): STREAM b'gAMA' 41 4
2021-12-23 23:00:06,146 (DEBUG): STREAM b'cHRM' 57 32
2021-12-23 23:00:06,146 (DEBUG): STREAM b'bKGD' 101 2
2021-12-23 23:00:06,146 (DEBUG): b'bKGD' 101 2 (unknown)
2021-12-23 23:00:06,146 (DEBUG): STREAM b'tIME' 115 7
2021-12-23 23:00:06,146 (DEBUG): b'tIME' 115 7 (unknown)
2021-12-23 23:00:06,146 (DEBUG): STREAM b'IDAT' 134 32768
2021-12-23 23:00:06,160 (DEBUG): STREAM b'IHDR' 16 13
2021-12-23 23:00:06,160 (DEBUG): STREAM b'gAMA' 41 4
2021-12-23 23:00:06,160 (DEBUG): STREAM b'cHRM' 57 32
2021-12-23 23:00:06,160 (DEBUG): STREAM b'bKGD' 101 2
2021-12-23 23:00:06,160 (DEBUG): b'bKGD' 101 2 (unknown)
2021-12-23 23:00:06,160 (DEBUG): STREAM b'tIME' 115 7
2021-12-23 23:00:06,160 (DEBUG): b'tIME' 115 7 (unknown)
2021-12-23 23:00:06,160 (DEBUG): STREAM b'IDAT' 134 32768
2021-12-23 23:00:06,173 (DEBUG): STREAM b'IHDR' 16 13
2021-12-23 23:00:06,173 (DEBUG): STREAM b'gAMA' 41 4
2021-12-23 23:00:06,173 (DEBUG): STREAM b'cHRM' 57 32
2021-12-23 23:00:06,173 (DEBUG): STREAM b'bKGD' 101 2
2021-12-23 23:00:06,173 (DEBUG): b'bKGD' 101 2 (unknown)
2021-12-23 23:00:06,173 (DEBUG): STREAM b'tIME' 115 7
2021-12-23 23:00:06,174 (DEBUG): b'tIME' 115 7 (unknown)
2021-12-23 23:00:06,174 (DEBUG): STREAM b'IDAT' 134 32768
2021-12-23 23:00:06,185 (DEBUG): STREAM b'IHDR' 16 13
2021-12-23 23:00:06,185 (DEBUG): STREAM b'gAMA' 41 4
2021-12-23 23:00:06,186 (DEBUG): STREAM b'cHRM' 57 32
2021-12-23 23:00:06,186 (DEBUG): STREAM b'bKGD' 101 2
2021-12-23 23:00:06,186 (DEBUG): b'bKGD' 101 2 (unknown)
2021-12-23 23:00:06,186 (DEBUG): STREAM b'tIME' 115 7
2021-12-23 23:00:06,186 (DEBUG): b'tIME' 115 7 (unknown)
2021-12-23 23:00:06,186 (DEBUG): STREAM b'IDAT' 134 32768
2021-12-23 23:00:06,199 (DEBUG): STREAM b'IHDR' 16 13
2021-12-23 23:00:06,199 (DEBUG): STREAM b'gAMA' 41 4
2021-12-23 23:00:06,199 (DEBUG): STREAM b'cHRM' 57 32
2021-12-23 23:00:06,199 (DEBUG): STREAM b'bKGD' 101 2
2021-12-23 23:00:06,199 (DEBUG): b'bKGD' 101 2 (unknown)
2021-12-23 23:00:06,199 (DEBUG): STREAM b'tIME' 115 7
2021-12-23 23:00:06,199 (DEBUG): b'tIME' 115 7 (unknown)
2021-12-23 23:00:06,199 (DEBUG): STREAM b'IDAT' 134 32768
2021-12-23 23:00:06,212 (DEBUG): STREAM b'IHDR' 16 13
2021-12-23 23:00:06,212 (DEBUG): STREAM b'gAMA' 41 4
2021-12-23 23:00:06,212 (DEBUG): STREAM b'cHRM' 57 32
2021-12-23 23:00:06,212 (DEBUG): STREAM b'bKGD' 101 2
2021-12-23 23:00:06,212 (DEBUG): b'bKGD' 101 2 (unknown)
2021-12-23 23:00:06,212 (DEBUG): STREAM b'tIME' 115 7
2021-12-23 23:00:06,212 (DEBUG): b'tIME' 115 7 (unknown)
2021-12-23 23:00:06,212 (DEBUG): STREAM b'IDAT' 134 32768
2021-12-23 23:00:06,244 (DEBUG): STREAM b'IHDR' 16 13
2021-12-23 23:00:06,244 (DEBUG): STREAM b'gAMA' 41 4
2021-12-23 23:00:06,244 (DEBUG): STREAM b'cHRM' 57 32
2021-12-23 23:00:06,244 (DEBUG): STREAM b'bKGD' 101 2
2021-12-23 23:00:06,244 (DEBUG): b'bKGD' 101 2 (unknown)
2021-12-23 23:00:06,244 (DEBUG): STREAM b'tIME' 115 7
2021-12-23 23:00:06,244 (DEBUG): b'tIME' 115 7 (unknown)
2021-12-23 23:00:06,244 (DEBUG): STREAM b'IDAT' 134 32768
2021-12-23 23:00:06,257 (DEBUG): STREAM b'IHDR' 16 13
2021-12-23 23:00:06,257 (DEBUG): STREAM b'gAMA' 41 4
2021-12-23 23:00:06,257 (DEBUG): STREAM b'cHRM' 57 32
2021-12-23 23:00:06,257 (DEBUG): STREAM b'bKGD' 101 2
2021-12-23 23:00:06,257 (DEBUG): b'bKGD' 101 2 (unknown)
2021-12-23 23:00:06,257 (DEBUG): STREAM b'tIME' 115 7
2021-12-23 23:00:06,257 (DEBUG): b'tIME' 115 7 (unknown)
2021-12-23 23:00:06,257 (DEBUG): STREAM b'IDAT' 134 32768
2021-12-23 23:00:06,270 (DEBUG): STREAM b'IHDR' 16 13
2021-12-23 23:00:06,270 (DEBUG): STREAM b'gAMA' 41 4
2021-12-23 23:00:06,270 (DEBUG): STREAM b'cHRM' 57 32
2021-12-23 23:00:06,270 (DEBUG): STREAM b'bKGD' 101 2
2021-12-23 23:00:06,270 (DEBUG): b'bKGD' 101 2 (unknown)
2021-12-23 23:00:06,270 (DEBUG): STREAM b'tIME' 115 7
2021-12-23 23:00:06,270 (DEBUG): b'tIME' 115 7 (unknown)
2021-12-23 23:00:06,270 (DEBUG): STREAM b'IDAT' 134 32768
2021-12-23 23:00:06,284 (DEBUG): STREAM b'IHDR' 16 13
2021-12-23 23:00:06,284 (DEBUG): STREAM b'gAMA' 41 4
2021-12-23 23:00:06,284 (DEBUG): STREAM b'cHRM' 57 32
2021-12-23 23:00:06,284 (DEBUG): STREAM b'bKGD' 101 2
2021-12-23 23:00:06,284 (DEBUG): b'bKGD' 101 2 (unknown)
2021-12-23 23:00:06,284 (DEBUG): STREAM b'tIME' 115 7
2021-12-23 23:00:06,284 (DEBUG): b'tIME' 115 7 (unknown)
2021-12-23 23:00:06,284 (DEBUG): STREAM b'IDAT' 134 32768
2021-12-23 23:00:06,335 (DEBUG): STREAM b'IHDR' 16 13
2021-12-23 23:00:06,335 (DEBUG): STREAM b'gAMA' 41 4
2021-12-23 23:00:06,335 (DEBUG): STREAM b'cHRM' 57 32
2021-12-23 23:00:06,335 (DEBUG): STREAM b'bKGD' 101 2
2021-12-23 23:00:06,335 (DEBUG): b'bKGD' 101 2 (unknown)
2021-12-23 23:00:06,335 (DEBUG): STREAM b'tIME' 115 7
2021-12-23 23:00:06,335 (DEBUG): b'tIME' 115 7 (unknown)
2021-12-23 23:00:06,335 (DEBUG): STREAM b'IDAT' 134 32768
2021-12-23 23:00:06,349 (DEBUG): STREAM b'IHDR' 16 13
2021-12-23 23:00:06,349 (DEBUG): STREAM b'gAMA' 41 4
2021-12-23 23:00:06,349 (DEBUG): STREAM b'cHRM' 57 32
2021-12-23 23:00:06,349 (DEBUG): STREAM b'bKGD' 101 2
2021-12-23 23:00:06,349 (DEBUG): b'bKGD' 101 2 (unknown)
2021-12-23 23:00:06,349 (DEBUG): STREAM b'tIME' 115 7
2021-12-23 23:00:06,349 (DEBUG): b'tIME' 115 7 (unknown)
2021-12-23 23:00:06,349 (DEBUG): STREAM b'IDAT' 134 32768
2021-12-23 23:00:06,362 (DEBUG): STREAM b'IHDR' 16 13
2021-12-23 23:00:06,362 (DEBUG): STREAM b'gAMA' 41 4
2021-12-23 23:00:06,362 (DEBUG): STREAM b'cHRM' 57 32
2021-12-23 23:00:06,362 (DEBUG): STREAM b'bKGD' 101 2
2021-12-23 23:00:06,362 (DEBUG): b'bKGD' 101 2 (unknown)
2021-12-23 23:00:06,362 (DEBUG): STREAM b'tIME' 115 7
2021-12-23 23:00:06,362 (DEBUG): b'tIME' 115 7 (unknown)
2021-12-23 23:00:06,362 (DEBUG): STREAM b'IDAT' 134 32768
2021-12-23 23:00:06,375 (DEBUG): STREAM b'IHDR' 16 13
2021-12-23 23:00:06,375 (DEBUG): STREAM b'gAMA' 41 4
2021-12-23 23:00:06,375 (DEBUG): STREAM b'cHRM' 57 32
2021-12-23 23:00:06,375 (DEBUG): STREAM b'bKGD' 101 2
2021-12-23 23:00:06,375 (DEBUG): b'bKGD' 101 2 (unknown)
2021-12-23 23:00:06,375 (DEBUG): STREAM b'tIME' 115 7
2021-12-23 23:00:06,375 (DEBUG): b'tIME' 115 7 (unknown)
2021-12-23 23:00:06,375 (DEBUG): STREAM b'IDAT' 134 32768
2021-12-23 23:00:06,389 (DEBUG): STREAM b'IHDR' 16 13
2021-12-23 23:00:06,389 (DEBUG): STREAM b'gAMA' 41 4
2021-12-23 23:00:06,389 (DEBUG): STREAM b'cHRM' 57 32
2021-12-23 23:00:06,389 (DEBUG): STREAM b'bKGD' 101 2
2021-12-23 23:00:06,389 (DEBUG): b'bKGD' 101 2 (unknown)
2021-12-23 23:00:06,389 (DEBUG): STREAM b'tIME' 115 7
2021-12-23 23:00:06,389 (DEBUG): b'tIME' 115 7 (unknown)
2021-12-23 23:00:06,389 (DEBUG): STREAM b'IDAT' 134 32768
2021-12-23 23:00:06,416 (DEBUG): STREAM b'IHDR' 16 13
2021-12-23 23:00:06,417 (DEBUG): STREAM b'gAMA' 41 4
2021-12-23 23:00:06,417 (DEBUG): STREAM b'cHRM' 57 32
2021-12-23 23:00:06,417 (DEBUG): STREAM b'bKGD' 101 2
2021-12-23 23:00:06,417 (DEBUG): b'bKGD' 101 2 (unknown)
2021-12-23 23:00:06,417 (DEBUG): STREAM b'tIME' 115 7
2021-12-23 23:00:06,417 (DEBUG): b'tIME' 115 7 (unknown)
2021-12-23 23:00:06,417 (DEBUG): STREAM b'IDAT' 134 32768
2021-12-23 23:00:06,431 (DEBUG): STREAM b'IHDR' 16 13
2021-12-23 23:00:06,431 (DEBUG): STREAM b'gAMA' 41 4
2021-12-23 23:00:06,431 (DEBUG): STREAM b'cHRM' 57 32
2021-12-23 23:00:06,431 (DEBUG): STREAM b'bKGD' 101 2
2021-12-23 23:00:06,431 (DEBUG): b'bKGD' 101 2 (unknown)
2021-12-23 23:00:06,431 (DEBUG): STREAM b'tIME' 115 7
2021-12-23 23:00:06,431 (DEBUG): b'tIME' 115 7 (unknown)
2021-12-23 23:00:06,431 (DEBUG): STREAM b'IDAT' 134 32768
2021-12-23 23:00:06,477 (DEBUG): STREAM b'IHDR' 16 13
2021-12-23 23:00:06,477 (DEBUG): STREAM b'gAMA' 41 4
2021-12-23 23:00:06,477 (DEBUG): STREAM b'cHRM' 57 32
2021-12-23 23:00:06,477 (DEBUG): STREAM b'bKGD' 101 2
2021-12-23 23:00:06,477 (DEBUG): b'bKGD' 101 2 (unknown)
2021-12-23 23:00:06,477 (DEBUG): STREAM b'tIME' 115 7
2021-12-23 23:00:06,477 (DEBUG): b'tIME' 115 7 (unknown)
2021-12-23 23:00:06,477 (DEBUG): STREAM b'IDAT' 134 32768
