2021-12-23 22:58:00,256 (INFO): Log Path: D:\Source_Code\Python ++\02. updateComic\log\debug-20211223-2258.00.log
2021-12-23 22:58:02,331 (INFO): Currently Processing image
2021-12-23 22:58:02,332 (INFO): Processing Titles ...
2021-12-23 22:58:02,356 (DEBUG): Get Info from structure: (2t+=sakusei toshi elosion)
2021-12-23 22:58:02,367 (DEBUG): Get Info from structure: (a-10+=koukai tanetsuke hentai koubi 2)
2021-12-23 22:58:02,380 (DEBUG): Get Info from structure: (Abubu+=Kinjo no Onnatachi ga Nazeka Ore no Ie no Furo ni Hairi ni Kuru Ken)
2021-12-23 22:58:02,391 (DEBUG): Get Info from structure: (abubu+=npc kan mod)
2021-12-23 22:58:02,402 (DEBUG): Get Info from structure: (agobitch nee-san+=Hataraku Onee-san-tachi ~Mikonritsu no Takai Machi de Hataraku Tokoya no Onee-san ni Okuchi de Shiborareru~)
2021-12-23 22:58:02,414 (DEBUG): Get Info from structure: (agobitch nee-san+=Seifuku Bishoujo)
2021-12-23 22:58:02,425 (DEBUG): Get Info from structure: (ahemaru+=slave the blood)
2021-12-23 22:58:02,437 (DEBUG): Get Info from structure: (amano ameno+=Jabami Yumeko Hentai Koushuu Benjo Tantsubo Nikubenki Onna)
2021-12-23 22:58:02,448 (DEBUG): Get Info from structure: (amano ameno+=Kyonyuu Onna Joushi Saimin Nikuningyou)
2021-12-23 22:58:02,460 (DEBUG): Get Info from structure: (Ameyama Denshin+=Stories)
2021-12-23 22:58:02,471 (DEBUG): Get Info from structure: (Arai Kei+=Boku No Kanojo)
2021-12-23 22:58:02,482 (DEBUG): Get Info from structure: (arai kei+=Boku Wa Kanojo No Namae Mo Shiranai)
2021-12-23 22:58:02,496 (DEBUG): Get Info from structure: (arai kei+=hougan kanojo)
2021-12-23 22:58:02,520 (DEBUG): Get Info from structure: (arai kei+=Stories)
2021-12-23 22:58:02,534 (DEBUG): Get Info from structure: (Arai Taiki+=Kahanshin Daiichi Shugi)
2021-12-23 22:58:02,546 (DEBUG): Get Info from structure: (arai taiki+=ochita yume no naka de)
2021-12-23 22:58:02,561 (DEBUG): Get Info from structure: (Arai Taiki+=Stories)
2021-12-23 22:58:02,572 (DEBUG): Get Info from structure: (aroma sensei+=Gwen)
2021-12-23 22:58:02,584 (DEBUG): Get Info from structure: (aroma sensei+=what's going on here)
2021-12-23 22:58:02,604 (DEBUG): Get Info from structure: (asanagi+=Stories)
2021-12-23 22:58:02,620 (DEBUG): Get Info from structure: (BeNantoka+=Stories)
2021-12-23 22:58:02,635 (DEBUG): Get Info from structure: (Bonske+=Arawareta Chijo wa Toshishita Kui no Scatolo Hentai deshita)
2021-12-23 22:58:02,648 (DEBUG): Get Info from structure: (bonske+=sono kuchi to shita de subete o uketomenasai)
2021-12-23 22:58:02,676 (DEBUG): Get Info from structure: (Dokurosan+=Stories)
2021-12-23 22:58:02,687 (DEBUG): Get Info from structure: (Enokido+=Stories)
2021-12-23 22:58:02,700 (DEBUG): Get Info from structure: (freehand tamashii+=aorare tsuma)
2021-12-23 22:58:02,711 (DEBUG): Get Info from structure: (freehand tamashii+=Incha No Oi Ga Yaritai Oba-san)
2021-12-23 22:58:02,722 (DEBUG): Get Info from structure: (freehand tamashii+=Isourou Saki No Obasan Ni Hameru!)
2021-12-23 22:58:02,733 (DEBUG): Get Info from structure: (freehand tamashii+=Stories)
2021-12-23 22:58:02,744 (DEBUG): Get Info from structure: (freehand tamashii+=Toiu Wake De, Kaa-san-tachi To Yattemita)
2021-12-23 22:58:02,756 (DEBUG): Get Info from structure: (freehand tamasshii+=Shin Mama O Netoruze!)
2021-12-23 22:58:02,769 (DEBUG): Get Info from structure: (gonza+=av mama)
2021-12-23 22:58:02,788 (DEBUG): Get Info from structure: (gonza+=matching appli)
2021-12-23 22:58:02,800 (DEBUG): Get Info from structure: (Gonza+=Mayonaka No Haha)
2021-12-23 22:58:02,813 (DEBUG): Get Info from structure: (gonza+=my three horny moms)
2021-12-23 22:58:02,827 (DEBUG): Get Info from structure: (gonza+=Nonfiction ~boshi Soukan No Kioku~)
2021-12-23 22:58:02,841 (DEBUG): Get Info from structure: (gonza+=stories)
2021-12-23 22:58:02,864 (DEBUG): Get Info from structure: (mizone+=Ajin Iryou Sougou Center e Youkoso!)
2021-12-23 22:58:02,879 (DEBUG): Get Info from structure: (mizone+=Jikyuu 1500 yen!! Gyogyou o Tetsudau Kantan na Oshigoto desu)
2021-12-23 22:58:02,888 (DEBUG): Get Info from structure: (mizone+=Kindan no Shohousen)
2021-12-23 22:58:02,901 (DEBUG): Get Info from structure: (mizone+=monster romance)
2021-12-23 22:58:02,913 (DEBUG): Get Info from structure: (mizone+=monster smash)
2021-12-23 22:58:02,925 (DEBUG): Get Info from structure: (mizone+=Otherworldly Maidens Series)
2021-12-23 22:58:02,936 (DEBUG): Get Info from structure: (mizone+=stories)
2021-12-23 22:58:02,949 (DEBUG): Get Info from structure: (mizone+=Zasshoku Yuusha)
2021-12-23 22:58:02,962 (DEBUG): Get Info from structure: (Tsusauto+=Jichikai no Hitozuma wa Totemo Ecchi deshita)
2021-12-23 22:58:02,982 (INFO): Processing Chapters / Episodes ...
2021-12-23 22:58:03,338 (INFO): Processing Chapters & Pages ... 
2021-12-23 22:58:39,552 (DEBUG): STREAM b'IHDR' 16 13
2021-12-23 22:58:39,552 (DEBUG): STREAM b'gAMA' 41 4
2021-12-23 22:58:39,552 (DEBUG): STREAM b'cHRM' 57 32
2021-12-23 22:58:39,552 (DEBUG): STREAM b'bKGD' 101 2
2021-12-23 22:58:39,552 (DEBUG): b'bKGD' 101 2 (unknown)
2021-12-23 22:58:39,552 (DEBUG): STREAM b'tIME' 115 7
2021-12-23 22:58:39,552 (DEBUG): b'tIME' 115 7 (unknown)
2021-12-23 22:58:39,552 (DEBUG): STREAM b'IDAT' 134 32768
2021-12-23 22:58:39,566 (DEBUG): STREAM b'IHDR' 16 13
2021-12-23 22:58:39,566 (DEBUG): STREAM b'gAMA' 41 4
2021-12-23 22:58:39,566 (DEBUG): STREAM b'cHRM' 57 32
2021-12-23 22:58:39,566 (DEBUG): STREAM b'bKGD' 101 2
2021-12-23 22:58:39,566 (DEBUG): b'bKGD' 101 2 (unknown)
2021-12-23 22:58:39,566 (DEBUG): STREAM b'tIME' 115 7
2021-12-23 22:58:39,566 (DEBUG): b'tIME' 115 7 (unknown)
2021-12-23 22:58:39,566 (DEBUG): STREAM b'IDAT' 134 32768
2021-12-23 22:58:39,579 (DEBUG): STREAM b'IHDR' 16 13
2021-12-23 22:58:39,579 (DEBUG): STREAM b'gAMA' 41 4
2021-12-23 22:58:39,579 (DEBUG): STREAM b'cHRM' 57 32
2021-12-23 22:58:39,579 (DEBUG): STREAM b'bKGD' 101 2
2021-12-23 22:58:39,579 (DEBUG): b'bKGD' 101 2 (unknown)
2021-12-23 22:58:39,579 (DEBUG): STREAM b'tIME' 115 7
2021-12-23 22:58:39,579 (DEBUG): b'tIME' 115 7 (unknown)
2021-12-23 22:58:39,579 (DEBUG): STREAM b'IDAT' 134 32768
2021-12-23 22:58:39,593 (DEBUG): STREAM b'IHDR' 16 13
2021-12-23 22:58:39,593 (DEBUG): STREAM b'gAMA' 41 4
2021-12-23 22:58:39,593 (DEBUG): STREAM b'cHRM' 57 32
2021-12-23 22:58:39,593 (DEBUG): STREAM b'bKGD' 101 2
2021-12-23 22:58:39,593 (DEBUG): b'bKGD' 101 2 (unknown)
2021-12-23 22:58:39,593 (DEBUG): STREAM b'tIME' 115 7
2021-12-23 22:58:39,593 (DEBUG): b'tIME' 115 7 (unknown)
2021-12-23 22:58:39,593 (DEBUG): STREAM b'IDAT' 134 32768
2021-12-23 22:58:39,606 (DEBUG): STREAM b'IHDR' 16 13
2021-12-23 22:58:39,606 (DEBUG): STREAM b'gAMA' 41 4
2021-12-23 22:58:39,606 (DEBUG): STREAM b'cHRM' 57 32
2021-12-23 22:58:39,606 (DEBUG): STREAM b'bKGD' 101 2
2021-12-23 22:58:39,606 (DEBUG): b'bKGD' 101 2 (unknown)
2021-12-23 22:58:39,606 (DEBUG): STREAM b'tIME' 115 7
2021-12-23 22:58:39,606 (DEBUG): b'tIME' 115 7 (unknown)
2021-12-23 22:58:39,606 (DEBUG): STREAM b'IDAT' 134 32768
2021-12-23 22:58:39,619 (DEBUG): STREAM b'IHDR' 16 13
2021-12-23 22:58:39,619 (DEBUG): STREAM b'gAMA' 41 4
2021-12-23 22:58:39,619 (DEBUG): STREAM b'cHRM' 57 32
2021-12-23 22:58:39,619 (DEBUG): STREAM b'bKGD' 101 2
2021-12-23 22:58:39,619 (DEBUG): b'bKGD' 101 2 (unknown)
2021-12-23 22:58:39,619 (DEBUG): STREAM b'tIME' 115 7
2021-12-23 22:58:39,619 (DEBUG): b'tIME' 115 7 (unknown)
2021-12-23 22:58:39,619 (DEBUG): STREAM b'IDAT' 134 32768
2021-12-23 22:58:39,633 (DEBUG): STREAM b'IHDR' 16 13
2021-12-23 22:58:39,633 (DEBUG): STREAM b'gAMA' 41 4
2021-12-23 22:58:39,633 (DEBUG): STREAM b'cHRM' 57 32
2021-12-23 22:58:39,633 (DEBUG): STREAM b'bKGD' 101 2
2021-12-23 22:58:39,633 (DEBUG): b'bKGD' 101 2 (unknown)
2021-12-23 22:58:39,633 (DEBUG): STREAM b'tIME' 115 7
2021-12-23 22:58:39,633 (DEBUG): b'tIME' 115 7 (unknown)
2021-12-23 22:58:39,633 (DEBUG): STREAM b'IDAT' 134 32768
2021-12-23 22:58:39,647 (DEBUG): STREAM b'IHDR' 16 13
2021-12-23 22:58:39,647 (DEBUG): STREAM b'gAMA' 41 4
2021-12-23 22:58:39,647 (DEBUG): STREAM b'cHRM' 57 32
2021-12-23 22:58:39,647 (DEBUG): STREAM b'bKGD' 101 2
2021-12-23 22:58:39,647 (DEBUG): b'bKGD' 101 2 (unknown)
2021-12-23 22:58:39,647 (DEBUG): STREAM b'tIME' 115 7
2021-12-23 22:58:39,647 (DEBUG): b'tIME' 115 7 (unknown)
2021-12-23 22:58:39,647 (DEBUG): STREAM b'IDAT' 134 32768
2021-12-23 22:58:39,663 (DEBUG): STREAM b'IHDR' 16 13
2021-12-23 22:58:39,663 (DEBUG): STREAM b'gAMA' 41 4
2021-12-23 22:58:39,664 (DEBUG): STREAM b'cHRM' 57 32
2021-12-23 22:58:39,664 (DEBUG): STREAM b'bKGD' 101 2
2021-12-23 22:58:39,664 (DEBUG): b'bKGD' 101 2 (unknown)
2021-12-23 22:58:39,664 (DEBUG): STREAM b'tIME' 115 7
2021-12-23 22:58:39,664 (DEBUG): b'tIME' 115 7 (unknown)
2021-12-23 22:58:39,664 (DEBUG): STREAM b'IDAT' 134 32768
2021-12-23 22:58:39,680 (DEBUG): STREAM b'IHDR' 16 13
2021-12-23 22:58:39,680 (DEBUG): STREAM b'gAMA' 41 4
2021-12-23 22:58:39,680 (DEBUG): STREAM b'cHRM' 57 32
2021-12-23 22:58:39,680 (DEBUG): STREAM b'bKGD' 101 2
2021-12-23 22:58:39,680 (DEBUG): b'bKGD' 101 2 (unknown)
2021-12-23 22:58:39,680 (DEBUG): STREAM b'tIME' 115 7
2021-12-23 22:58:39,680 (DEBUG): b'tIME' 115 7 (unknown)
2021-12-23 22:58:39,680 (DEBUG): STREAM b'IDAT' 134 32768
2021-12-23 22:58:39,695 (DEBUG): STREAM b'IHDR' 16 13
2021-12-23 22:58:39,695 (DEBUG): STREAM b'gAMA' 41 4
2021-12-23 22:58:39,695 (DEBUG): STREAM b'cHRM' 57 32
2021-12-23 22:58:39,695 (DEBUG): STREAM b'bKGD' 101 2
2021-12-23 22:58:39,695 (DEBUG): b'bKGD' 101 2 (unknown)
2021-12-23 22:58:39,695 (DEBUG): STREAM b'tIME' 115 7
2021-12-23 22:58:39,696 (DEBUG): b'tIME' 115 7 (unknown)
2021-12-23 22:58:39,696 (DEBUG): STREAM b'IDAT' 134 32768
2021-12-23 22:58:39,712 (DEBUG): STREAM b'IHDR' 16 13
2021-12-23 22:58:39,712 (DEBUG): STREAM b'gAMA' 41 4
2021-12-23 22:58:39,712 (DEBUG): STREAM b'cHRM' 57 32
2021-12-23 22:58:39,712 (DEBUG): STREAM b'bKGD' 101 2
2021-12-23 22:58:39,712 (DEBUG): b'bKGD' 101 2 (unknown)
2021-12-23 22:58:39,712 (DEBUG): STREAM b'tIME' 115 7
2021-12-23 22:58:39,712 (DEBUG): b'tIME' 115 7 (unknown)
2021-12-23 22:58:39,712 (DEBUG): STREAM b'IDAT' 134 32768
2021-12-23 22:58:39,729 (DEBUG): STREAM b'IHDR' 16 13
2021-12-23 22:58:39,729 (DEBUG): STREAM b'gAMA' 41 4
2021-12-23 22:58:39,729 (DEBUG): STREAM b'cHRM' 57 32
2021-12-23 22:58:39,729 (DEBUG): STREAM b'bKGD' 101 2
2021-12-23 22:58:39,729 (DEBUG): b'bKGD' 101 2 (unknown)
2021-12-23 22:58:39,729 (DEBUG): STREAM b'tIME' 115 7
2021-12-23 22:58:39,729 (DEBUG): b'tIME' 115 7 (unknown)
2021-12-23 22:58:39,729 (DEBUG): STREAM b'IDAT' 134 32768
2021-12-23 22:58:39,745 (DEBUG): STREAM b'IHDR' 16 13
2021-12-23 22:58:39,745 (DEBUG): STREAM b'gAMA' 41 4
2021-12-23 22:58:39,745 (DEBUG): STREAM b'cHRM' 57 32
2021-12-23 22:58:39,745 (DEBUG): STREAM b'bKGD' 101 2
2021-12-23 22:58:39,745 (DEBUG): b'bKGD' 101 2 (unknown)
2021-12-23 22:58:39,745 (DEBUG): STREAM b'tIME' 115 7
2021-12-23 22:58:39,745 (DEBUG): b'tIME' 115 7 (unknown)
2021-12-23 22:58:39,746 (DEBUG): STREAM b'IDAT' 134 32768
2021-12-23 22:58:39,760 (DEBUG): STREAM b'IHDR' 16 13
2021-12-23 22:58:39,760 (DEBUG): STREAM b'gAMA' 41 4
2021-12-23 22:58:39,760 (DEBUG): STREAM b'cHRM' 57 32
2021-12-23 22:58:39,760 (DEBUG): STREAM b'bKGD' 101 2
2021-12-23 22:58:39,760 (DEBUG): b'bKGD' 101 2 (unknown)
2021-12-23 22:58:39,761 (DEBUG): STREAM b'tIME' 115 7
2021-12-23 22:58:39,761 (DEBUG): b'tIME' 115 7 (unknown)
2021-12-23 22:58:39,761 (DEBUG): STREAM b'IDAT' 134 32768
2021-12-23 22:58:39,775 (DEBUG): STREAM b'IHDR' 16 13
2021-12-23 22:58:39,775 (DEBUG): STREAM b'gAMA' 41 4
2021-12-23 22:58:39,775 (DEBUG): STREAM b'cHRM' 57 32
2021-12-23 22:58:39,775 (DEBUG): STREAM b'bKGD' 101 2
2021-12-23 22:58:39,775 (DEBUG): b'bKGD' 101 2 (unknown)
2021-12-23 22:58:39,775 (DEBUG): STREAM b'tIME' 115 7
2021-12-23 22:58:39,775 (DEBUG): b'tIME' 115 7 (unknown)
2021-12-23 22:58:39,775 (DEBUG): STREAM b'IDAT' 134 32768
2021-12-23 22:58:39,812 (DEBUG): STREAM b'IHDR' 16 13
2021-12-23 22:58:39,812 (DEBUG): STREAM b'gAMA' 41 4
2021-12-23 22:58:39,812 (DEBUG): STREAM b'cHRM' 57 32
2021-12-23 22:58:39,812 (DEBUG): STREAM b'bKGD' 101 2
2021-12-23 22:58:39,812 (DEBUG): b'bKGD' 101 2 (unknown)
2021-12-23 22:58:39,812 (DEBUG): STREAM b'tIME' 115 7
2021-12-23 22:58:39,812 (DEBUG): b'tIME' 115 7 (unknown)
2021-12-23 22:58:39,812 (DEBUG): STREAM b'IDAT' 134 32768
2021-12-23 22:58:39,826 (DEBUG): STREAM b'IHDR' 16 13
2021-12-23 22:58:39,826 (DEBUG): STREAM b'gAMA' 41 4
2021-12-23 22:58:39,826 (DEBUG): STREAM b'cHRM' 57 32
2021-12-23 22:58:39,826 (DEBUG): STREAM b'bKGD' 101 2
2021-12-23 22:58:39,826 (DEBUG): b'bKGD' 101 2 (unknown)
2021-12-23 22:58:39,827 (DEBUG): STREAM b'tIME' 115 7
2021-12-23 22:58:39,827 (DEBUG): b'tIME' 115 7 (unknown)
2021-12-23 22:58:39,827 (DEBUG): STREAM b'IDAT' 134 32768
2021-12-23 22:58:39,842 (DEBUG): STREAM b'IHDR' 16 13
2021-12-23 22:58:39,842 (DEBUG): STREAM b'gAMA' 41 4
2021-12-23 22:58:39,842 (DEBUG): STREAM b'cHRM' 57 32
2021-12-23 22:58:39,842 (DEBUG): STREAM b'bKGD' 101 2
2021-12-23 22:58:39,842 (DEBUG): b'bKGD' 101 2 (unknown)
2021-12-23 22:58:39,842 (DEBUG): STREAM b'tIME' 115 7
2021-12-23 22:58:39,842 (DEBUG): b'tIME' 115 7 (unknown)
2021-12-23 22:58:39,842 (DEBUG): STREAM b'IDAT' 134 32768
2021-12-23 22:58:39,857 (DEBUG): STREAM b'IHDR' 16 13
2021-12-23 22:58:39,857 (DEBUG): STREAM b'gAMA' 41 4
2021-12-23 22:58:39,857 (DEBUG): STREAM b'cHRM' 57 32
2021-12-23 22:58:39,857 (DEBUG): STREAM b'bKGD' 101 2
2021-12-23 22:58:39,857 (DEBUG): b'bKGD' 101 2 (unknown)
2021-12-23 22:58:39,857 (DEBUG): STREAM b'tIME' 115 7
2021-12-23 22:58:39,857 (DEBUG): b'tIME' 115 7 (unknown)
2021-12-23 22:58:39,858 (DEBUG): STREAM b'IDAT' 134 32768
2021-12-23 22:58:39,917 (DEBUG): STREAM b'IHDR' 16 13
2021-12-23 22:58:39,917 (DEBUG): STREAM b'gAMA' 41 4
2021-12-23 22:58:39,917 (DEBUG): STREAM b'cHRM' 57 32
2021-12-23 22:58:39,917 (DEBUG): STREAM b'bKGD' 101 2
2021-12-23 22:58:39,917 (DEBUG): b'bKGD' 101 2 (unknown)
2021-12-23 22:58:39,917 (DEBUG): STREAM b'tIME' 115 7
2021-12-23 22:58:39,917 (DEBUG): b'tIME' 115 7 (unknown)
2021-12-23 22:58:39,917 (DEBUG): STREAM b'IDAT' 134 32768
2021-12-23 22:58:39,932 (DEBUG): STREAM b'IHDR' 16 13
2021-12-23 22:58:39,932 (DEBUG): STREAM b'gAMA' 41 4
2021-12-23 22:58:39,932 (DEBUG): STREAM b'cHRM' 57 32
2021-12-23 22:58:39,932 (DEBUG): STREAM b'bKGD' 101 2
2021-12-23 22:58:39,932 (DEBUG): b'bKGD' 101 2 (unknown)
2021-12-23 22:58:39,932 (DEBUG): STREAM b'tIME' 115 7
2021-12-23 22:58:39,932 (DEBUG): b'tIME' 115 7 (unknown)
2021-12-23 22:58:39,932 (DEBUG): STREAM b'IDAT' 134 32768
2021-12-23 22:58:39,949 (DEBUG): STREAM b'IHDR' 16 13
2021-12-23 22:58:39,949 (DEBUG): STREAM b'gAMA' 41 4
2021-12-23 22:58:39,949 (DEBUG): STREAM b'cHRM' 57 32
2021-12-23 22:58:39,949 (DEBUG): STREAM b'bKGD' 101 2
2021-12-23 22:58:39,949 (DEBUG): b'bKGD' 101 2 (unknown)
2021-12-23 22:58:39,949 (DEBUG): STREAM b'tIME' 115 7
2021-12-23 22:58:39,949 (DEBUG): b'tIME' 115 7 (unknown)
2021-12-23 22:58:39,949 (DEBUG): STREAM b'IDAT' 134 32768
2021-12-23 22:58:39,964 (DEBUG): STREAM b'IHDR' 16 13
2021-12-23 22:58:39,964 (DEBUG): STREAM b'gAMA' 41 4
2021-12-23 22:58:39,964 (DEBUG): STREAM b'cHRM' 57 32
2021-12-23 22:58:39,964 (DEBUG): STREAM b'bKGD' 101 2
2021-12-23 22:58:39,964 (DEBUG): b'bKGD' 101 2 (unknown)
2021-12-23 22:58:39,964 (DEBUG): STREAM b'tIME' 115 7
2021-12-23 22:58:39,964 (DEBUG): b'tIME' 115 7 (unknown)
2021-12-23 22:58:39,964 (DEBUG): STREAM b'IDAT' 134 32768
2021-12-23 22:58:39,979 (DEBUG): STREAM b'IHDR' 16 13
2021-12-23 22:58:39,980 (DEBUG): STREAM b'gAMA' 41 4
2021-12-23 22:58:39,980 (DEBUG): STREAM b'cHRM' 57 32
2021-12-23 22:58:39,980 (DEBUG): STREAM b'bKGD' 101 2
2021-12-23 22:58:39,980 (DEBUG): b'bKGD' 101 2 (unknown)
2021-12-23 22:58:39,980 (DEBUG): STREAM b'tIME' 115 7
2021-12-23 22:58:39,980 (DEBUG): b'tIME' 115 7 (unknown)
2021-12-23 22:58:39,980 (DEBUG): STREAM b'IDAT' 134 32768
2021-12-23 22:58:40,012 (DEBUG): STREAM b'IHDR' 16 13
2021-12-23 22:58:40,012 (DEBUG): STREAM b'gAMA' 41 4
2021-12-23 22:58:40,012 (DEBUG): STREAM b'cHRM' 57 32
2021-12-23 22:58:40,012 (DEBUG): STREAM b'bKGD' 101 2
2021-12-23 22:58:40,012 (DEBUG): b'bKGD' 101 2 (unknown)
2021-12-23 22:58:40,012 (DEBUG): STREAM b'tIME' 115 7
2021-12-23 22:58:40,039 (DEBUG): b'tIME' 115 7 (unknown)
2021-12-23 22:58:40,039 (DEBUG): STREAM b'IDAT' 134 32768
2021-12-23 22:58:40,053 (DEBUG): STREAM b'IHDR' 16 13
2021-12-23 22:58:40,053 (DEBUG): STREAM b'gAMA' 41 4
2021-12-23 22:58:40,053 (DEBUG): STREAM b'cHRM' 57 32
2021-12-23 22:58:40,053 (DEBUG): STREAM b'bKGD' 101 2
2021-12-23 22:58:40,053 (DEBUG): b'bKGD' 101 2 (unknown)
2021-12-23 22:58:40,053 (DEBUG): STREAM b'tIME' 115 7
2021-12-23 22:58:40,053 (DEBUG): b'tIME' 115 7 (unknown)
2021-12-23 22:58:40,053 (DEBUG): STREAM b'IDAT' 134 32768
2021-12-23 22:58:40,094 (DEBUG): STREAM b'IHDR' 16 13
2021-12-23 22:58:40,094 (DEBUG): STREAM b'gAMA' 41 4
2021-12-23 22:58:40,094 (DEBUG): STREAM b'cHRM' 57 32
2021-12-23 22:58:40,094 (DEBUG): STREAM b'bKGD' 101 2
2021-12-23 22:58:40,095 (DEBUG): b'bKGD' 101 2 (unknown)
2021-12-23 22:58:40,095 (DEBUG): STREAM b'tIME' 115 7
2021-12-23 22:58:40,095 (DEBUG): b'tIME' 115 7 (unknown)
2021-12-23 22:58:40,095 (DEBUG): STREAM b'IDAT' 134 32768
