2021-12-24 11:57:46,623 (INFO): Log Path: D:\Source_Code\Python ++\02. updateComic\log\debug-20211224-1157.46.log
2021-12-24 11:57:48,666 (INFO): Currently Processing image
2021-12-24 11:57:48,666 (INFO): Processing Titles ...
2021-12-24 11:57:48,699 (DEBUG): Get Info from structure: (2t+=sakusei toshi elosion)
2021-12-24 11:57:48,711 (DEBUG): Get Info from structure: (a-10+=koukai tanetsuke hentai koubi 2)
2021-12-24 11:57:48,723 (DEBUG): Get Info from structure: (Abubu+=Kinjo no Onnatachi ga Nazeka Ore no Ie no Furo ni Hairi ni Kuru Ken)
2021-12-24 11:57:48,735 (DEBUG): Get Info from structure: (abubu+=npc kan mod)
2021-12-24 11:57:48,748 (DEBUG): Get Info from structure: (agobitch nee-san+=Hataraku Onee-san-tachi ~Mikonritsu no Takai Machi de Hataraku Tokoya no Onee-san ni Okuchi de Shiborareru~)
2021-12-24 11:57:48,760 (DEBUG): Get Info from structure: (agobitch nee-san+=Seifuku Bishoujo)
2021-12-24 11:57:48,772 (DEBUG): Get Info from structure: (ahemaru+=slave the blood)
2021-12-24 11:57:48,785 (DEBUG): Get Info from structure: (amano ameno+=Jabami Yumeko Hentai Koushuu Benjo Tantsubo Nikubenki Onna)
2021-12-24 11:57:48,795 (DEBUG): Get Info from structure: (amano ameno+=Kyonyuu Onna Joushi Saimin Nikuningyou)
2021-12-24 11:57:48,806 (DEBUG): Get Info from structure: (Ameyama Denshin+=Stories)
2021-12-24 11:57:48,817 (DEBUG): Get Info from structure: (Arai Kei+=Boku No Kanojo)
2021-12-24 11:57:48,829 (DEBUG): Get Info from structure: (arai kei+=Boku Wa Kanojo No Namae Mo Shiranai)
2021-12-24 11:57:48,839 (DEBUG): Get Info from structure: (arai kei+=hougan kanojo)
2021-12-24 11:57:48,850 (DEBUG): Get Info from structure: (arai kei+=Stories)
2021-12-24 11:57:48,864 (DEBUG): Get Info from structure: (Arai Taiki+=Kahanshin Daiichi Shugi)
2021-12-24 11:57:48,873 (DEBUG): Get Info from structure: (arai taiki+=ochita yume no naka de)
2021-12-24 11:57:48,884 (DEBUG): Get Info from structure: (Arai Taiki+=Stories)
2021-12-24 11:57:48,897 (DEBUG): Get Info from structure: (aroma sensei+=Gwen)
2021-12-24 11:57:48,911 (DEBUG): Get Info from structure: (aroma sensei+=what's going on here)
2021-12-24 11:57:48,922 (DEBUG): Get Info from structure: (asanagi+=Stories)
2021-12-24 11:57:48,936 (DEBUG): Get Info from structure: (BeNantoka+=Stories)
2021-12-24 11:57:48,951 (DEBUG): Get Info from structure: (Bonske+=Arawareta Chijo wa Toshishita Kui no Scatolo Hentai deshita)
2021-12-24 11:57:48,962 (DEBUG): Get Info from structure: (bonske+=sono kuchi to shita de subete o uketomenasai)
2021-12-24 11:57:48,974 (DEBUG): Get Info from structure: (Dokurosan+=Stories)
2021-12-24 11:57:48,986 (DEBUG): Get Info from structure: (Enokido+=Stories)
2021-12-24 11:57:48,997 (DEBUG): Get Info from structure: (freehand tamashii+=aorare tsuma)
2021-12-24 11:57:49,009 (DEBUG): Get Info from structure: (freehand tamashii+=Incha No Oi Ga Yaritai Oba-san)
2021-12-24 11:57:49,022 (DEBUG): Get Info from structure: (freehand tamashii+=Isourou Saki No Obasan Ni Hameru!)
2021-12-24 11:57:49,035 (DEBUG): Get Info from structure: (freehand tamashii+=Stories)
2021-12-24 11:57:49,047 (DEBUG): Get Info from structure: (freehand tamashii+=Toiu Wake De, Kaa-san-tachi To Yattemita)
2021-12-24 11:57:49,062 (DEBUG): Get Info from structure: (freehand tamasshii+=Shin Mama O Netoruze!)
2021-12-24 11:57:49,074 (DEBUG): Get Info from structure: (gonza+=av mama)
2021-12-24 11:57:49,086 (DEBUG): Get Info from structure: (gonza+=matching appli)
2021-12-24 11:57:49,097 (DEBUG): Get Info from structure: (Gonza+=Mayonaka No Haha)
2021-12-24 11:57:49,109 (DEBUG): Get Info from structure: (gonza+=my three horny moms)
2021-12-24 11:57:49,125 (DEBUG): Get Info from structure: (gonza+=Nonfiction ~boshi Soukan No Kioku~)
2021-12-24 11:57:49,137 (DEBUG): Get Info from structure: (gonza+=stories)
2021-12-24 11:57:49,150 (DEBUG): Get Info from structure: (mizone+=Ajin Iryou Sougou Center e Youkoso!)
2021-12-24 11:57:49,162 (DEBUG): Get Info from structure: (mizone+=Jikyuu 1500 yen!! Gyogyou o Tetsudau Kantan na Oshigoto desu)
2021-12-24 11:57:49,173 (DEBUG): Get Info from structure: (mizone+=Kindan no Shohousen)
2021-12-24 11:57:49,185 (DEBUG): Get Info from structure: (mizone+=monster romance)
2021-12-24 11:57:49,197 (DEBUG): Get Info from structure: (mizone+=monster smash)
2021-12-24 11:57:49,210 (DEBUG): Get Info from structure: (mizone+=Otherworldly Maidens Series)
2021-12-24 11:57:49,220 (DEBUG): Get Info from structure: (mizone+=stories)
2021-12-24 11:57:49,236 (DEBUG): Get Info from structure: (mizone+=Zasshoku Yuusha)
2021-12-24 11:57:49,247 (DEBUG): Get Info from structure: (Tsusauto+=Jichikai no Hitozuma wa Totemo Ecchi deshita)
2021-12-24 11:57:49,259 (INFO): Processing Chapters / Episodes ...
2021-12-24 11:57:49,419 (INFO): Processing Chapters & Pages ... 
2021-12-24 11:58:33,547 (DEBUG): STREAM b'IHDR' 16 13
2021-12-24 11:58:33,547 (DEBUG): STREAM b'gAMA' 41 4
2021-12-24 11:58:33,547 (DEBUG): STREAM b'cHRM' 57 32
2021-12-24 11:58:33,548 (DEBUG): STREAM b'bKGD' 101 2
2021-12-24 11:58:33,548 (DEBUG): b'bKGD' 101 2 (unknown)
2021-12-24 11:58:33,548 (DEBUG): STREAM b'tIME' 115 7
2021-12-24 11:58:33,548 (DEBUG): b'tIME' 115 7 (unknown)
2021-12-24 11:58:33,548 (DEBUG): STREAM b'IDAT' 134 32768
2021-12-24 11:58:33,560 (DEBUG): STREAM b'IHDR' 16 13
2021-12-24 11:58:33,560 (DEBUG): STREAM b'gAMA' 41 4
2021-12-24 11:58:33,560 (DEBUG): STREAM b'cHRM' 57 32
2021-12-24 11:58:33,560 (DEBUG): STREAM b'bKGD' 101 2
2021-12-24 11:58:33,560 (DEBUG): b'bKGD' 101 2 (unknown)
2021-12-24 11:58:33,560 (DEBUG): STREAM b'tIME' 115 7
2021-12-24 11:58:33,560 (DEBUG): b'tIME' 115 7 (unknown)
2021-12-24 11:58:33,560 (DEBUG): STREAM b'IDAT' 134 32768
2021-12-24 11:58:33,575 (DEBUG): STREAM b'IHDR' 16 13
2021-12-24 11:58:33,575 (DEBUG): STREAM b'gAMA' 41 4
2021-12-24 11:58:33,575 (DEBUG): STREAM b'cHRM' 57 32
2021-12-24 11:58:33,575 (DEBUG): STREAM b'bKGD' 101 2
2021-12-24 11:58:33,575 (DEBUG): b'bKGD' 101 2 (unknown)
2021-12-24 11:58:33,575 (DEBUG): STREAM b'tIME' 115 7
2021-12-24 11:58:33,575 (DEBUG): b'tIME' 115 7 (unknown)
2021-12-24 11:58:33,575 (DEBUG): STREAM b'IDAT' 134 32768
2021-12-24 11:58:33,590 (DEBUG): STREAM b'IHDR' 16 13
2021-12-24 11:58:33,591 (DEBUG): STREAM b'gAMA' 41 4
2021-12-24 11:58:33,591 (DEBUG): STREAM b'cHRM' 57 32
2021-12-24 11:58:33,591 (DEBUG): STREAM b'bKGD' 101 2
2021-12-24 11:58:33,591 (DEBUG): b'bKGD' 101 2 (unknown)
2021-12-24 11:58:33,591 (DEBUG): STREAM b'tIME' 115 7
2021-12-24 11:58:33,591 (DEBUG): b'tIME' 115 7 (unknown)
2021-12-24 11:58:33,591 (DEBUG): STREAM b'IDAT' 134 32768
2021-12-24 11:58:33,607 (DEBUG): STREAM b'IHDR' 16 13
2021-12-24 11:58:33,607 (DEBUG): STREAM b'gAMA' 41 4
2021-12-24 11:58:33,607 (DEBUG): STREAM b'cHRM' 57 32
2021-12-24 11:58:33,607 (DEBUG): STREAM b'bKGD' 101 2
2021-12-24 11:58:33,607 (DEBUG): b'bKGD' 101 2 (unknown)
2021-12-24 11:58:33,607 (DEBUG): STREAM b'tIME' 115 7
2021-12-24 11:58:33,607 (DEBUG): b'tIME' 115 7 (unknown)
2021-12-24 11:58:33,607 (DEBUG): STREAM b'IDAT' 134 32768
2021-12-24 11:58:33,627 (DEBUG): STREAM b'IHDR' 16 13
2021-12-24 11:58:33,627 (DEBUG): STREAM b'gAMA' 41 4
2021-12-24 11:58:33,627 (DEBUG): STREAM b'cHRM' 57 32
2021-12-24 11:58:33,627 (DEBUG): STREAM b'bKGD' 101 2
2021-12-24 11:58:33,627 (DEBUG): b'bKGD' 101 2 (unknown)
2021-12-24 11:58:33,627 (DEBUG): STREAM b'tIME' 115 7
2021-12-24 11:58:33,627 (DEBUG): b'tIME' 115 7 (unknown)
2021-12-24 11:58:33,627 (DEBUG): STREAM b'IDAT' 134 32768
2021-12-24 11:58:33,644 (DEBUG): STREAM b'IHDR' 16 13
2021-12-24 11:58:33,644 (DEBUG): STREAM b'gAMA' 41 4
2021-12-24 11:58:33,644 (DEBUG): STREAM b'cHRM' 57 32
2021-12-24 11:58:33,644 (DEBUG): STREAM b'bKGD' 101 2
2021-12-24 11:58:33,645 (DEBUG): b'bKGD' 101 2 (unknown)
2021-12-24 11:58:33,645 (DEBUG): STREAM b'tIME' 115 7
2021-12-24 11:58:33,645 (DEBUG): b'tIME' 115 7 (unknown)
2021-12-24 11:58:33,645 (DEBUG): STREAM b'IDAT' 134 32768
2021-12-24 11:58:33,661 (DEBUG): STREAM b'IHDR' 16 13
2021-12-24 11:58:33,661 (DEBUG): STREAM b'gAMA' 41 4
2021-12-24 11:58:33,661 (DEBUG): STREAM b'cHRM' 57 32
2021-12-24 11:58:33,661 (DEBUG): STREAM b'bKGD' 101 2
2021-12-24 11:58:33,661 (DEBUG): b'bKGD' 101 2 (unknown)
2021-12-24 11:58:33,661 (DEBUG): STREAM b'tIME' 115 7
2021-12-24 11:58:33,661 (DEBUG): b'tIME' 115 7 (unknown)
2021-12-24 11:58:33,662 (DEBUG): STREAM b'IDAT' 134 32768
2021-12-24 11:58:33,675 (DEBUG): STREAM b'IHDR' 16 13
2021-12-24 11:58:33,675 (DEBUG): STREAM b'gAMA' 41 4
2021-12-24 11:58:33,675 (DEBUG): STREAM b'cHRM' 57 32
2021-12-24 11:58:33,675 (DEBUG): STREAM b'bKGD' 101 2
2021-12-24 11:58:33,675 (DEBUG): b'bKGD' 101 2 (unknown)
2021-12-24 11:58:33,675 (DEBUG): STREAM b'tIME' 115 7
2021-12-24 11:58:33,676 (DEBUG): b'tIME' 115 7 (unknown)
2021-12-24 11:58:33,676 (DEBUG): STREAM b'IDAT' 134 32768
2021-12-24 11:58:33,689 (DEBUG): STREAM b'IHDR' 16 13
2021-12-24 11:58:33,690 (DEBUG): STREAM b'gAMA' 41 4
2021-12-24 11:58:33,690 (DEBUG): STREAM b'cHRM' 57 32
2021-12-24 11:58:33,690 (DEBUG): STREAM b'bKGD' 101 2
2021-12-24 11:58:33,690 (DEBUG): b'bKGD' 101 2 (unknown)
2021-12-24 11:58:33,690 (DEBUG): STREAM b'tIME' 115 7
2021-12-24 11:58:33,690 (DEBUG): b'tIME' 115 7 (unknown)
2021-12-24 11:58:33,691 (DEBUG): STREAM b'IDAT' 134 32768
2021-12-24 11:58:33,705 (DEBUG): STREAM b'IHDR' 16 13
2021-12-24 11:58:33,705 (DEBUG): STREAM b'gAMA' 41 4
2021-12-24 11:58:33,705 (DEBUG): STREAM b'cHRM' 57 32
2021-12-24 11:58:33,705 (DEBUG): STREAM b'bKGD' 101 2
2021-12-24 11:58:33,705 (DEBUG): b'bKGD' 101 2 (unknown)
2021-12-24 11:58:33,705 (DEBUG): STREAM b'tIME' 115 7
2021-12-24 11:58:33,705 (DEBUG): b'tIME' 115 7 (unknown)
2021-12-24 11:58:33,705 (DEBUG): STREAM b'IDAT' 134 32768
2021-12-24 11:58:33,719 (DEBUG): STREAM b'IHDR' 16 13
2021-12-24 11:58:33,719 (DEBUG): STREAM b'gAMA' 41 4
2021-12-24 11:58:33,719 (DEBUG): STREAM b'cHRM' 57 32
2021-12-24 11:58:33,719 (DEBUG): STREAM b'bKGD' 101 2
2021-12-24 11:58:33,719 (DEBUG): b'bKGD' 101 2 (unknown)
2021-12-24 11:58:33,719 (DEBUG): STREAM b'tIME' 115 7
2021-12-24 11:58:33,719 (DEBUG): b'tIME' 115 7 (unknown)
2021-12-24 11:58:33,719 (DEBUG): STREAM b'IDAT' 134 32768
2021-12-24 11:58:33,733 (DEBUG): STREAM b'IHDR' 16 13
2021-12-24 11:58:33,733 (DEBUG): STREAM b'gAMA' 41 4
2021-12-24 11:58:33,733 (DEBUG): STREAM b'cHRM' 57 32
2021-12-24 11:58:33,734 (DEBUG): STREAM b'bKGD' 101 2
2021-12-24 11:58:33,734 (DEBUG): b'bKGD' 101 2 (unknown)
2021-12-24 11:58:33,734 (DEBUG): STREAM b'tIME' 115 7
2021-12-24 11:58:33,734 (DEBUG): b'tIME' 115 7 (unknown)
2021-12-24 11:58:33,734 (DEBUG): STREAM b'IDAT' 134 32768
2021-12-24 11:58:33,748 (DEBUG): STREAM b'IHDR' 16 13
2021-12-24 11:58:33,748 (DEBUG): STREAM b'gAMA' 41 4
2021-12-24 11:58:33,748 (DEBUG): STREAM b'cHRM' 57 32
2021-12-24 11:58:33,748 (DEBUG): STREAM b'bKGD' 101 2
2021-12-24 11:58:33,748 (DEBUG): b'bKGD' 101 2 (unknown)
2021-12-24 11:58:33,748 (DEBUG): STREAM b'tIME' 115 7
2021-12-24 11:58:33,748 (DEBUG): b'tIME' 115 7 (unknown)
2021-12-24 11:58:33,748 (DEBUG): STREAM b'IDAT' 134 32768
2021-12-24 11:58:33,764 (DEBUG): STREAM b'IHDR' 16 13
2021-12-24 11:58:33,764 (DEBUG): STREAM b'gAMA' 41 4
2021-12-24 11:58:33,764 (DEBUG): STREAM b'cHRM' 57 32
2021-12-24 11:58:33,764 (DEBUG): STREAM b'bKGD' 101 2
2021-12-24 11:58:33,764 (DEBUG): b'bKGD' 101 2 (unknown)
2021-12-24 11:58:33,764 (DEBUG): STREAM b'tIME' 115 7
2021-12-24 11:58:33,764 (DEBUG): b'tIME' 115 7 (unknown)
2021-12-24 11:58:33,764 (DEBUG): STREAM b'IDAT' 134 32768
2021-12-24 11:58:33,777 (DEBUG): STREAM b'IHDR' 16 13
2021-12-24 11:58:33,777 (DEBUG): STREAM b'gAMA' 41 4
2021-12-24 11:58:33,777 (DEBUG): STREAM b'cHRM' 57 32
2021-12-24 11:58:33,777 (DEBUG): STREAM b'bKGD' 101 2
2021-12-24 11:58:33,777 (DEBUG): b'bKGD' 101 2 (unknown)
2021-12-24 11:58:33,778 (DEBUG): STREAM b'tIME' 115 7
2021-12-24 11:58:33,778 (DEBUG): b'tIME' 115 7 (unknown)
2021-12-24 11:58:33,778 (DEBUG): STREAM b'IDAT' 134 32768
2021-12-24 11:58:33,815 (DEBUG): STREAM b'IHDR' 16 13
2021-12-24 11:58:33,816 (DEBUG): STREAM b'gAMA' 41 4
2021-12-24 11:58:33,816 (DEBUG): STREAM b'cHRM' 57 32
2021-12-24 11:58:33,816 (DEBUG): STREAM b'bKGD' 101 2
2021-12-24 11:58:33,816 (DEBUG): b'bKGD' 101 2 (unknown)
2021-12-24 11:58:33,816 (DEBUG): STREAM b'tIME' 115 7
2021-12-24 11:58:33,816 (DEBUG): b'tIME' 115 7 (unknown)
2021-12-24 11:58:33,816 (DEBUG): STREAM b'IDAT' 134 32768
2021-12-24 11:58:33,830 (DEBUG): STREAM b'IHDR' 16 13
2021-12-24 11:58:33,830 (DEBUG): STREAM b'gAMA' 41 4
2021-12-24 11:58:33,830 (DEBUG): STREAM b'cHRM' 57 32
2021-12-24 11:58:33,830 (DEBUG): STREAM b'bKGD' 101 2
2021-12-24 11:58:33,830 (DEBUG): b'bKGD' 101 2 (unknown)
2021-12-24 11:58:33,830 (DEBUG): STREAM b'tIME' 115 7
2021-12-24 11:58:33,830 (DEBUG): b'tIME' 115 7 (unknown)
2021-12-24 11:58:33,830 (DEBUG): STREAM b'IDAT' 134 32768
2021-12-24 11:58:33,845 (DEBUG): STREAM b'IHDR' 16 13
2021-12-24 11:58:33,845 (DEBUG): STREAM b'gAMA' 41 4
2021-12-24 11:58:33,845 (DEBUG): STREAM b'cHRM' 57 32
2021-12-24 11:58:33,845 (DEBUG): STREAM b'bKGD' 101 2
2021-12-24 11:58:33,845 (DEBUG): b'bKGD' 101 2 (unknown)
2021-12-24 11:58:33,845 (DEBUG): STREAM b'tIME' 115 7
2021-12-24 11:58:33,845 (DEBUG): b'tIME' 115 7 (unknown)
2021-12-24 11:58:33,845 (DEBUG): STREAM b'IDAT' 134 32768
2021-12-24 11:58:33,859 (DEBUG): STREAM b'IHDR' 16 13
2021-12-24 11:58:33,859 (DEBUG): STREAM b'gAMA' 41 4
2021-12-24 11:58:33,859 (DEBUG): STREAM b'cHRM' 57 32
2021-12-24 11:58:33,859 (DEBUG): STREAM b'bKGD' 101 2
2021-12-24 11:58:33,859 (DEBUG): b'bKGD' 101 2 (unknown)
2021-12-24 11:58:33,859 (DEBUG): STREAM b'tIME' 115 7
2021-12-24 11:58:33,859 (DEBUG): b'tIME' 115 7 (unknown)
2021-12-24 11:58:33,859 (DEBUG): STREAM b'IDAT' 134 32768
2021-12-24 11:58:33,920 (DEBUG): STREAM b'IHDR' 16 13
2021-12-24 11:58:33,920 (DEBUG): STREAM b'gAMA' 41 4
2021-12-24 11:58:33,920 (DEBUG): STREAM b'cHRM' 57 32
2021-12-24 11:58:33,920 (DEBUG): STREAM b'bKGD' 101 2
2021-12-24 11:58:33,920 (DEBUG): b'bKGD' 101 2 (unknown)
2021-12-24 11:58:33,920 (DEBUG): STREAM b'tIME' 115 7
2021-12-24 11:58:33,920 (DEBUG): b'tIME' 115 7 (unknown)
2021-12-24 11:58:33,920 (DEBUG): STREAM b'IDAT' 134 32768
2021-12-24 11:58:33,932 (DEBUG): STREAM b'IHDR' 16 13
2021-12-24 11:58:33,932 (DEBUG): STREAM b'gAMA' 41 4
2021-12-24 11:58:33,933 (DEBUG): STREAM b'cHRM' 57 32
2021-12-24 11:58:33,933 (DEBUG): STREAM b'bKGD' 101 2
2021-12-24 11:58:33,933 (DEBUG): b'bKGD' 101 2 (unknown)
2021-12-24 11:58:33,933 (DEBUG): STREAM b'tIME' 115 7
2021-12-24 11:58:33,933 (DEBUG): b'tIME' 115 7 (unknown)
2021-12-24 11:58:33,933 (DEBUG): STREAM b'IDAT' 134 32768
2021-12-24 11:58:33,958 (DEBUG): STREAM b'IHDR' 16 13
2021-12-24 11:58:33,958 (DEBUG): STREAM b'gAMA' 41 4
2021-12-24 11:58:33,958 (DEBUG): STREAM b'cHRM' 57 32
2021-12-24 11:58:33,958 (DEBUG): STREAM b'bKGD' 101 2
2021-12-24 11:58:33,958 (DEBUG): b'bKGD' 101 2 (unknown)
2021-12-24 11:58:33,958 (DEBUG): STREAM b'tIME' 115 7
2021-12-24 11:58:33,958 (DEBUG): b'tIME' 115 7 (unknown)
2021-12-24 11:58:33,958 (DEBUG): STREAM b'IDAT' 134 32768
2021-12-24 11:58:33,971 (DEBUG): STREAM b'IHDR' 16 13
2021-12-24 11:58:33,971 (DEBUG): STREAM b'gAMA' 41 4
2021-12-24 11:58:33,971 (DEBUG): STREAM b'cHRM' 57 32
2021-12-24 11:58:33,971 (DEBUG): STREAM b'bKGD' 101 2
2021-12-24 11:58:33,972 (DEBUG): b'bKGD' 101 2 (unknown)
2021-12-24 11:58:33,972 (DEBUG): STREAM b'tIME' 115 7
2021-12-24 11:58:33,972 (DEBUG): b'tIME' 115 7 (unknown)
2021-12-24 11:58:33,972 (DEBUG): STREAM b'IDAT' 134 32768
2021-12-24 11:58:33,986 (DEBUG): STREAM b'IHDR' 16 13
2021-12-24 11:58:33,987 (DEBUG): STREAM b'gAMA' 41 4
2021-12-24 11:58:33,987 (DEBUG): STREAM b'cHRM' 57 32
2021-12-24 11:58:33,987 (DEBUG): STREAM b'bKGD' 101 2
2021-12-24 11:58:33,987 (DEBUG): b'bKGD' 101 2 (unknown)
2021-12-24 11:58:33,987 (DEBUG): STREAM b'tIME' 115 7
2021-12-24 11:58:33,987 (DEBUG): b'tIME' 115 7 (unknown)
2021-12-24 11:58:33,987 (DEBUG): STREAM b'IDAT' 134 32768
2021-12-24 11:58:34,016 (DEBUG): STREAM b'IHDR' 16 13
2021-12-24 11:58:34,016 (DEBUG): STREAM b'gAMA' 41 4
2021-12-24 11:58:34,016 (DEBUG): STREAM b'cHRM' 57 32
2021-12-24 11:58:34,016 (DEBUG): STREAM b'bKGD' 101 2
2021-12-24 11:58:34,016 (DEBUG): b'bKGD' 101 2 (unknown)
2021-12-24 11:58:34,016 (DEBUG): STREAM b'tIME' 115 7
2021-12-24 11:58:34,016 (DEBUG): b'tIME' 115 7 (unknown)
2021-12-24 11:58:34,016 (DEBUG): STREAM b'IDAT' 134 32768
2021-12-24 11:58:34,031 (DEBUG): STREAM b'IHDR' 16 13
2021-12-24 11:58:34,031 (DEBUG): STREAM b'gAMA' 41 4
2021-12-24 11:58:34,031 (DEBUG): STREAM b'cHRM' 57 32
2021-12-24 11:58:34,031 (DEBUG): STREAM b'bKGD' 101 2
2021-12-24 11:58:34,031 (DEBUG): b'bKGD' 101 2 (unknown)
2021-12-24 11:58:34,031 (DEBUG): STREAM b'tIME' 115 7
2021-12-24 11:58:34,031 (DEBUG): b'tIME' 115 7 (unknown)
2021-12-24 11:58:34,031 (DEBUG): STREAM b'IDAT' 134 32768
2021-12-24 11:58:34,073 (DEBUG): STREAM b'IHDR' 16 13
2021-12-24 11:58:34,073 (DEBUG): STREAM b'gAMA' 41 4
2021-12-24 11:58:34,073 (DEBUG): STREAM b'cHRM' 57 32
2021-12-24 11:58:34,073 (DEBUG): STREAM b'bKGD' 101 2
2021-12-24 11:58:34,073 (DEBUG): b'bKGD' 101 2 (unknown)
2021-12-24 11:58:34,073 (DEBUG): STREAM b'tIME' 115 7
2021-12-24 11:58:34,073 (DEBUG): b'tIME' 115 7 (unknown)
2021-12-24 11:58:34,073 (DEBUG): STREAM b'IDAT' 134 32768
