2021-12-24 21:56:50,194 (INFO): Log Path: D:\Source_Code\Python ++\02. updateComic\log\debug-20211224-2156.50.log
2021-12-24 21:56:52,220 (INFO): Currently Processing image
2021-12-24 21:56:52,220 (INFO): Processing Titles ...
2021-12-24 21:56:52,314 (DEBUG): Get Info from structure: (2t+=sakusei toshi elosion)
2021-12-24 21:56:52,323 (DEBUG): Get Info from structure: (a-10+=koukai tanetsuke hentai koubi 2)
2021-12-24 21:56:52,332 (DEBUG): Get Info from structure: (Abubu+=Kinjo no Onnatachi ga Nazeka Ore no Ie no Furo ni Hairi ni Kuru Ken)
2021-12-24 21:56:52,343 (DEBUG): Get Info from structure: (abubu+=npc kan mod)
2021-12-24 21:56:52,352 (DEBUG): Get Info from structure: (agobitch nee-san+=Hataraku Onee-san-tachi ~Mikonritsu no Takai Machi de Hataraku Tokoya no Onee-san ni Okuchi de Shiborareru~)
2021-12-24 21:56:52,361 (DEBUG): Get Info from structure: (agobitch nee-san+=Seifuku Bishoujo)
2021-12-24 21:56:52,371 (DEBUG): Get Info from structure: (ahemaru+=slave the blood)
2021-12-24 21:56:52,383 (DEBUG): Get Info from structure: (amano ameno+=Jabami Yumeko Hentai Koushuu Benjo Tantsubo Nikubenki Onna)
2021-12-24 21:56:52,390 (DEBUG): Get Info from structure: (amano ameno+=Kyonyuu Onna Joushi Saimin Nikuningyou)
2021-12-24 21:56:52,401 (DEBUG): Get Info from structure: (Ameyama Denshin+=Stories)
2021-12-24 21:56:52,409 (DEBUG): Get Info from structure: (Arai Kei+=Boku No Kanojo)
2021-12-24 21:56:52,419 (DEBUG): Get Info from structure: (arai kei+=Boku Wa Kanojo No Namae Mo Shiranai)
2021-12-24 21:56:52,428 (DEBUG): Get Info from structure: (arai kei+=hougan kanojo)
2021-12-24 21:56:52,437 (DEBUG): Get Info from structure: (arai kei+=Stories)
2021-12-24 21:56:52,446 (DEBUG): Get Info from structure: (Arai Taiki+=Kahanshin Daiichi Shugi)
2021-12-24 21:56:52,458 (DEBUG): Get Info from structure: (arai taiki+=ochita yume no naka de)
2021-12-24 21:56:52,467 (DEBUG): Get Info from structure: (Arai Taiki+=Stories)
2021-12-24 21:56:52,474 (DEBUG): Get Info from structure: (aroma sensei+=Gwen)
2021-12-24 21:56:52,483 (DEBUG): Get Info from structure: (aroma sensei+=what's going on here)
2021-12-24 21:56:52,494 (DEBUG): Get Info from structure: (asanagi+=Stories)
2021-12-24 21:56:52,504 (DEBUG): Get Info from structure: (BeNantoka+=Stories)
2021-12-24 21:56:52,520 (DEBUG): Get Info from structure: (Bonske+=Arawareta Chijo wa Toshishita Kui no Scatolo Hentai deshita)
2021-12-24 21:56:52,528 (DEBUG): Get Info from structure: (bonske+=sono kuchi to shita de subete o uketomenasai)
2021-12-24 21:56:52,538 (DEBUG): Get Info from structure: (Dokurosan+=Stories)
2021-12-24 21:56:52,547 (DEBUG): Get Info from structure: (doujin mukashibanashi+=Stories)
2021-12-24 21:56:52,555 (DEBUG): Get Info from structure: (Enokido+=Stories)
2021-12-24 21:56:52,563 (DEBUG): Get Info from structure: (freehand tamashii+=aorare tsuma)
2021-12-24 21:56:52,572 (DEBUG): Get Info from structure: (freehand tamashii+=Incha No Oi Ga Yaritai Oba-san)
2021-12-24 21:56:52,581 (DEBUG): Get Info from structure: (freehand tamashii+=Isourou Saki No Obasan Ni Hameru!)
2021-12-24 21:56:52,590 (DEBUG): Get Info from structure: (freehand tamashii+=Stories)
2021-12-24 21:56:52,600 (DEBUG): Get Info from structure: (freehand tamashii+=Toiu Wake De, Kaa-san-tachi To Yattemita)
2021-12-24 21:56:52,607 (DEBUG): Get Info from structure: (freehand tamasshii+=Shin Mama O Netoruze!)
2021-12-24 21:56:52,617 (DEBUG): Get Info from structure: (gonza+=av mama)
2021-12-24 21:56:52,625 (DEBUG): Get Info from structure: (gonza+=matching appli)
2021-12-24 21:56:52,635 (DEBUG): Get Info from structure: (Gonza+=Mayonaka No Haha)
2021-12-24 21:56:52,644 (DEBUG): Get Info from structure: (gonza+=my three horny moms)
2021-12-24 21:56:52,654 (DEBUG): Get Info from structure: (gonza+=Nonfiction ~boshi Soukan No Kioku~)
2021-12-24 21:56:52,662 (DEBUG): Get Info from structure: (gonza+=stories)
2021-12-24 21:56:52,677 (DEBUG): Get Info from structure: (mizone+=Ajin Iryou Sougou Center e Youkoso!)
2021-12-24 21:56:52,686 (DEBUG): Get Info from structure: (mizone+=Jikyuu 1500 yen!! Gyogyou o Tetsudau Kantan na Oshigoto desu)
2021-12-24 21:56:52,694 (DEBUG): Get Info from structure: (mizone+=Kindan no Shohousen)
2021-12-24 21:56:52,703 (DEBUG): Get Info from structure: (mizone+=monster romance)
2021-12-24 21:56:52,713 (DEBUG): Get Info from structure: (mizone+=monster smash)
2021-12-24 21:56:52,721 (DEBUG): Get Info from structure: (mizone+=Otherworldly Maidens Series)
2021-12-24 21:56:52,730 (DEBUG): Get Info from structure: (mizone+=stories)
2021-12-24 21:56:52,741 (DEBUG): Get Info from structure: (mizone+=Zasshoku Yuusha)
2021-12-24 21:56:52,750 (DEBUG): Get Info from structure: (Tsusauto+=Jichikai no Hitozuma wa Totemo Ecchi deshita)
2021-12-24 21:56:52,760 (INFO): Processing Chapters / Episodes ...
2021-12-24 21:56:53,021 (INFO): Done Processing
