2021-12-23 20:59:37,159 (INFO): Log Path: D:\Source_Code\Python ++\02. updateComic\log\debug-20211223-2059.37.log
2021-12-23 20:59:39,238 (INFO): Currently Processing image
2021-12-23 20:59:39,239 (INFO): Processing Titles ...
2021-12-23 20:59:39,259 (DEBUG): Get Info from structure: (2t+=sakusei toshi elosion)
2021-12-23 20:59:39,266 (DEBUG): Get Info from structure: (a-10+=koukai tanetsuke hentai koubi 2)
2021-12-23 20:59:39,275 (DEBUG): Get Info from structure: (Abubu+=Kinjo no Onnatachi ga Nazeka Ore no Ie no Furo ni Hairi ni Kuru Ken)
2021-12-23 20:59:39,283 (DEBUG): Get Info from structure: (abubu+=npc kan mod)
2021-12-23 20:59:39,319 (DEBUG): Get Info from structure: (agobitch nee-san+=Hataraku Onee-san-tachi ~Mikonritsu no Takai Machi de Hataraku Tokoya no Onee-san ni Okuchi de Shiborareru~)
2021-12-23 20:59:39,326 (DEBUG): Get Info from structure: (agobitch nee-san+=Seifuku Bishoujo)
2021-12-23 20:59:39,334 (DEBUG): Get Info from structure: (ahemaru+=slave the blood)
2021-12-23 20:59:39,343 (DEBUG): Get Info from structure: (amano ameno+=Jabami Yumeko Hentai Koushuu Benjo Tantsubo Nikubenki Onna)
2021-12-23 20:59:39,350 (DEBUG): Get Info from structure: (amano ameno+=Kyonyuu Onna Joushi Saimin Nikuningyou)
2021-12-23 20:59:39,358 (DEBUG): Get Info from structure: (Ameyama Denshin+=Stories)
2021-12-23 20:59:39,366 (DEBUG): Get Info from structure: (Arai Kei+=Boku No Kanojo)
2021-12-23 20:59:39,374 (DEBUG): Get Info from structure: (arai kei+=Boku Wa Kanojo No Namae Mo Shiranai)
2021-12-23 20:59:39,382 (DEBUG): Get Info from structure: (arai kei+=hougan kanojo)
2021-12-23 20:59:39,390 (DEBUG): Get Info from structure: (arai kei+=Stories)
2021-12-23 20:59:39,398 (DEBUG): Get Info from structure: (Arai Taiki+=Kahanshin Daiichi Shugi)
2021-12-23 20:59:39,406 (DEBUG): Get Info from structure: (arai taiki+=ochita yume no naka de)
2021-12-23 20:59:39,414 (DEBUG): Get Info from structure: (Arai Taiki+=Stories)
2021-12-23 20:59:39,421 (DEBUG): Get Info from structure: (aroma sensei+=Gwen)
2021-12-23 20:59:39,429 (DEBUG): Get Info from structure: (aroma sensei+=what's going on here)
2021-12-23 20:59:39,439 (DEBUG): Get Info from structure: (asanagi+=Stories)
2021-12-23 20:59:39,463 (DEBUG): Get Info from structure: (BeNantoka+=Stories)
2021-12-23 20:59:39,473 (DEBUG): Get Info from structure: (Bonske+=Arawareta Chijo wa Toshishita Kui no Scatolo Hentai deshita)
2021-12-23 20:59:39,482 (DEBUG): Get Info from structure: (bonske+=sono kuchi to shita de subete o uketomenasai)
2021-12-23 20:59:39,490 (DEBUG): Get Info from structure: (Dokurosan+=Stories)
2021-12-23 20:59:39,499 (DEBUG): Get Info from structure: (Enokido+=Stories)
2021-12-23 20:59:39,507 (DEBUG): Get Info from structure: (freehand tamashii+=aorare tsuma)
2021-12-23 20:59:39,516 (DEBUG): Get Info from structure: (freehand tamashii+=Incha No Oi Ga Yaritai Oba-san)
2021-12-23 20:59:39,524 (DEBUG): Get Info from structure: (freehand tamashii+=Isourou Saki No Obasan Ni Hameru!)
2021-12-23 20:59:39,532 (DEBUG): Get Info from structure: (freehand tamashii+=Stories)
2021-12-23 20:59:39,541 (DEBUG): Get Info from structure: (freehand tamashii+=Toiu Wake De, Kaa-san-tachi To Yattemita)
2021-12-23 20:59:39,549 (DEBUG): Get Info from structure: (freehand tamasshii+=Shin Mama O Netoruze!)
2021-12-23 20:59:39,558 (DEBUG): Get Info from structure: (gonza+=av mama)
2021-12-23 20:59:39,567 (DEBUG): Get Info from structure: (gonza+=matching appli)
2021-12-23 20:59:39,575 (DEBUG): Get Info from structure: (Gonza+=Mayonaka No Haha)
2021-12-23 20:59:39,583 (DEBUG): Get Info from structure: (gonza+=my three horny moms)
2021-12-23 20:59:39,591 (DEBUG): Get Info from structure: (gonza+=Nonfiction ~boshi Soukan No Kioku~)
2021-12-23 20:59:39,599 (DEBUG): Get Info from structure: (gonza+=stories)
2021-12-23 20:59:39,608 (DEBUG): Get Info from structure: (mizone+=Ajin Iryou Sougou Center e Youkoso!)
2021-12-23 20:59:39,617 (DEBUG): Get Info from structure: (mizone+=Jikyuu 1500 yen!! Gyogyou o Tetsudau Kantan na Oshigoto desu)
2021-12-23 20:59:39,625 (DEBUG): Get Info from structure: (mizone+=Kindan no Shohousen)
2021-12-23 20:59:39,632 (DEBUG): Get Info from structure: (mizone+=monster romance)
2021-12-23 20:59:39,641 (DEBUG): Get Info from structure: (mizone+=monster smash)
2021-12-23 20:59:39,649 (DEBUG): Get Info from structure: (mizone+=Otherworldly Maidens Series)
2021-12-23 20:59:39,658 (DEBUG): Get Info from structure: (mizone+=stories)
2021-12-23 20:59:39,667 (DEBUG): Get Info from structure: (mizone+=Zasshoku Yuusha)
2021-12-23 20:59:39,676 (DEBUG): Get Info from structure: (Tsusauto+=Jichikai no Hitozuma wa Totemo Ecchi deshita)
2021-12-23 20:59:39,686 (INFO): Processing Chapters / Episodes ...
2021-12-23 20:59:39,694 (INFO): Processing Chapters & Pages ... 
2021-12-23 21:00:51,732 (DEBUG): STREAM b'IHDR' 16 13
2021-12-23 21:00:51,732 (DEBUG): STREAM b'gAMA' 41 4
2021-12-23 21:00:51,732 (DEBUG): STREAM b'cHRM' 57 32
2021-12-23 21:00:51,732 (DEBUG): STREAM b'bKGD' 101 2
2021-12-23 21:00:51,732 (DEBUG): b'bKGD' 101 2 (unknown)
2021-12-23 21:00:51,732 (DEBUG): STREAM b'tIME' 115 7
2021-12-23 21:00:51,732 (DEBUG): b'tIME' 115 7 (unknown)
2021-12-23 21:00:51,732 (DEBUG): STREAM b'IDAT' 134 32768
2021-12-23 21:00:51,745 (DEBUG): STREAM b'IHDR' 16 13
2021-12-23 21:00:51,745 (DEBUG): STREAM b'gAMA' 41 4
2021-12-23 21:00:51,745 (DEBUG): STREAM b'cHRM' 57 32
2021-12-23 21:00:51,745 (DEBUG): STREAM b'bKGD' 101 2
2021-12-23 21:00:51,745 (DEBUG): b'bKGD' 101 2 (unknown)
2021-12-23 21:00:51,745 (DEBUG): STREAM b'tIME' 115 7
2021-12-23 21:00:51,745 (DEBUG): b'tIME' 115 7 (unknown)
2021-12-23 21:00:51,745 (DEBUG): STREAM b'IDAT' 134 32768
2021-12-23 21:00:51,757 (DEBUG): STREAM b'IHDR' 16 13
2021-12-23 21:00:51,757 (DEBUG): STREAM b'gAMA' 41 4
2021-12-23 21:00:51,757 (DEBUG): STREAM b'cHRM' 57 32
2021-12-23 21:00:51,757 (DEBUG): STREAM b'bKGD' 101 2
2021-12-23 21:00:51,757 (DEBUG): b'bKGD' 101 2 (unknown)
2021-12-23 21:00:51,757 (DEBUG): STREAM b'tIME' 115 7
2021-12-23 21:00:51,757 (DEBUG): b'tIME' 115 7 (unknown)
2021-12-23 21:00:51,757 (DEBUG): STREAM b'IDAT' 134 32768
2021-12-23 21:00:51,771 (DEBUG): STREAM b'IHDR' 16 13
2021-12-23 21:00:51,771 (DEBUG): STREAM b'gAMA' 41 4
2021-12-23 21:00:51,771 (DEBUG): STREAM b'cHRM' 57 32
2021-12-23 21:00:51,771 (DEBUG): STREAM b'bKGD' 101 2
2021-12-23 21:00:51,771 (DEBUG): b'bKGD' 101 2 (unknown)
2021-12-23 21:00:51,771 (DEBUG): STREAM b'tIME' 115 7
2021-12-23 21:00:51,771 (DEBUG): b'tIME' 115 7 (unknown)
2021-12-23 21:00:51,771 (DEBUG): STREAM b'IDAT' 134 32768
2021-12-23 21:00:51,786 (DEBUG): STREAM b'IHDR' 16 13
2021-12-23 21:00:51,786 (DEBUG): STREAM b'gAMA' 41 4
2021-12-23 21:00:51,786 (DEBUG): STREAM b'cHRM' 57 32
2021-12-23 21:00:51,786 (DEBUG): STREAM b'bKGD' 101 2
2021-12-23 21:00:51,786 (DEBUG): b'bKGD' 101 2 (unknown)
2021-12-23 21:00:51,786 (DEBUG): STREAM b'tIME' 115 7
2021-12-23 21:00:51,786 (DEBUG): b'tIME' 115 7 (unknown)
2021-12-23 21:00:51,786 (DEBUG): STREAM b'IDAT' 134 32768
2021-12-23 21:00:51,798 (DEBUG): STREAM b'IHDR' 16 13
2021-12-23 21:00:51,798 (DEBUG): STREAM b'gAMA' 41 4
2021-12-23 21:00:51,799 (DEBUG): STREAM b'cHRM' 57 32
2021-12-23 21:00:51,799 (DEBUG): STREAM b'bKGD' 101 2
2021-12-23 21:00:51,799 (DEBUG): b'bKGD' 101 2 (unknown)
2021-12-23 21:00:51,799 (DEBUG): STREAM b'tIME' 115 7
2021-12-23 21:00:51,799 (DEBUG): b'tIME' 115 7 (unknown)
2021-12-23 21:00:51,799 (DEBUG): STREAM b'IDAT' 134 32768
2021-12-23 21:00:51,811 (DEBUG): STREAM b'IHDR' 16 13
2021-12-23 21:00:51,812 (DEBUG): STREAM b'gAMA' 41 4
2021-12-23 21:00:51,812 (DEBUG): STREAM b'cHRM' 57 32
2021-12-23 21:00:51,812 (DEBUG): STREAM b'bKGD' 101 2
2021-12-23 21:00:51,812 (DEBUG): b'bKGD' 101 2 (unknown)
2021-12-23 21:00:51,812 (DEBUG): STREAM b'tIME' 115 7
2021-12-23 21:00:51,812 (DEBUG): b'tIME' 115 7 (unknown)
2021-12-23 21:00:51,812 (DEBUG): STREAM b'IDAT' 134 32768
2021-12-23 21:00:51,824 (DEBUG): STREAM b'IHDR' 16 13
2021-12-23 21:00:51,825 (DEBUG): STREAM b'gAMA' 41 4
2021-12-23 21:00:51,825 (DEBUG): STREAM b'cHRM' 57 32
2021-12-23 21:00:51,825 (DEBUG): STREAM b'bKGD' 101 2
2021-12-23 21:00:51,825 (DEBUG): b'bKGD' 101 2 (unknown)
2021-12-23 21:00:51,825 (DEBUG): STREAM b'tIME' 115 7
2021-12-23 21:00:51,825 (DEBUG): b'tIME' 115 7 (unknown)
2021-12-23 21:00:51,825 (DEBUG): STREAM b'IDAT' 134 32768
2021-12-23 21:00:51,839 (DEBUG): STREAM b'IHDR' 16 13
2021-12-23 21:00:51,839 (DEBUG): STREAM b'gAMA' 41 4
2021-12-23 21:00:51,839 (DEBUG): STREAM b'cHRM' 57 32
2021-12-23 21:00:51,839 (DEBUG): STREAM b'bKGD' 101 2
2021-12-23 21:00:51,839 (DEBUG): b'bKGD' 101 2 (unknown)
2021-12-23 21:00:51,839 (DEBUG): STREAM b'tIME' 115 7
2021-12-23 21:00:51,839 (DEBUG): b'tIME' 115 7 (unknown)
2021-12-23 21:00:51,839 (DEBUG): STREAM b'IDAT' 134 32768
2021-12-23 21:00:51,852 (DEBUG): STREAM b'IHDR' 16 13
2021-12-23 21:00:51,852 (DEBUG): STREAM b'gAMA' 41 4
2021-12-23 21:00:51,852 (DEBUG): STREAM b'cHRM' 57 32
2021-12-23 21:00:51,852 (DEBUG): STREAM b'bKGD' 101 2
2021-12-23 21:00:51,852 (DEBUG): b'bKGD' 101 2 (unknown)
2021-12-23 21:00:51,852 (DEBUG): STREAM b'tIME' 115 7
2021-12-23 21:00:51,852 (DEBUG): b'tIME' 115 7 (unknown)
2021-12-23 21:00:51,852 (DEBUG): STREAM b'IDAT' 134 32768
2021-12-23 21:00:51,865 (DEBUG): STREAM b'IHDR' 16 13
2021-12-23 21:00:51,865 (DEBUG): STREAM b'gAMA' 41 4
2021-12-23 21:00:51,865 (DEBUG): STREAM b'cHRM' 57 32
2021-12-23 21:00:51,865 (DEBUG): STREAM b'bKGD' 101 2
2021-12-23 21:00:51,865 (DEBUG): b'bKGD' 101 2 (unknown)
2021-12-23 21:00:51,865 (DEBUG): STREAM b'tIME' 115 7
2021-12-23 21:00:51,865 (DEBUG): b'tIME' 115 7 (unknown)
2021-12-23 21:00:51,865 (DEBUG): STREAM b'IDAT' 134 32768
2021-12-23 21:00:51,877 (DEBUG): STREAM b'IHDR' 16 13
2021-12-23 21:00:51,877 (DEBUG): STREAM b'gAMA' 41 4
2021-12-23 21:00:51,877 (DEBUG): STREAM b'cHRM' 57 32
2021-12-23 21:00:51,878 (DEBUG): STREAM b'bKGD' 101 2
2021-12-23 21:00:51,878 (DEBUG): b'bKGD' 101 2 (unknown)
2021-12-23 21:00:51,878 (DEBUG): STREAM b'tIME' 115 7
2021-12-23 21:00:51,878 (DEBUG): b'tIME' 115 7 (unknown)
2021-12-23 21:00:51,878 (DEBUG): STREAM b'IDAT' 134 32768
2021-12-23 21:00:51,891 (DEBUG): STREAM b'IHDR' 16 13
2021-12-23 21:00:51,891 (DEBUG): STREAM b'gAMA' 41 4
2021-12-23 21:00:51,891 (DEBUG): STREAM b'cHRM' 57 32
2021-12-23 21:00:51,891 (DEBUG): STREAM b'bKGD' 101 2
2021-12-23 21:00:51,891 (DEBUG): b'bKGD' 101 2 (unknown)
2021-12-23 21:00:51,891 (DEBUG): STREAM b'tIME' 115 7
2021-12-23 21:00:51,891 (DEBUG): b'tIME' 115 7 (unknown)
2021-12-23 21:00:51,892 (DEBUG): STREAM b'IDAT' 134 32768
2021-12-23 21:00:51,905 (DEBUG): STREAM b'IHDR' 16 13
2021-12-23 21:00:51,905 (DEBUG): STREAM b'gAMA' 41 4
2021-12-23 21:00:51,905 (DEBUG): STREAM b'cHRM' 57 32
2021-12-23 21:00:51,905 (DEBUG): STREAM b'bKGD' 101 2
2021-12-23 21:00:51,905 (DEBUG): b'bKGD' 101 2 (unknown)
2021-12-23 21:00:51,905 (DEBUG): STREAM b'tIME' 115 7
2021-12-23 21:00:51,905 (DEBUG): b'tIME' 115 7 (unknown)
2021-12-23 21:00:51,905 (DEBUG): STREAM b'IDAT' 134 32768
2021-12-23 21:00:51,918 (DEBUG): STREAM b'IHDR' 16 13
2021-12-23 21:00:51,918 (DEBUG): STREAM b'gAMA' 41 4
2021-12-23 21:00:51,918 (DEBUG): STREAM b'cHRM' 57 32
2021-12-23 21:00:51,918 (DEBUG): STREAM b'bKGD' 101 2
2021-12-23 21:00:51,918 (DEBUG): b'bKGD' 101 2 (unknown)
2021-12-23 21:00:51,918 (DEBUG): STREAM b'tIME' 115 7
2021-12-23 21:00:51,918 (DEBUG): b'tIME' 115 7 (unknown)
2021-12-23 21:00:51,918 (DEBUG): STREAM b'IDAT' 134 32768
2021-12-23 21:00:51,931 (DEBUG): STREAM b'IHDR' 16 13
2021-12-23 21:00:51,931 (DEBUG): STREAM b'gAMA' 41 4
2021-12-23 21:00:51,931 (DEBUG): STREAM b'cHRM' 57 32
2021-12-23 21:00:51,931 (DEBUG): STREAM b'bKGD' 101 2
2021-12-23 21:00:51,931 (DEBUG): b'bKGD' 101 2 (unknown)
2021-12-23 21:00:51,931 (DEBUG): STREAM b'tIME' 115 7
2021-12-23 21:00:51,931 (DEBUG): b'tIME' 115 7 (unknown)
2021-12-23 21:00:51,931 (DEBUG): STREAM b'IDAT' 134 32768
2021-12-23 21:00:51,963 (DEBUG): STREAM b'IHDR' 16 13
2021-12-23 21:00:51,963 (DEBUG): STREAM b'gAMA' 41 4
2021-12-23 21:00:51,963 (DEBUG): STREAM b'cHRM' 57 32
2021-12-23 21:00:51,963 (DEBUG): STREAM b'bKGD' 101 2
2021-12-23 21:00:51,963 (DEBUG): b'bKGD' 101 2 (unknown)
2021-12-23 21:00:51,963 (DEBUG): STREAM b'tIME' 115 7
2021-12-23 21:00:51,963 (DEBUG): b'tIME' 115 7 (unknown)
2021-12-23 21:00:51,963 (DEBUG): STREAM b'IDAT' 134 32768
2021-12-23 21:00:51,976 (DEBUG): STREAM b'IHDR' 16 13
2021-12-23 21:00:51,976 (DEBUG): STREAM b'gAMA' 41 4
2021-12-23 21:00:51,976 (DEBUG): STREAM b'cHRM' 57 32
2021-12-23 21:00:51,976 (DEBUG): STREAM b'bKGD' 101 2
2021-12-23 21:00:51,976 (DEBUG): b'bKGD' 101 2 (unknown)
2021-12-23 21:00:51,976 (DEBUG): STREAM b'tIME' 115 7
2021-12-23 21:00:51,976 (DEBUG): b'tIME' 115 7 (unknown)
2021-12-23 21:00:51,976 (DEBUG): STREAM b'IDAT' 134 32768
2021-12-23 21:00:51,989 (DEBUG): STREAM b'IHDR' 16 13
2021-12-23 21:00:51,989 (DEBUG): STREAM b'gAMA' 41 4
2021-12-23 21:00:51,989 (DEBUG): STREAM b'cHRM' 57 32
2021-12-23 21:00:51,989 (DEBUG): STREAM b'bKGD' 101 2
2021-12-23 21:00:51,989 (DEBUG): b'bKGD' 101 2 (unknown)
2021-12-23 21:00:51,989 (DEBUG): STREAM b'tIME' 115 7
2021-12-23 21:00:51,989 (DEBUG): b'tIME' 115 7 (unknown)
2021-12-23 21:00:51,989 (DEBUG): STREAM b'IDAT' 134 32768
2021-12-23 21:00:52,002 (DEBUG): STREAM b'IHDR' 16 13
2021-12-23 21:00:52,002 (DEBUG): STREAM b'gAMA' 41 4
2021-12-23 21:00:52,002 (DEBUG): STREAM b'cHRM' 57 32
2021-12-23 21:00:52,002 (DEBUG): STREAM b'bKGD' 101 2
2021-12-23 21:00:52,002 (DEBUG): b'bKGD' 101 2 (unknown)
2021-12-23 21:00:52,002 (DEBUG): STREAM b'tIME' 115 7
2021-12-23 21:00:52,002 (DEBUG): b'tIME' 115 7 (unknown)
2021-12-23 21:00:52,002 (DEBUG): STREAM b'IDAT' 134 32768
2021-12-23 21:00:52,053 (DEBUG): STREAM b'IHDR' 16 13
2021-12-23 21:00:52,053 (DEBUG): STREAM b'gAMA' 41 4
2021-12-23 21:00:52,053 (DEBUG): STREAM b'cHRM' 57 32
2021-12-23 21:00:52,054 (DEBUG): STREAM b'bKGD' 101 2
2021-12-23 21:00:52,054 (DEBUG): b'bKGD' 101 2 (unknown)
2021-12-23 21:00:52,054 (DEBUG): STREAM b'tIME' 115 7
2021-12-23 21:00:52,054 (DEBUG): b'tIME' 115 7 (unknown)
2021-12-23 21:00:52,054 (DEBUG): STREAM b'IDAT' 134 32768
2021-12-23 21:00:52,066 (DEBUG): STREAM b'IHDR' 16 13
2021-12-23 21:00:52,066 (DEBUG): STREAM b'gAMA' 41 4
2021-12-23 21:00:52,066 (DEBUG): STREAM b'cHRM' 57 32
2021-12-23 21:00:52,066 (DEBUG): STREAM b'bKGD' 101 2
2021-12-23 21:00:52,066 (DEBUG): b'bKGD' 101 2 (unknown)
2021-12-23 21:00:52,066 (DEBUG): STREAM b'tIME' 115 7
2021-12-23 21:00:52,066 (DEBUG): b'tIME' 115 7 (unknown)
2021-12-23 21:00:52,066 (DEBUG): STREAM b'IDAT' 134 32768
2021-12-23 21:00:52,079 (DEBUG): STREAM b'IHDR' 16 13
2021-12-23 21:00:52,079 (DEBUG): STREAM b'gAMA' 41 4
2021-12-23 21:00:52,079 (DEBUG): STREAM b'cHRM' 57 32
2021-12-23 21:00:52,079 (DEBUG): STREAM b'bKGD' 101 2
2021-12-23 21:00:52,079 (DEBUG): b'bKGD' 101 2 (unknown)
2021-12-23 21:00:52,079 (DEBUG): STREAM b'tIME' 115 7
2021-12-23 21:00:52,079 (DEBUG): b'tIME' 115 7 (unknown)
2021-12-23 21:00:52,079 (DEBUG): STREAM b'IDAT' 134 32768
2021-12-23 21:00:52,092 (DEBUG): STREAM b'IHDR' 16 13
2021-12-23 21:00:52,092 (DEBUG): STREAM b'gAMA' 41 4
2021-12-23 21:00:52,092 (DEBUG): STREAM b'cHRM' 57 32
2021-12-23 21:00:52,092 (DEBUG): STREAM b'bKGD' 101 2
2021-12-23 21:00:52,092 (DEBUG): b'bKGD' 101 2 (unknown)
2021-12-23 21:00:52,092 (DEBUG): STREAM b'tIME' 115 7
2021-12-23 21:00:52,093 (DEBUG): b'tIME' 115 7 (unknown)
2021-12-23 21:00:52,093 (DEBUG): STREAM b'IDAT' 134 32768
2021-12-23 21:00:52,110 (DEBUG): STREAM b'IHDR' 16 13
2021-12-23 21:00:52,110 (DEBUG): STREAM b'gAMA' 41 4
2021-12-23 21:00:52,110 (DEBUG): STREAM b'cHRM' 57 32
2021-12-23 21:00:52,110 (DEBUG): STREAM b'bKGD' 101 2
2021-12-23 21:00:52,110 (DEBUG): b'bKGD' 101 2 (unknown)
2021-12-23 21:00:52,110 (DEBUG): STREAM b'tIME' 115 7
2021-12-23 21:00:52,110 (DEBUG): b'tIME' 115 7 (unknown)
2021-12-23 21:00:52,110 (DEBUG): STREAM b'IDAT' 134 32768
2021-12-23 21:00:52,136 (DEBUG): STREAM b'IHDR' 16 13
2021-12-23 21:00:52,136 (DEBUG): STREAM b'gAMA' 41 4
2021-12-23 21:00:52,136 (DEBUG): STREAM b'cHRM' 57 32
2021-12-23 21:00:52,136 (DEBUG): STREAM b'bKGD' 101 2
2021-12-23 21:00:52,136 (DEBUG): b'bKGD' 101 2 (unknown)
2021-12-23 21:00:52,136 (DEBUG): STREAM b'tIME' 115 7
2021-12-23 21:00:52,136 (DEBUG): b'tIME' 115 7 (unknown)
2021-12-23 21:00:52,136 (DEBUG): STREAM b'IDAT' 134 32768
2021-12-23 21:00:52,150 (DEBUG): STREAM b'IHDR' 16 13
2021-12-23 21:00:52,150 (DEBUG): STREAM b'gAMA' 41 4
2021-12-23 21:00:52,150 (DEBUG): STREAM b'cHRM' 57 32
2021-12-23 21:00:52,150 (DEBUG): STREAM b'bKGD' 101 2
2021-12-23 21:00:52,150 (DEBUG): b'bKGD' 101 2 (unknown)
2021-12-23 21:00:52,150 (DEBUG): STREAM b'tIME' 115 7
2021-12-23 21:00:52,150 (DEBUG): b'tIME' 115 7 (unknown)
2021-12-23 21:00:52,150 (DEBUG): STREAM b'IDAT' 134 32768
2021-12-23 21:00:52,189 (DEBUG): STREAM b'IHDR' 16 13
2021-12-23 21:00:52,189 (DEBUG): STREAM b'gAMA' 41 4
2021-12-23 21:00:52,189 (DEBUG): STREAM b'cHRM' 57 32
2021-12-23 21:00:52,189 (DEBUG): STREAM b'bKGD' 101 2
2021-12-23 21:00:52,189 (DEBUG): b'bKGD' 101 2 (unknown)
2021-12-23 21:00:52,189 (DEBUG): STREAM b'tIME' 115 7
2021-12-23 21:00:52,189 (DEBUG): b'tIME' 115 7 (unknown)
2021-12-23 21:00:52,189 (DEBUG): STREAM b'IDAT' 134 32768
