2021-12-24 12:20:22,094 (INFO): Log Path: D:\Source_Code\Python ++\02. updateComic\log\debug-20211224-1220.22.log
2021-12-24 12:20:24,123 (INFO): Currently Processing image
2021-12-24 12:20:24,125 (INFO): Processing Titles ...
2021-12-24 12:20:24,187 (DEBUG): Get Info from structure: (2t+=sakusei toshi elosion)
2021-12-24 12:20:24,197 (DEBUG): Get Info from structure: (a-10+=koukai tanetsuke hentai koubi 2)
2021-12-24 12:20:24,206 (DEBUG): Get Info from structure: (Abubu+=Kinjo no Onnatachi ga Nazeka Ore no Ie no Furo ni Hairi ni Kuru Ken)
2021-12-24 12:20:24,217 (DEBUG): Get Info from structure: (abubu+=npc kan mod)
2021-12-24 12:20:24,231 (DEBUG): Get Info from structure: (agobitch nee-san+=Hataraku Onee-san-tachi ~Mikonritsu no Takai Machi de Hataraku Tokoya no Onee-san ni Okuchi de Shiborareru~)
2021-12-24 12:20:24,243 (DEBUG): Get Info from structure: (agobitch nee-san+=Seifuku Bishoujo)
2021-12-24 12:20:24,253 (DEBUG): Get Info from structure: (ahemaru+=slave the blood)
2021-12-24 12:20:24,265 (DEBUG): Get Info from structure: (amano ameno+=Jabami Yumeko Hentai Koushuu Benjo Tantsubo Nikubenki Onna)
2021-12-24 12:20:24,276 (DEBUG): Get Info from structure: (amano ameno+=Kyonyuu Onna Joushi Saimin Nikuningyou)
2021-12-24 12:20:24,289 (DEBUG): Get Info from structure: (Ameyama Denshin+=Stories)
2021-12-24 12:20:24,301 (DEBUG): Get Info from structure: (Arai Kei+=Boku No Kanojo)
2021-12-24 12:20:24,314 (DEBUG): Get Info from structure: (arai kei+=Boku Wa Kanojo No Namae Mo Shiranai)
2021-12-24 12:20:24,324 (DEBUG): Get Info from structure: (arai kei+=hougan kanojo)
2021-12-24 12:20:24,335 (DEBUG): Get Info from structure: (arai kei+=Stories)
2021-12-24 12:20:24,346 (DEBUG): Get Info from structure: (Arai Taiki+=Kahanshin Daiichi Shugi)
2021-12-24 12:20:24,356 (DEBUG): Get Info from structure: (arai taiki+=ochita yume no naka de)
2021-12-24 12:20:24,368 (DEBUG): Get Info from structure: (Arai Taiki+=Stories)
2021-12-24 12:20:24,377 (DEBUG): Get Info from structure: (aroma sensei+=Gwen)
2021-12-24 12:20:24,389 (DEBUG): Get Info from structure: (aroma sensei+=what's going on here)
2021-12-24 12:20:24,400 (DEBUG): Get Info from structure: (asanagi+=Stories)
2021-12-24 12:20:24,410 (DEBUG): Get Info from structure: (BeNantoka+=Stories)
2021-12-24 12:20:24,422 (DEBUG): Get Info from structure: (Bonske+=Arawareta Chijo wa Toshishita Kui no Scatolo Hentai deshita)
2021-12-24 12:20:24,431 (DEBUG): Get Info from structure: (bonske+=sono kuchi to shita de subete o uketomenasai)
2021-12-24 12:20:24,441 (DEBUG): Get Info from structure: (Dokurosan+=Stories)
2021-12-24 12:20:24,451 (DEBUG): Get Info from structure: (Enokido+=Stories)
2021-12-24 12:20:24,459 (DEBUG): Get Info from structure: (freehand tamashii+=aorare tsuma)
2021-12-24 12:20:24,469 (DEBUG): Get Info from structure: (freehand tamashii+=Incha No Oi Ga Yaritai Oba-san)
2021-12-24 12:20:24,478 (DEBUG): Get Info from structure: (freehand tamashii+=Isourou Saki No Obasan Ni Hameru!)
2021-12-24 12:20:24,488 (DEBUG): Get Info from structure: (freehand tamashii+=Stories)
2021-12-24 12:20:24,498 (DEBUG): Get Info from structure: (freehand tamashii+=Toiu Wake De, Kaa-san-tachi To Yattemita)
2021-12-24 12:20:24,508 (DEBUG): Get Info from structure: (freehand tamasshii+=Shin Mama O Netoruze!)
2021-12-24 12:20:24,518 (DEBUG): Get Info from structure: (gonza+=av mama)
2021-12-24 12:20:24,529 (DEBUG): Get Info from structure: (gonza+=matching appli)
2021-12-24 12:20:24,541 (DEBUG): Get Info from structure: (Gonza+=Mayonaka No Haha)
2021-12-24 12:20:24,555 (DEBUG): Get Info from structure: (gonza+=my three horny moms)
2021-12-24 12:20:24,568 (DEBUG): Get Info from structure: (gonza+=Nonfiction ~boshi Soukan No Kioku~)
2021-12-24 12:20:24,579 (DEBUG): Get Info from structure: (gonza+=stories)
2021-12-24 12:20:24,593 (DEBUG): Get Info from structure: (mizone+=Ajin Iryou Sougou Center e Youkoso!)
2021-12-24 12:20:24,605 (DEBUG): Get Info from structure: (mizone+=Jikyuu 1500 yen!! Gyogyou o Tetsudau Kantan na Oshigoto desu)
2021-12-24 12:20:24,617 (DEBUG): Get Info from structure: (mizone+=Kindan no Shohousen)
2021-12-24 12:20:24,626 (DEBUG): Get Info from structure: (mizone+=monster romance)
2021-12-24 12:20:24,638 (DEBUG): Get Info from structure: (mizone+=monster smash)
2021-12-24 12:20:24,650 (DEBUG): Get Info from structure: (mizone+=Otherworldly Maidens Series)
2021-12-24 12:20:24,660 (DEBUG): Get Info from structure: (mizone+=stories)
2021-12-24 12:20:24,670 (DEBUG): Get Info from structure: (mizone+=Zasshoku Yuusha)
2021-12-24 12:20:24,679 (DEBUG): Get Info from structure: (Tsusauto+=Jichikai no Hitozuma wa Totemo Ecchi deshita)
2021-12-24 12:20:24,689 (INFO): Processing Chapters / Episodes ...
2021-12-24 12:20:24,815 (INFO): Processing Chapters & Pages ... 
2021-12-24 12:21:07,623 (DEBUG): STREAM b'IHDR' 16 13
2021-12-24 12:21:07,623 (DEBUG): STREAM b'gAMA' 41 4
2021-12-24 12:21:07,623 (DEBUG): STREAM b'cHRM' 57 32
2021-12-24 12:21:07,624 (DEBUG): STREAM b'bKGD' 101 2
2021-12-24 12:21:07,624 (DEBUG): b'bKGD' 101 2 (unknown)
2021-12-24 12:21:07,624 (DEBUG): STREAM b'tIME' 115 7
2021-12-24 12:21:07,624 (DEBUG): b'tIME' 115 7 (unknown)
2021-12-24 12:21:07,624 (DEBUG): STREAM b'IDAT' 134 32768
2021-12-24 12:21:07,638 (DEBUG): STREAM b'IHDR' 16 13
2021-12-24 12:21:07,638 (DEBUG): STREAM b'gAMA' 41 4
2021-12-24 12:21:07,638 (DEBUG): STREAM b'cHRM' 57 32
2021-12-24 12:21:07,638 (DEBUG): STREAM b'bKGD' 101 2
2021-12-24 12:21:07,638 (DEBUG): b'bKGD' 101 2 (unknown)
2021-12-24 12:21:07,638 (DEBUG): STREAM b'tIME' 115 7
2021-12-24 12:21:07,638 (DEBUG): b'tIME' 115 7 (unknown)
2021-12-24 12:21:07,638 (DEBUG): STREAM b'IDAT' 134 32768
2021-12-24 12:21:07,658 (DEBUG): STREAM b'IHDR' 16 13
2021-12-24 12:21:07,658 (DEBUG): STREAM b'gAMA' 41 4
2021-12-24 12:21:07,658 (DEBUG): STREAM b'cHRM' 57 32
2021-12-24 12:21:07,659 (DEBUG): STREAM b'bKGD' 101 2
2021-12-24 12:21:07,659 (DEBUG): b'bKGD' 101 2 (unknown)
2021-12-24 12:21:07,659 (DEBUG): STREAM b'tIME' 115 7
2021-12-24 12:21:07,659 (DEBUG): b'tIME' 115 7 (unknown)
2021-12-24 12:21:07,659 (DEBUG): STREAM b'IDAT' 134 32768
2021-12-24 12:21:07,671 (DEBUG): STREAM b'IHDR' 16 13
2021-12-24 12:21:07,672 (DEBUG): STREAM b'gAMA' 41 4
2021-12-24 12:21:07,672 (DEBUG): STREAM b'cHRM' 57 32
2021-12-24 12:21:07,672 (DEBUG): STREAM b'bKGD' 101 2
2021-12-24 12:21:07,672 (DEBUG): b'bKGD' 101 2 (unknown)
2021-12-24 12:21:07,672 (DEBUG): STREAM b'tIME' 115 7
2021-12-24 12:21:07,672 (DEBUG): b'tIME' 115 7 (unknown)
2021-12-24 12:21:07,672 (DEBUG): STREAM b'IDAT' 134 32768
2021-12-24 12:21:07,695 (DEBUG): STREAM b'IHDR' 16 13
2021-12-24 12:21:07,695 (DEBUG): STREAM b'gAMA' 41 4
2021-12-24 12:21:07,695 (DEBUG): STREAM b'cHRM' 57 32
2021-12-24 12:21:07,695 (DEBUG): STREAM b'bKGD' 101 2
2021-12-24 12:21:07,695 (DEBUG): b'bKGD' 101 2 (unknown)
2021-12-24 12:21:07,695 (DEBUG): STREAM b'tIME' 115 7
2021-12-24 12:21:07,695 (DEBUG): b'tIME' 115 7 (unknown)
2021-12-24 12:21:07,695 (DEBUG): STREAM b'IDAT' 134 32768
2021-12-24 12:21:07,708 (DEBUG): STREAM b'IHDR' 16 13
2021-12-24 12:21:07,708 (DEBUG): STREAM b'gAMA' 41 4
2021-12-24 12:21:07,708 (DEBUG): STREAM b'cHRM' 57 32
2021-12-24 12:21:07,708 (DEBUG): STREAM b'bKGD' 101 2
2021-12-24 12:21:07,708 (DEBUG): b'bKGD' 101 2 (unknown)
2021-12-24 12:21:07,708 (DEBUG): STREAM b'tIME' 115 7
2021-12-24 12:21:07,708 (DEBUG): b'tIME' 115 7 (unknown)
2021-12-24 12:21:07,708 (DEBUG): STREAM b'IDAT' 134 32768
2021-12-24 12:21:07,724 (DEBUG): STREAM b'IHDR' 16 13
2021-12-24 12:21:07,724 (DEBUG): STREAM b'gAMA' 41 4
2021-12-24 12:21:07,725 (DEBUG): STREAM b'cHRM' 57 32
2021-12-24 12:21:07,725 (DEBUG): STREAM b'bKGD' 101 2
2021-12-24 12:21:07,725 (DEBUG): b'bKGD' 101 2 (unknown)
2021-12-24 12:21:07,725 (DEBUG): STREAM b'tIME' 115 7
2021-12-24 12:21:07,725 (DEBUG): b'tIME' 115 7 (unknown)
2021-12-24 12:21:07,725 (DEBUG): STREAM b'IDAT' 134 32768
2021-12-24 12:21:07,740 (DEBUG): STREAM b'IHDR' 16 13
2021-12-24 12:21:07,740 (DEBUG): STREAM b'gAMA' 41 4
2021-12-24 12:21:07,740 (DEBUG): STREAM b'cHRM' 57 32
2021-12-24 12:21:07,740 (DEBUG): STREAM b'bKGD' 101 2
2021-12-24 12:21:07,740 (DEBUG): b'bKGD' 101 2 (unknown)
2021-12-24 12:21:07,740 (DEBUG): STREAM b'tIME' 115 7
2021-12-24 12:21:07,740 (DEBUG): b'tIME' 115 7 (unknown)
2021-12-24 12:21:07,740 (DEBUG): STREAM b'IDAT' 134 32768
2021-12-24 12:21:07,753 (DEBUG): STREAM b'IHDR' 16 13
2021-12-24 12:21:07,753 (DEBUG): STREAM b'gAMA' 41 4
2021-12-24 12:21:07,753 (DEBUG): STREAM b'cHRM' 57 32
2021-12-24 12:21:07,754 (DEBUG): STREAM b'bKGD' 101 2
2021-12-24 12:21:07,754 (DEBUG): b'bKGD' 101 2 (unknown)
2021-12-24 12:21:07,754 (DEBUG): STREAM b'tIME' 115 7
2021-12-24 12:21:07,754 (DEBUG): b'tIME' 115 7 (unknown)
2021-12-24 12:21:07,754 (DEBUG): STREAM b'IDAT' 134 32768
2021-12-24 12:21:07,767 (DEBUG): STREAM b'IHDR' 16 13
2021-12-24 12:21:07,767 (DEBUG): STREAM b'gAMA' 41 4
2021-12-24 12:21:07,767 (DEBUG): STREAM b'cHRM' 57 32
2021-12-24 12:21:07,767 (DEBUG): STREAM b'bKGD' 101 2
2021-12-24 12:21:07,767 (DEBUG): b'bKGD' 101 2 (unknown)
2021-12-24 12:21:07,767 (DEBUG): STREAM b'tIME' 115 7
2021-12-24 12:21:07,767 (DEBUG): b'tIME' 115 7 (unknown)
2021-12-24 12:21:07,767 (DEBUG): STREAM b'IDAT' 134 32768
2021-12-24 12:21:07,782 (DEBUG): STREAM b'IHDR' 16 13
2021-12-24 12:21:07,782 (DEBUG): STREAM b'gAMA' 41 4
2021-12-24 12:21:07,782 (DEBUG): STREAM b'cHRM' 57 32
2021-12-24 12:21:07,782 (DEBUG): STREAM b'bKGD' 101 2
2021-12-24 12:21:07,782 (DEBUG): b'bKGD' 101 2 (unknown)
2021-12-24 12:21:07,782 (DEBUG): STREAM b'tIME' 115 7
2021-12-24 12:21:07,782 (DEBUG): b'tIME' 115 7 (unknown)
2021-12-24 12:21:07,782 (DEBUG): STREAM b'IDAT' 134 32768
2021-12-24 12:21:07,796 (DEBUG): STREAM b'IHDR' 16 13
2021-12-24 12:21:07,796 (DEBUG): STREAM b'gAMA' 41 4
2021-12-24 12:21:07,796 (DEBUG): STREAM b'cHRM' 57 32
2021-12-24 12:21:07,796 (DEBUG): STREAM b'bKGD' 101 2
2021-12-24 12:21:07,796 (DEBUG): b'bKGD' 101 2 (unknown)
2021-12-24 12:21:07,796 (DEBUG): STREAM b'tIME' 115 7
2021-12-24 12:21:07,796 (DEBUG): b'tIME' 115 7 (unknown)
2021-12-24 12:21:07,796 (DEBUG): STREAM b'IDAT' 134 32768
2021-12-24 12:21:07,812 (DEBUG): STREAM b'IHDR' 16 13
2021-12-24 12:21:07,812 (DEBUG): STREAM b'gAMA' 41 4
2021-12-24 12:21:07,812 (DEBUG): STREAM b'cHRM' 57 32
2021-12-24 12:21:07,812 (DEBUG): STREAM b'bKGD' 101 2
2021-12-24 12:21:07,812 (DEBUG): b'bKGD' 101 2 (unknown)
2021-12-24 12:21:07,813 (DEBUG): STREAM b'tIME' 115 7
2021-12-24 12:21:07,813 (DEBUG): b'tIME' 115 7 (unknown)
2021-12-24 12:21:07,813 (DEBUG): STREAM b'IDAT' 134 32768
2021-12-24 12:21:07,826 (DEBUG): STREAM b'IHDR' 16 13
2021-12-24 12:21:07,826 (DEBUG): STREAM b'gAMA' 41 4
2021-12-24 12:21:07,826 (DEBUG): STREAM b'cHRM' 57 32
2021-12-24 12:21:07,826 (DEBUG): STREAM b'bKGD' 101 2
2021-12-24 12:21:07,826 (DEBUG): b'bKGD' 101 2 (unknown)
2021-12-24 12:21:07,827 (DEBUG): STREAM b'tIME' 115 7
2021-12-24 12:21:07,827 (DEBUG): b'tIME' 115 7 (unknown)
2021-12-24 12:21:07,827 (DEBUG): STREAM b'IDAT' 134 32768
2021-12-24 12:21:07,840 (DEBUG): STREAM b'IHDR' 16 13
2021-12-24 12:21:07,840 (DEBUG): STREAM b'gAMA' 41 4
2021-12-24 12:21:07,840 (DEBUG): STREAM b'cHRM' 57 32
2021-12-24 12:21:07,840 (DEBUG): STREAM b'bKGD' 101 2
2021-12-24 12:21:07,840 (DEBUG): b'bKGD' 101 2 (unknown)
2021-12-24 12:21:07,840 (DEBUG): STREAM b'tIME' 115 7
2021-12-24 12:21:07,840 (DEBUG): b'tIME' 115 7 (unknown)
2021-12-24 12:21:07,840 (DEBUG): STREAM b'IDAT' 134 32768
2021-12-24 12:21:07,856 (DEBUG): STREAM b'IHDR' 16 13
2021-12-24 12:21:07,856 (DEBUG): STREAM b'gAMA' 41 4
2021-12-24 12:21:07,856 (DEBUG): STREAM b'cHRM' 57 32
2021-12-24 12:21:07,856 (DEBUG): STREAM b'bKGD' 101 2
2021-12-24 12:21:07,856 (DEBUG): b'bKGD' 101 2 (unknown)
2021-12-24 12:21:07,856 (DEBUG): STREAM b'tIME' 115 7
2021-12-24 12:21:07,856 (DEBUG): b'tIME' 115 7 (unknown)
2021-12-24 12:21:07,856 (DEBUG): STREAM b'IDAT' 134 32768
2021-12-24 12:21:07,891 (DEBUG): STREAM b'IHDR' 16 13
2021-12-24 12:21:07,891 (DEBUG): STREAM b'gAMA' 41 4
2021-12-24 12:21:07,891 (DEBUG): STREAM b'cHRM' 57 32
2021-12-24 12:21:07,891 (DEBUG): STREAM b'bKGD' 101 2
2021-12-24 12:21:07,892 (DEBUG): b'bKGD' 101 2 (unknown)
2021-12-24 12:21:07,892 (DEBUG): STREAM b'tIME' 115 7
2021-12-24 12:21:07,892 (DEBUG): b'tIME' 115 7 (unknown)
2021-12-24 12:21:07,892 (DEBUG): STREAM b'IDAT' 134 32768
2021-12-24 12:21:07,908 (DEBUG): STREAM b'IHDR' 16 13
2021-12-24 12:21:07,908 (DEBUG): STREAM b'gAMA' 41 4
2021-12-24 12:21:07,908 (DEBUG): STREAM b'cHRM' 57 32
2021-12-24 12:21:07,908 (DEBUG): STREAM b'bKGD' 101 2
2021-12-24 12:21:07,908 (DEBUG): b'bKGD' 101 2 (unknown)
2021-12-24 12:21:07,908 (DEBUG): STREAM b'tIME' 115 7
2021-12-24 12:21:07,908 (DEBUG): b'tIME' 115 7 (unknown)
2021-12-24 12:21:07,908 (DEBUG): STREAM b'IDAT' 134 32768
2021-12-24 12:21:07,924 (DEBUG): STREAM b'IHDR' 16 13
2021-12-24 12:21:07,924 (DEBUG): STREAM b'gAMA' 41 4
2021-12-24 12:21:07,924 (DEBUG): STREAM b'cHRM' 57 32
2021-12-24 12:21:07,924 (DEBUG): STREAM b'bKGD' 101 2
2021-12-24 12:21:07,924 (DEBUG): b'bKGD' 101 2 (unknown)
2021-12-24 12:21:07,924 (DEBUG): STREAM b'tIME' 115 7
2021-12-24 12:21:07,924 (DEBUG): b'tIME' 115 7 (unknown)
2021-12-24 12:21:07,924 (DEBUG): STREAM b'IDAT' 134 32768
2021-12-24 12:21:07,941 (DEBUG): STREAM b'IHDR' 16 13
2021-12-24 12:21:07,941 (DEBUG): STREAM b'gAMA' 41 4
2021-12-24 12:21:07,941 (DEBUG): STREAM b'cHRM' 57 32
2021-12-24 12:21:07,941 (DEBUG): STREAM b'bKGD' 101 2
2021-12-24 12:21:07,941 (DEBUG): b'bKGD' 101 2 (unknown)
2021-12-24 12:21:07,941 (DEBUG): STREAM b'tIME' 115 7
2021-12-24 12:21:07,941 (DEBUG): b'tIME' 115 7 (unknown)
2021-12-24 12:21:07,941 (DEBUG): STREAM b'IDAT' 134 32768
2021-12-24 12:21:08,001 (DEBUG): STREAM b'IHDR' 16 13
2021-12-24 12:21:08,001 (DEBUG): STREAM b'gAMA' 41 4
2021-12-24 12:21:08,002 (DEBUG): STREAM b'cHRM' 57 32
2021-12-24 12:21:08,002 (DEBUG): STREAM b'bKGD' 101 2
2021-12-24 12:21:08,002 (DEBUG): b'bKGD' 101 2 (unknown)
2021-12-24 12:21:08,002 (DEBUG): STREAM b'tIME' 115 7
2021-12-24 12:21:08,002 (DEBUG): b'tIME' 115 7 (unknown)
2021-12-24 12:21:08,002 (DEBUG): STREAM b'IDAT' 134 32768
2021-12-24 12:21:08,016 (DEBUG): STREAM b'IHDR' 16 13
2021-12-24 12:21:08,016 (DEBUG): STREAM b'gAMA' 41 4
2021-12-24 12:21:08,017 (DEBUG): STREAM b'cHRM' 57 32
2021-12-24 12:21:08,017 (DEBUG): STREAM b'bKGD' 101 2
2021-12-24 12:21:08,017 (DEBUG): b'bKGD' 101 2 (unknown)
2021-12-24 12:21:08,017 (DEBUG): STREAM b'tIME' 115 7
2021-12-24 12:21:08,017 (DEBUG): b'tIME' 115 7 (unknown)
2021-12-24 12:21:08,017 (DEBUG): STREAM b'IDAT' 134 32768
2021-12-24 12:21:08,031 (DEBUG): STREAM b'IHDR' 16 13
2021-12-24 12:21:08,031 (DEBUG): STREAM b'gAMA' 41 4
2021-12-24 12:21:08,031 (DEBUG): STREAM b'cHRM' 57 32
2021-12-24 12:21:08,031 (DEBUG): STREAM b'bKGD' 101 2
2021-12-24 12:21:08,031 (DEBUG): b'bKGD' 101 2 (unknown)
2021-12-24 12:21:08,031 (DEBUG): STREAM b'tIME' 115 7
2021-12-24 12:21:08,032 (DEBUG): b'tIME' 115 7 (unknown)
2021-12-24 12:21:08,032 (DEBUG): STREAM b'IDAT' 134 32768
2021-12-24 12:21:08,050 (DEBUG): STREAM b'IHDR' 16 13
2021-12-24 12:21:08,050 (DEBUG): STREAM b'gAMA' 41 4
2021-12-24 12:21:08,050 (DEBUG): STREAM b'cHRM' 57 32
2021-12-24 12:21:08,050 (DEBUG): STREAM b'bKGD' 101 2
2021-12-24 12:21:08,050 (DEBUG): b'bKGD' 101 2 (unknown)
2021-12-24 12:21:08,050 (DEBUG): STREAM b'tIME' 115 7
2021-12-24 12:21:08,050 (DEBUG): b'tIME' 115 7 (unknown)
2021-12-24 12:21:08,050 (DEBUG): STREAM b'IDAT' 134 32768
2021-12-24 12:21:08,065 (DEBUG): STREAM b'IHDR' 16 13
2021-12-24 12:21:08,065 (DEBUG): STREAM b'gAMA' 41 4
2021-12-24 12:21:08,065 (DEBUG): STREAM b'cHRM' 57 32
2021-12-24 12:21:08,065 (DEBUG): STREAM b'bKGD' 101 2
2021-12-24 12:21:08,066 (DEBUG): b'bKGD' 101 2 (unknown)
2021-12-24 12:21:08,066 (DEBUG): STREAM b'tIME' 115 7
2021-12-24 12:21:08,066 (DEBUG): b'tIME' 115 7 (unknown)
2021-12-24 12:21:08,066 (DEBUG): STREAM b'IDAT' 134 32768
2021-12-24 12:21:08,098 (DEBUG): STREAM b'IHDR' 16 13
2021-12-24 12:21:08,098 (DEBUG): STREAM b'gAMA' 41 4
2021-12-24 12:21:08,098 (DEBUG): STREAM b'cHRM' 57 32
2021-12-24 12:21:08,098 (DEBUG): STREAM b'bKGD' 101 2
2021-12-24 12:21:08,098 (DEBUG): b'bKGD' 101 2 (unknown)
2021-12-24 12:21:08,098 (DEBUG): STREAM b'tIME' 115 7
2021-12-24 12:21:08,099 (DEBUG): b'tIME' 115 7 (unknown)
2021-12-24 12:21:08,099 (DEBUG): STREAM b'IDAT' 134 32768
2021-12-24 12:21:08,113 (DEBUG): STREAM b'IHDR' 16 13
2021-12-24 12:21:08,113 (DEBUG): STREAM b'gAMA' 41 4
2021-12-24 12:21:08,113 (DEBUG): STREAM b'cHRM' 57 32
2021-12-24 12:21:08,113 (DEBUG): STREAM b'bKGD' 101 2
2021-12-24 12:21:08,113 (DEBUG): b'bKGD' 101 2 (unknown)
2021-12-24 12:21:08,114 (DEBUG): STREAM b'tIME' 115 7
2021-12-24 12:21:08,114 (DEBUG): b'tIME' 115 7 (unknown)
2021-12-24 12:21:08,114 (DEBUG): STREAM b'IDAT' 134 32768
2021-12-24 12:21:08,156 (DEBUG): STREAM b'IHDR' 16 13
2021-12-24 12:21:08,156 (DEBUG): STREAM b'gAMA' 41 4
2021-12-24 12:21:08,156 (DEBUG): STREAM b'cHRM' 57 32
2021-12-24 12:21:08,156 (DEBUG): STREAM b'bKGD' 101 2
2021-12-24 12:21:08,156 (DEBUG): b'bKGD' 101 2 (unknown)
2021-12-24 12:21:08,156 (DEBUG): STREAM b'tIME' 115 7
2021-12-24 12:21:08,157 (DEBUG): b'tIME' 115 7 (unknown)
2021-12-24 12:21:08,157 (DEBUG): STREAM b'IDAT' 134 32768
