2021-12-24 11:27:16,117 (INFO): Log Path: D:\Source_Code\Python ++\02. updateComic\log\debug-20211224-1127.16.log
2021-12-24 11:27:18,147 (INFO): Currently Processing image
2021-12-24 11:27:18,147 (INFO): Processing Titles ...
2021-12-24 11:27:18,170 (DEBUG): Get Info from structure: (2t+=sakusei toshi elosion)
2021-12-24 11:27:18,183 (DEBUG): Get Info from structure: (a-10+=koukai tanetsuke hentai koubi 2)
2021-12-24 11:27:18,197 (DEBUG): Get Info from structure: (Abubu+=Kinjo no Onnatachi ga Nazeka Ore no Ie no Furo ni Hairi ni Kuru Ken)
2021-12-24 11:27:18,215 (DEBUG): Get Info from structure: (abubu+=npc kan mod)
2021-12-24 11:27:18,230 (DEBUG): Get Info from structure: (agobitch nee-san+=Hataraku Onee-san-tachi ~Mikonritsu no Takai Machi de Hataraku Tokoya no Onee-san ni Okuchi de Shiborareru~)
2021-12-24 11:27:18,249 (DEBUG): Get Info from structure: (agobitch nee-san+=Seifuku Bishoujo)
2021-12-24 11:27:18,263 (DEBUG): Get Info from structure: (ahemaru+=slave the blood)
2021-12-24 11:27:18,283 (DEBUG): Get Info from structure: (amano ameno+=Jabami Yumeko Hentai Koushuu Benjo Tantsubo Nikubenki Onna)
2021-12-24 11:27:18,295 (DEBUG): Get Info from structure: (amano ameno+=Kyonyuu Onna Joushi Saimin Nikuningyou)
2021-12-24 11:27:18,308 (DEBUG): Get Info from structure: (Ameyama Denshin+=Stories)
2021-12-24 11:27:18,321 (DEBUG): Get Info from structure: (Arai Kei+=Boku No Kanojo)
2021-12-24 11:27:18,336 (DEBUG): Get Info from structure: (arai kei+=Boku Wa Kanojo No Namae Mo Shiranai)
2021-12-24 11:27:18,351 (DEBUG): Get Info from structure: (arai kei+=hougan kanojo)
2021-12-24 11:27:18,369 (DEBUG): Get Info from structure: (arai kei+=Stories)
2021-12-24 11:27:18,387 (DEBUG): Get Info from structure: (Arai Taiki+=Kahanshin Daiichi Shugi)
2021-12-24 11:27:18,400 (DEBUG): Get Info from structure: (arai taiki+=ochita yume no naka de)
2021-12-24 11:27:18,415 (DEBUG): Get Info from structure: (Arai Taiki+=Stories)
2021-12-24 11:27:18,431 (DEBUG): Get Info from structure: (aroma sensei+=Gwen)
2021-12-24 11:27:18,447 (DEBUG): Get Info from structure: (aroma sensei+=what's going on here)
2021-12-24 11:27:18,459 (DEBUG): Get Info from structure: (asanagi+=Stories)
2021-12-24 11:27:18,476 (DEBUG): Get Info from structure: (BeNantoka+=Stories)
2021-12-24 11:27:18,501 (DEBUG): Get Info from structure: (Bonske+=Arawareta Chijo wa Toshishita Kui no Scatolo Hentai deshita)
2021-12-24 11:27:18,517 (DEBUG): Get Info from structure: (bonske+=sono kuchi to shita de subete o uketomenasai)
2021-12-24 11:27:18,532 (DEBUG): Get Info from structure: (Dokurosan+=Stories)
2021-12-24 11:27:18,553 (DEBUG): Get Info from structure: (Enokido+=Stories)
2021-12-24 11:27:18,580 (DEBUG): Get Info from structure: (freehand tamashii+=aorare tsuma)
2021-12-24 11:27:18,592 (DEBUG): Get Info from structure: (freehand tamashii+=Incha No Oi Ga Yaritai Oba-san)
2021-12-24 11:27:18,608 (DEBUG): Get Info from structure: (freehand tamashii+=Isourou Saki No Obasan Ni Hameru!)
2021-12-24 11:27:18,623 (DEBUG): Get Info from structure: (freehand tamashii+=Stories)
2021-12-24 11:27:18,636 (DEBUG): Get Info from structure: (freehand tamashii+=Toiu Wake De, Kaa-san-tachi To Yattemita)
2021-12-24 11:27:18,648 (DEBUG): Get Info from structure: (freehand tamasshii+=Shin Mama O Netoruze!)
2021-12-24 11:27:18,660 (DEBUG): Get Info from structure: (gonza+=av mama)
2021-12-24 11:27:18,673 (DEBUG): Get Info from structure: (gonza+=matching appli)
2021-12-24 11:27:18,686 (DEBUG): Get Info from structure: (Gonza+=Mayonaka No Haha)
2021-12-24 11:27:18,698 (DEBUG): Get Info from structure: (gonza+=my three horny moms)
2021-12-24 11:27:18,712 (DEBUG): Get Info from structure: (gonza+=Nonfiction ~boshi Soukan No Kioku~)
2021-12-24 11:27:18,727 (DEBUG): Get Info from structure: (gonza+=stories)
2021-12-24 11:27:18,745 (DEBUG): Get Info from structure: (mizone+=Ajin Iryou Sougou Center e Youkoso!)
2021-12-24 11:27:18,757 (DEBUG): Get Info from structure: (mizone+=Jikyuu 1500 yen!! Gyogyou o Tetsudau Kantan na Oshigoto desu)
2021-12-24 11:27:18,775 (DEBUG): Get Info from structure: (mizone+=Kindan no Shohousen)
2021-12-24 11:27:18,790 (DEBUG): Get Info from structure: (mizone+=monster romance)
2021-12-24 11:27:18,801 (DEBUG): Get Info from structure: (mizone+=monster smash)
2021-12-24 11:27:18,811 (DEBUG): Get Info from structure: (mizone+=Otherworldly Maidens Series)
2021-12-24 11:27:18,823 (DEBUG): Get Info from structure: (mizone+=stories)
2021-12-24 11:27:18,837 (DEBUG): Get Info from structure: (mizone+=Zasshoku Yuusha)
2021-12-24 11:27:18,845 (DEBUG): Get Info from structure: (Tsusauto+=Jichikai no Hitozuma wa Totemo Ecchi deshita)
2021-12-24 11:27:18,854 (INFO): Processing Chapters / Episodes ...
2021-12-24 11:27:18,997 (INFO): Processing Chapters & Pages ... 
2021-12-24 11:28:04,366 (DEBUG): STREAM b'IHDR' 16 13
2021-12-24 11:28:04,366 (DEBUG): STREAM b'gAMA' 41 4
2021-12-24 11:28:04,366 (DEBUG): STREAM b'cHRM' 57 32
2021-12-24 11:28:04,366 (DEBUG): STREAM b'bKGD' 101 2
2021-12-24 11:28:04,366 (DEBUG): b'bKGD' 101 2 (unknown)
2021-12-24 11:28:04,366 (DEBUG): STREAM b'tIME' 115 7
2021-12-24 11:28:04,366 (DEBUG): b'tIME' 115 7 (unknown)
2021-12-24 11:28:04,366 (DEBUG): STREAM b'IDAT' 134 32768
2021-12-24 11:28:04,381 (DEBUG): STREAM b'IHDR' 16 13
2021-12-24 11:28:04,381 (DEBUG): STREAM b'gAMA' 41 4
2021-12-24 11:28:04,381 (DEBUG): STREAM b'cHRM' 57 32
2021-12-24 11:28:04,381 (DEBUG): STREAM b'bKGD' 101 2
2021-12-24 11:28:04,381 (DEBUG): b'bKGD' 101 2 (unknown)
2021-12-24 11:28:04,381 (DEBUG): STREAM b'tIME' 115 7
2021-12-24 11:28:04,381 (DEBUG): b'tIME' 115 7 (unknown)
2021-12-24 11:28:04,381 (DEBUG): STREAM b'IDAT' 134 32768
2021-12-24 11:28:04,399 (DEBUG): STREAM b'IHDR' 16 13
2021-12-24 11:28:04,399 (DEBUG): STREAM b'gAMA' 41 4
2021-12-24 11:28:04,399 (DEBUG): STREAM b'cHRM' 57 32
2021-12-24 11:28:04,399 (DEBUG): STREAM b'bKGD' 101 2
2021-12-24 11:28:04,399 (DEBUG): b'bKGD' 101 2 (unknown)
2021-12-24 11:28:04,399 (DEBUG): STREAM b'tIME' 115 7
2021-12-24 11:28:04,399 (DEBUG): b'tIME' 115 7 (unknown)
2021-12-24 11:28:04,399 (DEBUG): STREAM b'IDAT' 134 32768
2021-12-24 11:28:04,416 (DEBUG): STREAM b'IHDR' 16 13
2021-12-24 11:28:04,416 (DEBUG): STREAM b'gAMA' 41 4
2021-12-24 11:28:04,416 (DEBUG): STREAM b'cHRM' 57 32
2021-12-24 11:28:04,416 (DEBUG): STREAM b'bKGD' 101 2
2021-12-24 11:28:04,416 (DEBUG): b'bKGD' 101 2 (unknown)
2021-12-24 11:28:04,416 (DEBUG): STREAM b'tIME' 115 7
2021-12-24 11:28:04,416 (DEBUG): b'tIME' 115 7 (unknown)
2021-12-24 11:28:04,416 (DEBUG): STREAM b'IDAT' 134 32768
2021-12-24 11:28:04,432 (DEBUG): STREAM b'IHDR' 16 13
2021-12-24 11:28:04,432 (DEBUG): STREAM b'gAMA' 41 4
2021-12-24 11:28:04,432 (DEBUG): STREAM b'cHRM' 57 32
2021-12-24 11:28:04,432 (DEBUG): STREAM b'bKGD' 101 2
2021-12-24 11:28:04,432 (DEBUG): b'bKGD' 101 2 (unknown)
2021-12-24 11:28:04,433 (DEBUG): STREAM b'tIME' 115 7
2021-12-24 11:28:04,433 (DEBUG): b'tIME' 115 7 (unknown)
2021-12-24 11:28:04,433 (DEBUG): STREAM b'IDAT' 134 32768
2021-12-24 11:28:04,449 (DEBUG): STREAM b'IHDR' 16 13
2021-12-24 11:28:04,449 (DEBUG): STREAM b'gAMA' 41 4
2021-12-24 11:28:04,449 (DEBUG): STREAM b'cHRM' 57 32
2021-12-24 11:28:04,449 (DEBUG): STREAM b'bKGD' 101 2
2021-12-24 11:28:04,449 (DEBUG): b'bKGD' 101 2 (unknown)
2021-12-24 11:28:04,449 (DEBUG): STREAM b'tIME' 115 7
2021-12-24 11:28:04,449 (DEBUG): b'tIME' 115 7 (unknown)
2021-12-24 11:28:04,449 (DEBUG): STREAM b'IDAT' 134 32768
2021-12-24 11:28:04,465 (DEBUG): STREAM b'IHDR' 16 13
2021-12-24 11:28:04,465 (DEBUG): STREAM b'gAMA' 41 4
2021-12-24 11:28:04,465 (DEBUG): STREAM b'cHRM' 57 32
2021-12-24 11:28:04,465 (DEBUG): STREAM b'bKGD' 101 2
2021-12-24 11:28:04,465 (DEBUG): b'bKGD' 101 2 (unknown)
2021-12-24 11:28:04,465 (DEBUG): STREAM b'tIME' 115 7
2021-12-24 11:28:04,465 (DEBUG): b'tIME' 115 7 (unknown)
2021-12-24 11:28:04,465 (DEBUG): STREAM b'IDAT' 134 32768
2021-12-24 11:28:04,480 (DEBUG): STREAM b'IHDR' 16 13
2021-12-24 11:28:04,480 (DEBUG): STREAM b'gAMA' 41 4
2021-12-24 11:28:04,480 (DEBUG): STREAM b'cHRM' 57 32
2021-12-24 11:28:04,480 (DEBUG): STREAM b'bKGD' 101 2
2021-12-24 11:28:04,494 (DEBUG): b'bKGD' 101 2 (unknown)
2021-12-24 11:28:04,495 (DEBUG): STREAM b'tIME' 115 7
2021-12-24 11:28:04,495 (DEBUG): b'tIME' 115 7 (unknown)
2021-12-24 11:28:04,495 (DEBUG): STREAM b'IDAT' 134 32768
2021-12-24 11:28:04,507 (DEBUG): STREAM b'IHDR' 16 13
2021-12-24 11:28:04,507 (DEBUG): STREAM b'gAMA' 41 4
2021-12-24 11:28:04,507 (DEBUG): STREAM b'cHRM' 57 32
2021-12-24 11:28:04,508 (DEBUG): STREAM b'bKGD' 101 2
2021-12-24 11:28:04,508 (DEBUG): b'bKGD' 101 2 (unknown)
2021-12-24 11:28:04,508 (DEBUG): STREAM b'tIME' 115 7
2021-12-24 11:28:04,508 (DEBUG): b'tIME' 115 7 (unknown)
2021-12-24 11:28:04,508 (DEBUG): STREAM b'IDAT' 134 32768
2021-12-24 11:28:04,524 (DEBUG): STREAM b'IHDR' 16 13
2021-12-24 11:28:04,524 (DEBUG): STREAM b'gAMA' 41 4
2021-12-24 11:28:04,524 (DEBUG): STREAM b'cHRM' 57 32
2021-12-24 11:28:04,524 (DEBUG): STREAM b'bKGD' 101 2
2021-12-24 11:28:04,524 (DEBUG): b'bKGD' 101 2 (unknown)
2021-12-24 11:28:04,524 (DEBUG): STREAM b'tIME' 115 7
2021-12-24 11:28:04,524 (DEBUG): b'tIME' 115 7 (unknown)
2021-12-24 11:28:04,524 (DEBUG): STREAM b'IDAT' 134 32768
2021-12-24 11:28:04,546 (DEBUG): STREAM b'IHDR' 16 13
2021-12-24 11:28:04,547 (DEBUG): STREAM b'gAMA' 41 4
2021-12-24 11:28:04,547 (DEBUG): STREAM b'cHRM' 57 32
2021-12-24 11:28:04,547 (DEBUG): STREAM b'bKGD' 101 2
2021-12-24 11:28:04,547 (DEBUG): b'bKGD' 101 2 (unknown)
2021-12-24 11:28:04,547 (DEBUG): STREAM b'tIME' 115 7
2021-12-24 11:28:04,547 (DEBUG): b'tIME' 115 7 (unknown)
2021-12-24 11:28:04,547 (DEBUG): STREAM b'IDAT' 134 32768
2021-12-24 11:28:04,563 (DEBUG): STREAM b'IHDR' 16 13
2021-12-24 11:28:04,564 (DEBUG): STREAM b'gAMA' 41 4
2021-12-24 11:28:04,564 (DEBUG): STREAM b'cHRM' 57 32
2021-12-24 11:28:04,564 (DEBUG): STREAM b'bKGD' 101 2
2021-12-24 11:28:04,564 (DEBUG): b'bKGD' 101 2 (unknown)
2021-12-24 11:28:04,564 (DEBUG): STREAM b'tIME' 115 7
2021-12-24 11:28:04,564 (DEBUG): b'tIME' 115 7 (unknown)
2021-12-24 11:28:04,564 (DEBUG): STREAM b'IDAT' 134 32768
2021-12-24 11:28:04,582 (DEBUG): STREAM b'IHDR' 16 13
2021-12-24 11:28:04,582 (DEBUG): STREAM b'gAMA' 41 4
2021-12-24 11:28:04,582 (DEBUG): STREAM b'cHRM' 57 32
2021-12-24 11:28:04,582 (DEBUG): STREAM b'bKGD' 101 2
2021-12-24 11:28:04,583 (DEBUG): b'bKGD' 101 2 (unknown)
2021-12-24 11:28:04,583 (DEBUG): STREAM b'tIME' 115 7
2021-12-24 11:28:04,583 (DEBUG): b'tIME' 115 7 (unknown)
2021-12-24 11:28:04,583 (DEBUG): STREAM b'IDAT' 134 32768
2021-12-24 11:28:04,599 (DEBUG): STREAM b'IHDR' 16 13
2021-12-24 11:28:04,599 (DEBUG): STREAM b'gAMA' 41 4
2021-12-24 11:28:04,599 (DEBUG): STREAM b'cHRM' 57 32
2021-12-24 11:28:04,599 (DEBUG): STREAM b'bKGD' 101 2
2021-12-24 11:28:04,599 (DEBUG): b'bKGD' 101 2 (unknown)
2021-12-24 11:28:04,599 (DEBUG): STREAM b'tIME' 115 7
2021-12-24 11:28:04,599 (DEBUG): b'tIME' 115 7 (unknown)
2021-12-24 11:28:04,599 (DEBUG): STREAM b'IDAT' 134 32768
2021-12-24 11:28:04,614 (DEBUG): STREAM b'IHDR' 16 13
2021-12-24 11:28:04,614 (DEBUG): STREAM b'gAMA' 41 4
2021-12-24 11:28:04,614 (DEBUG): STREAM b'cHRM' 57 32
2021-12-24 11:28:04,615 (DEBUG): STREAM b'bKGD' 101 2
2021-12-24 11:28:04,615 (DEBUG): b'bKGD' 101 2 (unknown)
2021-12-24 11:28:04,615 (DEBUG): STREAM b'tIME' 115 7
2021-12-24 11:28:04,615 (DEBUG): b'tIME' 115 7 (unknown)
2021-12-24 11:28:04,615 (DEBUG): STREAM b'IDAT' 134 32768
2021-12-24 11:28:04,630 (DEBUG): STREAM b'IHDR' 16 13
2021-12-24 11:28:04,630 (DEBUG): STREAM b'gAMA' 41 4
2021-12-24 11:28:04,630 (DEBUG): STREAM b'cHRM' 57 32
2021-12-24 11:28:04,630 (DEBUG): STREAM b'bKGD' 101 2
2021-12-24 11:28:04,630 (DEBUG): b'bKGD' 101 2 (unknown)
2021-12-24 11:28:04,630 (DEBUG): STREAM b'tIME' 115 7
2021-12-24 11:28:04,630 (DEBUG): b'tIME' 115 7 (unknown)
2021-12-24 11:28:04,630 (DEBUG): STREAM b'IDAT' 134 32768
2021-12-24 11:28:04,668 (DEBUG): STREAM b'IHDR' 16 13
2021-12-24 11:28:04,668 (DEBUG): STREAM b'gAMA' 41 4
2021-12-24 11:28:04,668 (DEBUG): STREAM b'cHRM' 57 32
2021-12-24 11:28:04,669 (DEBUG): STREAM b'bKGD' 101 2
2021-12-24 11:28:04,669 (DEBUG): b'bKGD' 101 2 (unknown)
2021-12-24 11:28:04,669 (DEBUG): STREAM b'tIME' 115 7
2021-12-24 11:28:04,669 (DEBUG): b'tIME' 115 7 (unknown)
2021-12-24 11:28:04,669 (DEBUG): STREAM b'IDAT' 134 32768
2021-12-24 11:28:04,684 (DEBUG): STREAM b'IHDR' 16 13
2021-12-24 11:28:04,684 (DEBUG): STREAM b'gAMA' 41 4
2021-12-24 11:28:04,684 (DEBUG): STREAM b'cHRM' 57 32
2021-12-24 11:28:04,684 (DEBUG): STREAM b'bKGD' 101 2
2021-12-24 11:28:04,684 (DEBUG): b'bKGD' 101 2 (unknown)
2021-12-24 11:28:04,684 (DEBUG): STREAM b'tIME' 115 7
2021-12-24 11:28:04,684 (DEBUG): b'tIME' 115 7 (unknown)
2021-12-24 11:28:04,684 (DEBUG): STREAM b'IDAT' 134 32768
2021-12-24 11:28:04,699 (DEBUG): STREAM b'IHDR' 16 13
2021-12-24 11:28:04,699 (DEBUG): STREAM b'gAMA' 41 4
2021-12-24 11:28:04,699 (DEBUG): STREAM b'cHRM' 57 32
2021-12-24 11:28:04,700 (DEBUG): STREAM b'bKGD' 101 2
2021-12-24 11:28:04,700 (DEBUG): b'bKGD' 101 2 (unknown)
2021-12-24 11:28:04,700 (DEBUG): STREAM b'tIME' 115 7
2021-12-24 11:28:04,700 (DEBUG): b'tIME' 115 7 (unknown)
2021-12-24 11:28:04,700 (DEBUG): STREAM b'IDAT' 134 32768
2021-12-24 11:28:04,716 (DEBUG): STREAM b'IHDR' 16 13
2021-12-24 11:28:04,716 (DEBUG): STREAM b'gAMA' 41 4
2021-12-24 11:28:04,716 (DEBUG): STREAM b'cHRM' 57 32
2021-12-24 11:28:04,716 (DEBUG): STREAM b'bKGD' 101 2
2021-12-24 11:28:04,716 (DEBUG): b'bKGD' 101 2 (unknown)
2021-12-24 11:28:04,716 (DEBUG): STREAM b'tIME' 115 7
2021-12-24 11:28:04,716 (DEBUG): b'tIME' 115 7 (unknown)
2021-12-24 11:28:04,716 (DEBUG): STREAM b'IDAT' 134 32768
2021-12-24 11:28:04,781 (DEBUG): STREAM b'IHDR' 16 13
2021-12-24 11:28:04,781 (DEBUG): STREAM b'gAMA' 41 4
2021-12-24 11:28:04,781 (DEBUG): STREAM b'cHRM' 57 32
2021-12-24 11:28:04,781 (DEBUG): STREAM b'bKGD' 101 2
2021-12-24 11:28:04,781 (DEBUG): b'bKGD' 101 2 (unknown)
2021-12-24 11:28:04,781 (DEBUG): STREAM b'tIME' 115 7
2021-12-24 11:28:04,781 (DEBUG): b'tIME' 115 7 (unknown)
2021-12-24 11:28:04,781 (DEBUG): STREAM b'IDAT' 134 32768
2021-12-24 11:28:04,800 (DEBUG): STREAM b'IHDR' 16 13
2021-12-24 11:28:04,800 (DEBUG): STREAM b'gAMA' 41 4
2021-12-24 11:28:04,800 (DEBUG): STREAM b'cHRM' 57 32
2021-12-24 11:28:04,800 (DEBUG): STREAM b'bKGD' 101 2
2021-12-24 11:28:04,800 (DEBUG): b'bKGD' 101 2 (unknown)
2021-12-24 11:28:04,801 (DEBUG): STREAM b'tIME' 115 7
2021-12-24 11:28:04,801 (DEBUG): b'tIME' 115 7 (unknown)
2021-12-24 11:28:04,801 (DEBUG): STREAM b'IDAT' 134 32768
2021-12-24 11:28:04,816 (DEBUG): STREAM b'IHDR' 16 13
2021-12-24 11:28:04,816 (DEBUG): STREAM b'gAMA' 41 4
2021-12-24 11:28:04,816 (DEBUG): STREAM b'cHRM' 57 32
2021-12-24 11:28:04,816 (DEBUG): STREAM b'bKGD' 101 2
2021-12-24 11:28:04,816 (DEBUG): b'bKGD' 101 2 (unknown)
2021-12-24 11:28:04,816 (DEBUG): STREAM b'tIME' 115 7
2021-12-24 11:28:04,816 (DEBUG): b'tIME' 115 7 (unknown)
2021-12-24 11:28:04,816 (DEBUG): STREAM b'IDAT' 134 32768
2021-12-24 11:28:04,831 (DEBUG): STREAM b'IHDR' 16 13
2021-12-24 11:28:04,831 (DEBUG): STREAM b'gAMA' 41 4
2021-12-24 11:28:04,831 (DEBUG): STREAM b'cHRM' 57 32
2021-12-24 11:28:04,831 (DEBUG): STREAM b'bKGD' 101 2
2021-12-24 11:28:04,831 (DEBUG): b'bKGD' 101 2 (unknown)
2021-12-24 11:28:04,831 (DEBUG): STREAM b'tIME' 115 7
2021-12-24 11:28:04,832 (DEBUG): b'tIME' 115 7 (unknown)
2021-12-24 11:28:04,832 (DEBUG): STREAM b'IDAT' 134 32768
2021-12-24 11:28:04,848 (DEBUG): STREAM b'IHDR' 16 13
2021-12-24 11:28:04,848 (DEBUG): STREAM b'gAMA' 41 4
2021-12-24 11:28:04,848 (DEBUG): STREAM b'cHRM' 57 32
2021-12-24 11:28:04,848 (DEBUG): STREAM b'bKGD' 101 2
2021-12-24 11:28:04,848 (DEBUG): b'bKGD' 101 2 (unknown)
2021-12-24 11:28:04,848 (DEBUG): STREAM b'tIME' 115 7
2021-12-24 11:28:04,849 (DEBUG): b'tIME' 115 7 (unknown)
2021-12-24 11:28:04,849 (DEBUG): STREAM b'IDAT' 134 32768
2021-12-24 11:28:04,881 (DEBUG): STREAM b'IHDR' 16 13
2021-12-24 11:28:04,881 (DEBUG): STREAM b'gAMA' 41 4
2021-12-24 11:28:04,881 (DEBUG): STREAM b'cHRM' 57 32
2021-12-24 11:28:04,881 (DEBUG): STREAM b'bKGD' 101 2
2021-12-24 11:28:04,881 (DEBUG): b'bKGD' 101 2 (unknown)
2021-12-24 11:28:04,881 (DEBUG): STREAM b'tIME' 115 7
2021-12-24 11:28:04,882 (DEBUG): b'tIME' 115 7 (unknown)
2021-12-24 11:28:04,882 (DEBUG): STREAM b'IDAT' 134 32768
2021-12-24 11:28:04,898 (DEBUG): STREAM b'IHDR' 16 13
2021-12-24 11:28:04,898 (DEBUG): STREAM b'gAMA' 41 4
2021-12-24 11:28:04,898 (DEBUG): STREAM b'cHRM' 57 32
2021-12-24 11:28:04,898 (DEBUG): STREAM b'bKGD' 101 2
2021-12-24 11:28:04,898 (DEBUG): b'bKGD' 101 2 (unknown)
2021-12-24 11:28:04,898 (DEBUG): STREAM b'tIME' 115 7
2021-12-24 11:28:04,898 (DEBUG): b'tIME' 115 7 (unknown)
2021-12-24 11:28:04,899 (DEBUG): STREAM b'IDAT' 134 32768
2021-12-24 11:28:04,948 (DEBUG): STREAM b'IHDR' 16 13
2021-12-24 11:28:04,949 (DEBUG): STREAM b'gAMA' 41 4
2021-12-24 11:28:04,949 (DEBUG): STREAM b'cHRM' 57 32
2021-12-24 11:28:04,949 (DEBUG): STREAM b'bKGD' 101 2
2021-12-24 11:28:04,949 (DEBUG): b'bKGD' 101 2 (unknown)
2021-12-24 11:28:04,949 (DEBUG): STREAM b'tIME' 115 7
2021-12-24 11:28:04,949 (DEBUG): b'tIME' 115 7 (unknown)
2021-12-24 11:28:04,949 (DEBUG): STREAM b'IDAT' 134 32768
