2021-12-23 22:46:11,279 (INFO): Log Path: D:\Source_Code\Python ++\02. updateComic\log\debug-20211223-2246.11.log
2021-12-23 22:46:13,347 (INFO): Currently Processing image
2021-12-23 22:46:13,347 (INFO): Processing Titles ...
2021-12-23 22:46:13,376 (DEBUG): Get Info from structure: (2t+=sakusei toshi elosion)
2021-12-23 22:46:13,385 (DEBUG): Get Info from structure: (a-10+=koukai tanetsuke hentai koubi 2)
2021-12-23 22:46:13,395 (DEBUG): Get Info from structure: (Abubu+=Kinjo no Onnatachi ga Nazeka Ore no Ie no Furo ni Hairi ni Kuru Ken)
2021-12-23 22:46:13,405 (DEBUG): Get Info from structure: (abubu+=npc kan mod)
2021-12-23 22:46:13,416 (DEBUG): Get Info from structure: (agobitch nee-san+=Hataraku Onee-san-tachi ~Mikonritsu no Takai Machi de Hataraku Tokoya no Onee-san ni Okuchi de Shiborareru~)
2021-12-23 22:46:13,425 (DEBUG): Get Info from structure: (agobitch nee-san+=Seifuku Bishoujo)
2021-12-23 22:46:13,436 (DEBUG): Get Info from structure: (ahemaru+=slave the blood)
2021-12-23 22:46:13,449 (DEBUG): Get Info from structure: (amano ameno+=Jabami Yumeko Hentai Koushuu Benjo Tantsubo Nikubenki Onna)
2021-12-23 22:46:13,465 (DEBUG): Get Info from structure: (amano ameno+=Kyonyuu Onna Joushi Saimin Nikuningyou)
2021-12-23 22:46:13,475 (DEBUG): Get Info from structure: (Ameyama Denshin+=Stories)
2021-12-23 22:46:13,487 (DEBUG): Get Info from structure: (Arai Kei+=Boku No Kanojo)
2021-12-23 22:46:13,498 (DEBUG): Get Info from structure: (arai kei+=Boku Wa Kanojo No Namae Mo Shiranai)
2021-12-23 22:46:13,510 (DEBUG): Get Info from structure: (arai kei+=hougan kanojo)
2021-12-23 22:46:13,521 (DEBUG): Get Info from structure: (arai kei+=Stories)
2021-12-23 22:46:13,532 (DEBUG): Get Info from structure: (Arai Taiki+=Kahanshin Daiichi Shugi)
2021-12-23 22:46:13,544 (DEBUG): Get Info from structure: (arai taiki+=ochita yume no naka de)
2021-12-23 22:46:13,555 (DEBUG): Get Info from structure: (Arai Taiki+=Stories)
2021-12-23 22:46:13,567 (DEBUG): Get Info from structure: (aroma sensei+=Gwen)
2021-12-23 22:46:13,578 (DEBUG): Get Info from structure: (aroma sensei+=what's going on here)
2021-12-23 22:46:13,589 (DEBUG): Get Info from structure: (asanagi+=Stories)
2021-12-23 22:46:13,600 (DEBUG): Get Info from structure: (BeNantoka+=Stories)
2021-12-23 22:46:13,612 (DEBUG): Get Info from structure: (Bonske+=Arawareta Chijo wa Toshishita Kui no Scatolo Hentai deshita)
2021-12-23 22:46:13,624 (DEBUG): Get Info from structure: (bonske+=sono kuchi to shita de subete o uketomenasai)
2021-12-23 22:46:13,635 (DEBUG): Get Info from structure: (Dokurosan+=Stories)
2021-12-23 22:46:13,647 (DEBUG): Get Info from structure: (Enokido+=Stories)
2021-12-23 22:46:13,656 (DEBUG): Get Info from structure: (freehand tamashii+=aorare tsuma)
2021-12-23 22:46:13,669 (DEBUG): Get Info from structure: (freehand tamashii+=Incha No Oi Ga Yaritai Oba-san)
2021-12-23 22:46:13,679 (DEBUG): Get Info from structure: (freehand tamashii+=Isourou Saki No Obasan Ni Hameru!)
2021-12-23 22:46:13,690 (DEBUG): Get Info from structure: (freehand tamashii+=Stories)
2021-12-23 22:46:13,701 (DEBUG): Get Info from structure: (freehand tamashii+=Toiu Wake De, Kaa-san-tachi To Yattemita)
2021-12-23 22:46:13,711 (DEBUG): Get Info from structure: (freehand tamasshii+=Shin Mama O Netoruze!)
2021-12-23 22:46:13,722 (DEBUG): Get Info from structure: (gonza+=av mama)
2021-12-23 22:46:13,733 (DEBUG): Get Info from structure: (gonza+=matching appli)
2021-12-23 22:46:13,744 (DEBUG): Get Info from structure: (Gonza+=Mayonaka No Haha)
2021-12-23 22:46:13,755 (DEBUG): Get Info from structure: (gonza+=my three horny moms)
2021-12-23 22:46:13,766 (DEBUG): Get Info from structure: (gonza+=Nonfiction ~boshi Soukan No Kioku~)
2021-12-23 22:46:13,777 (DEBUG): Get Info from structure: (gonza+=stories)
2021-12-23 22:46:13,791 (DEBUG): Get Info from structure: (mizone+=Ajin Iryou Sougou Center e Youkoso!)
2021-12-23 22:46:13,802 (DEBUG): Get Info from structure: (mizone+=Jikyuu 1500 yen!! Gyogyou o Tetsudau Kantan na Oshigoto desu)
2021-12-23 22:46:13,811 (DEBUG): Get Info from structure: (mizone+=Kindan no Shohousen)
2021-12-23 22:46:13,822 (DEBUG): Get Info from structure: (mizone+=monster romance)
2021-12-23 22:46:13,836 (DEBUG): Get Info from structure: (mizone+=monster smash)
2021-12-23 22:46:13,847 (DEBUG): Get Info from structure: (mizone+=Otherworldly Maidens Series)
2021-12-23 22:46:13,856 (DEBUG): Get Info from structure: (mizone+=stories)
2021-12-23 22:46:13,871 (DEBUG): Get Info from structure: (mizone+=Zasshoku Yuusha)
2021-12-23 22:46:13,883 (DEBUG): Get Info from structure: (Tsusauto+=Jichikai no Hitozuma wa Totemo Ecchi deshita)
2021-12-23 22:46:13,894 (INFO): Processing Chapters / Episodes ...
2021-12-23 22:46:14,034 (INFO): Processing Chapters & Pages ... 
