2021-12-13 21:11:02,307 (INFO): Log Path: D:\Source_Code\Python ++\02. updateComic\log\debug-20211213-2111.02.log
2021-12-13 21:11:02,349 (WARNING): Folder name don't have '+' (120)
2021-12-13 21:11:02,349 (WARNING): Folder name don't have '+' (121)
2021-12-13 21:11:02,349 (WARNING): Folder name don't have '+' (129)
2021-12-13 21:11:02,349 (WARNING): Folder name don't have '+' (131)
2021-12-13 21:11:02,349 (WARNING): Folder name don't have '+' (134)
2021-12-13 21:11:02,350 (WARNING): Folder name don't have '+' (135)
2021-12-13 21:11:02,350 (WARNING): Folder name don't have '+' (136)
2021-12-13 21:11:02,350 (WARNING): Folder name don't have '+' (137)
2021-12-13 21:11:02,350 (WARNING): Folder name don't have '+' (139)
2021-12-13 21:11:02,350 (WARNING): Folder name don't have '+' (140)
2021-12-13 21:11:02,350 (WARNING): Folder name don't have '+' (141)
2021-12-13 21:11:02,351 (WARNING): Folder name don't have '+' (142)
2021-12-13 21:11:02,351 (WARNING): Folder name don't have '+' (143)
2021-12-13 21:11:02,351 (WARNING): Folder name don't have '+' (144)
2021-12-13 21:11:02,351 (WARNING): Folder name don't have '+' (146)
2021-12-13 21:11:02,351 (WARNING): Folder name don't have '+' (149)
2021-12-13 21:11:02,351 (WARNING): Folder name don't have '+' (153)
2021-12-13 21:11:02,351 (WARNING): Folder name don't have '+' (157)
2021-12-13 21:11:02,351 (WARNING): Folder name don't have '+' (158)
2021-12-13 21:11:02,352 (WARNING): Folder name don't have '+' (162)
2021-12-13 21:11:02,352 (WARNING): Folder name don't have '+' (166)
2021-12-13 21:11:02,352 (WARNING): Folder name don't have '+' (167)
2021-12-13 21:11:02,352 (WARNING): Folder name don't have '+' (871)
2021-12-13 21:11:02,352 (WARNING): Folder name don't have '+' (876)
2021-12-13 21:11:02,352 (WARNING): Folder name don't have '+' (877)
2021-12-13 21:11:02,352 (WARNING): Folder name don't have '+' (881)
2021-12-13 21:11:02,352 (WARNING): Folder name don't have '+' (885)
2021-12-13 21:11:02,352 (WARNING): Folder name don't have '+' (886)
2021-12-13 21:11:02,352 (WARNING): Folder name don't have '+' (890)
2021-12-13 21:11:02,353 (WARNING): Folder name don't have '+' (893)
2021-12-13 21:11:02,353 (WARNING): Folder name don't have '+' (894)
2021-12-13 21:11:02,353 (WARNING): Folder name don't have '+' (895)
2021-12-13 21:11:02,353 (WARNING): Folder name don't have '+' (896)
2021-12-13 21:11:02,353 (WARNING): Folder name don't have '+' (898)
2021-12-13 21:11:02,353 (WARNING): Folder name don't have '+' (901)
2021-12-13 21:11:02,353 (WARNING): Folder name don't have '+' (902)
2021-12-13 21:11:02,353 (WARNING): Folder name don't have '+' (903)
2021-12-13 21:11:02,353 (WARNING): Folder name don't have '+' (904)
2021-12-13 21:11:02,353 (WARNING): Folder name don't have '+' (905)
2021-12-13 21:11:02,354 (WARNING): Folder name don't have '+' (906)
2021-12-13 21:11:02,354 (WARNING): Folder name don't have '+' (908)
2021-12-13 21:11:02,354 (WARNING): Folder name don't have '+' (910)
2021-12-13 21:11:02,354 (WARNING): Folder name don't have '+' (913)
2021-12-13 21:11:02,354 (WARNING): Folder name don't have '+' (918)
2021-12-13 21:11:02,354 (WARNING): Folder name don't have '+' (919)
2021-12-13 21:11:02,359 (WARNING): No Numbers found in string: (nounanka sedai _ nounanka_Chapter)
2021-12-13 21:11:02,365 (WARNING): No Numbers found in string: (_Chapter)
2021-12-13 21:11:02,399 (WARNING): No Numbers found in string: (_Chapter 71.6)
2021-12-13 21:11:02,436 (WARNING): No Numbers found in string: (2.1)
2021-12-13 21:11:02,436 (WARNING): No Numbers found in string: (2.2)
2021-12-13 21:11:02,436 (WARNING): No Numbers found in string: (3.1)
2021-12-13 21:11:02,437 (WARNING): No Numbers found in string: (3.2)
2021-12-13 21:11:02,437 (WARNING): No Numbers found in string: (3.3)
2021-12-13 21:11:02,440 (WARNING): No Numbers found in string: (1.1)
2021-12-13 21:11:02,487 (WARNING): No Numbers found in string: (New folder)
2021-12-13 21:11:02,525 (WARNING): No Numbers found in string: (camekirin_Chapter)
2021-12-13 21:11:02,528 (WARNING): No Numbers found in string: (_Chapter)
2021-12-13 21:11:02,532 (WARNING): No Numbers found in string: (circle spice_Chapter)
2021-12-13 21:11:02,564 (WARNING): No Numbers found in string: (yami ni ugomeku_Chapter)
2021-12-13 21:11:02,567 (WARNING): No Numbers found in string: (yami ni ugomeku_Chapter)
2021-12-13 21:11:02,571 (WARNING): No Numbers found in string: (yami ni ugomeku_Chapter)
2021-12-13 21:11:02,578 (WARNING): No Numbers found in string: (yami ni ugomeku_Chapter)
2021-12-13 21:11:02,583 (WARNING): No Numbers found in string: (yami ni ugomeku_Chapter)
2021-12-13 21:11:02,587 (WARNING): No Numbers found in string: (_Chapter)
2021-12-13 21:11:02,598 (WARNING): No Numbers found in string: (doujin mukashibanashi_Chapter)
2021-12-13 21:11:02,609 (WARNING): No Numbers found in string: (execio_Chapter)
2021-12-13 21:11:02,614 (WARNING): No Numbers found in string: (2.5)
2021-12-13 21:11:02,618 (WARNING): No Numbers found in string: (_Chapter)
2021-12-13 21:11:02,621 (WARNING): No Numbers found in string: (_Chapter)
2021-12-13 21:11:02,625 (WARNING): No Numbers found in string: (_Chapter)
2021-12-13 21:11:02,637 (WARNING): No Numbers found in string: (2.5)
2021-12-13 21:11:02,654 (WARNING): No Numbers found in string: (2.5)
2021-12-13 21:11:02,742 (WARNING): No Numbers found in string: (14.1)
2021-12-13 21:11:02,742 (WARNING): No Numbers found in string: (14.2)
2021-12-13 21:11:02,742 (WARNING): No Numbers found in string: (14.3)
2021-12-13 21:11:02,742 (WARNING): No Numbers found in string: (14.4)
2021-12-13 21:11:02,750 (WARNING): No Numbers found in string: (hbo_Chapter)
2021-12-13 21:11:02,753 (WARNING): No Numbers found in string: (_Chapter)
2021-12-13 21:11:02,763 (WARNING): No Numbers found in string: (ichinose_Chapter)
2021-12-13 21:11:02,819 (WARNING): No Numbers found in string: (5.5)
2021-12-13 21:11:02,830 (WARNING): No Numbers found in string: (_Chapter)
2021-12-13 21:11:02,832 (WARNING): No Numbers found in string: (rojiura jack_Chapter)
2021-12-13 21:11:02,854 (WARNING): No Numbers found in string: (_Chapter)
2021-12-13 21:11:02,880 (WARNING): No Numbers found in string: (_Chapter)
2021-12-13 21:11:02,887 (WARNING): No Numbers found in string: (_Chapter)
2021-12-13 21:11:02,890 (WARNING): No Numbers found in string: (_Chapter)
2021-12-13 21:11:02,945 (WARNING): There are multiple numbers in episode name dir: ['113', '2']
2021-12-13 21:11:02,945 (WARNING): There are multiple numbers in episode name dir: ['114', '3']
2021-12-13 21:11:02,946 (WARNING): There are multiple numbers in episode name dir: ['115', '4']
2021-12-13 21:11:02,946 (WARNING): There are multiple numbers in episode name dir: ['116', '5']
2021-12-13 21:11:02,947 (WARNING): There are multiple numbers in episode name dir: ['117', '6']
2021-12-13 21:11:02,952 (WARNING): There are multiple numbers in episode name dir: ['118', '7']
2021-12-13 21:11:02,952 (WARNING): There are multiple numbers in episode name dir: ['118', '8']
2021-12-13 21:11:02,956 (WARNING): No Numbers found in string: (_Chapter)
2021-12-13 21:11:02,959 (WARNING): No Numbers found in string: (_Chapter)
2021-12-13 21:11:02,977 (WARNING): No Numbers found in string: (doll play_Chapter)
2021-12-13 21:11:02,980 (WARNING): No Numbers found in string: (semakute kurai_Chapter)
2021-12-13 21:11:02,985 (WARNING): No Numbers found in string: (_Chapter)
2021-12-13 21:11:02,991 (WARNING): No Numbers found in string: (alpaca no bokujou_Chapter)
2021-12-13 21:11:02,999 (WARNING): No Numbers found in string: (meshi shinja_Chapter)
2021-12-13 21:11:03,013 (WARNING): No Numbers found in string: (4.1)
2021-12-13 21:11:03,014 (WARNING): No Numbers found in string: (4.2)
2021-12-13 21:11:03,035 (WARNING): No Numbers found in string: (New folder)
2021-12-13 21:11:03,039 (WARNING): No Numbers found in string: (New folder)
2021-12-13 21:11:03,041 (WARNING): No Numbers found in string: (New folder)
2021-12-13 21:11:03,045 (WARNING): No Numbers found in string: (New folder)
2021-12-13 21:11:03,051 (WARNING): No Numbers found in string: (New folder)
2021-12-13 21:11:03,054 (WARNING): No Numbers found in string: (New folder)
2021-12-13 21:11:03,095 (WARNING): No Numbers found in string: (ttt_Chapter)
2021-12-13 21:11:03,127 (WARNING): No Numbers found in string: (_Chapter)
2021-12-13 21:11:03,136 (WARNING): No Numbers found in string: (_Chapter)
2021-12-13 21:11:03,150 (WARNING): No Numbers found in string: (1.1)
2021-12-13 21:11:03,158 (WARNING): No Numbers found in string: (alice no takarabako_Chapter)
2021-12-13 21:11:03,168 (WARNING): No Numbers found in string: (2.5)
2021-12-13 21:11:03,168 (WARNING): No Numbers found in string: (4.5)
2021-12-13 21:11:03,205 (WARNING): No Numbers found in string: (3.1)
2021-12-13 21:11:03,210 (WARNING): No Numbers found in string: (_Chapter)
2021-12-13 21:11:03,216 (WARNING): No Numbers found in string: (mochichimaru_Chapter)
2021-12-13 21:11:03,241 (WARNING): Folder name have more than 1 '+' (nagare ippon+yuri kan + kanyou shoujo)
2021-12-13 21:11:03,251 (WARNING): No Numbers found in string: (supe_Chapter)
