2021-12-24 22:23:42,179 (INFO): Log Path: D:\Source_Code\Python ++\02. updateComic\log\debug-20211224-2223.42.log
2021-12-24 22:23:44,349 (INFO): Currently Processing image
2021-12-24 22:23:44,349 (INFO): Processing Titles ...
2021-12-24 22:23:44,484 (DEBUG): Get Info from structure: (2t+=sakusei toshi elosion)
2021-12-24 22:23:44,493 (DEBUG): Get Info from structure: (a-10+=koukai tanetsuke hentai koubi 2)
2021-12-24 22:23:44,502 (DEBUG): Get Info from structure: (Abubu+=Kinjo no Onnatachi ga Nazeka Ore no Ie no Furo ni Hairi ni Kuru Ken)
2021-12-24 22:23:44,512 (DEBUG): Get Info from structure: (abubu+=npc kan mod)
2021-12-24 22:23:44,524 (DEBUG): Get Info from structure: (agobitch nee-san+=Hataraku Onee-san-tachi ~Mikonritsu no Takai Machi de Hataraku Tokoya no Onee-san ni Okuchi de Shiborareru~)
2021-12-24 22:23:44,532 (DEBUG): Get Info from structure: (agobitch nee-san+=Seifuku Bishoujo)
2021-12-24 22:23:44,541 (DEBUG): Get Info from structure: (ahemaru+=slave the blood)
2021-12-24 22:23:44,548 (DEBUG): Get Info from structure: (amano ameno+=Jabami Yumeko Hentai Koushuu Benjo Tantsubo Nikubenki Onna)
2021-12-24 22:23:44,556 (DEBUG): Get Info from structure: (amano ameno+=Kyonyuu Onna Joushi Saimin Nikuningyou)
2021-12-24 22:23:44,568 (DEBUG): Get Info from structure: (Ameyama Denshin+=Stories)
2021-12-24 22:23:44,576 (DEBUG): Get Info from structure: (Arai Kei+=Boku No Kanojo)
2021-12-24 22:23:44,586 (DEBUG): Get Info from structure: (arai kei+=Boku Wa Kanojo No Namae Mo Shiranai)
2021-12-24 22:23:44,596 (DEBUG): Get Info from structure: (arai kei+=hougan kanojo)
2021-12-24 22:23:44,605 (DEBUG): Get Info from structure: (arai kei+=Stories)
2021-12-24 22:23:44,614 (DEBUG): Get Info from structure: (Arai Taiki+=Kahanshin Daiichi Shugi)
2021-12-24 22:23:44,624 (DEBUG): Get Info from structure: (arai taiki+=ochita yume no naka de)
2021-12-24 22:23:44,633 (DEBUG): Get Info from structure: (Arai Taiki+=Stories)
2021-12-24 22:23:44,641 (DEBUG): Get Info from structure: (aroma sensei+=Gwen)
2021-12-24 22:23:44,650 (DEBUG): Get Info from structure: (aroma sensei+=what's going on here)
2021-12-24 22:23:44,658 (DEBUG): Get Info from structure: (asanagi+=Stories)
2021-12-24 22:23:44,667 (DEBUG): Get Info from structure: (BeNantoka+=Stories)
2021-12-24 22:23:44,677 (DEBUG): Get Info from structure: (Bonske+=Arawareta Chijo wa Toshishita Kui no Scatolo Hentai deshita)
2021-12-24 22:23:44,688 (DEBUG): Get Info from structure: (bonske+=sono kuchi to shita de subete o uketomenasai)
2021-12-24 22:23:44,697 (DEBUG): Get Info from structure: (Dokurosan+=Stories)
2021-12-24 22:23:44,705 (DEBUG): Get Info from structure: (doujin mukashibanashi+=Stories)
2021-12-24 22:23:44,714 (DEBUG): Get Info from structure: (Enokido+=Stories)
2021-12-24 22:23:44,721 (DEBUG): Get Info from structure: (freehand tamashii+=aorare tsuma)
2021-12-24 22:23:44,730 (DEBUG): Get Info from structure: (freehand tamashii+=Incha No Oi Ga Yaritai Oba-san)
2021-12-24 22:23:44,740 (DEBUG): Get Info from structure: (freehand tamashii+=Isourou Saki No Obasan Ni Hameru!)
2021-12-24 22:23:44,749 (DEBUG): Get Info from structure: (freehand tamashii+=Stories)
2021-12-24 22:23:44,759 (DEBUG): Get Info from structure: (freehand tamashii+=Toiu Wake De, Kaa-san-tachi To Yattemita)
2021-12-24 22:23:44,769 (DEBUG): Get Info from structure: (freehand tamasshii+=Shin Mama O Netoruze!)
2021-12-24 22:23:44,777 (DEBUG): Get Info from structure: (gonza+=av mama)
2021-12-24 22:23:44,786 (DEBUG): Get Info from structure: (gonza+=matching appli)
2021-12-24 22:23:44,794 (DEBUG): Get Info from structure: (Gonza+=Mayonaka No Haha)
2021-12-24 22:23:44,802 (DEBUG): Get Info from structure: (gonza+=my three horny moms)
2021-12-24 22:23:44,810 (DEBUG): Get Info from structure: (gonza+=Nonfiction ~boshi Soukan No Kioku~)
2021-12-24 22:23:44,817 (DEBUG): Get Info from structure: (gonza+=stories)
2021-12-24 22:23:44,826 (DEBUG): Get Info from structure: (mizone+=Ajin Iryou Sougou Center e Youkoso!)
2021-12-24 22:23:44,835 (DEBUG): Get Info from structure: (mizone+=Jikyuu 1500 yen!! Gyogyou o Tetsudau Kantan na Oshigoto desu)
2021-12-24 22:23:44,844 (DEBUG): Get Info from structure: (mizone+=Kindan no Shohousen)
2021-12-24 22:23:44,853 (DEBUG): Get Info from structure: (mizone+=monster romance)
2021-12-24 22:23:44,862 (DEBUG): Get Info from structure: (mizone+=monster smash)
2021-12-24 22:23:44,872 (DEBUG): Get Info from structure: (mizone+=Otherworldly Maidens Series)
2021-12-24 22:23:44,885 (DEBUG): Get Info from structure: (mizone+=stories)
2021-12-24 22:23:44,894 (DEBUG): Get Info from structure: (mizone+=Zasshoku Yuusha)
2021-12-24 22:23:44,902 (DEBUG): Get Info from structure: (Tsusauto+=Jichikai no Hitozuma wa Totemo Ecchi deshita)
2021-12-24 22:23:44,911 (INFO): Processing Chapters / Episodes ...
2021-12-24 22:23:44,973 (INFO): Processing Chapters & Pages ... 
2021-12-24 22:24:30,014 (DEBUG): STREAM b'IHDR' 16 13
2021-12-24 22:24:30,014 (DEBUG): STREAM b'tEXt' 41 25
2021-12-24 22:24:30,015 (DEBUG): STREAM b'iTXt' 78 888
2021-12-24 22:24:30,015 (DEBUG): STREAM b'PLTE' 978 96
2021-12-24 22:24:30,015 (DEBUG): STREAM b'IDAT' 1086 62731
2021-12-24 22:25:17,836 (DEBUG): STREAM b'IHDR' 16 13
2021-12-24 22:25:17,836 (DEBUG): STREAM b'gAMA' 41 4
2021-12-24 22:25:17,836 (DEBUG): STREAM b'cHRM' 57 32
2021-12-24 22:25:17,836 (DEBUG): STREAM b'bKGD' 101 2
2021-12-24 22:25:17,836 (DEBUG): b'bKGD' 101 2 (unknown)
2021-12-24 22:25:17,836 (DEBUG): STREAM b'tIME' 115 7
2021-12-24 22:25:17,836 (DEBUG): b'tIME' 115 7 (unknown)
2021-12-24 22:25:17,836 (DEBUG): STREAM b'IDAT' 134 32768
2021-12-24 22:25:17,852 (DEBUG): STREAM b'IHDR' 16 13
2021-12-24 22:25:17,852 (DEBUG): STREAM b'gAMA' 41 4
2021-12-24 22:25:17,852 (DEBUG): STREAM b'cHRM' 57 32
2021-12-24 22:25:17,852 (DEBUG): STREAM b'bKGD' 101 2
2021-12-24 22:25:17,852 (DEBUG): b'bKGD' 101 2 (unknown)
2021-12-24 22:25:17,852 (DEBUG): STREAM b'tIME' 115 7
2021-12-24 22:25:17,852 (DEBUG): b'tIME' 115 7 (unknown)
2021-12-24 22:25:17,852 (DEBUG): STREAM b'IDAT' 134 32768
2021-12-24 22:25:17,866 (DEBUG): STREAM b'IHDR' 16 13
2021-12-24 22:25:17,866 (DEBUG): STREAM b'gAMA' 41 4
2021-12-24 22:25:17,866 (DEBUG): STREAM b'cHRM' 57 32
2021-12-24 22:25:17,866 (DEBUG): STREAM b'bKGD' 101 2
2021-12-24 22:25:17,866 (DEBUG): b'bKGD' 101 2 (unknown)
2021-12-24 22:25:17,866 (DEBUG): STREAM b'tIME' 115 7
2021-12-24 22:25:17,866 (DEBUG): b'tIME' 115 7 (unknown)
2021-12-24 22:25:17,866 (DEBUG): STREAM b'IDAT' 134 32768
2021-12-24 22:25:17,880 (DEBUG): STREAM b'IHDR' 16 13
2021-12-24 22:25:17,880 (DEBUG): STREAM b'gAMA' 41 4
2021-12-24 22:25:17,880 (DEBUG): STREAM b'cHRM' 57 32
2021-12-24 22:25:17,880 (DEBUG): STREAM b'bKGD' 101 2
2021-12-24 22:25:17,880 (DEBUG): b'bKGD' 101 2 (unknown)
2021-12-24 22:25:17,880 (DEBUG): STREAM b'tIME' 115 7
2021-12-24 22:25:17,880 (DEBUG): b'tIME' 115 7 (unknown)
2021-12-24 22:25:17,880 (DEBUG): STREAM b'IDAT' 134 32768
2021-12-24 22:25:17,896 (DEBUG): STREAM b'IHDR' 16 13
2021-12-24 22:25:17,896 (DEBUG): STREAM b'gAMA' 41 4
2021-12-24 22:25:17,896 (DEBUG): STREAM b'cHRM' 57 32
2021-12-24 22:25:17,896 (DEBUG): STREAM b'bKGD' 101 2
2021-12-24 22:25:17,896 (DEBUG): b'bKGD' 101 2 (unknown)
2021-12-24 22:25:17,896 (DEBUG): STREAM b'tIME' 115 7
2021-12-24 22:25:17,896 (DEBUG): b'tIME' 115 7 (unknown)
2021-12-24 22:25:17,896 (DEBUG): STREAM b'IDAT' 134 32768
2021-12-24 22:25:17,919 (DEBUG): STREAM b'IHDR' 16 13
2021-12-24 22:25:17,919 (DEBUG): STREAM b'gAMA' 41 4
2021-12-24 22:25:17,919 (DEBUG): STREAM b'cHRM' 57 32
2021-12-24 22:25:17,919 (DEBUG): STREAM b'bKGD' 101 2
2021-12-24 22:25:17,919 (DEBUG): b'bKGD' 101 2 (unknown)
2021-12-24 22:25:17,919 (DEBUG): STREAM b'tIME' 115 7
2021-12-24 22:25:17,919 (DEBUG): b'tIME' 115 7 (unknown)
2021-12-24 22:25:17,919 (DEBUG): STREAM b'IDAT' 134 32768
2021-12-24 22:25:17,940 (DEBUG): STREAM b'IHDR' 16 13
2021-12-24 22:25:17,940 (DEBUG): STREAM b'gAMA' 41 4
2021-12-24 22:25:17,940 (DEBUG): STREAM b'cHRM' 57 32
2021-12-24 22:25:17,940 (DEBUG): STREAM b'bKGD' 101 2
2021-12-24 22:25:17,940 (DEBUG): b'bKGD' 101 2 (unknown)
2021-12-24 22:25:17,940 (DEBUG): STREAM b'tIME' 115 7
2021-12-24 22:25:17,940 (DEBUG): b'tIME' 115 7 (unknown)
2021-12-24 22:25:17,940 (DEBUG): STREAM b'IDAT' 134 32768
2021-12-24 22:25:17,956 (DEBUG): STREAM b'IHDR' 16 13
2021-12-24 22:25:17,956 (DEBUG): STREAM b'gAMA' 41 4
2021-12-24 22:25:17,956 (DEBUG): STREAM b'cHRM' 57 32
2021-12-24 22:25:17,956 (DEBUG): STREAM b'bKGD' 101 2
2021-12-24 22:25:17,956 (DEBUG): b'bKGD' 101 2 (unknown)
2021-12-24 22:25:17,956 (DEBUG): STREAM b'tIME' 115 7
2021-12-24 22:25:17,956 (DEBUG): b'tIME' 115 7 (unknown)
2021-12-24 22:25:17,956 (DEBUG): STREAM b'IDAT' 134 32768
2021-12-24 22:25:17,972 (DEBUG): STREAM b'IHDR' 16 13
2021-12-24 22:25:17,972 (DEBUG): STREAM b'gAMA' 41 4
2021-12-24 22:25:17,972 (DEBUG): STREAM b'cHRM' 57 32
2021-12-24 22:25:17,972 (DEBUG): STREAM b'bKGD' 101 2
2021-12-24 22:25:17,972 (DEBUG): b'bKGD' 101 2 (unknown)
2021-12-24 22:25:17,972 (DEBUG): STREAM b'tIME' 115 7
2021-12-24 22:25:17,972 (DEBUG): b'tIME' 115 7 (unknown)
2021-12-24 22:25:17,972 (DEBUG): STREAM b'IDAT' 134 32768
2021-12-24 22:25:17,988 (DEBUG): STREAM b'IHDR' 16 13
2021-12-24 22:25:17,988 (DEBUG): STREAM b'gAMA' 41 4
2021-12-24 22:25:17,988 (DEBUG): STREAM b'cHRM' 57 32
2021-12-24 22:25:17,988 (DEBUG): STREAM b'bKGD' 101 2
2021-12-24 22:25:17,988 (DEBUG): b'bKGD' 101 2 (unknown)
2021-12-24 22:25:17,988 (DEBUG): STREAM b'tIME' 115 7
2021-12-24 22:25:17,988 (DEBUG): b'tIME' 115 7 (unknown)
2021-12-24 22:25:17,988 (DEBUG): STREAM b'IDAT' 134 32768
2021-12-24 22:25:18,003 (DEBUG): STREAM b'IHDR' 16 13
2021-12-24 22:25:18,003 (DEBUG): STREAM b'gAMA' 41 4
2021-12-24 22:25:18,004 (DEBUG): STREAM b'cHRM' 57 32
2021-12-24 22:25:18,004 (DEBUG): STREAM b'bKGD' 101 2
2021-12-24 22:25:18,004 (DEBUG): b'bKGD' 101 2 (unknown)
2021-12-24 22:25:18,004 (DEBUG): STREAM b'tIME' 115 7
2021-12-24 22:25:18,004 (DEBUG): b'tIME' 115 7 (unknown)
2021-12-24 22:25:18,004 (DEBUG): STREAM b'IDAT' 134 32768
2021-12-24 22:25:18,020 (DEBUG): STREAM b'IHDR' 16 13
2021-12-24 22:25:18,021 (DEBUG): STREAM b'gAMA' 41 4
2021-12-24 22:25:18,021 (DEBUG): STREAM b'cHRM' 57 32
2021-12-24 22:25:18,021 (DEBUG): STREAM b'bKGD' 101 2
2021-12-24 22:25:18,021 (DEBUG): b'bKGD' 101 2 (unknown)
2021-12-24 22:25:18,021 (DEBUG): STREAM b'tIME' 115 7
2021-12-24 22:25:18,021 (DEBUG): b'tIME' 115 7 (unknown)
2021-12-24 22:25:18,021 (DEBUG): STREAM b'IDAT' 134 32768
2021-12-24 22:25:18,035 (DEBUG): STREAM b'IHDR' 16 13
2021-12-24 22:25:18,036 (DEBUG): STREAM b'gAMA' 41 4
2021-12-24 22:25:18,036 (DEBUG): STREAM b'cHRM' 57 32
2021-12-24 22:25:18,036 (DEBUG): STREAM b'bKGD' 101 2
2021-12-24 22:25:18,036 (DEBUG): b'bKGD' 101 2 (unknown)
2021-12-24 22:25:18,036 (DEBUG): STREAM b'tIME' 115 7
2021-12-24 22:25:18,036 (DEBUG): b'tIME' 115 7 (unknown)
2021-12-24 22:25:18,036 (DEBUG): STREAM b'IDAT' 134 32768
2021-12-24 22:25:18,051 (DEBUG): STREAM b'IHDR' 16 13
2021-12-24 22:25:18,051 (DEBUG): STREAM b'gAMA' 41 4
2021-12-24 22:25:18,051 (DEBUG): STREAM b'cHRM' 57 32
2021-12-24 22:25:18,051 (DEBUG): STREAM b'bKGD' 101 2
2021-12-24 22:25:18,051 (DEBUG): b'bKGD' 101 2 (unknown)
2021-12-24 22:25:18,051 (DEBUG): STREAM b'tIME' 115 7
2021-12-24 22:25:18,051 (DEBUG): b'tIME' 115 7 (unknown)
2021-12-24 22:25:18,051 (DEBUG): STREAM b'IDAT' 134 32768
2021-12-24 22:25:18,065 (DEBUG): STREAM b'IHDR' 16 13
2021-12-24 22:25:18,066 (DEBUG): STREAM b'gAMA' 41 4
2021-12-24 22:25:18,066 (DEBUG): STREAM b'cHRM' 57 32
2021-12-24 22:25:18,066 (DEBUG): STREAM b'bKGD' 101 2
2021-12-24 22:25:18,066 (DEBUG): b'bKGD' 101 2 (unknown)
2021-12-24 22:25:18,066 (DEBUG): STREAM b'tIME' 115 7
2021-12-24 22:25:18,066 (DEBUG): b'tIME' 115 7 (unknown)
2021-12-24 22:25:18,066 (DEBUG): STREAM b'IDAT' 134 32768
2021-12-24 22:25:18,085 (DEBUG): STREAM b'IHDR' 16 13
2021-12-24 22:25:18,085 (DEBUG): STREAM b'gAMA' 41 4
2021-12-24 22:25:18,085 (DEBUG): STREAM b'cHRM' 57 32
2021-12-24 22:25:18,085 (DEBUG): STREAM b'bKGD' 101 2
2021-12-24 22:25:18,086 (DEBUG): b'bKGD' 101 2 (unknown)
2021-12-24 22:25:18,086 (DEBUG): STREAM b'tIME' 115 7
2021-12-24 22:25:18,086 (DEBUG): b'tIME' 115 7 (unknown)
2021-12-24 22:25:18,086 (DEBUG): STREAM b'IDAT' 134 32768
2021-12-24 22:25:18,130 (DEBUG): STREAM b'IHDR' 16 13
2021-12-24 22:25:18,130 (DEBUG): STREAM b'gAMA' 41 4
2021-12-24 22:25:18,130 (DEBUG): STREAM b'cHRM' 57 32
2021-12-24 22:25:18,130 (DEBUG): STREAM b'bKGD' 101 2
2021-12-24 22:25:18,130 (DEBUG): b'bKGD' 101 2 (unknown)
2021-12-24 22:25:18,130 (DEBUG): STREAM b'tIME' 115 7
2021-12-24 22:25:18,130 (DEBUG): b'tIME' 115 7 (unknown)
2021-12-24 22:25:18,131 (DEBUG): STREAM b'IDAT' 134 32768
2021-12-24 22:25:18,153 (DEBUG): STREAM b'IHDR' 16 13
2021-12-24 22:25:18,154 (DEBUG): STREAM b'gAMA' 41 4
2021-12-24 22:25:18,154 (DEBUG): STREAM b'cHRM' 57 32
2021-12-24 22:25:18,154 (DEBUG): STREAM b'bKGD' 101 2
2021-12-24 22:25:18,154 (DEBUG): b'bKGD' 101 2 (unknown)
2021-12-24 22:25:18,154 (DEBUG): STREAM b'tIME' 115 7
2021-12-24 22:25:18,154 (DEBUG): b'tIME' 115 7 (unknown)
2021-12-24 22:25:18,154 (DEBUG): STREAM b'IDAT' 134 32768
2021-12-24 22:25:18,171 (DEBUG): STREAM b'IHDR' 16 13
2021-12-24 22:25:18,171 (DEBUG): STREAM b'gAMA' 41 4
2021-12-24 22:25:18,171 (DEBUG): STREAM b'cHRM' 57 32
2021-12-24 22:25:18,171 (DEBUG): STREAM b'bKGD' 101 2
2021-12-24 22:25:18,171 (DEBUG): b'bKGD' 101 2 (unknown)
2021-12-24 22:25:18,172 (DEBUG): STREAM b'tIME' 115 7
2021-12-24 22:25:18,172 (DEBUG): b'tIME' 115 7 (unknown)
2021-12-24 22:25:18,172 (DEBUG): STREAM b'IDAT' 134 32768
2021-12-24 22:25:18,187 (DEBUG): STREAM b'IHDR' 16 13
2021-12-24 22:25:18,187 (DEBUG): STREAM b'gAMA' 41 4
2021-12-24 22:25:18,187 (DEBUG): STREAM b'cHRM' 57 32
2021-12-24 22:25:18,187 (DEBUG): STREAM b'bKGD' 101 2
2021-12-24 22:25:18,187 (DEBUG): b'bKGD' 101 2 (unknown)
2021-12-24 22:25:18,187 (DEBUG): STREAM b'tIME' 115 7
2021-12-24 22:25:18,187 (DEBUG): b'tIME' 115 7 (unknown)
2021-12-24 22:25:18,187 (DEBUG): STREAM b'IDAT' 134 32768
2021-12-24 22:25:18,253 (DEBUG): STREAM b'IHDR' 16 13
2021-12-24 22:25:18,253 (DEBUG): STREAM b'gAMA' 41 4
2021-12-24 22:25:18,253 (DEBUG): STREAM b'cHRM' 57 32
2021-12-24 22:25:18,253 (DEBUG): STREAM b'bKGD' 101 2
2021-12-24 22:25:18,253 (DEBUG): b'bKGD' 101 2 (unknown)
2021-12-24 22:25:18,253 (DEBUG): STREAM b'tIME' 115 7
2021-12-24 22:25:18,253 (DEBUG): b'tIME' 115 7 (unknown)
2021-12-24 22:25:18,253 (DEBUG): STREAM b'IDAT' 134 32768
2021-12-24 22:25:18,270 (DEBUG): STREAM b'IHDR' 16 13
2021-12-24 22:25:18,270 (DEBUG): STREAM b'gAMA' 41 4
2021-12-24 22:25:18,271 (DEBUG): STREAM b'cHRM' 57 32
2021-12-24 22:25:18,271 (DEBUG): STREAM b'bKGD' 101 2
2021-12-24 22:25:18,271 (DEBUG): b'bKGD' 101 2 (unknown)
2021-12-24 22:25:18,271 (DEBUG): STREAM b'tIME' 115 7
2021-12-24 22:25:18,271 (DEBUG): b'tIME' 115 7 (unknown)
2021-12-24 22:25:18,271 (DEBUG): STREAM b'IDAT' 134 32768
2021-12-24 22:25:18,286 (DEBUG): STREAM b'IHDR' 16 13
2021-12-24 22:25:18,286 (DEBUG): STREAM b'gAMA' 41 4
2021-12-24 22:25:18,286 (DEBUG): STREAM b'cHRM' 57 32
2021-12-24 22:25:18,286 (DEBUG): STREAM b'bKGD' 101 2
2021-12-24 22:25:18,286 (DEBUG): b'bKGD' 101 2 (unknown)
2021-12-24 22:25:18,286 (DEBUG): STREAM b'tIME' 115 7
2021-12-24 22:25:18,286 (DEBUG): b'tIME' 115 7 (unknown)
2021-12-24 22:25:18,286 (DEBUG): STREAM b'IDAT' 134 32768
2021-12-24 22:25:18,305 (DEBUG): STREAM b'IHDR' 16 13
2021-12-24 22:25:18,305 (DEBUG): STREAM b'gAMA' 41 4
2021-12-24 22:25:18,305 (DEBUG): STREAM b'cHRM' 57 32
2021-12-24 22:25:18,305 (DEBUG): STREAM b'bKGD' 101 2
2021-12-24 22:25:18,305 (DEBUG): b'bKGD' 101 2 (unknown)
2021-12-24 22:25:18,305 (DEBUG): STREAM b'tIME' 115 7
2021-12-24 22:25:18,305 (DEBUG): b'tIME' 115 7 (unknown)
2021-12-24 22:25:18,305 (DEBUG): STREAM b'IDAT' 134 32768
2021-12-24 22:25:18,322 (DEBUG): STREAM b'IHDR' 16 13
2021-12-24 22:25:18,322 (DEBUG): STREAM b'gAMA' 41 4
2021-12-24 22:25:18,322 (DEBUG): STREAM b'cHRM' 57 32
2021-12-24 22:25:18,322 (DEBUG): STREAM b'bKGD' 101 2
2021-12-24 22:25:18,322 (DEBUG): b'bKGD' 101 2 (unknown)
2021-12-24 22:25:18,322 (DEBUG): STREAM b'tIME' 115 7
2021-12-24 22:25:18,322 (DEBUG): b'tIME' 115 7 (unknown)
2021-12-24 22:25:18,322 (DEBUG): STREAM b'IDAT' 134 32768
2021-12-24 22:25:18,355 (DEBUG): STREAM b'IHDR' 16 13
2021-12-24 22:25:18,355 (DEBUG): STREAM b'gAMA' 41 4
2021-12-24 22:25:18,356 (DEBUG): STREAM b'cHRM' 57 32
2021-12-24 22:25:18,356 (DEBUG): STREAM b'bKGD' 101 2
2021-12-24 22:25:18,356 (DEBUG): b'bKGD' 101 2 (unknown)
2021-12-24 22:25:18,356 (DEBUG): STREAM b'tIME' 115 7
2021-12-24 22:25:18,356 (DEBUG): b'tIME' 115 7 (unknown)
2021-12-24 22:25:18,356 (DEBUG): STREAM b'IDAT' 134 32768
2021-12-24 22:25:18,371 (DEBUG): STREAM b'IHDR' 16 13
2021-12-24 22:25:18,371 (DEBUG): STREAM b'gAMA' 41 4
2021-12-24 22:25:18,371 (DEBUG): STREAM b'cHRM' 57 32
2021-12-24 22:25:18,371 (DEBUG): STREAM b'bKGD' 101 2
2021-12-24 22:25:18,371 (DEBUG): b'bKGD' 101 2 (unknown)
2021-12-24 22:25:18,371 (DEBUG): STREAM b'tIME' 115 7
2021-12-24 22:25:18,371 (DEBUG): b'tIME' 115 7 (unknown)
2021-12-24 22:25:18,371 (DEBUG): STREAM b'IDAT' 134 32768
2021-12-24 22:25:18,423 (DEBUG): STREAM b'IHDR' 16 13
2021-12-24 22:25:18,423 (DEBUG): STREAM b'gAMA' 41 4
2021-12-24 22:25:18,423 (DEBUG): STREAM b'cHRM' 57 32
2021-12-24 22:25:18,423 (DEBUG): STREAM b'bKGD' 101 2
2021-12-24 22:25:18,423 (DEBUG): b'bKGD' 101 2 (unknown)
2021-12-24 22:25:18,423 (DEBUG): STREAM b'tIME' 115 7
2021-12-24 22:25:18,423 (DEBUG): b'tIME' 115 7 (unknown)
2021-12-24 22:25:18,423 (DEBUG): STREAM b'IDAT' 134 32768
