2021-12-13 21:08:56,994 (INFO): Log Path: D:\Source_Code\Python ++\02. updateComic\log\debug-20211213-2108.56.log
2021-12-13 21:08:57,020 (WARNING): Folder name don't have '+' (120)
2021-12-13 21:08:57,020 (WARNING): Folder name don't have '+' (121)
2021-12-13 21:08:57,021 (WARNING): Folder name don't have '+' (129)
2021-12-13 21:08:57,021 (WARNING): Folder name don't have '+' (131)
2021-12-13 21:08:57,021 (WARNING): Folder name don't have '+' (134)
2021-12-13 21:08:57,021 (WARNING): Folder name don't have '+' (135)
2021-12-13 21:08:57,022 (WARNING): Folder name don't have '+' (136)
2021-12-13 21:08:57,022 (WARNING): Folder name don't have '+' (137)
2021-12-13 21:08:57,022 (WARNING): Folder name don't have '+' (139)
2021-12-13 21:08:57,023 (WARNING): Folder name don't have '+' (140)
2021-12-13 21:08:57,023 (WARNING): Folder name don't have '+' (141)
2021-12-13 21:08:57,023 (WARNING): Folder name don't have '+' (142)
2021-12-13 21:08:57,023 (WARNING): Folder name don't have '+' (143)
2021-12-13 21:08:57,023 (WARNING): Folder name don't have '+' (144)
2021-12-13 21:08:57,024 (WARNING): Folder name don't have '+' (146)
2021-12-13 21:08:57,024 (WARNING): Folder name don't have '+' (149)
2021-12-13 21:08:57,024 (WARNING): Folder name don't have '+' (153)
2021-12-13 21:08:57,024 (WARNING): Folder name don't have '+' (157)
2021-12-13 21:08:57,024 (WARNING): Folder name don't have '+' (158)
2021-12-13 21:08:57,024 (WARNING): Folder name don't have '+' (162)
2021-12-13 21:08:57,025 (WARNING): Folder name don't have '+' (166)
2021-12-13 21:08:57,025 (WARNING): Folder name don't have '+' (167)
2021-12-13 21:08:57,025 (WARNING): Folder name don't have '+' (871)
2021-12-13 21:08:57,025 (WARNING): Folder name don't have '+' (876)
2021-12-13 21:08:57,025 (WARNING): Folder name don't have '+' (877)
2021-12-13 21:08:57,025 (WARNING): Folder name don't have '+' (881)
2021-12-13 21:08:57,026 (WARNING): Folder name don't have '+' (885)
2021-12-13 21:08:57,026 (WARNING): Folder name don't have '+' (886)
2021-12-13 21:08:57,026 (WARNING): Folder name don't have '+' (890)
2021-12-13 21:08:57,026 (WARNING): Folder name don't have '+' (893)
2021-12-13 21:08:57,026 (WARNING): Folder name don't have '+' (894)
2021-12-13 21:08:57,026 (WARNING): Folder name don't have '+' (895)
2021-12-13 21:08:57,027 (WARNING): Folder name don't have '+' (896)
2021-12-13 21:08:57,027 (WARNING): Folder name don't have '+' (898)
2021-12-13 21:08:57,027 (WARNING): Folder name don't have '+' (901)
2021-12-13 21:08:57,027 (WARNING): Folder name don't have '+' (902)
2021-12-13 21:08:57,027 (WARNING): Folder name don't have '+' (903)
2021-12-13 21:08:57,027 (WARNING): Folder name don't have '+' (904)
2021-12-13 21:08:57,028 (WARNING): Folder name don't have '+' (905)
2021-12-13 21:08:57,028 (WARNING): Folder name don't have '+' (906)
2021-12-13 21:08:57,028 (WARNING): Folder name don't have '+' (908)
2021-12-13 21:08:57,028 (WARNING): Folder name don't have '+' (910)
2021-12-13 21:08:57,028 (WARNING): Folder name don't have '+' (913)
2021-12-13 21:08:57,028 (WARNING): Folder name don't have '+' (918)
2021-12-13 21:08:57,029 (WARNING): Folder name don't have '+' (919)
2021-12-13 21:08:57,029 (WARNING): There are multiple numbers in episode name dir: []
2021-12-13 21:08:57,030 (WARNING): There are multiple numbers in episode name dir: []
2021-12-13 21:08:57,057 (WARNING): There are multiple numbers in episode name dir: []
2021-12-13 21:08:57,073 (WARNING): There are multiple numbers in episode name dir: []
2021-12-13 21:08:57,073 (WARNING): There are multiple numbers in episode name dir: []
2021-12-13 21:08:57,073 (WARNING): There are multiple numbers in episode name dir: []
2021-12-13 21:08:57,074 (WARNING): There are multiple numbers in episode name dir: []
2021-12-13 21:08:57,074 (WARNING): There are multiple numbers in episode name dir: []
2021-12-13 21:08:57,075 (WARNING): There are multiple numbers in episode name dir: []
2021-12-13 21:08:57,086 (WARNING): There are multiple numbers in episode name dir: []
2021-12-13 21:08:57,093 (WARNING): There are multiple numbers in episode name dir: []
2021-12-13 21:08:57,094 (WARNING): There are multiple numbers in episode name dir: []
2021-12-13 21:08:57,094 (WARNING): There are multiple numbers in episode name dir: []
2021-12-13 21:08:57,102 (WARNING): There are multiple numbers in episode name dir: []
2021-12-13 21:08:57,103 (WARNING): There are multiple numbers in episode name dir: []
2021-12-13 21:08:57,103 (WARNING): There are multiple numbers in episode name dir: []
2021-12-13 21:08:57,104 (WARNING): There are multiple numbers in episode name dir: []
2021-12-13 21:08:57,104 (WARNING): There are multiple numbers in episode name dir: []
2021-12-13 21:08:57,105 (WARNING): There are multiple numbers in episode name dir: []
2021-12-13 21:08:57,106 (WARNING): There are multiple numbers in episode name dir: []
2021-12-13 21:08:57,108 (WARNING): There are multiple numbers in episode name dir: []
2021-12-13 21:08:57,109 (WARNING): There are multiple numbers in episode name dir: []
2021-12-13 21:08:57,110 (WARNING): There are multiple numbers in episode name dir: []
2021-12-13 21:08:57,110 (WARNING): There are multiple numbers in episode name dir: []
2021-12-13 21:08:57,111 (WARNING): There are multiple numbers in episode name dir: []
2021-12-13 21:08:57,116 (WARNING): There are multiple numbers in episode name dir: []
2021-12-13 21:08:57,120 (WARNING): There are multiple numbers in episode name dir: []
2021-12-13 21:08:57,146 (WARNING): There are multiple numbers in episode name dir: []
2021-12-13 21:08:57,147 (WARNING): There are multiple numbers in episode name dir: []
2021-12-13 21:08:57,147 (WARNING): There are multiple numbers in episode name dir: []
2021-12-13 21:08:57,147 (WARNING): There are multiple numbers in episode name dir: []
2021-12-13 21:08:57,150 (WARNING): There are multiple numbers in episode name dir: []
2021-12-13 21:08:57,150 (WARNING): There are multiple numbers in episode name dir: []
2021-12-13 21:08:57,152 (WARNING): There are multiple numbers in episode name dir: []
2021-12-13 21:08:57,169 (WARNING): There are multiple numbers in episode name dir: []
2021-12-13 21:08:57,171 (WARNING): There are multiple numbers in episode name dir: []
2021-12-13 21:08:57,171 (WARNING): There are multiple numbers in episode name dir: []
2021-12-13 21:08:57,177 (WARNING): There are multiple numbers in episode name dir: []
2021-12-13 21:08:57,183 (WARNING): There are multiple numbers in episode name dir: []
2021-12-13 21:08:57,184 (WARNING): There are multiple numbers in episode name dir: []
2021-12-13 21:08:57,185 (WARNING): There are multiple numbers in episode name dir: []
2021-12-13 21:08:57,223 (WARNING): There are multiple numbers in episode name dir: ['113', '2']
2021-12-13 21:08:57,224 (WARNING): There are multiple numbers in episode name dir: ['114', '3']
2021-12-13 21:08:57,224 (WARNING): There are multiple numbers in episode name dir: ['115', '4']
2021-12-13 21:08:57,224 (WARNING): There are multiple numbers in episode name dir: ['116', '5']
2021-12-13 21:08:57,224 (WARNING): There are multiple numbers in episode name dir: ['117', '6']
2021-12-13 21:08:57,224 (WARNING): There are multiple numbers in episode name dir: ['118', '7']
2021-12-13 21:08:57,224 (WARNING): There are multiple numbers in episode name dir: ['118', '8']
2021-12-13 21:08:57,225 (WARNING): There are multiple numbers in episode name dir: []
2021-12-13 21:08:57,225 (WARNING): There are multiple numbers in episode name dir: []
2021-12-13 21:08:57,229 (WARNING): There are multiple numbers in episode name dir: []
2021-12-13 21:08:57,229 (WARNING): There are multiple numbers in episode name dir: []
2021-12-13 21:08:57,230 (WARNING): There are multiple numbers in episode name dir: []
2021-12-13 21:08:57,231 (WARNING): There are multiple numbers in episode name dir: []
2021-12-13 21:08:57,232 (WARNING): There are multiple numbers in episode name dir: []
2021-12-13 21:08:57,242 (WARNING): There are multiple numbers in episode name dir: []
2021-12-13 21:08:57,242 (WARNING): There are multiple numbers in episode name dir: []
2021-12-13 21:08:57,245 (WARNING): There are multiple numbers in episode name dir: []
2021-12-13 21:08:57,246 (WARNING): There are multiple numbers in episode name dir: []
2021-12-13 21:08:57,246 (WARNING): There are multiple numbers in episode name dir: []
2021-12-13 21:08:57,246 (WARNING): There are multiple numbers in episode name dir: []
2021-12-13 21:08:57,247 (WARNING): There are multiple numbers in episode name dir: []
2021-12-13 21:08:57,247 (WARNING): There are multiple numbers in episode name dir: []
2021-12-13 21:08:57,250 (WARNING): There are multiple numbers in episode name dir: []
2021-12-13 21:08:57,257 (WARNING): There are multiple numbers in episode name dir: []
2021-12-13 21:08:57,258 (WARNING): There are multiple numbers in episode name dir: []
2021-12-13 21:08:57,259 (WARNING): There are multiple numbers in episode name dir: []
2021-12-13 21:08:57,261 (WARNING): There are multiple numbers in episode name dir: []
2021-12-13 21:08:57,264 (WARNING): There are multiple numbers in episode name dir: []
2021-12-13 21:08:57,264 (WARNING): There are multiple numbers in episode name dir: []
2021-12-13 21:08:57,278 (WARNING): There are multiple numbers in episode name dir: []
2021-12-13 21:08:57,279 (WARNING): There are multiple numbers in episode name dir: []
2021-12-13 21:08:57,280 (WARNING): There are multiple numbers in episode name dir: []
2021-12-13 21:08:57,285 (WARNING): Folder name have more than 1 '+' (nagare ippon+yuri kan + kanyou shoujo)
2021-12-13 21:08:57,287 (WARNING): There are multiple numbers in episode name dir: []
