2021-12-24 14:09:42,841 (INFO): Log Path: D:\Source_Code\Python ++\02. updateComic\log\debug-20211224-1409.42.log
2021-12-24 14:09:44,879 (INFO): Currently Processing image
2021-12-24 14:09:44,879 (INFO): Processing Titles ...
2021-12-24 14:09:44,938 (DEBUG): Get Info from structure: (2t+=sakusei toshi elosion)
2021-12-24 14:09:44,947 (DEBUG): Get Info from structure: (a-10+=koukai tanetsuke hentai koubi 2)
2021-12-24 14:09:44,955 (DEBUG): Get Info from structure: (Abubu+=Kinjo no Onnatachi ga Nazeka Ore no Ie no Furo ni Hairi ni Kuru Ken)
2021-12-24 14:09:44,962 (DEBUG): Get Info from structure: (abubu+=npc kan mod)
2021-12-24 14:09:44,971 (DEBUG): Get Info from structure: (agobitch nee-san+=Hataraku Onee-san-tachi ~Mikonritsu no Takai Machi de Hataraku Tokoya no Onee-san ni Okuchi de Shiborareru~)
2021-12-24 14:09:44,980 (DEBUG): Get Info from structure: (agobitch nee-san+=Seifuku Bishoujo)
2021-12-24 14:09:44,989 (DEBUG): Get Info from structure: (ahemaru+=slave the blood)
2021-12-24 14:09:44,998 (DEBUG): Get Info from structure: (amano ameno+=Jabami Yumeko Hentai Koushuu Benjo Tantsubo Nikubenki Onna)
2021-12-24 14:09:45,005 (DEBUG): Get Info from structure: (amano ameno+=Kyonyuu Onna Joushi Saimin Nikuningyou)
2021-12-24 14:09:45,013 (DEBUG): Get Info from structure: (Ameyama Denshin+=Stories)
2021-12-24 14:09:45,022 (DEBUG): Get Info from structure: (Arai Kei+=Boku No Kanojo)
2021-12-24 14:09:45,031 (DEBUG): Get Info from structure: (arai kei+=Boku Wa Kanojo No Namae Mo Shiranai)
2021-12-24 14:09:45,039 (DEBUG): Get Info from structure: (arai kei+=hougan kanojo)
2021-12-24 14:09:45,048 (DEBUG): Get Info from structure: (arai kei+=Stories)
2021-12-24 14:09:45,061 (DEBUG): Get Info from structure: (Arai Taiki+=Kahanshin Daiichi Shugi)
2021-12-24 14:09:45,071 (DEBUG): Get Info from structure: (arai taiki+=ochita yume no naka de)
2021-12-24 14:09:45,081 (DEBUG): Get Info from structure: (Arai Taiki+=Stories)
2021-12-24 14:09:45,104 (DEBUG): Get Info from structure: (aroma sensei+=Gwen)
2021-12-24 14:09:45,114 (DEBUG): Get Info from structure: (aroma sensei+=what's going on here)
2021-12-24 14:09:45,122 (DEBUG): Get Info from structure: (asanagi+=Stories)
2021-12-24 14:09:45,130 (DEBUG): Get Info from structure: (BeNantoka+=Stories)
2021-12-24 14:09:45,141 (DEBUG): Get Info from structure: (Bonske+=Arawareta Chijo wa Toshishita Kui no Scatolo Hentai deshita)
2021-12-24 14:09:45,157 (DEBUG): Get Info from structure: (bonske+=sono kuchi to shita de subete o uketomenasai)
2021-12-24 14:09:45,166 (DEBUG): Get Info from structure: (Dokurosan+=Stories)
2021-12-24 14:09:45,177 (DEBUG): Get Info from structure: (Enokido+=Stories)
2021-12-24 14:09:45,187 (DEBUG): Get Info from structure: (freehand tamashii+=aorare tsuma)
2021-12-24 14:09:45,200 (DEBUG): Get Info from structure: (freehand tamashii+=Incha No Oi Ga Yaritai Oba-san)
2021-12-24 14:09:45,212 (DEBUG): Get Info from structure: (freehand tamashii+=Isourou Saki No Obasan Ni Hameru!)
2021-12-24 14:09:45,222 (DEBUG): Get Info from structure: (freehand tamashii+=Stories)
2021-12-24 14:09:45,233 (DEBUG): Get Info from structure: (freehand tamashii+=Toiu Wake De, Kaa-san-tachi To Yattemita)
2021-12-24 14:09:45,244 (DEBUG): Get Info from structure: (freehand tamasshii+=Shin Mama O Netoruze!)
2021-12-24 14:09:45,253 (DEBUG): Get Info from structure: (gonza+=av mama)
2021-12-24 14:09:45,264 (DEBUG): Get Info from structure: (gonza+=matching appli)
2021-12-24 14:09:45,274 (DEBUG): Get Info from structure: (Gonza+=Mayonaka No Haha)
2021-12-24 14:09:45,281 (DEBUG): Get Info from structure: (gonza+=my three horny moms)
2021-12-24 14:09:45,290 (DEBUG): Get Info from structure: (gonza+=Nonfiction ~boshi Soukan No Kioku~)
2021-12-24 14:09:45,298 (DEBUG): Get Info from structure: (gonza+=stories)
2021-12-24 14:09:45,307 (DEBUG): Get Info from structure: (mizone+=Ajin Iryou Sougou Center e Youkoso!)
2021-12-24 14:09:45,316 (DEBUG): Get Info from structure: (mizone+=Jikyuu 1500 yen!! Gyogyou o Tetsudau Kantan na Oshigoto desu)
2021-12-24 14:09:45,324 (DEBUG): Get Info from structure: (mizone+=Kindan no Shohousen)
2021-12-24 14:09:45,330 (DEBUG): Get Info from structure: (mizone+=monster romance)
2021-12-24 14:09:45,339 (DEBUG): Get Info from structure: (mizone+=monster smash)
2021-12-24 14:09:45,350 (DEBUG): Get Info from structure: (mizone+=Otherworldly Maidens Series)
2021-12-24 14:09:45,367 (DEBUG): Get Info from structure: (mizone+=stories)
2021-12-24 14:09:45,376 (DEBUG): Get Info from structure: (mizone+=Zasshoku Yuusha)
2021-12-24 14:09:45,385 (DEBUG): Get Info from structure: (Tsusauto+=Jichikai no Hitozuma wa Totemo Ecchi deshita)
2021-12-24 14:09:45,394 (INFO): Processing Chapters / Episodes ...
2021-12-24 14:09:45,409 (INFO): Processing Chapters & Pages ... 
2021-12-24 14:11:12,838 (DEBUG): STREAM b'IHDR' 16 13
2021-12-24 14:11:12,838 (DEBUG): STREAM b'gAMA' 41 4
2021-12-24 14:11:12,839 (DEBUG): STREAM b'cHRM' 57 32
2021-12-24 14:11:12,839 (DEBUG): STREAM b'bKGD' 101 2
2021-12-24 14:11:12,839 (DEBUG): b'bKGD' 101 2 (unknown)
2021-12-24 14:11:12,839 (DEBUG): STREAM b'tIME' 115 7
2021-12-24 14:11:12,839 (DEBUG): b'tIME' 115 7 (unknown)
2021-12-24 14:11:12,839 (DEBUG): STREAM b'IDAT' 134 32768
2021-12-24 14:11:12,857 (DEBUG): STREAM b'IHDR' 16 13
2021-12-24 14:11:12,857 (DEBUG): STREAM b'gAMA' 41 4
2021-12-24 14:11:12,857 (DEBUG): STREAM b'cHRM' 57 32
2021-12-24 14:11:12,857 (DEBUG): STREAM b'bKGD' 101 2
2021-12-24 14:11:12,857 (DEBUG): b'bKGD' 101 2 (unknown)
2021-12-24 14:11:12,857 (DEBUG): STREAM b'tIME' 115 7
2021-12-24 14:11:12,857 (DEBUG): b'tIME' 115 7 (unknown)
2021-12-24 14:11:12,857 (DEBUG): STREAM b'IDAT' 134 32768
2021-12-24 14:11:12,872 (DEBUG): STREAM b'IHDR' 16 13
2021-12-24 14:11:12,872 (DEBUG): STREAM b'gAMA' 41 4
2021-12-24 14:11:12,872 (DEBUG): STREAM b'cHRM' 57 32
2021-12-24 14:11:12,872 (DEBUG): STREAM b'bKGD' 101 2
2021-12-24 14:11:12,872 (DEBUG): b'bKGD' 101 2 (unknown)
2021-12-24 14:11:12,872 (DEBUG): STREAM b'tIME' 115 7
2021-12-24 14:11:12,872 (DEBUG): b'tIME' 115 7 (unknown)
2021-12-24 14:11:12,872 (DEBUG): STREAM b'IDAT' 134 32768
2021-12-24 14:11:12,886 (DEBUG): STREAM b'IHDR' 16 13
2021-12-24 14:11:12,887 (DEBUG): STREAM b'gAMA' 41 4
2021-12-24 14:11:12,887 (DEBUG): STREAM b'cHRM' 57 32
2021-12-24 14:11:12,887 (DEBUG): STREAM b'bKGD' 101 2
2021-12-24 14:11:12,887 (DEBUG): b'bKGD' 101 2 (unknown)
2021-12-24 14:11:12,887 (DEBUG): STREAM b'tIME' 115 7
2021-12-24 14:11:12,887 (DEBUG): b'tIME' 115 7 (unknown)
2021-12-24 14:11:12,887 (DEBUG): STREAM b'IDAT' 134 32768
2021-12-24 14:11:12,905 (DEBUG): STREAM b'IHDR' 16 13
2021-12-24 14:11:12,905 (DEBUG): STREAM b'gAMA' 41 4
2021-12-24 14:11:12,905 (DEBUG): STREAM b'cHRM' 57 32
2021-12-24 14:11:12,905 (DEBUG): STREAM b'bKGD' 101 2
2021-12-24 14:11:12,905 (DEBUG): b'bKGD' 101 2 (unknown)
2021-12-24 14:11:12,905 (DEBUG): STREAM b'tIME' 115 7
2021-12-24 14:11:12,905 (DEBUG): b'tIME' 115 7 (unknown)
2021-12-24 14:11:12,906 (DEBUG): STREAM b'IDAT' 134 32768
2021-12-24 14:11:12,919 (DEBUG): STREAM b'IHDR' 16 13
2021-12-24 14:11:12,919 (DEBUG): STREAM b'gAMA' 41 4
2021-12-24 14:11:12,920 (DEBUG): STREAM b'cHRM' 57 32
2021-12-24 14:11:12,920 (DEBUG): STREAM b'bKGD' 101 2
2021-12-24 14:11:12,920 (DEBUG): b'bKGD' 101 2 (unknown)
2021-12-24 14:11:12,920 (DEBUG): STREAM b'tIME' 115 7
2021-12-24 14:11:12,920 (DEBUG): b'tIME' 115 7 (unknown)
2021-12-24 14:11:12,920 (DEBUG): STREAM b'IDAT' 134 32768
2021-12-24 14:11:12,936 (DEBUG): STREAM b'IHDR' 16 13
2021-12-24 14:11:12,937 (DEBUG): STREAM b'gAMA' 41 4
2021-12-24 14:11:12,937 (DEBUG): STREAM b'cHRM' 57 32
2021-12-24 14:11:12,937 (DEBUG): STREAM b'bKGD' 101 2
2021-12-24 14:11:12,937 (DEBUG): b'bKGD' 101 2 (unknown)
2021-12-24 14:11:12,937 (DEBUG): STREAM b'tIME' 115 7
2021-12-24 14:11:12,937 (DEBUG): b'tIME' 115 7 (unknown)
2021-12-24 14:11:12,937 (DEBUG): STREAM b'IDAT' 134 32768
2021-12-24 14:11:12,952 (DEBUG): STREAM b'IHDR' 16 13
2021-12-24 14:11:12,952 (DEBUG): STREAM b'gAMA' 41 4
2021-12-24 14:11:12,952 (DEBUG): STREAM b'cHRM' 57 32
2021-12-24 14:11:12,952 (DEBUG): STREAM b'bKGD' 101 2
2021-12-24 14:11:12,953 (DEBUG): b'bKGD' 101 2 (unknown)
2021-12-24 14:11:12,953 (DEBUG): STREAM b'tIME' 115 7
2021-12-24 14:11:12,953 (DEBUG): b'tIME' 115 7 (unknown)
2021-12-24 14:11:12,953 (DEBUG): STREAM b'IDAT' 134 32768
2021-12-24 14:11:12,969 (DEBUG): STREAM b'IHDR' 16 13
2021-12-24 14:11:12,970 (DEBUG): STREAM b'gAMA' 41 4
2021-12-24 14:11:12,970 (DEBUG): STREAM b'cHRM' 57 32
2021-12-24 14:11:12,970 (DEBUG): STREAM b'bKGD' 101 2
2021-12-24 14:11:12,970 (DEBUG): b'bKGD' 101 2 (unknown)
2021-12-24 14:11:12,970 (DEBUG): STREAM b'tIME' 115 7
2021-12-24 14:11:12,970 (DEBUG): b'tIME' 115 7 (unknown)
2021-12-24 14:11:12,970 (DEBUG): STREAM b'IDAT' 134 32768
2021-12-24 14:11:12,985 (DEBUG): STREAM b'IHDR' 16 13
2021-12-24 14:11:12,985 (DEBUG): STREAM b'gAMA' 41 4
2021-12-24 14:11:12,985 (DEBUG): STREAM b'cHRM' 57 32
2021-12-24 14:11:12,985 (DEBUG): STREAM b'bKGD' 101 2
2021-12-24 14:11:12,985 (DEBUG): b'bKGD' 101 2 (unknown)
2021-12-24 14:11:12,985 (DEBUG): STREAM b'tIME' 115 7
2021-12-24 14:11:12,985 (DEBUG): b'tIME' 115 7 (unknown)
2021-12-24 14:11:12,985 (DEBUG): STREAM b'IDAT' 134 32768
2021-12-24 14:11:13,001 (DEBUG): STREAM b'IHDR' 16 13
2021-12-24 14:11:13,001 (DEBUG): STREAM b'gAMA' 41 4
2021-12-24 14:11:13,001 (DEBUG): STREAM b'cHRM' 57 32
2021-12-24 14:11:13,001 (DEBUG): STREAM b'bKGD' 101 2
2021-12-24 14:11:13,001 (DEBUG): b'bKGD' 101 2 (unknown)
2021-12-24 14:11:13,001 (DEBUG): STREAM b'tIME' 115 7
2021-12-24 14:11:13,001 (DEBUG): b'tIME' 115 7 (unknown)
2021-12-24 14:11:13,001 (DEBUG): STREAM b'IDAT' 134 32768
2021-12-24 14:11:13,018 (DEBUG): STREAM b'IHDR' 16 13
2021-12-24 14:11:13,018 (DEBUG): STREAM b'gAMA' 41 4
2021-12-24 14:11:13,018 (DEBUG): STREAM b'cHRM' 57 32
2021-12-24 14:11:13,018 (DEBUG): STREAM b'bKGD' 101 2
2021-12-24 14:11:13,018 (DEBUG): b'bKGD' 101 2 (unknown)
2021-12-24 14:11:13,018 (DEBUG): STREAM b'tIME' 115 7
2021-12-24 14:11:13,018 (DEBUG): b'tIME' 115 7 (unknown)
2021-12-24 14:11:13,018 (DEBUG): STREAM b'IDAT' 134 32768
2021-12-24 14:11:13,034 (DEBUG): STREAM b'IHDR' 16 13
2021-12-24 14:11:13,034 (DEBUG): STREAM b'gAMA' 41 4
2021-12-24 14:11:13,034 (DEBUG): STREAM b'cHRM' 57 32
2021-12-24 14:11:13,034 (DEBUG): STREAM b'bKGD' 101 2
2021-12-24 14:11:13,034 (DEBUG): b'bKGD' 101 2 (unknown)
2021-12-24 14:11:13,034 (DEBUG): STREAM b'tIME' 115 7
2021-12-24 14:11:13,034 (DEBUG): b'tIME' 115 7 (unknown)
2021-12-24 14:11:13,034 (DEBUG): STREAM b'IDAT' 134 32768
2021-12-24 14:11:13,052 (DEBUG): STREAM b'IHDR' 16 13
2021-12-24 14:11:13,052 (DEBUG): STREAM b'gAMA' 41 4
2021-12-24 14:11:13,052 (DEBUG): STREAM b'cHRM' 57 32
2021-12-24 14:11:13,052 (DEBUG): STREAM b'bKGD' 101 2
2021-12-24 14:11:13,052 (DEBUG): b'bKGD' 101 2 (unknown)
2021-12-24 14:11:13,052 (DEBUG): STREAM b'tIME' 115 7
2021-12-24 14:11:13,052 (DEBUG): b'tIME' 115 7 (unknown)
2021-12-24 14:11:13,052 (DEBUG): STREAM b'IDAT' 134 32768
2021-12-24 14:11:13,064 (DEBUG): STREAM b'IHDR' 16 13
2021-12-24 14:11:13,065 (DEBUG): STREAM b'gAMA' 41 4
2021-12-24 14:11:13,065 (DEBUG): STREAM b'cHRM' 57 32
2021-12-24 14:11:13,065 (DEBUG): STREAM b'bKGD' 101 2
2021-12-24 14:11:13,065 (DEBUG): b'bKGD' 101 2 (unknown)
2021-12-24 14:11:13,065 (DEBUG): STREAM b'tIME' 115 7
2021-12-24 14:11:13,065 (DEBUG): b'tIME' 115 7 (unknown)
2021-12-24 14:11:13,065 (DEBUG): STREAM b'IDAT' 134 32768
2021-12-24 14:11:13,079 (DEBUG): STREAM b'IHDR' 16 13
2021-12-24 14:11:13,079 (DEBUG): STREAM b'gAMA' 41 4
2021-12-24 14:11:13,079 (DEBUG): STREAM b'cHRM' 57 32
2021-12-24 14:11:13,079 (DEBUG): STREAM b'bKGD' 101 2
2021-12-24 14:11:13,079 (DEBUG): b'bKGD' 101 2 (unknown)
2021-12-24 14:11:13,079 (DEBUG): STREAM b'tIME' 115 7
2021-12-24 14:11:13,079 (DEBUG): b'tIME' 115 7 (unknown)
2021-12-24 14:11:13,079 (DEBUG): STREAM b'IDAT' 134 32768
2021-12-24 14:11:13,115 (DEBUG): STREAM b'IHDR' 16 13
2021-12-24 14:11:13,115 (DEBUG): STREAM b'gAMA' 41 4
2021-12-24 14:11:13,115 (DEBUG): STREAM b'cHRM' 57 32
2021-12-24 14:11:13,115 (DEBUG): STREAM b'bKGD' 101 2
2021-12-24 14:11:13,115 (DEBUG): b'bKGD' 101 2 (unknown)
2021-12-24 14:11:13,115 (DEBUG): STREAM b'tIME' 115 7
2021-12-24 14:11:13,115 (DEBUG): b'tIME' 115 7 (unknown)
2021-12-24 14:11:13,115 (DEBUG): STREAM b'IDAT' 134 32768
2021-12-24 14:11:13,129 (DEBUG): STREAM b'IHDR' 16 13
2021-12-24 14:11:13,129 (DEBUG): STREAM b'gAMA' 41 4
2021-12-24 14:11:13,129 (DEBUG): STREAM b'cHRM' 57 32
2021-12-24 14:11:13,129 (DEBUG): STREAM b'bKGD' 101 2
2021-12-24 14:11:13,129 (DEBUG): b'bKGD' 101 2 (unknown)
2021-12-24 14:11:13,129 (DEBUG): STREAM b'tIME' 115 7
2021-12-24 14:11:13,129 (DEBUG): b'tIME' 115 7 (unknown)
2021-12-24 14:11:13,129 (DEBUG): STREAM b'IDAT' 134 32768
2021-12-24 14:11:13,145 (DEBUG): STREAM b'IHDR' 16 13
2021-12-24 14:11:13,145 (DEBUG): STREAM b'gAMA' 41 4
2021-12-24 14:11:13,145 (DEBUG): STREAM b'cHRM' 57 32
2021-12-24 14:11:13,146 (DEBUG): STREAM b'bKGD' 101 2
2021-12-24 14:11:13,146 (DEBUG): b'bKGD' 101 2 (unknown)
2021-12-24 14:11:13,146 (DEBUG): STREAM b'tIME' 115 7
2021-12-24 14:11:13,146 (DEBUG): b'tIME' 115 7 (unknown)
2021-12-24 14:11:13,146 (DEBUG): STREAM b'IDAT' 134 32768
2021-12-24 14:11:13,161 (DEBUG): STREAM b'IHDR' 16 13
2021-12-24 14:11:13,161 (DEBUG): STREAM b'gAMA' 41 4
2021-12-24 14:11:13,161 (DEBUG): STREAM b'cHRM' 57 32
2021-12-24 14:11:13,161 (DEBUG): STREAM b'bKGD' 101 2
2021-12-24 14:11:13,162 (DEBUG): b'bKGD' 101 2 (unknown)
2021-12-24 14:11:13,162 (DEBUG): STREAM b'tIME' 115 7
2021-12-24 14:11:13,162 (DEBUG): b'tIME' 115 7 (unknown)
2021-12-24 14:11:13,163 (DEBUG): STREAM b'IDAT' 134 32768
2021-12-24 14:11:13,223 (DEBUG): STREAM b'IHDR' 16 13
2021-12-24 14:11:13,223 (DEBUG): STREAM b'gAMA' 41 4
2021-12-24 14:11:13,223 (DEBUG): STREAM b'cHRM' 57 32
2021-12-24 14:11:13,224 (DEBUG): STREAM b'bKGD' 101 2
2021-12-24 14:11:13,224 (DEBUG): b'bKGD' 101 2 (unknown)
2021-12-24 14:11:13,224 (DEBUG): STREAM b'tIME' 115 7
2021-12-24 14:11:13,224 (DEBUG): b'tIME' 115 7 (unknown)
2021-12-24 14:11:13,224 (DEBUG): STREAM b'IDAT' 134 32768
2021-12-24 14:11:13,241 (DEBUG): STREAM b'IHDR' 16 13
2021-12-24 14:11:13,241 (DEBUG): STREAM b'gAMA' 41 4
2021-12-24 14:11:13,241 (DEBUG): STREAM b'cHRM' 57 32
2021-12-24 14:11:13,241 (DEBUG): STREAM b'bKGD' 101 2
2021-12-24 14:11:13,241 (DEBUG): b'bKGD' 101 2 (unknown)
2021-12-24 14:11:13,241 (DEBUG): STREAM b'tIME' 115 7
2021-12-24 14:11:13,241 (DEBUG): b'tIME' 115 7 (unknown)
2021-12-24 14:11:13,241 (DEBUG): STREAM b'IDAT' 134 32768
2021-12-24 14:11:13,257 (DEBUG): STREAM b'IHDR' 16 13
2021-12-24 14:11:13,257 (DEBUG): STREAM b'gAMA' 41 4
2021-12-24 14:11:13,257 (DEBUG): STREAM b'cHRM' 57 32
2021-12-24 14:11:13,257 (DEBUG): STREAM b'bKGD' 101 2
2021-12-24 14:11:13,257 (DEBUG): b'bKGD' 101 2 (unknown)
2021-12-24 14:11:13,257 (DEBUG): STREAM b'tIME' 115 7
2021-12-24 14:11:13,257 (DEBUG): b'tIME' 115 7 (unknown)
2021-12-24 14:11:13,257 (DEBUG): STREAM b'IDAT' 134 32768
2021-12-24 14:11:13,273 (DEBUG): STREAM b'IHDR' 16 13
2021-12-24 14:11:13,273 (DEBUG): STREAM b'gAMA' 41 4
2021-12-24 14:11:13,273 (DEBUG): STREAM b'cHRM' 57 32
2021-12-24 14:11:13,273 (DEBUG): STREAM b'bKGD' 101 2
2021-12-24 14:11:13,273 (DEBUG): b'bKGD' 101 2 (unknown)
2021-12-24 14:11:13,274 (DEBUG): STREAM b'tIME' 115 7
2021-12-24 14:11:13,274 (DEBUG): b'tIME' 115 7 (unknown)
2021-12-24 14:11:13,274 (DEBUG): STREAM b'IDAT' 134 32768
2021-12-24 14:11:13,287 (DEBUG): STREAM b'IHDR' 16 13
2021-12-24 14:11:13,287 (DEBUG): STREAM b'gAMA' 41 4
2021-12-24 14:11:13,287 (DEBUG): STREAM b'cHRM' 57 32
2021-12-24 14:11:13,287 (DEBUG): STREAM b'bKGD' 101 2
2021-12-24 14:11:13,287 (DEBUG): b'bKGD' 101 2 (unknown)
2021-12-24 14:11:13,287 (DEBUG): STREAM b'tIME' 115 7
2021-12-24 14:11:13,287 (DEBUG): b'tIME' 115 7 (unknown)
2021-12-24 14:11:13,287 (DEBUG): STREAM b'IDAT' 134 32768
2021-12-24 14:11:13,316 (DEBUG): STREAM b'IHDR' 16 13
2021-12-24 14:11:13,316 (DEBUG): STREAM b'gAMA' 41 4
2021-12-24 14:11:13,316 (DEBUG): STREAM b'cHRM' 57 32
2021-12-24 14:11:13,316 (DEBUG): STREAM b'bKGD' 101 2
2021-12-24 14:11:13,317 (DEBUG): b'bKGD' 101 2 (unknown)
2021-12-24 14:11:13,317 (DEBUG): STREAM b'tIME' 115 7
2021-12-24 14:11:13,317 (DEBUG): b'tIME' 115 7 (unknown)
2021-12-24 14:11:13,317 (DEBUG): STREAM b'IDAT' 134 32768
2021-12-24 14:11:13,333 (DEBUG): STREAM b'IHDR' 16 13
2021-12-24 14:11:13,333 (DEBUG): STREAM b'gAMA' 41 4
2021-12-24 14:11:13,333 (DEBUG): STREAM b'cHRM' 57 32
2021-12-24 14:11:13,333 (DEBUG): STREAM b'bKGD' 101 2
2021-12-24 14:11:13,333 (DEBUG): b'bKGD' 101 2 (unknown)
2021-12-24 14:11:13,333 (DEBUG): STREAM b'tIME' 115 7
2021-12-24 14:11:13,333 (DEBUG): b'tIME' 115 7 (unknown)
2021-12-24 14:11:13,333 (DEBUG): STREAM b'IDAT' 134 32768
2021-12-24 14:11:13,382 (DEBUG): STREAM b'IHDR' 16 13
2021-12-24 14:11:13,382 (DEBUG): STREAM b'gAMA' 41 4
2021-12-24 14:11:13,382 (DEBUG): STREAM b'cHRM' 57 32
2021-12-24 14:11:13,382 (DEBUG): STREAM b'bKGD' 101 2
2021-12-24 14:11:13,382 (DEBUG): b'bKGD' 101 2 (unknown)
2021-12-24 14:11:13,382 (DEBUG): STREAM b'tIME' 115 7
2021-12-24 14:11:13,383 (DEBUG): b'tIME' 115 7 (unknown)
2021-12-24 14:11:13,383 (DEBUG): STREAM b'IDAT' 134 32768
