2021-12-24 11:31:37,374 (INFO): Log Path: D:\Source_Code\Python ++\02. updateComic\log\debug-20211224-1131.37.log
2021-12-24 11:31:39,431 (INFO): Currently Processing image
2021-12-24 11:31:39,431 (INFO): Processing Titles ...
2021-12-24 11:31:39,453 (DEBUG): Get Info from structure: (2t+=sakusei toshi elosion)
2021-12-24 11:31:39,462 (DEBUG): Get Info from structure: (a-10+=koukai tanetsuke hentai koubi 2)
2021-12-24 11:31:39,471 (DEBUG): Get Info from structure: (Abubu+=Kinjo no Onnatachi ga Nazeka Ore no Ie no Furo ni Hairi ni Kuru Ken)
2021-12-24 11:31:39,482 (DEBUG): Get Info from structure: (abubu+=npc kan mod)
2021-12-24 11:31:39,493 (DEBUG): Get Info from structure: (agobitch nee-san+=Hataraku Onee-san-tachi ~Mikonritsu no Takai Machi de Hataraku Tokoya no Onee-san ni Okuchi de Shiborareru~)
2021-12-24 11:31:39,501 (DEBUG): Get Info from structure: (agobitch nee-san+=Seifuku Bishoujo)
2021-12-24 11:31:39,511 (DEBUG): Get Info from structure: (ahemaru+=slave the blood)
2021-12-24 11:31:39,522 (DEBUG): Get Info from structure: (amano ameno+=Jabami Yumeko Hentai Koushuu Benjo Tantsubo Nikubenki Onna)
2021-12-24 11:31:39,531 (DEBUG): Get Info from structure: (amano ameno+=Kyonyuu Onna Joushi Saimin Nikuningyou)
2021-12-24 11:31:39,547 (DEBUG): Get Info from structure: (Ameyama Denshin+=Stories)
2021-12-24 11:31:39,557 (DEBUG): Get Info from structure: (Arai Kei+=Boku No Kanojo)
2021-12-24 11:31:39,568 (DEBUG): Get Info from structure: (arai kei+=Boku Wa Kanojo No Namae Mo Shiranai)
2021-12-24 11:31:39,581 (DEBUG): Get Info from structure: (arai kei+=hougan kanojo)
2021-12-24 11:31:39,593 (DEBUG): Get Info from structure: (arai kei+=Stories)
2021-12-24 11:31:39,602 (DEBUG): Get Info from structure: (Arai Taiki+=Kahanshin Daiichi Shugi)
2021-12-24 11:31:39,611 (DEBUG): Get Info from structure: (arai taiki+=ochita yume no naka de)
2021-12-24 11:31:39,620 (DEBUG): Get Info from structure: (Arai Taiki+=Stories)
2021-12-24 11:31:39,629 (DEBUG): Get Info from structure: (aroma sensei+=Gwen)
2021-12-24 11:31:39,639 (DEBUG): Get Info from structure: (aroma sensei+=what's going on here)
2021-12-24 11:31:39,647 (DEBUG): Get Info from structure: (asanagi+=Stories)
2021-12-24 11:31:39,656 (DEBUG): Get Info from structure: (BeNantoka+=Stories)
2021-12-24 11:31:39,668 (DEBUG): Get Info from structure: (Bonske+=Arawareta Chijo wa Toshishita Kui no Scatolo Hentai deshita)
2021-12-24 11:31:39,677 (DEBUG): Get Info from structure: (bonske+=sono kuchi to shita de subete o uketomenasai)
2021-12-24 11:31:39,686 (DEBUG): Get Info from structure: (Dokurosan+=Stories)
2021-12-24 11:31:39,700 (DEBUG): Get Info from structure: (Enokido+=Stories)
2021-12-24 11:31:39,710 (DEBUG): Get Info from structure: (freehand tamashii+=aorare tsuma)
2021-12-24 11:31:39,719 (DEBUG): Get Info from structure: (freehand tamashii+=Incha No Oi Ga Yaritai Oba-san)
2021-12-24 11:31:39,729 (DEBUG): Get Info from structure: (freehand tamashii+=Isourou Saki No Obasan Ni Hameru!)
2021-12-24 11:31:39,739 (DEBUG): Get Info from structure: (freehand tamashii+=Stories)
2021-12-24 11:31:39,748 (DEBUG): Get Info from structure: (freehand tamashii+=Toiu Wake De, Kaa-san-tachi To Yattemita)
2021-12-24 11:31:39,759 (DEBUG): Get Info from structure: (freehand tamasshii+=Shin Mama O Netoruze!)
2021-12-24 11:31:39,768 (DEBUG): Get Info from structure: (gonza+=av mama)
2021-12-24 11:31:39,777 (DEBUG): Get Info from structure: (gonza+=matching appli)
2021-12-24 11:31:39,786 (DEBUG): Get Info from structure: (Gonza+=Mayonaka No Haha)
2021-12-24 11:31:39,795 (DEBUG): Get Info from structure: (gonza+=my three horny moms)
2021-12-24 11:31:39,804 (DEBUG): Get Info from structure: (gonza+=Nonfiction ~boshi Soukan No Kioku~)
2021-12-24 11:31:39,812 (DEBUG): Get Info from structure: (gonza+=stories)
2021-12-24 11:31:39,821 (DEBUG): Get Info from structure: (mizone+=Ajin Iryou Sougou Center e Youkoso!)
2021-12-24 11:31:39,830 (DEBUG): Get Info from structure: (mizone+=Jikyuu 1500 yen!! Gyogyou o Tetsudau Kantan na Oshigoto desu)
2021-12-24 11:31:39,838 (DEBUG): Get Info from structure: (mizone+=Kindan no Shohousen)
2021-12-24 11:31:39,846 (DEBUG): Get Info from structure: (mizone+=monster romance)
2021-12-24 11:31:39,861 (DEBUG): Get Info from structure: (mizone+=monster smash)
2021-12-24 11:31:39,871 (DEBUG): Get Info from structure: (mizone+=Otherworldly Maidens Series)
2021-12-24 11:31:39,878 (DEBUG): Get Info from structure: (mizone+=stories)
2021-12-24 11:31:39,888 (DEBUG): Get Info from structure: (mizone+=Zasshoku Yuusha)
2021-12-24 11:31:39,897 (DEBUG): Get Info from structure: (Tsusauto+=Jichikai no Hitozuma wa Totemo Ecchi deshita)
2021-12-24 11:31:39,905 (INFO): Processing Chapters / Episodes ...
2021-12-24 11:31:40,034 (INFO): Processing Chapters & Pages ... 
2021-12-24 11:32:21,888 (DEBUG): STREAM b'IHDR' 16 13
2021-12-24 11:32:21,888 (DEBUG): STREAM b'gAMA' 41 4
2021-12-24 11:32:21,888 (DEBUG): STREAM b'cHRM' 57 32
2021-12-24 11:32:21,889 (DEBUG): STREAM b'bKGD' 101 2
2021-12-24 11:32:21,889 (DEBUG): b'bKGD' 101 2 (unknown)
2021-12-24 11:32:21,889 (DEBUG): STREAM b'tIME' 115 7
2021-12-24 11:32:21,889 (DEBUG): b'tIME' 115 7 (unknown)
2021-12-24 11:32:21,889 (DEBUG): STREAM b'IDAT' 134 32768
2021-12-24 11:32:21,905 (DEBUG): STREAM b'IHDR' 16 13
2021-12-24 11:32:21,905 (DEBUG): STREAM b'gAMA' 41 4
2021-12-24 11:32:21,905 (DEBUG): STREAM b'cHRM' 57 32
2021-12-24 11:32:21,906 (DEBUG): STREAM b'bKGD' 101 2
2021-12-24 11:32:21,906 (DEBUG): b'bKGD' 101 2 (unknown)
2021-12-24 11:32:21,907 (DEBUG): STREAM b'tIME' 115 7
2021-12-24 11:32:21,907 (DEBUG): b'tIME' 115 7 (unknown)
2021-12-24 11:32:21,907 (DEBUG): STREAM b'IDAT' 134 32768
2021-12-24 11:32:21,922 (DEBUG): STREAM b'IHDR' 16 13
2021-12-24 11:32:21,924 (DEBUG): STREAM b'gAMA' 41 4
2021-12-24 11:32:21,924 (DEBUG): STREAM b'cHRM' 57 32
2021-12-24 11:32:21,924 (DEBUG): STREAM b'bKGD' 101 2
2021-12-24 11:32:21,924 (DEBUG): b'bKGD' 101 2 (unknown)
2021-12-24 11:32:21,924 (DEBUG): STREAM b'tIME' 115 7
2021-12-24 11:32:21,924 (DEBUG): b'tIME' 115 7 (unknown)
2021-12-24 11:32:21,925 (DEBUG): STREAM b'IDAT' 134 32768
2021-12-24 11:32:21,941 (DEBUG): STREAM b'IHDR' 16 13
2021-12-24 11:32:21,942 (DEBUG): STREAM b'gAMA' 41 4
2021-12-24 11:32:21,942 (DEBUG): STREAM b'cHRM' 57 32
2021-12-24 11:32:21,942 (DEBUG): STREAM b'bKGD' 101 2
2021-12-24 11:32:21,942 (DEBUG): b'bKGD' 101 2 (unknown)
2021-12-24 11:32:21,942 (DEBUG): STREAM b'tIME' 115 7
2021-12-24 11:32:21,942 (DEBUG): b'tIME' 115 7 (unknown)
2021-12-24 11:32:21,942 (DEBUG): STREAM b'IDAT' 134 32768
2021-12-24 11:32:21,959 (DEBUG): STREAM b'IHDR' 16 13
2021-12-24 11:32:21,959 (DEBUG): STREAM b'gAMA' 41 4
2021-12-24 11:32:21,959 (DEBUG): STREAM b'cHRM' 57 32
2021-12-24 11:32:21,959 (DEBUG): STREAM b'bKGD' 101 2
2021-12-24 11:32:21,959 (DEBUG): b'bKGD' 101 2 (unknown)
2021-12-24 11:32:21,959 (DEBUG): STREAM b'tIME' 115 7
2021-12-24 11:32:21,959 (DEBUG): b'tIME' 115 7 (unknown)
2021-12-24 11:32:21,959 (DEBUG): STREAM b'IDAT' 134 32768
2021-12-24 11:32:21,977 (DEBUG): STREAM b'IHDR' 16 13
2021-12-24 11:32:21,977 (DEBUG): STREAM b'gAMA' 41 4
2021-12-24 11:32:21,977 (DEBUG): STREAM b'cHRM' 57 32
2021-12-24 11:32:21,977 (DEBUG): STREAM b'bKGD' 101 2
2021-12-24 11:32:21,977 (DEBUG): b'bKGD' 101 2 (unknown)
2021-12-24 11:32:21,977 (DEBUG): STREAM b'tIME' 115 7
2021-12-24 11:32:21,977 (DEBUG): b'tIME' 115 7 (unknown)
2021-12-24 11:32:21,978 (DEBUG): STREAM b'IDAT' 134 32768
2021-12-24 11:32:22,000 (DEBUG): STREAM b'IHDR' 16 13
2021-12-24 11:32:22,000 (DEBUG): STREAM b'gAMA' 41 4
2021-12-24 11:32:22,000 (DEBUG): STREAM b'cHRM' 57 32
2021-12-24 11:32:22,000 (DEBUG): STREAM b'bKGD' 101 2
2021-12-24 11:32:22,000 (DEBUG): b'bKGD' 101 2 (unknown)
2021-12-24 11:32:22,000 (DEBUG): STREAM b'tIME' 115 7
2021-12-24 11:32:22,000 (DEBUG): b'tIME' 115 7 (unknown)
2021-12-24 11:32:22,000 (DEBUG): STREAM b'IDAT' 134 32768
2021-12-24 11:32:22,018 (DEBUG): STREAM b'IHDR' 16 13
2021-12-24 11:32:22,018 (DEBUG): STREAM b'gAMA' 41 4
2021-12-24 11:32:22,018 (DEBUG): STREAM b'cHRM' 57 32
2021-12-24 11:32:22,018 (DEBUG): STREAM b'bKGD' 101 2
2021-12-24 11:32:22,018 (DEBUG): b'bKGD' 101 2 (unknown)
2021-12-24 11:32:22,018 (DEBUG): STREAM b'tIME' 115 7
2021-12-24 11:32:22,018 (DEBUG): b'tIME' 115 7 (unknown)
2021-12-24 11:32:22,018 (DEBUG): STREAM b'IDAT' 134 32768
2021-12-24 11:32:22,036 (DEBUG): STREAM b'IHDR' 16 13
2021-12-24 11:32:22,036 (DEBUG): STREAM b'gAMA' 41 4
2021-12-24 11:32:22,036 (DEBUG): STREAM b'cHRM' 57 32
2021-12-24 11:32:22,036 (DEBUG): STREAM b'bKGD' 101 2
2021-12-24 11:32:22,036 (DEBUG): b'bKGD' 101 2 (unknown)
2021-12-24 11:32:22,036 (DEBUG): STREAM b'tIME' 115 7
2021-12-24 11:32:22,036 (DEBUG): b'tIME' 115 7 (unknown)
2021-12-24 11:32:22,036 (DEBUG): STREAM b'IDAT' 134 32768
2021-12-24 11:32:22,052 (DEBUG): STREAM b'IHDR' 16 13
2021-12-24 11:32:22,052 (DEBUG): STREAM b'gAMA' 41 4
2021-12-24 11:32:22,052 (DEBUG): STREAM b'cHRM' 57 32
2021-12-24 11:32:22,052 (DEBUG): STREAM b'bKGD' 101 2
2021-12-24 11:32:22,052 (DEBUG): b'bKGD' 101 2 (unknown)
2021-12-24 11:32:22,052 (DEBUG): STREAM b'tIME' 115 7
2021-12-24 11:32:22,052 (DEBUG): b'tIME' 115 7 (unknown)
2021-12-24 11:32:22,052 (DEBUG): STREAM b'IDAT' 134 32768
2021-12-24 11:32:22,072 (DEBUG): STREAM b'IHDR' 16 13
2021-12-24 11:32:22,072 (DEBUG): STREAM b'gAMA' 41 4
2021-12-24 11:32:22,073 (DEBUG): STREAM b'cHRM' 57 32
2021-12-24 11:32:22,073 (DEBUG): STREAM b'bKGD' 101 2
2021-12-24 11:32:22,073 (DEBUG): b'bKGD' 101 2 (unknown)
2021-12-24 11:32:22,073 (DEBUG): STREAM b'tIME' 115 7
2021-12-24 11:32:22,073 (DEBUG): b'tIME' 115 7 (unknown)
2021-12-24 11:32:22,074 (DEBUG): STREAM b'IDAT' 134 32768
2021-12-24 11:32:22,092 (DEBUG): STREAM b'IHDR' 16 13
2021-12-24 11:32:22,092 (DEBUG): STREAM b'gAMA' 41 4
2021-12-24 11:32:22,092 (DEBUG): STREAM b'cHRM' 57 32
2021-12-24 11:32:22,092 (DEBUG): STREAM b'bKGD' 101 2
2021-12-24 11:32:22,092 (DEBUG): b'bKGD' 101 2 (unknown)
2021-12-24 11:32:22,092 (DEBUG): STREAM b'tIME' 115 7
2021-12-24 11:32:22,092 (DEBUG): b'tIME' 115 7 (unknown)
2021-12-24 11:32:22,092 (DEBUG): STREAM b'IDAT' 134 32768
2021-12-24 11:32:22,111 (DEBUG): STREAM b'IHDR' 16 13
2021-12-24 11:32:22,111 (DEBUG): STREAM b'gAMA' 41 4
2021-12-24 11:32:22,111 (DEBUG): STREAM b'cHRM' 57 32
2021-12-24 11:32:22,111 (DEBUG): STREAM b'bKGD' 101 2
2021-12-24 11:32:22,111 (DEBUG): b'bKGD' 101 2 (unknown)
2021-12-24 11:32:22,111 (DEBUG): STREAM b'tIME' 115 7
2021-12-24 11:32:22,111 (DEBUG): b'tIME' 115 7 (unknown)
2021-12-24 11:32:22,111 (DEBUG): STREAM b'IDAT' 134 32768
2021-12-24 11:32:22,132 (DEBUG): STREAM b'IHDR' 16 13
2021-12-24 11:32:22,132 (DEBUG): STREAM b'gAMA' 41 4
2021-12-24 11:32:22,132 (DEBUG): STREAM b'cHRM' 57 32
2021-12-24 11:32:22,132 (DEBUG): STREAM b'bKGD' 101 2
2021-12-24 11:32:22,132 (DEBUG): b'bKGD' 101 2 (unknown)
2021-12-24 11:32:22,132 (DEBUG): STREAM b'tIME' 115 7
2021-12-24 11:32:22,133 (DEBUG): b'tIME' 115 7 (unknown)
2021-12-24 11:32:22,133 (DEBUG): STREAM b'IDAT' 134 32768
2021-12-24 11:32:22,150 (DEBUG): STREAM b'IHDR' 16 13
2021-12-24 11:32:22,150 (DEBUG): STREAM b'gAMA' 41 4
2021-12-24 11:32:22,150 (DEBUG): STREAM b'cHRM' 57 32
2021-12-24 11:32:22,150 (DEBUG): STREAM b'bKGD' 101 2
2021-12-24 11:32:22,150 (DEBUG): b'bKGD' 101 2 (unknown)
2021-12-24 11:32:22,150 (DEBUG): STREAM b'tIME' 115 7
2021-12-24 11:32:22,150 (DEBUG): b'tIME' 115 7 (unknown)
2021-12-24 11:32:22,150 (DEBUG): STREAM b'IDAT' 134 32768
2021-12-24 11:32:22,168 (DEBUG): STREAM b'IHDR' 16 13
2021-12-24 11:32:22,168 (DEBUG): STREAM b'gAMA' 41 4
2021-12-24 11:32:22,168 (DEBUG): STREAM b'cHRM' 57 32
2021-12-24 11:32:22,168 (DEBUG): STREAM b'bKGD' 101 2
2021-12-24 11:32:22,168 (DEBUG): b'bKGD' 101 2 (unknown)
2021-12-24 11:32:22,168 (DEBUG): STREAM b'tIME' 115 7
2021-12-24 11:32:22,168 (DEBUG): b'tIME' 115 7 (unknown)
2021-12-24 11:32:22,168 (DEBUG): STREAM b'IDAT' 134 32768
2021-12-24 11:32:22,212 (DEBUG): STREAM b'IHDR' 16 13
2021-12-24 11:32:22,212 (DEBUG): STREAM b'gAMA' 41 4
2021-12-24 11:32:22,212 (DEBUG): STREAM b'cHRM' 57 32
2021-12-24 11:32:22,213 (DEBUG): STREAM b'bKGD' 101 2
2021-12-24 11:32:22,213 (DEBUG): b'bKGD' 101 2 (unknown)
2021-12-24 11:32:22,213 (DEBUG): STREAM b'tIME' 115 7
2021-12-24 11:32:22,213 (DEBUG): b'tIME' 115 7 (unknown)
2021-12-24 11:32:22,213 (DEBUG): STREAM b'IDAT' 134 32768
2021-12-24 11:32:22,231 (DEBUG): STREAM b'IHDR' 16 13
2021-12-24 11:32:22,231 (DEBUG): STREAM b'gAMA' 41 4
2021-12-24 11:32:22,231 (DEBUG): STREAM b'cHRM' 57 32
2021-12-24 11:32:22,231 (DEBUG): STREAM b'bKGD' 101 2
2021-12-24 11:32:22,231 (DEBUG): b'bKGD' 101 2 (unknown)
2021-12-24 11:32:22,232 (DEBUG): STREAM b'tIME' 115 7
2021-12-24 11:32:22,232 (DEBUG): b'tIME' 115 7 (unknown)
2021-12-24 11:32:22,232 (DEBUG): STREAM b'IDAT' 134 32768
2021-12-24 11:32:22,250 (DEBUG): STREAM b'IHDR' 16 13
2021-12-24 11:32:22,250 (DEBUG): STREAM b'gAMA' 41 4
2021-12-24 11:32:22,250 (DEBUG): STREAM b'cHRM' 57 32
2021-12-24 11:32:22,250 (DEBUG): STREAM b'bKGD' 101 2
2021-12-24 11:32:22,250 (DEBUG): b'bKGD' 101 2 (unknown)
2021-12-24 11:32:22,250 (DEBUG): STREAM b'tIME' 115 7
2021-12-24 11:32:22,250 (DEBUG): b'tIME' 115 7 (unknown)
2021-12-24 11:32:22,250 (DEBUG): STREAM b'IDAT' 134 32768
2021-12-24 11:32:22,267 (DEBUG): STREAM b'IHDR' 16 13
2021-12-24 11:32:22,267 (DEBUG): STREAM b'gAMA' 41 4
2021-12-24 11:32:22,267 (DEBUG): STREAM b'cHRM' 57 32
2021-12-24 11:32:22,267 (DEBUG): STREAM b'bKGD' 101 2
2021-12-24 11:32:22,267 (DEBUG): b'bKGD' 101 2 (unknown)
2021-12-24 11:32:22,267 (DEBUG): STREAM b'tIME' 115 7
2021-12-24 11:32:22,267 (DEBUG): b'tIME' 115 7 (unknown)
2021-12-24 11:32:22,267 (DEBUG): STREAM b'IDAT' 134 32768
2021-12-24 11:32:22,335 (DEBUG): STREAM b'IHDR' 16 13
2021-12-24 11:32:22,335 (DEBUG): STREAM b'gAMA' 41 4
2021-12-24 11:32:22,335 (DEBUG): STREAM b'cHRM' 57 32
2021-12-24 11:32:22,335 (DEBUG): STREAM b'bKGD' 101 2
2021-12-24 11:32:22,335 (DEBUG): b'bKGD' 101 2 (unknown)
2021-12-24 11:32:22,335 (DEBUG): STREAM b'tIME' 115 7
2021-12-24 11:32:22,335 (DEBUG): b'tIME' 115 7 (unknown)
2021-12-24 11:32:22,336 (DEBUG): STREAM b'IDAT' 134 32768
2021-12-24 11:32:22,354 (DEBUG): STREAM b'IHDR' 16 13
2021-12-24 11:32:22,354 (DEBUG): STREAM b'gAMA' 41 4
2021-12-24 11:32:22,354 (DEBUG): STREAM b'cHRM' 57 32
2021-12-24 11:32:22,354 (DEBUG): STREAM b'bKGD' 101 2
2021-12-24 11:32:22,354 (DEBUG): b'bKGD' 101 2 (unknown)
2021-12-24 11:32:22,354 (DEBUG): STREAM b'tIME' 115 7
2021-12-24 11:32:22,354 (DEBUG): b'tIME' 115 7 (unknown)
2021-12-24 11:32:22,354 (DEBUG): STREAM b'IDAT' 134 32768
2021-12-24 11:32:22,370 (DEBUG): STREAM b'IHDR' 16 13
2021-12-24 11:32:22,370 (DEBUG): STREAM b'gAMA' 41 4
2021-12-24 11:32:22,370 (DEBUG): STREAM b'cHRM' 57 32
2021-12-24 11:32:22,370 (DEBUG): STREAM b'bKGD' 101 2
2021-12-24 11:32:22,370 (DEBUG): b'bKGD' 101 2 (unknown)
2021-12-24 11:32:22,370 (DEBUG): STREAM b'tIME' 115 7
2021-12-24 11:32:22,371 (DEBUG): b'tIME' 115 7 (unknown)
2021-12-24 11:32:22,371 (DEBUG): STREAM b'IDAT' 134 32768
2021-12-24 11:32:22,388 (DEBUG): STREAM b'IHDR' 16 13
2021-12-24 11:32:22,388 (DEBUG): STREAM b'gAMA' 41 4
2021-12-24 11:32:22,388 (DEBUG): STREAM b'cHRM' 57 32
2021-12-24 11:32:22,389 (DEBUG): STREAM b'bKGD' 101 2
2021-12-24 11:32:22,389 (DEBUG): b'bKGD' 101 2 (unknown)
2021-12-24 11:32:22,389 (DEBUG): STREAM b'tIME' 115 7
2021-12-24 11:32:22,389 (DEBUG): b'tIME' 115 7 (unknown)
2021-12-24 11:32:22,389 (DEBUG): STREAM b'IDAT' 134 32768
2021-12-24 11:32:22,404 (DEBUG): STREAM b'IHDR' 16 13
2021-12-24 11:32:22,405 (DEBUG): STREAM b'gAMA' 41 4
2021-12-24 11:32:22,405 (DEBUG): STREAM b'cHRM' 57 32
2021-12-24 11:32:22,405 (DEBUG): STREAM b'bKGD' 101 2
2021-12-24 11:32:22,405 (DEBUG): b'bKGD' 101 2 (unknown)
2021-12-24 11:32:22,405 (DEBUG): STREAM b'tIME' 115 7
2021-12-24 11:32:22,405 (DEBUG): b'tIME' 115 7 (unknown)
2021-12-24 11:32:22,405 (DEBUG): STREAM b'IDAT' 134 32768
2021-12-24 11:32:22,439 (DEBUG): STREAM b'IHDR' 16 13
2021-12-24 11:32:22,440 (DEBUG): STREAM b'gAMA' 41 4
2021-12-24 11:32:22,440 (DEBUG): STREAM b'cHRM' 57 32
2021-12-24 11:32:22,440 (DEBUG): STREAM b'bKGD' 101 2
2021-12-24 11:32:22,440 (DEBUG): b'bKGD' 101 2 (unknown)
2021-12-24 11:32:22,440 (DEBUG): STREAM b'tIME' 115 7
2021-12-24 11:32:22,440 (DEBUG): b'tIME' 115 7 (unknown)
2021-12-24 11:32:22,441 (DEBUG): STREAM b'IDAT' 134 32768
2021-12-24 11:32:22,458 (DEBUG): STREAM b'IHDR' 16 13
2021-12-24 11:32:22,458 (DEBUG): STREAM b'gAMA' 41 4
2021-12-24 11:32:22,458 (DEBUG): STREAM b'cHRM' 57 32
2021-12-24 11:32:22,458 (DEBUG): STREAM b'bKGD' 101 2
2021-12-24 11:32:22,458 (DEBUG): b'bKGD' 101 2 (unknown)
2021-12-24 11:32:22,458 (DEBUG): STREAM b'tIME' 115 7
2021-12-24 11:32:22,458 (DEBUG): b'tIME' 115 7 (unknown)
2021-12-24 11:32:22,458 (DEBUG): STREAM b'IDAT' 134 32768
2021-12-24 11:32:22,504 (DEBUG): STREAM b'IHDR' 16 13
2021-12-24 11:32:22,504 (DEBUG): STREAM b'gAMA' 41 4
2021-12-24 11:32:22,504 (DEBUG): STREAM b'cHRM' 57 32
2021-12-24 11:32:22,504 (DEBUG): STREAM b'bKGD' 101 2
2021-12-24 11:32:22,504 (DEBUG): b'bKGD' 101 2 (unknown)
2021-12-24 11:32:22,504 (DEBUG): STREAM b'tIME' 115 7
2021-12-24 11:32:22,504 (DEBUG): b'tIME' 115 7 (unknown)
2021-12-24 11:32:22,505 (DEBUG): STREAM b'IDAT' 134 32768
