2021-12-24 21:56:02,124 (INFO): Log Path: D:\Source_Code\Python ++\02. updateComic\log\debug-20211224-2156.02.log
2021-12-24 21:56:04,159 (INFO): Currently Processing image
2021-12-24 21:56:04,160 (INFO): Processing Titles ...
2021-12-24 21:56:04,222 (DEBUG): Get Info from structure: (2t+=sakusei toshi elosion)
2021-12-24 21:56:04,231 (DEBUG): Get Info from structure: (a-10+=koukai tanetsuke hentai koubi 2)
2021-12-24 21:56:04,239 (DEBUG): Get Info from structure: (Abubu+=Kinjo no Onnatachi ga Nazeka Ore no Ie no Furo ni Hairi ni Kuru Ken)
2021-12-24 21:56:04,247 (DEBUG): Get Info from structure: (abubu+=npc kan mod)
2021-12-24 21:56:04,255 (DEBUG): Get Info from structure: (agobitch nee-san+=Hataraku Onee-san-tachi ~Mikonritsu no Takai Machi de Hataraku Tokoya no Onee-san ni Okuchi de Shiborareru~)
2021-12-24 21:56:04,262 (DEBUG): Get Info from structure: (agobitch nee-san+=Seifuku Bishoujo)
2021-12-24 21:56:04,270 (DEBUG): Get Info from structure: (ahemaru+=slave the blood)
2021-12-24 21:56:04,280 (DEBUG): Get Info from structure: (amano ameno+=Jabami Yumeko Hentai Koushuu Benjo Tantsubo Nikubenki Onna)
2021-12-24 21:56:04,288 (DEBUG): Get Info from structure: (amano ameno+=Kyonyuu Onna Joushi Saimin Nikuningyou)
2021-12-24 21:56:04,296 (DEBUG): Get Info from structure: (Ameyama Denshin+=Stories)
2021-12-24 21:56:04,306 (DEBUG): Get Info from structure: (Arai Kei+=Boku No Kanojo)
2021-12-24 21:56:04,315 (DEBUG): Get Info from structure: (arai kei+=Boku Wa Kanojo No Namae Mo Shiranai)
2021-12-24 21:56:04,324 (DEBUG): Get Info from structure: (arai kei+=hougan kanojo)
2021-12-24 21:56:04,333 (DEBUG): Get Info from structure: (arai kei+=Stories)
2021-12-24 21:56:04,341 (DEBUG): Get Info from structure: (Arai Taiki+=Kahanshin Daiichi Shugi)
2021-12-24 21:56:04,351 (DEBUG): Get Info from structure: (arai taiki+=ochita yume no naka de)
2021-12-24 21:56:04,360 (DEBUG): Get Info from structure: (Arai Taiki+=Stories)
2021-12-24 21:56:04,369 (DEBUG): Get Info from structure: (aroma sensei+=Gwen)
2021-12-24 21:56:04,378 (DEBUG): Get Info from structure: (aroma sensei+=what's going on here)
2021-12-24 21:56:04,388 (DEBUG): Get Info from structure: (asanagi+=Stories)
2021-12-24 21:56:04,396 (DEBUG): Get Info from structure: (BeNantoka+=Stories)
2021-12-24 21:56:04,406 (DEBUG): Get Info from structure: (Bonske+=Arawareta Chijo wa Toshishita Kui no Scatolo Hentai deshita)
2021-12-24 21:56:04,414 (DEBUG): Get Info from structure: (bonske+=sono kuchi to shita de subete o uketomenasai)
2021-12-24 21:56:04,422 (DEBUG): Get Info from structure: (Dokurosan+=Stories)
2021-12-24 21:56:04,434 (DEBUG): Get Info from structure: (doujin mukashibanashi+=Stories)
2021-12-24 21:56:04,443 (DEBUG): Get Info from structure: (Enokido+=Stories)
2021-12-24 21:56:04,452 (DEBUG): Get Info from structure: (freehand tamashii+=aorare tsuma)
2021-12-24 21:56:04,461 (DEBUG): Get Info from structure: (freehand tamashii+=Incha No Oi Ga Yaritai Oba-san)
2021-12-24 21:56:04,472 (DEBUG): Get Info from structure: (freehand tamashii+=Isourou Saki No Obasan Ni Hameru!)
2021-12-24 21:56:04,480 (DEBUG): Get Info from structure: (freehand tamashii+=Stories)
2021-12-24 21:56:04,488 (DEBUG): Get Info from structure: (freehand tamashii+=Toiu Wake De, Kaa-san-tachi To Yattemita)
2021-12-24 21:56:04,497 (DEBUG): Get Info from structure: (freehand tamasshii+=Shin Mama O Netoruze!)
2021-12-24 21:56:04,506 (DEBUG): Get Info from structure: (gonza+=av mama)
2021-12-24 21:56:04,517 (DEBUG): Get Info from structure: (gonza+=matching appli)
2021-12-24 21:56:04,525 (DEBUG): Get Info from structure: (Gonza+=Mayonaka No Haha)
2021-12-24 21:56:04,536 (DEBUG): Get Info from structure: (gonza+=my three horny moms)
2021-12-24 21:56:04,543 (DEBUG): Get Info from structure: (gonza+=Nonfiction ~boshi Soukan No Kioku~)
2021-12-24 21:56:04,552 (DEBUG): Get Info from structure: (gonza+=stories)
2021-12-24 21:56:04,561 (DEBUG): Get Info from structure: (mizone+=Ajin Iryou Sougou Center e Youkoso!)
2021-12-24 21:56:04,570 (DEBUG): Get Info from structure: (mizone+=Jikyuu 1500 yen!! Gyogyou o Tetsudau Kantan na Oshigoto desu)
2021-12-24 21:56:04,578 (DEBUG): Get Info from structure: (mizone+=Kindan no Shohousen)
2021-12-24 21:56:04,587 (DEBUG): Get Info from structure: (mizone+=monster romance)
2021-12-24 21:56:04,596 (DEBUG): Get Info from structure: (mizone+=monster smash)
2021-12-24 21:56:04,606 (DEBUG): Get Info from structure: (mizone+=Otherworldly Maidens Series)
2021-12-24 21:56:04,613 (DEBUG): Get Info from structure: (mizone+=stories)
2021-12-24 21:56:04,623 (DEBUG): Get Info from structure: (mizone+=Zasshoku Yuusha)
2021-12-24 21:56:04,631 (DEBUG): Get Info from structure: (Tsusauto+=Jichikai no Hitozuma wa Totemo Ecchi deshita)
2021-12-24 21:56:04,640 (INFO): Processing Chapters / Episodes ...
