2021-12-23 22:47:55,181 (INFO): Log Path: D:\Source_Code\Python ++\02. updateComic\log\debug-20211223-2247.55.log
2021-12-23 22:47:57,240 (INFO): Currently Processing image
2021-12-23 22:47:57,240 (INFO): Processing Titles ...
2021-12-23 22:47:57,259 (DEBUG): Get Info from structure: (2t+=sakusei toshi elosion)
2021-12-23 22:47:57,268 (DEBUG): Get Info from structure: (a-10+=koukai tanetsuke hentai koubi 2)
2021-12-23 22:47:57,277 (DEBUG): Get Info from structure: (Abubu+=Kinjo no Onnatachi ga Nazeka Ore no Ie no Furo ni Hairi ni Kuru Ken)
2021-12-23 22:47:57,285 (DEBUG): Get Info from structure: (abubu+=npc kan mod)
2021-12-23 22:47:57,295 (DEBUG): Get Info from structure: (agobitch nee-san+=Hataraku Onee-san-tachi ~Mikonritsu no Takai Machi de Hataraku Tokoya no Onee-san ni Okuchi de Shiborareru~)
2021-12-23 22:47:57,305 (DEBUG): Get Info from structure: (agobitch nee-san+=Seifuku Bishoujo)
2021-12-23 22:47:57,314 (DEBUG): Get Info from structure: (ahemaru+=slave the blood)
2021-12-23 22:47:57,322 (DEBUG): Get Info from structure: (amano ameno+=Jabami Yumeko Hentai Koushuu Benjo Tantsubo Nikubenki Onna)
2021-12-23 22:47:57,331 (DEBUG): Get Info from structure: (amano ameno+=Kyonyuu Onna Joushi Saimin Nikuningyou)
2021-12-23 22:47:57,339 (DEBUG): Get Info from structure: (Ameyama Denshin+=Stories)
2021-12-23 22:47:57,347 (DEBUG): Get Info from structure: (Arai Kei+=Boku No Kanojo)
2021-12-23 22:47:57,356 (DEBUG): Get Info from structure: (arai kei+=Boku Wa Kanojo No Namae Mo Shiranai)
2021-12-23 22:47:57,365 (DEBUG): Get Info from structure: (arai kei+=hougan kanojo)
2021-12-23 22:47:57,375 (DEBUG): Get Info from structure: (arai kei+=Stories)
2021-12-23 22:47:57,385 (DEBUG): Get Info from structure: (Arai Taiki+=Kahanshin Daiichi Shugi)
2021-12-23 22:47:57,395 (DEBUG): Get Info from structure: (arai taiki+=ochita yume no naka de)
2021-12-23 22:47:57,405 (DEBUG): Get Info from structure: (Arai Taiki+=Stories)
2021-12-23 22:47:57,413 (DEBUG): Get Info from structure: (aroma sensei+=Gwen)
2021-12-23 22:47:57,424 (DEBUG): Get Info from structure: (aroma sensei+=what's going on here)
2021-12-23 22:47:57,437 (DEBUG): Get Info from structure: (asanagi+=Stories)
2021-12-23 22:47:57,445 (DEBUG): Get Info from structure: (BeNantoka+=Stories)
2021-12-23 22:47:57,455 (DEBUG): Get Info from structure: (Bonske+=Arawareta Chijo wa Toshishita Kui no Scatolo Hentai deshita)
2021-12-23 22:47:57,464 (DEBUG): Get Info from structure: (bonske+=sono kuchi to shita de subete o uketomenasai)
2021-12-23 22:47:57,472 (DEBUG): Get Info from structure: (Dokurosan+=Stories)
2021-12-23 22:47:57,481 (DEBUG): Get Info from structure: (Enokido+=Stories)
2021-12-23 22:47:57,490 (DEBUG): Get Info from structure: (freehand tamashii+=aorare tsuma)
2021-12-23 22:47:57,499 (DEBUG): Get Info from structure: (freehand tamashii+=Incha No Oi Ga Yaritai Oba-san)
2021-12-23 22:47:57,508 (DEBUG): Get Info from structure: (freehand tamashii+=Isourou Saki No Obasan Ni Hameru!)
2021-12-23 22:47:57,517 (DEBUG): Get Info from structure: (freehand tamashii+=Stories)
2021-12-23 22:47:57,528 (DEBUG): Get Info from structure: (freehand tamashii+=Toiu Wake De, Kaa-san-tachi To Yattemita)
2021-12-23 22:47:57,537 (DEBUG): Get Info from structure: (freehand tamasshii+=Shin Mama O Netoruze!)
2021-12-23 22:47:57,546 (DEBUG): Get Info from structure: (gonza+=av mama)
2021-12-23 22:47:57,554 (DEBUG): Get Info from structure: (gonza+=matching appli)
2021-12-23 22:47:57,563 (DEBUG): Get Info from structure: (Gonza+=Mayonaka No Haha)
2021-12-23 22:47:57,572 (DEBUG): Get Info from structure: (gonza+=my three horny moms)
2021-12-23 22:47:57,581 (DEBUG): Get Info from structure: (gonza+=Nonfiction ~boshi Soukan No Kioku~)
2021-12-23 22:47:57,591 (DEBUG): Get Info from structure: (gonza+=stories)
2021-12-23 22:47:57,601 (DEBUG): Get Info from structure: (mizone+=Ajin Iryou Sougou Center e Youkoso!)
2021-12-23 22:47:57,609 (DEBUG): Get Info from structure: (mizone+=Jikyuu 1500 yen!! Gyogyou o Tetsudau Kantan na Oshigoto desu)
2021-12-23 22:47:57,621 (DEBUG): Get Info from structure: (mizone+=Kindan no Shohousen)
2021-12-23 22:47:57,628 (DEBUG): Get Info from structure: (mizone+=monster romance)
2021-12-23 22:47:57,638 (DEBUG): Get Info from structure: (mizone+=monster smash)
2021-12-23 22:47:57,647 (DEBUG): Get Info from structure: (mizone+=Otherworldly Maidens Series)
2021-12-23 22:47:57,656 (DEBUG): Get Info from structure: (mizone+=stories)
2021-12-23 22:47:57,665 (DEBUG): Get Info from structure: (mizone+=Zasshoku Yuusha)
2021-12-23 22:47:57,673 (DEBUG): Get Info from structure: (Tsusauto+=Jichikai no Hitozuma wa Totemo Ecchi deshita)
2021-12-23 22:47:57,686 (INFO): Processing Chapters / Episodes ...
2021-12-23 22:47:57,825 (INFO): Processing Chapters & Pages ... 
2021-12-23 22:48:36,850 (DEBUG): STREAM b'IHDR' 16 13
2021-12-23 22:48:36,850 (DEBUG): STREAM b'gAMA' 41 4
2021-12-23 22:48:36,850 (DEBUG): STREAM b'cHRM' 57 32
2021-12-23 22:48:36,850 (DEBUG): STREAM b'bKGD' 101 2
2021-12-23 22:48:36,850 (DEBUG): b'bKGD' 101 2 (unknown)
2021-12-23 22:48:36,850 (DEBUG): STREAM b'tIME' 115 7
2021-12-23 22:48:36,850 (DEBUG): b'tIME' 115 7 (unknown)
2021-12-23 22:48:36,850 (DEBUG): STREAM b'IDAT' 134 32768
2021-12-23 22:48:36,864 (DEBUG): STREAM b'IHDR' 16 13
2021-12-23 22:48:36,864 (DEBUG): STREAM b'gAMA' 41 4
2021-12-23 22:48:36,865 (DEBUG): STREAM b'cHRM' 57 32
2021-12-23 22:48:36,865 (DEBUG): STREAM b'bKGD' 101 2
2021-12-23 22:48:36,865 (DEBUG): b'bKGD' 101 2 (unknown)
2021-12-23 22:48:36,865 (DEBUG): STREAM b'tIME' 115 7
2021-12-23 22:48:36,865 (DEBUG): b'tIME' 115 7 (unknown)
2021-12-23 22:48:36,865 (DEBUG): STREAM b'IDAT' 134 32768
2021-12-23 22:48:36,877 (DEBUG): STREAM b'IHDR' 16 13
2021-12-23 22:48:36,877 (DEBUG): STREAM b'gAMA' 41 4
2021-12-23 22:48:36,877 (DEBUG): STREAM b'cHRM' 57 32
2021-12-23 22:48:36,877 (DEBUG): STREAM b'bKGD' 101 2
2021-12-23 22:48:36,877 (DEBUG): b'bKGD' 101 2 (unknown)
2021-12-23 22:48:36,877 (DEBUG): STREAM b'tIME' 115 7
2021-12-23 22:48:36,877 (DEBUG): b'tIME' 115 7 (unknown)
2021-12-23 22:48:36,877 (DEBUG): STREAM b'IDAT' 134 32768
2021-12-23 22:48:36,891 (DEBUG): STREAM b'IHDR' 16 13
2021-12-23 22:48:36,891 (DEBUG): STREAM b'gAMA' 41 4
2021-12-23 22:48:36,891 (DEBUG): STREAM b'cHRM' 57 32
2021-12-23 22:48:36,891 (DEBUG): STREAM b'bKGD' 101 2
2021-12-23 22:48:36,891 (DEBUG): b'bKGD' 101 2 (unknown)
2021-12-23 22:48:36,891 (DEBUG): STREAM b'tIME' 115 7
2021-12-23 22:48:36,891 (DEBUG): b'tIME' 115 7 (unknown)
2021-12-23 22:48:36,891 (DEBUG): STREAM b'IDAT' 134 32768
2021-12-23 22:48:36,904 (DEBUG): STREAM b'IHDR' 16 13
2021-12-23 22:48:36,904 (DEBUG): STREAM b'gAMA' 41 4
2021-12-23 22:48:36,904 (DEBUG): STREAM b'cHRM' 57 32
2021-12-23 22:48:36,904 (DEBUG): STREAM b'bKGD' 101 2
2021-12-23 22:48:36,904 (DEBUG): b'bKGD' 101 2 (unknown)
2021-12-23 22:48:36,904 (DEBUG): STREAM b'tIME' 115 7
2021-12-23 22:48:36,904 (DEBUG): b'tIME' 115 7 (unknown)
2021-12-23 22:48:36,904 (DEBUG): STREAM b'IDAT' 134 32768
2021-12-23 22:48:36,917 (DEBUG): STREAM b'IHDR' 16 13
2021-12-23 22:48:36,917 (DEBUG): STREAM b'gAMA' 41 4
2021-12-23 22:48:36,917 (DEBUG): STREAM b'cHRM' 57 32
2021-12-23 22:48:36,917 (DEBUG): STREAM b'bKGD' 101 2
2021-12-23 22:48:36,917 (DEBUG): b'bKGD' 101 2 (unknown)
2021-12-23 22:48:36,917 (DEBUG): STREAM b'tIME' 115 7
2021-12-23 22:48:36,917 (DEBUG): b'tIME' 115 7 (unknown)
2021-12-23 22:48:36,917 (DEBUG): STREAM b'IDAT' 134 32768
2021-12-23 22:48:36,931 (DEBUG): STREAM b'IHDR' 16 13
2021-12-23 22:48:36,931 (DEBUG): STREAM b'gAMA' 41 4
2021-12-23 22:48:36,931 (DEBUG): STREAM b'cHRM' 57 32
2021-12-23 22:48:36,931 (DEBUG): STREAM b'bKGD' 101 2
2021-12-23 22:48:36,931 (DEBUG): b'bKGD' 101 2 (unknown)
2021-12-23 22:48:36,931 (DEBUG): STREAM b'tIME' 115 7
2021-12-23 22:48:36,931 (DEBUG): b'tIME' 115 7 (unknown)
2021-12-23 22:48:36,931 (DEBUG): STREAM b'IDAT' 134 32768
2021-12-23 22:48:36,944 (DEBUG): STREAM b'IHDR' 16 13
2021-12-23 22:48:36,944 (DEBUG): STREAM b'gAMA' 41 4
2021-12-23 22:48:36,944 (DEBUG): STREAM b'cHRM' 57 32
2021-12-23 22:48:36,944 (DEBUG): STREAM b'bKGD' 101 2
2021-12-23 22:48:36,944 (DEBUG): b'bKGD' 101 2 (unknown)
2021-12-23 22:48:36,944 (DEBUG): STREAM b'tIME' 115 7
2021-12-23 22:48:36,944 (DEBUG): b'tIME' 115 7 (unknown)
2021-12-23 22:48:36,944 (DEBUG): STREAM b'IDAT' 134 32768
2021-12-23 22:48:36,957 (DEBUG): STREAM b'IHDR' 16 13
2021-12-23 22:48:36,957 (DEBUG): STREAM b'gAMA' 41 4
2021-12-23 22:48:36,957 (DEBUG): STREAM b'cHRM' 57 32
2021-12-23 22:48:36,957 (DEBUG): STREAM b'bKGD' 101 2
2021-12-23 22:48:36,957 (DEBUG): b'bKGD' 101 2 (unknown)
2021-12-23 22:48:36,957 (DEBUG): STREAM b'tIME' 115 7
2021-12-23 22:48:36,957 (DEBUG): b'tIME' 115 7 (unknown)
2021-12-23 22:48:36,957 (DEBUG): STREAM b'IDAT' 134 32768
2021-12-23 22:48:36,970 (DEBUG): STREAM b'IHDR' 16 13
2021-12-23 22:48:36,970 (DEBUG): STREAM b'gAMA' 41 4
2021-12-23 22:48:36,970 (DEBUG): STREAM b'cHRM' 57 32
2021-12-23 22:48:36,970 (DEBUG): STREAM b'bKGD' 101 2
2021-12-23 22:48:36,970 (DEBUG): b'bKGD' 101 2 (unknown)
2021-12-23 22:48:36,970 (DEBUG): STREAM b'tIME' 115 7
2021-12-23 22:48:36,970 (DEBUG): b'tIME' 115 7 (unknown)
2021-12-23 22:48:36,970 (DEBUG): STREAM b'IDAT' 134 32768
2021-12-23 22:48:36,983 (DEBUG): STREAM b'IHDR' 16 13
2021-12-23 22:48:36,983 (DEBUG): STREAM b'gAMA' 41 4
2021-12-23 22:48:36,983 (DEBUG): STREAM b'cHRM' 57 32
2021-12-23 22:48:36,983 (DEBUG): STREAM b'bKGD' 101 2
2021-12-23 22:48:36,983 (DEBUG): b'bKGD' 101 2 (unknown)
2021-12-23 22:48:36,983 (DEBUG): STREAM b'tIME' 115 7
2021-12-23 22:48:36,983 (DEBUG): b'tIME' 115 7 (unknown)
2021-12-23 22:48:36,983 (DEBUG): STREAM b'IDAT' 134 32768
2021-12-23 22:48:36,996 (DEBUG): STREAM b'IHDR' 16 13
2021-12-23 22:48:36,996 (DEBUG): STREAM b'gAMA' 41 4
2021-12-23 22:48:36,996 (DEBUG): STREAM b'cHRM' 57 32
2021-12-23 22:48:36,996 (DEBUG): STREAM b'bKGD' 101 2
2021-12-23 22:48:36,996 (DEBUG): b'bKGD' 101 2 (unknown)
2021-12-23 22:48:36,997 (DEBUG): STREAM b'tIME' 115 7
2021-12-23 22:48:36,997 (DEBUG): b'tIME' 115 7 (unknown)
2021-12-23 22:48:36,997 (DEBUG): STREAM b'IDAT' 134 32768
2021-12-23 22:48:37,009 (DEBUG): STREAM b'IHDR' 16 13
2021-12-23 22:48:37,009 (DEBUG): STREAM b'gAMA' 41 4
2021-12-23 22:48:37,009 (DEBUG): STREAM b'cHRM' 57 32
2021-12-23 22:48:37,009 (DEBUG): STREAM b'bKGD' 101 2
2021-12-23 22:48:37,009 (DEBUG): b'bKGD' 101 2 (unknown)
2021-12-23 22:48:37,009 (DEBUG): STREAM b'tIME' 115 7
2021-12-23 22:48:37,009 (DEBUG): b'tIME' 115 7 (unknown)
2021-12-23 22:48:37,009 (DEBUG): STREAM b'IDAT' 134 32768
2021-12-23 22:48:37,022 (DEBUG): STREAM b'IHDR' 16 13
2021-12-23 22:48:37,022 (DEBUG): STREAM b'gAMA' 41 4
2021-12-23 22:48:37,022 (DEBUG): STREAM b'cHRM' 57 32
2021-12-23 22:48:37,022 (DEBUG): STREAM b'bKGD' 101 2
2021-12-23 22:48:37,022 (DEBUG): b'bKGD' 101 2 (unknown)
2021-12-23 22:48:37,023 (DEBUG): STREAM b'tIME' 115 7
2021-12-23 22:48:37,023 (DEBUG): b'tIME' 115 7 (unknown)
2021-12-23 22:48:37,023 (DEBUG): STREAM b'IDAT' 134 32768
2021-12-23 22:48:37,037 (DEBUG): STREAM b'IHDR' 16 13
2021-12-23 22:48:37,037 (DEBUG): STREAM b'gAMA' 41 4
2021-12-23 22:48:37,037 (DEBUG): STREAM b'cHRM' 57 32
2021-12-23 22:48:37,037 (DEBUG): STREAM b'bKGD' 101 2
2021-12-23 22:48:37,037 (DEBUG): b'bKGD' 101 2 (unknown)
2021-12-23 22:48:37,037 (DEBUG): STREAM b'tIME' 115 7
2021-12-23 22:48:37,037 (DEBUG): b'tIME' 115 7 (unknown)
2021-12-23 22:48:37,037 (DEBUG): STREAM b'IDAT' 134 32768
2021-12-23 22:48:37,051 (DEBUG): STREAM b'IHDR' 16 13
2021-12-23 22:48:37,051 (DEBUG): STREAM b'gAMA' 41 4
2021-12-23 22:48:37,051 (DEBUG): STREAM b'cHRM' 57 32
2021-12-23 22:48:37,051 (DEBUG): STREAM b'bKGD' 101 2
2021-12-23 22:48:37,051 (DEBUG): b'bKGD' 101 2 (unknown)
2021-12-23 22:48:37,051 (DEBUG): STREAM b'tIME' 115 7
2021-12-23 22:48:37,051 (DEBUG): b'tIME' 115 7 (unknown)
2021-12-23 22:48:37,051 (DEBUG): STREAM b'IDAT' 134 32768
2021-12-23 22:48:37,120 (DEBUG): STREAM b'IHDR' 16 13
2021-12-23 22:48:37,120 (DEBUG): STREAM b'gAMA' 41 4
2021-12-23 22:48:37,120 (DEBUG): STREAM b'cHRM' 57 32
2021-12-23 22:48:37,120 (DEBUG): STREAM b'bKGD' 101 2
2021-12-23 22:48:37,120 (DEBUG): b'bKGD' 101 2 (unknown)
2021-12-23 22:48:37,120 (DEBUG): STREAM b'tIME' 115 7
2021-12-23 22:48:37,120 (DEBUG): b'tIME' 115 7 (unknown)
2021-12-23 22:48:37,120 (DEBUG): STREAM b'IDAT' 134 32768
2021-12-23 22:48:37,137 (DEBUG): STREAM b'IHDR' 16 13
2021-12-23 22:48:37,137 (DEBUG): STREAM b'gAMA' 41 4
2021-12-23 22:48:37,137 (DEBUG): STREAM b'cHRM' 57 32
2021-12-23 22:48:37,137 (DEBUG): STREAM b'bKGD' 101 2
2021-12-23 22:48:37,137 (DEBUG): b'bKGD' 101 2 (unknown)
2021-12-23 22:48:37,137 (DEBUG): STREAM b'tIME' 115 7
2021-12-23 22:48:37,137 (DEBUG): b'tIME' 115 7 (unknown)
2021-12-23 22:48:37,137 (DEBUG): STREAM b'IDAT' 134 32768
2021-12-23 22:48:37,150 (DEBUG): STREAM b'IHDR' 16 13
2021-12-23 22:48:37,150 (DEBUG): STREAM b'gAMA' 41 4
2021-12-23 22:48:37,150 (DEBUG): STREAM b'cHRM' 57 32
2021-12-23 22:48:37,150 (DEBUG): STREAM b'bKGD' 101 2
2021-12-23 22:48:37,150 (DEBUG): b'bKGD' 101 2 (unknown)
2021-12-23 22:48:37,150 (DEBUG): STREAM b'tIME' 115 7
2021-12-23 22:48:37,150 (DEBUG): b'tIME' 115 7 (unknown)
2021-12-23 22:48:37,150 (DEBUG): STREAM b'IDAT' 134 32768
2021-12-23 22:48:37,163 (DEBUG): STREAM b'IHDR' 16 13
2021-12-23 22:48:37,164 (DEBUG): STREAM b'gAMA' 41 4
2021-12-23 22:48:37,164 (DEBUG): STREAM b'cHRM' 57 32
2021-12-23 22:48:37,164 (DEBUG): STREAM b'bKGD' 101 2
2021-12-23 22:48:37,164 (DEBUG): b'bKGD' 101 2 (unknown)
2021-12-23 22:48:37,164 (DEBUG): STREAM b'tIME' 115 7
2021-12-23 22:48:37,164 (DEBUG): b'tIME' 115 7 (unknown)
2021-12-23 22:48:37,164 (DEBUG): STREAM b'IDAT' 134 32768
2021-12-23 22:48:37,218 (DEBUG): STREAM b'IHDR' 16 13
2021-12-23 22:48:37,218 (DEBUG): STREAM b'gAMA' 41 4
2021-12-23 22:48:37,218 (DEBUG): STREAM b'cHRM' 57 32
2021-12-23 22:48:37,218 (DEBUG): STREAM b'bKGD' 101 2
2021-12-23 22:48:37,218 (DEBUG): b'bKGD' 101 2 (unknown)
2021-12-23 22:48:37,218 (DEBUG): STREAM b'tIME' 115 7
2021-12-23 22:48:37,218 (DEBUG): b'tIME' 115 7 (unknown)
2021-12-23 22:48:37,218 (DEBUG): STREAM b'IDAT' 134 32768
2021-12-23 22:48:37,232 (DEBUG): STREAM b'IHDR' 16 13
2021-12-23 22:48:37,232 (DEBUG): STREAM b'gAMA' 41 4
2021-12-23 22:48:37,232 (DEBUG): STREAM b'cHRM' 57 32
2021-12-23 22:48:37,232 (DEBUG): STREAM b'bKGD' 101 2
2021-12-23 22:48:37,232 (DEBUG): b'bKGD' 101 2 (unknown)
2021-12-23 22:48:37,232 (DEBUG): STREAM b'tIME' 115 7
2021-12-23 22:48:37,232 (DEBUG): b'tIME' 115 7 (unknown)
2021-12-23 22:48:37,232 (DEBUG): STREAM b'IDAT' 134 32768
2021-12-23 22:48:37,245 (DEBUG): STREAM b'IHDR' 16 13
2021-12-23 22:48:37,245 (DEBUG): STREAM b'gAMA' 41 4
2021-12-23 22:48:37,245 (DEBUG): STREAM b'cHRM' 57 32
2021-12-23 22:48:37,245 (DEBUG): STREAM b'bKGD' 101 2
2021-12-23 22:48:37,245 (DEBUG): b'bKGD' 101 2 (unknown)
2021-12-23 22:48:37,245 (DEBUG): STREAM b'tIME' 115 7
2021-12-23 22:48:37,245 (DEBUG): b'tIME' 115 7 (unknown)
2021-12-23 22:48:37,245 (DEBUG): STREAM b'IDAT' 134 32768
2021-12-23 22:48:37,257 (DEBUG): STREAM b'IHDR' 16 13
2021-12-23 22:48:37,258 (DEBUG): STREAM b'gAMA' 41 4
2021-12-23 22:48:37,258 (DEBUG): STREAM b'cHRM' 57 32
2021-12-23 22:48:37,258 (DEBUG): STREAM b'bKGD' 101 2
2021-12-23 22:48:37,258 (DEBUG): b'bKGD' 101 2 (unknown)
2021-12-23 22:48:37,258 (DEBUG): STREAM b'tIME' 115 7
2021-12-23 22:48:37,258 (DEBUG): b'tIME' 115 7 (unknown)
2021-12-23 22:48:37,258 (DEBUG): STREAM b'IDAT' 134 32768
2021-12-23 22:48:37,272 (DEBUG): STREAM b'IHDR' 16 13
2021-12-23 22:48:37,272 (DEBUG): STREAM b'gAMA' 41 4
2021-12-23 22:48:37,272 (DEBUG): STREAM b'cHRM' 57 32
2021-12-23 22:48:37,272 (DEBUG): STREAM b'bKGD' 101 2
2021-12-23 22:48:37,272 (DEBUG): b'bKGD' 101 2 (unknown)
2021-12-23 22:48:37,272 (DEBUG): STREAM b'tIME' 115 7
2021-12-23 22:48:37,272 (DEBUG): b'tIME' 115 7 (unknown)
2021-12-23 22:48:37,272 (DEBUG): STREAM b'IDAT' 134 32768
2021-12-23 22:48:37,299 (DEBUG): STREAM b'IHDR' 16 13
2021-12-23 22:48:37,299 (DEBUG): STREAM b'gAMA' 41 4
2021-12-23 22:48:37,299 (DEBUG): STREAM b'cHRM' 57 32
2021-12-23 22:48:37,299 (DEBUG): STREAM b'bKGD' 101 2
2021-12-23 22:48:37,299 (DEBUG): b'bKGD' 101 2 (unknown)
2021-12-23 22:48:37,299 (DEBUG): STREAM b'tIME' 115 7
2021-12-23 22:48:37,299 (DEBUG): b'tIME' 115 7 (unknown)
2021-12-23 22:48:37,299 (DEBUG): STREAM b'IDAT' 134 32768
2021-12-23 22:48:37,312 (DEBUG): STREAM b'IHDR' 16 13
2021-12-23 22:48:37,312 (DEBUG): STREAM b'gAMA' 41 4
2021-12-23 22:48:37,312 (DEBUG): STREAM b'cHRM' 57 32
2021-12-23 22:48:37,312 (DEBUG): STREAM b'bKGD' 101 2
2021-12-23 22:48:37,312 (DEBUG): b'bKGD' 101 2 (unknown)
2021-12-23 22:48:37,312 (DEBUG): STREAM b'tIME' 115 7
2021-12-23 22:48:37,312 (DEBUG): b'tIME' 115 7 (unknown)
2021-12-23 22:48:37,312 (DEBUG): STREAM b'IDAT' 134 32768
2021-12-23 22:48:37,351 (DEBUG): STREAM b'IHDR' 16 13
2021-12-23 22:48:37,351 (DEBUG): STREAM b'gAMA' 41 4
2021-12-23 22:48:37,351 (DEBUG): STREAM b'cHRM' 57 32
2021-12-23 22:48:37,351 (DEBUG): STREAM b'bKGD' 101 2
2021-12-23 22:48:37,351 (DEBUG): b'bKGD' 101 2 (unknown)
2021-12-23 22:48:37,351 (DEBUG): STREAM b'tIME' 115 7
2021-12-23 22:48:37,351 (DEBUG): b'tIME' 115 7 (unknown)
2021-12-23 22:48:37,351 (DEBUG): STREAM b'IDAT' 134 32768
