2021-12-24 13:59:04,969 (INFO): Log Path: D:\Source_Code\Python ++\02. updateComic\log\debug-20211224-1359.04.log
2021-12-24 13:59:07,021 (INFO): Currently Processing image
2021-12-24 13:59:07,021 (INFO): Processing Titles ...
2021-12-24 13:59:07,119 (DEBUG): Get Info from structure: (2t+=sakusei toshi elosion)
2021-12-24 13:59:07,129 (DEBUG): Get Info from structure: (a-10+=koukai tanetsuke hentai koubi 2)
2021-12-24 13:59:07,140 (DEBUG): Get Info from structure: (Abubu+=Kinjo no Onnatachi ga Nazeka Ore no Ie no Furo ni Hairi ni Kuru Ken)
2021-12-24 13:59:07,150 (DEBUG): Get Info from structure: (abubu+=npc kan mod)
2021-12-24 13:59:07,159 (DEBUG): Get Info from structure: (agobitch nee-san+=Hataraku Onee-san-tachi ~Mikonritsu no Takai Machi de Hataraku Tokoya no Onee-san ni Okuchi de Shiborareru~)
2021-12-24 13:59:07,170 (DEBUG): Get Info from structure: (agobitch nee-san+=Seifuku Bishoujo)
2021-12-24 13:59:07,178 (DEBUG): Get Info from structure: (ahemaru+=slave the blood)
2021-12-24 13:59:07,187 (DEBUG): Get Info from structure: (amano ameno+=Jabami Yumeko Hentai Koushuu Benjo Tantsubo Nikubenki Onna)
2021-12-24 13:59:07,195 (DEBUG): Get Info from structure: (amano ameno+=Kyonyuu Onna Joushi Saimin Nikuningyou)
2021-12-24 13:59:07,203 (DEBUG): Get Info from structure: (Ameyama Denshin+=Stories)
2021-12-24 13:59:07,211 (DEBUG): Get Info from structure: (Arai Kei+=Boku No Kanojo)
2021-12-24 13:59:07,220 (DEBUG): Get Info from structure: (arai kei+=Boku Wa Kanojo No Namae Mo Shiranai)
2021-12-24 13:59:07,229 (DEBUG): Get Info from structure: (arai kei+=hougan kanojo)
2021-12-24 13:59:07,239 (DEBUG): Get Info from structure: (arai kei+=Stories)
2021-12-24 13:59:07,248 (DEBUG): Get Info from structure: (Arai Taiki+=Kahanshin Daiichi Shugi)
2021-12-24 13:59:07,257 (DEBUG): Get Info from structure: (arai taiki+=ochita yume no naka de)
2021-12-24 13:59:07,265 (DEBUG): Get Info from structure: (Arai Taiki+=Stories)
2021-12-24 13:59:07,274 (DEBUG): Get Info from structure: (aroma sensei+=Gwen)
2021-12-24 13:59:07,282 (DEBUG): Get Info from structure: (aroma sensei+=what's going on here)
2021-12-24 13:59:07,289 (DEBUG): Get Info from structure: (asanagi+=Stories)
2021-12-24 13:59:07,297 (DEBUG): Get Info from structure: (BeNantoka+=Stories)
2021-12-24 13:59:07,308 (DEBUG): Get Info from structure: (Bonske+=Arawareta Chijo wa Toshishita Kui no Scatolo Hentai deshita)
2021-12-24 13:59:07,318 (DEBUG): Get Info from structure: (bonske+=sono kuchi to shita de subete o uketomenasai)
2021-12-24 13:59:07,325 (DEBUG): Get Info from structure: (Dokurosan+=Stories)
2021-12-24 13:59:07,333 (DEBUG): Get Info from structure: (Enokido+=Stories)
2021-12-24 13:59:07,342 (DEBUG): Get Info from structure: (freehand tamashii+=aorare tsuma)
2021-12-24 13:59:07,349 (DEBUG): Get Info from structure: (freehand tamashii+=Incha No Oi Ga Yaritai Oba-san)
2021-12-24 13:59:07,359 (DEBUG): Get Info from structure: (freehand tamashii+=Isourou Saki No Obasan Ni Hameru!)
2021-12-24 13:59:07,365 (DEBUG): Get Info from structure: (freehand tamashii+=Stories)
2021-12-24 13:59:07,374 (DEBUG): Get Info from structure: (freehand tamashii+=Toiu Wake De, Kaa-san-tachi To Yattemita)
2021-12-24 13:59:07,383 (DEBUG): Get Info from structure: (freehand tamasshii+=Shin Mama O Netoruze!)
2021-12-24 13:59:07,393 (DEBUG): Get Info from structure: (gonza+=av mama)
2021-12-24 13:59:07,401 (DEBUG): Get Info from structure: (gonza+=matching appli)
2021-12-24 13:59:07,408 (DEBUG): Get Info from structure: (Gonza+=Mayonaka No Haha)
2021-12-24 13:59:07,416 (DEBUG): Get Info from structure: (gonza+=my three horny moms)
2021-12-24 13:59:07,425 (DEBUG): Get Info from structure: (gonza+=Nonfiction ~boshi Soukan No Kioku~)
2021-12-24 13:59:07,435 (DEBUG): Get Info from structure: (gonza+=stories)
2021-12-24 13:59:07,443 (DEBUG): Get Info from structure: (mizone+=Ajin Iryou Sougou Center e Youkoso!)
2021-12-24 13:59:07,452 (DEBUG): Get Info from structure: (mizone+=Jikyuu 1500 yen!! Gyogyou o Tetsudau Kantan na Oshigoto desu)
2021-12-24 13:59:07,462 (DEBUG): Get Info from structure: (mizone+=Kindan no Shohousen)
2021-12-24 13:59:07,470 (DEBUG): Get Info from structure: (mizone+=monster romance)
2021-12-24 13:59:07,477 (DEBUG): Get Info from structure: (mizone+=monster smash)
2021-12-24 13:59:07,486 (DEBUG): Get Info from structure: (mizone+=Otherworldly Maidens Series)
2021-12-24 13:59:07,495 (DEBUG): Get Info from structure: (mizone+=stories)
2021-12-24 13:59:07,506 (DEBUG): Get Info from structure: (mizone+=Zasshoku Yuusha)
2021-12-24 13:59:07,515 (DEBUG): Get Info from structure: (Tsusauto+=Jichikai no Hitozuma wa Totemo Ecchi deshita)
2021-12-24 13:59:07,523 (INFO): Processing Chapters / Episodes ...
2021-12-24 13:59:07,538 (INFO): Processing Chapters & Pages ... 
2021-12-24 14:00:36,283 (DEBUG): STREAM b'IHDR' 16 13
2021-12-24 14:00:36,283 (DEBUG): STREAM b'gAMA' 41 4
2021-12-24 14:00:36,283 (DEBUG): STREAM b'cHRM' 57 32
2021-12-24 14:00:36,283 (DEBUG): STREAM b'bKGD' 101 2
2021-12-24 14:00:36,283 (DEBUG): b'bKGD' 101 2 (unknown)
2021-12-24 14:00:36,283 (DEBUG): STREAM b'tIME' 115 7
2021-12-24 14:00:36,283 (DEBUG): b'tIME' 115 7 (unknown)
2021-12-24 14:00:36,284 (DEBUG): STREAM b'IDAT' 134 32768
2021-12-24 14:00:36,297 (DEBUG): STREAM b'IHDR' 16 13
2021-12-24 14:00:36,298 (DEBUG): STREAM b'gAMA' 41 4
2021-12-24 14:00:36,298 (DEBUG): STREAM b'cHRM' 57 32
2021-12-24 14:00:36,298 (DEBUG): STREAM b'bKGD' 101 2
2021-12-24 14:00:36,298 (DEBUG): b'bKGD' 101 2 (unknown)
2021-12-24 14:00:36,298 (DEBUG): STREAM b'tIME' 115 7
2021-12-24 14:00:36,298 (DEBUG): b'tIME' 115 7 (unknown)
2021-12-24 14:00:36,298 (DEBUG): STREAM b'IDAT' 134 32768
2021-12-24 14:00:36,313 (DEBUG): STREAM b'IHDR' 16 13
2021-12-24 14:00:36,313 (DEBUG): STREAM b'gAMA' 41 4
2021-12-24 14:00:36,313 (DEBUG): STREAM b'cHRM' 57 32
2021-12-24 14:00:36,313 (DEBUG): STREAM b'bKGD' 101 2
2021-12-24 14:00:36,313 (DEBUG): b'bKGD' 101 2 (unknown)
2021-12-24 14:00:36,313 (DEBUG): STREAM b'tIME' 115 7
2021-12-24 14:00:36,313 (DEBUG): b'tIME' 115 7 (unknown)
2021-12-24 14:00:36,313 (DEBUG): STREAM b'IDAT' 134 32768
2021-12-24 14:00:36,335 (DEBUG): STREAM b'IHDR' 16 13
2021-12-24 14:00:36,336 (DEBUG): STREAM b'gAMA' 41 4
2021-12-24 14:00:36,336 (DEBUG): STREAM b'cHRM' 57 32
2021-12-24 14:00:36,336 (DEBUG): STREAM b'bKGD' 101 2
2021-12-24 14:00:36,336 (DEBUG): b'bKGD' 101 2 (unknown)
2021-12-24 14:00:36,336 (DEBUG): STREAM b'tIME' 115 7
2021-12-24 14:00:36,336 (DEBUG): b'tIME' 115 7 (unknown)
2021-12-24 14:00:36,336 (DEBUG): STREAM b'IDAT' 134 32768
2021-12-24 14:00:36,354 (DEBUG): STREAM b'IHDR' 16 13
2021-12-24 14:00:36,355 (DEBUG): STREAM b'gAMA' 41 4
2021-12-24 14:00:36,355 (DEBUG): STREAM b'cHRM' 57 32
2021-12-24 14:00:36,355 (DEBUG): STREAM b'bKGD' 101 2
2021-12-24 14:00:36,355 (DEBUG): b'bKGD' 101 2 (unknown)
2021-12-24 14:00:36,355 (DEBUG): STREAM b'tIME' 115 7
2021-12-24 14:00:36,355 (DEBUG): b'tIME' 115 7 (unknown)
2021-12-24 14:00:36,355 (DEBUG): STREAM b'IDAT' 134 32768
2021-12-24 14:00:36,374 (DEBUG): STREAM b'IHDR' 16 13
2021-12-24 14:00:36,374 (DEBUG): STREAM b'gAMA' 41 4
2021-12-24 14:00:36,374 (DEBUG): STREAM b'cHRM' 57 32
2021-12-24 14:00:36,374 (DEBUG): STREAM b'bKGD' 101 2
2021-12-24 14:00:36,375 (DEBUG): b'bKGD' 101 2 (unknown)
2021-12-24 14:00:36,375 (DEBUG): STREAM b'tIME' 115 7
2021-12-24 14:00:36,375 (DEBUG): b'tIME' 115 7 (unknown)
2021-12-24 14:00:36,375 (DEBUG): STREAM b'IDAT' 134 32768
2021-12-24 14:00:36,394 (DEBUG): STREAM b'IHDR' 16 13
2021-12-24 14:00:36,394 (DEBUG): STREAM b'gAMA' 41 4
2021-12-24 14:00:36,394 (DEBUG): STREAM b'cHRM' 57 32
2021-12-24 14:00:36,395 (DEBUG): STREAM b'bKGD' 101 2
2021-12-24 14:00:36,395 (DEBUG): b'bKGD' 101 2 (unknown)
2021-12-24 14:00:36,395 (DEBUG): STREAM b'tIME' 115 7
2021-12-24 14:00:36,395 (DEBUG): b'tIME' 115 7 (unknown)
2021-12-24 14:00:36,395 (DEBUG): STREAM b'IDAT' 134 32768
2021-12-24 14:00:36,411 (DEBUG): STREAM b'IHDR' 16 13
2021-12-24 14:00:36,411 (DEBUG): STREAM b'gAMA' 41 4
2021-12-24 14:00:36,411 (DEBUG): STREAM b'cHRM' 57 32
2021-12-24 14:00:36,411 (DEBUG): STREAM b'bKGD' 101 2
2021-12-24 14:00:36,411 (DEBUG): b'bKGD' 101 2 (unknown)
2021-12-24 14:00:36,411 (DEBUG): STREAM b'tIME' 115 7
2021-12-24 14:00:36,411 (DEBUG): b'tIME' 115 7 (unknown)
2021-12-24 14:00:36,411 (DEBUG): STREAM b'IDAT' 134 32768
2021-12-24 14:00:36,427 (DEBUG): STREAM b'IHDR' 16 13
2021-12-24 14:00:36,428 (DEBUG): STREAM b'gAMA' 41 4
2021-12-24 14:00:36,428 (DEBUG): STREAM b'cHRM' 57 32
2021-12-24 14:00:36,428 (DEBUG): STREAM b'bKGD' 101 2
2021-12-24 14:00:36,428 (DEBUG): b'bKGD' 101 2 (unknown)
2021-12-24 14:00:36,428 (DEBUG): STREAM b'tIME' 115 7
2021-12-24 14:00:36,428 (DEBUG): b'tIME' 115 7 (unknown)
2021-12-24 14:00:36,428 (DEBUG): STREAM b'IDAT' 134 32768
2021-12-24 14:00:36,445 (DEBUG): STREAM b'IHDR' 16 13
2021-12-24 14:00:36,445 (DEBUG): STREAM b'gAMA' 41 4
2021-12-24 14:00:36,445 (DEBUG): STREAM b'cHRM' 57 32
2021-12-24 14:00:36,445 (DEBUG): STREAM b'bKGD' 101 2
2021-12-24 14:00:36,445 (DEBUG): b'bKGD' 101 2 (unknown)
2021-12-24 14:00:36,445 (DEBUG): STREAM b'tIME' 115 7
2021-12-24 14:00:36,445 (DEBUG): b'tIME' 115 7 (unknown)
2021-12-24 14:00:36,445 (DEBUG): STREAM b'IDAT' 134 32768
2021-12-24 14:00:36,468 (DEBUG): STREAM b'IHDR' 16 13
2021-12-24 14:00:36,468 (DEBUG): STREAM b'gAMA' 41 4
2021-12-24 14:00:36,468 (DEBUG): STREAM b'cHRM' 57 32
2021-12-24 14:00:36,468 (DEBUG): STREAM b'bKGD' 101 2
2021-12-24 14:00:36,468 (DEBUG): b'bKGD' 101 2 (unknown)
2021-12-24 14:00:36,468 (DEBUG): STREAM b'tIME' 115 7
2021-12-24 14:00:36,468 (DEBUG): b'tIME' 115 7 (unknown)
2021-12-24 14:00:36,469 (DEBUG): STREAM b'IDAT' 134 32768
2021-12-24 14:00:36,483 (DEBUG): STREAM b'IHDR' 16 13
2021-12-24 14:00:36,483 (DEBUG): STREAM b'gAMA' 41 4
2021-12-24 14:00:36,483 (DEBUG): STREAM b'cHRM' 57 32
2021-12-24 14:00:36,483 (DEBUG): STREAM b'bKGD' 101 2
2021-12-24 14:00:36,483 (DEBUG): b'bKGD' 101 2 (unknown)
2021-12-24 14:00:36,483 (DEBUG): STREAM b'tIME' 115 7
2021-12-24 14:00:36,483 (DEBUG): b'tIME' 115 7 (unknown)
2021-12-24 14:00:36,483 (DEBUG): STREAM b'IDAT' 134 32768
2021-12-24 14:00:36,498 (DEBUG): STREAM b'IHDR' 16 13
2021-12-24 14:00:36,498 (DEBUG): STREAM b'gAMA' 41 4
2021-12-24 14:00:36,498 (DEBUG): STREAM b'cHRM' 57 32
2021-12-24 14:00:36,498 (DEBUG): STREAM b'bKGD' 101 2
2021-12-24 14:00:36,498 (DEBUG): b'bKGD' 101 2 (unknown)
2021-12-24 14:00:36,500 (DEBUG): STREAM b'tIME' 115 7
2021-12-24 14:00:36,500 (DEBUG): b'tIME' 115 7 (unknown)
2021-12-24 14:00:36,500 (DEBUG): STREAM b'IDAT' 134 32768
2021-12-24 14:00:36,519 (DEBUG): STREAM b'IHDR' 16 13
2021-12-24 14:00:36,519 (DEBUG): STREAM b'gAMA' 41 4
2021-12-24 14:00:36,519 (DEBUG): STREAM b'cHRM' 57 32
2021-12-24 14:00:36,519 (DEBUG): STREAM b'bKGD' 101 2
2021-12-24 14:00:36,519 (DEBUG): b'bKGD' 101 2 (unknown)
2021-12-24 14:00:36,519 (DEBUG): STREAM b'tIME' 115 7
2021-12-24 14:00:36,519 (DEBUG): b'tIME' 115 7 (unknown)
2021-12-24 14:00:36,519 (DEBUG): STREAM b'IDAT' 134 32768
2021-12-24 14:00:36,535 (DEBUG): STREAM b'IHDR' 16 13
2021-12-24 14:00:36,535 (DEBUG): STREAM b'gAMA' 41 4
2021-12-24 14:00:36,535 (DEBUG): STREAM b'cHRM' 57 32
2021-12-24 14:00:36,535 (DEBUG): STREAM b'bKGD' 101 2
2021-12-24 14:00:36,535 (DEBUG): b'bKGD' 101 2 (unknown)
2021-12-24 14:00:36,535 (DEBUG): STREAM b'tIME' 115 7
2021-12-24 14:00:36,535 (DEBUG): b'tIME' 115 7 (unknown)
2021-12-24 14:00:36,535 (DEBUG): STREAM b'IDAT' 134 32768
2021-12-24 14:00:36,550 (DEBUG): STREAM b'IHDR' 16 13
2021-12-24 14:00:36,550 (DEBUG): STREAM b'gAMA' 41 4
2021-12-24 14:00:36,550 (DEBUG): STREAM b'cHRM' 57 32
2021-12-24 14:00:36,550 (DEBUG): STREAM b'bKGD' 101 2
2021-12-24 14:00:36,550 (DEBUG): b'bKGD' 101 2 (unknown)
2021-12-24 14:00:36,551 (DEBUG): STREAM b'tIME' 115 7
2021-12-24 14:00:36,551 (DEBUG): b'tIME' 115 7 (unknown)
2021-12-24 14:00:36,551 (DEBUG): STREAM b'IDAT' 134 32768
2021-12-24 14:00:36,588 (DEBUG): STREAM b'IHDR' 16 13
2021-12-24 14:00:36,588 (DEBUG): STREAM b'gAMA' 41 4
2021-12-24 14:00:36,588 (DEBUG): STREAM b'cHRM' 57 32
2021-12-24 14:00:36,588 (DEBUG): STREAM b'bKGD' 101 2
2021-12-24 14:00:36,588 (DEBUG): b'bKGD' 101 2 (unknown)
2021-12-24 14:00:36,588 (DEBUG): STREAM b'tIME' 115 7
2021-12-24 14:00:36,588 (DEBUG): b'tIME' 115 7 (unknown)
2021-12-24 14:00:36,589 (DEBUG): STREAM b'IDAT' 134 32768
2021-12-24 14:00:36,608 (DEBUG): STREAM b'IHDR' 16 13
2021-12-24 14:00:36,608 (DEBUG): STREAM b'gAMA' 41 4
2021-12-24 14:00:36,608 (DEBUG): STREAM b'cHRM' 57 32
2021-12-24 14:00:36,608 (DEBUG): STREAM b'bKGD' 101 2
2021-12-24 14:00:36,608 (DEBUG): b'bKGD' 101 2 (unknown)
2021-12-24 14:00:36,608 (DEBUG): STREAM b'tIME' 115 7
2021-12-24 14:00:36,609 (DEBUG): b'tIME' 115 7 (unknown)
2021-12-24 14:00:36,609 (DEBUG): STREAM b'IDAT' 134 32768
2021-12-24 14:00:36,626 (DEBUG): STREAM b'IHDR' 16 13
2021-12-24 14:00:36,626 (DEBUG): STREAM b'gAMA' 41 4
2021-12-24 14:00:36,626 (DEBUG): STREAM b'cHRM' 57 32
2021-12-24 14:00:36,626 (DEBUG): STREAM b'bKGD' 101 2
2021-12-24 14:00:36,626 (DEBUG): b'bKGD' 101 2 (unknown)
2021-12-24 14:00:36,626 (DEBUG): STREAM b'tIME' 115 7
2021-12-24 14:00:36,626 (DEBUG): b'tIME' 115 7 (unknown)
2021-12-24 14:00:36,626 (DEBUG): STREAM b'IDAT' 134 32768
2021-12-24 14:00:36,643 (DEBUG): STREAM b'IHDR' 16 13
2021-12-24 14:00:36,643 (DEBUG): STREAM b'gAMA' 41 4
2021-12-24 14:00:36,643 (DEBUG): STREAM b'cHRM' 57 32
2021-12-24 14:00:36,643 (DEBUG): STREAM b'bKGD' 101 2
2021-12-24 14:00:36,643 (DEBUG): b'bKGD' 101 2 (unknown)
2021-12-24 14:00:36,643 (DEBUG): STREAM b'tIME' 115 7
2021-12-24 14:00:36,643 (DEBUG): b'tIME' 115 7 (unknown)
2021-12-24 14:00:36,643 (DEBUG): STREAM b'IDAT' 134 32768
2021-12-24 14:00:36,707 (DEBUG): STREAM b'IHDR' 16 13
2021-12-24 14:00:36,707 (DEBUG): STREAM b'gAMA' 41 4
2021-12-24 14:00:36,707 (DEBUG): STREAM b'cHRM' 57 32
2021-12-24 14:00:36,707 (DEBUG): STREAM b'bKGD' 101 2
2021-12-24 14:00:36,707 (DEBUG): b'bKGD' 101 2 (unknown)
2021-12-24 14:00:36,707 (DEBUG): STREAM b'tIME' 115 7
2021-12-24 14:00:36,707 (DEBUG): b'tIME' 115 7 (unknown)
2021-12-24 14:00:36,707 (DEBUG): STREAM b'IDAT' 134 32768
2021-12-24 14:00:36,722 (DEBUG): STREAM b'IHDR' 16 13
2021-12-24 14:00:36,722 (DEBUG): STREAM b'gAMA' 41 4
2021-12-24 14:00:36,722 (DEBUG): STREAM b'cHRM' 57 32
2021-12-24 14:00:36,722 (DEBUG): STREAM b'bKGD' 101 2
2021-12-24 14:00:36,722 (DEBUG): b'bKGD' 101 2 (unknown)
2021-12-24 14:00:36,722 (DEBUG): STREAM b'tIME' 115 7
2021-12-24 14:00:36,722 (DEBUG): b'tIME' 115 7 (unknown)
2021-12-24 14:00:36,722 (DEBUG): STREAM b'IDAT' 134 32768
2021-12-24 14:00:36,738 (DEBUG): STREAM b'IHDR' 16 13
2021-12-24 14:00:36,738 (DEBUG): STREAM b'gAMA' 41 4
2021-12-24 14:00:36,738 (DEBUG): STREAM b'cHRM' 57 32
2021-12-24 14:00:36,738 (DEBUG): STREAM b'bKGD' 101 2
2021-12-24 14:00:36,739 (DEBUG): b'bKGD' 101 2 (unknown)
2021-12-24 14:00:36,739 (DEBUG): STREAM b'tIME' 115 7
2021-12-24 14:00:36,739 (DEBUG): b'tIME' 115 7 (unknown)
2021-12-24 14:00:36,739 (DEBUG): STREAM b'IDAT' 134 32768
2021-12-24 14:00:36,757 (DEBUG): STREAM b'IHDR' 16 13
2021-12-24 14:00:36,757 (DEBUG): STREAM b'gAMA' 41 4
2021-12-24 14:00:36,757 (DEBUG): STREAM b'cHRM' 57 32
2021-12-24 14:00:36,757 (DEBUG): STREAM b'bKGD' 101 2
2021-12-24 14:00:36,757 (DEBUG): b'bKGD' 101 2 (unknown)
2021-12-24 14:00:36,757 (DEBUG): STREAM b'tIME' 115 7
2021-12-24 14:00:36,757 (DEBUG): b'tIME' 115 7 (unknown)
2021-12-24 14:00:36,757 (DEBUG): STREAM b'IDAT' 134 32768
2021-12-24 14:00:36,776 (DEBUG): STREAM b'IHDR' 16 13
2021-12-24 14:00:36,776 (DEBUG): STREAM b'gAMA' 41 4
2021-12-24 14:00:36,776 (DEBUG): STREAM b'cHRM' 57 32
2021-12-24 14:00:36,777 (DEBUG): STREAM b'bKGD' 101 2
2021-12-24 14:00:36,777 (DEBUG): b'bKGD' 101 2 (unknown)
2021-12-24 14:00:36,777 (DEBUG): STREAM b'tIME' 115 7
2021-12-24 14:00:36,777 (DEBUG): b'tIME' 115 7 (unknown)
2021-12-24 14:00:36,777 (DEBUG): STREAM b'IDAT' 134 32768
2021-12-24 14:00:36,809 (DEBUG): STREAM b'IHDR' 16 13
2021-12-24 14:00:36,809 (DEBUG): STREAM b'gAMA' 41 4
2021-12-24 14:00:36,809 (DEBUG): STREAM b'cHRM' 57 32
2021-12-24 14:00:36,809 (DEBUG): STREAM b'bKGD' 101 2
2021-12-24 14:00:36,809 (DEBUG): b'bKGD' 101 2 (unknown)
2021-12-24 14:00:36,809 (DEBUG): STREAM b'tIME' 115 7
2021-12-24 14:00:36,810 (DEBUG): b'tIME' 115 7 (unknown)
2021-12-24 14:00:36,810 (DEBUG): STREAM b'IDAT' 134 32768
2021-12-24 14:00:36,828 (DEBUG): STREAM b'IHDR' 16 13
2021-12-24 14:00:36,828 (DEBUG): STREAM b'gAMA' 41 4
2021-12-24 14:00:36,828 (DEBUG): STREAM b'cHRM' 57 32
2021-12-24 14:00:36,828 (DEBUG): STREAM b'bKGD' 101 2
2021-12-24 14:00:36,828 (DEBUG): b'bKGD' 101 2 (unknown)
2021-12-24 14:00:36,828 (DEBUG): STREAM b'tIME' 115 7
2021-12-24 14:00:36,828 (DEBUG): b'tIME' 115 7 (unknown)
2021-12-24 14:00:36,828 (DEBUG): STREAM b'IDAT' 134 32768
2021-12-24 14:00:36,879 (DEBUG): STREAM b'IHDR' 16 13
2021-12-24 14:00:36,879 (DEBUG): STREAM b'gAMA' 41 4
2021-12-24 14:00:36,879 (DEBUG): STREAM b'cHRM' 57 32
2021-12-24 14:00:36,879 (DEBUG): STREAM b'bKGD' 101 2
2021-12-24 14:00:36,879 (DEBUG): b'bKGD' 101 2 (unknown)
2021-12-24 14:00:36,879 (DEBUG): STREAM b'tIME' 115 7
2021-12-24 14:00:36,879 (DEBUG): b'tIME' 115 7 (unknown)
2021-12-24 14:00:36,879 (DEBUG): STREAM b'IDAT' 134 32768
