2021-12-23 21:21:08,321 (INFO): Log Path: D:\Source_Code\Python ++\02. updateComic\log\debug-20211223-2121.08.log
2021-12-23 21:21:10,387 (INFO): Currently Processing image
2021-12-23 21:21:10,387 (INFO): Processing Titles ...
2021-12-23 21:21:10,406 (DEBUG): Get Info from structure: (2t+=sakusei toshi elosion)
2021-12-23 21:21:10,414 (DEBUG): Get Info from structure: (a-10+=koukai tanetsuke hentai koubi 2)
2021-12-23 21:21:10,422 (DEBUG): Get Info from structure: (Abubu+=Kinjo no Onnatachi ga Nazeka Ore no Ie no Furo ni Hairi ni Kuru Ken)
2021-12-23 21:21:10,430 (DEBUG): Get Info from structure: (abubu+=npc kan mod)
2021-12-23 21:21:10,438 (DEBUG): Get Info from structure: (agobitch nee-san+=Hataraku Onee-san-tachi ~Mikonritsu no Takai Machi de Hataraku Tokoya no Onee-san ni Okuchi de Shiborareru~)
2021-12-23 21:21:10,446 (DEBUG): Get Info from structure: (agobitch nee-san+=Seifuku Bishoujo)
2021-12-23 21:21:10,454 (DEBUG): Get Info from structure: (ahemaru+=slave the blood)
2021-12-23 21:21:10,462 (DEBUG): Get Info from structure: (amano ameno+=Jabami Yumeko Hentai Koushuu Benjo Tantsubo Nikubenki Onna)
2021-12-23 21:21:10,470 (DEBUG): Get Info from structure: (amano ameno+=Kyonyuu Onna Joushi Saimin Nikuningyou)
2021-12-23 21:21:10,478 (DEBUG): Get Info from structure: (Ameyama Denshin+=Stories)
2021-12-23 21:21:10,486 (DEBUG): Get Info from structure: (Arai Kei+=Boku No Kanojo)
2021-12-23 21:21:10,494 (DEBUG): Get Info from structure: (arai kei+=Boku Wa Kanojo No Namae Mo Shiranai)
2021-12-23 21:21:10,502 (DEBUG): Get Info from structure: (arai kei+=hougan kanojo)
2021-12-23 21:21:10,510 (DEBUG): Get Info from structure: (arai kei+=Stories)
2021-12-23 21:21:10,518 (DEBUG): Get Info from structure: (Arai Taiki+=Kahanshin Daiichi Shugi)
2021-12-23 21:21:10,526 (DEBUG): Get Info from structure: (arai taiki+=ochita yume no naka de)
2021-12-23 21:21:10,534 (DEBUG): Get Info from structure: (Arai Taiki+=Stories)
2021-12-23 21:21:10,542 (DEBUG): Get Info from structure: (aroma sensei+=Gwen)
2021-12-23 21:21:10,550 (DEBUG): Get Info from structure: (aroma sensei+=what's going on here)
2021-12-23 21:21:10,560 (DEBUG): Get Info from structure: (asanagi+=Stories)
2021-12-23 21:21:10,568 (DEBUG): Get Info from structure: (BeNantoka+=Stories)
2021-12-23 21:21:10,578 (DEBUG): Get Info from structure: (Bonske+=Arawareta Chijo wa Toshishita Kui no Scatolo Hentai deshita)
2021-12-23 21:21:10,586 (DEBUG): Get Info from structure: (bonske+=sono kuchi to shita de subete o uketomenasai)
2021-12-23 21:21:10,594 (DEBUG): Get Info from structure: (Dokurosan+=Stories)
2021-12-23 21:21:10,604 (DEBUG): Get Info from structure: (Enokido+=Stories)
2021-12-23 21:21:10,612 (DEBUG): Get Info from structure: (freehand tamashii+=aorare tsuma)
2021-12-23 21:21:10,620 (DEBUG): Get Info from structure: (freehand tamashii+=Incha No Oi Ga Yaritai Oba-san)
2021-12-23 21:21:10,628 (DEBUG): Get Info from structure: (freehand tamashii+=Isourou Saki No Obasan Ni Hameru!)
2021-12-23 21:21:10,636 (DEBUG): Get Info from structure: (freehand tamashii+=Stories)
2021-12-23 21:21:10,644 (DEBUG): Get Info from structure: (freehand tamashii+=Toiu Wake De, Kaa-san-tachi To Yattemita)
2021-12-23 21:21:10,652 (DEBUG): Get Info from structure: (freehand tamasshii+=Shin Mama O Netoruze!)
2021-12-23 21:21:10,662 (DEBUG): Get Info from structure: (gonza+=av mama)
2021-12-23 21:21:10,671 (DEBUG): Get Info from structure: (gonza+=matching appli)
2021-12-23 21:21:10,678 (DEBUG): Get Info from structure: (Gonza+=Mayonaka No Haha)
2021-12-23 21:21:10,686 (DEBUG): Get Info from structure: (gonza+=my three horny moms)
2021-12-23 21:21:10,694 (DEBUG): Get Info from structure: (gonza+=Nonfiction ~boshi Soukan No Kioku~)
2021-12-23 21:21:10,702 (DEBUG): Get Info from structure: (gonza+=stories)
2021-12-23 21:21:10,711 (DEBUG): Get Info from structure: (mizone+=Ajin Iryou Sougou Center e Youkoso!)
2021-12-23 21:21:10,719 (DEBUG): Get Info from structure: (mizone+=Jikyuu 1500 yen!! Gyogyou o Tetsudau Kantan na Oshigoto desu)
2021-12-23 21:21:10,728 (DEBUG): Get Info from structure: (mizone+=Kindan no Shohousen)
2021-12-23 21:21:10,735 (DEBUG): Get Info from structure: (mizone+=monster romance)
2021-12-23 21:21:10,743 (DEBUG): Get Info from structure: (mizone+=monster smash)
2021-12-23 21:21:10,753 (DEBUG): Get Info from structure: (mizone+=Otherworldly Maidens Series)
2021-12-23 21:21:10,760 (DEBUG): Get Info from structure: (mizone+=stories)
2021-12-23 21:21:10,770 (DEBUG): Get Info from structure: (mizone+=Zasshoku Yuusha)
2021-12-23 21:21:10,778 (DEBUG): Get Info from structure: (Tsusauto+=Jichikai no Hitozuma wa Totemo Ecchi deshita)
2021-12-23 21:21:10,786 (INFO): Processing Chapters / Episodes ...
2021-12-23 21:21:10,850 (INFO): Processing Chapters & Pages ... 
