2021-12-24 14:07:29,574 (INFO): Log Path: D:\Source_Code\Python ++\02. updateComic\log\debug-20211224-1407.29.log
2021-12-24 14:07:31,599 (INFO): Currently Processing image
2021-12-24 14:07:31,599 (INFO): Processing Titles ...
2021-12-24 14:07:31,697 (DEBUG): Get Info from structure: (2t+=sakusei toshi elosion)
2021-12-24 14:07:31,708 (DEBUG): Get Info from structure: (a-10+=koukai tanetsuke hentai koubi 2)
2021-12-24 14:07:31,718 (DEBUG): Get Info from structure: (Abubu+=Kinjo no Onnatachi ga Nazeka Ore no Ie no Furo ni Hairi ni Kuru Ken)
2021-12-24 14:07:31,729 (DEBUG): Get Info from structure: (abubu+=npc kan mod)
2021-12-24 14:07:31,762 (DEBUG): Get Info from structure: (agobitch nee-san+=Hataraku Onee-san-tachi ~Mikonritsu no Takai Machi de Hataraku Tokoya no Onee-san ni Okuchi de Shiborareru~)
2021-12-24 14:07:31,769 (DEBUG): Get Info from structure: (agobitch nee-san+=Seifuku Bishoujo)
2021-12-24 14:07:31,778 (DEBUG): Get Info from structure: (ahemaru+=slave the blood)
2021-12-24 14:07:31,786 (DEBUG): Get Info from structure: (amano ameno+=Jabami Yumeko Hentai Koushuu Benjo Tantsubo Nikubenki Onna)
2021-12-24 14:07:31,795 (DEBUG): Get Info from structure: (amano ameno+=Kyonyuu Onna Joushi Saimin Nikuningyou)
2021-12-24 14:07:31,803 (DEBUG): Get Info from structure: (Ameyama Denshin+=Stories)
2021-12-24 14:07:31,811 (DEBUG): Get Info from structure: (Arai Kei+=Boku No Kanojo)
2021-12-24 14:07:31,819 (DEBUG): Get Info from structure: (arai kei+=Boku Wa Kanojo No Namae Mo Shiranai)
2021-12-24 14:07:31,827 (DEBUG): Get Info from structure: (arai kei+=hougan kanojo)
2021-12-24 14:07:31,836 (DEBUG): Get Info from structure: (arai kei+=Stories)
2021-12-24 14:07:31,846 (DEBUG): Get Info from structure: (Arai Taiki+=Kahanshin Daiichi Shugi)
2021-12-24 14:07:31,854 (DEBUG): Get Info from structure: (arai taiki+=ochita yume no naka de)
2021-12-24 14:07:31,863 (DEBUG): Get Info from structure: (Arai Taiki+=Stories)
2021-12-24 14:07:31,871 (DEBUG): Get Info from structure: (aroma sensei+=Gwen)
2021-12-24 14:07:31,880 (DEBUG): Get Info from structure: (aroma sensei+=what's going on here)
2021-12-24 14:07:31,888 (DEBUG): Get Info from structure: (asanagi+=Stories)
2021-12-24 14:07:31,897 (DEBUG): Get Info from structure: (BeNantoka+=Stories)
2021-12-24 14:07:31,915 (DEBUG): Get Info from structure: (Bonske+=Arawareta Chijo wa Toshishita Kui no Scatolo Hentai deshita)
2021-12-24 14:07:31,923 (DEBUG): Get Info from structure: (bonske+=sono kuchi to shita de subete o uketomenasai)
2021-12-24 14:07:31,931 (DEBUG): Get Info from structure: (Dokurosan+=Stories)
2021-12-24 14:07:31,941 (DEBUG): Get Info from structure: (Enokido+=Stories)
2021-12-24 14:07:31,950 (DEBUG): Get Info from structure: (freehand tamashii+=aorare tsuma)
2021-12-24 14:07:31,958 (DEBUG): Get Info from structure: (freehand tamashii+=Incha No Oi Ga Yaritai Oba-san)
2021-12-24 14:07:31,968 (DEBUG): Get Info from structure: (freehand tamashii+=Isourou Saki No Obasan Ni Hameru!)
2021-12-24 14:07:31,976 (DEBUG): Get Info from structure: (freehand tamashii+=Stories)
2021-12-24 14:07:31,985 (DEBUG): Get Info from structure: (freehand tamashii+=Toiu Wake De, Kaa-san-tachi To Yattemita)
2021-12-24 14:07:31,994 (DEBUG): Get Info from structure: (freehand tamasshii+=Shin Mama O Netoruze!)
2021-12-24 14:07:32,003 (DEBUG): Get Info from structure: (gonza+=av mama)
2021-12-24 14:07:32,010 (DEBUG): Get Info from structure: (gonza+=matching appli)
2021-12-24 14:07:32,019 (DEBUG): Get Info from structure: (Gonza+=Mayonaka No Haha)
2021-12-24 14:07:32,027 (DEBUG): Get Info from structure: (gonza+=my three horny moms)
2021-12-24 14:07:32,037 (DEBUG): Get Info from structure: (gonza+=Nonfiction ~boshi Soukan No Kioku~)
2021-12-24 14:07:32,046 (DEBUG): Get Info from structure: (gonza+=stories)
2021-12-24 14:07:32,055 (DEBUG): Get Info from structure: (mizone+=Ajin Iryou Sougou Center e Youkoso!)
2021-12-24 14:07:32,063 (DEBUG): Get Info from structure: (mizone+=Jikyuu 1500 yen!! Gyogyou o Tetsudau Kantan na Oshigoto desu)
2021-12-24 14:07:32,070 (DEBUG): Get Info from structure: (mizone+=Kindan no Shohousen)
2021-12-24 14:07:32,077 (DEBUG): Get Info from structure: (mizone+=monster romance)
2021-12-24 14:07:32,087 (DEBUG): Get Info from structure: (mizone+=monster smash)
2021-12-24 14:07:32,094 (DEBUG): Get Info from structure: (mizone+=Otherworldly Maidens Series)
2021-12-24 14:07:32,103 (DEBUG): Get Info from structure: (mizone+=stories)
2021-12-24 14:07:32,112 (DEBUG): Get Info from structure: (mizone+=Zasshoku Yuusha)
2021-12-24 14:07:32,120 (DEBUG): Get Info from structure: (Tsusauto+=Jichikai no Hitozuma wa Totemo Ecchi deshita)
2021-12-24 14:07:32,127 (INFO): Processing Chapters / Episodes ...
2021-12-24 14:07:32,141 (INFO): Processing Chapters & Pages ... 
2021-12-24 14:09:04,255 (DEBUG): STREAM b'IHDR' 16 13
2021-12-24 14:09:04,255 (DEBUG): STREAM b'gAMA' 41 4
2021-12-24 14:09:04,255 (DEBUG): STREAM b'cHRM' 57 32
2021-12-24 14:09:04,255 (DEBUG): STREAM b'bKGD' 101 2
2021-12-24 14:09:04,255 (DEBUG): b'bKGD' 101 2 (unknown)
2021-12-24 14:09:04,255 (DEBUG): STREAM b'tIME' 115 7
2021-12-24 14:09:04,255 (DEBUG): b'tIME' 115 7 (unknown)
2021-12-24 14:09:04,255 (DEBUG): STREAM b'IDAT' 134 32768
2021-12-24 14:09:04,270 (DEBUG): STREAM b'IHDR' 16 13
2021-12-24 14:09:04,270 (DEBUG): STREAM b'gAMA' 41 4
2021-12-24 14:09:04,270 (DEBUG): STREAM b'cHRM' 57 32
2021-12-24 14:09:04,270 (DEBUG): STREAM b'bKGD' 101 2
2021-12-24 14:09:04,270 (DEBUG): b'bKGD' 101 2 (unknown)
2021-12-24 14:09:04,270 (DEBUG): STREAM b'tIME' 115 7
2021-12-24 14:09:04,270 (DEBUG): b'tIME' 115 7 (unknown)
2021-12-24 14:09:04,270 (DEBUG): STREAM b'IDAT' 134 32768
2021-12-24 14:09:04,287 (DEBUG): STREAM b'IHDR' 16 13
2021-12-24 14:09:04,287 (DEBUG): STREAM b'gAMA' 41 4
2021-12-24 14:09:04,287 (DEBUG): STREAM b'cHRM' 57 32
2021-12-24 14:09:04,287 (DEBUG): STREAM b'bKGD' 101 2
2021-12-24 14:09:04,287 (DEBUG): b'bKGD' 101 2 (unknown)
2021-12-24 14:09:04,287 (DEBUG): STREAM b'tIME' 115 7
2021-12-24 14:09:04,287 (DEBUG): b'tIME' 115 7 (unknown)
2021-12-24 14:09:04,287 (DEBUG): STREAM b'IDAT' 134 32768
2021-12-24 14:09:04,303 (DEBUG): STREAM b'IHDR' 16 13
2021-12-24 14:09:04,303 (DEBUG): STREAM b'gAMA' 41 4
2021-12-24 14:09:04,303 (DEBUG): STREAM b'cHRM' 57 32
2021-12-24 14:09:04,303 (DEBUG): STREAM b'bKGD' 101 2
2021-12-24 14:09:04,303 (DEBUG): b'bKGD' 101 2 (unknown)
2021-12-24 14:09:04,303 (DEBUG): STREAM b'tIME' 115 7
2021-12-24 14:09:04,303 (DEBUG): b'tIME' 115 7 (unknown)
2021-12-24 14:09:04,303 (DEBUG): STREAM b'IDAT' 134 32768
2021-12-24 14:09:04,317 (DEBUG): STREAM b'IHDR' 16 13
2021-12-24 14:09:04,317 (DEBUG): STREAM b'gAMA' 41 4
2021-12-24 14:09:04,317 (DEBUG): STREAM b'cHRM' 57 32
2021-12-24 14:09:04,317 (DEBUG): STREAM b'bKGD' 101 2
2021-12-24 14:09:04,317 (DEBUG): b'bKGD' 101 2 (unknown)
2021-12-24 14:09:04,317 (DEBUG): STREAM b'tIME' 115 7
2021-12-24 14:09:04,317 (DEBUG): b'tIME' 115 7 (unknown)
2021-12-24 14:09:04,317 (DEBUG): STREAM b'IDAT' 134 32768
2021-12-24 14:09:04,335 (DEBUG): STREAM b'IHDR' 16 13
2021-12-24 14:09:04,335 (DEBUG): STREAM b'gAMA' 41 4
2021-12-24 14:09:04,335 (DEBUG): STREAM b'cHRM' 57 32
2021-12-24 14:09:04,335 (DEBUG): STREAM b'bKGD' 101 2
2021-12-24 14:09:04,335 (DEBUG): b'bKGD' 101 2 (unknown)
2021-12-24 14:09:04,336 (DEBUG): STREAM b'tIME' 115 7
2021-12-24 14:09:04,336 (DEBUG): b'tIME' 115 7 (unknown)
2021-12-24 14:09:04,336 (DEBUG): STREAM b'IDAT' 134 32768
2021-12-24 14:09:04,348 (DEBUG): STREAM b'IHDR' 16 13
2021-12-24 14:09:04,349 (DEBUG): STREAM b'gAMA' 41 4
2021-12-24 14:09:04,349 (DEBUG): STREAM b'cHRM' 57 32
2021-12-24 14:09:04,349 (DEBUG): STREAM b'bKGD' 101 2
2021-12-24 14:09:04,349 (DEBUG): b'bKGD' 101 2 (unknown)
2021-12-24 14:09:04,349 (DEBUG): STREAM b'tIME' 115 7
2021-12-24 14:09:04,349 (DEBUG): b'tIME' 115 7 (unknown)
2021-12-24 14:09:04,349 (DEBUG): STREAM b'IDAT' 134 32768
2021-12-24 14:09:04,364 (DEBUG): STREAM b'IHDR' 16 13
2021-12-24 14:09:04,364 (DEBUG): STREAM b'gAMA' 41 4
2021-12-24 14:09:04,364 (DEBUG): STREAM b'cHRM' 57 32
2021-12-24 14:09:04,364 (DEBUG): STREAM b'bKGD' 101 2
2021-12-24 14:09:04,365 (DEBUG): b'bKGD' 101 2 (unknown)
2021-12-24 14:09:04,365 (DEBUG): STREAM b'tIME' 115 7
2021-12-24 14:09:04,365 (DEBUG): b'tIME' 115 7 (unknown)
2021-12-24 14:09:04,365 (DEBUG): STREAM b'IDAT' 134 32768
2021-12-24 14:09:04,379 (DEBUG): STREAM b'IHDR' 16 13
2021-12-24 14:09:04,379 (DEBUG): STREAM b'gAMA' 41 4
2021-12-24 14:09:04,379 (DEBUG): STREAM b'cHRM' 57 32
2021-12-24 14:09:04,379 (DEBUG): STREAM b'bKGD' 101 2
2021-12-24 14:09:04,379 (DEBUG): b'bKGD' 101 2 (unknown)
2021-12-24 14:09:04,379 (DEBUG): STREAM b'tIME' 115 7
2021-12-24 14:09:04,379 (DEBUG): b'tIME' 115 7 (unknown)
2021-12-24 14:09:04,379 (DEBUG): STREAM b'IDAT' 134 32768
2021-12-24 14:09:04,394 (DEBUG): STREAM b'IHDR' 16 13
2021-12-24 14:09:04,394 (DEBUG): STREAM b'gAMA' 41 4
2021-12-24 14:09:04,394 (DEBUG): STREAM b'cHRM' 57 32
2021-12-24 14:09:04,394 (DEBUG): STREAM b'bKGD' 101 2
2021-12-24 14:09:04,394 (DEBUG): b'bKGD' 101 2 (unknown)
2021-12-24 14:09:04,395 (DEBUG): STREAM b'tIME' 115 7
2021-12-24 14:09:04,395 (DEBUG): b'tIME' 115 7 (unknown)
2021-12-24 14:09:04,395 (DEBUG): STREAM b'IDAT' 134 32768
2021-12-24 14:09:04,409 (DEBUG): STREAM b'IHDR' 16 13
2021-12-24 14:09:04,409 (DEBUG): STREAM b'gAMA' 41 4
2021-12-24 14:09:04,409 (DEBUG): STREAM b'cHRM' 57 32
2021-12-24 14:09:04,409 (DEBUG): STREAM b'bKGD' 101 2
2021-12-24 14:09:04,409 (DEBUG): b'bKGD' 101 2 (unknown)
2021-12-24 14:09:04,409 (DEBUG): STREAM b'tIME' 115 7
2021-12-24 14:09:04,409 (DEBUG): b'tIME' 115 7 (unknown)
2021-12-24 14:09:04,409 (DEBUG): STREAM b'IDAT' 134 32768
2021-12-24 14:09:04,427 (DEBUG): STREAM b'IHDR' 16 13
2021-12-24 14:09:04,427 (DEBUG): STREAM b'gAMA' 41 4
2021-12-24 14:09:04,427 (DEBUG): STREAM b'cHRM' 57 32
2021-12-24 14:09:04,427 (DEBUG): STREAM b'bKGD' 101 2
2021-12-24 14:09:04,427 (DEBUG): b'bKGD' 101 2 (unknown)
2021-12-24 14:09:04,427 (DEBUG): STREAM b'tIME' 115 7
2021-12-24 14:09:04,427 (DEBUG): b'tIME' 115 7 (unknown)
2021-12-24 14:09:04,428 (DEBUG): STREAM b'IDAT' 134 32768
2021-12-24 14:09:04,441 (DEBUG): STREAM b'IHDR' 16 13
2021-12-24 14:09:04,442 (DEBUG): STREAM b'gAMA' 41 4
2021-12-24 14:09:04,442 (DEBUG): STREAM b'cHRM' 57 32
2021-12-24 14:09:04,442 (DEBUG): STREAM b'bKGD' 101 2
2021-12-24 14:09:04,442 (DEBUG): b'bKGD' 101 2 (unknown)
2021-12-24 14:09:04,442 (DEBUG): STREAM b'tIME' 115 7
2021-12-24 14:09:04,442 (DEBUG): b'tIME' 115 7 (unknown)
2021-12-24 14:09:04,442 (DEBUG): STREAM b'IDAT' 134 32768
2021-12-24 14:09:04,456 (DEBUG): STREAM b'IHDR' 16 13
2021-12-24 14:09:04,456 (DEBUG): STREAM b'gAMA' 41 4
2021-12-24 14:09:04,456 (DEBUG): STREAM b'cHRM' 57 32
2021-12-24 14:09:04,456 (DEBUG): STREAM b'bKGD' 101 2
2021-12-24 14:09:04,456 (DEBUG): b'bKGD' 101 2 (unknown)
2021-12-24 14:09:04,456 (DEBUG): STREAM b'tIME' 115 7
2021-12-24 14:09:04,456 (DEBUG): b'tIME' 115 7 (unknown)
2021-12-24 14:09:04,456 (DEBUG): STREAM b'IDAT' 134 32768
2021-12-24 14:09:04,472 (DEBUG): STREAM b'IHDR' 16 13
2021-12-24 14:09:04,472 (DEBUG): STREAM b'gAMA' 41 4
2021-12-24 14:09:04,472 (DEBUG): STREAM b'cHRM' 57 32
2021-12-24 14:09:04,472 (DEBUG): STREAM b'bKGD' 101 2
2021-12-24 14:09:04,473 (DEBUG): b'bKGD' 101 2 (unknown)
2021-12-24 14:09:04,473 (DEBUG): STREAM b'tIME' 115 7
2021-12-24 14:09:04,473 (DEBUG): b'tIME' 115 7 (unknown)
2021-12-24 14:09:04,473 (DEBUG): STREAM b'IDAT' 134 32768
2021-12-24 14:09:04,489 (DEBUG): STREAM b'IHDR' 16 13
2021-12-24 14:09:04,489 (DEBUG): STREAM b'gAMA' 41 4
2021-12-24 14:09:04,489 (DEBUG): STREAM b'cHRM' 57 32
2021-12-24 14:09:04,489 (DEBUG): STREAM b'bKGD' 101 2
2021-12-24 14:09:04,489 (DEBUG): b'bKGD' 101 2 (unknown)
2021-12-24 14:09:04,489 (DEBUG): STREAM b'tIME' 115 7
2021-12-24 14:09:04,489 (DEBUG): b'tIME' 115 7 (unknown)
2021-12-24 14:09:04,489 (DEBUG): STREAM b'IDAT' 134 32768
2021-12-24 14:09:04,524 (DEBUG): STREAM b'IHDR' 16 13
2021-12-24 14:09:04,524 (DEBUG): STREAM b'gAMA' 41 4
2021-12-24 14:09:04,524 (DEBUG): STREAM b'cHRM' 57 32
2021-12-24 14:09:04,524 (DEBUG): STREAM b'bKGD' 101 2
2021-12-24 14:09:04,524 (DEBUG): b'bKGD' 101 2 (unknown)
2021-12-24 14:09:04,524 (DEBUG): STREAM b'tIME' 115 7
2021-12-24 14:09:04,524 (DEBUG): b'tIME' 115 7 (unknown)
2021-12-24 14:09:04,524 (DEBUG): STREAM b'IDAT' 134 32768
2021-12-24 14:09:04,539 (DEBUG): STREAM b'IHDR' 16 13
2021-12-24 14:09:04,539 (DEBUG): STREAM b'gAMA' 41 4
2021-12-24 14:09:04,539 (DEBUG): STREAM b'cHRM' 57 32
2021-12-24 14:09:04,539 (DEBUG): STREAM b'bKGD' 101 2
2021-12-24 14:09:04,539 (DEBUG): b'bKGD' 101 2 (unknown)
2021-12-24 14:09:04,539 (DEBUG): STREAM b'tIME' 115 7
2021-12-24 14:09:04,539 (DEBUG): b'tIME' 115 7 (unknown)
2021-12-24 14:09:04,539 (DEBUG): STREAM b'IDAT' 134 32768
2021-12-24 14:09:04,555 (DEBUG): STREAM b'IHDR' 16 13
2021-12-24 14:09:04,555 (DEBUG): STREAM b'gAMA' 41 4
2021-12-24 14:09:04,555 (DEBUG): STREAM b'cHRM' 57 32
2021-12-24 14:09:04,555 (DEBUG): STREAM b'bKGD' 101 2
2021-12-24 14:09:04,555 (DEBUG): b'bKGD' 101 2 (unknown)
2021-12-24 14:09:04,555 (DEBUG): STREAM b'tIME' 115 7
2021-12-24 14:09:04,555 (DEBUG): b'tIME' 115 7 (unknown)
2021-12-24 14:09:04,555 (DEBUG): STREAM b'IDAT' 134 32768
2021-12-24 14:09:04,571 (DEBUG): STREAM b'IHDR' 16 13
2021-12-24 14:09:04,571 (DEBUG): STREAM b'gAMA' 41 4
2021-12-24 14:09:04,571 (DEBUG): STREAM b'cHRM' 57 32
2021-12-24 14:09:04,571 (DEBUG): STREAM b'bKGD' 101 2
2021-12-24 14:09:04,571 (DEBUG): b'bKGD' 101 2 (unknown)
2021-12-24 14:09:04,571 (DEBUG): STREAM b'tIME' 115 7
2021-12-24 14:09:04,571 (DEBUG): b'tIME' 115 7 (unknown)
2021-12-24 14:09:04,571 (DEBUG): STREAM b'IDAT' 134 32768
2021-12-24 14:09:04,642 (DEBUG): STREAM b'IHDR' 16 13
2021-12-24 14:09:04,643 (DEBUG): STREAM b'gAMA' 41 4
2021-12-24 14:09:04,644 (DEBUG): STREAM b'cHRM' 57 32
2021-12-24 14:09:04,644 (DEBUG): STREAM b'bKGD' 101 2
2021-12-24 14:09:04,644 (DEBUG): b'bKGD' 101 2 (unknown)
2021-12-24 14:09:04,644 (DEBUG): STREAM b'tIME' 115 7
2021-12-24 14:09:04,644 (DEBUG): b'tIME' 115 7 (unknown)
2021-12-24 14:09:04,644 (DEBUG): STREAM b'IDAT' 134 32768
2021-12-24 14:09:04,658 (DEBUG): STREAM b'IHDR' 16 13
2021-12-24 14:09:04,658 (DEBUG): STREAM b'gAMA' 41 4
2021-12-24 14:09:04,658 (DEBUG): STREAM b'cHRM' 57 32
2021-12-24 14:09:04,658 (DEBUG): STREAM b'bKGD' 101 2
2021-12-24 14:09:04,658 (DEBUG): b'bKGD' 101 2 (unknown)
2021-12-24 14:09:04,658 (DEBUG): STREAM b'tIME' 115 7
2021-12-24 14:09:04,659 (DEBUG): b'tIME' 115 7 (unknown)
2021-12-24 14:09:04,659 (DEBUG): STREAM b'IDAT' 134 32768
2021-12-24 14:09:04,674 (DEBUG): STREAM b'IHDR' 16 13
2021-12-24 14:09:04,674 (DEBUG): STREAM b'gAMA' 41 4
2021-12-24 14:09:04,674 (DEBUG): STREAM b'cHRM' 57 32
2021-12-24 14:09:04,675 (DEBUG): STREAM b'bKGD' 101 2
2021-12-24 14:09:04,675 (DEBUG): b'bKGD' 101 2 (unknown)
2021-12-24 14:09:04,675 (DEBUG): STREAM b'tIME' 115 7
2021-12-24 14:09:04,675 (DEBUG): b'tIME' 115 7 (unknown)
2021-12-24 14:09:04,675 (DEBUG): STREAM b'IDAT' 134 32768
2021-12-24 14:09:04,700 (DEBUG): STREAM b'IHDR' 16 13
2021-12-24 14:09:04,700 (DEBUG): STREAM b'gAMA' 41 4
2021-12-24 14:09:04,700 (DEBUG): STREAM b'cHRM' 57 32
2021-12-24 14:09:04,700 (DEBUG): STREAM b'bKGD' 101 2
2021-12-24 14:09:04,700 (DEBUG): b'bKGD' 101 2 (unknown)
2021-12-24 14:09:04,700 (DEBUG): STREAM b'tIME' 115 7
2021-12-24 14:09:04,700 (DEBUG): b'tIME' 115 7 (unknown)
2021-12-24 14:09:04,700 (DEBUG): STREAM b'IDAT' 134 32768
2021-12-24 14:09:04,717 (DEBUG): STREAM b'IHDR' 16 13
2021-12-24 14:09:04,717 (DEBUG): STREAM b'gAMA' 41 4
2021-12-24 14:09:04,717 (DEBUG): STREAM b'cHRM' 57 32
2021-12-24 14:09:04,717 (DEBUG): STREAM b'bKGD' 101 2
2021-12-24 14:09:04,717 (DEBUG): b'bKGD' 101 2 (unknown)
2021-12-24 14:09:04,717 (DEBUG): STREAM b'tIME' 115 7
2021-12-24 14:09:04,717 (DEBUG): b'tIME' 115 7 (unknown)
2021-12-24 14:09:04,717 (DEBUG): STREAM b'IDAT' 134 32768
2021-12-24 14:09:04,751 (DEBUG): STREAM b'IHDR' 16 13
2021-12-24 14:09:04,751 (DEBUG): STREAM b'gAMA' 41 4
2021-12-24 14:09:04,751 (DEBUG): STREAM b'cHRM' 57 32
2021-12-24 14:09:04,751 (DEBUG): STREAM b'bKGD' 101 2
2021-12-24 14:09:04,751 (DEBUG): b'bKGD' 101 2 (unknown)
2021-12-24 14:09:04,751 (DEBUG): STREAM b'tIME' 115 7
2021-12-24 14:09:04,769 (DEBUG): b'tIME' 115 7 (unknown)
2021-12-24 14:09:04,769 (DEBUG): STREAM b'IDAT' 134 32768
2021-12-24 14:09:04,784 (DEBUG): STREAM b'IHDR' 16 13
2021-12-24 14:09:04,784 (DEBUG): STREAM b'gAMA' 41 4
2021-12-24 14:09:04,784 (DEBUG): STREAM b'cHRM' 57 32
2021-12-24 14:09:04,784 (DEBUG): STREAM b'bKGD' 101 2
2021-12-24 14:09:04,784 (DEBUG): b'bKGD' 101 2 (unknown)
2021-12-24 14:09:04,785 (DEBUG): STREAM b'tIME' 115 7
2021-12-24 14:09:04,785 (DEBUG): b'tIME' 115 7 (unknown)
2021-12-24 14:09:04,785 (DEBUG): STREAM b'IDAT' 134 32768
2021-12-24 14:09:04,834 (DEBUG): STREAM b'IHDR' 16 13
2021-12-24 14:09:04,834 (DEBUG): STREAM b'gAMA' 41 4
2021-12-24 14:09:04,834 (DEBUG): STREAM b'cHRM' 57 32
2021-12-24 14:09:04,834 (DEBUG): STREAM b'bKGD' 101 2
2021-12-24 14:09:04,834 (DEBUG): b'bKGD' 101 2 (unknown)
2021-12-24 14:09:04,834 (DEBUG): STREAM b'tIME' 115 7
2021-12-24 14:09:04,834 (DEBUG): b'tIME' 115 7 (unknown)
2021-12-24 14:09:04,834 (DEBUG): STREAM b'IDAT' 134 32768
