2021-12-23 21:36:45,300 (INFO): Log Path: D:\Source_Code\Python ++\02. updateComic\log\debug-20211223-2136.45.log
2021-12-23 21:36:47,369 (INFO): Currently Processing image
2021-12-23 21:36:47,369 (INFO): Processing Titles ...
2021-12-23 21:36:47,398 (DEBUG): Get Info from structure: (2t+=sakusei toshi elosion)
2021-12-23 21:36:47,410 (DEBUG): Get Info from structure: (a-10+=koukai tanetsuke hentai koubi 2)
2021-12-23 21:36:47,423 (DEBUG): Get Info from structure: (Abubu+=Kinjo no Onnatachi ga Nazeka Ore no Ie no Furo ni Hairi ni Kuru Ken)
2021-12-23 21:36:47,435 (DEBUG): Get Info from structure: (abubu+=npc kan mod)
2021-12-23 21:36:47,446 (DEBUG): Get Info from structure: (agobitch nee-san+=Hataraku Onee-san-tachi ~Mikonritsu no Takai Machi de Hataraku Tokoya no Onee-san ni Okuchi de Shiborareru~)
2021-12-23 21:36:47,455 (DEBUG): Get Info from structure: (agobitch nee-san+=Seifuku Bishoujo)
2021-12-23 21:36:47,465 (DEBUG): Get Info from structure: (ahemaru+=slave the blood)
2021-12-23 21:36:47,475 (DEBUG): Get Info from structure: (amano ameno+=Jabami Yumeko Hentai Koushuu Benjo Tantsubo Nikubenki Onna)
2021-12-23 21:36:47,485 (DEBUG): Get Info from structure: (amano ameno+=Kyonyuu Onna Joushi Saimin Nikuningyou)
2021-12-23 21:36:47,495 (DEBUG): Get Info from structure: (Ameyama Denshin+=Stories)
2021-12-23 21:36:47,507 (DEBUG): Get Info from structure: (Arai Kei+=Boku No Kanojo)
2021-12-23 21:36:47,517 (DEBUG): Get Info from structure: (arai kei+=Boku Wa Kanojo No Namae Mo Shiranai)
2021-12-23 21:36:47,527 (DEBUG): Get Info from structure: (arai kei+=hougan kanojo)
2021-12-23 21:36:47,537 (DEBUG): Get Info from structure: (arai kei+=Stories)
2021-12-23 21:36:47,546 (DEBUG): Get Info from structure: (Arai Taiki+=Kahanshin Daiichi Shugi)
2021-12-23 21:36:47,556 (DEBUG): Get Info from structure: (arai taiki+=ochita yume no naka de)
2021-12-23 21:36:47,565 (DEBUG): Get Info from structure: (Arai Taiki+=Stories)
2021-12-23 21:36:47,574 (DEBUG): Get Info from structure: (aroma sensei+=Gwen)
2021-12-23 21:36:47,584 (DEBUG): Get Info from structure: (aroma sensei+=what's going on here)
2021-12-23 21:36:47,594 (DEBUG): Get Info from structure: (asanagi+=Stories)
2021-12-23 21:36:47,603 (DEBUG): Get Info from structure: (BeNantoka+=Stories)
2021-12-23 21:36:47,616 (DEBUG): Get Info from structure: (Bonske+=Arawareta Chijo wa Toshishita Kui no Scatolo Hentai deshita)
2021-12-23 21:36:47,625 (DEBUG): Get Info from structure: (bonske+=sono kuchi to shita de subete o uketomenasai)
2021-12-23 21:36:47,635 (DEBUG): Get Info from structure: (Dokurosan+=Stories)
2021-12-23 21:36:47,645 (DEBUG): Get Info from structure: (Enokido+=Stories)
2021-12-23 21:36:47,654 (DEBUG): Get Info from structure: (freehand tamashii+=aorare tsuma)
2021-12-23 21:36:47,665 (DEBUG): Get Info from structure: (freehand tamashii+=Incha No Oi Ga Yaritai Oba-san)
2021-12-23 21:36:47,676 (DEBUG): Get Info from structure: (freehand tamashii+=Isourou Saki No Obasan Ni Hameru!)
2021-12-23 21:36:47,685 (DEBUG): Get Info from structure: (freehand tamashii+=Stories)
2021-12-23 21:36:47,696 (DEBUG): Get Info from structure: (freehand tamashii+=Toiu Wake De, Kaa-san-tachi To Yattemita)
2021-12-23 21:36:47,706 (DEBUG): Get Info from structure: (freehand tamasshii+=Shin Mama O Netoruze!)
2021-12-23 21:36:47,718 (DEBUG): Get Info from structure: (gonza+=av mama)
2021-12-23 21:36:47,727 (DEBUG): Get Info from structure: (gonza+=matching appli)
2021-12-23 21:36:47,736 (DEBUG): Get Info from structure: (Gonza+=Mayonaka No Haha)
2021-12-23 21:36:47,746 (DEBUG): Get Info from structure: (gonza+=my three horny moms)
2021-12-23 21:36:47,758 (DEBUG): Get Info from structure: (gonza+=Nonfiction ~boshi Soukan No Kioku~)
2021-12-23 21:36:47,766 (DEBUG): Get Info from structure: (gonza+=stories)
2021-12-23 21:36:47,777 (DEBUG): Get Info from structure: (mizone+=Ajin Iryou Sougou Center e Youkoso!)
2021-12-23 21:36:47,787 (DEBUG): Get Info from structure: (mizone+=Jikyuu 1500 yen!! Gyogyou o Tetsudau Kantan na Oshigoto desu)
2021-12-23 21:36:47,797 (DEBUG): Get Info from structure: (mizone+=Kindan no Shohousen)
2021-12-23 21:36:47,807 (DEBUG): Get Info from structure: (mizone+=monster romance)
2021-12-23 21:36:47,818 (DEBUG): Get Info from structure: (mizone+=monster smash)
2021-12-23 21:36:47,831 (DEBUG): Get Info from structure: (mizone+=Otherworldly Maidens Series)
2021-12-23 21:36:47,840 (DEBUG): Get Info from structure: (mizone+=stories)
2021-12-23 21:36:47,851 (DEBUG): Get Info from structure: (mizone+=Zasshoku Yuusha)
2021-12-23 21:36:47,861 (DEBUG): Get Info from structure: (Tsusauto+=Jichikai no Hitozuma wa Totemo Ecchi deshita)
2021-12-23 21:36:47,870 (INFO): Processing Chapters / Episodes ...
2021-12-23 21:36:47,892 (INFO): Processing Chapters & Pages ... 
2021-12-23 21:37:59,160 (DEBUG): STREAM b'IHDR' 16 13
2021-12-23 21:37:59,160 (DEBUG): STREAM b'gAMA' 41 4
2021-12-23 21:37:59,160 (DEBUG): STREAM b'cHRM' 57 32
2021-12-23 21:37:59,160 (DEBUG): STREAM b'bKGD' 101 2
2021-12-23 21:37:59,160 (DEBUG): b'bKGD' 101 2 (unknown)
2021-12-23 21:37:59,160 (DEBUG): STREAM b'tIME' 115 7
2021-12-23 21:37:59,160 (DEBUG): b'tIME' 115 7 (unknown)
2021-12-23 21:37:59,160 (DEBUG): STREAM b'IDAT' 134 32768
2021-12-23 21:37:59,174 (DEBUG): STREAM b'IHDR' 16 13
2021-12-23 21:37:59,174 (DEBUG): STREAM b'gAMA' 41 4
2021-12-23 21:37:59,174 (DEBUG): STREAM b'cHRM' 57 32
2021-12-23 21:37:59,174 (DEBUG): STREAM b'bKGD' 101 2
2021-12-23 21:37:59,174 (DEBUG): b'bKGD' 101 2 (unknown)
2021-12-23 21:37:59,174 (DEBUG): STREAM b'tIME' 115 7
2021-12-23 21:37:59,174 (DEBUG): b'tIME' 115 7 (unknown)
2021-12-23 21:37:59,174 (DEBUG): STREAM b'IDAT' 134 32768
2021-12-23 21:37:59,186 (DEBUG): STREAM b'IHDR' 16 13
2021-12-23 21:37:59,186 (DEBUG): STREAM b'gAMA' 41 4
2021-12-23 21:37:59,186 (DEBUG): STREAM b'cHRM' 57 32
2021-12-23 21:37:59,187 (DEBUG): STREAM b'bKGD' 101 2
2021-12-23 21:37:59,187 (DEBUG): b'bKGD' 101 2 (unknown)
2021-12-23 21:37:59,187 (DEBUG): STREAM b'tIME' 115 7
2021-12-23 21:37:59,187 (DEBUG): b'tIME' 115 7 (unknown)
2021-12-23 21:37:59,187 (DEBUG): STREAM b'IDAT' 134 32768
2021-12-23 21:37:59,200 (DEBUG): STREAM b'IHDR' 16 13
2021-12-23 21:37:59,200 (DEBUG): STREAM b'gAMA' 41 4
2021-12-23 21:37:59,200 (DEBUG): STREAM b'cHRM' 57 32
2021-12-23 21:37:59,200 (DEBUG): STREAM b'bKGD' 101 2
2021-12-23 21:37:59,200 (DEBUG): b'bKGD' 101 2 (unknown)
2021-12-23 21:37:59,200 (DEBUG): STREAM b'tIME' 115 7
2021-12-23 21:37:59,200 (DEBUG): b'tIME' 115 7 (unknown)
2021-12-23 21:37:59,200 (DEBUG): STREAM b'IDAT' 134 32768
2021-12-23 21:37:59,213 (DEBUG): STREAM b'IHDR' 16 13
2021-12-23 21:37:59,213 (DEBUG): STREAM b'gAMA' 41 4
2021-12-23 21:37:59,213 (DEBUG): STREAM b'cHRM' 57 32
2021-12-23 21:37:59,213 (DEBUG): STREAM b'bKGD' 101 2
2021-12-23 21:37:59,213 (DEBUG): b'bKGD' 101 2 (unknown)
2021-12-23 21:37:59,213 (DEBUG): STREAM b'tIME' 115 7
2021-12-23 21:37:59,213 (DEBUG): b'tIME' 115 7 (unknown)
2021-12-23 21:37:59,213 (DEBUG): STREAM b'IDAT' 134 32768
2021-12-23 21:37:59,228 (DEBUG): STREAM b'IHDR' 16 13
2021-12-23 21:37:59,228 (DEBUG): STREAM b'gAMA' 41 4
2021-12-23 21:37:59,228 (DEBUG): STREAM b'cHRM' 57 32
2021-12-23 21:37:59,228 (DEBUG): STREAM b'bKGD' 101 2
2021-12-23 21:37:59,228 (DEBUG): b'bKGD' 101 2 (unknown)
2021-12-23 21:37:59,228 (DEBUG): STREAM b'tIME' 115 7
2021-12-23 21:37:59,228 (DEBUG): b'tIME' 115 7 (unknown)
2021-12-23 21:37:59,228 (DEBUG): STREAM b'IDAT' 134 32768
2021-12-23 21:37:59,241 (DEBUG): STREAM b'IHDR' 16 13
2021-12-23 21:37:59,241 (DEBUG): STREAM b'gAMA' 41 4
2021-12-23 21:37:59,241 (DEBUG): STREAM b'cHRM' 57 32
2021-12-23 21:37:59,241 (DEBUG): STREAM b'bKGD' 101 2
2021-12-23 21:37:59,241 (DEBUG): b'bKGD' 101 2 (unknown)
2021-12-23 21:37:59,241 (DEBUG): STREAM b'tIME' 115 7
2021-12-23 21:37:59,241 (DEBUG): b'tIME' 115 7 (unknown)
2021-12-23 21:37:59,241 (DEBUG): STREAM b'IDAT' 134 32768
2021-12-23 21:37:59,254 (DEBUG): STREAM b'IHDR' 16 13
2021-12-23 21:37:59,254 (DEBUG): STREAM b'gAMA' 41 4
2021-12-23 21:37:59,254 (DEBUG): STREAM b'cHRM' 57 32
2021-12-23 21:37:59,254 (DEBUG): STREAM b'bKGD' 101 2
2021-12-23 21:37:59,255 (DEBUG): b'bKGD' 101 2 (unknown)
2021-12-23 21:37:59,255 (DEBUG): STREAM b'tIME' 115 7
2021-12-23 21:37:59,255 (DEBUG): b'tIME' 115 7 (unknown)
2021-12-23 21:37:59,255 (DEBUG): STREAM b'IDAT' 134 32768
2021-12-23 21:37:59,268 (DEBUG): STREAM b'IHDR' 16 13
2021-12-23 21:37:59,268 (DEBUG): STREAM b'gAMA' 41 4
2021-12-23 21:37:59,268 (DEBUG): STREAM b'cHRM' 57 32
2021-12-23 21:37:59,268 (DEBUG): STREAM b'bKGD' 101 2
2021-12-23 21:37:59,268 (DEBUG): b'bKGD' 101 2 (unknown)
2021-12-23 21:37:59,269 (DEBUG): STREAM b'tIME' 115 7
2021-12-23 21:37:59,269 (DEBUG): b'tIME' 115 7 (unknown)
2021-12-23 21:37:59,269 (DEBUG): STREAM b'IDAT' 134 32768
2021-12-23 21:37:59,282 (DEBUG): STREAM b'IHDR' 16 13
2021-12-23 21:37:59,282 (DEBUG): STREAM b'gAMA' 41 4
2021-12-23 21:37:59,282 (DEBUG): STREAM b'cHRM' 57 32
2021-12-23 21:37:59,282 (DEBUG): STREAM b'bKGD' 101 2
2021-12-23 21:37:59,282 (DEBUG): b'bKGD' 101 2 (unknown)
2021-12-23 21:37:59,282 (DEBUG): STREAM b'tIME' 115 7
2021-12-23 21:37:59,282 (DEBUG): b'tIME' 115 7 (unknown)
2021-12-23 21:37:59,282 (DEBUG): STREAM b'IDAT' 134 32768
2021-12-23 21:37:59,295 (DEBUG): STREAM b'IHDR' 16 13
2021-12-23 21:37:59,295 (DEBUG): STREAM b'gAMA' 41 4
2021-12-23 21:37:59,295 (DEBUG): STREAM b'cHRM' 57 32
2021-12-23 21:37:59,295 (DEBUG): STREAM b'bKGD' 101 2
2021-12-23 21:37:59,296 (DEBUG): b'bKGD' 101 2 (unknown)
2021-12-23 21:37:59,296 (DEBUG): STREAM b'tIME' 115 7
2021-12-23 21:37:59,296 (DEBUG): b'tIME' 115 7 (unknown)
2021-12-23 21:37:59,296 (DEBUG): STREAM b'IDAT' 134 32768
2021-12-23 21:37:59,308 (DEBUG): STREAM b'IHDR' 16 13
2021-12-23 21:37:59,308 (DEBUG): STREAM b'gAMA' 41 4
2021-12-23 21:37:59,308 (DEBUG): STREAM b'cHRM' 57 32
2021-12-23 21:37:59,308 (DEBUG): STREAM b'bKGD' 101 2
2021-12-23 21:37:59,308 (DEBUG): b'bKGD' 101 2 (unknown)
2021-12-23 21:37:59,308 (DEBUG): STREAM b'tIME' 115 7
2021-12-23 21:37:59,308 (DEBUG): b'tIME' 115 7 (unknown)
2021-12-23 21:37:59,308 (DEBUG): STREAM b'IDAT' 134 32768
2021-12-23 21:37:59,321 (DEBUG): STREAM b'IHDR' 16 13
2021-12-23 21:37:59,321 (DEBUG): STREAM b'gAMA' 41 4
2021-12-23 21:37:59,321 (DEBUG): STREAM b'cHRM' 57 32
2021-12-23 21:37:59,321 (DEBUG): STREAM b'bKGD' 101 2
2021-12-23 21:37:59,321 (DEBUG): b'bKGD' 101 2 (unknown)
2021-12-23 21:37:59,322 (DEBUG): STREAM b'tIME' 115 7
2021-12-23 21:37:59,322 (DEBUG): b'tIME' 115 7 (unknown)
2021-12-23 21:37:59,322 (DEBUG): STREAM b'IDAT' 134 32768
2021-12-23 21:37:59,334 (DEBUG): STREAM b'IHDR' 16 13
2021-12-23 21:37:59,334 (DEBUG): STREAM b'gAMA' 41 4
2021-12-23 21:37:59,334 (DEBUG): STREAM b'cHRM' 57 32
2021-12-23 21:37:59,335 (DEBUG): STREAM b'bKGD' 101 2
2021-12-23 21:37:59,335 (DEBUG): b'bKGD' 101 2 (unknown)
2021-12-23 21:37:59,335 (DEBUG): STREAM b'tIME' 115 7
2021-12-23 21:37:59,335 (DEBUG): b'tIME' 115 7 (unknown)
2021-12-23 21:37:59,335 (DEBUG): STREAM b'IDAT' 134 32768
2021-12-23 21:37:59,348 (DEBUG): STREAM b'IHDR' 16 13
2021-12-23 21:37:59,348 (DEBUG): STREAM b'gAMA' 41 4
2021-12-23 21:37:59,348 (DEBUG): STREAM b'cHRM' 57 32
2021-12-23 21:37:59,348 (DEBUG): STREAM b'bKGD' 101 2
2021-12-23 21:37:59,348 (DEBUG): b'bKGD' 101 2 (unknown)
2021-12-23 21:37:59,348 (DEBUG): STREAM b'tIME' 115 7
2021-12-23 21:37:59,348 (DEBUG): b'tIME' 115 7 (unknown)
2021-12-23 21:37:59,348 (DEBUG): STREAM b'IDAT' 134 32768
2021-12-23 21:37:59,361 (DEBUG): STREAM b'IHDR' 16 13
2021-12-23 21:37:59,361 (DEBUG): STREAM b'gAMA' 41 4
2021-12-23 21:37:59,361 (DEBUG): STREAM b'cHRM' 57 32
2021-12-23 21:37:59,361 (DEBUG): STREAM b'bKGD' 101 2
2021-12-23 21:37:59,361 (DEBUG): b'bKGD' 101 2 (unknown)
2021-12-23 21:37:59,361 (DEBUG): STREAM b'tIME' 115 7
2021-12-23 21:37:59,361 (DEBUG): b'tIME' 115 7 (unknown)
2021-12-23 21:37:59,361 (DEBUG): STREAM b'IDAT' 134 32768
2021-12-23 21:37:59,394 (DEBUG): STREAM b'IHDR' 16 13
2021-12-23 21:37:59,394 (DEBUG): STREAM b'gAMA' 41 4
2021-12-23 21:37:59,394 (DEBUG): STREAM b'cHRM' 57 32
2021-12-23 21:37:59,394 (DEBUG): STREAM b'bKGD' 101 2
2021-12-23 21:37:59,394 (DEBUG): b'bKGD' 101 2 (unknown)
2021-12-23 21:37:59,394 (DEBUG): STREAM b'tIME' 115 7
2021-12-23 21:37:59,394 (DEBUG): b'tIME' 115 7 (unknown)
2021-12-23 21:37:59,394 (DEBUG): STREAM b'IDAT' 134 32768
2021-12-23 21:37:59,407 (DEBUG): STREAM b'IHDR' 16 13
2021-12-23 21:37:59,407 (DEBUG): STREAM b'gAMA' 41 4
2021-12-23 21:37:59,407 (DEBUG): STREAM b'cHRM' 57 32
2021-12-23 21:37:59,407 (DEBUG): STREAM b'bKGD' 101 2
2021-12-23 21:37:59,407 (DEBUG): b'bKGD' 101 2 (unknown)
2021-12-23 21:37:59,407 (DEBUG): STREAM b'tIME' 115 7
2021-12-23 21:37:59,407 (DEBUG): b'tIME' 115 7 (unknown)
2021-12-23 21:37:59,407 (DEBUG): STREAM b'IDAT' 134 32768
2021-12-23 21:37:59,422 (DEBUG): STREAM b'IHDR' 16 13
2021-12-23 21:37:59,422 (DEBUG): STREAM b'gAMA' 41 4
2021-12-23 21:37:59,422 (DEBUG): STREAM b'cHRM' 57 32
2021-12-23 21:37:59,422 (DEBUG): STREAM b'bKGD' 101 2
2021-12-23 21:37:59,422 (DEBUG): b'bKGD' 101 2 (unknown)
2021-12-23 21:37:59,422 (DEBUG): STREAM b'tIME' 115 7
2021-12-23 21:37:59,422 (DEBUG): b'tIME' 115 7 (unknown)
2021-12-23 21:37:59,422 (DEBUG): STREAM b'IDAT' 134 32768
2021-12-23 21:37:59,434 (DEBUG): STREAM b'IHDR' 16 13
2021-12-23 21:37:59,434 (DEBUG): STREAM b'gAMA' 41 4
2021-12-23 21:37:59,434 (DEBUG): STREAM b'cHRM' 57 32
2021-12-23 21:37:59,434 (DEBUG): STREAM b'bKGD' 101 2
2021-12-23 21:37:59,434 (DEBUG): b'bKGD' 101 2 (unknown)
2021-12-23 21:37:59,434 (DEBUG): STREAM b'tIME' 115 7
2021-12-23 21:37:59,434 (DEBUG): b'tIME' 115 7 (unknown)
2021-12-23 21:37:59,434 (DEBUG): STREAM b'IDAT' 134 32768
2021-12-23 21:37:59,486 (DEBUG): STREAM b'IHDR' 16 13
2021-12-23 21:37:59,486 (DEBUG): STREAM b'gAMA' 41 4
2021-12-23 21:37:59,486 (DEBUG): STREAM b'cHRM' 57 32
2021-12-23 21:37:59,486 (DEBUG): STREAM b'bKGD' 101 2
2021-12-23 21:37:59,486 (DEBUG): b'bKGD' 101 2 (unknown)
2021-12-23 21:37:59,486 (DEBUG): STREAM b'tIME' 115 7
2021-12-23 21:37:59,486 (DEBUG): b'tIME' 115 7 (unknown)
2021-12-23 21:37:59,486 (DEBUG): STREAM b'IDAT' 134 32768
2021-12-23 21:37:59,500 (DEBUG): STREAM b'IHDR' 16 13
2021-12-23 21:37:59,500 (DEBUG): STREAM b'gAMA' 41 4
2021-12-23 21:37:59,500 (DEBUG): STREAM b'cHRM' 57 32
2021-12-23 21:37:59,500 (DEBUG): STREAM b'bKGD' 101 2
2021-12-23 21:37:59,500 (DEBUG): b'bKGD' 101 2 (unknown)
2021-12-23 21:37:59,500 (DEBUG): STREAM b'tIME' 115 7
2021-12-23 21:37:59,500 (DEBUG): b'tIME' 115 7 (unknown)
2021-12-23 21:37:59,500 (DEBUG): STREAM b'IDAT' 134 32768
2021-12-23 21:37:59,513 (DEBUG): STREAM b'IHDR' 16 13
2021-12-23 21:37:59,513 (DEBUG): STREAM b'gAMA' 41 4
2021-12-23 21:37:59,513 (DEBUG): STREAM b'cHRM' 57 32
2021-12-23 21:37:59,513 (DEBUG): STREAM b'bKGD' 101 2
2021-12-23 21:37:59,513 (DEBUG): b'bKGD' 101 2 (unknown)
2021-12-23 21:37:59,513 (DEBUG): STREAM b'tIME' 115 7
2021-12-23 21:37:59,513 (DEBUG): b'tIME' 115 7 (unknown)
2021-12-23 21:37:59,513 (DEBUG): STREAM b'IDAT' 134 32768
2021-12-23 21:37:59,527 (DEBUG): STREAM b'IHDR' 16 13
2021-12-23 21:37:59,527 (DEBUG): STREAM b'gAMA' 41 4
2021-12-23 21:37:59,527 (DEBUG): STREAM b'cHRM' 57 32
2021-12-23 21:37:59,527 (DEBUG): STREAM b'bKGD' 101 2
2021-12-23 21:37:59,527 (DEBUG): b'bKGD' 101 2 (unknown)
2021-12-23 21:37:59,527 (DEBUG): STREAM b'tIME' 115 7
2021-12-23 21:37:59,527 (DEBUG): b'tIME' 115 7 (unknown)
2021-12-23 21:37:59,527 (DEBUG): STREAM b'IDAT' 134 32768
2021-12-23 21:37:59,540 (DEBUG): STREAM b'IHDR' 16 13
2021-12-23 21:37:59,540 (DEBUG): STREAM b'gAMA' 41 4
2021-12-23 21:37:59,540 (DEBUG): STREAM b'cHRM' 57 32
2021-12-23 21:37:59,540 (DEBUG): STREAM b'bKGD' 101 2
2021-12-23 21:37:59,540 (DEBUG): b'bKGD' 101 2 (unknown)
2021-12-23 21:37:59,540 (DEBUG): STREAM b'tIME' 115 7
2021-12-23 21:37:59,540 (DEBUG): b'tIME' 115 7 (unknown)
2021-12-23 21:37:59,540 (DEBUG): STREAM b'IDAT' 134 32768
2021-12-23 21:37:59,567 (DEBUG): STREAM b'IHDR' 16 13
2021-12-23 21:37:59,567 (DEBUG): STREAM b'gAMA' 41 4
2021-12-23 21:37:59,567 (DEBUG): STREAM b'cHRM' 57 32
2021-12-23 21:37:59,567 (DEBUG): STREAM b'bKGD' 101 2
2021-12-23 21:37:59,567 (DEBUG): b'bKGD' 101 2 (unknown)
2021-12-23 21:37:59,567 (DEBUG): STREAM b'tIME' 115 7
2021-12-23 21:37:59,582 (DEBUG): b'tIME' 115 7 (unknown)
2021-12-23 21:37:59,582 (DEBUG): STREAM b'IDAT' 134 32768
2021-12-23 21:37:59,595 (DEBUG): STREAM b'IHDR' 16 13
2021-12-23 21:37:59,595 (DEBUG): STREAM b'gAMA' 41 4
2021-12-23 21:37:59,595 (DEBUG): STREAM b'cHRM' 57 32
2021-12-23 21:37:59,595 (DEBUG): STREAM b'bKGD' 101 2
2021-12-23 21:37:59,595 (DEBUG): b'bKGD' 101 2 (unknown)
2021-12-23 21:37:59,595 (DEBUG): STREAM b'tIME' 115 7
2021-12-23 21:37:59,595 (DEBUG): b'tIME' 115 7 (unknown)
2021-12-23 21:37:59,595 (DEBUG): STREAM b'IDAT' 134 32768
2021-12-23 21:37:59,635 (DEBUG): STREAM b'IHDR' 16 13
2021-12-23 21:37:59,635 (DEBUG): STREAM b'gAMA' 41 4
2021-12-23 21:37:59,635 (DEBUG): STREAM b'cHRM' 57 32
2021-12-23 21:37:59,635 (DEBUG): STREAM b'bKGD' 101 2
2021-12-23 21:37:59,635 (DEBUG): b'bKGD' 101 2 (unknown)
2021-12-23 21:37:59,636 (DEBUG): STREAM b'tIME' 115 7
2021-12-23 21:37:59,636 (DEBUG): b'tIME' 115 7 (unknown)
2021-12-23 21:37:59,636 (DEBUG): STREAM b'IDAT' 134 32768
