2021-12-24 20:55:12,654 (INFO): Log Path: D:\Source_Code\Python ++\02. updateComic\log\debug-20211224-2055.12.log
2021-12-24 20:55:14,705 (INFO): Currently Processing image
2021-12-24 20:55:14,705 (INFO): Processing Titles ...
2021-12-24 20:55:14,798 (DEBUG): Get Info from structure: (2t+=sakusei toshi elosion)
2021-12-24 20:55:14,807 (DEBUG): Get Info from structure: (a-10+=koukai tanetsuke hentai koubi 2)
2021-12-24 20:55:14,819 (DEBUG): Get Info from structure: (Abubu+=Kinjo no Onnatachi ga Nazeka Ore no Ie no Furo ni Hairi ni Kuru Ken)
2021-12-24 20:55:14,828 (DEBUG): Get Info from structure: (abubu+=npc kan mod)
2021-12-24 20:55:14,839 (DEBUG): Get Info from structure: (agobitch nee-san+=Hataraku Onee-san-tachi ~Mikonritsu no Takai Machi de Hataraku Tokoya no Onee-san ni Okuchi de Shiborareru~)
2021-12-24 20:55:14,848 (DEBUG): Get Info from structure: (agobitch nee-san+=Seifuku Bishoujo)
2021-12-24 20:55:14,856 (DEBUG): Get Info from structure: (ahemaru+=slave the blood)
2021-12-24 20:55:14,864 (DEBUG): Get Info from structure: (amano ameno+=Jabami Yumeko Hentai Koushuu Benjo Tantsubo Nikubenki Onna)
2021-12-24 20:55:14,872 (DEBUG): Get Info from structure: (amano ameno+=Kyonyuu Onna Joushi Saimin Nikuningyou)
2021-12-24 20:55:14,879 (DEBUG): Get Info from structure: (Ameyama Denshin+=Stories)
2021-12-24 20:55:14,888 (DEBUG): Get Info from structure: (Arai Kei+=Boku No Kanojo)
2021-12-24 20:55:14,895 (DEBUG): Get Info from structure: (arai kei+=Boku Wa Kanojo No Namae Mo Shiranai)
2021-12-24 20:55:14,905 (DEBUG): Get Info from structure: (arai kei+=hougan kanojo)
2021-12-24 20:55:14,913 (DEBUG): Get Info from structure: (arai kei+=Stories)
2021-12-24 20:55:14,922 (DEBUG): Get Info from structure: (Arai Taiki+=Kahanshin Daiichi Shugi)
2021-12-24 20:55:14,929 (DEBUG): Get Info from structure: (arai taiki+=ochita yume no naka de)
2021-12-24 20:55:14,937 (DEBUG): Get Info from structure: (Arai Taiki+=Stories)
2021-12-24 20:55:14,947 (DEBUG): Get Info from structure: (aroma sensei+=Gwen)
2021-12-24 20:55:14,955 (DEBUG): Get Info from structure: (aroma sensei+=what's going on here)
2021-12-24 20:55:14,961 (DEBUG): Get Info from structure: (asanagi+=Stories)
2021-12-24 20:55:14,970 (DEBUG): Get Info from structure: (BeNantoka+=Stories)
2021-12-24 20:55:14,981 (DEBUG): Get Info from structure: (Bonske+=Arawareta Chijo wa Toshishita Kui no Scatolo Hentai deshita)
2021-12-24 20:55:14,990 (DEBUG): Get Info from structure: (bonske+=sono kuchi to shita de subete o uketomenasai)
2021-12-24 20:55:14,998 (DEBUG): Get Info from structure: (Dokurosan+=Stories)
2021-12-24 20:55:15,006 (DEBUG): Get Info from structure: (doujin mukashibanashi+=Stories)
2021-12-24 20:55:15,014 (DEBUG): Get Info from structure: (Enokido+=Stories)
2021-12-24 20:55:15,023 (DEBUG): Get Info from structure: (freehand tamashii+=aorare tsuma)
2021-12-24 20:55:15,031 (DEBUG): Get Info from structure: (freehand tamashii+=Incha No Oi Ga Yaritai Oba-san)
2021-12-24 20:55:15,042 (DEBUG): Get Info from structure: (freehand tamashii+=Isourou Saki No Obasan Ni Hameru!)
2021-12-24 20:55:15,051 (DEBUG): Get Info from structure: (freehand tamashii+=Stories)
2021-12-24 20:55:15,062 (DEBUG): Get Info from structure: (freehand tamashii+=Toiu Wake De, Kaa-san-tachi To Yattemita)
2021-12-24 20:55:15,072 (DEBUG): Get Info from structure: (freehand tamasshii+=Shin Mama O Netoruze!)
2021-12-24 20:55:15,081 (DEBUG): Get Info from structure: (gonza+=av mama)
2021-12-24 20:55:15,090 (DEBUG): Get Info from structure: (gonza+=matching appli)
2021-12-24 20:55:15,098 (DEBUG): Get Info from structure: (Gonza+=Mayonaka No Haha)
2021-12-24 20:55:15,107 (DEBUG): Get Info from structure: (gonza+=my three horny moms)
2021-12-24 20:55:15,117 (DEBUG): Get Info from structure: (gonza+=Nonfiction ~boshi Soukan No Kioku~)
2021-12-24 20:55:15,125 (DEBUG): Get Info from structure: (gonza+=stories)
2021-12-24 20:55:15,136 (DEBUG): Get Info from structure: (mizone+=Ajin Iryou Sougou Center e Youkoso!)
2021-12-24 20:55:15,146 (DEBUG): Get Info from structure: (mizone+=Jikyuu 1500 yen!! Gyogyou o Tetsudau Kantan na Oshigoto desu)
2021-12-24 20:55:15,157 (DEBUG): Get Info from structure: (mizone+=Kindan no Shohousen)
2021-12-24 20:55:15,165 (DEBUG): Get Info from structure: (mizone+=monster romance)
2021-12-24 20:55:15,177 (DEBUG): Get Info from structure: (mizone+=monster smash)
2021-12-24 20:55:15,186 (DEBUG): Get Info from structure: (mizone+=Otherworldly Maidens Series)
2021-12-24 20:55:15,194 (DEBUG): Get Info from structure: (mizone+=stories)
2021-12-24 20:55:15,204 (DEBUG): Get Info from structure: (mizone+=Zasshoku Yuusha)
2021-12-24 20:55:15,212 (DEBUG): Get Info from structure: (Tsusauto+=Jichikai no Hitozuma wa Totemo Ecchi deshita)
2021-12-24 20:55:15,221 (INFO): Processing Chapters / Episodes ...
2021-12-24 20:55:15,237 (INFO): Processing Chapters & Pages ... 
2021-12-24 20:56:04,238 (DEBUG): STREAM b'IHDR' 16 13
2021-12-24 20:56:04,238 (DEBUG): STREAM b'tEXt' 41 25
2021-12-24 20:56:04,239 (DEBUG): STREAM b'iTXt' 78 888
2021-12-24 20:56:04,239 (DEBUG): STREAM b'PLTE' 978 96
2021-12-24 20:56:04,239 (DEBUG): STREAM b'IDAT' 1086 62731
2021-12-24 20:56:51,999 (DEBUG): STREAM b'IHDR' 16 13
2021-12-24 20:56:51,999 (DEBUG): STREAM b'gAMA' 41 4
2021-12-24 20:56:51,999 (DEBUG): STREAM b'cHRM' 57 32
2021-12-24 20:56:52,000 (DEBUG): STREAM b'bKGD' 101 2
2021-12-24 20:56:52,001 (DEBUG): b'bKGD' 101 2 (unknown)
2021-12-24 20:56:52,001 (DEBUG): STREAM b'tIME' 115 7
2021-12-24 20:56:52,001 (DEBUG): b'tIME' 115 7 (unknown)
2021-12-24 20:56:52,001 (DEBUG): STREAM b'IDAT' 134 32768
2021-12-24 20:56:52,022 (DEBUG): STREAM b'IHDR' 16 13
2021-12-24 20:56:52,022 (DEBUG): STREAM b'gAMA' 41 4
2021-12-24 20:56:52,022 (DEBUG): STREAM b'cHRM' 57 32
2021-12-24 20:56:52,022 (DEBUG): STREAM b'bKGD' 101 2
2021-12-24 20:56:52,022 (DEBUG): b'bKGD' 101 2 (unknown)
2021-12-24 20:56:52,022 (DEBUG): STREAM b'tIME' 115 7
2021-12-24 20:56:52,022 (DEBUG): b'tIME' 115 7 (unknown)
2021-12-24 20:56:52,022 (DEBUG): STREAM b'IDAT' 134 32768
2021-12-24 20:56:52,061 (DEBUG): STREAM b'IHDR' 16 13
2021-12-24 20:56:52,061 (DEBUG): STREAM b'gAMA' 41 4
2021-12-24 20:56:52,061 (DEBUG): STREAM b'cHRM' 57 32
2021-12-24 20:56:52,061 (DEBUG): STREAM b'bKGD' 101 2
2021-12-24 20:56:52,061 (DEBUG): b'bKGD' 101 2 (unknown)
2021-12-24 20:56:52,061 (DEBUG): STREAM b'tIME' 115 7
2021-12-24 20:56:52,061 (DEBUG): b'tIME' 115 7 (unknown)
2021-12-24 20:56:52,061 (DEBUG): STREAM b'IDAT' 134 32768
2021-12-24 20:56:52,080 (DEBUG): STREAM b'IHDR' 16 13
2021-12-24 20:56:52,080 (DEBUG): STREAM b'gAMA' 41 4
2021-12-24 20:56:52,080 (DEBUG): STREAM b'cHRM' 57 32
2021-12-24 20:56:52,080 (DEBUG): STREAM b'bKGD' 101 2
2021-12-24 20:56:52,080 (DEBUG): b'bKGD' 101 2 (unknown)
2021-12-24 20:56:52,080 (DEBUG): STREAM b'tIME' 115 7
2021-12-24 20:56:52,080 (DEBUG): b'tIME' 115 7 (unknown)
2021-12-24 20:56:52,080 (DEBUG): STREAM b'IDAT' 134 32768
2021-12-24 20:56:52,093 (DEBUG): STREAM b'IHDR' 16 13
2021-12-24 20:56:52,094 (DEBUG): STREAM b'gAMA' 41 4
2021-12-24 20:56:52,094 (DEBUG): STREAM b'cHRM' 57 32
2021-12-24 20:56:52,094 (DEBUG): STREAM b'bKGD' 101 2
2021-12-24 20:56:52,094 (DEBUG): b'bKGD' 101 2 (unknown)
2021-12-24 20:56:52,094 (DEBUG): STREAM b'tIME' 115 7
2021-12-24 20:56:52,094 (DEBUG): b'tIME' 115 7 (unknown)
2021-12-24 20:56:52,094 (DEBUG): STREAM b'IDAT' 134 32768
2021-12-24 20:56:52,111 (DEBUG): STREAM b'IHDR' 16 13
2021-12-24 20:56:52,111 (DEBUG): STREAM b'gAMA' 41 4
2021-12-24 20:56:52,111 (DEBUG): STREAM b'cHRM' 57 32
2021-12-24 20:56:52,111 (DEBUG): STREAM b'bKGD' 101 2
2021-12-24 20:56:52,111 (DEBUG): b'bKGD' 101 2 (unknown)
2021-12-24 20:56:52,111 (DEBUG): STREAM b'tIME' 115 7
2021-12-24 20:56:52,111 (DEBUG): b'tIME' 115 7 (unknown)
2021-12-24 20:56:52,111 (DEBUG): STREAM b'IDAT' 134 32768
2021-12-24 20:56:52,124 (DEBUG): STREAM b'IHDR' 16 13
2021-12-24 20:56:52,124 (DEBUG): STREAM b'gAMA' 41 4
2021-12-24 20:56:52,124 (DEBUG): STREAM b'cHRM' 57 32
2021-12-24 20:56:52,124 (DEBUG): STREAM b'bKGD' 101 2
2021-12-24 20:56:52,124 (DEBUG): b'bKGD' 101 2 (unknown)
2021-12-24 20:56:52,125 (DEBUG): STREAM b'tIME' 115 7
2021-12-24 20:56:52,145 (DEBUG): b'tIME' 115 7 (unknown)
2021-12-24 20:56:52,145 (DEBUG): STREAM b'IDAT' 134 32768
2021-12-24 20:56:52,157 (DEBUG): STREAM b'IHDR' 16 13
2021-12-24 20:56:52,157 (DEBUG): STREAM b'gAMA' 41 4
2021-12-24 20:56:52,158 (DEBUG): STREAM b'cHRM' 57 32
2021-12-24 20:56:52,158 (DEBUG): STREAM b'bKGD' 101 2
2021-12-24 20:56:52,158 (DEBUG): b'bKGD' 101 2 (unknown)
2021-12-24 20:56:52,158 (DEBUG): STREAM b'tIME' 115 7
2021-12-24 20:56:52,158 (DEBUG): b'tIME' 115 7 (unknown)
2021-12-24 20:56:52,158 (DEBUG): STREAM b'IDAT' 134 32768
2021-12-24 20:56:52,178 (DEBUG): STREAM b'IHDR' 16 13
2021-12-24 20:56:52,178 (DEBUG): STREAM b'gAMA' 41 4
2021-12-24 20:56:52,178 (DEBUG): STREAM b'cHRM' 57 32
2021-12-24 20:56:52,178 (DEBUG): STREAM b'bKGD' 101 2
2021-12-24 20:56:52,178 (DEBUG): b'bKGD' 101 2 (unknown)
2021-12-24 20:56:52,178 (DEBUG): STREAM b'tIME' 115 7
2021-12-24 20:56:52,178 (DEBUG): b'tIME' 115 7 (unknown)
2021-12-24 20:56:52,178 (DEBUG): STREAM b'IDAT' 134 32768
2021-12-24 20:56:52,191 (DEBUG): STREAM b'IHDR' 16 13
2021-12-24 20:56:52,191 (DEBUG): STREAM b'gAMA' 41 4
2021-12-24 20:56:52,191 (DEBUG): STREAM b'cHRM' 57 32
2021-12-24 20:56:52,191 (DEBUG): STREAM b'bKGD' 101 2
2021-12-24 20:56:52,192 (DEBUG): b'bKGD' 101 2 (unknown)
2021-12-24 20:56:52,192 (DEBUG): STREAM b'tIME' 115 7
2021-12-24 20:56:52,192 (DEBUG): b'tIME' 115 7 (unknown)
2021-12-24 20:56:52,192 (DEBUG): STREAM b'IDAT' 134 32768
2021-12-24 20:56:52,205 (DEBUG): STREAM b'IHDR' 16 13
2021-12-24 20:56:52,205 (DEBUG): STREAM b'gAMA' 41 4
2021-12-24 20:56:52,205 (DEBUG): STREAM b'cHRM' 57 32
2021-12-24 20:56:52,205 (DEBUG): STREAM b'bKGD' 101 2
2021-12-24 20:56:52,205 (DEBUG): b'bKGD' 101 2 (unknown)
2021-12-24 20:56:52,205 (DEBUG): STREAM b'tIME' 115 7
2021-12-24 20:56:52,205 (DEBUG): b'tIME' 115 7 (unknown)
2021-12-24 20:56:52,205 (DEBUG): STREAM b'IDAT' 134 32768
2021-12-24 20:56:52,220 (DEBUG): STREAM b'IHDR' 16 13
2021-12-24 20:56:52,220 (DEBUG): STREAM b'gAMA' 41 4
2021-12-24 20:56:52,220 (DEBUG): STREAM b'cHRM' 57 32
2021-12-24 20:56:52,220 (DEBUG): STREAM b'bKGD' 101 2
2021-12-24 20:56:52,221 (DEBUG): b'bKGD' 101 2 (unknown)
2021-12-24 20:56:52,221 (DEBUG): STREAM b'tIME' 115 7
2021-12-24 20:56:52,221 (DEBUG): b'tIME' 115 7 (unknown)
2021-12-24 20:56:52,221 (DEBUG): STREAM b'IDAT' 134 32768
2021-12-24 20:56:52,233 (DEBUG): STREAM b'IHDR' 16 13
2021-12-24 20:56:52,234 (DEBUG): STREAM b'gAMA' 41 4
2021-12-24 20:56:52,234 (DEBUG): STREAM b'cHRM' 57 32
2021-12-24 20:56:52,234 (DEBUG): STREAM b'bKGD' 101 2
2021-12-24 20:56:52,234 (DEBUG): b'bKGD' 101 2 (unknown)
2021-12-24 20:56:52,234 (DEBUG): STREAM b'tIME' 115 7
2021-12-24 20:56:52,234 (DEBUG): b'tIME' 115 7 (unknown)
2021-12-24 20:56:52,234 (DEBUG): STREAM b'IDAT' 134 32768
2021-12-24 20:56:52,247 (DEBUG): STREAM b'IHDR' 16 13
2021-12-24 20:56:52,247 (DEBUG): STREAM b'gAMA' 41 4
2021-12-24 20:56:52,247 (DEBUG): STREAM b'cHRM' 57 32
2021-12-24 20:56:52,247 (DEBUG): STREAM b'bKGD' 101 2
2021-12-24 20:56:52,247 (DEBUG): b'bKGD' 101 2 (unknown)
2021-12-24 20:56:52,247 (DEBUG): STREAM b'tIME' 115 7
2021-12-24 20:56:52,247 (DEBUG): b'tIME' 115 7 (unknown)
2021-12-24 20:56:52,247 (DEBUG): STREAM b'IDAT' 134 32768
2021-12-24 20:56:52,264 (DEBUG): STREAM b'IHDR' 16 13
2021-12-24 20:56:52,264 (DEBUG): STREAM b'gAMA' 41 4
2021-12-24 20:56:52,265 (DEBUG): STREAM b'cHRM' 57 32
2021-12-24 20:56:52,265 (DEBUG): STREAM b'bKGD' 101 2
2021-12-24 20:56:52,265 (DEBUG): b'bKGD' 101 2 (unknown)
2021-12-24 20:56:52,265 (DEBUG): STREAM b'tIME' 115 7
2021-12-24 20:56:52,265 (DEBUG): b'tIME' 115 7 (unknown)
2021-12-24 20:56:52,265 (DEBUG): STREAM b'IDAT' 134 32768
2021-12-24 20:56:52,277 (DEBUG): STREAM b'IHDR' 16 13
2021-12-24 20:56:52,277 (DEBUG): STREAM b'gAMA' 41 4
2021-12-24 20:56:52,277 (DEBUG): STREAM b'cHRM' 57 32
2021-12-24 20:56:52,277 (DEBUG): STREAM b'bKGD' 101 2
2021-12-24 20:56:52,278 (DEBUG): b'bKGD' 101 2 (unknown)
2021-12-24 20:56:52,278 (DEBUG): STREAM b'tIME' 115 7
2021-12-24 20:56:52,278 (DEBUG): b'tIME' 115 7 (unknown)
2021-12-24 20:56:52,278 (DEBUG): STREAM b'IDAT' 134 32768
2021-12-24 20:56:52,315 (DEBUG): STREAM b'IHDR' 16 13
2021-12-24 20:56:52,315 (DEBUG): STREAM b'gAMA' 41 4
2021-12-24 20:56:52,315 (DEBUG): STREAM b'cHRM' 57 32
2021-12-24 20:56:52,315 (DEBUG): STREAM b'bKGD' 101 2
2021-12-24 20:56:52,315 (DEBUG): b'bKGD' 101 2 (unknown)
2021-12-24 20:56:52,315 (DEBUG): STREAM b'tIME' 115 7
2021-12-24 20:56:52,315 (DEBUG): b'tIME' 115 7 (unknown)
2021-12-24 20:56:52,315 (DEBUG): STREAM b'IDAT' 134 32768
2021-12-24 20:56:52,329 (DEBUG): STREAM b'IHDR' 16 13
2021-12-24 20:56:52,329 (DEBUG): STREAM b'gAMA' 41 4
2021-12-24 20:56:52,329 (DEBUG): STREAM b'cHRM' 57 32
2021-12-24 20:56:52,329 (DEBUG): STREAM b'bKGD' 101 2
2021-12-24 20:56:52,329 (DEBUG): b'bKGD' 101 2 (unknown)
2021-12-24 20:56:52,329 (DEBUG): STREAM b'tIME' 115 7
2021-12-24 20:56:52,329 (DEBUG): b'tIME' 115 7 (unknown)
2021-12-24 20:56:52,329 (DEBUG): STREAM b'IDAT' 134 32768
2021-12-24 20:56:52,344 (DEBUG): STREAM b'IHDR' 16 13
2021-12-24 20:56:52,344 (DEBUG): STREAM b'gAMA' 41 4
2021-12-24 20:56:52,344 (DEBUG): STREAM b'cHRM' 57 32
2021-12-24 20:56:52,344 (DEBUG): STREAM b'bKGD' 101 2
2021-12-24 20:56:52,344 (DEBUG): b'bKGD' 101 2 (unknown)
2021-12-24 20:56:52,344 (DEBUG): STREAM b'tIME' 115 7
2021-12-24 20:56:52,344 (DEBUG): b'tIME' 115 7 (unknown)
2021-12-24 20:56:52,345 (DEBUG): STREAM b'IDAT' 134 32768
2021-12-24 20:56:52,359 (DEBUG): STREAM b'IHDR' 16 13
2021-12-24 20:56:52,359 (DEBUG): STREAM b'gAMA' 41 4
2021-12-24 20:56:52,359 (DEBUG): STREAM b'cHRM' 57 32
2021-12-24 20:56:52,359 (DEBUG): STREAM b'bKGD' 101 2
2021-12-24 20:56:52,359 (DEBUG): b'bKGD' 101 2 (unknown)
2021-12-24 20:56:52,359 (DEBUG): STREAM b'tIME' 115 7
2021-12-24 20:56:52,359 (DEBUG): b'tIME' 115 7 (unknown)
2021-12-24 20:56:52,360 (DEBUG): STREAM b'IDAT' 134 32768
2021-12-24 20:56:52,425 (DEBUG): STREAM b'IHDR' 16 13
2021-12-24 20:56:52,425 (DEBUG): STREAM b'gAMA' 41 4
2021-12-24 20:56:52,425 (DEBUG): STREAM b'cHRM' 57 32
2021-12-24 20:56:52,425 (DEBUG): STREAM b'bKGD' 101 2
2021-12-24 20:56:52,425 (DEBUG): b'bKGD' 101 2 (unknown)
2021-12-24 20:56:52,425 (DEBUG): STREAM b'tIME' 115 7
2021-12-24 20:56:52,425 (DEBUG): b'tIME' 115 7 (unknown)
2021-12-24 20:56:52,425 (DEBUG): STREAM b'IDAT' 134 32768
2021-12-24 20:56:52,441 (DEBUG): STREAM b'IHDR' 16 13
2021-12-24 20:56:52,442 (DEBUG): STREAM b'gAMA' 41 4
2021-12-24 20:56:52,442 (DEBUG): STREAM b'cHRM' 57 32
2021-12-24 20:56:52,442 (DEBUG): STREAM b'bKGD' 101 2
2021-12-24 20:56:52,442 (DEBUG): b'bKGD' 101 2 (unknown)
2021-12-24 20:56:52,442 (DEBUG): STREAM b'tIME' 115 7
2021-12-24 20:56:52,442 (DEBUG): b'tIME' 115 7 (unknown)
2021-12-24 20:56:52,442 (DEBUG): STREAM b'IDAT' 134 32768
2021-12-24 20:56:52,461 (DEBUG): STREAM b'IHDR' 16 13
2021-12-24 20:56:52,461 (DEBUG): STREAM b'gAMA' 41 4
2021-12-24 20:56:52,461 (DEBUG): STREAM b'cHRM' 57 32
2021-12-24 20:56:52,461 (DEBUG): STREAM b'bKGD' 101 2
2021-12-24 20:56:52,461 (DEBUG): b'bKGD' 101 2 (unknown)
2021-12-24 20:56:52,461 (DEBUG): STREAM b'tIME' 115 7
2021-12-24 20:56:52,461 (DEBUG): b'tIME' 115 7 (unknown)
2021-12-24 20:56:52,461 (DEBUG): STREAM b'IDAT' 134 32768
2021-12-24 20:56:52,475 (DEBUG): STREAM b'IHDR' 16 13
2021-12-24 20:56:52,475 (DEBUG): STREAM b'gAMA' 41 4
2021-12-24 20:56:52,475 (DEBUG): STREAM b'cHRM' 57 32
2021-12-24 20:56:52,475 (DEBUG): STREAM b'bKGD' 101 2
2021-12-24 20:56:52,475 (DEBUG): b'bKGD' 101 2 (unknown)
2021-12-24 20:56:52,475 (DEBUG): STREAM b'tIME' 115 7
2021-12-24 20:56:52,476 (DEBUG): b'tIME' 115 7 (unknown)
2021-12-24 20:56:52,476 (DEBUG): STREAM b'IDAT' 134 32768
2021-12-24 20:56:52,490 (DEBUG): STREAM b'IHDR' 16 13
2021-12-24 20:56:52,490 (DEBUG): STREAM b'gAMA' 41 4
2021-12-24 20:56:52,490 (DEBUG): STREAM b'cHRM' 57 32
2021-12-24 20:56:52,490 (DEBUG): STREAM b'bKGD' 101 2
2021-12-24 20:56:52,490 (DEBUG): b'bKGD' 101 2 (unknown)
2021-12-24 20:56:52,490 (DEBUG): STREAM b'tIME' 115 7
2021-12-24 20:56:52,490 (DEBUG): b'tIME' 115 7 (unknown)
2021-12-24 20:56:52,490 (DEBUG): STREAM b'IDAT' 134 32768
2021-12-24 20:56:52,522 (DEBUG): STREAM b'IHDR' 16 13
2021-12-24 20:56:52,522 (DEBUG): STREAM b'gAMA' 41 4
2021-12-24 20:56:52,522 (DEBUG): STREAM b'cHRM' 57 32
2021-12-24 20:56:52,522 (DEBUG): STREAM b'bKGD' 101 2
2021-12-24 20:56:52,522 (DEBUG): b'bKGD' 101 2 (unknown)
2021-12-24 20:56:52,522 (DEBUG): STREAM b'tIME' 115 7
2021-12-24 20:56:52,523 (DEBUG): b'tIME' 115 7 (unknown)
2021-12-24 20:56:52,523 (DEBUG): STREAM b'IDAT' 134 32768
2021-12-24 20:56:52,539 (DEBUG): STREAM b'IHDR' 16 13
2021-12-24 20:56:52,540 (DEBUG): STREAM b'gAMA' 41 4
2021-12-24 20:56:52,540 (DEBUG): STREAM b'cHRM' 57 32
2021-12-24 20:56:52,540 (DEBUG): STREAM b'bKGD' 101 2
2021-12-24 20:56:52,540 (DEBUG): b'bKGD' 101 2 (unknown)
2021-12-24 20:56:52,540 (DEBUG): STREAM b'tIME' 115 7
2021-12-24 20:56:52,540 (DEBUG): b'tIME' 115 7 (unknown)
2021-12-24 20:56:52,540 (DEBUG): STREAM b'IDAT' 134 32768
2021-12-24 20:56:52,594 (DEBUG): STREAM b'IHDR' 16 13
2021-12-24 20:56:52,594 (DEBUG): STREAM b'gAMA' 41 4
2021-12-24 20:56:52,594 (DEBUG): STREAM b'cHRM' 57 32
2021-12-24 20:56:52,594 (DEBUG): STREAM b'bKGD' 101 2
2021-12-24 20:56:52,594 (DEBUG): b'bKGD' 101 2 (unknown)
2021-12-24 20:56:52,594 (DEBUG): STREAM b'tIME' 115 7
2021-12-24 20:56:52,594 (DEBUG): b'tIME' 115 7 (unknown)
2021-12-24 20:56:52,594 (DEBUG): STREAM b'IDAT' 134 32768
