2021-12-24 21:53:57,036 (INFO): Log Path: D:\Source_Code\Python ++\02. updateComic\log\debug-20211224-2153.57.log
2021-12-24 21:53:59,064 (INFO): Currently Processing image
2021-12-24 21:53:59,065 (INFO): Processing Titles ...
2021-12-24 21:53:59,182 (DEBUG): Get Info from structure: (2t+=sakusei toshi elosion)
2021-12-24 21:53:59,193 (DEBUG): Get Info from structure: (a-10+=koukai tanetsuke hentai koubi 2)
2021-12-24 21:53:59,204 (DEBUG): Get Info from structure: (Abubu+=Kinjo no Onnatachi ga Nazeka Ore no Ie no Furo ni Hairi ni Kuru Ken)
2021-12-24 21:53:59,214 (DEBUG): Get Info from structure: (abubu+=npc kan mod)
2021-12-24 21:53:59,224 (DEBUG): Get Info from structure: (agobitch nee-san+=Hataraku Onee-san-tachi ~Mikonritsu no Takai Machi de Hataraku Tokoya no Onee-san ni Okuchi de Shiborareru~)
2021-12-24 21:53:59,232 (DEBUG): Get Info from structure: (agobitch nee-san+=Seifuku Bishoujo)
2021-12-24 21:53:59,242 (DEBUG): Get Info from structure: (ahemaru+=slave the blood)
2021-12-24 21:53:59,253 (DEBUG): Get Info from structure: (amano ameno+=Jabami Yumeko Hentai Koushuu Benjo Tantsubo Nikubenki Onna)
2021-12-24 21:53:59,263 (DEBUG): Get Info from structure: (amano ameno+=Kyonyuu Onna Joushi Saimin Nikuningyou)
2021-12-24 21:53:59,271 (DEBUG): Get Info from structure: (Ameyama Denshin+=Stories)
2021-12-24 21:53:59,280 (DEBUG): Get Info from structure: (Arai Kei+=Boku No Kanojo)
2021-12-24 21:53:59,296 (DEBUG): Get Info from structure: (arai kei+=Boku Wa Kanojo No Namae Mo Shiranai)
2021-12-24 21:53:59,309 (DEBUG): Get Info from structure: (arai kei+=hougan kanojo)
2021-12-24 21:53:59,321 (DEBUG): Get Info from structure: (arai kei+=Stories)
2021-12-24 21:53:59,336 (DEBUG): Get Info from structure: (Arai Taiki+=Kahanshin Daiichi Shugi)
2021-12-24 21:53:59,348 (DEBUG): Get Info from structure: (arai taiki+=ochita yume no naka de)
2021-12-24 21:53:59,360 (DEBUG): Get Info from structure: (Arai Taiki+=Stories)
2021-12-24 21:53:59,373 (DEBUG): Get Info from structure: (aroma sensei+=Gwen)
2021-12-24 21:53:59,387 (DEBUG): Get Info from structure: (aroma sensei+=what's going on here)
2021-12-24 21:53:59,399 (DEBUG): Get Info from structure: (asanagi+=Stories)
2021-12-24 21:53:59,408 (DEBUG): Get Info from structure: (BeNantoka+=Stories)
2021-12-24 21:53:59,423 (DEBUG): Get Info from structure: (Bonske+=Arawareta Chijo wa Toshishita Kui no Scatolo Hentai deshita)
2021-12-24 21:53:59,438 (DEBUG): Get Info from structure: (bonske+=sono kuchi to shita de subete o uketomenasai)
2021-12-24 21:53:59,451 (DEBUG): Get Info from structure: (Dokurosan+=Stories)
2021-12-24 21:53:59,462 (DEBUG): Get Info from structure: (doujin mukashibanashi+=Stories)
2021-12-24 21:53:59,474 (DEBUG): Get Info from structure: (Enokido+=Stories)
2021-12-24 21:53:59,483 (DEBUG): Get Info from structure: (freehand tamashii+=aorare tsuma)
2021-12-24 21:53:59,494 (DEBUG): Get Info from structure: (freehand tamashii+=Incha No Oi Ga Yaritai Oba-san)
2021-12-24 21:53:59,507 (DEBUG): Get Info from structure: (freehand tamashii+=Isourou Saki No Obasan Ni Hameru!)
2021-12-24 21:53:59,519 (DEBUG): Get Info from structure: (freehand tamashii+=Stories)
2021-12-24 21:53:59,530 (DEBUG): Get Info from structure: (freehand tamashii+=Toiu Wake De, Kaa-san-tachi To Yattemita)
2021-12-24 21:53:59,543 (DEBUG): Get Info from structure: (freehand tamasshii+=Shin Mama O Netoruze!)
2021-12-24 21:53:59,557 (DEBUG): Get Info from structure: (gonza+=av mama)
2021-12-24 21:53:59,571 (DEBUG): Get Info from structure: (gonza+=matching appli)
2021-12-24 21:53:59,585 (DEBUG): Get Info from structure: (Gonza+=Mayonaka No Haha)
2021-12-24 21:53:59,599 (DEBUG): Get Info from structure: (gonza+=my three horny moms)
2021-12-24 21:53:59,609 (DEBUG): Get Info from structure: (gonza+=Nonfiction ~boshi Soukan No Kioku~)
2021-12-24 21:53:59,622 (DEBUG): Get Info from structure: (gonza+=stories)
2021-12-24 21:53:59,637 (DEBUG): Get Info from structure: (mizone+=Ajin Iryou Sougou Center e Youkoso!)
2021-12-24 21:53:59,653 (DEBUG): Get Info from structure: (mizone+=Jikyuu 1500 yen!! Gyogyou o Tetsudau Kantan na Oshigoto desu)
2021-12-24 21:53:59,665 (DEBUG): Get Info from structure: (mizone+=Kindan no Shohousen)
2021-12-24 21:53:59,675 (DEBUG): Get Info from structure: (mizone+=monster romance)
2021-12-24 21:53:59,686 (DEBUG): Get Info from structure: (mizone+=monster smash)
2021-12-24 21:53:59,705 (DEBUG): Get Info from structure: (mizone+=Otherworldly Maidens Series)
2021-12-24 21:53:59,722 (DEBUG): Get Info from structure: (mizone+=stories)
2021-12-24 21:53:59,736 (DEBUG): Get Info from structure: (mizone+=Zasshoku Yuusha)
2021-12-24 21:53:59,748 (DEBUG): Get Info from structure: (Tsusauto+=Jichikai no Hitozuma wa Totemo Ecchi deshita)
2021-12-24 21:53:59,759 (INFO): Processing Chapters / Episodes ...
2021-12-24 21:54:00,114 (INFO): Processing Chapters & Pages ... 
