2021-12-23 21:14:50,883 (INFO): Log Path: D:\Source_Code\Python ++\02. updateComic\log\debug-20211223-2114.50.log
2021-12-23 21:14:52,936 (INFO): Currently Processing image
2021-12-23 21:14:52,937 (INFO): Processing Titles ...
2021-12-23 21:14:52,963 (DEBUG): Get Info from structure: (2t+=sakusei toshi elosion)
2021-12-23 21:14:52,975 (DEBUG): Get Info from structure: (a-10+=koukai tanetsuke hentai koubi 2)
2021-12-23 21:14:52,987 (DEBUG): Get Info from structure: (Abubu+=Kinjo no Onnatachi ga Nazeka Ore no Ie no Furo ni Hairi ni Kuru Ken)
2021-12-23 21:14:52,998 (DEBUG): Get Info from structure: (abubu+=npc kan mod)
2021-12-23 21:14:53,009 (DEBUG): Get Info from structure: (agobitch nee-san+=Hataraku Onee-san-tachi ~Mikonritsu no Takai Machi de Hataraku Tokoya no Onee-san ni Okuchi de Shiborareru~)
2021-12-23 21:14:53,020 (DEBUG): Get Info from structure: (agobitch nee-san+=Seifuku Bishoujo)
2021-12-23 21:14:53,031 (DEBUG): Get Info from structure: (ahemaru+=slave the blood)
2021-12-23 21:14:53,042 (DEBUG): Get Info from structure: (amano ameno+=Jabami Yumeko Hentai Koushuu Benjo Tantsubo Nikubenki Onna)
2021-12-23 21:14:53,053 (DEBUG): Get Info from structure: (amano ameno+=Kyonyuu Onna Joushi Saimin Nikuningyou)
2021-12-23 21:14:53,064 (DEBUG): Get Info from structure: (Ameyama Denshin+=Stories)
2021-12-23 21:14:53,075 (DEBUG): Get Info from structure: (Arai Kei+=Boku No Kanojo)
2021-12-23 21:14:53,085 (DEBUG): Get Info from structure: (arai kei+=Boku Wa Kanojo No Namae Mo Shiranai)
2021-12-23 21:14:53,096 (DEBUG): Get Info from structure: (arai kei+=hougan kanojo)
2021-12-23 21:14:53,106 (DEBUG): Get Info from structure: (arai kei+=Stories)
2021-12-23 21:14:53,116 (DEBUG): Get Info from structure: (Arai Taiki+=Kahanshin Daiichi Shugi)
2021-12-23 21:14:53,126 (DEBUG): Get Info from structure: (arai taiki+=ochita yume no naka de)
2021-12-23 21:14:53,136 (DEBUG): Get Info from structure: (Arai Taiki+=Stories)
2021-12-23 21:14:53,146 (DEBUG): Get Info from structure: (aroma sensei+=Gwen)
2021-12-23 21:14:53,156 (DEBUG): Get Info from structure: (aroma sensei+=what's going on here)
2021-12-23 21:14:53,167 (DEBUG): Get Info from structure: (asanagi+=Stories)
2021-12-23 21:14:53,176 (DEBUG): Get Info from structure: (BeNantoka+=Stories)
2021-12-23 21:14:53,191 (DEBUG): Get Info from structure: (Bonske+=Arawareta Chijo wa Toshishita Kui no Scatolo Hentai deshita)
2021-12-23 21:14:53,202 (DEBUG): Get Info from structure: (bonske+=sono kuchi to shita de subete o uketomenasai)
2021-12-23 21:14:53,216 (DEBUG): Get Info from structure: (Dokurosan+=Stories)
2021-12-23 21:14:53,227 (DEBUG): Get Info from structure: (Enokido+=Stories)
2021-12-23 21:14:53,238 (DEBUG): Get Info from structure: (freehand tamashii+=aorare tsuma)
2021-12-23 21:14:53,256 (DEBUG): Get Info from structure: (freehand tamashii+=Incha No Oi Ga Yaritai Oba-san)
2021-12-23 21:14:53,274 (DEBUG): Get Info from structure: (freehand tamashii+=Isourou Saki No Obasan Ni Hameru!)
2021-12-23 21:14:53,287 (DEBUG): Get Info from structure: (freehand tamashii+=Stories)
2021-12-23 21:14:53,299 (DEBUG): Get Info from structure: (freehand tamashii+=Toiu Wake De, Kaa-san-tachi To Yattemita)
2021-12-23 21:14:53,311 (DEBUG): Get Info from structure: (freehand tamasshii+=Shin Mama O Netoruze!)
2021-12-23 21:14:53,322 (DEBUG): Get Info from structure: (gonza+=av mama)
2021-12-23 21:14:53,333 (DEBUG): Get Info from structure: (gonza+=matching appli)
2021-12-23 21:14:53,343 (DEBUG): Get Info from structure: (Gonza+=Mayonaka No Haha)
2021-12-23 21:14:53,355 (DEBUG): Get Info from structure: (gonza+=my three horny moms)
2021-12-23 21:14:53,366 (DEBUG): Get Info from structure: (gonza+=Nonfiction ~boshi Soukan No Kioku~)
2021-12-23 21:14:53,380 (DEBUG): Get Info from structure: (gonza+=stories)
2021-12-23 21:14:53,392 (DEBUG): Get Info from structure: (mizone+=Ajin Iryou Sougou Center e Youkoso!)
2021-12-23 21:14:53,402 (DEBUG): Get Info from structure: (mizone+=Jikyuu 1500 yen!! Gyogyou o Tetsudau Kantan na Oshigoto desu)
2021-12-23 21:14:53,412 (DEBUG): Get Info from structure: (mizone+=Kindan no Shohousen)
2021-12-23 21:14:53,421 (DEBUG): Get Info from structure: (mizone+=monster romance)
2021-12-23 21:14:53,431 (DEBUG): Get Info from structure: (mizone+=monster smash)
2021-12-23 21:14:53,441 (DEBUG): Get Info from structure: (mizone+=Otherworldly Maidens Series)
2021-12-23 21:14:53,450 (DEBUG): Get Info from structure: (mizone+=stories)
2021-12-23 21:14:53,461 (DEBUG): Get Info from structure: (mizone+=Zasshoku Yuusha)
2021-12-23 21:14:53,471 (DEBUG): Get Info from structure: (Tsusauto+=Jichikai no Hitozuma wa Totemo Ecchi deshita)
2021-12-23 21:14:53,480 (INFO): Processing Chapters / Episodes ...
2021-12-23 21:14:53,490 (INFO): Processing Chapters & Pages ... 
2021-12-23 21:16:05,335 (DEBUG): STREAM b'IHDR' 16 13
2021-12-23 21:16:05,335 (DEBUG): STREAM b'gAMA' 41 4
2021-12-23 21:16:05,335 (DEBUG): STREAM b'cHRM' 57 32
2021-12-23 21:16:05,335 (DEBUG): STREAM b'bKGD' 101 2
2021-12-23 21:16:05,335 (DEBUG): b'bKGD' 101 2 (unknown)
2021-12-23 21:16:05,335 (DEBUG): STREAM b'tIME' 115 7
2021-12-23 21:16:05,335 (DEBUG): b'tIME' 115 7 (unknown)
2021-12-23 21:16:05,335 (DEBUG): STREAM b'IDAT' 134 32768
2021-12-23 21:16:05,348 (DEBUG): STREAM b'IHDR' 16 13
2021-12-23 21:16:05,348 (DEBUG): STREAM b'gAMA' 41 4
2021-12-23 21:16:05,348 (DEBUG): STREAM b'cHRM' 57 32
2021-12-23 21:16:05,348 (DEBUG): STREAM b'bKGD' 101 2
2021-12-23 21:16:05,348 (DEBUG): b'bKGD' 101 2 (unknown)
2021-12-23 21:16:05,348 (DEBUG): STREAM b'tIME' 115 7
2021-12-23 21:16:05,348 (DEBUG): b'tIME' 115 7 (unknown)
2021-12-23 21:16:05,348 (DEBUG): STREAM b'IDAT' 134 32768
2021-12-23 21:16:05,361 (DEBUG): STREAM b'IHDR' 16 13
2021-12-23 21:16:05,361 (DEBUG): STREAM b'gAMA' 41 4
2021-12-23 21:16:05,361 (DEBUG): STREAM b'cHRM' 57 32
2021-12-23 21:16:05,361 (DEBUG): STREAM b'bKGD' 101 2
2021-12-23 21:16:05,362 (DEBUG): b'bKGD' 101 2 (unknown)
2021-12-23 21:16:05,362 (DEBUG): STREAM b'tIME' 115 7
2021-12-23 21:16:05,362 (DEBUG): b'tIME' 115 7 (unknown)
2021-12-23 21:16:05,362 (DEBUG): STREAM b'IDAT' 134 32768
2021-12-23 21:16:05,375 (DEBUG): STREAM b'IHDR' 16 13
2021-12-23 21:16:05,375 (DEBUG): STREAM b'gAMA' 41 4
2021-12-23 21:16:05,375 (DEBUG): STREAM b'cHRM' 57 32
2021-12-23 21:16:05,375 (DEBUG): STREAM b'bKGD' 101 2
2021-12-23 21:16:05,375 (DEBUG): b'bKGD' 101 2 (unknown)
2021-12-23 21:16:05,375 (DEBUG): STREAM b'tIME' 115 7
2021-12-23 21:16:05,375 (DEBUG): b'tIME' 115 7 (unknown)
2021-12-23 21:16:05,375 (DEBUG): STREAM b'IDAT' 134 32768
2021-12-23 21:16:05,388 (DEBUG): STREAM b'IHDR' 16 13
2021-12-23 21:16:05,388 (DEBUG): STREAM b'gAMA' 41 4
2021-12-23 21:16:05,388 (DEBUG): STREAM b'cHRM' 57 32
2021-12-23 21:16:05,388 (DEBUG): STREAM b'bKGD' 101 2
2021-12-23 21:16:05,388 (DEBUG): b'bKGD' 101 2 (unknown)
2021-12-23 21:16:05,388 (DEBUG): STREAM b'tIME' 115 7
2021-12-23 21:16:05,388 (DEBUG): b'tIME' 115 7 (unknown)
2021-12-23 21:16:05,388 (DEBUG): STREAM b'IDAT' 134 32768
2021-12-23 21:16:05,411 (DEBUG): STREAM b'IHDR' 16 13
2021-12-23 21:16:05,411 (DEBUG): STREAM b'gAMA' 41 4
2021-12-23 21:16:05,411 (DEBUG): STREAM b'cHRM' 57 32
2021-12-23 21:16:05,411 (DEBUG): STREAM b'bKGD' 101 2
2021-12-23 21:16:05,411 (DEBUG): b'bKGD' 101 2 (unknown)
2021-12-23 21:16:05,411 (DEBUG): STREAM b'tIME' 115 7
2021-12-23 21:16:05,411 (DEBUG): b'tIME' 115 7 (unknown)
2021-12-23 21:16:05,411 (DEBUG): STREAM b'IDAT' 134 32768
2021-12-23 21:16:05,424 (DEBUG): STREAM b'IHDR' 16 13
2021-12-23 21:16:05,424 (DEBUG): STREAM b'gAMA' 41 4
2021-12-23 21:16:05,424 (DEBUG): STREAM b'cHRM' 57 32
2021-12-23 21:16:05,424 (DEBUG): STREAM b'bKGD' 101 2
2021-12-23 21:16:05,424 (DEBUG): b'bKGD' 101 2 (unknown)
2021-12-23 21:16:05,424 (DEBUG): STREAM b'tIME' 115 7
2021-12-23 21:16:05,424 (DEBUG): b'tIME' 115 7 (unknown)
2021-12-23 21:16:05,424 (DEBUG): STREAM b'IDAT' 134 32768
2021-12-23 21:16:05,438 (DEBUG): STREAM b'IHDR' 16 13
2021-12-23 21:16:05,438 (DEBUG): STREAM b'gAMA' 41 4
2021-12-23 21:16:05,438 (DEBUG): STREAM b'cHRM' 57 32
2021-12-23 21:16:05,438 (DEBUG): STREAM b'bKGD' 101 2
2021-12-23 21:16:05,438 (DEBUG): b'bKGD' 101 2 (unknown)
2021-12-23 21:16:05,438 (DEBUG): STREAM b'tIME' 115 7
2021-12-23 21:16:05,438 (DEBUG): b'tIME' 115 7 (unknown)
2021-12-23 21:16:05,438 (DEBUG): STREAM b'IDAT' 134 32768
2021-12-23 21:16:05,451 (DEBUG): STREAM b'IHDR' 16 13
2021-12-23 21:16:05,451 (DEBUG): STREAM b'gAMA' 41 4
2021-12-23 21:16:05,451 (DEBUG): STREAM b'cHRM' 57 32
2021-12-23 21:16:05,452 (DEBUG): STREAM b'bKGD' 101 2
2021-12-23 21:16:05,452 (DEBUG): b'bKGD' 101 2 (unknown)
2021-12-23 21:16:05,452 (DEBUG): STREAM b'tIME' 115 7
2021-12-23 21:16:05,452 (DEBUG): b'tIME' 115 7 (unknown)
2021-12-23 21:16:05,452 (DEBUG): STREAM b'IDAT' 134 32768
2021-12-23 21:16:05,466 (DEBUG): STREAM b'IHDR' 16 13
2021-12-23 21:16:05,466 (DEBUG): STREAM b'gAMA' 41 4
2021-12-23 21:16:05,466 (DEBUG): STREAM b'cHRM' 57 32
2021-12-23 21:16:05,466 (DEBUG): STREAM b'bKGD' 101 2
2021-12-23 21:16:05,466 (DEBUG): b'bKGD' 101 2 (unknown)
2021-12-23 21:16:05,466 (DEBUG): STREAM b'tIME' 115 7
2021-12-23 21:16:05,466 (DEBUG): b'tIME' 115 7 (unknown)
2021-12-23 21:16:05,466 (DEBUG): STREAM b'IDAT' 134 32768
2021-12-23 21:16:05,480 (DEBUG): STREAM b'IHDR' 16 13
2021-12-23 21:16:05,480 (DEBUG): STREAM b'gAMA' 41 4
2021-12-23 21:16:05,480 (DEBUG): STREAM b'cHRM' 57 32
2021-12-23 21:16:05,480 (DEBUG): STREAM b'bKGD' 101 2
2021-12-23 21:16:05,480 (DEBUG): b'bKGD' 101 2 (unknown)
2021-12-23 21:16:05,480 (DEBUG): STREAM b'tIME' 115 7
2021-12-23 21:16:05,480 (DEBUG): b'tIME' 115 7 (unknown)
2021-12-23 21:16:05,480 (DEBUG): STREAM b'IDAT' 134 32768
2021-12-23 21:16:05,493 (DEBUG): STREAM b'IHDR' 16 13
2021-12-23 21:16:05,493 (DEBUG): STREAM b'gAMA' 41 4
2021-12-23 21:16:05,493 (DEBUG): STREAM b'cHRM' 57 32
2021-12-23 21:16:05,493 (DEBUG): STREAM b'bKGD' 101 2
2021-12-23 21:16:05,493 (DEBUG): b'bKGD' 101 2 (unknown)
2021-12-23 21:16:05,493 (DEBUG): STREAM b'tIME' 115 7
2021-12-23 21:16:05,493 (DEBUG): b'tIME' 115 7 (unknown)
2021-12-23 21:16:05,493 (DEBUG): STREAM b'IDAT' 134 32768
2021-12-23 21:16:05,506 (DEBUG): STREAM b'IHDR' 16 13
2021-12-23 21:16:05,506 (DEBUG): STREAM b'gAMA' 41 4
2021-12-23 21:16:05,506 (DEBUG): STREAM b'cHRM' 57 32
2021-12-23 21:16:05,506 (DEBUG): STREAM b'bKGD' 101 2
2021-12-23 21:16:05,506 (DEBUG): b'bKGD' 101 2 (unknown)
2021-12-23 21:16:05,506 (DEBUG): STREAM b'tIME' 115 7
2021-12-23 21:16:05,506 (DEBUG): b'tIME' 115 7 (unknown)
2021-12-23 21:16:05,506 (DEBUG): STREAM b'IDAT' 134 32768
2021-12-23 21:16:05,519 (DEBUG): STREAM b'IHDR' 16 13
2021-12-23 21:16:05,519 (DEBUG): STREAM b'gAMA' 41 4
2021-12-23 21:16:05,519 (DEBUG): STREAM b'cHRM' 57 32
2021-12-23 21:16:05,519 (DEBUG): STREAM b'bKGD' 101 2
2021-12-23 21:16:05,519 (DEBUG): b'bKGD' 101 2 (unknown)
2021-12-23 21:16:05,519 (DEBUG): STREAM b'tIME' 115 7
2021-12-23 21:16:05,519 (DEBUG): b'tIME' 115 7 (unknown)
2021-12-23 21:16:05,519 (DEBUG): STREAM b'IDAT' 134 32768
2021-12-23 21:16:05,533 (DEBUG): STREAM b'IHDR' 16 13
2021-12-23 21:16:05,533 (DEBUG): STREAM b'gAMA' 41 4
2021-12-23 21:16:05,533 (DEBUG): STREAM b'cHRM' 57 32
2021-12-23 21:16:05,533 (DEBUG): STREAM b'bKGD' 101 2
2021-12-23 21:16:05,533 (DEBUG): b'bKGD' 101 2 (unknown)
2021-12-23 21:16:05,533 (DEBUG): STREAM b'tIME' 115 7
2021-12-23 21:16:05,533 (DEBUG): b'tIME' 115 7 (unknown)
2021-12-23 21:16:05,534 (DEBUG): STREAM b'IDAT' 134 32768
2021-12-23 21:16:05,546 (DEBUG): STREAM b'IHDR' 16 13
2021-12-23 21:16:05,546 (DEBUG): STREAM b'gAMA' 41 4
2021-12-23 21:16:05,546 (DEBUG): STREAM b'cHRM' 57 32
2021-12-23 21:16:05,546 (DEBUG): STREAM b'bKGD' 101 2
2021-12-23 21:16:05,546 (DEBUG): b'bKGD' 101 2 (unknown)
2021-12-23 21:16:05,546 (DEBUG): STREAM b'tIME' 115 7
2021-12-23 21:16:05,546 (DEBUG): b'tIME' 115 7 (unknown)
2021-12-23 21:16:05,546 (DEBUG): STREAM b'IDAT' 134 32768
2021-12-23 21:16:05,579 (DEBUG): STREAM b'IHDR' 16 13
2021-12-23 21:16:05,579 (DEBUG): STREAM b'gAMA' 41 4
2021-12-23 21:16:05,579 (DEBUG): STREAM b'cHRM' 57 32
2021-12-23 21:16:05,579 (DEBUG): STREAM b'bKGD' 101 2
2021-12-23 21:16:05,579 (DEBUG): b'bKGD' 101 2 (unknown)
2021-12-23 21:16:05,579 (DEBUG): STREAM b'tIME' 115 7
2021-12-23 21:16:05,579 (DEBUG): b'tIME' 115 7 (unknown)
2021-12-23 21:16:05,579 (DEBUG): STREAM b'IDAT' 134 32768
2021-12-23 21:16:05,592 (DEBUG): STREAM b'IHDR' 16 13
2021-12-23 21:16:05,592 (DEBUG): STREAM b'gAMA' 41 4
2021-12-23 21:16:05,592 (DEBUG): STREAM b'cHRM' 57 32
2021-12-23 21:16:05,592 (DEBUG): STREAM b'bKGD' 101 2
2021-12-23 21:16:05,592 (DEBUG): b'bKGD' 101 2 (unknown)
2021-12-23 21:16:05,592 (DEBUG): STREAM b'tIME' 115 7
2021-12-23 21:16:05,592 (DEBUG): b'tIME' 115 7 (unknown)
2021-12-23 21:16:05,592 (DEBUG): STREAM b'IDAT' 134 32768
2021-12-23 21:16:05,605 (DEBUG): STREAM b'IHDR' 16 13
2021-12-23 21:16:05,605 (DEBUG): STREAM b'gAMA' 41 4
2021-12-23 21:16:05,605 (DEBUG): STREAM b'cHRM' 57 32
2021-12-23 21:16:05,605 (DEBUG): STREAM b'bKGD' 101 2
2021-12-23 21:16:05,605 (DEBUG): b'bKGD' 101 2 (unknown)
2021-12-23 21:16:05,605 (DEBUG): STREAM b'tIME' 115 7
2021-12-23 21:16:05,606 (DEBUG): b'tIME' 115 7 (unknown)
2021-12-23 21:16:05,606 (DEBUG): STREAM b'IDAT' 134 32768
2021-12-23 21:16:05,619 (DEBUG): STREAM b'IHDR' 16 13
2021-12-23 21:16:05,619 (DEBUG): STREAM b'gAMA' 41 4
2021-12-23 21:16:05,619 (DEBUG): STREAM b'cHRM' 57 32
2021-12-23 21:16:05,620 (DEBUG): STREAM b'bKGD' 101 2
2021-12-23 21:16:05,620 (DEBUG): b'bKGD' 101 2 (unknown)
2021-12-23 21:16:05,620 (DEBUG): STREAM b'tIME' 115 7
2021-12-23 21:16:05,620 (DEBUG): b'tIME' 115 7 (unknown)
2021-12-23 21:16:05,620 (DEBUG): STREAM b'IDAT' 134 32768
2021-12-23 21:16:05,671 (DEBUG): STREAM b'IHDR' 16 13
2021-12-23 21:16:05,671 (DEBUG): STREAM b'gAMA' 41 4
2021-12-23 21:16:05,671 (DEBUG): STREAM b'cHRM' 57 32
2021-12-23 21:16:05,671 (DEBUG): STREAM b'bKGD' 101 2
2021-12-23 21:16:05,671 (DEBUG): b'bKGD' 101 2 (unknown)
2021-12-23 21:16:05,671 (DEBUG): STREAM b'tIME' 115 7
2021-12-23 21:16:05,671 (DEBUG): b'tIME' 115 7 (unknown)
2021-12-23 21:16:05,671 (DEBUG): STREAM b'IDAT' 134 32768
2021-12-23 21:16:05,684 (DEBUG): STREAM b'IHDR' 16 13
2021-12-23 21:16:05,684 (DEBUG): STREAM b'gAMA' 41 4
2021-12-23 21:16:05,685 (DEBUG): STREAM b'cHRM' 57 32
2021-12-23 21:16:05,685 (DEBUG): STREAM b'bKGD' 101 2
2021-12-23 21:16:05,685 (DEBUG): b'bKGD' 101 2 (unknown)
2021-12-23 21:16:05,685 (DEBUG): STREAM b'tIME' 115 7
2021-12-23 21:16:05,685 (DEBUG): b'tIME' 115 7 (unknown)
2021-12-23 21:16:05,685 (DEBUG): STREAM b'IDAT' 134 32768
2021-12-23 21:16:05,697 (DEBUG): STREAM b'IHDR' 16 13
2021-12-23 21:16:05,697 (DEBUG): STREAM b'gAMA' 41 4
2021-12-23 21:16:05,697 (DEBUG): STREAM b'cHRM' 57 32
2021-12-23 21:16:05,697 (DEBUG): STREAM b'bKGD' 101 2
2021-12-23 21:16:05,697 (DEBUG): b'bKGD' 101 2 (unknown)
2021-12-23 21:16:05,697 (DEBUG): STREAM b'tIME' 115 7
2021-12-23 21:16:05,697 (DEBUG): b'tIME' 115 7 (unknown)
2021-12-23 21:16:05,698 (DEBUG): STREAM b'IDAT' 134 32768
2021-12-23 21:16:05,710 (DEBUG): STREAM b'IHDR' 16 13
2021-12-23 21:16:05,710 (DEBUG): STREAM b'gAMA' 41 4
2021-12-23 21:16:05,710 (DEBUG): STREAM b'cHRM' 57 32
2021-12-23 21:16:05,710 (DEBUG): STREAM b'bKGD' 101 2
2021-12-23 21:16:05,710 (DEBUG): b'bKGD' 101 2 (unknown)
2021-12-23 21:16:05,711 (DEBUG): STREAM b'tIME' 115 7
2021-12-23 21:16:05,711 (DEBUG): b'tIME' 115 7 (unknown)
2021-12-23 21:16:05,711 (DEBUG): STREAM b'IDAT' 134 32768
2021-12-23 21:16:05,724 (DEBUG): STREAM b'IHDR' 16 13
2021-12-23 21:16:05,724 (DEBUG): STREAM b'gAMA' 41 4
2021-12-23 21:16:05,724 (DEBUG): STREAM b'cHRM' 57 32
2021-12-23 21:16:05,724 (DEBUG): STREAM b'bKGD' 101 2
2021-12-23 21:16:05,724 (DEBUG): b'bKGD' 101 2 (unknown)
2021-12-23 21:16:05,724 (DEBUG): STREAM b'tIME' 115 7
2021-12-23 21:16:05,724 (DEBUG): b'tIME' 115 7 (unknown)
2021-12-23 21:16:05,724 (DEBUG): STREAM b'IDAT' 134 32768
2021-12-23 21:16:05,749 (DEBUG): STREAM b'IHDR' 16 13
2021-12-23 21:16:05,749 (DEBUG): STREAM b'gAMA' 41 4
2021-12-23 21:16:05,749 (DEBUG): STREAM b'cHRM' 57 32
2021-12-23 21:16:05,749 (DEBUG): STREAM b'bKGD' 101 2
2021-12-23 21:16:05,750 (DEBUG): b'bKGD' 101 2 (unknown)
2021-12-23 21:16:05,750 (DEBUG): STREAM b'tIME' 115 7
2021-12-23 21:16:05,750 (DEBUG): b'tIME' 115 7 (unknown)
2021-12-23 21:16:05,750 (DEBUG): STREAM b'IDAT' 134 32768
2021-12-23 21:16:05,764 (DEBUG): STREAM b'IHDR' 16 13
2021-12-23 21:16:05,764 (DEBUG): STREAM b'gAMA' 41 4
2021-12-23 21:16:05,764 (DEBUG): STREAM b'cHRM' 57 32
2021-12-23 21:16:05,764 (DEBUG): STREAM b'bKGD' 101 2
2021-12-23 21:16:05,764 (DEBUG): b'bKGD' 101 2 (unknown)
2021-12-23 21:16:05,764 (DEBUG): STREAM b'tIME' 115 7
2021-12-23 21:16:05,764 (DEBUG): b'tIME' 115 7 (unknown)
2021-12-23 21:16:05,764 (DEBUG): STREAM b'IDAT' 134 32768
2021-12-23 21:16:05,803 (DEBUG): STREAM b'IHDR' 16 13
2021-12-23 21:16:05,804 (DEBUG): STREAM b'gAMA' 41 4
2021-12-23 21:16:05,804 (DEBUG): STREAM b'cHRM' 57 32
2021-12-23 21:16:05,804 (DEBUG): STREAM b'bKGD' 101 2
2021-12-23 21:16:05,804 (DEBUG): b'bKGD' 101 2 (unknown)
2021-12-23 21:16:05,804 (DEBUG): STREAM b'tIME' 115 7
2021-12-23 21:16:05,804 (DEBUG): b'tIME' 115 7 (unknown)
2021-12-23 21:16:05,804 (DEBUG): STREAM b'IDAT' 134 32768
