2021-12-23 21:29:02,785 (INFO): Log Path: D:\Source_Code\Python ++\02. updateComic\log\debug-20211223-2129.02.log
2021-12-23 21:29:04,867 (INFO): Currently Processing image
2021-12-23 21:29:04,867 (INFO): Processing Titles ...
2021-12-23 21:29:04,884 (DEBUG): Get Info from structure: (2t+=sakusei toshi elosion)
2021-12-23 21:29:04,895 (DEBUG): Get Info from structure: (a-10+=koukai tanetsuke hentai koubi 2)
2021-12-23 21:29:04,906 (DEBUG): Get Info from structure: (Abubu+=Kinjo no Onnatachi ga Nazeka Ore no Ie no Furo ni Hairi ni Kuru Ken)
2021-12-23 21:29:04,915 (DEBUG): Get Info from structure: (abubu+=npc kan mod)
2021-12-23 21:29:04,924 (DEBUG): Get Info from structure: (agobitch nee-san+=Hataraku Onee-san-tachi ~Mikonritsu no Takai Machi de Hataraku Tokoya no Onee-san ni Okuchi de Shiborareru~)
2021-12-23 21:29:04,949 (DEBUG): Get Info from structure: (agobitch nee-san+=Seifuku Bishoujo)
2021-12-23 21:29:04,957 (DEBUG): Get Info from structure: (ahemaru+=slave the blood)
2021-12-23 21:29:04,964 (DEBUG): Get Info from structure: (amano ameno+=Jabami Yumeko Hentai Koushuu Benjo Tantsubo Nikubenki Onna)
2021-12-23 21:29:04,973 (DEBUG): Get Info from structure: (amano ameno+=Kyonyuu Onna Joushi Saimin Nikuningyou)
2021-12-23 21:29:04,983 (DEBUG): Get Info from structure: (Ameyama Denshin+=Stories)
2021-12-23 21:29:04,991 (DEBUG): Get Info from structure: (Arai Kei+=Boku No Kanojo)
2021-12-23 21:29:05,000 (DEBUG): Get Info from structure: (arai kei+=Boku Wa Kanojo No Namae Mo Shiranai)
2021-12-23 21:29:05,010 (DEBUG): Get Info from structure: (arai kei+=hougan kanojo)
2021-12-23 21:29:05,019 (DEBUG): Get Info from structure: (arai kei+=Stories)
2021-12-23 21:29:05,028 (DEBUG): Get Info from structure: (Arai Taiki+=Kahanshin Daiichi Shugi)
2021-12-23 21:29:05,041 (DEBUG): Get Info from structure: (arai taiki+=ochita yume no naka de)
2021-12-23 21:29:05,051 (DEBUG): Get Info from structure: (Arai Taiki+=Stories)
2021-12-23 21:29:05,059 (DEBUG): Get Info from structure: (aroma sensei+=Gwen)
2021-12-23 21:29:05,067 (DEBUG): Get Info from structure: (aroma sensei+=what's going on here)
2021-12-23 21:29:05,076 (DEBUG): Get Info from structure: (asanagi+=Stories)
2021-12-23 21:29:05,084 (DEBUG): Get Info from structure: (BeNantoka+=Stories)
2021-12-23 21:29:05,094 (DEBUG): Get Info from structure: (Bonske+=Arawareta Chijo wa Toshishita Kui no Scatolo Hentai deshita)
2021-12-23 21:29:05,101 (DEBUG): Get Info from structure: (bonske+=sono kuchi to shita de subete o uketomenasai)
2021-12-23 21:29:05,110 (DEBUG): Get Info from structure: (Dokurosan+=Stories)
2021-12-23 21:29:05,118 (DEBUG): Get Info from structure: (Enokido+=Stories)
2021-12-23 21:29:05,125 (DEBUG): Get Info from structure: (freehand tamashii+=aorare tsuma)
2021-12-23 21:29:05,133 (DEBUG): Get Info from structure: (freehand tamashii+=Incha No Oi Ga Yaritai Oba-san)
2021-12-23 21:29:05,141 (DEBUG): Get Info from structure: (freehand tamashii+=Isourou Saki No Obasan Ni Hameru!)
2021-12-23 21:29:05,150 (DEBUG): Get Info from structure: (freehand tamashii+=Stories)
2021-12-23 21:29:05,157 (DEBUG): Get Info from structure: (freehand tamashii+=Toiu Wake De, Kaa-san-tachi To Yattemita)
2021-12-23 21:29:05,165 (DEBUG): Get Info from structure: (freehand tamasshii+=Shin Mama O Netoruze!)
2021-12-23 21:29:05,173 (DEBUG): Get Info from structure: (gonza+=av mama)
2021-12-23 21:29:05,181 (DEBUG): Get Info from structure: (gonza+=matching appli)
2021-12-23 21:29:05,189 (DEBUG): Get Info from structure: (Gonza+=Mayonaka No Haha)
2021-12-23 21:29:05,196 (DEBUG): Get Info from structure: (gonza+=my three horny moms)
2021-12-23 21:29:05,205 (DEBUG): Get Info from structure: (gonza+=Nonfiction ~boshi Soukan No Kioku~)
2021-12-23 21:29:05,213 (DEBUG): Get Info from structure: (gonza+=stories)
2021-12-23 21:29:05,222 (DEBUG): Get Info from structure: (mizone+=Ajin Iryou Sougou Center e Youkoso!)
2021-12-23 21:29:05,229 (DEBUG): Get Info from structure: (mizone+=Jikyuu 1500 yen!! Gyogyou o Tetsudau Kantan na Oshigoto desu)
2021-12-23 21:29:05,237 (DEBUG): Get Info from structure: (mizone+=Kindan no Shohousen)
2021-12-23 21:29:05,245 (DEBUG): Get Info from structure: (mizone+=monster romance)
2021-12-23 21:29:05,253 (DEBUG): Get Info from structure: (mizone+=monster smash)
2021-12-23 21:29:05,261 (DEBUG): Get Info from structure: (mizone+=Otherworldly Maidens Series)
2021-12-23 21:29:05,269 (DEBUG): Get Info from structure: (mizone+=stories)
2021-12-23 21:29:05,278 (DEBUG): Get Info from structure: (mizone+=Zasshoku Yuusha)
2021-12-23 21:29:05,286 (DEBUG): Get Info from structure: (Tsusauto+=Jichikai no Hitozuma wa Totemo Ecchi deshita)
2021-12-23 21:29:05,294 (INFO): Processing Chapters / Episodes ...
2021-12-23 21:29:05,303 (INFO): Processing Chapters & Pages ... 
2021-12-23 21:30:18,404 (DEBUG): STREAM b'IHDR' 16 13
2021-12-23 21:30:18,405 (DEBUG): STREAM b'gAMA' 41 4
2021-12-23 21:30:18,405 (DEBUG): STREAM b'cHRM' 57 32
2021-12-23 21:30:18,405 (DEBUG): STREAM b'bKGD' 101 2
2021-12-23 21:30:18,405 (DEBUG): b'bKGD' 101 2 (unknown)
2021-12-23 21:30:18,405 (DEBUG): STREAM b'tIME' 115 7
2021-12-23 21:30:18,405 (DEBUG): b'tIME' 115 7 (unknown)
2021-12-23 21:30:18,405 (DEBUG): STREAM b'IDAT' 134 32768
2021-12-23 21:30:18,418 (DEBUG): STREAM b'IHDR' 16 13
2021-12-23 21:30:18,418 (DEBUG): STREAM b'gAMA' 41 4
2021-12-23 21:30:18,418 (DEBUG): STREAM b'cHRM' 57 32
2021-12-23 21:30:18,418 (DEBUG): STREAM b'bKGD' 101 2
2021-12-23 21:30:18,418 (DEBUG): b'bKGD' 101 2 (unknown)
2021-12-23 21:30:18,418 (DEBUG): STREAM b'tIME' 115 7
2021-12-23 21:30:18,418 (DEBUG): b'tIME' 115 7 (unknown)
2021-12-23 21:30:18,418 (DEBUG): STREAM b'IDAT' 134 32768
2021-12-23 21:30:18,432 (DEBUG): STREAM b'IHDR' 16 13
2021-12-23 21:30:18,432 (DEBUG): STREAM b'gAMA' 41 4
2021-12-23 21:30:18,432 (DEBUG): STREAM b'cHRM' 57 32
2021-12-23 21:30:18,432 (DEBUG): STREAM b'bKGD' 101 2
2021-12-23 21:30:18,432 (DEBUG): b'bKGD' 101 2 (unknown)
2021-12-23 21:30:18,432 (DEBUG): STREAM b'tIME' 115 7
2021-12-23 21:30:18,432 (DEBUG): b'tIME' 115 7 (unknown)
2021-12-23 21:30:18,432 (DEBUG): STREAM b'IDAT' 134 32768
2021-12-23 21:30:18,445 (DEBUG): STREAM b'IHDR' 16 13
2021-12-23 21:30:18,445 (DEBUG): STREAM b'gAMA' 41 4
2021-12-23 21:30:18,445 (DEBUG): STREAM b'cHRM' 57 32
2021-12-23 21:30:18,445 (DEBUG): STREAM b'bKGD' 101 2
2021-12-23 21:30:18,445 (DEBUG): b'bKGD' 101 2 (unknown)
2021-12-23 21:30:18,445 (DEBUG): STREAM b'tIME' 115 7
2021-12-23 21:30:18,445 (DEBUG): b'tIME' 115 7 (unknown)
2021-12-23 21:30:18,445 (DEBUG): STREAM b'IDAT' 134 32768
2021-12-23 21:30:18,458 (DEBUG): STREAM b'IHDR' 16 13
2021-12-23 21:30:18,458 (DEBUG): STREAM b'gAMA' 41 4
2021-12-23 21:30:18,458 (DEBUG): STREAM b'cHRM' 57 32
2021-12-23 21:30:18,458 (DEBUG): STREAM b'bKGD' 101 2
2021-12-23 21:30:18,458 (DEBUG): b'bKGD' 101 2 (unknown)
2021-12-23 21:30:18,458 (DEBUG): STREAM b'tIME' 115 7
2021-12-23 21:30:18,458 (DEBUG): b'tIME' 115 7 (unknown)
2021-12-23 21:30:18,458 (DEBUG): STREAM b'IDAT' 134 32768
2021-12-23 21:30:18,472 (DEBUG): STREAM b'IHDR' 16 13
2021-12-23 21:30:18,472 (DEBUG): STREAM b'gAMA' 41 4
2021-12-23 21:30:18,472 (DEBUG): STREAM b'cHRM' 57 32
2021-12-23 21:30:18,472 (DEBUG): STREAM b'bKGD' 101 2
2021-12-23 21:30:18,472 (DEBUG): b'bKGD' 101 2 (unknown)
2021-12-23 21:30:18,472 (DEBUG): STREAM b'tIME' 115 7
2021-12-23 21:30:18,472 (DEBUG): b'tIME' 115 7 (unknown)
2021-12-23 21:30:18,472 (DEBUG): STREAM b'IDAT' 134 32768
2021-12-23 21:30:18,485 (DEBUG): STREAM b'IHDR' 16 13
2021-12-23 21:30:18,485 (DEBUG): STREAM b'gAMA' 41 4
2021-12-23 21:30:18,485 (DEBUG): STREAM b'cHRM' 57 32
2021-12-23 21:30:18,485 (DEBUG): STREAM b'bKGD' 101 2
2021-12-23 21:30:18,485 (DEBUG): b'bKGD' 101 2 (unknown)
2021-12-23 21:30:18,485 (DEBUG): STREAM b'tIME' 115 7
2021-12-23 21:30:18,485 (DEBUG): b'tIME' 115 7 (unknown)
2021-12-23 21:30:18,485 (DEBUG): STREAM b'IDAT' 134 32768
2021-12-23 21:30:18,498 (DEBUG): STREAM b'IHDR' 16 13
2021-12-23 21:30:18,498 (DEBUG): STREAM b'gAMA' 41 4
2021-12-23 21:30:18,498 (DEBUG): STREAM b'cHRM' 57 32
2021-12-23 21:30:18,498 (DEBUG): STREAM b'bKGD' 101 2
2021-12-23 21:30:18,498 (DEBUG): b'bKGD' 101 2 (unknown)
2021-12-23 21:30:18,498 (DEBUG): STREAM b'tIME' 115 7
2021-12-23 21:30:18,499 (DEBUG): b'tIME' 115 7 (unknown)
2021-12-23 21:30:18,499 (DEBUG): STREAM b'IDAT' 134 32768
2021-12-23 21:30:18,512 (DEBUG): STREAM b'IHDR' 16 13
2021-12-23 21:30:18,512 (DEBUG): STREAM b'gAMA' 41 4
2021-12-23 21:30:18,512 (DEBUG): STREAM b'cHRM' 57 32
2021-12-23 21:30:18,512 (DEBUG): STREAM b'bKGD' 101 2
2021-12-23 21:30:18,512 (DEBUG): b'bKGD' 101 2 (unknown)
2021-12-23 21:30:18,512 (DEBUG): STREAM b'tIME' 115 7
2021-12-23 21:30:18,512 (DEBUG): b'tIME' 115 7 (unknown)
2021-12-23 21:30:18,512 (DEBUG): STREAM b'IDAT' 134 32768
2021-12-23 21:30:18,525 (DEBUG): STREAM b'IHDR' 16 13
2021-12-23 21:30:18,525 (DEBUG): STREAM b'gAMA' 41 4
2021-12-23 21:30:18,525 (DEBUG): STREAM b'cHRM' 57 32
2021-12-23 21:30:18,525 (DEBUG): STREAM b'bKGD' 101 2
2021-12-23 21:30:18,525 (DEBUG): b'bKGD' 101 2 (unknown)
2021-12-23 21:30:18,525 (DEBUG): STREAM b'tIME' 115 7
2021-12-23 21:30:18,525 (DEBUG): b'tIME' 115 7 (unknown)
2021-12-23 21:30:18,525 (DEBUG): STREAM b'IDAT' 134 32768
2021-12-23 21:30:18,538 (DEBUG): STREAM b'IHDR' 16 13
2021-12-23 21:30:18,538 (DEBUG): STREAM b'gAMA' 41 4
2021-12-23 21:30:18,538 (DEBUG): STREAM b'cHRM' 57 32
2021-12-23 21:30:18,538 (DEBUG): STREAM b'bKGD' 101 2
2021-12-23 21:30:18,538 (DEBUG): b'bKGD' 101 2 (unknown)
2021-12-23 21:30:18,538 (DEBUG): STREAM b'tIME' 115 7
2021-12-23 21:30:18,538 (DEBUG): b'tIME' 115 7 (unknown)
2021-12-23 21:30:18,538 (DEBUG): STREAM b'IDAT' 134 32768
2021-12-23 21:30:18,552 (DEBUG): STREAM b'IHDR' 16 13
2021-12-23 21:30:18,552 (DEBUG): STREAM b'gAMA' 41 4
2021-12-23 21:30:18,552 (DEBUG): STREAM b'cHRM' 57 32
2021-12-23 21:30:18,552 (DEBUG): STREAM b'bKGD' 101 2
2021-12-23 21:30:18,552 (DEBUG): b'bKGD' 101 2 (unknown)
2021-12-23 21:30:18,552 (DEBUG): STREAM b'tIME' 115 7
2021-12-23 21:30:18,552 (DEBUG): b'tIME' 115 7 (unknown)
2021-12-23 21:30:18,552 (DEBUG): STREAM b'IDAT' 134 32768
2021-12-23 21:30:18,565 (DEBUG): STREAM b'IHDR' 16 13
2021-12-23 21:30:18,565 (DEBUG): STREAM b'gAMA' 41 4
2021-12-23 21:30:18,565 (DEBUG): STREAM b'cHRM' 57 32
2021-12-23 21:30:18,565 (DEBUG): STREAM b'bKGD' 101 2
2021-12-23 21:30:18,565 (DEBUG): b'bKGD' 101 2 (unknown)
2021-12-23 21:30:18,565 (DEBUG): STREAM b'tIME' 115 7
2021-12-23 21:30:18,565 (DEBUG): b'tIME' 115 7 (unknown)
2021-12-23 21:30:18,565 (DEBUG): STREAM b'IDAT' 134 32768
2021-12-23 21:30:18,578 (DEBUG): STREAM b'IHDR' 16 13
2021-12-23 21:30:18,578 (DEBUG): STREAM b'gAMA' 41 4
2021-12-23 21:30:18,578 (DEBUG): STREAM b'cHRM' 57 32
2021-12-23 21:30:18,578 (DEBUG): STREAM b'bKGD' 101 2
2021-12-23 21:30:18,578 (DEBUG): b'bKGD' 101 2 (unknown)
2021-12-23 21:30:18,578 (DEBUG): STREAM b'tIME' 115 7
2021-12-23 21:30:18,578 (DEBUG): b'tIME' 115 7 (unknown)
2021-12-23 21:30:18,578 (DEBUG): STREAM b'IDAT' 134 32768
2021-12-23 21:30:18,592 (DEBUG): STREAM b'IHDR' 16 13
2021-12-23 21:30:18,592 (DEBUG): STREAM b'gAMA' 41 4
2021-12-23 21:30:18,592 (DEBUG): STREAM b'cHRM' 57 32
2021-12-23 21:30:18,592 (DEBUG): STREAM b'bKGD' 101 2
2021-12-23 21:30:18,592 (DEBUG): b'bKGD' 101 2 (unknown)
2021-12-23 21:30:18,592 (DEBUG): STREAM b'tIME' 115 7
2021-12-23 21:30:18,592 (DEBUG): b'tIME' 115 7 (unknown)
2021-12-23 21:30:18,592 (DEBUG): STREAM b'IDAT' 134 32768
2021-12-23 21:30:18,605 (DEBUG): STREAM b'IHDR' 16 13
2021-12-23 21:30:18,605 (DEBUG): STREAM b'gAMA' 41 4
2021-12-23 21:30:18,605 (DEBUG): STREAM b'cHRM' 57 32
2021-12-23 21:30:18,605 (DEBUG): STREAM b'bKGD' 101 2
2021-12-23 21:30:18,605 (DEBUG): b'bKGD' 101 2 (unknown)
2021-12-23 21:30:18,605 (DEBUG): STREAM b'tIME' 115 7
2021-12-23 21:30:18,605 (DEBUG): b'tIME' 115 7 (unknown)
2021-12-23 21:30:18,605 (DEBUG): STREAM b'IDAT' 134 32768
2021-12-23 21:30:18,638 (DEBUG): STREAM b'IHDR' 16 13
2021-12-23 21:30:18,638 (DEBUG): STREAM b'gAMA' 41 4
2021-12-23 21:30:18,638 (DEBUG): STREAM b'cHRM' 57 32
2021-12-23 21:30:18,638 (DEBUG): STREAM b'bKGD' 101 2
2021-12-23 21:30:18,638 (DEBUG): b'bKGD' 101 2 (unknown)
2021-12-23 21:30:18,638 (DEBUG): STREAM b'tIME' 115 7
2021-12-23 21:30:18,638 (DEBUG): b'tIME' 115 7 (unknown)
2021-12-23 21:30:18,638 (DEBUG): STREAM b'IDAT' 134 32768
2021-12-23 21:30:18,651 (DEBUG): STREAM b'IHDR' 16 13
2021-12-23 21:30:18,651 (DEBUG): STREAM b'gAMA' 41 4
2021-12-23 21:30:18,651 (DEBUG): STREAM b'cHRM' 57 32
2021-12-23 21:30:18,651 (DEBUG): STREAM b'bKGD' 101 2
2021-12-23 21:30:18,651 (DEBUG): b'bKGD' 101 2 (unknown)
2021-12-23 21:30:18,651 (DEBUG): STREAM b'tIME' 115 7
2021-12-23 21:30:18,651 (DEBUG): b'tIME' 115 7 (unknown)
2021-12-23 21:30:18,651 (DEBUG): STREAM b'IDAT' 134 32768
2021-12-23 21:30:18,665 (DEBUG): STREAM b'IHDR' 16 13
2021-12-23 21:30:18,665 (DEBUG): STREAM b'gAMA' 41 4
2021-12-23 21:30:18,665 (DEBUG): STREAM b'cHRM' 57 32
2021-12-23 21:30:18,665 (DEBUG): STREAM b'bKGD' 101 2
2021-12-23 21:30:18,665 (DEBUG): b'bKGD' 101 2 (unknown)
2021-12-23 21:30:18,665 (DEBUG): STREAM b'tIME' 115 7
2021-12-23 21:30:18,665 (DEBUG): b'tIME' 115 7 (unknown)
2021-12-23 21:30:18,665 (DEBUG): STREAM b'IDAT' 134 32768
2021-12-23 21:30:18,679 (DEBUG): STREAM b'IHDR' 16 13
2021-12-23 21:30:18,679 (DEBUG): STREAM b'gAMA' 41 4
2021-12-23 21:30:18,679 (DEBUG): STREAM b'cHRM' 57 32
2021-12-23 21:30:18,679 (DEBUG): STREAM b'bKGD' 101 2
2021-12-23 21:30:18,679 (DEBUG): b'bKGD' 101 2 (unknown)
2021-12-23 21:30:18,679 (DEBUG): STREAM b'tIME' 115 7
2021-12-23 21:30:18,679 (DEBUG): b'tIME' 115 7 (unknown)
2021-12-23 21:30:18,679 (DEBUG): STREAM b'IDAT' 134 32768
2021-12-23 21:30:18,729 (DEBUG): STREAM b'IHDR' 16 13
2021-12-23 21:30:18,729 (DEBUG): STREAM b'gAMA' 41 4
2021-12-23 21:30:18,729 (DEBUG): STREAM b'cHRM' 57 32
2021-12-23 21:30:18,729 (DEBUG): STREAM b'bKGD' 101 2
2021-12-23 21:30:18,729 (DEBUG): b'bKGD' 101 2 (unknown)
2021-12-23 21:30:18,730 (DEBUG): STREAM b'tIME' 115 7
2021-12-23 21:30:18,730 (DEBUG): b'tIME' 115 7 (unknown)
2021-12-23 21:30:18,730 (DEBUG): STREAM b'IDAT' 134 32768
2021-12-23 21:30:18,743 (DEBUG): STREAM b'IHDR' 16 13
2021-12-23 21:30:18,743 (DEBUG): STREAM b'gAMA' 41 4
2021-12-23 21:30:18,743 (DEBUG): STREAM b'cHRM' 57 32
2021-12-23 21:30:18,744 (DEBUG): STREAM b'bKGD' 101 2
2021-12-23 21:30:18,744 (DEBUG): b'bKGD' 101 2 (unknown)
2021-12-23 21:30:18,744 (DEBUG): STREAM b'tIME' 115 7
2021-12-23 21:30:18,744 (DEBUG): b'tIME' 115 7 (unknown)
2021-12-23 21:30:18,744 (DEBUG): STREAM b'IDAT' 134 32768
2021-12-23 21:30:18,756 (DEBUG): STREAM b'IHDR' 16 13
2021-12-23 21:30:18,756 (DEBUG): STREAM b'gAMA' 41 4
2021-12-23 21:30:18,756 (DEBUG): STREAM b'cHRM' 57 32
2021-12-23 21:30:18,756 (DEBUG): STREAM b'bKGD' 101 2
2021-12-23 21:30:18,756 (DEBUG): b'bKGD' 101 2 (unknown)
2021-12-23 21:30:18,756 (DEBUG): STREAM b'tIME' 115 7
2021-12-23 21:30:18,756 (DEBUG): b'tIME' 115 7 (unknown)
2021-12-23 21:30:18,756 (DEBUG): STREAM b'IDAT' 134 32768
2021-12-23 21:30:18,770 (DEBUG): STREAM b'IHDR' 16 13
2021-12-23 21:30:18,770 (DEBUG): STREAM b'gAMA' 41 4
2021-12-23 21:30:18,770 (DEBUG): STREAM b'cHRM' 57 32
2021-12-23 21:30:18,770 (DEBUG): STREAM b'bKGD' 101 2
2021-12-23 21:30:18,770 (DEBUG): b'bKGD' 101 2 (unknown)
2021-12-23 21:30:18,770 (DEBUG): STREAM b'tIME' 115 7
2021-12-23 21:30:18,770 (DEBUG): b'tIME' 115 7 (unknown)
2021-12-23 21:30:18,770 (DEBUG): STREAM b'IDAT' 134 32768
2021-12-23 21:30:18,783 (DEBUG): STREAM b'IHDR' 16 13
2021-12-23 21:30:18,783 (DEBUG): STREAM b'gAMA' 41 4
2021-12-23 21:30:18,783 (DEBUG): STREAM b'cHRM' 57 32
2021-12-23 21:30:18,783 (DEBUG): STREAM b'bKGD' 101 2
2021-12-23 21:30:18,783 (DEBUG): b'bKGD' 101 2 (unknown)
2021-12-23 21:30:18,783 (DEBUG): STREAM b'tIME' 115 7
2021-12-23 21:30:18,783 (DEBUG): b'tIME' 115 7 (unknown)
2021-12-23 21:30:18,783 (DEBUG): STREAM b'IDAT' 134 32768
2021-12-23 21:30:18,809 (DEBUG): STREAM b'IHDR' 16 13
2021-12-23 21:30:18,809 (DEBUG): STREAM b'gAMA' 41 4
2021-12-23 21:30:18,809 (DEBUG): STREAM b'cHRM' 57 32
2021-12-23 21:30:18,809 (DEBUG): STREAM b'bKGD' 101 2
2021-12-23 21:30:18,809 (DEBUG): b'bKGD' 101 2 (unknown)
2021-12-23 21:30:18,809 (DEBUG): STREAM b'tIME' 115 7
2021-12-23 21:30:18,809 (DEBUG): b'tIME' 115 7 (unknown)
2021-12-23 21:30:18,809 (DEBUG): STREAM b'IDAT' 134 32768
2021-12-23 21:30:18,822 (DEBUG): STREAM b'IHDR' 16 13
2021-12-23 21:30:18,822 (DEBUG): STREAM b'gAMA' 41 4
2021-12-23 21:30:18,822 (DEBUG): STREAM b'cHRM' 57 32
2021-12-23 21:30:18,822 (DEBUG): STREAM b'bKGD' 101 2
2021-12-23 21:30:18,822 (DEBUG): b'bKGD' 101 2 (unknown)
2021-12-23 21:30:18,822 (DEBUG): STREAM b'tIME' 115 7
2021-12-23 21:30:18,822 (DEBUG): b'tIME' 115 7 (unknown)
2021-12-23 21:30:18,822 (DEBUG): STREAM b'IDAT' 134 32768
2021-12-23 21:30:18,862 (DEBUG): STREAM b'IHDR' 16 13
2021-12-23 21:30:18,862 (DEBUG): STREAM b'gAMA' 41 4
2021-12-23 21:30:18,862 (DEBUG): STREAM b'cHRM' 57 32
2021-12-23 21:30:18,862 (DEBUG): STREAM b'bKGD' 101 2
2021-12-23 21:30:18,862 (DEBUG): b'bKGD' 101 2 (unknown)
2021-12-23 21:30:18,862 (DEBUG): STREAM b'tIME' 115 7
2021-12-23 21:30:18,862 (DEBUG): b'tIME' 115 7 (unknown)
2021-12-23 21:30:18,862 (DEBUG): STREAM b'IDAT' 134 32768
