2021-12-25 20:02:41,740 (INFO): Log Path: D:\Source_Code\Python ++\02. updateComic\log\debug-20211225-2002.41.log
2021-12-25 20:02:43,820 (INFO): Currently Processing image
2021-12-25 20:02:43,820 (INFO): Processing Titles ...
2021-12-25 20:02:43,844 (DEBUG): Get Info from structure: (2t+=sakusei toshi elosion)
2021-12-25 20:02:43,853 (DEBUG): Get Info from structure: (a-10+=koukai tanetsuke hentai koubi 2)
2021-12-25 20:02:43,861 (DEBUG): Get Info from structure: (Abubu+=Kinjo no Onnatachi ga Nazeka Ore no Ie no Furo ni Hairi ni Kuru Ken)
2021-12-25 20:02:43,869 (DEBUG): Get Info from structure: (abubu+=npc kan mod)
2021-12-25 20:02:43,876 (DEBUG): Get Info from structure: (agobitch nee-san+=Hataraku Onee-san-tachi ~Mikonritsu no Takai Machi de Hataraku Tokoya no Onee-san ni Okuchi de Shiborareru~)
2021-12-25 20:02:43,884 (DEBUG): Get Info from structure: (Agobitch Nee-san+=Kono Machi no Dansei wa Otoko ni Ueta Josei ni Nerawareteiru!! Hataraku Onee-san-tachi Shakaijin Ichinenme)
2021-12-25 20:02:43,891 (DEBUG): Get Info from structure: (agobitch nee-san+=Seifuku Bishoujo)
2021-12-25 20:02:43,899 (DEBUG): Get Info from structure: (ahemaru+=slave the blood)
2021-12-25 20:02:43,906 (DEBUG): Get Info from structure: (amano ameno+=Jabami Yumeko Hentai Koushuu Benjo Tantsubo Nikubenki Onna)
2021-12-25 20:02:43,914 (DEBUG): Get Info from structure: (amano ameno+=Kyonyuu Onna Joushi Saimin Nikuningyou)
2021-12-25 20:02:43,921 (DEBUG): Get Info from structure: (amatake akewo+=magical girl fuck)
2021-12-25 20:02:43,930 (DEBUG): Get Info from structure: (amatake akewo+=my adoring, ill-tempered nympho love)
2021-12-25 20:02:43,937 (DEBUG): Get Info from structure: (amatake akewo+=sarasare aidol)
2021-12-25 20:02:43,945 (DEBUG): Get Info from structure: (amatake akewo+=stories)
2021-12-25 20:02:43,953 (DEBUG): Get Info from structure: (Ameyama Denshin+=Stories)
2021-12-25 20:02:43,961 (DEBUG): Get Info from structure: (Arai Kei+=Boku No Kanojo)
2021-12-25 20:02:43,968 (DEBUG): Get Info from structure: (arai kei+=Boku Wa Kanojo No Namae Mo Shiranai)
2021-12-25 20:02:43,975 (DEBUG): Get Info from structure: (arai kei+=hougan kanojo)
2021-12-25 20:02:43,983 (DEBUG): Get Info from structure: (arai kei+=Stories)
2021-12-25 20:02:43,991 (DEBUG): Get Info from structure: (arai taiki+=glory hole)
2021-12-25 20:02:43,998 (DEBUG): Get Info from structure: (arai taiki+=kago no naka no tori)
2021-12-25 20:02:44,005 (DEBUG): Get Info from structure: (Arai Taiki+=Kahanshin Daiichi Shugi)
2021-12-25 20:02:44,014 (DEBUG): Get Info from structure: (arai taiki+=ochita yume no naka de)
2021-12-25 20:02:44,021 (DEBUG): Get Info from structure: (aroma sensei+=Gwen)
2021-12-25 20:02:44,029 (DEBUG): Get Info from structure: (aroma sensei+=what's going on here)
2021-12-25 20:02:44,036 (DEBUG): Get Info from structure: (asanagi+=Stories)
2021-12-25 20:02:44,044 (DEBUG): Get Info from structure: (B.B.T.T.+=Dorei Ogre no Ningen Shakai Kengaku)
2021-12-25 20:02:44,052 (DEBUG): Get Info from structure: (b.b.t.t.+=enslaved overlord)
2021-12-25 20:02:44,059 (DEBUG): Get Info from structure: (b.b.t.t.+=takabisha elf kyousei konin!!)
2021-12-25 20:02:44,067 (DEBUG): Get Info from structure: (BeNantoka+=Stories)
2021-12-25 20:02:44,077 (DEBUG): Get Info from structure: (Bonske+=Arawareta Chijo wa Toshishita Kui no Scatolo Hentai deshita)
2021-12-25 20:02:44,084 (DEBUG): Get Info from structure: (bonske+=sono kuchi to shita de subete o uketomenasai)
2021-12-25 20:02:44,092 (DEBUG): Get Info from structure: (dam+=lina-sama goes nuts)
2021-12-25 20:02:44,100 (DEBUG): Get Info from structure: (dam+=stories)
2021-12-25 20:02:44,107 (DEBUG): Get Info from structure: (denchi+=Hajimete No Netorare Maso-ka Choukyou)
2021-12-25 20:02:44,116 (DEBUG): Get Info from structure: (denchi+=Stories)
2021-12-25 20:02:44,123 (DEBUG): Get Info from structure: (Dokurosan+=Stories)
2021-12-25 20:02:44,132 (DEBUG): Get Info from structure: (doujin mukashibanashi+=Stories)
2021-12-25 20:02:44,140 (DEBUG): Get Info from structure: (Enokido+=Stories)
2021-12-25 20:02:44,163 (DEBUG): Get Info from structure: (etuzan jakusui+=Stories)
2021-12-25 20:02:44,176 (DEBUG): Get Info from structure: (freehand tamashii+=aorare tsuma)
2021-12-25 20:02:44,187 (DEBUG): Get Info from structure: (freehand tamashii+=Incha No Oi Ga Yaritai Oba-san)
2021-12-25 20:02:44,198 (DEBUG): Get Info from structure: (freehand tamashii+=Isourou Saki No Obasan Ni Hameru!)
2021-12-25 20:02:44,209 (DEBUG): Get Info from structure: (freehand tamashii+=Stories)
2021-12-25 20:02:44,220 (DEBUG): Get Info from structure: (freehand tamashii+=Toiu Wake De, Kaa-san-tachi To Yattemita)
2021-12-25 20:02:44,232 (DEBUG): Get Info from structure: (freehand tamasshii+=Shin Mama O Netoruze!)
2021-12-25 20:02:44,245 (DEBUG): Get Info from structure: (gonza+=av mama)
2021-12-25 20:02:44,256 (DEBUG): Get Info from structure: (gonza+=matching appli)
2021-12-25 20:02:44,266 (DEBUG): Get Info from structure: (Gonza+=Mayonaka No Haha)
2021-12-25 20:02:44,274 (DEBUG): Get Info from structure: (gonza+=my three horny moms)
2021-12-25 20:02:44,282 (DEBUG): Get Info from structure: (gonza+=Nonfiction ~boshi Soukan No Kioku~)
2021-12-25 20:02:44,291 (DEBUG): Get Info from structure: (gonza+=stories)
2021-12-25 20:02:44,301 (DEBUG): Get Info from structure: (gorgonzola+=stories)
2021-12-25 20:02:44,310 (DEBUG): Get Info from structure: (henkuma+=fall! sticky education!)
2021-12-25 20:02:44,319 (DEBUG): Get Info from structure: (henkuma+=Stories)
2021-12-25 20:02:44,329 (DEBUG): Get Info from structure: (henriku+=rin no inran funtouki)
2021-12-25 20:02:44,337 (DEBUG): Get Info from structure: (hyji+=Kinjo Yuuwaku Mama Hen)
2021-12-25 20:02:44,347 (DEBUG): Get Info from structure: (hyji+=Stories)
2021-12-25 20:02:44,356 (DEBUG): Get Info from structure: (igumox+=muramata-san no himitsu)
2021-12-25 20:02:44,364 (DEBUG): Get Info from structure: (igumox+=stories)
2021-12-25 20:02:44,372 (DEBUG): Get Info from structure: (inoue nanaki+=Stories)
2021-12-25 20:02:44,380 (DEBUG): Get Info from structure: (jabcomix+=Americunt Dragon)
2021-12-25 20:02:44,388 (DEBUG): Get Info from structure: (jabcomix+=fucking possible)
2021-12-25 20:02:44,396 (DEBUG): Get Info from structure: (jabcomix+=keeping it up with the joneses)
2021-12-25 20:02:44,404 (DEBUG): Get Info from structure: (jabcomix+=shorts)
2021-12-25 20:02:44,411 (DEBUG): Get Info from structure: (jabcomix+=thorny thursday)
2021-12-25 20:02:44,419 (DEBUG): Get Info from structure: (jairou+=Gakuen Rankou)
2021-12-25 20:02:44,426 (DEBUG): Get Info from structure: (Jairou+=Inran Shounen Nazo no Bitch Shota to Ossan no Monogatari)
2021-12-25 20:02:44,435 (DEBUG): Get Info from structure: (jairou+=seikyouiku wa rankou de)
2021-12-25 20:02:44,442 (DEBUG): Get Info from structure: (Jairou+=Shinjin Kyoushi Fujiwara-san no Ayashii Kyouin Nikki)
2021-12-25 20:02:44,451 (DEBUG): Get Info from structure: (Jairou+=Soto de Shiyou! Futari no Himitsu)
2021-12-25 20:02:44,458 (DEBUG): Get Info from structure: (jinsuke+=boku no oba-san no amaama natsuyasumi)
2021-12-25 20:02:44,468 (DEBUG): Get Info from structure: (jinsuke+=Kaasan wa boku no ningyou)
2021-12-25 20:02:44,474 (DEBUG): Get Info from structure: (jinsuke+=mesu kachou jogeza)
2021-12-25 20:02:44,485 (DEBUG): Get Info from structure: (jinsuke+=mesu kyoushi)
2021-12-25 20:02:44,492 (DEBUG): Get Info from structure: (jinsuke+=stories)
2021-12-25 20:02:44,500 (DEBUG): Get Info from structure: (jyura+=sailor moon (30))
2021-12-25 20:02:44,507 (DEBUG): Get Info from structure: (jyura+=Stories)
2021-12-25 20:02:44,516 (DEBUG): Get Info from structure: (laliberte+=Reverse)
2021-12-25 20:02:44,524 (DEBUG): Get Info from structure: (laliberte+=stories)
2021-12-25 20:02:44,533 (DEBUG): Get Info from structure: (mizone+=Ajin Iryou Sougou Center e Youkoso!)
2021-12-25 20:02:44,540 (DEBUG): Get Info from structure: (mizone+=Jikyuu 1500 yen!! Gyogyou o Tetsudau Kantan na Oshigoto desu)
2021-12-25 20:02:44,548 (DEBUG): Get Info from structure: (mizone+=Kindan no Shohousen)
2021-12-25 20:02:44,555 (DEBUG): Get Info from structure: (mizone+=monster romance)
2021-12-25 20:02:44,570 (DEBUG): Get Info from structure: (mizone+=monster smash)
2021-12-25 20:02:44,577 (DEBUG): Get Info from structure: (mizone+=Otherworldly Maidens Series)
2021-12-25 20:02:44,585 (DEBUG): Get Info from structure: (mizone+=stories)
2021-12-25 20:02:44,594 (DEBUG): Get Info from structure: (mizone+=Zasshoku Yuusha)
2021-12-25 20:02:44,601 (DEBUG): Get Info from structure: (sakamata nerimono+=HYPNO BLINK)
2021-12-25 20:02:44,610 (DEBUG): Get Info from structure: (Takatsu+=Chotto Bijin de Mune ga Dekakute Eroi dake no Baka Nee)
2021-12-25 20:02:44,618 (DEBUG): Get Info from structure: (Tsusauto+=Jichikai no Hitozuma wa Totemo Ecchi deshita)
2021-12-25 20:02:44,624 (DEBUG): Get Info from structure: (type 90+=Stories)
2021-12-25 20:02:44,633 (DEBUG): Get Info from structure: (Yamamoto Zenzen+=S-ken K-shi Shakaijin Joshi Volleyball Circle no Jijou)
2021-12-25 20:02:44,637 (DEBUG): Get Info from structure: (yatsuki hiyori+=Kuroi-san wa Chou Kashikoi)
2021-12-25 20:02:44,645 (INFO): Processing Chapters / Episodes ...
2021-12-25 20:02:44,670 (INFO): Processing Chapters & Pages ... 
2021-12-25 20:02:58,533 (DEBUG): STREAM b'IHDR' 16 13
2021-12-25 20:02:58,556 (DEBUG): STREAM b'sRGB' 41 1
2021-12-25 20:02:58,556 (DEBUG): STREAM b'gAMA' 54 4
2021-12-25 20:02:58,556 (DEBUG): STREAM b'pHYs' 70 9
2021-12-25 20:02:58,556 (DEBUG): STREAM b'IDAT' 91 12101
2021-12-25 20:03:40,823 (DEBUG): STREAM b'IHDR' 16 13
2021-12-25 20:03:40,823 (DEBUG): STREAM b'pHYs' 41 9
2021-12-25 20:03:40,823 (DEBUG): STREAM b'IDAT' 62 2660175
2021-12-25 20:03:40,838 (DEBUG): STREAM b'IHDR' 16 13
2021-12-25 20:03:40,838 (DEBUG): STREAM b'pHYs' 41 9
2021-12-25 20:03:40,838 (DEBUG): STREAM b'IDAT' 62 801908
2021-12-25 20:03:40,853 (DEBUG): STREAM b'IHDR' 16 13
2021-12-25 20:03:40,853 (DEBUG): STREAM b'pHYs' 41 9
2021-12-25 20:03:40,854 (DEBUG): STREAM b'IDAT' 62 824674
2021-12-25 20:03:40,868 (DEBUG): STREAM b'IHDR' 16 13
2021-12-25 20:03:40,868 (DEBUG): STREAM b'pHYs' 41 9
2021-12-25 20:03:40,868 (DEBUG): STREAM b'IDAT' 62 901865
2021-12-25 20:03:40,882 (DEBUG): STREAM b'IHDR' 16 13
2021-12-25 20:03:40,882 (DEBUG): STREAM b'pHYs' 41 9
2021-12-25 20:03:40,882 (DEBUG): STREAM b'IDAT' 62 934129
2021-12-25 20:03:40,896 (DEBUG): STREAM b'IHDR' 16 13
2021-12-25 20:03:40,896 (DEBUG): STREAM b'pHYs' 41 9
2021-12-25 20:03:40,896 (DEBUG): STREAM b'IDAT' 62 971700
2021-12-25 20:03:40,912 (DEBUG): STREAM b'IHDR' 16 13
2021-12-25 20:03:40,912 (DEBUG): STREAM b'pHYs' 41 9
2021-12-25 20:03:40,912 (DEBUG): STREAM b'IDAT' 62 826561
2021-12-25 20:03:40,926 (DEBUG): STREAM b'IHDR' 16 13
2021-12-25 20:03:40,926 (DEBUG): STREAM b'pHYs' 41 9
2021-12-25 20:03:40,926 (DEBUG): STREAM b'IDAT' 62 971792
2021-12-25 20:03:40,940 (DEBUG): STREAM b'IHDR' 16 13
2021-12-25 20:03:40,940 (DEBUG): STREAM b'pHYs' 41 9
2021-12-25 20:03:40,940 (DEBUG): STREAM b'IDAT' 62 1078535
2021-12-25 20:03:40,954 (DEBUG): STREAM b'IHDR' 16 13
2021-12-25 20:03:40,954 (DEBUG): STREAM b'pHYs' 41 9
2021-12-25 20:03:40,954 (DEBUG): STREAM b'IDAT' 62 1052138
2021-12-25 20:03:40,968 (DEBUG): STREAM b'IHDR' 16 13
2021-12-25 20:03:40,968 (DEBUG): STREAM b'pHYs' 41 9
2021-12-25 20:03:40,968 (DEBUG): STREAM b'IDAT' 62 982620
2021-12-25 20:03:40,983 (DEBUG): STREAM b'IHDR' 16 13
2021-12-25 20:03:40,983 (DEBUG): STREAM b'pHYs' 41 9
2021-12-25 20:03:40,983 (DEBUG): STREAM b'IDAT' 62 2936762
2021-12-25 20:03:40,998 (DEBUG): STREAM b'IHDR' 16 13
2021-12-25 20:03:40,998 (DEBUG): STREAM b'pHYs' 41 9
2021-12-25 20:03:40,998 (DEBUG): STREAM b'IDAT' 62 1101632
2021-12-25 20:03:41,012 (DEBUG): STREAM b'IHDR' 16 13
2021-12-25 20:03:41,012 (DEBUG): STREAM b'pHYs' 41 9
2021-12-25 20:03:41,012 (DEBUG): STREAM b'IDAT' 62 1007000
2021-12-25 20:03:41,025 (DEBUG): STREAM b'IHDR' 16 13
2021-12-25 20:03:41,026 (DEBUG): STREAM b'pHYs' 41 9
2021-12-25 20:03:41,026 (DEBUG): STREAM b'IDAT' 62 1075502
2021-12-25 20:03:41,041 (DEBUG): STREAM b'IHDR' 16 13
2021-12-25 20:03:41,041 (DEBUG): STREAM b'pHYs' 41 9
2021-12-25 20:03:41,041 (DEBUG): STREAM b'IDAT' 62 823858
2021-12-25 20:03:41,055 (DEBUG): STREAM b'IHDR' 16 13
2021-12-25 20:03:41,055 (DEBUG): STREAM b'pHYs' 41 9
2021-12-25 20:03:41,055 (DEBUG): STREAM b'IDAT' 62 760861
2021-12-25 20:03:41,069 (DEBUG): STREAM b'IHDR' 16 13
2021-12-25 20:03:41,069 (DEBUG): STREAM b'pHYs' 41 9
2021-12-25 20:03:41,069 (DEBUG): STREAM b'IDAT' 62 2660135
2021-12-25 20:03:41,084 (DEBUG): STREAM b'IHDR' 16 13
2021-12-25 20:03:41,084 (DEBUG): STREAM b'pHYs' 41 9
2021-12-25 20:03:41,084 (DEBUG): STREAM b'IDAT' 62 2891242
2021-12-25 20:03:41,099 (DEBUG): STREAM b'IHDR' 16 13
2021-12-25 20:03:41,099 (DEBUG): STREAM b'pHYs' 41 9
2021-12-25 20:03:41,099 (DEBUG): STREAM b'IDAT' 62 734863
2021-12-25 20:03:41,114 (DEBUG): STREAM b'IHDR' 16 13
2021-12-25 20:03:41,114 (DEBUG): STREAM b'pHYs' 41 9
2021-12-25 20:03:41,114 (DEBUG): STREAM b'IDAT' 62 736018
2021-12-25 20:03:41,127 (DEBUG): STREAM b'IHDR' 16 13
2021-12-25 20:03:41,127 (DEBUG): STREAM b'pHYs' 41 9
2021-12-25 20:03:41,127 (DEBUG): STREAM b'IDAT' 62 724527
2021-12-25 20:03:41,142 (DEBUG): STREAM b'IHDR' 16 13
2021-12-25 20:03:41,142 (DEBUG): STREAM b'pHYs' 41 9
2021-12-25 20:03:41,142 (DEBUG): STREAM b'IDAT' 62 813802
2021-12-25 20:03:41,157 (DEBUG): STREAM b'IHDR' 16 13
2021-12-25 20:03:41,157 (DEBUG): STREAM b'pHYs' 41 9
2021-12-25 20:03:41,157 (DEBUG): STREAM b'IDAT' 62 698966
2021-12-25 20:03:41,178 (DEBUG): STREAM b'IHDR' 16 13
2021-12-25 20:03:41,178 (DEBUG): STREAM b'pHYs' 41 9
2021-12-25 20:03:41,178 (DEBUG): STREAM b'PLTE' 62 72
2021-12-25 20:03:41,179 (DEBUG): STREAM b'IDAT' 146 852816
2021-12-25 20:03:41,193 (DEBUG): STREAM b'IHDR' 16 13
2021-12-25 20:03:41,193 (DEBUG): STREAM b'pHYs' 41 9
2021-12-25 20:03:41,193 (DEBUG): STREAM b'IDAT' 62 913846
2021-12-25 20:03:41,208 (DEBUG): STREAM b'IHDR' 16 13
2021-12-25 20:03:41,208 (DEBUG): STREAM b'pHYs' 41 9
2021-12-25 20:03:41,208 (DEBUG): STREAM b'IDAT' 62 845730
2021-12-25 20:03:41,225 (DEBUG): STREAM b'IHDR' 16 13
2021-12-25 20:03:41,225 (DEBUG): STREAM b'pHYs' 41 9
2021-12-25 20:03:41,225 (DEBUG): STREAM b'IDAT' 62 788567
2021-12-25 20:03:41,241 (DEBUG): STREAM b'IHDR' 16 13
2021-12-25 20:03:41,241 (DEBUG): STREAM b'pHYs' 41 9
2021-12-25 20:03:41,241 (DEBUG): STREAM b'IDAT' 62 845295
2021-12-25 20:03:41,254 (DEBUG): STREAM b'IHDR' 16 13
2021-12-25 20:03:41,254 (DEBUG): STREAM b'pHYs' 41 9
2021-12-25 20:03:41,255 (DEBUG): STREAM b'IDAT' 62 909634
2021-12-25 20:03:41,268 (DEBUG): STREAM b'IHDR' 16 13
2021-12-25 20:03:41,268 (DEBUG): STREAM b'pHYs' 41 9
2021-12-25 20:03:41,268 (DEBUG): STREAM b'IDAT' 62 923823
2021-12-25 20:03:41,283 (DEBUG): STREAM b'IHDR' 16 13
2021-12-25 20:03:41,283 (DEBUG): STREAM b'pHYs' 41 9
2021-12-25 20:03:41,283 (DEBUG): STREAM b'IDAT' 62 997414
2021-12-25 20:03:41,298 (DEBUG): STREAM b'IHDR' 16 13
2021-12-25 20:03:41,298 (DEBUG): STREAM b'pHYs' 41 9
2021-12-25 20:03:41,298 (DEBUG): STREAM b'IDAT' 62 885221
2021-12-25 20:03:41,313 (DEBUG): STREAM b'IHDR' 16 13
2021-12-25 20:03:41,313 (DEBUG): STREAM b'pHYs' 41 9
2021-12-25 20:03:41,313 (DEBUG): STREAM b'IDAT' 62 967679
2021-12-25 20:03:41,327 (DEBUG): STREAM b'IHDR' 16 13
2021-12-25 20:03:41,327 (DEBUG): STREAM b'pHYs' 41 9
2021-12-25 20:03:41,327 (DEBUG): STREAM b'IDAT' 62 963029
2021-12-25 20:03:41,342 (DEBUG): STREAM b'IHDR' 16 13
2021-12-25 20:03:41,342 (DEBUG): STREAM b'pHYs' 41 9
2021-12-25 20:03:41,342 (DEBUG): STREAM b'PLTE' 62 72
2021-12-25 20:03:41,342 (DEBUG): STREAM b'IDAT' 146 823567
2021-12-25 20:03:41,357 (DEBUG): STREAM b'IHDR' 16 13
2021-12-25 20:03:41,357 (DEBUG): STREAM b'pHYs' 41 9
2021-12-25 20:03:41,357 (DEBUG): STREAM b'IDAT' 62 906999
2021-12-25 20:03:41,371 (DEBUG): STREAM b'IHDR' 16 13
2021-12-25 20:03:41,371 (DEBUG): STREAM b'pHYs' 41 9
2021-12-25 20:03:41,371 (DEBUG): STREAM b'IDAT' 62 953446
2021-12-25 20:03:41,387 (DEBUG): STREAM b'IHDR' 16 13
2021-12-25 20:03:41,387 (DEBUG): STREAM b'pHYs' 41 9
2021-12-25 20:03:41,387 (DEBUG): STREAM b'IDAT' 62 665578
2021-12-25 20:03:41,401 (DEBUG): STREAM b'IHDR' 16 13
2021-12-25 20:03:41,401 (DEBUG): STREAM b'pHYs' 41 9
2021-12-25 20:03:41,401 (DEBUG): STREAM b'IDAT' 62 736228
2021-12-25 20:03:41,416 (DEBUG): STREAM b'IHDR' 16 13
2021-12-25 20:03:41,416 (DEBUG): STREAM b'pHYs' 41 9
2021-12-25 20:03:41,416 (DEBUG): STREAM b'IDAT' 62 749745
2021-12-25 20:03:41,431 (DEBUG): STREAM b'IHDR' 16 13
2021-12-25 20:03:41,431 (DEBUG): STREAM b'pHYs' 41 9
2021-12-25 20:03:41,431 (DEBUG): STREAM b'IDAT' 62 920423
2021-12-25 20:03:41,446 (DEBUG): STREAM b'IHDR' 16 13
2021-12-25 20:03:41,446 (DEBUG): STREAM b'pHYs' 41 9
2021-12-25 20:03:41,446 (DEBUG): STREAM b'IDAT' 62 690196
2021-12-25 20:03:41,462 (DEBUG): STREAM b'IHDR' 16 13
2021-12-25 20:03:41,462 (DEBUG): STREAM b'pHYs' 41 9
2021-12-25 20:03:41,462 (DEBUG): STREAM b'IDAT' 62 814104
2021-12-25 20:03:41,476 (DEBUG): STREAM b'IHDR' 16 13
2021-12-25 20:03:41,476 (DEBUG): STREAM b'pHYs' 41 9
2021-12-25 20:03:41,476 (DEBUG): STREAM b'IDAT' 62 915315
2021-12-25 20:03:41,492 (DEBUG): STREAM b'IHDR' 16 13
2021-12-25 20:03:41,492 (DEBUG): STREAM b'pHYs' 41 9
2021-12-25 20:03:41,492 (DEBUG): STREAM b'IDAT' 62 898503
2021-12-25 20:03:41,516 (DEBUG): STREAM b'IHDR' 16 13
2021-12-25 20:03:41,516 (DEBUG): STREAM b'pHYs' 41 9
2021-12-25 20:03:41,516 (DEBUG): STREAM b'IDAT' 62 2670403
2021-12-25 20:03:41,531 (DEBUG): STREAM b'IHDR' 16 13
2021-12-25 20:03:41,531 (DEBUG): STREAM b'pHYs' 41 9
2021-12-25 20:03:41,531 (DEBUG): STREAM b'IDAT' 62 1852326
2021-12-25 20:03:41,548 (DEBUG): STREAM b'IHDR' 16 13
2021-12-25 20:03:41,548 (DEBUG): STREAM b'pHYs' 41 9
2021-12-25 20:03:41,548 (DEBUG): STREAM b'IDAT' 62 1816875
2021-12-25 20:03:41,562 (DEBUG): STREAM b'IHDR' 16 13
2021-12-25 20:03:41,562 (DEBUG): STREAM b'pHYs' 41 9
2021-12-25 20:03:41,562 (DEBUG): STREAM b'IDAT' 62 1813056
2021-12-25 20:03:41,577 (DEBUG): STREAM b'IHDR' 16 13
2021-12-25 20:03:41,577 (DEBUG): STREAM b'pHYs' 41 9
2021-12-25 20:03:41,577 (DEBUG): STREAM b'IDAT' 62 1796956
2021-12-25 20:03:41,592 (DEBUG): STREAM b'IHDR' 16 13
2021-12-25 20:03:41,592 (DEBUG): STREAM b'pHYs' 41 9
2021-12-25 20:03:41,592 (DEBUG): STREAM b'IDAT' 62 1659987
2021-12-25 20:03:41,606 (DEBUG): STREAM b'IHDR' 16 13
2021-12-25 20:03:41,606 (DEBUG): STREAM b'pHYs' 41 9
2021-12-25 20:03:41,606 (DEBUG): STREAM b'IDAT' 62 1859895
2021-12-25 20:03:41,621 (DEBUG): STREAM b'IHDR' 16 13
2021-12-25 20:03:41,621 (DEBUG): STREAM b'pHYs' 41 9
2021-12-25 20:03:41,621 (DEBUG): STREAM b'IDAT' 62 1631116
2021-12-25 20:03:41,635 (DEBUG): STREAM b'IHDR' 16 13
2021-12-25 20:03:41,635 (DEBUG): STREAM b'pHYs' 41 9
2021-12-25 20:03:41,635 (DEBUG): STREAM b'IDAT' 62 1686701
2021-12-25 20:03:41,649 (DEBUG): STREAM b'IHDR' 16 13
2021-12-25 20:03:41,649 (DEBUG): STREAM b'pHYs' 41 9
2021-12-25 20:03:41,649 (DEBUG): STREAM b'IDAT' 62 1772130
2021-12-25 20:03:41,664 (DEBUG): STREAM b'IHDR' 16 13
2021-12-25 20:03:41,664 (DEBUG): STREAM b'pHYs' 41 9
2021-12-25 20:03:41,664 (DEBUG): STREAM b'IDAT' 62 1935697
2021-12-25 20:03:41,678 (DEBUG): STREAM b'IHDR' 16 13
2021-12-25 20:03:41,678 (DEBUG): STREAM b'pHYs' 41 9
2021-12-25 20:03:41,679 (DEBUG): STREAM b'IDAT' 62 1498569
2021-12-25 20:03:41,692 (DEBUG): STREAM b'IHDR' 16 13
2021-12-25 20:03:41,692 (DEBUG): STREAM b'pHYs' 41 9
2021-12-25 20:03:41,692 (DEBUG): STREAM b'IDAT' 62 1934689
2021-12-25 20:03:41,707 (DEBUG): STREAM b'IHDR' 16 13
2021-12-25 20:03:41,707 (DEBUG): STREAM b'pHYs' 41 9
2021-12-25 20:03:41,707 (DEBUG): STREAM b'IDAT' 62 614837
2021-12-25 20:03:41,720 (DEBUG): STREAM b'IHDR' 16 13
2021-12-25 20:03:41,720 (DEBUG): STREAM b'pHYs' 41 9
2021-12-25 20:03:41,720 (DEBUG): STREAM b'IDAT' 62 593199
2021-12-25 20:03:41,733 (DEBUG): STREAM b'IHDR' 16 13
2021-12-25 20:03:41,733 (DEBUG): STREAM b'pHYs' 41 9
2021-12-25 20:03:41,734 (DEBUG): STREAM b'IDAT' 62 707019
2021-12-25 20:03:41,749 (DEBUG): STREAM b'IHDR' 16 13
2021-12-25 20:03:41,749 (DEBUG): STREAM b'pHYs' 41 9
2021-12-25 20:03:41,749 (DEBUG): STREAM b'IDAT' 62 837194
2021-12-25 20:03:41,763 (DEBUG): STREAM b'IHDR' 16 13
2021-12-25 20:03:41,764 (DEBUG): STREAM b'pHYs' 41 9
2021-12-25 20:03:41,764 (DEBUG): STREAM b'IDAT' 62 612733
2021-12-25 20:03:41,778 (DEBUG): STREAM b'IHDR' 16 13
2021-12-25 20:03:41,778 (DEBUG): STREAM b'pHYs' 41 9
2021-12-25 20:03:41,778 (DEBUG): STREAM b'IDAT' 62 1595115
2021-12-25 20:03:41,793 (DEBUG): STREAM b'IHDR' 16 13
2021-12-25 20:03:41,793 (DEBUG): STREAM b'pHYs' 41 9
2021-12-25 20:03:41,793 (DEBUG): STREAM b'IDAT' 62 1950281
2021-12-25 20:03:41,807 (DEBUG): STREAM b'IHDR' 16 13
2021-12-25 20:03:41,807 (DEBUG): STREAM b'pHYs' 41 9
2021-12-25 20:03:41,808 (DEBUG): STREAM b'IDAT' 62 1498675
2021-12-25 20:03:41,829 (DEBUG): STREAM b'IHDR' 16 13
2021-12-25 20:03:41,829 (DEBUG): STREAM b'pHYs' 41 9
2021-12-25 20:03:41,829 (DEBUG): STREAM b'IDAT' 62 754377
2021-12-25 20:03:41,842 (DEBUG): STREAM b'IHDR' 16 13
2021-12-25 20:03:41,842 (DEBUG): STREAM b'pHYs' 41 9
2021-12-25 20:03:41,842 (DEBUG): STREAM b'IDAT' 62 829423
2021-12-25 20:03:41,857 (DEBUG): STREAM b'IHDR' 16 13
2021-12-25 20:03:41,857 (DEBUG): STREAM b'pHYs' 41 9
2021-12-25 20:03:41,857 (DEBUG): STREAM b'IDAT' 62 773806
2021-12-25 20:03:41,872 (DEBUG): STREAM b'IHDR' 16 13
2021-12-25 20:03:41,872 (DEBUG): STREAM b'pHYs' 41 9
2021-12-25 20:03:41,872 (DEBUG): STREAM b'IDAT' 62 806610
2021-12-25 20:03:41,887 (DEBUG): STREAM b'IHDR' 16 13
2021-12-25 20:03:41,887 (DEBUG): STREAM b'pHYs' 41 9
2021-12-25 20:03:41,887 (DEBUG): STREAM b'IDAT' 62 870088
2021-12-25 20:03:41,902 (DEBUG): STREAM b'IHDR' 16 13
2021-12-25 20:03:41,902 (DEBUG): STREAM b'pHYs' 41 9
2021-12-25 20:03:41,902 (DEBUG): STREAM b'IDAT' 62 928546
2021-12-25 20:03:41,916 (DEBUG): STREAM b'IHDR' 16 13
2021-12-25 20:03:41,917 (DEBUG): STREAM b'pHYs' 41 9
2021-12-25 20:03:41,917 (DEBUG): STREAM b'IDAT' 62 958717
2021-12-25 20:03:41,931 (DEBUG): STREAM b'IHDR' 16 13
2021-12-25 20:03:41,931 (DEBUG): STREAM b'pHYs' 41 9
2021-12-25 20:03:41,931 (DEBUG): STREAM b'IDAT' 62 895684
2021-12-25 20:03:41,948 (DEBUG): STREAM b'IHDR' 16 13
2021-12-25 20:03:41,948 (DEBUG): STREAM b'pHYs' 41 9
2021-12-25 20:03:41,948 (DEBUG): STREAM b'IDAT' 62 922609
2021-12-25 20:03:41,962 (DEBUG): STREAM b'IHDR' 16 13
2021-12-25 20:03:41,962 (DEBUG): STREAM b'pHYs' 41 9
2021-12-25 20:03:41,962 (DEBUG): STREAM b'IDAT' 62 911720
2021-12-25 20:03:41,977 (DEBUG): STREAM b'IHDR' 16 13
2021-12-25 20:03:41,977 (DEBUG): STREAM b'pHYs' 41 9
2021-12-25 20:03:41,977 (DEBUG): STREAM b'IDAT' 62 912546
2021-12-25 20:03:41,994 (DEBUG): STREAM b'IHDR' 16 13
2021-12-25 20:03:41,994 (DEBUG): STREAM b'pHYs' 41 9
2021-12-25 20:03:41,994 (DEBUG): STREAM b'IDAT' 62 666694
2021-12-25 20:03:42,016 (DEBUG): STREAM b'IHDR' 16 13
2021-12-25 20:03:42,016 (DEBUG): STREAM b'pHYs' 41 9
2021-12-25 20:03:42,016 (DEBUG): STREAM b'IDAT' 62 959690
2021-12-25 20:03:42,045 (DEBUG): STREAM b'IHDR' 16 13
2021-12-25 20:03:42,047 (DEBUG): STREAM b'pHYs' 41 9
2021-12-25 20:03:42,047 (DEBUG): STREAM b'IDAT' 62 907991
2021-12-25 20:03:42,070 (DEBUG): STREAM b'IHDR' 16 13
2021-12-25 20:03:42,070 (DEBUG): STREAM b'pHYs' 41 9
2021-12-25 20:03:42,070 (DEBUG): STREAM b'IDAT' 62 1056972
2021-12-25 20:03:42,090 (DEBUG): STREAM b'IHDR' 16 13
2021-12-25 20:03:42,090 (DEBUG): STREAM b'pHYs' 41 9
2021-12-25 20:03:42,090 (DEBUG): STREAM b'IDAT' 62 990360
2021-12-25 20:03:42,108 (DEBUG): STREAM b'IHDR' 16 13
2021-12-25 20:03:42,108 (DEBUG): STREAM b'pHYs' 41 9
2021-12-25 20:03:42,108 (DEBUG): STREAM b'IDAT' 62 906444
2021-12-25 20:03:42,130 (DEBUG): STREAM b'IHDR' 16 13
2021-12-25 20:03:42,130 (DEBUG): STREAM b'pHYs' 41 9
2021-12-25 20:03:42,130 (DEBUG): STREAM b'IDAT' 62 711853
2021-12-25 20:03:42,146 (DEBUG): STREAM b'IHDR' 16 13
2021-12-25 20:03:42,146 (DEBUG): STREAM b'pHYs' 41 9
2021-12-25 20:03:42,146 (DEBUG): STREAM b'IDAT' 62 808639
2021-12-25 20:03:42,160 (DEBUG): STREAM b'IHDR' 16 13
2021-12-25 20:03:42,160 (DEBUG): STREAM b'pHYs' 41 9
2021-12-25 20:03:42,160 (DEBUG): STREAM b'IDAT' 62 849389
2021-12-25 20:03:42,175 (DEBUG): STREAM b'IHDR' 16 13
2021-12-25 20:03:42,175 (DEBUG): STREAM b'pHYs' 41 9
2021-12-25 20:03:42,176 (DEBUG): STREAM b'IDAT' 62 848549
2021-12-25 20:03:42,190 (DEBUG): STREAM b'IHDR' 16 13
2021-12-25 20:03:42,190 (DEBUG): STREAM b'pHYs' 41 9
2021-12-25 20:03:42,190 (DEBUG): STREAM b'IDAT' 62 927954
2021-12-25 20:03:42,205 (DEBUG): STREAM b'IHDR' 16 13
2021-12-25 20:03:42,205 (DEBUG): STREAM b'pHYs' 41 9
2021-12-25 20:03:42,205 (DEBUG): STREAM b'IDAT' 62 1021235
2021-12-25 20:03:42,219 (DEBUG): STREAM b'IHDR' 16 13
2021-12-25 20:03:42,219 (DEBUG): STREAM b'pHYs' 41 9
2021-12-25 20:03:42,219 (DEBUG): STREAM b'IDAT' 62 895121
2021-12-25 20:03:42,241 (DEBUG): STREAM b'IHDR' 16 13
2021-12-25 20:03:42,241 (DEBUG): STREAM b'pHYs' 41 9
2021-12-25 20:03:42,241 (DEBUG): STREAM b'IDAT' 62 2411204
2021-12-25 20:03:42,256 (DEBUG): STREAM b'IHDR' 16 13
2021-12-25 20:03:42,256 (DEBUG): STREAM b'pHYs' 41 9
2021-12-25 20:03:42,256 (DEBUG): STREAM b'IDAT' 62 726973
2021-12-25 20:03:42,271 (DEBUG): STREAM b'IHDR' 16 13
2021-12-25 20:03:42,271 (DEBUG): STREAM b'pHYs' 41 9
2021-12-25 20:03:42,271 (DEBUG): STREAM b'IDAT' 62 856684
2021-12-25 20:03:42,285 (DEBUG): STREAM b'IHDR' 16 13
2021-12-25 20:03:42,285 (DEBUG): STREAM b'pHYs' 41 9
2021-12-25 20:03:42,285 (DEBUG): STREAM b'IDAT' 62 697727
2021-12-25 20:03:42,301 (DEBUG): STREAM b'IHDR' 16 13
2021-12-25 20:03:42,301 (DEBUG): STREAM b'pHYs' 41 9
2021-12-25 20:03:42,301 (DEBUG): STREAM b'IDAT' 62 916229
2021-12-25 20:03:42,315 (DEBUG): STREAM b'IHDR' 16 13
2021-12-25 20:03:42,315 (DEBUG): STREAM b'pHYs' 41 9
2021-12-25 20:03:42,315 (DEBUG): STREAM b'IDAT' 62 857058
2021-12-25 20:03:42,332 (DEBUG): STREAM b'IHDR' 16 13
2021-12-25 20:03:42,332 (DEBUG): STREAM b'pHYs' 41 9
2021-12-25 20:03:42,332 (DEBUG): STREAM b'IDAT' 62 880756
2021-12-25 20:03:42,347 (DEBUG): STREAM b'IHDR' 16 13
2021-12-25 20:03:42,347 (DEBUG): STREAM b'pHYs' 41 9
2021-12-25 20:03:42,347 (DEBUG): STREAM b'IDAT' 62 959105
2021-12-25 20:03:42,360 (DEBUG): STREAM b'IHDR' 16 13
2021-12-25 20:03:42,360 (DEBUG): STREAM b'pHYs' 41 9
2021-12-25 20:03:42,360 (DEBUG): STREAM b'IDAT' 62 1893232
2021-12-25 20:03:42,375 (DEBUG): STREAM b'IHDR' 16 13
2021-12-25 20:03:42,375 (DEBUG): STREAM b'pHYs' 41 9
2021-12-25 20:03:42,375 (DEBUG): STREAM b'IDAT' 62 573509
2021-12-25 20:03:42,390 (DEBUG): STREAM b'IHDR' 16 13
2021-12-25 20:03:42,390 (DEBUG): STREAM b'pHYs' 41 9
2021-12-25 20:03:42,390 (DEBUG): STREAM b'IDAT' 62 667806
2021-12-25 20:03:42,404 (DEBUG): STREAM b'IHDR' 16 13
2021-12-25 20:03:42,404 (DEBUG): STREAM b'pHYs' 41 9
2021-12-25 20:03:42,404 (DEBUG): STREAM b'IDAT' 62 633599
2021-12-25 20:03:42,417 (DEBUG): STREAM b'IHDR' 16 13
2021-12-25 20:03:42,417 (DEBUG): STREAM b'pHYs' 41 9
2021-12-25 20:03:42,417 (DEBUG): STREAM b'IDAT' 62 815316
2021-12-25 20:03:42,431 (DEBUG): STREAM b'IHDR' 16 13
2021-12-25 20:03:42,431 (DEBUG): STREAM b'pHYs' 41 9
2021-12-25 20:03:42,431 (DEBUG): STREAM b'IDAT' 62 657617
2021-12-25 20:03:42,446 (DEBUG): STREAM b'IHDR' 16 13
2021-12-25 20:03:42,446 (DEBUG): STREAM b'pHYs' 41 9
2021-12-25 20:03:42,446 (DEBUG): STREAM b'IDAT' 62 769977
2021-12-25 20:03:42,460 (DEBUG): STREAM b'IHDR' 16 13
2021-12-25 20:03:42,460 (DEBUG): STREAM b'pHYs' 41 9
2021-12-25 20:03:42,460 (DEBUG): STREAM b'IDAT' 62 914219
2021-12-25 20:03:42,475 (DEBUG): STREAM b'IHDR' 16 13
2021-12-25 20:03:42,475 (DEBUG): STREAM b'pHYs' 41 9
2021-12-25 20:03:42,475 (DEBUG): STREAM b'IDAT' 62 805539
2021-12-25 20:03:42,489 (DEBUG): STREAM b'IHDR' 16 13
2021-12-25 20:03:42,489 (DEBUG): STREAM b'pHYs' 41 9
2021-12-25 20:03:42,489 (DEBUG): STREAM b'IDAT' 62 809140
2021-12-25 20:03:42,510 (DEBUG): STREAM b'IHDR' 16 13
2021-12-25 20:03:42,510 (DEBUG): STREAM b'pHYs' 41 9
2021-12-25 20:03:42,510 (DEBUG): STREAM b'PLTE' 62 60
2021-12-25 20:03:42,510 (DEBUG): STREAM b'IDAT' 134 680851
2021-12-25 20:03:42,611 (DEBUG): STREAM b'IHDR' 16 13
2021-12-25 20:03:42,611 (DEBUG): STREAM b'pHYs' 41 9
2021-12-25 20:03:42,612 (DEBUG): STREAM b'PLTE' 62 60
2021-12-25 20:03:42,612 (DEBUG): STREAM b'IDAT' 134 782826
2021-12-25 20:03:42,627 (DEBUG): STREAM b'IHDR' 16 13
2021-12-25 20:03:42,627 (DEBUG): STREAM b'pHYs' 41 9
2021-12-25 20:03:42,627 (DEBUG): STREAM b'IDAT' 62 789732
2021-12-25 20:03:42,642 (DEBUG): STREAM b'IHDR' 16 13
2021-12-25 20:03:42,643 (DEBUG): STREAM b'pHYs' 41 9
2021-12-25 20:03:42,643 (DEBUG): STREAM b'IDAT' 62 788761
2021-12-25 20:03:54,940 (DEBUG): STREAM b'IHDR' 16 13
2021-12-25 20:03:54,940 (DEBUG): STREAM b'tEXt' 41 25
2021-12-25 20:03:54,940 (DEBUG): STREAM b'iTXt' 78 888
2021-12-25 20:03:54,940 (DEBUG): STREAM b'PLTE' 978 96
2021-12-25 20:03:54,940 (DEBUG): STREAM b'IDAT' 1086 62731
2021-12-25 20:05:09,732 (DEBUG): STREAM b'IHDR' 16 13
2021-12-25 20:05:09,732 (DEBUG): STREAM b'IDAT' 41 1947762
2021-12-25 20:05:09,904 (DEBUG): STREAM b'IHDR' 16 13
2021-12-25 20:05:09,904 (DEBUG): STREAM b'IDAT' 41 2309479
2021-12-25 20:05:09,963 (DEBUG): STREAM b'IHDR' 16 13
2021-12-25 20:05:09,963 (DEBUG): STREAM b'IDAT' 41 2381591
2021-12-25 20:05:16,150 (DEBUG): STREAM b'IHDR' 16 13
2021-12-25 20:05:16,150 (DEBUG): STREAM b'gAMA' 41 4
2021-12-25 20:05:16,150 (DEBUG): STREAM b'sRGB' 57 1
2021-12-25 20:05:16,150 (DEBUG): STREAM b'PLTE' 70 696
2021-12-25 20:05:16,150 (DEBUG): STREAM b'IDAT' 778 8192
2021-12-25 20:05:16,181 (DEBUG): STREAM b'IHDR' 16 13
2021-12-25 20:05:16,181 (DEBUG): STREAM b'gAMA' 41 4
2021-12-25 20:05:16,181 (DEBUG): STREAM b'sRGB' 57 1
2021-12-25 20:05:16,181 (DEBUG): STREAM b'PLTE' 70 696
2021-12-25 20:05:16,181 (DEBUG): STREAM b'IDAT' 778 8192
2021-12-25 20:05:16,656 (DEBUG): STREAM b'IHDR' 16 13
2021-12-25 20:05:16,657 (DEBUG): STREAM b'gAMA' 41 4
2021-12-25 20:05:16,657 (DEBUG): STREAM b'sRGB' 57 1
2021-12-25 20:05:16,657 (DEBUG): STREAM b'PLTE' 70 696
2021-12-25 20:05:16,657 (DEBUG): STREAM b'IDAT' 778 8192
2021-12-25 20:05:16,747 (DEBUG): STREAM b'IHDR' 16 13
2021-12-25 20:05:16,747 (DEBUG): STREAM b'gAMA' 41 4
2021-12-25 20:05:16,747 (DEBUG): STREAM b'sRGB' 57 1
2021-12-25 20:05:16,747 (DEBUG): STREAM b'PLTE' 70 690
2021-12-25 20:05:16,747 (DEBUG): STREAM b'IDAT' 772 8192
2021-12-25 20:06:09,322 (DEBUG): STREAM b'IHDR' 16 13
2021-12-25 20:06:09,322 (DEBUG): STREAM b'gAMA' 41 4
2021-12-25 20:06:09,322 (DEBUG): STREAM b'cHRM' 57 32
2021-12-25 20:06:09,322 (DEBUG): STREAM b'bKGD' 101 2
2021-12-25 20:06:09,322 (DEBUG): b'bKGD' 101 2 (unknown)
2021-12-25 20:06:09,322 (DEBUG): STREAM b'tIME' 115 7
2021-12-25 20:06:09,322 (DEBUG): b'tIME' 115 7 (unknown)
2021-12-25 20:06:09,322 (DEBUG): STREAM b'IDAT' 134 32768
2021-12-25 20:06:09,340 (DEBUG): STREAM b'IHDR' 16 13
2021-12-25 20:06:09,340 (DEBUG): STREAM b'gAMA' 41 4
2021-12-25 20:06:09,340 (DEBUG): STREAM b'cHRM' 57 32
2021-12-25 20:06:09,340 (DEBUG): STREAM b'bKGD' 101 2
2021-12-25 20:06:09,340 (DEBUG): b'bKGD' 101 2 (unknown)
2021-12-25 20:06:09,340 (DEBUG): STREAM b'tIME' 115 7
2021-12-25 20:06:09,340 (DEBUG): b'tIME' 115 7 (unknown)
2021-12-25 20:06:09,340 (DEBUG): STREAM b'IDAT' 134 32768
2021-12-25 20:06:09,358 (DEBUG): STREAM b'IHDR' 16 13
2021-12-25 20:06:09,358 (DEBUG): STREAM b'gAMA' 41 4
2021-12-25 20:06:09,358 (DEBUG): STREAM b'cHRM' 57 32
2021-12-25 20:06:09,358 (DEBUG): STREAM b'bKGD' 101 2
2021-12-25 20:06:09,358 (DEBUG): b'bKGD' 101 2 (unknown)
2021-12-25 20:06:09,358 (DEBUG): STREAM b'tIME' 115 7
2021-12-25 20:06:09,358 (DEBUG): b'tIME' 115 7 (unknown)
2021-12-25 20:06:09,358 (DEBUG): STREAM b'IDAT' 134 32768
2021-12-25 20:06:09,376 (DEBUG): STREAM b'IHDR' 16 13
2021-12-25 20:06:09,376 (DEBUG): STREAM b'gAMA' 41 4
2021-12-25 20:06:09,376 (DEBUG): STREAM b'cHRM' 57 32
2021-12-25 20:06:09,376 (DEBUG): STREAM b'bKGD' 101 2
2021-12-25 20:06:09,377 (DEBUG): b'bKGD' 101 2 (unknown)
2021-12-25 20:06:09,377 (DEBUG): STREAM b'tIME' 115 7
2021-12-25 20:06:09,377 (DEBUG): b'tIME' 115 7 (unknown)
2021-12-25 20:06:09,377 (DEBUG): STREAM b'IDAT' 134 32768
2021-12-25 20:06:09,394 (DEBUG): STREAM b'IHDR' 16 13
2021-12-25 20:06:09,394 (DEBUG): STREAM b'gAMA' 41 4
2021-12-25 20:06:09,394 (DEBUG): STREAM b'cHRM' 57 32
2021-12-25 20:06:09,394 (DEBUG): STREAM b'bKGD' 101 2
2021-12-25 20:06:09,394 (DEBUG): b'bKGD' 101 2 (unknown)
2021-12-25 20:06:09,394 (DEBUG): STREAM b'tIME' 115 7
2021-12-25 20:06:09,394 (DEBUG): b'tIME' 115 7 (unknown)
2021-12-25 20:06:09,417 (DEBUG): STREAM b'IDAT' 134 32768
2021-12-25 20:06:09,435 (DEBUG): STREAM b'IHDR' 16 13
2021-12-25 20:06:09,435 (DEBUG): STREAM b'gAMA' 41 4
2021-12-25 20:06:09,435 (DEBUG): STREAM b'cHRM' 57 32
2021-12-25 20:06:09,435 (DEBUG): STREAM b'bKGD' 101 2
2021-12-25 20:06:09,435 (DEBUG): b'bKGD' 101 2 (unknown)
2021-12-25 20:06:09,435 (DEBUG): STREAM b'tIME' 115 7
2021-12-25 20:06:09,435 (DEBUG): b'tIME' 115 7 (unknown)
2021-12-25 20:06:09,435 (DEBUG): STREAM b'IDAT' 134 32768
2021-12-25 20:06:09,453 (DEBUG): STREAM b'IHDR' 16 13
2021-12-25 20:06:09,453 (DEBUG): STREAM b'gAMA' 41 4
2021-12-25 20:06:09,453 (DEBUG): STREAM b'cHRM' 57 32
2021-12-25 20:06:09,453 (DEBUG): STREAM b'bKGD' 101 2
2021-12-25 20:06:09,453 (DEBUG): b'bKGD' 101 2 (unknown)
2021-12-25 20:06:09,453 (DEBUG): STREAM b'tIME' 115 7
2021-12-25 20:06:09,453 (DEBUG): b'tIME' 115 7 (unknown)
2021-12-25 20:06:09,453 (DEBUG): STREAM b'IDAT' 134 32768
2021-12-25 20:06:09,471 (DEBUG): STREAM b'IHDR' 16 13
2021-12-25 20:06:09,471 (DEBUG): STREAM b'gAMA' 41 4
2021-12-25 20:06:09,471 (DEBUG): STREAM b'cHRM' 57 32
2021-12-25 20:06:09,471 (DEBUG): STREAM b'bKGD' 101 2
2021-12-25 20:06:09,471 (DEBUG): b'bKGD' 101 2 (unknown)
2021-12-25 20:06:09,471 (DEBUG): STREAM b'tIME' 115 7
2021-12-25 20:06:09,471 (DEBUG): b'tIME' 115 7 (unknown)
2021-12-25 20:06:09,471 (DEBUG): STREAM b'IDAT' 134 32768
2021-12-25 20:06:09,488 (DEBUG): STREAM b'IHDR' 16 13
2021-12-25 20:06:09,488 (DEBUG): STREAM b'gAMA' 41 4
2021-12-25 20:06:09,488 (DEBUG): STREAM b'cHRM' 57 32
2021-12-25 20:06:09,488 (DEBUG): STREAM b'bKGD' 101 2
2021-12-25 20:06:09,488 (DEBUG): b'bKGD' 101 2 (unknown)
2021-12-25 20:06:09,488 (DEBUG): STREAM b'tIME' 115 7
2021-12-25 20:06:09,488 (DEBUG): b'tIME' 115 7 (unknown)
2021-12-25 20:06:09,488 (DEBUG): STREAM b'IDAT' 134 32768
2021-12-25 20:06:09,506 (DEBUG): STREAM b'IHDR' 16 13
2021-12-25 20:06:09,506 (DEBUG): STREAM b'gAMA' 41 4
2021-12-25 20:06:09,506 (DEBUG): STREAM b'cHRM' 57 32
2021-12-25 20:06:09,506 (DEBUG): STREAM b'bKGD' 101 2
2021-12-25 20:06:09,506 (DEBUG): b'bKGD' 101 2 (unknown)
2021-12-25 20:06:09,506 (DEBUG): STREAM b'tIME' 115 7
2021-12-25 20:06:09,506 (DEBUG): b'tIME' 115 7 (unknown)
2021-12-25 20:06:09,506 (DEBUG): STREAM b'IDAT' 134 32768
2021-12-25 20:06:09,521 (DEBUG): STREAM b'IHDR' 16 13
2021-12-25 20:06:09,521 (DEBUG): STREAM b'gAMA' 41 4
2021-12-25 20:06:09,521 (DEBUG): STREAM b'cHRM' 57 32
2021-12-25 20:06:09,521 (DEBUG): STREAM b'bKGD' 101 2
2021-12-25 20:06:09,521 (DEBUG): b'bKGD' 101 2 (unknown)
2021-12-25 20:06:09,521 (DEBUG): STREAM b'tIME' 115 7
2021-12-25 20:06:09,521 (DEBUG): b'tIME' 115 7 (unknown)
2021-12-25 20:06:09,521 (DEBUG): STREAM b'IDAT' 134 32768
2021-12-25 20:06:09,536 (DEBUG): STREAM b'IHDR' 16 13
2021-12-25 20:06:09,536 (DEBUG): STREAM b'gAMA' 41 4
2021-12-25 20:06:09,536 (DEBUG): STREAM b'cHRM' 57 32
2021-12-25 20:06:09,536 (DEBUG): STREAM b'bKGD' 101 2
2021-12-25 20:06:09,536 (DEBUG): b'bKGD' 101 2 (unknown)
2021-12-25 20:06:09,536 (DEBUG): STREAM b'tIME' 115 7
2021-12-25 20:06:09,536 (DEBUG): b'tIME' 115 7 (unknown)
2021-12-25 20:06:09,536 (DEBUG): STREAM b'IDAT' 134 32768
2021-12-25 20:06:09,551 (DEBUG): STREAM b'IHDR' 16 13
2021-12-25 20:06:09,551 (DEBUG): STREAM b'gAMA' 41 4
2021-12-25 20:06:09,551 (DEBUG): STREAM b'cHRM' 57 32
2021-12-25 20:06:09,551 (DEBUG): STREAM b'bKGD' 101 2
2021-12-25 20:06:09,551 (DEBUG): b'bKGD' 101 2 (unknown)
2021-12-25 20:06:09,551 (DEBUG): STREAM b'tIME' 115 7
2021-12-25 20:06:09,551 (DEBUG): b'tIME' 115 7 (unknown)
2021-12-25 20:06:09,551 (DEBUG): STREAM b'IDAT' 134 32768
2021-12-25 20:06:09,566 (DEBUG): STREAM b'IHDR' 16 13
2021-12-25 20:06:09,566 (DEBUG): STREAM b'gAMA' 41 4
2021-12-25 20:06:09,566 (DEBUG): STREAM b'cHRM' 57 32
2021-12-25 20:06:09,566 (DEBUG): STREAM b'bKGD' 101 2
2021-12-25 20:06:09,566 (DEBUG): b'bKGD' 101 2 (unknown)
2021-12-25 20:06:09,566 (DEBUG): STREAM b'tIME' 115 7
2021-12-25 20:06:09,566 (DEBUG): b'tIME' 115 7 (unknown)
2021-12-25 20:06:09,566 (DEBUG): STREAM b'IDAT' 134 32768
2021-12-25 20:06:09,582 (DEBUG): STREAM b'IHDR' 16 13
2021-12-25 20:06:09,582 (DEBUG): STREAM b'gAMA' 41 4
2021-12-25 20:06:09,582 (DEBUG): STREAM b'cHRM' 57 32
2021-12-25 20:06:09,582 (DEBUG): STREAM b'bKGD' 101 2
2021-12-25 20:06:09,582 (DEBUG): b'bKGD' 101 2 (unknown)
2021-12-25 20:06:09,582 (DEBUG): STREAM b'tIME' 115 7
2021-12-25 20:06:09,582 (DEBUG): b'tIME' 115 7 (unknown)
2021-12-25 20:06:09,582 (DEBUG): STREAM b'IDAT' 134 32768
2021-12-25 20:06:09,597 (DEBUG): STREAM b'IHDR' 16 13
2021-12-25 20:06:09,598 (DEBUG): STREAM b'gAMA' 41 4
2021-12-25 20:06:09,598 (DEBUG): STREAM b'cHRM' 57 32
2021-12-25 20:06:09,598 (DEBUG): STREAM b'bKGD' 101 2
2021-12-25 20:06:09,598 (DEBUG): b'bKGD' 101 2 (unknown)
2021-12-25 20:06:09,598 (DEBUG): STREAM b'tIME' 115 7
2021-12-25 20:06:09,598 (DEBUG): b'tIME' 115 7 (unknown)
2021-12-25 20:06:09,598 (DEBUG): STREAM b'IDAT' 134 32768
2021-12-25 20:06:09,635 (DEBUG): STREAM b'IHDR' 16 13
2021-12-25 20:06:09,635 (DEBUG): STREAM b'gAMA' 41 4
2021-12-25 20:06:09,635 (DEBUG): STREAM b'cHRM' 57 32
2021-12-25 20:06:09,635 (DEBUG): STREAM b'bKGD' 101 2
2021-12-25 20:06:09,635 (DEBUG): b'bKGD' 101 2 (unknown)
2021-12-25 20:06:09,635 (DEBUG): STREAM b'tIME' 115 7
2021-12-25 20:06:09,635 (DEBUG): b'tIME' 115 7 (unknown)
2021-12-25 20:06:09,635 (DEBUG): STREAM b'IDAT' 134 32768
2021-12-25 20:06:09,649 (DEBUG): STREAM b'IHDR' 16 13
2021-12-25 20:06:09,649 (DEBUG): STREAM b'gAMA' 41 4
2021-12-25 20:06:09,650 (DEBUG): STREAM b'cHRM' 57 32
2021-12-25 20:06:09,650 (DEBUG): STREAM b'bKGD' 101 2
2021-12-25 20:06:09,650 (DEBUG): b'bKGD' 101 2 (unknown)
2021-12-25 20:06:09,650 (DEBUG): STREAM b'tIME' 115 7
2021-12-25 20:06:09,650 (DEBUG): b'tIME' 115 7 (unknown)
2021-12-25 20:06:09,650 (DEBUG): STREAM b'IDAT' 134 32768
2021-12-25 20:06:09,667 (DEBUG): STREAM b'IHDR' 16 13
2021-12-25 20:06:09,667 (DEBUG): STREAM b'gAMA' 41 4
2021-12-25 20:06:09,667 (DEBUG): STREAM b'cHRM' 57 32
2021-12-25 20:06:09,667 (DEBUG): STREAM b'bKGD' 101 2
2021-12-25 20:06:09,667 (DEBUG): b'bKGD' 101 2 (unknown)
2021-12-25 20:06:09,667 (DEBUG): STREAM b'tIME' 115 7
2021-12-25 20:06:09,667 (DEBUG): b'tIME' 115 7 (unknown)
2021-12-25 20:06:09,667 (DEBUG): STREAM b'IDAT' 134 32768
2021-12-25 20:06:09,681 (DEBUG): STREAM b'IHDR' 16 13
2021-12-25 20:06:09,681 (DEBUG): STREAM b'gAMA' 41 4
2021-12-25 20:06:09,681 (DEBUG): STREAM b'cHRM' 57 32
2021-12-25 20:06:09,681 (DEBUG): STREAM b'bKGD' 101 2
2021-12-25 20:06:09,681 (DEBUG): b'bKGD' 101 2 (unknown)
2021-12-25 20:06:09,681 (DEBUG): STREAM b'tIME' 115 7
2021-12-25 20:06:09,681 (DEBUG): b'tIME' 115 7 (unknown)
2021-12-25 20:06:09,681 (DEBUG): STREAM b'IDAT' 134 32768
2021-12-25 20:06:09,739 (DEBUG): STREAM b'IHDR' 16 13
2021-12-25 20:06:09,739 (DEBUG): STREAM b'gAMA' 41 4
2021-12-25 20:06:09,739 (DEBUG): STREAM b'cHRM' 57 32
2021-12-25 20:06:09,739 (DEBUG): STREAM b'bKGD' 101 2
2021-12-25 20:06:09,739 (DEBUG): b'bKGD' 101 2 (unknown)
2021-12-25 20:06:09,739 (DEBUG): STREAM b'tIME' 115 7
2021-12-25 20:06:09,739 (DEBUG): b'tIME' 115 7 (unknown)
2021-12-25 20:06:09,739 (DEBUG): STREAM b'IDAT' 134 32768
2021-12-25 20:06:09,754 (DEBUG): STREAM b'IHDR' 16 13
2021-12-25 20:06:09,754 (DEBUG): STREAM b'gAMA' 41 4
2021-12-25 20:06:09,754 (DEBUG): STREAM b'cHRM' 57 32
2021-12-25 20:06:09,754 (DEBUG): STREAM b'bKGD' 101 2
2021-12-25 20:06:09,754 (DEBUG): b'bKGD' 101 2 (unknown)
2021-12-25 20:06:09,754 (DEBUG): STREAM b'tIME' 115 7
2021-12-25 20:06:09,754 (DEBUG): b'tIME' 115 7 (unknown)
2021-12-25 20:06:09,754 (DEBUG): STREAM b'IDAT' 134 32768
2021-12-25 20:06:09,769 (DEBUG): STREAM b'IHDR' 16 13
2021-12-25 20:06:09,769 (DEBUG): STREAM b'gAMA' 41 4
2021-12-25 20:06:09,769 (DEBUG): STREAM b'cHRM' 57 32
2021-12-25 20:06:09,769 (DEBUG): STREAM b'bKGD' 101 2
2021-12-25 20:06:09,769 (DEBUG): b'bKGD' 101 2 (unknown)
2021-12-25 20:06:09,769 (DEBUG): STREAM b'tIME' 115 7
2021-12-25 20:06:09,769 (DEBUG): b'tIME' 115 7 (unknown)
2021-12-25 20:06:09,769 (DEBUG): STREAM b'IDAT' 134 32768
2021-12-25 20:06:09,784 (DEBUG): STREAM b'IHDR' 16 13
2021-12-25 20:06:09,784 (DEBUG): STREAM b'gAMA' 41 4
2021-12-25 20:06:09,784 (DEBUG): STREAM b'cHRM' 57 32
2021-12-25 20:06:09,784 (DEBUG): STREAM b'bKGD' 101 2
2021-12-25 20:06:09,784 (DEBUG): b'bKGD' 101 2 (unknown)
2021-12-25 20:06:09,784 (DEBUG): STREAM b'tIME' 115 7
2021-12-25 20:06:09,784 (DEBUG): b'tIME' 115 7 (unknown)
2021-12-25 20:06:09,784 (DEBUG): STREAM b'IDAT' 134 32768
2021-12-25 20:06:09,798 (DEBUG): STREAM b'IHDR' 16 13
2021-12-25 20:06:09,798 (DEBUG): STREAM b'gAMA' 41 4
2021-12-25 20:06:09,798 (DEBUG): STREAM b'cHRM' 57 32
2021-12-25 20:06:09,798 (DEBUG): STREAM b'bKGD' 101 2
2021-12-25 20:06:09,798 (DEBUG): b'bKGD' 101 2 (unknown)
2021-12-25 20:06:09,798 (DEBUG): STREAM b'tIME' 115 7
2021-12-25 20:06:09,798 (DEBUG): b'tIME' 115 7 (unknown)
2021-12-25 20:06:09,798 (DEBUG): STREAM b'IDAT' 134 32768
2021-12-25 20:06:09,826 (DEBUG): STREAM b'IHDR' 16 13
2021-12-25 20:06:09,826 (DEBUG): STREAM b'gAMA' 41 4
2021-12-25 20:06:09,826 (DEBUG): STREAM b'cHRM' 57 32
2021-12-25 20:06:09,826 (DEBUG): STREAM b'bKGD' 101 2
2021-12-25 20:06:09,826 (DEBUG): b'bKGD' 101 2 (unknown)
2021-12-25 20:06:09,826 (DEBUG): STREAM b'tIME' 115 7
2021-12-25 20:06:09,826 (DEBUG): b'tIME' 115 7 (unknown)
2021-12-25 20:06:09,826 (DEBUG): STREAM b'IDAT' 134 32768
2021-12-25 20:06:09,841 (DEBUG): STREAM b'IHDR' 16 13
2021-12-25 20:06:09,841 (DEBUG): STREAM b'gAMA' 41 4
2021-12-25 20:06:09,841 (DEBUG): STREAM b'cHRM' 57 32
2021-12-25 20:06:09,841 (DEBUG): STREAM b'bKGD' 101 2
2021-12-25 20:06:09,841 (DEBUG): b'bKGD' 101 2 (unknown)
2021-12-25 20:06:09,841 (DEBUG): STREAM b'tIME' 115 7
2021-12-25 20:06:09,841 (DEBUG): b'tIME' 115 7 (unknown)
2021-12-25 20:06:09,841 (DEBUG): STREAM b'IDAT' 134 32768
2021-12-25 20:06:09,884 (DEBUG): STREAM b'IHDR' 16 13
2021-12-25 20:06:09,884 (DEBUG): STREAM b'gAMA' 41 4
2021-12-25 20:06:09,884 (DEBUG): STREAM b'cHRM' 57 32
2021-12-25 20:06:09,884 (DEBUG): STREAM b'bKGD' 101 2
2021-12-25 20:06:09,884 (DEBUG): b'bKGD' 101 2 (unknown)
2021-12-25 20:06:09,884 (DEBUG): STREAM b'tIME' 115 7
2021-12-25 20:06:09,884 (DEBUG): b'tIME' 115 7 (unknown)
2021-12-25 20:06:09,884 (DEBUG): STREAM b'IDAT' 134 32768
2021-12-25 20:06:16,100 (DEBUG): STREAM b'IHDR' 16 13
2021-12-25 20:06:16,100 (DEBUG): STREAM b'zTXt' 41 15156
2021-12-25 20:06:16,116 (DEBUG): STREAM b'iCCP' 15209 293
2021-12-25 20:06:16,116 (DEBUG): iCCP profile name b'ICC profile'
2021-12-25 20:06:16,116 (DEBUG): Compression method 0
2021-12-25 20:06:16,116 (DEBUG): STREAM b'pHYs' 15514 9
2021-12-25 20:06:16,116 (DEBUG): STREAM b'tIME' 15535 7
2021-12-25 20:06:16,116 (DEBUG): b'tIME' 15535 7 (unknown)
2021-12-25 20:06:16,116 (DEBUG): STREAM b'IDAT' 15554 8192
2021-12-25 20:06:16,175 (DEBUG): STREAM b'IHDR' 16 13
2021-12-25 20:06:16,175 (DEBUG): STREAM b'zTXt' 41 15935
2021-12-25 20:06:16,175 (DEBUG): STREAM b'iCCP' 15988 293
2021-12-25 20:06:16,175 (DEBUG): iCCP profile name b'ICC profile'
2021-12-25 20:06:16,175 (DEBUG): Compression method 0
2021-12-25 20:06:16,175 (DEBUG): STREAM b'pHYs' 16293 9
2021-12-25 20:06:16,175 (DEBUG): STREAM b'tIME' 16314 7
2021-12-25 20:06:16,175 (DEBUG): b'tIME' 16314 7 (unknown)
2021-12-25 20:06:16,175 (DEBUG): STREAM b'IDAT' 16333 8192
2021-12-25 20:06:16,220 (DEBUG): STREAM b'IHDR' 16 13
2021-12-25 20:06:16,220 (DEBUG): STREAM b'zTXt' 41 15726
2021-12-25 20:06:16,221 (DEBUG): STREAM b'iCCP' 15779 293
2021-12-25 20:06:16,221 (DEBUG): iCCP profile name b'ICC profile'
2021-12-25 20:06:16,221 (DEBUG): Compression method 0
2021-12-25 20:06:16,221 (DEBUG): STREAM b'pHYs' 16084 9
2021-12-25 20:06:16,221 (DEBUG): STREAM b'tIME' 16105 7
2021-12-25 20:06:16,221 (DEBUG): b'tIME' 16105 7 (unknown)
2021-12-25 20:06:16,221 (DEBUG): STREAM b'IDAT' 16124 8192
2021-12-25 20:06:18,252 (DEBUG): STREAM b'IHDR' 16 13
2021-12-25 20:06:18,252 (DEBUG): STREAM b'pHYs' 41 9
2021-12-25 20:06:18,252 (DEBUG): STREAM b'cHRM' 62 32
2021-12-25 20:06:18,252 (DEBUG): STREAM b'IDAT' 106 755383
2021-12-25 20:06:18,266 (DEBUG): STREAM b'IHDR' 16 13
2021-12-25 20:06:18,266 (DEBUG): STREAM b'pHYs' 41 9
2021-12-25 20:06:18,266 (DEBUG): STREAM b'iCCP' 62 792
2021-12-25 20:06:18,266 (DEBUG): iCCP profile name b'Photoshop ICC profile'
2021-12-25 20:06:18,266 (DEBUG): Compression method 0
2021-12-25 20:06:18,266 (DEBUG): STREAM b'cHRM' 866 32
2021-12-25 20:06:18,266 (DEBUG): STREAM b'IDAT' 910 710502
2021-12-25 20:06:18,296 (DEBUG): STREAM b'IHDR' 16 13
2021-12-25 20:06:18,296 (DEBUG): STREAM b'pHYs' 41 9
2021-12-25 20:06:18,296 (DEBUG): STREAM b'cHRM' 62 32
2021-12-25 20:06:18,296 (DEBUG): STREAM b'IDAT' 106 757189
2021-12-25 20:06:19,158 (DEBUG): STREAM b'IHDR' 16 13
2021-12-25 20:06:19,158 (DEBUG): STREAM b'pHYs' 41 9
2021-12-25 20:06:19,158 (DEBUG): STREAM b'iTXt' 62 4439
2021-12-25 20:06:19,158 (DEBUG): STREAM b'IDAT' 4513 708656
2021-12-25 20:06:19,172 (DEBUG): STREAM b'IHDR' 16 13
2021-12-25 20:06:19,172 (DEBUG): STREAM b'pHYs' 41 9
2021-12-25 20:06:19,172 (DEBUG): STREAM b'iTXt' 62 3538
2021-12-25 20:06:19,172 (DEBUG): STREAM b'IDAT' 3612 676511
2021-12-25 20:06:19,218 (DEBUG): STREAM b'IHDR' 16 13
2021-12-25 20:06:19,218 (DEBUG): STREAM b'pHYs' 41 9
2021-12-25 20:06:19,218 (DEBUG): STREAM b'iTXt' 62 4599
2021-12-25 20:06:19,218 (DEBUG): STREAM b'IDAT' 4673 752087
2021-12-25 20:06:19,232 (DEBUG): STREAM b'IHDR' 16 13
2021-12-25 20:06:19,232 (DEBUG): STREAM b'pHYs' 41 9
2021-12-25 20:06:19,232 (DEBUG): STREAM b'iTXt' 62 4324
2021-12-25 20:06:19,232 (DEBUG): STREAM b'IDAT' 4398 710527
2021-12-25 20:06:19,247 (DEBUG): STREAM b'IHDR' 16 13
2021-12-25 20:06:19,247 (DEBUG): STREAM b'pHYs' 41 9
2021-12-25 20:06:19,247 (DEBUG): STREAM b'iTXt' 62 4323
2021-12-25 20:06:19,247 (DEBUG): STREAM b'IDAT' 4397 734518
2021-12-25 20:06:19,307 (DEBUG): STREAM b'IHDR' 16 13
2021-12-25 20:06:19,307 (DEBUG): STREAM b'pHYs' 41 9
2021-12-25 20:06:19,307 (DEBUG): STREAM b'iTXt' 62 4056
2021-12-25 20:06:19,307 (DEBUG): STREAM b'IDAT' 4130 672829
2021-12-25 20:06:19,411 (DEBUG): STREAM b'IHDR' 16 13
2021-12-25 20:06:19,411 (DEBUG): STREAM b'pHYs' 41 9
2021-12-25 20:06:19,411 (DEBUG): STREAM b'iTXt' 62 4633
2021-12-25 20:06:19,411 (DEBUG): STREAM b'IDAT' 4707 729149
2021-12-25 20:06:19,425 (DEBUG): STREAM b'IHDR' 16 13
2021-12-25 20:06:19,425 (DEBUG): STREAM b'pHYs' 41 9
2021-12-25 20:06:19,425 (DEBUG): STREAM b'iTXt' 62 4675
2021-12-25 20:06:19,425 (DEBUG): STREAM b'IDAT' 4749 735969
2021-12-25 20:06:19,476 (DEBUG): STREAM b'IHDR' 16 13
2021-12-25 20:06:19,476 (DEBUG): STREAM b'pHYs' 41 9
2021-12-25 20:06:19,476 (DEBUG): STREAM b'iTXt' 62 4363
2021-12-25 20:06:19,476 (DEBUG): STREAM b'IDAT' 4437 627090
2021-12-25 20:06:19,506 (DEBUG): STREAM b'IHDR' 16 13
2021-12-25 20:06:19,506 (DEBUG): STREAM b'pHYs' 41 9
2021-12-25 20:06:19,506 (DEBUG): STREAM b'iTXt' 62 3725
2021-12-25 20:06:19,506 (DEBUG): STREAM b'IDAT' 3799 645196
2021-12-25 20:06:19,520 (DEBUG): STREAM b'IHDR' 16 13
2021-12-25 20:06:19,520 (DEBUG): STREAM b'pHYs' 41 9
2021-12-25 20:06:19,520 (DEBUG): STREAM b'iTXt' 62 3788
2021-12-25 20:06:19,520 (DEBUG): STREAM b'IDAT' 3862 642138
2021-12-25 20:06:19,535 (DEBUG): STREAM b'IHDR' 16 13
2021-12-25 20:06:19,535 (DEBUG): STREAM b'pHYs' 41 9
2021-12-25 20:06:19,535 (DEBUG): STREAM b'iTXt' 62 3835
2021-12-25 20:06:19,535 (DEBUG): STREAM b'IDAT' 3909 662320
2021-12-25 20:06:19,550 (DEBUG): STREAM b'IHDR' 16 13
2021-12-25 20:06:19,550 (DEBUG): STREAM b'pHYs' 41 9
2021-12-25 20:06:19,550 (DEBUG): STREAM b'iTXt' 62 4199
2021-12-25 20:06:19,550 (DEBUG): STREAM b'IDAT' 4273 631624
2021-12-25 20:06:19,580 (DEBUG): STREAM b'IHDR' 16 13
2021-12-25 20:06:19,580 (DEBUG): STREAM b'pHYs' 41 9
2021-12-25 20:06:19,580 (DEBUG): STREAM b'iTXt' 62 3755
2021-12-25 20:06:19,580 (DEBUG): STREAM b'IDAT' 3829 592414
2021-12-25 20:06:19,595 (DEBUG): STREAM b'IHDR' 16 13
2021-12-25 20:06:19,595 (DEBUG): STREAM b'pHYs' 41 9
2021-12-25 20:06:19,595 (DEBUG): STREAM b'iTXt' 62 3739
2021-12-25 20:06:19,595 (DEBUG): STREAM b'IDAT' 3813 647178
2021-12-25 20:06:19,610 (DEBUG): STREAM b'IHDR' 16 13
2021-12-25 20:06:19,610 (DEBUG): STREAM b'pHYs' 41 9
2021-12-25 20:06:19,610 (DEBUG): STREAM b'iTXt' 62 4260
2021-12-25 20:06:19,610 (DEBUG): STREAM b'IDAT' 4334 570482
2021-12-25 20:06:19,624 (DEBUG): STREAM b'IHDR' 16 13
2021-12-25 20:06:19,624 (DEBUG): STREAM b'pHYs' 41 9
2021-12-25 20:06:19,624 (DEBUG): STREAM b'iTXt' 62 4024
2021-12-25 20:06:19,624 (DEBUG): STREAM b'IDAT' 4098 629853
2021-12-25 20:06:19,639 (DEBUG): STREAM b'IHDR' 16 13
2021-12-25 20:06:19,639 (DEBUG): STREAM b'pHYs' 41 9
2021-12-25 20:06:19,639 (DEBUG): STREAM b'iTXt' 62 3830
2021-12-25 20:06:19,639 (DEBUG): STREAM b'IDAT' 3904 612057
2021-12-25 20:06:19,655 (DEBUG): STREAM b'IHDR' 16 13
2021-12-25 20:06:19,655 (DEBUG): STREAM b'pHYs' 41 9
2021-12-25 20:06:19,655 (DEBUG): STREAM b'iTXt' 62 3994
2021-12-25 20:06:19,655 (DEBUG): STREAM b'IDAT' 4068 662024
2021-12-25 20:06:19,670 (DEBUG): STREAM b'IHDR' 16 13
2021-12-25 20:06:19,670 (DEBUG): STREAM b'pHYs' 41 9
2021-12-25 20:06:19,670 (DEBUG): STREAM b'iTXt' 62 3693
2021-12-25 20:06:19,670 (DEBUG): STREAM b'IDAT' 3767 650538
2021-12-25 20:06:19,684 (DEBUG): STREAM b'IHDR' 16 13
2021-12-25 20:06:19,684 (DEBUG): STREAM b'pHYs' 41 9
2021-12-25 20:06:19,684 (DEBUG): STREAM b'iTXt' 62 3649
2021-12-25 20:06:19,684 (DEBUG): STREAM b'IDAT' 3723 635079
2021-12-25 20:06:19,714 (DEBUG): STREAM b'IHDR' 16 13
2021-12-25 20:06:19,714 (DEBUG): STREAM b'pHYs' 41 9
2021-12-25 20:06:19,714 (DEBUG): STREAM b'iTXt' 62 3361
2021-12-25 20:06:19,714 (DEBUG): STREAM b'IDAT' 3435 654711
2021-12-25 20:06:19,729 (DEBUG): STREAM b'IHDR' 16 13
2021-12-25 20:06:19,729 (DEBUG): STREAM b'pHYs' 41 9
2021-12-25 20:06:19,729 (DEBUG): STREAM b'iTXt' 62 4077
2021-12-25 20:06:19,729 (DEBUG): STREAM b'IDAT' 4151 601527
2021-12-25 20:06:19,743 (DEBUG): STREAM b'IHDR' 16 13
2021-12-25 20:06:19,743 (DEBUG): STREAM b'pHYs' 41 9
2021-12-25 20:06:19,743 (DEBUG): STREAM b'iTXt' 62 3924
2021-12-25 20:06:19,743 (DEBUG): STREAM b'IDAT' 3998 570576
2021-12-25 20:06:19,759 (DEBUG): STREAM b'IHDR' 16 13
2021-12-25 20:06:19,759 (DEBUG): STREAM b'pHYs' 41 9
2021-12-25 20:06:19,759 (DEBUG): STREAM b'iTXt' 62 4319
2021-12-25 20:06:19,759 (DEBUG): STREAM b'IDAT' 4393 632307
2021-12-25 20:06:19,789 (DEBUG): STREAM b'IHDR' 16 13
2021-12-25 20:06:19,789 (DEBUG): STREAM b'pHYs' 41 9
2021-12-25 20:06:19,789 (DEBUG): STREAM b'iTXt' 62 4017
2021-12-25 20:06:19,789 (DEBUG): STREAM b'IDAT' 4091 593496
2021-12-25 20:06:19,827 (DEBUG): STREAM b'IHDR' 16 13
2021-12-25 20:06:19,827 (DEBUG): STREAM b'pHYs' 41 9
2021-12-25 20:06:19,827 (DEBUG): STREAM b'iTXt' 62 5536
2021-12-25 20:06:19,827 (DEBUG): STREAM b'IDAT' 5610 661251
2021-12-25 20:06:19,841 (DEBUG): STREAM b'IHDR' 16 13
2021-12-25 20:06:19,841 (DEBUG): STREAM b'pHYs' 41 9
2021-12-25 20:06:19,841 (DEBUG): STREAM b'iTXt' 62 4618
2021-12-25 20:06:19,841 (DEBUG): STREAM b'IDAT' 4692 744360
2021-12-25 20:06:19,858 (DEBUG): STREAM b'IHDR' 16 13
2021-12-25 20:06:19,858 (DEBUG): STREAM b'pHYs' 41 9
2021-12-25 20:06:19,858 (DEBUG): STREAM b'iTXt' 62 3596
2021-12-25 20:06:19,858 (DEBUG): STREAM b'IDAT' 3670 637635
2021-12-25 20:06:19,873 (DEBUG): STREAM b'IHDR' 16 13
2021-12-25 20:06:19,873 (DEBUG): STREAM b'pHYs' 41 9
2021-12-25 20:06:19,873 (DEBUG): STREAM b'iTXt' 62 4368
2021-12-25 20:06:19,873 (DEBUG): STREAM b'IDAT' 4442 684514
2021-12-25 20:06:19,938 (DEBUG): STREAM b'IHDR' 16 13
2021-12-25 20:06:19,938 (DEBUG): STREAM b'pHYs' 41 9
2021-12-25 20:06:19,938 (DEBUG): STREAM b'iTXt' 62 4133
2021-12-25 20:06:19,938 (DEBUG): STREAM b'IDAT' 4207 664890
2021-12-25 20:06:20,011 (DEBUG): STREAM b'IHDR' 16 13
2021-12-25 20:06:20,011 (DEBUG): STREAM b'pHYs' 41 9
2021-12-25 20:06:20,011 (DEBUG): STREAM b'iTXt' 62 3603
2021-12-25 20:06:20,011 (DEBUG): STREAM b'IDAT' 3677 745697
2021-12-25 20:06:20,097 (DEBUG): STREAM b'IHDR' 16 13
2021-12-25 20:06:20,097 (DEBUG): STREAM b'pHYs' 41 9
2021-12-25 20:06:20,097 (DEBUG): STREAM b'iTXt' 62 3785
2021-12-25 20:06:20,097 (DEBUG): STREAM b'IDAT' 3859 745781
2021-12-25 20:06:20,131 (DEBUG): STREAM b'IHDR' 16 13
2021-12-25 20:06:20,131 (DEBUG): STREAM b'pHYs' 41 9
2021-12-25 20:06:20,131 (DEBUG): STREAM b'iTXt' 62 3673
2021-12-25 20:06:20,131 (DEBUG): STREAM b'IDAT' 3747 741255
2021-12-25 20:06:20,185 (DEBUG): STREAM b'IHDR' 16 13
2021-12-25 20:06:20,185 (DEBUG): STREAM b'pHYs' 41 9
2021-12-25 20:06:20,185 (DEBUG): STREAM b'iTXt' 62 3471
2021-12-25 20:06:20,185 (DEBUG): STREAM b'IDAT' 3545 691394
2021-12-25 20:06:20,204 (DEBUG): STREAM b'IHDR' 16 13
2021-12-25 20:06:20,204 (DEBUG): STREAM b'pHYs' 41 9
2021-12-25 20:06:20,204 (DEBUG): STREAM b'iTXt' 62 3651
2021-12-25 20:06:20,204 (DEBUG): STREAM b'IDAT' 3725 750450
2021-12-25 20:06:20,244 (DEBUG): STREAM b'IHDR' 16 13
2021-12-25 20:06:20,244 (DEBUG): STREAM b'pHYs' 41 9
2021-12-25 20:06:20,244 (DEBUG): STREAM b'iTXt' 62 4543
2021-12-25 20:06:20,244 (DEBUG): STREAM b'IDAT' 4617 728709
2021-12-25 20:06:20,259 (DEBUG): STREAM b'IHDR' 16 13
2021-12-25 20:06:20,259 (DEBUG): STREAM b'pHYs' 41 9
2021-12-25 20:06:20,260 (DEBUG): STREAM b'iTXt' 62 3539
2021-12-25 20:06:20,260 (DEBUG): STREAM b'IDAT' 3613 716115
2021-12-25 20:06:20,291 (DEBUG): STREAM b'IHDR' 16 13
2021-12-25 20:06:20,291 (DEBUG): STREAM b'pHYs' 41 9
2021-12-25 20:06:20,291 (DEBUG): STREAM b'iTXt' 62 4574
2021-12-25 20:06:20,291 (DEBUG): STREAM b'IDAT' 4648 721910
2021-12-25 20:06:20,388 (DEBUG): STREAM b'IHDR' 16 13
2021-12-25 20:06:20,388 (DEBUG): STREAM b'pHYs' 41 9
2021-12-25 20:06:20,388 (DEBUG): STREAM b'iTXt' 62 3889
2021-12-25 20:06:20,388 (DEBUG): STREAM b'IDAT' 3963 712918
