2021-12-14 15:14:25,036 (INFO): Log Path: D:\Source_Code\Python ++\02. updateComic\log\debug-20211214-1514.25.log
2021-12-14 15:14:26,989 (DEBUG): Get Info from structure: (laliberte+visiting)
2021-12-14 15:14:27,640 (DEBUG): Get Info from structure: (asanagi+girls in the frame)
2021-12-14 15:14:28,028 (DEBUG): Get Info from structure: (free style+one pii na yoru vip)
2021-12-14 15:14:28,713 (DEBUG): Get Info from structure: (menea the dog+yabaso na onna)
2021-12-14 15:14:29,118 (DEBUG): Get Info from structure: (kizuki rei+Otto Kounin Sex Advisor ni Hamatta Kekka Zenpen)
2021-12-14 15:14:29,122 (WARNING): No Numbers found in string: '_Chapter' (kizuki rei+Otto Kounin Sex Advisor ni Hamatta Kekka Zenpen)
	int_match: []
	float_match: []
2021-12-14 15:14:29,997 (DEBUG): Get Info from structure: (suruga kuroitsu's stories+suruga kuroitsu's stories)
2021-12-14 15:14:32,169 (DEBUG): Get Info from structure: (kuro fn+sparta! bakunyu kyouei lesson)
2021-12-14 15:14:32,490 (DEBUG): Get Info from structure: (doskoinpo+ashidorei ni natta danshi rikujoubu)
2021-12-14 15:14:33,250 (DEBUG): Get Info from structure: (denchi+koukyuu shoufu no baikoku maso-ka choukyou ~juusha baikyaku hen~)
2021-12-14 15:14:34,193 (DEBUG): Get Info from structure: (geewhy+the joy of breeding)
2021-12-14 15:14:34,784 (DEBUG): Get Info from structure: (kuroinu juu+submission-super moon)
2021-12-14 15:14:36,725 (DEBUG): Get Info from structure: (milftoon+the milftoons)
2021-12-14 15:14:38,730 (DEBUG): Get Info from structure: (gonza+av mama)
2021-12-14 15:14:39,534 (DEBUG): Get Info from structure: (inoue nanaki+kuro mesu benjiyo-ka! asekusai asurito-kei osananajimi)
2021-12-14 15:14:40,011 (DEBUG): Get Info from structure: (laliberte+challenge)
2021-12-14 15:14:40,662 (DEBUG): Get Info from structure: (igumox+muramata-san no himitsu)
2021-12-14 15:14:41,880 (DEBUG): Get Info from structure: (abubu+npc kan mod)
2021-12-14 15:14:43,129 (DEBUG): Get Info from structure: (hyji+Whore mother)
2021-12-14 15:14:43,759 (DEBUG): Get Info from structure: (minato fumi+chiisana kuma)
2021-12-14 15:14:44,097 (DEBUG): Get Info from structure: (Jii+Share Ni Naranai Eroi Hanashi)
2021-12-14 15:14:45,551 (DEBUG): Get Info from structure: (minority+inkou no vorugasm)
2021-12-14 15:14:46,366 (DEBUG): Get Info from structure: (nozarashi satoru+tabete wa ikenai)
2021-12-14 15:14:50,607 (DEBUG): Get Info from structure: (melkor mancin+Sidney 2)
2021-12-14 15:14:59,651 (DEBUG): Get Info from structure: (benantoka+300th anniversary sex)
2021-12-14 15:14:59,945 (DEBUG): Get Info from structure: (iris art+sei ga buchimakerareta bed sheet)
2021-12-14 15:15:00,985 (DEBUG): Get Info from structure: (cotton house+aya nee ~ubawareta osananajimi~)
2021-12-14 15:15:03,841 (DEBUG): Get Info from structure: (kiyokawa zaidan+while mommy is sleeping)
2021-12-14 15:15:05,097 (DEBUG): Get Info from structure: (doujin mukashibanashi+oba-san to aitsura ga sex o shite ita)
2021-12-14 15:15:05,512 (DEBUG): Get Info from structure: (type 90+animal juice extractor girl)
2021-12-14 15:15:05,930 (DEBUG): Get Info from structure: (inoue nanaki+karada de eigo o oboeyou!)
2021-12-14 15:15:06,213 (DEBUG): Get Info from structure: (neko samurai+souken shimai ~ane torare ~)
2021-12-14 15:15:07,206 (DEBUG): Get Info from structure: (mizuryu kei+Naomi Kaede Wa Majime De Sukebe)
2021-12-14 15:15:07,883 (DEBUG): Get Info from structure: (sanagi torajirou+princess vs gorilla boss)
2021-12-14 15:15:08,994 (DEBUG): Get Info from structure: (toitoi+suzuka choukyou kiroku)
2021-12-14 15:15:10,444 (DEBUG): Get Info from structure: (john k pe-ta+washlet teller toilet spirit)
2021-12-14 15:15:10,847 (DEBUG): Get Info from structure: (Haguhagu+Sasha-chan Is Coming!)
2021-12-14 15:15:15,060 (DEBUG): Get Info from structure: (sugi ji+otome no jouran)
2021-12-14 15:15:16,764 (DEBUG): Get Info from structure: (yokkora+no. 1 girl)
2021-12-14 15:15:17,008 (DEBUG): Get Info from structure: (o.p com+hikari no housoku)
2021-12-14 15:15:17,455 (DEBUG): Get Info from structure: (Dondakei+Fukushuu!! Tenraku Gakuen no Nikubin Hime!!)
2021-12-14 15:15:18,382 (DEBUG): Get Info from structure: (sanagi torajirou+love & less)
2021-12-14 15:15:19,160 (DEBUG): Get Info from structure: (rokkaku yasosuke+keeping himari-san company)
2021-12-14 15:15:19,384 (DEBUG): Get Info from structure: (etsuzan jakusui's stories+etsuzan jakusui's stories)
2021-12-14 15:15:21,578 (DEBUG): Get Info from structure: (jingrock+love letter)
2021-12-14 15:15:22,788 (DEBUG): Get Info from structure: (iku+iro o ou)
2021-12-14 15:15:23,192 (DEBUG): Get Info from structure: (Kkamja+Lightning Rod)
2021-12-14 15:15:57,015 (DEBUG): Get Info from structure: (gorgonzola+Who Cares About Kurata)
2021-12-14 15:15:57,452 (DEBUG): Get Info from structure: (yamakumo+sex o sureba erai you na fuuchou)
2021-12-14 15:15:58,050 (DEBUG): Get Info from structure: (Meetban+Neckless)
2021-12-14 15:15:58,368 (DEBUG): Get Info from structure: (mizuryu kei+Maria-sama Ga Miteru Baishun)
2021-12-14 15:16:02,496 (DEBUG): Get Info from structure: (inoue nanaki+joshiki kaihen saimin kuro ochi iincho)
2021-12-14 15:16:02,784 (DEBUG): Get Info from structure: (dsan+perverted)
2021-12-14 15:16:03,629 (DEBUG): Get Info from structure: (mizuryu kei+gts - great teacher sayoko)
2021-12-14 15:16:05,251 (DEBUG): Get Info from structure: (ootsuka reika+arisa's bitch project)
2021-12-14 15:16:05,682 (DEBUG): Get Info from structure: (jinsuke+mesu kachou jogeza gaiden - kunoo shizuka no baai)
2021-12-14 15:16:07,248 (DEBUG): Get Info from structure: (Miharu+Hikkikomori Ojousama No Betabeta)
2021-12-14 15:16:07,630 (DEBUG): Get Info from structure: (shindo l+fragile and tough)
2021-12-14 15:16:08,127 (DEBUG): Get Info from structure: (miyamoto issa+heart mark oome)
2021-12-14 15:16:08,951 (DEBUG): Get Info from structure: (meme50+take us away)
2021-12-14 15:16:08,957 (WARNING): No Numbers found in string: 'New folder' (meme50+take us away)
	int_match: []
	float_match: []
2021-12-14 15:16:09,396 (DEBUG): Get Info from structure: (gonza+lustful treatment)
2021-12-14 15:16:09,641 (DEBUG): Get Info from structure: (asakura kukuri+Ochiba Tori)
2021-12-14 15:16:10,360 (DEBUG): Get Info from structure: (kuroiwa menou+incubus)
2021-12-14 15:16:13,415 (DEBUG): Get Info from structure: (yumano yuuki+midsummer tryst)
2021-12-14 15:16:13,918 (DEBUG): Get Info from structure: (shinozuka yuuji+ore ga mita koto no nai kanojo)
2021-12-14 15:16:14,941 (DEBUG): Get Info from structure: (zaidan kiyokawa+settle it with mom)
2021-12-14 15:16:15,330 (DEBUG): Get Info from structure: (tamagoro+sex duty)
2021-12-14 15:16:16,122 (DEBUG): Get Info from structure: (tamagoro+hametomo collection)
2021-12-14 15:16:17,067 (DEBUG): Get Info from structure: (nyuu+kyuu kousha ura bunkasai #1 -totsuzen no shoutai-)
2021-12-14 15:16:17,793 (DEBUG): Get Info from structure: (tsuzura kuzukago+gibo to futari de kurashitara)
2021-12-14 15:16:18,895 (DEBUG): Get Info from structure: (sengoku-kun+pretty cool)
2021-12-14 15:16:22,459 (DEBUG): Get Info from structure: (suruga kuroitsu+the abcs of interviewing)
2021-12-14 15:16:22,696 (DEBUG): Get Info from structure: (ryoji+inakax)
