2021-12-14 15:06:50,990 (INFO): Log Path: D:\Source_Code\Python ++\02. updateComic\log\debug-20211214-1506.50.log
2021-12-14 15:06:54,937 (WARNING): No Numbers found in string: '_Chapter' (kizuki rei+Otto Kounin Sex Advisor ni Hamatta Kekka Zenpen)
	int_match: []
	float_match: []
2021-12-14 15:08:25,355 (WARNING): No Numbers found in string: 'New folder' (meme50+take us away)
	int_match: []
	float_match: []
2021-12-14 15:09:03,504 (WARNING): No Numbers found in string: '_Chapter' (Mizuryu Kei+Uchi no Kazoku no Fashion ga Okashii)
	int_match: []
	float_match: []
2021-12-14 15:09:03,553 (DEBUG): STREAM b'IHDR' 16 13
2021-12-14 15:09:03,553 (DEBUG): STREAM b'pHYs' 41 9
2021-12-14 15:09:03,554 (DEBUG): STREAM b'cHRM' 62 32
2021-12-14 15:09:03,554 (DEBUG): STREAM b'IDAT' 106 616153
2021-12-14 15:09:08,976 (WARNING): No Numbers found in string: '_Chapter' (Minority+Subete ga M ni Naru)
	int_match: []
	float_match: []
2021-12-14 15:09:44,239 (WARNING): Folder name have more than 1 '+' (nagare ippon+yuri kan + kanyou shoujo)
2021-12-14 15:10:00,987 (WARNING): No Numbers found in string: 'New folder' (meme50+heat alert)
	int_match: []
	float_match: []
2021-12-14 15:10:01,243 (WARNING): No Numbers found in string: '_Chapter' (kizuki rei+Family Plan)
	int_match: []
	float_match: []
2021-12-14 15:10:04,332 (WARNING): No Numbers found in string: '_Chapter' (Hitagiri+Pizza to Shoujuu)
	int_match: []
	float_match: []
2021-12-14 15:10:04,350 (DEBUG): STREAM b'IHDR' 16 13
2021-12-14 15:10:04,350 (DEBUG): STREAM b'pHYs' 41 9
2021-12-14 15:10:04,350 (DEBUG): STREAM b'iCCP' 62 795
2021-12-14 15:10:04,350 (DEBUG): iCCP profile name b'Photoshop ICC profile'
2021-12-14 15:10:04,350 (DEBUG): Compression method 0
2021-12-14 15:10:04,350 (DEBUG): STREAM b'cHRM' 869 32
2021-12-14 15:10:04,350 (DEBUG): STREAM b'IDAT' 913 1110046
2021-12-14 15:10:04,366 (DEBUG): STREAM b'IHDR' 16 13
2021-12-14 15:10:04,366 (DEBUG): STREAM b'pHYs' 41 9
2021-12-14 15:10:04,366 (DEBUG): STREAM b'iCCP' 62 2637
2021-12-14 15:10:04,366 (DEBUG): iCCP profile name b'Photoshop ICC profile'
2021-12-14 15:10:04,366 (DEBUG): Compression method 0
2021-12-14 15:10:04,366 (DEBUG): STREAM b'cHRM' 2711 32
2021-12-14 15:10:04,366 (DEBUG): STREAM b'IDAT' 2755 2122422
2021-12-14 15:10:04,380 (DEBUG): STREAM b'IHDR' 16 13
2021-12-14 15:10:04,381 (DEBUG): STREAM b'pHYs' 41 9
2021-12-14 15:10:04,381 (DEBUG): STREAM b'iCCP' 62 795
2021-12-14 15:10:04,381 (DEBUG): iCCP profile name b'Photoshop ICC profile'
2021-12-14 15:10:04,381 (DEBUG): Compression method 0
2021-12-14 15:10:04,381 (DEBUG): STREAM b'cHRM' 869 32
2021-12-14 15:10:04,381 (DEBUG): STREAM b'IDAT' 913 632734
2021-12-14 15:10:04,395 (DEBUG): STREAM b'IHDR' 16 13
2021-12-14 15:10:04,395 (DEBUG): STREAM b'pHYs' 41 9
2021-12-14 15:10:04,396 (DEBUG): STREAM b'iCCP' 62 795
2021-12-14 15:10:04,396 (DEBUG): iCCP profile name b'Photoshop ICC profile'
2021-12-14 15:10:04,396 (DEBUG): Compression method 0
2021-12-14 15:10:04,396 (DEBUG): STREAM b'cHRM' 869 32
2021-12-14 15:10:04,396 (DEBUG): STREAM b'IDAT' 913 635264
2021-12-14 15:10:04,413 (DEBUG): STREAM b'IHDR' 16 13
2021-12-14 15:10:04,413 (DEBUG): STREAM b'pHYs' 41 9
2021-12-14 15:10:04,413 (DEBUG): STREAM b'iCCP' 62 795
2021-12-14 15:10:04,413 (DEBUG): iCCP profile name b'Photoshop ICC profile'
2021-12-14 15:10:04,413 (DEBUG): Compression method 0
2021-12-14 15:10:04,413 (DEBUG): STREAM b'cHRM' 869 32
2021-12-14 15:10:04,413 (DEBUG): STREAM b'IDAT' 913 638663
2021-12-14 15:10:04,428 (DEBUG): STREAM b'IHDR' 16 13
2021-12-14 15:10:04,428 (DEBUG): STREAM b'pHYs' 41 9
2021-12-14 15:10:04,428 (DEBUG): STREAM b'iCCP' 62 793
2021-12-14 15:10:04,428 (DEBUG): iCCP profile name b'Photoshop ICC profile'
2021-12-14 15:10:04,428 (DEBUG): Compression method 0
2021-12-14 15:10:04,428 (DEBUG): STREAM b'cHRM' 867 32
2021-12-14 15:10:04,428 (DEBUG): STREAM b'IDAT' 911 1005287
2021-12-14 15:10:04,445 (DEBUG): STREAM b'IHDR' 16 13
2021-12-14 15:10:04,445 (DEBUG): STREAM b'pHYs' 41 9
2021-12-14 15:10:04,445 (DEBUG): STREAM b'iCCP' 62 793
2021-12-14 15:10:04,445 (DEBUG): iCCP profile name b'Photoshop ICC profile'
2021-12-14 15:10:04,445 (DEBUG): Compression method 0
2021-12-14 15:10:04,445 (DEBUG): STREAM b'cHRM' 867 32
2021-12-14 15:10:04,445 (DEBUG): STREAM b'IDAT' 911 1002484
2021-12-14 15:10:04,466 (DEBUG): STREAM b'IHDR' 16 13
2021-12-14 15:10:04,466 (DEBUG): STREAM b'pHYs' 41 9
2021-12-14 15:10:04,466 (DEBUG): STREAM b'iCCP' 62 793
2021-12-14 15:10:04,466 (DEBUG): iCCP profile name b'Photoshop ICC profile'
2021-12-14 15:10:04,466 (DEBUG): Compression method 0
2021-12-14 15:10:04,466 (DEBUG): STREAM b'cHRM' 867 32
2021-12-14 15:10:04,466 (DEBUG): STREAM b'IDAT' 911 900862
2021-12-14 15:10:04,480 (DEBUG): STREAM b'IHDR' 16 13
2021-12-14 15:10:04,480 (DEBUG): STREAM b'pHYs' 41 9
2021-12-14 15:10:04,480 (DEBUG): STREAM b'iCCP' 62 795
2021-12-14 15:10:04,480 (DEBUG): iCCP profile name b'Photoshop ICC profile'
2021-12-14 15:10:04,480 (DEBUG): Compression method 0
2021-12-14 15:10:04,481 (DEBUG): STREAM b'cHRM' 869 32
2021-12-14 15:10:04,481 (DEBUG): STREAM b'IDAT' 913 941651
2021-12-14 15:10:04,494 (DEBUG): STREAM b'IHDR' 16 13
2021-12-14 15:10:04,495 (DEBUG): STREAM b'pHYs' 41 9
2021-12-14 15:10:04,495 (DEBUG): STREAM b'iCCP' 62 795
2021-12-14 15:10:04,495 (DEBUG): iCCP profile name b'Photoshop ICC profile'
2021-12-14 15:10:04,495 (DEBUG): Compression method 0
2021-12-14 15:10:04,495 (DEBUG): STREAM b'cHRM' 869 32
2021-12-14 15:10:04,495 (DEBUG): STREAM b'IDAT' 913 823236
2021-12-14 15:10:04,509 (DEBUG): STREAM b'IHDR' 16 13
2021-12-14 15:10:04,509 (DEBUG): STREAM b'pHYs' 41 9
2021-12-14 15:10:04,509 (DEBUG): STREAM b'iCCP' 62 795
2021-12-14 15:10:04,509 (DEBUG): iCCP profile name b'Photoshop ICC profile'
2021-12-14 15:10:04,509 (DEBUG): Compression method 0
2021-12-14 15:10:04,509 (DEBUG): STREAM b'cHRM' 869 32
2021-12-14 15:10:04,509 (DEBUG): STREAM b'IDAT' 913 736555
2021-12-14 15:10:04,521 (DEBUG): STREAM b'IHDR' 16 13
2021-12-14 15:10:04,522 (DEBUG): STREAM b'pHYs' 41 9
2021-12-14 15:10:04,522 (DEBUG): STREAM b'iCCP' 62 795
2021-12-14 15:10:04,522 (DEBUG): iCCP profile name b'Photoshop ICC profile'
2021-12-14 15:10:04,522 (DEBUG): Compression method 0
2021-12-14 15:10:04,522 (DEBUG): STREAM b'cHRM' 869 32
2021-12-14 15:10:04,522 (DEBUG): STREAM b'IDAT' 913 890894
2021-12-14 15:10:04,538 (DEBUG): STREAM b'IHDR' 16 13
2021-12-14 15:10:04,538 (DEBUG): STREAM b'pHYs' 41 9
2021-12-14 15:10:04,538 (DEBUG): STREAM b'iCCP' 62 795
2021-12-14 15:10:04,538 (DEBUG): iCCP profile name b'Photoshop ICC profile'
2021-12-14 15:10:04,538 (DEBUG): Compression method 0
2021-12-14 15:10:04,538 (DEBUG): STREAM b'cHRM' 869 32
2021-12-14 15:10:04,538 (DEBUG): STREAM b'IDAT' 913 809828
2021-12-14 15:10:04,554 (DEBUG): STREAM b'IHDR' 16 13
2021-12-14 15:10:04,554 (DEBUG): STREAM b'pHYs' 41 9
2021-12-14 15:10:04,554 (DEBUG): STREAM b'iCCP' 62 793
2021-12-14 15:10:04,554 (DEBUG): iCCP profile name b'Photoshop ICC profile'
2021-12-14 15:10:04,554 (DEBUG): Compression method 0
2021-12-14 15:10:04,554 (DEBUG): STREAM b'cHRM' 867 32
2021-12-14 15:10:04,554 (DEBUG): STREAM b'IDAT' 911 1018537
2021-12-14 15:10:04,571 (DEBUG): STREAM b'IHDR' 16 13
2021-12-14 15:10:04,571 (DEBUG): STREAM b'pHYs' 41 9
2021-12-14 15:10:04,571 (DEBUG): STREAM b'iCCP' 62 793
2021-12-14 15:10:04,571 (DEBUG): iCCP profile name b'Photoshop ICC profile'
2021-12-14 15:10:04,571 (DEBUG): Compression method 0
2021-12-14 15:10:04,571 (DEBUG): STREAM b'cHRM' 867 32
2021-12-14 15:10:04,571 (DEBUG): STREAM b'IDAT' 911 1000096
2021-12-14 15:10:04,584 (DEBUG): STREAM b'IHDR' 16 13
2021-12-14 15:10:04,584 (DEBUG): STREAM b'pHYs' 41 9
2021-12-14 15:10:04,584 (DEBUG): STREAM b'iCCP' 62 793
2021-12-14 15:10:04,584 (DEBUG): iCCP profile name b'Photoshop ICC profile'
2021-12-14 15:10:04,584 (DEBUG): Compression method 0
2021-12-14 15:10:04,584 (DEBUG): STREAM b'cHRM' 867 32
2021-12-14 15:10:04,584 (DEBUG): STREAM b'IDAT' 911 821882
2021-12-14 15:10:04,600 (DEBUG): STREAM b'IHDR' 16 13
2021-12-14 15:10:04,600 (DEBUG): STREAM b'pHYs' 41 9
2021-12-14 15:10:04,600 (DEBUG): STREAM b'iCCP' 62 793
2021-12-14 15:10:04,600 (DEBUG): iCCP profile name b'Photoshop ICC profile'
2021-12-14 15:10:04,600 (DEBUG): Compression method 0
2021-12-14 15:10:04,600 (DEBUG): STREAM b'cHRM' 867 32
2021-12-14 15:10:04,600 (DEBUG): STREAM b'IDAT' 911 1124609
2021-12-14 15:10:04,620 (DEBUG): STREAM b'IHDR' 16 13
2021-12-14 15:10:04,620 (DEBUG): STREAM b'pHYs' 41 9
2021-12-14 15:10:04,620 (DEBUG): STREAM b'iCCP' 62 795
2021-12-14 15:10:04,620 (DEBUG): iCCP profile name b'Photoshop ICC profile'
2021-12-14 15:10:04,620 (DEBUG): Compression method 0
2021-12-14 15:10:04,620 (DEBUG): STREAM b'cHRM' 869 32
2021-12-14 15:10:04,620 (DEBUG): STREAM b'IDAT' 913 876008
2021-12-14 15:10:04,634 (DEBUG): STREAM b'IHDR' 16 13
2021-12-14 15:10:04,634 (DEBUG): STREAM b'pHYs' 41 9
2021-12-14 15:10:04,634 (DEBUG): STREAM b'iCCP' 62 793
2021-12-14 15:10:04,634 (DEBUG): iCCP profile name b'Photoshop ICC profile'
2021-12-14 15:10:04,634 (DEBUG): Compression method 0
2021-12-14 15:10:04,635 (DEBUG): STREAM b'cHRM' 867 32
2021-12-14 15:10:04,635 (DEBUG): STREAM b'IDAT' 911 1048377
2021-12-14 15:10:04,648 (DEBUG): STREAM b'IHDR' 16 13
2021-12-14 15:10:04,648 (DEBUG): STREAM b'pHYs' 41 9
2021-12-14 15:10:04,648 (DEBUG): STREAM b'iCCP' 62 793
2021-12-14 15:10:04,649 (DEBUG): iCCP profile name b'Photoshop ICC profile'
2021-12-14 15:10:04,649 (DEBUG): Compression method 0
2021-12-14 15:10:04,649 (DEBUG): STREAM b'cHRM' 867 32
2021-12-14 15:10:04,649 (DEBUG): STREAM b'IDAT' 911 908005
2021-12-14 15:10:04,664 (DEBUG): STREAM b'IHDR' 16 13
2021-12-14 15:10:04,664 (DEBUG): STREAM b'pHYs' 41 9
2021-12-14 15:10:04,664 (DEBUG): STREAM b'iCCP' 62 793
2021-12-14 15:10:04,664 (DEBUG): iCCP profile name b'Photoshop ICC profile'
2021-12-14 15:10:04,664 (DEBUG): Compression method 0
2021-12-14 15:10:04,664 (DEBUG): STREAM b'cHRM' 867 32
2021-12-14 15:10:04,664 (DEBUG): STREAM b'IDAT' 911 811008
2021-12-14 15:10:04,679 (DEBUG): STREAM b'IHDR' 16 13
2021-12-14 15:10:04,679 (DEBUG): STREAM b'pHYs' 41 9
2021-12-14 15:10:04,679 (DEBUG): STREAM b'iCCP' 62 795
2021-12-14 15:10:04,679 (DEBUG): iCCP profile name b'Photoshop ICC profile'
2021-12-14 15:10:04,679 (DEBUG): Compression method 0
2021-12-14 15:10:04,680 (DEBUG): STREAM b'cHRM' 869 32
2021-12-14 15:10:04,680 (DEBUG): STREAM b'IDAT' 913 1010251
2021-12-14 15:10:06,200 (WARNING): No Numbers found in string: '_Chapter' (minority+Wakame-sensei do your best)
	int_match: []
	float_match: []
2021-12-14 15:10:13,081 (WARNING): No Numbers found in string: 'ichinose_Chapter' (Ichinose Land+Zako Succubus-chan wa Semen ga Hoshii no!)
	int_match: []
	float_match: []
2021-12-14 15:10:29,200 (DEBUG): STREAM b'IHDR' 16 13
2021-12-14 15:10:29,200 (DEBUG): STREAM b'tEXt' 41 25
2021-12-14 15:10:29,200 (DEBUG): STREAM b'iTXt' 78 785
2021-12-14 15:10:29,200 (DEBUG): STREAM b'PLTE' 875 384
2021-12-14 15:10:29,200 (DEBUG): STREAM b'IDAT' 1271 97533
2021-12-14 15:10:29,481 (DEBUG): STREAM b'IHDR' 16 13
2021-12-14 15:10:29,481 (DEBUG): STREAM b'tEXt' 41 25
2021-12-14 15:10:29,481 (DEBUG): STREAM b'iTXt' 78 883
2021-12-14 15:10:29,481 (DEBUG): STREAM b'PLTE' 973 384
2021-12-14 15:10:29,481 (DEBUG): STREAM b'IDAT' 1369 75798
2021-12-14 15:10:29,520 (DEBUG): STREAM b'IHDR' 16 13
2021-12-14 15:10:29,520 (DEBUG): STREAM b'tEXt' 41 25
2021-12-14 15:10:29,521 (DEBUG): STREAM b'iTXt' 78 885
2021-12-14 15:10:29,521 (DEBUG): STREAM b'PLTE' 975 384
2021-12-14 15:10:29,521 (DEBUG): STREAM b'IDAT' 1371 296469
2021-12-14 15:10:29,536 (DEBUG): STREAM b'IHDR' 16 13
2021-12-14 15:10:29,536 (DEBUG): STREAM b'tEXt' 41 25
2021-12-14 15:10:29,536 (DEBUG): STREAM b'iTXt' 78 885
2021-12-14 15:10:29,536 (DEBUG): STREAM b'PLTE' 975 384
2021-12-14 15:10:29,536 (DEBUG): STREAM b'IDAT' 1371 291852
2021-12-14 15:10:29,550 (DEBUG): STREAM b'IHDR' 16 13
2021-12-14 15:10:29,551 (DEBUG): STREAM b'tEXt' 41 25
2021-12-14 15:10:29,551 (DEBUG): STREAM b'iTXt' 78 885
2021-12-14 15:10:29,551 (DEBUG): STREAM b'PLTE' 975 384
2021-12-14 15:10:29,551 (DEBUG): STREAM b'IDAT' 1371 310853
2021-12-14 15:10:29,566 (DEBUG): STREAM b'IHDR' 16 13
2021-12-14 15:10:29,566 (DEBUG): STREAM b'tEXt' 41 25
2021-12-14 15:10:29,566 (DEBUG): STREAM b'iTXt' 78 885
2021-12-14 15:10:29,566 (DEBUG): STREAM b'PLTE' 975 384
2021-12-14 15:10:29,566 (DEBUG): STREAM b'IDAT' 1371 373890
2021-12-14 15:10:35,231 (WARNING): No Numbers found in string: '_Chapter' (Koorizu+Onedari Rio-chan)
	int_match: []
	float_match: []
2021-12-14 15:12:13,920 (WARNING): No Numbers found in string: 'yami ni ugomeku_Chapter' (Dokurosan+Mifune Miyu no Dosukebe Enkaigei)
	int_match: []
	float_match: []
2021-12-14 15:12:24,199 (WARNING): No Numbers found in string: 'doll play_Chapter' (Kurosu Gatari+Wild-shiki Nihonjin Tsuma no Netorikata Sono Ni)
	int_match: []
	float_match: []
