2021-12-23 21:04:36,056 (INFO): Log Path: D:\Source_Code\Python ++\02. updateComic\log\debug-20211223-2104.36.log
2021-12-23 21:04:38,142 (INFO): Currently Processing image
2021-12-23 21:04:38,142 (INFO): Processing Titles ...
2021-12-23 21:04:38,169 (DEBUG): Get Info from structure: (2t+=sakusei toshi elosion)
2021-12-23 21:04:38,182 (DEBUG): Get Info from structure: (a-10+=koukai tanetsuke hentai koubi 2)
2021-12-23 21:04:38,197 (DEBUG): Get Info from structure: (Abubu+=Kinjo no Onnatachi ga Nazeka Ore no Ie no Furo ni Hairi ni Kuru Ken)
2021-12-23 21:04:38,212 (DEBUG): Get Info from structure: (abubu+=npc kan mod)
2021-12-23 21:04:38,226 (DEBUG): Get Info from structure: (agobitch nee-san+=Hataraku Onee-san-tachi ~Mikonritsu no Takai Machi de Hataraku Tokoya no Onee-san ni Okuchi de Shiborareru~)
2021-12-23 21:04:38,242 (DEBUG): Get Info from structure: (agobitch nee-san+=Seifuku Bishoujo)
2021-12-23 21:04:38,253 (DEBUG): Get Info from structure: (ahemaru+=slave the blood)
2021-12-23 21:04:38,266 (DEBUG): Get Info from structure: (amano ameno+=Jabami Yumeko Hentai Koushuu Benjo Tantsubo Nikubenki Onna)
2021-12-23 21:04:38,275 (DEBUG): Get Info from structure: (amano ameno+=Kyonyuu Onna Joushi Saimin Nikuningyou)
2021-12-23 21:04:38,285 (DEBUG): Get Info from structure: (Ameyama Denshin+=Stories)
2021-12-23 21:04:38,295 (DEBUG): Get Info from structure: (Arai Kei+=Boku No Kanojo)
2021-12-23 21:04:38,305 (DEBUG): Get Info from structure: (arai kei+=Boku Wa Kanojo No Namae Mo Shiranai)
2021-12-23 21:04:38,315 (DEBUG): Get Info from structure: (arai kei+=hougan kanojo)
2021-12-23 21:04:38,325 (DEBUG): Get Info from structure: (arai kei+=Stories)
2021-12-23 21:04:38,336 (DEBUG): Get Info from structure: (Arai Taiki+=Kahanshin Daiichi Shugi)
2021-12-23 21:04:38,348 (DEBUG): Get Info from structure: (arai taiki+=ochita yume no naka de)
2021-12-23 21:04:38,359 (DEBUG): Get Info from structure: (Arai Taiki+=Stories)
2021-12-23 21:04:38,369 (DEBUG): Get Info from structure: (aroma sensei+=Gwen)
2021-12-23 21:04:38,380 (DEBUG): Get Info from structure: (aroma sensei+=what's going on here)
2021-12-23 21:04:38,390 (DEBUG): Get Info from structure: (asanagi+=Stories)
2021-12-23 21:04:38,402 (DEBUG): Get Info from structure: (BeNantoka+=Stories)
2021-12-23 21:04:38,418 (DEBUG): Get Info from structure: (Bonske+=Arawareta Chijo wa Toshishita Kui no Scatolo Hentai deshita)
2021-12-23 21:04:38,431 (DEBUG): Get Info from structure: (bonske+=sono kuchi to shita de subete o uketomenasai)
2021-12-23 21:04:38,442 (DEBUG): Get Info from structure: (Dokurosan+=Stories)
2021-12-23 21:04:38,453 (DEBUG): Get Info from structure: (Enokido+=Stories)
2021-12-23 21:04:38,463 (DEBUG): Get Info from structure: (freehand tamashii+=aorare tsuma)
2021-12-23 21:04:38,473 (DEBUG): Get Info from structure: (freehand tamashii+=Incha No Oi Ga Yaritai Oba-san)
2021-12-23 21:04:38,486 (DEBUG): Get Info from structure: (freehand tamashii+=Isourou Saki No Obasan Ni Hameru!)
2021-12-23 21:04:38,495 (DEBUG): Get Info from structure: (freehand tamashii+=Stories)
2021-12-23 21:04:38,506 (DEBUG): Get Info from structure: (freehand tamashii+=Toiu Wake De, Kaa-san-tachi To Yattemita)
2021-12-23 21:04:38,517 (DEBUG): Get Info from structure: (freehand tamasshii+=Shin Mama O Netoruze!)
2021-12-23 21:04:38,529 (DEBUG): Get Info from structure: (gonza+=av mama)
2021-12-23 21:04:38,539 (DEBUG): Get Info from structure: (gonza+=matching appli)
2021-12-23 21:04:38,549 (DEBUG): Get Info from structure: (Gonza+=Mayonaka No Haha)
2021-12-23 21:04:38,559 (DEBUG): Get Info from structure: (gonza+=my three horny moms)
2021-12-23 21:04:38,569 (DEBUG): Get Info from structure: (gonza+=Nonfiction ~boshi Soukan No Kioku~)
2021-12-23 21:04:38,583 (DEBUG): Get Info from structure: (gonza+=stories)
2021-12-23 21:04:38,595 (DEBUG): Get Info from structure: (mizone+=Ajin Iryou Sougou Center e Youkoso!)
2021-12-23 21:04:38,605 (DEBUG): Get Info from structure: (mizone+=Jikyuu 1500 yen!! Gyogyou o Tetsudau Kantan na Oshigoto desu)
2021-12-23 21:04:38,615 (DEBUG): Get Info from structure: (mizone+=Kindan no Shohousen)
2021-12-23 21:04:38,624 (DEBUG): Get Info from structure: (mizone+=monster romance)
2021-12-23 21:04:38,636 (DEBUG): Get Info from structure: (mizone+=monster smash)
2021-12-23 21:04:38,646 (DEBUG): Get Info from structure: (mizone+=Otherworldly Maidens Series)
2021-12-23 21:04:38,656 (DEBUG): Get Info from structure: (mizone+=stories)
2021-12-23 21:04:38,668 (DEBUG): Get Info from structure: (mizone+=Zasshoku Yuusha)
2021-12-23 21:04:38,678 (DEBUG): Get Info from structure: (Tsusauto+=Jichikai no Hitozuma wa Totemo Ecchi deshita)
2021-12-23 21:04:38,687 (INFO): Processing Chapters / Episodes ...
2021-12-23 21:04:38,697 (INFO): Processing Chapters & Pages ... 
2021-12-23 21:05:55,586 (DEBUG): STREAM b'IHDR' 16 13
2021-12-23 21:05:55,586 (DEBUG): STREAM b'gAMA' 41 4
2021-12-23 21:05:55,586 (DEBUG): STREAM b'cHRM' 57 32
2021-12-23 21:05:55,586 (DEBUG): STREAM b'bKGD' 101 2
2021-12-23 21:05:55,586 (DEBUG): b'bKGD' 101 2 (unknown)
2021-12-23 21:05:55,586 (DEBUG): STREAM b'tIME' 115 7
2021-12-23 21:05:55,586 (DEBUG): b'tIME' 115 7 (unknown)
2021-12-23 21:05:55,586 (DEBUG): STREAM b'IDAT' 134 32768
2021-12-23 21:05:55,600 (DEBUG): STREAM b'IHDR' 16 13
2021-12-23 21:05:55,600 (DEBUG): STREAM b'gAMA' 41 4
2021-12-23 21:05:55,600 (DEBUG): STREAM b'cHRM' 57 32
2021-12-23 21:05:55,600 (DEBUG): STREAM b'bKGD' 101 2
2021-12-23 21:05:55,600 (DEBUG): b'bKGD' 101 2 (unknown)
2021-12-23 21:05:55,600 (DEBUG): STREAM b'tIME' 115 7
2021-12-23 21:05:55,600 (DEBUG): b'tIME' 115 7 (unknown)
2021-12-23 21:05:55,600 (DEBUG): STREAM b'IDAT' 134 32768
2021-12-23 21:05:55,613 (DEBUG): STREAM b'IHDR' 16 13
2021-12-23 21:05:55,613 (DEBUG): STREAM b'gAMA' 41 4
2021-12-23 21:05:55,613 (DEBUG): STREAM b'cHRM' 57 32
2021-12-23 21:05:55,613 (DEBUG): STREAM b'bKGD' 101 2
2021-12-23 21:05:55,613 (DEBUG): b'bKGD' 101 2 (unknown)
2021-12-23 21:05:55,613 (DEBUG): STREAM b'tIME' 115 7
2021-12-23 21:05:55,613 (DEBUG): b'tIME' 115 7 (unknown)
2021-12-23 21:05:55,613 (DEBUG): STREAM b'IDAT' 134 32768
2021-12-23 21:05:55,627 (DEBUG): STREAM b'IHDR' 16 13
2021-12-23 21:05:55,627 (DEBUG): STREAM b'gAMA' 41 4
2021-12-23 21:05:55,627 (DEBUG): STREAM b'cHRM' 57 32
2021-12-23 21:05:55,627 (DEBUG): STREAM b'bKGD' 101 2
2021-12-23 21:05:55,627 (DEBUG): b'bKGD' 101 2 (unknown)
2021-12-23 21:05:55,627 (DEBUG): STREAM b'tIME' 115 7
2021-12-23 21:05:55,627 (DEBUG): b'tIME' 115 7 (unknown)
2021-12-23 21:05:55,627 (DEBUG): STREAM b'IDAT' 134 32768
2021-12-23 21:05:55,639 (DEBUG): STREAM b'IHDR' 16 13
2021-12-23 21:05:55,639 (DEBUG): STREAM b'gAMA' 41 4
2021-12-23 21:05:55,639 (DEBUG): STREAM b'cHRM' 57 32
2021-12-23 21:05:55,639 (DEBUG): STREAM b'bKGD' 101 2
2021-12-23 21:05:55,639 (DEBUG): b'bKGD' 101 2 (unknown)
2021-12-23 21:05:55,639 (DEBUG): STREAM b'tIME' 115 7
2021-12-23 21:05:55,640 (DEBUG): b'tIME' 115 7 (unknown)
2021-12-23 21:05:55,640 (DEBUG): STREAM b'IDAT' 134 32768
2021-12-23 21:05:55,654 (DEBUG): STREAM b'IHDR' 16 13
2021-12-23 21:05:55,654 (DEBUG): STREAM b'gAMA' 41 4
2021-12-23 21:05:55,654 (DEBUG): STREAM b'cHRM' 57 32
2021-12-23 21:05:55,654 (DEBUG): STREAM b'bKGD' 101 2
2021-12-23 21:05:55,654 (DEBUG): b'bKGD' 101 2 (unknown)
2021-12-23 21:05:55,654 (DEBUG): STREAM b'tIME' 115 7
2021-12-23 21:05:55,654 (DEBUG): b'tIME' 115 7 (unknown)
2021-12-23 21:05:55,654 (DEBUG): STREAM b'IDAT' 134 32768
2021-12-23 21:05:55,666 (DEBUG): STREAM b'IHDR' 16 13
2021-12-23 21:05:55,666 (DEBUG): STREAM b'gAMA' 41 4
2021-12-23 21:05:55,666 (DEBUG): STREAM b'cHRM' 57 32
2021-12-23 21:05:55,666 (DEBUG): STREAM b'bKGD' 101 2
2021-12-23 21:05:55,666 (DEBUG): b'bKGD' 101 2 (unknown)
2021-12-23 21:05:55,666 (DEBUG): STREAM b'tIME' 115 7
2021-12-23 21:05:55,666 (DEBUG): b'tIME' 115 7 (unknown)
2021-12-23 21:05:55,666 (DEBUG): STREAM b'IDAT' 134 32768
2021-12-23 21:05:55,680 (DEBUG): STREAM b'IHDR' 16 13
2021-12-23 21:05:55,680 (DEBUG): STREAM b'gAMA' 41 4
2021-12-23 21:05:55,680 (DEBUG): STREAM b'cHRM' 57 32
2021-12-23 21:05:55,680 (DEBUG): STREAM b'bKGD' 101 2
2021-12-23 21:05:55,680 (DEBUG): b'bKGD' 101 2 (unknown)
2021-12-23 21:05:55,680 (DEBUG): STREAM b'tIME' 115 7
2021-12-23 21:05:55,680 (DEBUG): b'tIME' 115 7 (unknown)
2021-12-23 21:05:55,680 (DEBUG): STREAM b'IDAT' 134 32768
2021-12-23 21:05:55,693 (DEBUG): STREAM b'IHDR' 16 13
2021-12-23 21:05:55,693 (DEBUG): STREAM b'gAMA' 41 4
2021-12-23 21:05:55,694 (DEBUG): STREAM b'cHRM' 57 32
2021-12-23 21:05:55,694 (DEBUG): STREAM b'bKGD' 101 2
2021-12-23 21:05:55,694 (DEBUG): b'bKGD' 101 2 (unknown)
2021-12-23 21:05:55,694 (DEBUG): STREAM b'tIME' 115 7
2021-12-23 21:05:55,694 (DEBUG): b'tIME' 115 7 (unknown)
2021-12-23 21:05:55,694 (DEBUG): STREAM b'IDAT' 134 32768
2021-12-23 21:05:55,706 (DEBUG): STREAM b'IHDR' 16 13
2021-12-23 21:05:55,706 (DEBUG): STREAM b'gAMA' 41 4
2021-12-23 21:05:55,706 (DEBUG): STREAM b'cHRM' 57 32
2021-12-23 21:05:55,706 (DEBUG): STREAM b'bKGD' 101 2
2021-12-23 21:05:55,706 (DEBUG): b'bKGD' 101 2 (unknown)
2021-12-23 21:05:55,706 (DEBUG): STREAM b'tIME' 115 7
2021-12-23 21:05:55,706 (DEBUG): b'tIME' 115 7 (unknown)
2021-12-23 21:05:55,706 (DEBUG): STREAM b'IDAT' 134 32768
2021-12-23 21:05:55,719 (DEBUG): STREAM b'IHDR' 16 13
2021-12-23 21:05:55,719 (DEBUG): STREAM b'gAMA' 41 4
2021-12-23 21:05:55,719 (DEBUG): STREAM b'cHRM' 57 32
2021-12-23 21:05:55,719 (DEBUG): STREAM b'bKGD' 101 2
2021-12-23 21:05:55,719 (DEBUG): b'bKGD' 101 2 (unknown)
2021-12-23 21:05:55,719 (DEBUG): STREAM b'tIME' 115 7
2021-12-23 21:05:55,719 (DEBUG): b'tIME' 115 7 (unknown)
2021-12-23 21:05:55,719 (DEBUG): STREAM b'IDAT' 134 32768
2021-12-23 21:05:55,732 (DEBUG): STREAM b'IHDR' 16 13
2021-12-23 21:05:55,732 (DEBUG): STREAM b'gAMA' 41 4
2021-12-23 21:05:55,732 (DEBUG): STREAM b'cHRM' 57 32
2021-12-23 21:05:55,732 (DEBUG): STREAM b'bKGD' 101 2
2021-12-23 21:05:55,732 (DEBUG): b'bKGD' 101 2 (unknown)
2021-12-23 21:05:55,732 (DEBUG): STREAM b'tIME' 115 7
2021-12-23 21:05:55,732 (DEBUG): b'tIME' 115 7 (unknown)
2021-12-23 21:05:55,732 (DEBUG): STREAM b'IDAT' 134 32768
2021-12-23 21:05:55,746 (DEBUG): STREAM b'IHDR' 16 13
2021-12-23 21:05:55,746 (DEBUG): STREAM b'gAMA' 41 4
2021-12-23 21:05:55,746 (DEBUG): STREAM b'cHRM' 57 32
2021-12-23 21:05:55,746 (DEBUG): STREAM b'bKGD' 101 2
2021-12-23 21:05:55,746 (DEBUG): b'bKGD' 101 2 (unknown)
2021-12-23 21:05:55,746 (DEBUG): STREAM b'tIME' 115 7
2021-12-23 21:05:55,746 (DEBUG): b'tIME' 115 7 (unknown)
2021-12-23 21:05:55,746 (DEBUG): STREAM b'IDAT' 134 32768
2021-12-23 21:05:55,759 (DEBUG): STREAM b'IHDR' 16 13
2021-12-23 21:05:55,759 (DEBUG): STREAM b'gAMA' 41 4
2021-12-23 21:05:55,760 (DEBUG): STREAM b'cHRM' 57 32
2021-12-23 21:05:55,760 (DEBUG): STREAM b'bKGD' 101 2
2021-12-23 21:05:55,760 (DEBUG): b'bKGD' 101 2 (unknown)
2021-12-23 21:05:55,760 (DEBUG): STREAM b'tIME' 115 7
2021-12-23 21:05:55,760 (DEBUG): b'tIME' 115 7 (unknown)
2021-12-23 21:05:55,760 (DEBUG): STREAM b'IDAT' 134 32768
2021-12-23 21:05:55,772 (DEBUG): STREAM b'IHDR' 16 13
2021-12-23 21:05:55,772 (DEBUG): STREAM b'gAMA' 41 4
2021-12-23 21:05:55,772 (DEBUG): STREAM b'cHRM' 57 32
2021-12-23 21:05:55,772 (DEBUG): STREAM b'bKGD' 101 2
2021-12-23 21:05:55,773 (DEBUG): b'bKGD' 101 2 (unknown)
2021-12-23 21:05:55,773 (DEBUG): STREAM b'tIME' 115 7
2021-12-23 21:05:55,773 (DEBUG): b'tIME' 115 7 (unknown)
2021-12-23 21:05:55,773 (DEBUG): STREAM b'IDAT' 134 32768
2021-12-23 21:05:55,786 (DEBUG): STREAM b'IHDR' 16 13
2021-12-23 21:05:55,786 (DEBUG): STREAM b'gAMA' 41 4
2021-12-23 21:05:55,786 (DEBUG): STREAM b'cHRM' 57 32
2021-12-23 21:05:55,786 (DEBUG): STREAM b'bKGD' 101 2
2021-12-23 21:05:55,786 (DEBUG): b'bKGD' 101 2 (unknown)
2021-12-23 21:05:55,786 (DEBUG): STREAM b'tIME' 115 7
2021-12-23 21:05:55,786 (DEBUG): b'tIME' 115 7 (unknown)
2021-12-23 21:05:55,786 (DEBUG): STREAM b'IDAT' 134 32768
2021-12-23 21:05:55,817 (DEBUG): STREAM b'IHDR' 16 13
2021-12-23 21:05:55,817 (DEBUG): STREAM b'gAMA' 41 4
2021-12-23 21:05:55,817 (DEBUG): STREAM b'cHRM' 57 32
2021-12-23 21:05:55,817 (DEBUG): STREAM b'bKGD' 101 2
2021-12-23 21:05:55,817 (DEBUG): b'bKGD' 101 2 (unknown)
2021-12-23 21:05:55,817 (DEBUG): STREAM b'tIME' 115 7
2021-12-23 21:05:55,817 (DEBUG): b'tIME' 115 7 (unknown)
2021-12-23 21:05:55,817 (DEBUG): STREAM b'IDAT' 134 32768
2021-12-23 21:05:55,830 (DEBUG): STREAM b'IHDR' 16 13
2021-12-23 21:05:55,830 (DEBUG): STREAM b'gAMA' 41 4
2021-12-23 21:05:55,830 (DEBUG): STREAM b'cHRM' 57 32
2021-12-23 21:05:55,830 (DEBUG): STREAM b'bKGD' 101 2
2021-12-23 21:05:55,830 (DEBUG): b'bKGD' 101 2 (unknown)
2021-12-23 21:05:55,830 (DEBUG): STREAM b'tIME' 115 7
2021-12-23 21:05:55,830 (DEBUG): b'tIME' 115 7 (unknown)
2021-12-23 21:05:55,830 (DEBUG): STREAM b'IDAT' 134 32768
2021-12-23 21:05:55,844 (DEBUG): STREAM b'IHDR' 16 13
2021-12-23 21:05:55,844 (DEBUG): STREAM b'gAMA' 41 4
2021-12-23 21:05:55,844 (DEBUG): STREAM b'cHRM' 57 32
2021-12-23 21:05:55,844 (DEBUG): STREAM b'bKGD' 101 2
2021-12-23 21:05:55,844 (DEBUG): b'bKGD' 101 2 (unknown)
2021-12-23 21:05:55,844 (DEBUG): STREAM b'tIME' 115 7
2021-12-23 21:05:55,844 (DEBUG): b'tIME' 115 7 (unknown)
2021-12-23 21:05:55,844 (DEBUG): STREAM b'IDAT' 134 32768
2021-12-23 21:05:55,856 (DEBUG): STREAM b'IHDR' 16 13
2021-12-23 21:05:55,857 (DEBUG): STREAM b'gAMA' 41 4
2021-12-23 21:05:55,857 (DEBUG): STREAM b'cHRM' 57 32
2021-12-23 21:05:55,857 (DEBUG): STREAM b'bKGD' 101 2
2021-12-23 21:05:55,857 (DEBUG): b'bKGD' 101 2 (unknown)
2021-12-23 21:05:55,857 (DEBUG): STREAM b'tIME' 115 7
2021-12-23 21:05:55,857 (DEBUG): b'tIME' 115 7 (unknown)
2021-12-23 21:05:55,857 (DEBUG): STREAM b'IDAT' 134 32768
2021-12-23 21:05:55,951 (DEBUG): STREAM b'IHDR' 16 13
2021-12-23 21:05:55,951 (DEBUG): STREAM b'gAMA' 41 4
2021-12-23 21:05:55,951 (DEBUG): STREAM b'cHRM' 57 32
2021-12-23 21:05:55,951 (DEBUG): STREAM b'bKGD' 101 2
2021-12-23 21:05:55,951 (DEBUG): b'bKGD' 101 2 (unknown)
2021-12-23 21:05:55,951 (DEBUG): STREAM b'tIME' 115 7
2021-12-23 21:05:55,952 (DEBUG): b'tIME' 115 7 (unknown)
2021-12-23 21:05:55,952 (DEBUG): STREAM b'IDAT' 134 32768
2021-12-23 21:05:55,982 (DEBUG): STREAM b'IHDR' 16 13
2021-12-23 21:05:55,982 (DEBUG): STREAM b'gAMA' 41 4
2021-12-23 21:05:55,982 (DEBUG): STREAM b'cHRM' 57 32
2021-12-23 21:05:55,982 (DEBUG): STREAM b'bKGD' 101 2
2021-12-23 21:05:55,982 (DEBUG): b'bKGD' 101 2 (unknown)
2021-12-23 21:05:55,982 (DEBUG): STREAM b'tIME' 115 7
2021-12-23 21:05:55,983 (DEBUG): b'tIME' 115 7 (unknown)
2021-12-23 21:05:55,983 (DEBUG): STREAM b'IDAT' 134 32768
2021-12-23 21:05:55,996 (DEBUG): STREAM b'IHDR' 16 13
2021-12-23 21:05:55,996 (DEBUG): STREAM b'gAMA' 41 4
2021-12-23 21:05:55,996 (DEBUG): STREAM b'cHRM' 57 32
2021-12-23 21:05:55,996 (DEBUG): STREAM b'bKGD' 101 2
2021-12-23 21:05:55,996 (DEBUG): b'bKGD' 101 2 (unknown)
2021-12-23 21:05:55,996 (DEBUG): STREAM b'tIME' 115 7
2021-12-23 21:05:55,996 (DEBUG): b'tIME' 115 7 (unknown)
2021-12-23 21:05:55,996 (DEBUG): STREAM b'IDAT' 134 32768
2021-12-23 21:05:56,012 (DEBUG): STREAM b'IHDR' 16 13
2021-12-23 21:05:56,012 (DEBUG): STREAM b'gAMA' 41 4
2021-12-23 21:05:56,012 (DEBUG): STREAM b'cHRM' 57 32
2021-12-23 21:05:56,012 (DEBUG): STREAM b'bKGD' 101 2
2021-12-23 21:05:56,012 (DEBUG): b'bKGD' 101 2 (unknown)
2021-12-23 21:05:56,012 (DEBUG): STREAM b'tIME' 115 7
2021-12-23 21:05:56,012 (DEBUG): b'tIME' 115 7 (unknown)
2021-12-23 21:05:56,012 (DEBUG): STREAM b'IDAT' 134 32768
2021-12-23 21:05:56,030 (DEBUG): STREAM b'IHDR' 16 13
2021-12-23 21:05:56,030 (DEBUG): STREAM b'gAMA' 41 4
2021-12-23 21:05:56,030 (DEBUG): STREAM b'cHRM' 57 32
2021-12-23 21:05:56,030 (DEBUG): STREAM b'bKGD' 101 2
2021-12-23 21:05:56,030 (DEBUG): b'bKGD' 101 2 (unknown)
2021-12-23 21:05:56,030 (DEBUG): STREAM b'tIME' 115 7
2021-12-23 21:05:56,030 (DEBUG): b'tIME' 115 7 (unknown)
2021-12-23 21:05:56,030 (DEBUG): STREAM b'IDAT' 134 32768
2021-12-23 21:05:56,055 (DEBUG): STREAM b'IHDR' 16 13
2021-12-23 21:05:56,055 (DEBUG): STREAM b'gAMA' 41 4
2021-12-23 21:05:56,055 (DEBUG): STREAM b'cHRM' 57 32
2021-12-23 21:05:56,055 (DEBUG): STREAM b'bKGD' 101 2
2021-12-23 21:05:56,055 (DEBUG): b'bKGD' 101 2 (unknown)
2021-12-23 21:05:56,055 (DEBUG): STREAM b'tIME' 115 7
2021-12-23 21:05:56,083 (DEBUG): b'tIME' 115 7 (unknown)
2021-12-23 21:05:56,083 (DEBUG): STREAM b'IDAT' 134 32768
2021-12-23 21:05:56,101 (DEBUG): STREAM b'IHDR' 16 13
2021-12-23 21:05:56,101 (DEBUG): STREAM b'gAMA' 41 4
2021-12-23 21:05:56,101 (DEBUG): STREAM b'cHRM' 57 32
2021-12-23 21:05:56,101 (DEBUG): STREAM b'bKGD' 101 2
2021-12-23 21:05:56,101 (DEBUG): b'bKGD' 101 2 (unknown)
2021-12-23 21:05:56,101 (DEBUG): STREAM b'tIME' 115 7
2021-12-23 21:05:56,101 (DEBUG): b'tIME' 115 7 (unknown)
2021-12-23 21:05:56,102 (DEBUG): STREAM b'IDAT' 134 32768
2021-12-23 21:05:56,159 (DEBUG): STREAM b'IHDR' 16 13
2021-12-23 21:05:56,159 (DEBUG): STREAM b'gAMA' 41 4
2021-12-23 21:05:56,159 (DEBUG): STREAM b'cHRM' 57 32
2021-12-23 21:05:56,159 (DEBUG): STREAM b'bKGD' 101 2
2021-12-23 21:05:56,159 (DEBUG): b'bKGD' 101 2 (unknown)
2021-12-23 21:05:56,159 (DEBUG): STREAM b'tIME' 115 7
2021-12-23 21:05:56,159 (DEBUG): b'tIME' 115 7 (unknown)
2021-12-23 21:05:56,159 (DEBUG): STREAM b'IDAT' 134 32768
