2021-12-25 19:59:03,751 (INFO): Log Path: D:\Source_Code\Python ++\02. updateComic\log\debug-20211225-1959.03.log
2021-12-25 19:59:05,806 (INFO): Currently Processing image
2021-12-25 19:59:05,806 (INFO): Processing Titles ...
2021-12-25 19:59:05,829 (DEBUG): Get Info from structure: (2t+=sakusei toshi elosion)
2021-12-25 19:59:05,836 (DEBUG): Get Info from structure: (a-10+=koukai tanetsuke hentai koubi 2)
2021-12-25 19:59:05,843 (DEBUG): Get Info from structure: (Abubu+=Kinjo no Onnatachi ga Nazeka Ore no Ie no Furo ni Hairi ni Kuru Ken)
2021-12-25 19:59:05,852 (DEBUG): Get Info from structure: (abubu+=npc kan mod)
2021-12-25 19:59:05,877 (DEBUG): Get Info from structure: (agobitch nee-san+=Hataraku Onee-san-tachi ~Mikonritsu no Takai Machi de Hataraku Tokoya no Onee-san ni Okuchi de Shiborareru~)
2021-12-25 19:59:05,884 (DEBUG): Get Info from structure: (Agobitch Nee-san+=Kono Machi no Dansei wa Otoko ni Ueta Josei ni Nerawareteiru!! Hataraku Onee-san-tachi Shakaijin Ichinenme)
2021-12-25 19:59:05,891 (DEBUG): Get Info from structure: (agobitch nee-san+=Seifuku Bishoujo)
2021-12-25 19:59:05,900 (DEBUG): Get Info from structure: (ahemaru+=slave the blood)
2021-12-25 19:59:05,907 (DEBUG): Get Info from structure: (amano ameno+=Jabami Yumeko Hentai Koushuu Benjo Tantsubo Nikubenki Onna)
2021-12-25 19:59:05,915 (DEBUG): Get Info from structure: (amano ameno+=Kyonyuu Onna Joushi Saimin Nikuningyou)
2021-12-25 19:59:05,923 (DEBUG): Get Info from structure: (amatake akewo+=magical girl fuck)
2021-12-25 19:59:05,932 (DEBUG): Get Info from structure: (amatake akewo+=my adoring, ill-tempered nympho love)
2021-12-25 19:59:05,940 (DEBUG): Get Info from structure: (amatake akewo+=sarasare aidol)
2021-12-25 19:59:05,949 (DEBUG): Get Info from structure: (amatake akewo+=stories)
2021-12-25 19:59:05,957 (DEBUG): Get Info from structure: (Ameyama Denshin+=Stories)
2021-12-25 19:59:05,965 (DEBUG): Get Info from structure: (Arai Kei+=Boku No Kanojo)
2021-12-25 19:59:05,973 (DEBUG): Get Info from structure: (arai kei+=Boku Wa Kanojo No Namae Mo Shiranai)
2021-12-25 19:59:05,982 (DEBUG): Get Info from structure: (arai kei+=hougan kanojo)
2021-12-25 19:59:05,990 (DEBUG): Get Info from structure: (arai kei+=Stories)
2021-12-25 19:59:05,998 (DEBUG): Get Info from structure: (arai taiki+=glory hole)
2021-12-25 19:59:06,006 (DEBUG): Get Info from structure: (arai taiki+=kago no naka no tori)
2021-12-25 19:59:06,013 (DEBUG): Get Info from structure: (Arai Taiki+=Kahanshin Daiichi Shugi)
2021-12-25 19:59:06,020 (DEBUG): Get Info from structure: (arai taiki+=ochita yume no naka de)
2021-12-25 19:59:06,028 (DEBUG): Get Info from structure: (aroma sensei+=Gwen)
2021-12-25 19:59:06,036 (DEBUG): Get Info from structure: (aroma sensei+=what's going on here)
2021-12-25 19:59:06,043 (DEBUG): Get Info from structure: (asanagi+=Stories)
2021-12-25 19:59:06,051 (DEBUG): Get Info from structure: (B.B.T.T.+=Dorei Ogre no Ningen Shakai Kengaku)
2021-12-25 19:59:06,059 (DEBUG): Get Info from structure: (b.b.t.t.+=enslaved overlord)
2021-12-25 19:59:06,067 (DEBUG): Get Info from structure: (b.b.t.t.+=takabisha elf kyousei konin!!)
2021-12-25 19:59:06,075 (DEBUG): Get Info from structure: (BeNantoka+=Stories)
2021-12-25 19:59:06,086 (DEBUG): Get Info from structure: (Bonske+=Arawareta Chijo wa Toshishita Kui no Scatolo Hentai deshita)
2021-12-25 19:59:06,093 (DEBUG): Get Info from structure: (bonske+=sono kuchi to shita de subete o uketomenasai)
2021-12-25 19:59:06,101 (DEBUG): Get Info from structure: (dam+=lina-sama goes nuts)
2021-12-25 19:59:06,108 (DEBUG): Get Info from structure: (dam+=stories)
2021-12-25 19:59:06,117 (DEBUG): Get Info from structure: (denchi+=Hajimete No Netorare Maso-ka Choukyou)
2021-12-25 19:59:06,125 (DEBUG): Get Info from structure: (denchi+=Stories)
2021-12-25 19:59:06,134 (DEBUG): Get Info from structure: (Dokurosan+=Stories)
2021-12-25 19:59:06,142 (DEBUG): Get Info from structure: (doujin mukashibanashi+=Stories)
2021-12-25 19:59:06,150 (DEBUG): Get Info from structure: (Enokido+=Stories)
2021-12-25 19:59:06,158 (DEBUG): Get Info from structure: (etuzan jakusui+=Stories)
2021-12-25 19:59:06,167 (DEBUG): Get Info from structure: (freehand tamashii+=aorare tsuma)
2021-12-25 19:59:06,175 (DEBUG): Get Info from structure: (freehand tamashii+=Incha No Oi Ga Yaritai Oba-san)
2021-12-25 19:59:06,185 (DEBUG): Get Info from structure: (freehand tamashii+=Isourou Saki No Obasan Ni Hameru!)
2021-12-25 19:59:06,194 (DEBUG): Get Info from structure: (freehand tamashii+=Stories)
2021-12-25 19:59:06,201 (DEBUG): Get Info from structure: (freehand tamashii+=Toiu Wake De, Kaa-san-tachi To Yattemita)
2021-12-25 19:59:06,209 (DEBUG): Get Info from structure: (freehand tamasshii+=Shin Mama O Netoruze!)
2021-12-25 19:59:06,219 (DEBUG): Get Info from structure: (gonza+=av mama)
2021-12-25 19:59:06,226 (DEBUG): Get Info from structure: (gonza+=matching appli)
2021-12-25 19:59:06,233 (DEBUG): Get Info from structure: (Gonza+=Mayonaka No Haha)
2021-12-25 19:59:06,240 (DEBUG): Get Info from structure: (gonza+=my three horny moms)
2021-12-25 19:59:06,250 (DEBUG): Get Info from structure: (gonza+=Nonfiction ~boshi Soukan No Kioku~)
2021-12-25 19:59:06,257 (DEBUG): Get Info from structure: (gonza+=stories)
2021-12-25 19:59:06,267 (DEBUG): Get Info from structure: (gorgonzola+=stories)
2021-12-25 19:59:06,274 (DEBUG): Get Info from structure: (henkuma+=fall! sticky education!)
2021-12-25 19:59:06,283 (DEBUG): Get Info from structure: (henkuma+=Stories)
2021-12-25 19:59:06,293 (DEBUG): Get Info from structure: (henriku+=rin no inran funtouki)
2021-12-25 19:59:06,301 (DEBUG): Get Info from structure: (hyji+=Kinjo Yuuwaku Mama Hen)
2021-12-25 19:59:06,310 (DEBUG): Get Info from structure: (hyji+=Stories)
2021-12-25 19:59:06,318 (DEBUG): Get Info from structure: (igumox+=muramata-san no himitsu)
2021-12-25 19:59:06,325 (DEBUG): Get Info from structure: (igumox+=stories)
2021-12-25 19:59:06,333 (DEBUG): Get Info from structure: (inoue nanaki+=Stories)
2021-12-25 19:59:06,341 (DEBUG): Get Info from structure: (jabcomix+=Americunt Dragon)
2021-12-25 19:59:06,349 (DEBUG): Get Info from structure: (jabcomix+=fucking possible)
2021-12-25 19:59:06,358 (DEBUG): Get Info from structure: (jabcomix+=keeping it up with the joneses)
2021-12-25 19:59:06,366 (DEBUG): Get Info from structure: (jabcomix+=thorny thursday)
2021-12-25 19:59:06,373 (WARNING): Folder name don't have '+=' (jabcomix+shorts)
2021-12-25 19:59:06,373 (DEBUG): Get Info from structure: (jairou+=Gakuen Rankou)
2021-12-25 19:59:06,382 (DEBUG): Get Info from structure: (Jairou+=Inran Shounen Nazo no Bitch Shota to Ossan no Monogatari)
2021-12-25 19:59:06,389 (DEBUG): Get Info from structure: (jairou+=seikyouiku wa rankou de)
2021-12-25 19:59:06,397 (DEBUG): Get Info from structure: (Jairou+=Shinjin Kyoushi Fujiwara-san no Ayashii Kyouin Nikki)
2021-12-25 19:59:06,405 (DEBUG): Get Info from structure: (Jairou+=Soto de Shiyou! Futari no Himitsu)
2021-12-25 19:59:06,411 (DEBUG): Get Info from structure: (jinsuke+=boku no oba-san no amaama natsuyasumi)
2021-12-25 19:59:06,420 (DEBUG): Get Info from structure: (jinsuke+=Kaasan wa boku no ningyou)
2021-12-25 19:59:06,427 (DEBUG): Get Info from structure: (jinsuke+=mesu kyoushi)
2021-12-25 19:59:06,435 (DEBUG): Get Info from structure: (jinsuke+=stories)
2021-12-25 19:59:06,442 (WARNING): Folder name don't have '+=' (jinsuke+mesu kachou jogeza)
2021-12-25 19:59:06,442 (DEBUG): Get Info from structure: (jyura+=sailor moon (30))
2021-12-25 19:59:06,451 (DEBUG): Get Info from structure: (jyura+=Stories)
2021-12-25 19:59:06,459 (DEBUG): Get Info from structure: (laliberte+=Reverse)
2021-12-25 19:59:06,468 (DEBUG): Get Info from structure: (laliberte+=stories)
2021-12-25 19:59:06,477 (DEBUG): Get Info from structure: (mizone+=Ajin Iryou Sougou Center e Youkoso!)
2021-12-25 19:59:06,487 (DEBUG): Get Info from structure: (mizone+=Jikyuu 1500 yen!! Gyogyou o Tetsudau Kantan na Oshigoto desu)
2021-12-25 19:59:06,494 (DEBUG): Get Info from structure: (mizone+=Kindan no Shohousen)
2021-12-25 19:59:06,503 (DEBUG): Get Info from structure: (mizone+=monster romance)
2021-12-25 19:59:06,512 (DEBUG): Get Info from structure: (mizone+=monster smash)
2021-12-25 19:59:06,522 (DEBUG): Get Info from structure: (mizone+=Otherworldly Maidens Series)
2021-12-25 19:59:06,529 (DEBUG): Get Info from structure: (mizone+=stories)
2021-12-25 19:59:06,542 (DEBUG): Get Info from structure: (mizone+=Zasshoku Yuusha)
2021-12-25 19:59:06,551 (WARNING): Folder name don't have '+=' (sakamata nerimono+HYPNO BLINK)
2021-12-25 19:59:06,552 (DEBUG): Get Info from structure: (Takatsu+=Chotto Bijin de Mune ga Dekakute Eroi dake no Baka Nee)
2021-12-25 19:59:06,559 (DEBUG): Get Info from structure: (Tsusauto+=Jichikai no Hitozuma wa Totemo Ecchi deshita)
2021-12-25 19:59:06,568 (WARNING): Folder name don't have '+=' (type 90+Stories)
2021-12-25 19:59:06,568 (DEBUG): Get Info from structure: (Yamamoto Zenzen+=S-ken K-shi Shakaijin Joshi Volleyball Circle no Jijou)
2021-12-25 19:59:06,577 (DEBUG): Get Info from structure: (yatsuki hiyori+=Kuroi-san wa Chou Kashikoi)
2021-12-25 19:59:06,585 (INFO): Processing Chapters / Episodes ...
2021-12-25 19:59:06,608 (INFO): Processing Chapters & Pages ... 
