2021-12-13 21:08:48,385 (INFO): Log Path: D:\Source_Code\Python ++\02. updateComic\log\debug-20211213-2108.48.log
2021-12-13 21:08:48,625 (WARNING): Folder name don't have '+' (120)
2021-12-13 21:08:48,625 (WARNING): Folder name don't have '+' (121)
2021-12-13 21:08:48,625 (WARNING): Folder name don't have '+' (129)
2021-12-13 21:08:48,625 (WARNING): Folder name don't have '+' (131)
2021-12-13 21:08:48,625 (WARNING): Folder name don't have '+' (134)
2021-12-13 21:08:48,626 (WARNING): Folder name don't have '+' (135)
2021-12-13 21:08:48,626 (WARNING): Folder name don't have '+' (136)
2021-12-13 21:08:48,626 (WARNING): Folder name don't have '+' (137)
2021-12-13 21:08:48,626 (WARNING): Folder name don't have '+' (139)
2021-12-13 21:08:48,627 (WARNING): Folder name don't have '+' (140)
2021-12-13 21:08:48,627 (WARNING): Folder name don't have '+' (141)
2021-12-13 21:08:48,627 (WARNING): Folder name don't have '+' (142)
2021-12-13 21:08:48,628 (WARNING): Folder name don't have '+' (143)
2021-12-13 21:08:48,628 (WARNING): Folder name don't have '+' (144)
2021-12-13 21:08:48,628 (WARNING): Folder name don't have '+' (146)
2021-12-13 21:08:48,628 (WARNING): Folder name don't have '+' (149)
2021-12-13 21:08:48,629 (WARNING): Folder name don't have '+' (153)
2021-12-13 21:08:48,629 (WARNING): Folder name don't have '+' (157)
2021-12-13 21:08:48,629 (WARNING): Folder name don't have '+' (158)
2021-12-13 21:08:48,629 (WARNING): Folder name don't have '+' (162)
2021-12-13 21:08:48,629 (WARNING): Folder name don't have '+' (166)
2021-12-13 21:08:48,629 (WARNING): Folder name don't have '+' (167)
2021-12-13 21:08:48,630 (WARNING): Folder name don't have '+' (871)
2021-12-13 21:08:48,630 (WARNING): Folder name don't have '+' (876)
2021-12-13 21:08:48,630 (WARNING): Folder name don't have '+' (877)
2021-12-13 21:08:48,630 (WARNING): Folder name don't have '+' (881)
2021-12-13 21:08:48,630 (WARNING): Folder name don't have '+' (885)
2021-12-13 21:08:48,630 (WARNING): Folder name don't have '+' (886)
2021-12-13 21:08:48,631 (WARNING): Folder name don't have '+' (890)
2021-12-13 21:08:48,631 (WARNING): Folder name don't have '+' (893)
2021-12-13 21:08:48,631 (WARNING): Folder name don't have '+' (894)
2021-12-13 21:08:48,631 (WARNING): Folder name don't have '+' (895)
2021-12-13 21:08:48,632 (WARNING): Folder name don't have '+' (896)
2021-12-13 21:08:48,632 (WARNING): Folder name don't have '+' (898)
2021-12-13 21:08:48,632 (WARNING): Folder name don't have '+' (901)
2021-12-13 21:08:48,633 (WARNING): Folder name don't have '+' (902)
2021-12-13 21:08:48,633 (WARNING): Folder name don't have '+' (903)
2021-12-13 21:08:48,633 (WARNING): Folder name don't have '+' (904)
2021-12-13 21:08:48,633 (WARNING): Folder name don't have '+' (905)
2021-12-13 21:08:48,634 (WARNING): Folder name don't have '+' (906)
2021-12-13 21:08:48,634 (WARNING): Folder name don't have '+' (908)
2021-12-13 21:08:48,634 (WARNING): Folder name don't have '+' (910)
2021-12-13 21:08:48,634 (WARNING): Folder name don't have '+' (913)
2021-12-13 21:08:48,634 (WARNING): Folder name don't have '+' (918)
2021-12-13 21:08:48,634 (WARNING): Folder name don't have '+' (919)
2021-12-13 21:08:48,639 (WARNING): There are multiple numbers in episode name dir: []
2021-12-13 21:08:48,650 (WARNING): There are multiple numbers in episode name dir: []
2021-12-13 21:08:48,703 (WARNING): There are multiple numbers in episode name dir: []
2021-12-13 21:08:48,765 (WARNING): There are multiple numbers in episode name dir: []
2021-12-13 21:08:48,766 (WARNING): There are multiple numbers in episode name dir: []
2021-12-13 21:08:48,766 (WARNING): There are multiple numbers in episode name dir: []
2021-12-13 21:08:48,767 (WARNING): There are multiple numbers in episode name dir: []
2021-12-13 21:08:48,767 (WARNING): There are multiple numbers in episode name dir: []
2021-12-13 21:08:48,772 (WARNING): There are multiple numbers in episode name dir: []
2021-12-13 21:08:48,836 (WARNING): There are multiple numbers in episode name dir: []
2021-12-13 21:08:48,891 (WARNING): There are multiple numbers in episode name dir: []
2021-12-13 21:08:48,895 (WARNING): There are multiple numbers in episode name dir: []
2021-12-13 21:08:48,900 (WARNING): There are multiple numbers in episode name dir: []
2021-12-13 21:08:48,928 (WARNING): There are multiple numbers in episode name dir: []
2021-12-13 21:08:48,932 (WARNING): There are multiple numbers in episode name dir: []
2021-12-13 21:08:48,936 (WARNING): There are multiple numbers in episode name dir: []
2021-12-13 21:08:48,943 (WARNING): There are multiple numbers in episode name dir: []
2021-12-13 21:08:48,947 (WARNING): There are multiple numbers in episode name dir: []
2021-12-13 21:08:48,951 (WARNING): There are multiple numbers in episode name dir: []
2021-12-13 21:08:48,963 (WARNING): There are multiple numbers in episode name dir: []
2021-12-13 21:08:48,975 (WARNING): There are multiple numbers in episode name dir: []
2021-12-13 21:08:48,979 (WARNING): There are multiple numbers in episode name dir: []
2021-12-13 21:08:48,985 (WARNING): There are multiple numbers in episode name dir: []
2021-12-13 21:08:48,989 (WARNING): There are multiple numbers in episode name dir: []
2021-12-13 21:08:48,993 (WARNING): There are multiple numbers in episode name dir: []
2021-12-13 21:08:49,006 (WARNING): There are multiple numbers in episode name dir: []
2021-12-13 21:08:49,035 (WARNING): There are multiple numbers in episode name dir: []
2021-12-13 21:08:49,147 (WARNING): There are multiple numbers in episode name dir: []
2021-12-13 21:08:49,147 (WARNING): There are multiple numbers in episode name dir: []
2021-12-13 21:08:49,147 (WARNING): There are multiple numbers in episode name dir: []
2021-12-13 21:08:49,148 (WARNING): There are multiple numbers in episode name dir: []
2021-12-13 21:08:49,165 (WARNING): There are multiple numbers in episode name dir: []
2021-12-13 21:08:49,169 (WARNING): There are multiple numbers in episode name dir: []
2021-12-13 21:08:49,180 (WARNING): There are multiple numbers in episode name dir: []
2021-12-13 21:08:49,253 (WARNING): There are multiple numbers in episode name dir: []
2021-12-13 21:08:49,263 (WARNING): There are multiple numbers in episode name dir: []
2021-12-13 21:08:49,266 (WARNING): There are multiple numbers in episode name dir: []
2021-12-13 21:08:49,288 (WARNING): There are multiple numbers in episode name dir: []
2021-12-13 21:08:49,319 (WARNING): There are multiple numbers in episode name dir: []
2021-12-13 21:08:49,326 (WARNING): There are multiple numbers in episode name dir: []
2021-12-13 21:08:49,329 (WARNING): There are multiple numbers in episode name dir: []
2021-12-13 21:08:49,417 (WARNING): There are multiple numbers in episode name dir: ['113', '2']
2021-12-13 21:08:49,417 (WARNING): There are multiple numbers in episode name dir: ['114', '3']
2021-12-13 21:08:49,418 (WARNING): There are multiple numbers in episode name dir: ['115', '4']
2021-12-13 21:08:49,418 (WARNING): There are multiple numbers in episode name dir: ['116', '5']
2021-12-13 21:08:49,418 (WARNING): There are multiple numbers in episode name dir: ['117', '6']
2021-12-13 21:08:49,418 (WARNING): There are multiple numbers in episode name dir: ['118', '7']
2021-12-13 21:08:49,418 (WARNING): There are multiple numbers in episode name dir: ['118', '8']
2021-12-13 21:08:49,422 (WARNING): There are multiple numbers in episode name dir: []
2021-12-13 21:08:49,427 (WARNING): There are multiple numbers in episode name dir: []
2021-12-13 21:08:49,456 (WARNING): There are multiple numbers in episode name dir: []
2021-12-13 21:08:49,460 (WARNING): There are multiple numbers in episode name dir: []
2021-12-13 21:08:49,463 (WARNING): There are multiple numbers in episode name dir: []
2021-12-13 21:08:49,472 (WARNING): There are multiple numbers in episode name dir: []
2021-12-13 21:08:49,479 (WARNING): There are multiple numbers in episode name dir: []
2021-12-13 21:08:49,503 (WARNING): There are multiple numbers in episode name dir: []
2021-12-13 21:08:49,504 (WARNING): There are multiple numbers in episode name dir: []
2021-12-13 21:08:49,567 (WARNING): There are multiple numbers in episode name dir: []
2021-12-13 21:08:49,570 (WARNING): There are multiple numbers in episode name dir: []
2021-12-13 21:08:49,573 (WARNING): There are multiple numbers in episode name dir: []
2021-12-13 21:08:49,576 (WARNING): There are multiple numbers in episode name dir: []
2021-12-13 21:08:49,580 (WARNING): There are multiple numbers in episode name dir: []
2021-12-13 21:08:49,585 (WARNING): There are multiple numbers in episode name dir: []
2021-12-13 21:08:49,605 (WARNING): There are multiple numbers in episode name dir: []
2021-12-13 21:08:49,640 (WARNING): There are multiple numbers in episode name dir: []
2021-12-13 21:08:49,647 (WARNING): There are multiple numbers in episode name dir: []
2021-12-13 21:08:49,662 (WARNING): There are multiple numbers in episode name dir: []
2021-12-13 21:08:49,672 (WARNING): There are multiple numbers in episode name dir: []
2021-12-13 21:08:49,684 (WARNING): There are multiple numbers in episode name dir: []
2021-12-13 21:08:49,685 (WARNING): There are multiple numbers in episode name dir: []
2021-12-13 21:08:49,729 (WARNING): There are multiple numbers in episode name dir: []
2021-12-13 21:08:49,737 (WARNING): There are multiple numbers in episode name dir: []
2021-12-13 21:08:49,740 (WARNING): There are multiple numbers in episode name dir: []
2021-12-13 21:08:49,774 (WARNING): Folder name have more than 1 '+' (nagare ippon+yuri kan + kanyou shoujo)
2021-12-13 21:08:49,786 (WARNING): There are multiple numbers in episode name dir: []
