2021-12-23 21:20:05,775 (INFO): Log Path: D:\Source_Code\Python ++\02. updateComic\log\debug-20211223-2120.05.log
2021-12-23 21:20:07,859 (INFO): Currently Processing image
2021-12-23 21:20:07,859 (INFO): Processing Titles ...
2021-12-23 21:20:07,891 (DEBUG): Get Info from structure: (2t+=sakusei toshi elosion)
2021-12-23 21:20:07,902 (DEBUG): Get Info from structure: (a-10+=koukai tanetsuke hentai koubi 2)
2021-12-23 21:20:07,913 (DEBUG): Get Info from structure: (Abubu+=Kinjo no Onnatachi ga Nazeka Ore no Ie no Furo ni Hairi ni Kuru Ken)
2021-12-23 21:20:07,923 (DEBUG): Get Info from structure: (abubu+=npc kan mod)
2021-12-23 21:20:07,935 (DEBUG): Get Info from structure: (agobitch nee-san+=Hataraku Onee-san-tachi ~Mikonritsu no Takai Machi de Hataraku Tokoya no Onee-san ni Okuchi de Shiborareru~)
2021-12-23 21:20:07,945 (DEBUG): Get Info from structure: (agobitch nee-san+=Seifuku Bishoujo)
2021-12-23 21:20:07,955 (DEBUG): Get Info from structure: (ahemaru+=slave the blood)
2021-12-23 21:20:07,967 (DEBUG): Get Info from structure: (amano ameno+=Jabami Yumeko Hentai Koushuu Benjo Tantsubo Nikubenki Onna)
2021-12-23 21:20:07,977 (DEBUG): Get Info from structure: (amano ameno+=Kyonyuu Onna Joushi Saimin Nikuningyou)
2021-12-23 21:20:07,988 (DEBUG): Get Info from structure: (Ameyama Denshin+=Stories)
2021-12-23 21:20:07,999 (DEBUG): Get Info from structure: (Arai Kei+=Boku No Kanojo)
2021-12-23 21:20:08,008 (DEBUG): Get Info from structure: (arai kei+=Boku Wa Kanojo No Namae Mo Shiranai)
2021-12-23 21:20:08,019 (DEBUG): Get Info from structure: (arai kei+=hougan kanojo)
2021-12-23 21:20:08,028 (DEBUG): Get Info from structure: (arai kei+=Stories)
2021-12-23 21:20:08,039 (DEBUG): Get Info from structure: (Arai Taiki+=Kahanshin Daiichi Shugi)
2021-12-23 21:20:08,049 (DEBUG): Get Info from structure: (arai taiki+=ochita yume no naka de)
2021-12-23 21:20:08,059 (DEBUG): Get Info from structure: (Arai Taiki+=Stories)
2021-12-23 21:20:08,068 (DEBUG): Get Info from structure: (aroma sensei+=Gwen)
2021-12-23 21:20:08,078 (DEBUG): Get Info from structure: (aroma sensei+=what's going on here)
2021-12-23 21:20:08,089 (DEBUG): Get Info from structure: (asanagi+=Stories)
2021-12-23 21:20:08,101 (DEBUG): Get Info from structure: (BeNantoka+=Stories)
2021-12-23 21:20:08,112 (DEBUG): Get Info from structure: (Bonske+=Arawareta Chijo wa Toshishita Kui no Scatolo Hentai deshita)
2021-12-23 21:20:08,123 (DEBUG): Get Info from structure: (bonske+=sono kuchi to shita de subete o uketomenasai)
2021-12-23 21:20:08,133 (DEBUG): Get Info from structure: (Dokurosan+=Stories)
2021-12-23 21:20:08,144 (DEBUG): Get Info from structure: (Enokido+=Stories)
2021-12-23 21:20:08,154 (DEBUG): Get Info from structure: (freehand tamashii+=aorare tsuma)
2021-12-23 21:20:08,163 (DEBUG): Get Info from structure: (freehand tamashii+=Incha No Oi Ga Yaritai Oba-san)
2021-12-23 21:20:08,174 (DEBUG): Get Info from structure: (freehand tamashii+=Isourou Saki No Obasan Ni Hameru!)
2021-12-23 21:20:08,184 (DEBUG): Get Info from structure: (freehand tamashii+=Stories)
2021-12-23 21:20:08,197 (DEBUG): Get Info from structure: (freehand tamashii+=Toiu Wake De, Kaa-san-tachi To Yattemita)
2021-12-23 21:20:08,207 (DEBUG): Get Info from structure: (freehand tamasshii+=Shin Mama O Netoruze!)
2021-12-23 21:20:08,222 (DEBUG): Get Info from structure: (gonza+=av mama)
2021-12-23 21:20:08,234 (DEBUG): Get Info from structure: (gonza+=matching appli)
2021-12-23 21:20:08,244 (DEBUG): Get Info from structure: (Gonza+=Mayonaka No Haha)
2021-12-23 21:20:08,255 (DEBUG): Get Info from structure: (gonza+=my three horny moms)
2021-12-23 21:20:08,267 (DEBUG): Get Info from structure: (gonza+=Nonfiction ~boshi Soukan No Kioku~)
2021-12-23 21:20:08,278 (DEBUG): Get Info from structure: (gonza+=stories)
2021-12-23 21:20:08,290 (DEBUG): Get Info from structure: (mizone+=Ajin Iryou Sougou Center e Youkoso!)
2021-12-23 21:20:08,301 (DEBUG): Get Info from structure: (mizone+=Jikyuu 1500 yen!! Gyogyou o Tetsudau Kantan na Oshigoto desu)
2021-12-23 21:20:08,310 (DEBUG): Get Info from structure: (mizone+=Kindan no Shohousen)
2021-12-23 21:20:08,322 (DEBUG): Get Info from structure: (mizone+=monster romance)
2021-12-23 21:20:08,333 (DEBUG): Get Info from structure: (mizone+=monster smash)
2021-12-23 21:20:08,343 (DEBUG): Get Info from structure: (mizone+=Otherworldly Maidens Series)
2021-12-23 21:20:08,352 (DEBUG): Get Info from structure: (mizone+=stories)
2021-12-23 21:20:08,363 (DEBUG): Get Info from structure: (mizone+=Zasshoku Yuusha)
2021-12-23 21:20:08,374 (DEBUG): Get Info from structure: (Tsusauto+=Jichikai no Hitozuma wa Totemo Ecchi deshita)
2021-12-23 21:20:08,384 (INFO): Processing Chapters / Episodes ...
2021-12-23 21:20:08,409 (INFO): Processing Chapters & Pages ... 
