2021-12-25 19:55:09,641 (INFO): Log Path: D:\Source_Code\Python ++\02. updateComic\log\debug-20211225-1955.09.log
2021-12-25 19:55:11,692 (INFO): Currently Processing image
2021-12-25 19:55:11,693 (INFO): Processing Titles ...
2021-12-25 19:55:12,906 (WARNING): Folder name don't have '+' (free style+one pii na yoru vip)
2021-12-25 19:55:12,907 (WARNING): Folder name don't have '+' (menea the dog+yabaso na onna)
2021-12-25 19:55:12,907 (WARNING): Folder name don't have '+' (kizuki rei+Otto Kounin Sex Advisor ni Hamatta Kekka Zenpen)
2021-12-25 19:55:12,907 (WARNING): Folder name don't have '+' (suruga kuroitsu's stories+suruga kuroitsu's stories)
2021-12-25 19:55:12,921 (WARNING): Folder name don't have '+' (kuro fn+sparta! bakunyu kyouei lesson)
2021-12-25 19:55:12,922 (WARNING): Folder name don't have '+' (doskoinpo+ashidorei ni natta danshi rikujoubu)
2021-12-25 19:55:12,922 (WARNING): Folder name don't have '+' (yumano yuuki+Stories)
2021-12-25 19:55:12,922 (WARNING): Folder name don't have '+' (geewhy+the joy of breeding)
2021-12-25 19:55:12,923 (WARNING): Folder name don't have '+' (kuroinu juu+submission-super moon)
2021-12-25 19:55:12,923 (WARNING): Folder name don't have '+' (milftoon+the milftoons)
2021-12-25 19:55:12,923 (DEBUG): Get Info from structure: (Yokkora+=Iinari Mama)
2021-12-25 19:55:12,930 (WARNING): Folder name don't have '+' (minato fumi+chiisana kuma)
2021-12-25 19:55:12,930 (WARNING): Folder name don't have '+' (Jii+Share Ni Naranai Eroi Hanashi)
2021-12-25 19:55:12,931 (WARNING): Folder name don't have '+' (nozarashi satoru+tabete wa ikenai)
2021-12-25 19:55:12,931 (WARNING): Folder name don't have '+' (melkor mancin+Sidney 2)
2021-12-25 19:55:12,931 (DEBUG): Get Info from structure: (Minazuki Mikka+=Sa.Ki.Ko.Sa.Re)
2021-12-25 19:55:12,938 (WARNING): Folder name don't have '+' (iris art+sei ga buchimakerareta bed sheet)
2021-12-25 19:55:12,938 (WARNING): Folder name don't have '+' (cotton house+aya nee ~ubawareta osananajimi~)
2021-12-25 19:55:12,939 (WARNING): Folder name don't have '+' (kiyokawa zaidan+while mommy is sleeping)
2021-12-25 19:55:12,939 (WARNING): Folder name don't have '+' (neko samurai+souken shimai ~ane torare ~)
2021-12-25 19:55:12,939 (WARNING): Folder name don't have '+' (mizuryu kei+Naomi Kaede Wa Majime De Sukebe)
2021-12-25 19:55:12,939 (WARNING): Folder name don't have '+' (sanagi torajirou+princess vs gorilla boss)
2021-12-25 19:55:12,939 (WARNING): Folder name don't have '+' (toitoi+suzuka choukyou kiroku)
2021-12-25 19:55:12,940 (WARNING): Folder name don't have '+' (john k pe-ta+washlet teller toilet spirit)
2021-12-25 19:55:12,940 (WARNING): Folder name don't have '+' (Haguhagu+Sasha-chan Is Coming!)
2021-12-25 19:55:12,940 (WARNING): Folder name don't have '+' (o.p com+hikari no housoku)
2021-12-25 19:55:12,941 (WARNING): Folder name don't have '+' (Dondakei+Fukushuu!! Tenraku Gakuen no Nikubin Hime!!)
2021-12-25 19:55:12,942 (WARNING): Folder name don't have '+' (sanagi torajirou+love & less)
2021-12-25 19:55:12,942 (WARNING): Folder name don't have '+' (rokkaku yasosuke+keeping himari-san company)
2021-12-25 19:55:12,942 (WARNING): Folder name don't have '+' (jingrock+love letter)
2021-12-25 19:55:12,942 (WARNING): Folder name don't have '+' (iku+iro o ou)
2021-12-25 19:55:12,943 (WARNING): Folder name don't have '+' (Kkamja+Lightning Rod)
2021-12-25 19:55:12,943 (DEBUG): Get Info from structure: (Yokkora+=Bubbly Bodycon Onee-san)
2021-12-25 19:55:12,949 (WARNING): Folder name don't have '+' (yamakumo+sex o sureba erai you na fuuchou)
2021-12-25 19:55:12,949 (WARNING): Folder name don't have '+' (Meetban+Neckless)
2021-12-25 19:55:12,950 (WARNING): Folder name don't have '+' (mizuryu kei+Maria-sama Ga Miteru Baishun)
2021-12-25 19:55:12,950 (WARNING): Folder name don't have '+' (dsan+perverted)
2021-12-25 19:55:12,950 (WARNING): Folder name don't have '+' (mizuryu kei+gts - great teacher sayoko)
2021-12-25 19:55:12,950 (WARNING): Folder name don't have '+' (ootsuka reika+arisa's bitch project)
2021-12-25 19:55:12,951 (WARNING): Folder name don't have '+' (Miharu+Hikkikomori Ojousama No Betabeta)
2021-12-25 19:55:12,951 (WARNING): Folder name don't have '+' (miyamoto issa+heart mark oome)
2021-12-25 19:55:12,952 (WARNING): Folder name don't have '+' (meme50+take us away)
2021-12-25 19:55:12,952 (WARNING): Folder name don't have '+' (asakura kukuri+Ochiba Tori)
2021-12-25 19:55:12,952 (WARNING): Folder name don't have '+' (kuroiwa menou+incubus)
2021-12-25 19:55:12,952 (WARNING): Folder name don't have '+' (shinozuka yuuji+ore ga mita koto no nai kanojo)
2021-12-25 19:55:12,953 (WARNING): Folder name don't have '+' (zaidan kiyokawa+settle it with mom)
2021-12-25 19:55:12,953 (WARNING): Folder name don't have '+' (nyuu+kyuu kousha ura bunkasai #1 -totsuzen no shoutai-)
2021-12-25 19:55:12,953 (WARNING): Folder name don't have '+' (tsuzura kuzukago+gibo to futari de kurashitara)
2021-12-25 19:55:12,954 (WARNING): Folder name don't have '+' (sengoku-kun+pretty cool)
2021-12-25 19:55:12,954 (WARNING): Folder name don't have '+' (suruga kuroitsu+the abcs of interviewing)
2021-12-25 19:55:12,954 (WARNING): Folder name don't have '+' (ryoji+inakax)
2021-12-25 19:55:12,954 (WARNING): Folder name don't have '+' (motomushi+Hanareta Tokoro kara Yarimakuri!)
2021-12-25 19:55:12,954 (WARNING): Folder name don't have '+' (sanbaizu+kazoku haisetsu)
2021-12-25 19:55:12,954 (WARNING): Folder name don't have '+' (emori uki+Oba-chan No Waki To Ase To Etc)
2021-12-25 19:55:12,955 (WARNING): Folder name don't have '+' (ironwolf+a villian's bitch)
2021-12-25 19:55:12,955 (WARNING): Folder name don't have '+' (aya shachou+aya shachou's stories)
2021-12-25 19:55:12,955 (WARNING): Folder name don't have '+' (pija+aru atsui hi no futari)
2021-12-25 19:55:12,955 (WARNING): Folder name don't have '+' (sawaragi+kaihou tokku gakuen seikatsu)
2021-12-25 19:55:12,955 (WARNING): Folder name don't have '+' (oosawara sadao+ore no kanojo wa hamedori jk ~koukai bokki o soete~)
2021-12-25 19:55:12,955 (WARNING): Folder name don't have '+' (atage+ore no imouto ga oji-san no onaho ni naru to iidashita!!)
2021-12-25 19:55:12,955 (WARNING): Folder name don't have '+' (cotton house+boku no jiman no kanojo ga netoraremashite)
2021-12-25 19:55:12,956 (WARNING): Folder name don't have '+' (tamagoro+toshiue no kareshi dekichaimashita)
2021-12-25 19:55:12,956 (WARNING): Folder name don't have '+' (tsukino jyogi+musume no bf sefure kankei ni natte shimatte guzuguzuna ken ni tsuite)
2021-12-25 19:55:12,956 (WARNING): Folder name don't have '+' (milftoon+iron giantits)
2021-12-25 19:55:12,956 (WARNING): Folder name don't have '+' (surumenium+enkou oji-san monogatari kuro gal bitch hen)
2021-12-25 19:55:12,956 (WARNING): Folder name don't have '+' (tamagoro+thank you very bitch)
2021-12-25 19:55:12,956 (WARNING): Folder name don't have '+' (kira hiroyoshi+chijo wakusei)
2021-12-25 19:55:12,956 (WARNING): Folder name don't have '+' (lunch+shochuu kaika)
2021-12-25 19:55:12,957 (WARNING): Folder name don't have '+' (Mizuryu Kei+Uchi no Kazoku no Fashion ga Okashii)
2021-12-25 19:55:12,957 (WARNING): Folder name don't have '+' (ootori mahiro+seieki jaguchi)
2021-12-25 19:55:12,957 (WARNING): Folder name don't have '+' (murata+Bijin Onna Joushi O Yaru!)
2021-12-25 19:55:12,957 (WARNING): Folder name don't have '+' (tsusauto+mikonjo no shounengari)
2021-12-25 19:55:12,957 (WARNING): Folder name don't have '+' (alp+hoshizora ...line)
2021-12-25 19:55:12,957 (WARNING): Folder name don't have '+' (mizuryu kei+mc gakuen)
2021-12-25 19:55:12,958 (WARNING): Folder name don't have '+' (sanagi torajiro+otoguro miya no oasobi)
2021-12-25 19:55:12,958 (WARNING): Folder name don't have '+' (shindo l+shindol no bunka jinruigaku)
2021-12-25 19:55:12,958 (WARNING): Folder name don't have '+' (nagare ippon+yuri kan plus kanyou shoujo)
2021-12-25 19:55:12,958 (WARNING): Folder name don't have '+' (kawaisaw+taima no haha)
2021-12-25 19:55:12,958 (DEBUG): Get Info from structure: (Nakani+=Onii-chan to Issho!)
2021-12-25 19:55:12,964 (WARNING): Folder name don't have '+' (ntrman+awakening of a goddess)
2021-12-25 19:55:12,965 (WARNING): Folder name don't have '+' (cuzukago+boku no kaa-san wa av joyuu)
2021-12-25 19:55:12,965 (WARNING): Folder name don't have '+' (meme 50+handwriting)
2021-12-25 19:55:12,965 (WARNING): Folder name don't have '+' (bota mochito+lots of sex with a dead lay maid)
2021-12-25 19:55:12,966 (WARNING): Folder name don't have '+' (danimaru+suteneko kanojo)
2021-12-25 19:55:12,966 (WARNING): Folder name don't have '+' (toguchi masaya+wotome haha)
2021-12-25 19:55:12,966 (WARNING): Folder name don't have '+' (climbcrown+Nakadashi Oji-san ni Nerawareta Mesu wa Nigeru Koto ga Dekinai)
2021-12-25 19:55:12,967 (WARNING): Folder name don't have '+' (hirune+let's play a whole lot!)
2021-12-25 19:55:12,967 (WARNING): Folder name don't have '+' (rocket monkey+hitozuma wa yoru ni naku)
2021-12-25 19:55:12,967 (WARNING): Folder name don't have '+' (hal+shumiya kurumi muki choueki)
2021-12-25 19:55:12,967 (WARNING): Folder name don't have '+' (kurosu gatari's stories+kurosu gatari's stories)
2021-12-25 19:55:12,968 (WARNING): Folder name don't have '+' (butcha-u+Dirty Docking)
2021-12-25 19:55:12,968 (WARNING): Folder name don't have '+' (sagattoru+overheat)
2021-12-25 19:55:12,968 (WARNING): Folder name don't have '+' (kirisaki byakko+echidna-sama no himatsubushi)
2021-12-25 19:55:12,968 (WARNING): Folder name don't have '+' (sakurayu hal+musume nochi haha, tokoroniyori shunrai kouhen)
2021-12-25 19:55:12,968 (WARNING): Folder name don't have '+' (sugoi hi+mahou shoujo kyousei zecchou)
2021-12-25 19:55:12,969 (WARNING): Folder name don't have '+' (Kunaboto+Pussy Cat)
2021-12-25 19:55:12,969 (WARNING): Folder name don't have '+' (milftoon+birthday boy)
2021-12-25 19:55:12,969 (WARNING): Folder name don't have '+' (sahara wataru+saboten campus)
2021-12-25 19:55:12,970 (WARNING): Folder name don't have '+' (fuetakishi+wakiwaki sports!)
2021-12-25 19:55:12,970 (WARNING): Folder name don't have '+' (ken+Ahen-ki!)
2021-12-25 19:55:12,970 (DEBUG): Get Info from structure: (sugi g+=Seichouki)
2021-12-25 19:55:12,980 (WARNING): Folder name don't have '+' (meme 50+to steal or to be stolen!)
2021-12-25 19:55:12,981 (WARNING): Folder name don't have '+' (meme50+heat alert)
2021-12-25 19:55:12,981 (WARNING): Folder name don't have '+' (shindo l+Stories)
2021-12-25 19:55:12,981 (WARNING): Folder name don't have '+' (kizuki rei+Family Plan)
2021-12-25 19:55:12,981 (WARNING): Folder name don't have '+' (jingrock's jk stories+jingrock's jk stories)
2021-12-25 19:55:12,981 (WARNING): Folder name don't have '+' (mizuryu kei+Mitsubachi No Yakata Nigou-kan Seventh Heaven-ten)
2021-12-25 19:55:12,981 (WARNING): Folder name don't have '+' (Hitagiri+Pizza to Shoujuu)
2021-12-25 19:55:12,982 (WARNING): Folder name don't have '+' (freedom prophet+okujou club)
2021-12-25 19:55:12,982 (WARNING): Folder name don't have '+' (nakayama tetsugaku+bakunyuu sphinx to itsumo no riddle)
2021-12-25 19:55:12,982 (WARNING): Folder name don't have '+' (myamoto issa+itoshi no onii-sama lilim's gaiden)
2021-12-25 19:55:12,984 (WARNING): Folder name don't have '+' (jingrock's ub stories+jingrock's ub stories)
2021-12-25 19:55:12,984 (WARNING): Folder name don't have '+' (kakugari kyoudai+Nippon Sweet Pig)
2021-12-25 19:55:12,984 (WARNING): Folder name don't have '+' (yokkora+Stories)
2021-12-25 19:55:12,985 (WARNING): Folder name don't have '+' (rihito akane+htsk)
2021-12-25 19:55:12,985 (WARNING): Folder name don't have '+' (kurono taitsu+babaa-domo aite ni harem sex shite mitara omoinohoka tanoshikatta)
2021-12-25 19:55:12,985 (WARNING): Folder name don't have '+' (ibuki+sayuki onee-san wa gaman ga dekinai)
2021-12-25 19:55:12,985 (WARNING): Folder name don't have '+' (tanaka-ex+toki to meki - tomatta sekai de majiwaru toiki -)
2021-12-25 19:55:12,985 (WARNING): Folder name don't have '+' (juna juna juice+seiyoku ni katenai android)
2021-12-25 19:55:12,986 (WARNING): Folder name don't have '+' (Ichinose Land+Zako Succubus-chan wa Semen ga Hoshii no!)
2021-12-25 19:55:12,986 (WARNING): Folder name don't have '+' (gengorou+the xian and i)
2021-12-25 19:55:12,986 (WARNING): Folder name don't have '+' (ken+my personal big breasted masturbation maid)
2021-12-25 19:55:12,986 (WARNING): Folder name don't have '+' (manga jigoku+summer experience)
2021-12-25 19:55:12,986 (WARNING): Folder name don't have '+' (akigami satoru+be careful of trial hypnosis!)
2021-12-25 19:55:12,986 (DEBUG): Get Info from structure: (My Bad Bunny+=Oh My Teacher)
2021-12-25 19:55:12,993 (WARNING): Folder name don't have '+' (risei+otorisousakan chijoku no shikyuu moro dashi dancer)
2021-12-25 19:55:12,993 (WARNING): Folder name don't have '+' (o.p com+satomori haira inpouchou)
2021-12-25 19:55:12,993 (WARNING): Folder name don't have '+' (mizuryu kei+Captain Marine Wants to be Raped in a Non-Consensual Manner)
2021-12-25 19:55:12,994 (WARNING): Folder name don't have '+' (tamagoro+Stories)
2021-12-25 19:55:12,994 (WARNING): Folder name don't have '+' (minazuki mikka+tsuma o fuuzokujou ni shite wa naranai kore dake no riyuu)
2021-12-25 19:55:12,994 (DEBUG): Get Info from structure: (oltlo+=wagamama steady)
2021-12-25 19:55:13,005 (WARNING): Folder name don't have '+' (sueyuu+tsuma omoi, netorase)
2021-12-25 19:55:13,005 (WARNING): Folder name don't have '+' (takemasa takeshi+relaxation)
2021-12-25 19:55:13,006 (WARNING): Folder name don't have '+' (kitani sai+chuutte shite)
2021-12-25 19:55:13,006 (WARNING): Folder name don't have '+' (kuro fn+mesubuta ian shoukou hairde)
2021-12-25 19:55:13,006 (WARNING): Folder name don't have '+' (Koorizu+Onedari Rio-chan)
2021-12-25 19:55:13,007 (WARNING): Folder name don't have '+' (shinozuka yuuji+hitozuma life one time gal)
2021-12-25 19:55:13,007 (WARNING): Folder name don't have '+' (urakan+makezugirai no kyouko-san)
2021-12-25 19:55:13,007 (WARNING): Folder name don't have '+' (ikematsu+cool break)
2021-12-25 19:55:13,007 (WARNING): Folder name don't have '+' (kiliu+niizuma no arai-san)
2021-12-25 19:55:13,008 (WARNING): Folder name don't have '+' (melkor mancin+Janice Cabin Fever)
2021-12-25 19:55:13,008 (WARNING): Folder name don't have '+' (nakani+mukashi wa kawaikatta)
2021-12-25 19:55:13,008 (WARNING): Folder name don't have '+' (bokujou nushi k+kazoku no katachi)
2021-12-25 19:55:13,008 (WARNING): Folder name don't have '+' (ntrman+short comic#8 breeding program)
2021-12-25 19:55:13,008 (WARNING): Folder name don't have '+' (nanashi+lady yupiel's servant)
2021-12-25 19:55:13,009 (WARNING): Folder name don't have '+' (shiwasu no okina+pisu hame)
2021-12-25 19:55:13,009 (WARNING): Folder name don't have '+' (inoue kiyoshirou+houshi iin no oshigoto)
2021-12-25 19:55:13,009 (WARNING): Folder name don't have '+' (matou+kono takerikuruu kono mi ni gouin wo!)
2021-12-25 19:55:13,009 (WARNING): Folder name don't have '+' (shimoyama giruko+netorare jukubo no tsuyameki)
2021-12-25 19:55:13,010 (WARNING): Folder name don't have '+' (ohkura kazuya+natsuyasumi no omoide joukan)
2021-12-25 19:55:13,010 (WARNING): Folder name don't have '+' (senke kagero+petit heaven)
2021-12-25 19:55:13,010 (WARNING): Folder name don't have '+' (sanagi torajirou+utakata omoi)
2021-12-25 19:55:13,010 (WARNING): Folder name don't have '+' (zakotsu+mitsumete tai)
2021-12-25 19:55:13,010 (WARNING): Folder name don't have '+' (haison+sanzou and her horse)
2021-12-25 19:55:13,010 (WARNING): Folder name don't have '+' (unou+tsuyoi otoko ni naritakute)
2021-12-25 19:55:13,010 (DEBUG): Get Info from structure: (sugi g+=Slipout)
2021-12-25 19:55:13,022 (WARNING): Folder name don't have '+' (dining+medaka the end)
2021-12-25 19:55:13,022 (WARNING): Folder name don't have '+' (Ail+Boku Ni Sefri Ga Dekita Riyuu)
2021-12-25 19:55:13,022 (WARNING): Folder name don't have '+' (mizuryu kei+souma souko no nichijou)
2021-12-25 19:55:13,023 (WARNING): Folder name don't have '+' (pururin+one pii na yoru vip)
2021-12-25 19:55:13,023 (WARNING): Folder name don't have '+' (menea the dog+mizuha ni oshioki!)
2021-12-25 19:55:13,023 (WARNING): Folder name don't have '+' (otochichi+Bizzare! The Hole Woman)
2021-12-25 19:55:13,030 (WARNING): Folder name don't have '+' (takashiro go-ya+kimi no hitomi ni koishiteru)
2021-12-25 19:55:13,031 (WARNING): Folder name don't have '+' (melkor mancin+Slutty Misty)
2021-12-25 19:55:13,034 (WARNING): Folder name don't have '+' (Alice Crazy+A Pervert's Daily Life)
2021-12-25 19:55:13,035 (WARNING): Folder name don't have '+' (miyamoto issa+hitohada to yukidoke)
2021-12-25 19:55:13,035 (WARNING): Folder name don't have '+' (izayoi no kiki+share collection)
2021-12-25 19:55:13,035 (WARNING): Folder name don't have '+' (ikoma ippei+caster ayako kanzenban)
2021-12-25 19:55:13,036 (DEBUG): Get Info from structure: (sugi g+=Chiisana Heya no Irony)
2021-12-25 19:55:13,045 (WARNING): Folder name don't have '+' (john k pe-ta+houkago barabara jiken)
2021-12-25 19:55:13,045 (WARNING): Folder name don't have '+' (kishizuka kenji+sex education)
2021-12-25 19:55:13,045 (WARNING): Folder name don't have '+' (densuke+bukiyou crossing)
2021-12-25 19:55:13,045 (DEBUG): Get Info from structure: (Yokkora+=Jigyaku Yuugi)
2021-12-25 19:55:13,052 (WARNING): Folder name don't have '+' (mikawaya+class caste joui no gal ga layer datta ken)
2021-12-25 19:55:13,053 (WARNING): Folder name don't have '+' (ken sogen+better than sex)
2021-12-25 19:55:13,053 (DEBUG): Get Info from structure: (Tsukino Jyogi+=Zannen Ouji to Dokuzetsu Maid)
2021-12-25 19:55:13,061 (WARNING): Folder name don't have '+' (zephyros+live)
2021-12-25 19:55:13,061 (WARNING): Folder name don't have '+' (etori yuuya+ore ga saimin appli de mesu ni naru wake nai daro!)
2021-12-25 19:55:13,061 (WARNING): Folder name don't have '+' (kiliu+ike! seijun gakuen ero-mangabu)
2021-12-25 19:55:13,062 (WARNING): Folder name don't have '+' (horitomo+monmusu hentai appli de go!)
2021-12-25 19:55:13,062 (WARNING): Folder name don't have '+' (fan no hitori+sennen reijou ~ my lady, my master ~)
2021-12-25 19:55:13,063 (WARNING): Folder name don't have '+' (Kurosu Gatari+Wild-shiki Nihonjin Tsuma no Netorikata Sono Ni)
2021-12-25 19:55:13,063 (WARNING): Folder name don't have '+' (tsukino jyogi+Stories)
2021-12-25 19:55:13,063 (WARNING): Folder name don't have '+' (mizuryu kei+Mercury Shadow)
2021-12-25 19:55:13,063 (WARNING): Folder name don't have '+' (jitsuma+boshinication)
2021-12-25 19:55:13,064 (WARNING): Folder name don't have '+' (mizuryu kei+Ishoku Bitch To YariCir Seikatsu)
2021-12-25 19:55:13,064 (WARNING): Folder name don't have '+' (sanagi torajirou+photorare sex & photograph)
2021-12-25 19:55:13,065 (WARNING): Folder name don't have '+' (iris art+saki natsumi no shikyuu ga ochita hi)
2021-12-25 19:55:13,066 (WARNING): Folder name don't have '+' (kuroinu juu+mesu goblin o dorei ni shimashita)
2021-12-25 19:55:13,067 (WARNING): Folder name don't have '+' (nakani+sono ato miru no)
2021-12-25 19:55:13,067 (WARNING): Folder name don't have '+' (mameojitan+Ntr Jk)
2021-12-25 19:55:13,067 (WARNING): Folder name don't have '+' (gomu+hypnotized princess)
2021-12-25 19:55:13,067 (DEBUG): Get Info from structure: (sugi g+=OVER SHORTER)
2021-12-25 19:55:13,076 (WARNING): Folder name don't have '+' (Kyouan+Make Benki w)
2021-12-25 19:55:13,076 (WARNING): Folder name don't have '+' (pettanp+saimin ochi kyonyuu shimai wa semen ga daisuki)
2021-12-25 19:55:13,076 (WARNING): Folder name don't have '+' (oouso+pet or slave!! koyomika's family)
2021-12-25 19:55:13,077 (WARNING): Folder name don't have '+' (meme50+hand drawn)
2021-12-25 19:55:13,078 (WARNING): Folder name don't have '+' (Miharu+Saitama Blues)
2021-12-25 19:55:13,078 (WARNING): Folder name don't have '+' (hishigata tomaru+oshikake bakunyuu gal harem seikatsu!)
2021-12-25 19:55:13,079 (WARNING): Folder name don't have '+' (suihei sen+shiofuki kanrinin masato-kun)
2021-12-25 19:55:13,079 (WARNING): Folder name don't have '+' (jitsuma+son swapping)
2021-12-25 19:55:13,079 (WARNING): Folder name don't have '+' (umi no kyuuban+gal in the country)
2021-12-25 19:55:13,079 (WARNING): Folder name don't have '+' (usa+when she smiled at me)
2021-12-25 19:55:13,080 (WARNING): Folder name don't have '+' (nishiarai+obasan no panti kaburu)
2021-12-25 19:55:13,080 (WARNING): Folder name don't have '+' (miyamoto issa+love story)
2021-12-25 19:55:13,080 (WARNING): Folder name don't have '+' (irotenya+mahouyaku no zairyou)
2021-12-25 19:55:13,080 (WARNING): Folder name don't have '+' (seidenki+namaiki na ane ni ikisugita itazura)
2021-12-25 19:55:13,080 (DEBUG): Get Info from structure: (Shindo L+=Derenashi)
2021-12-25 19:55:13,087 (WARNING): Folder name don't have '+' (aho+oni gal ni shiborarechaimashita)
2021-12-25 19:55:13,087 (WARNING): Folder name don't have '+' (heiqing langjun+hyakkasou -gejo botan no yuuutsu-)
2021-12-25 19:55:13,087 (WARNING): Folder name don't have '+' (kuromotokun+jc chikan de seikyouiku)
2021-12-25 19:55:13,087 (WARNING): Folder name don't have '+' (hase tsubura+boku no hentai okaa-san)
2021-12-25 19:55:13,088 (WARNING): Folder name don't have '+' (indo curry+sexliner de go!)
2021-12-25 19:55:13,088 (WARNING): Folder name don't have '+' (Meeo+Suki Araba Kareshi no Seiheki o Yugametai!)
2021-12-25 19:55:13,088 (DEBUG): Get Info from structure: (eightman+=Boku no Kanojo to Sex Shite Kudasai)
2021-12-25 19:55:13,095 (WARNING): Folder name don't have '+' (lunaluku+sca sis)
2021-12-25 19:55:13,095 (WARNING): Folder name don't have '+' (shinozuka yuuji's stories+shinozuka yuuji's stories)
2021-12-25 19:55:13,096 (WARNING): Folder name don't have '+' (tamagoro+jk-enko)
2021-12-25 19:55:13,096 (WARNING): Folder name don't have '+' (Hatoba Akane+Touma Senki Cecilia)
2021-12-25 19:55:13,096 (WARNING): Folder name don't have '+' (kuroinu juu's non-sailor stories+kuroinu juu's non-sailor stories)
2021-12-25 19:55:13,096 (WARNING): Folder name don't have '+' (mon-petit+natsu ga owaru)
2021-12-25 19:55:13,097 (DEBUG): Get Info from structure: (sugi g+=2nDsukebe)
2021-12-25 19:55:13,106 (WARNING): Folder name don't have '+' (shiki hanana+mama ni okorare nagara suru sex)
2021-12-25 19:55:13,106 (WARNING): Folder name don't have '+' (Meishi Shinja+Sennou Zumi! Seishori Cheerleading-bu)
2021-12-25 19:55:13,106 (WARNING): Folder name don't have '+' (anthology+tabete wa ikenai 4)
2021-12-25 19:55:13,107 (WARNING): Folder name don't have '+' (kiyokawa zaidan+ojii-chan toha haiccha dame yo!)
2021-12-25 19:55:13,107 (WARNING): Folder name don't have '+' (azukiko+Boku No Mamakatsu!)
2021-12-25 19:55:13,108 (WARNING): Folder name don't have '+' (dozamura+katekyo-saki no loli twinte ga bitch na ueni s ni mezamete komaru)
2021-12-25 19:55:13,108 (WARNING): Folder name don't have '+' (nagi ichi+Tonikaku Ore Wa Otokonoko Erufu To Ecchi Ga Shitainda!!)
2021-12-25 19:55:13,108 (WARNING): Folder name don't have '+' (alansmithee+the cure for sexlessness)
2021-12-25 19:55:13,108 (WARNING): Folder name don't have '+' (alp+melty limit)
2021-12-25 19:55:13,109 (WARNING): Folder name don't have '+' (hana hook+nekura shounen no fukushuu harem choukyou keikaku)
2021-12-25 19:55:13,109 (WARNING): Folder name don't have '+' (Watanabe Kenpo+Tonari No Bitch Nee-chan)
2021-12-25 19:55:13,109 (WARNING): Folder name don't have '+' (chirumakuro+i'll squeeze you with these)
2021-12-25 19:55:13,109 (WARNING): Folder name don't have '+' (herio+sukoshi wa ganbare! meina-chan)
2021-12-25 19:55:13,109 (WARNING): Folder name don't have '+' (kuromotokun+jc rachitte seikyouiku)
2021-12-25 19:55:13,110 (WARNING): Folder name don't have '+' (Maimu-Maimu+Kyouko Sensei to Boku no Himitsu)
2021-12-25 19:55:13,110 (WARNING): Folder name don't have '+' (melkor mancin+Slutty Violet)
2021-12-25 19:55:13,110 (WARNING): Folder name don't have '+' (miharu+kurohada no nioi)
2021-12-25 19:55:13,110 (WARNING): Folder name don't have '+' (kawaisaw+kore, haha desu)
2021-12-25 19:55:13,110 (WARNING): Folder name don't have '+' (sengoku-kun+kaeru desuga, nanika)
2021-12-25 19:55:13,110 (WARNING): Folder name don't have '+' (kurosu gatari+seika jogakuin koutoubu kounin sao oji-san)
2021-12-25 19:55:13,111 (WARNING): Folder name don't have '+' (jingrock+tenkousei jk elf -houkago choukyou jugyou-)
2021-12-25 19:55:13,111 (WARNING): Folder name don't have '+' (sink+haha wa buzama ni koshi o furu ~gogo no seibo-tachi~)
2021-12-25 19:55:13,111 (WARNING): Folder name don't have '+' (nayuzaki natsumi+ochiru hana)
2021-12-25 19:55:13,111 (WARNING): Folder name don't have '+' (sunagawa tara+tokyo charisma koushuu benjo)
2021-12-25 19:55:13,111 (WARNING): Folder name don't have '+' (hiyoshi hana+jojou no kemono lyrical beast)
2021-12-25 19:55:13,111 (DEBUG): Get Info from structure: (oltlo+=this is the mating frontier!)
2021-12-25 19:55:13,119 (WARNING): Folder name don't have '+' (mizuryu kei+Touken Danshi Tabehoudai)
2021-12-25 19:55:13,120 (WARNING): Folder name don't have '+' (kakutou oukoku+chop stick)
2021-12-25 19:55:13,120 (WARNING): Folder name don't have '+' (otochichi+smoochy women's blowjobs)
2021-12-25 19:55:13,120 (WARNING): Folder name don't have '+' (imazon+otouto no koibito ga mukashi choukyou shita motokano datta)
2021-12-25 19:55:13,120 (WARNING): Folder name don't have '+' (mizuryu kei+Oideyo! Mizuryu Kei Land)
2021-12-25 19:55:13,121 (WARNING): Folder name don't have '+' (navier haruka 2t+nuruneba swimmer!!)
2021-12-25 19:55:13,121 (WARNING): Folder name don't have '+' (minamida usuke+home of seclusion)
2021-12-25 19:55:13,122 (WARNING): Folder name don't have '+' (shomu+netorare ochi masuda yukari hen)
2021-12-25 19:55:13,122 (WARNING): Folder name don't have '+' (eitarou+yamikoi -saimin-)
2021-12-25 19:55:13,122 (WARNING): Folder name don't have '+' (Mochichimaru+Ore no Kyonyuu Osananajimi ga Aniki to Saikin Ayashii)
2021-12-25 19:55:13,122 (WARNING): Folder name don't have '+' (tawara hiryuu+tsutawaranai ai)
2021-12-25 19:55:13,122 (WARNING): Folder name don't have '+' (jingrock+otouto no musume)
2021-12-25 19:55:13,123 (WARNING): Folder name don't have '+' (taguchi monyata+the pitiful prince was turned into the castle's bitch toilet through evil magic)
2021-12-25 19:55:13,123 (WARNING): Folder name don't have '+' (pururin+tsuishingu girl)
2021-12-25 19:55:13,124 (WARNING): Folder name don't have '+' (otochichi+mamadoll)
2021-12-25 19:55:13,124 (WARNING): Folder name don't have '+' (minamida usuke+heart-pounding helicopter mom)
2021-12-25 19:55:13,124 (WARNING): Folder name don't have '+' (mizuryu kei+the daily life of souma kurumi)
2021-12-25 19:55:13,124 (WARNING): Folder name don't have '+' (angensou+jukujo sousakan ~sandbag nikubenki)
2021-12-25 19:55:13,125 (WARNING): Folder name don't have '+' (kuroki hidehiko+momojiri danchi mama-san volley doukoukai)
2021-12-25 19:55:13,127 (WARNING): Folder name don't have '+' (musashimaru+give and take)
2021-12-25 19:55:13,127 (WARNING): Folder name don't have '+' (kuroinu juu+saturday girls can't hold it in)
2021-12-25 19:55:13,127 (WARNING): Folder name don't have '+' (noripachi+kokkyou naki banyuudan)
2021-12-25 19:55:13,127 (WARNING): Folder name don't have '+' (naitou gura+ochiteiku karada)
2021-12-25 19:55:13,128 (WARNING): Folder name don't have '+' (zensoku punks+Koufukuron - Murase Ayumi Hen MANIAC)
2021-12-25 19:55:13,128 (WARNING): Folder name don't have '+' (meme50+wakey fuckey)
2021-12-25 19:55:13,128 (WARNING): Folder name don't have '+' (ichinose land+midara na elf-san wa orc-kun ga osuki)
2021-12-25 19:55:13,128 (WARNING): Folder name don't have '+' (hatakeyama tohya+haha no shinyuu boku no aijin)
2021-12-25 19:55:13,128 (WARNING): Folder name don't have '+' (izayoi seishin+iny akajuutan)
2021-12-25 19:55:13,128 (WARNING): Folder name don't have '+' (tanaka aji+exposing my family)
2021-12-25 19:55:13,129 (WARNING): Folder name don't have '+' (meme50+to soap or be soaped)
2021-12-25 19:55:13,129 (WARNING): Folder name don't have '+' (mon-petit's stories+mon-petit's stories)
2021-12-25 19:55:13,129 (WARNING): Folder name don't have '+' (kuro fn+fuuki binran rakunyuu iinchou)
2021-12-25 19:55:13,129 (WARNING): Folder name don't have '+' (akino sora+isekai kita no de mahou o sukebe na koto ni riyou shiyou to omou)
2021-12-25 19:55:13,130 (WARNING): Folder name don't have '+' (kazakura+Incha Couple Ga You Gal-tachi To Sex Training Suru Hanashi)
2021-12-25 19:55:13,130 (WARNING): Folder name don't have '+' (shinozuka yuuji+hajimete no hitozuma)
2021-12-25 19:55:13,130 (WARNING): Folder name don't have '+' (mozu+seisou batsubyou)
2021-12-25 19:55:13,130 (WARNING): Folder name don't have '+' (grassturtle+s-teacher kagami-sensei and m-mother miss ryouko)
2021-12-25 19:55:13,130 (WARNING): Folder name don't have '+' (milftoon+Arranged Marriage)
2021-12-25 19:55:13,130 (WARNING): Folder name don't have '+' (tamagou+shinkansen de nani shiteru!)
2021-12-25 19:55:13,131 (WARNING): Folder name don't have '+' (takashiro go-ya+innyou alice pee)
2021-12-25 19:55:13,131 (WARNING): Folder name don't have '+' (juna juna juice+Boku No Harem Academia)
2021-12-25 19:55:13,131 (WARNING): Folder name don't have '+' (circle rachigai+seira-kun wa otokonoko [chinese])
2021-12-25 19:55:13,131 (WARNING): Folder name don't have '+' (Camekirin+Zetsumetsu Sunzen Yukionna)
2021-12-25 19:55:13,131 (WARNING): Folder name don't have '+' (cyocyo+the imprudent bride)
2021-12-25 19:55:13,131 (WARNING): Folder name don't have '+' (Moketa+Ubai'ai Girls)
2021-12-25 19:55:13,132 (WARNING): Folder name don't have '+' (hiroya+himono erufu, kozukuri o suru)
2021-12-25 19:55:13,132 (WARNING): Folder name don't have '+' (Nakani+Mukashi wa Kakko Yokatta)
2021-12-25 19:55:13,132 (WARNING): Folder name don't have '+' (Iguchi Sentarou+Classmate to Ecchi Jugyou)
2021-12-25 19:55:13,132 (WARNING): Folder name don't have '+' (shindo l+metamorphosis)
2021-12-25 19:55:13,133 (WARNING): Folder name don't have '+' (kurogane satsuki+otonari-san to korette...enkou seikatsu!)
2021-12-25 19:55:13,133 (WARNING): Folder name don't have '+' (someoka yusura+orc chinpo o te ni ireta! elf oyako o ore senyou nama onaho ni shitatta www)
2021-12-25 19:55:13,134 (WARNING): Folder name don't have '+' (tennouji kitsune+mrt ntr martina netorare)
2021-12-25 19:55:13,134 (WARNING): Folder name don't have '+' (nakani+Stories)
2021-12-25 19:55:13,134 (WARNING): Folder name don't have '+' (orutoro+this is the mating frontier)
2021-12-25 19:55:13,134 (WARNING): Folder name don't have '+' (mosquito man+kyojiri tsuma keiko to zetsurin! sukebe jii)
2021-12-25 19:55:13,134 (WARNING): Folder name don't have '+' (noah12+shin shoushika taisaku ~haramu tame no curriculum~)
2021-12-25 19:55:13,134 (WARNING): Folder name don't have '+' (mizuryu kei+Teisou Kannen Zero)
2021-12-25 19:55:13,135 (WARNING): Folder name don't have '+' (minazuki mikka+musuko o dame ni shita no wa watashi no karada deshita)
2021-12-25 19:55:13,135 (WARNING): Folder name don't have '+' (sanagi torajirou+sun to witch)
2021-12-25 19:55:13,135 (WARNING): Folder name don't have '+' (saiyazumi+mama ryouhou)
2021-12-25 19:55:13,135 (WARNING): Folder name don't have '+' (Kkun+Love Parameter)
2021-12-25 19:55:13,135 (WARNING): Folder name don't have '+' (kinntarou+saimin otoshi)
2021-12-25 19:55:13,135 (WARNING): Folder name don't have '+' (Curie+The Castle Deep In The Woods)
2021-12-25 19:55:13,136 (WARNING): Folder name don't have '+' (melkor mancin+Chat with)
2021-12-25 19:55:13,136 (WARNING): Folder name don't have '+' (hiraizumi kou+coach's luckyhole)
2021-12-25 19:55:13,136 (WARNING): Folder name don't have '+' (yumeiro gurasan+dis communication)
2021-12-25 19:55:13,136 (WARNING): Folder name don't have '+' (horsetail+kaa-san janakya dame nanda!!)
2021-12-25 19:55:13,136 (WARNING): Folder name don't have '+' (tsusauto+neighborhood associations)
2021-12-25 19:55:13,136 (DEBUG): Get Info from structure: (Yokkora+=Mama no sukebe ana wa Nenjuu Mukyuu)
2021-12-25 19:55:13,155 (WARNING): Folder name don't have '+' (sanagi torajiro+Stories)
2021-12-25 19:55:13,155 (WARNING): Folder name don't have '+' (syoukaki+koisame dolce)
2021-12-25 19:55:13,156 (WARNING): Folder name don't have '+' (taono kinoko+koibito gokko)
2021-12-25 19:55:13,156 (WARNING): Folder name don't have '+' (saint shiro+summer reunion)
2021-12-25 19:55:13,156 (WARNING): Folder name don't have '+' (sugarbt+inga ouhou)
2021-12-25 19:55:13,157 (WARNING): Folder name don't have '+' (poruno ibuki+sayuki onee-san wa gaman ga dekinai)
2021-12-25 19:55:13,157 (WARNING): Folder name don't have '+' (kuromotokun+Jc Saimin De Seikyouiku)
2021-12-25 19:55:13,157 (WARNING): Folder name don't have '+' (mizuryu kei+souma family)
2021-12-25 19:55:13,158 (WARNING): Folder name don't have '+' (muneshiro+Imouto Wa Mesu Orc)
2021-12-25 19:55:13,158 (WARNING): Folder name don't have '+' (hirune+pig and gift)
2021-12-25 19:55:13,158 (WARNING): Folder name don't have '+' (kyockcho+refined senpai)
2021-12-25 19:55:13,158 (WARNING): Folder name don't have '+' (shiratama+seigun no tami freejia)
2021-12-25 19:55:13,159 (WARNING): Folder name don't have '+' (mosquito man+cho ~namaiki na kuro gal jk to pakoritai kimo oyaji-tachi)
2021-12-25 19:55:13,159 (WARNING): Folder name don't have '+' (sanagi torajirou+cast aoi)
2021-12-25 19:55:13,159 (WARNING): Folder name don't have '+' (ponkotsu damashii+my girlfriend is my mom's friend - a 40 year old housewife)
2021-12-25 19:55:13,159 (DEBUG): Get Info from structure: (sugi g+=Hachi to Mitsu)
2021-12-25 19:55:13,171 (WARNING): Folder name don't have '+' (hana hook+Zenin Shikkaku - Hahaoya No Mesubuta Sex Choukyou Kiroku)
2021-12-25 19:55:13,171 (WARNING): Folder name don't have '+' (nishida+koisugi)
2021-12-25 19:55:13,171 (WARNING): Folder name don't have '+' (ozy+nukisugi katekyo)
2021-12-25 19:55:13,172 (DEBUG): Get Info from structure: (rei+=Datte Yuuri wa Champion)
2021-12-25 19:55:13,178 (WARNING): Folder name don't have '+' (zack+hentai raiko-san no sukebe na himitsu)
2021-12-25 19:55:13,178 (WARNING): Folder name don't have '+' (rebirth+kantoku no arbeit)
2021-12-25 19:55:13,178 (WARNING): Folder name don't have '+' (fue+inma no mikata)
2021-12-25 19:55:13,179 (DEBUG): Get Info from structure: (oltlo+=nikutsubo dorei kishi bergia)
2021-12-25 19:55:13,190 (WARNING): Folder name don't have '+' (meme 50+ryouko no oshigoto)
2021-12-25 19:55:13,191 (WARNING): Folder name don't have '+' (higashino mikan+oppai na natsuyasumi)
2021-12-25 19:55:13,191 (WARNING): Folder name don't have '+' (meme 50's stories+meme 50's stories)
2021-12-25 19:55:13,191 (WARNING): Folder name don't have '+' (kito sakeru+emily)
2021-12-25 19:55:13,192 (WARNING): Folder name don't have '+' (mr potato party+the boiling rock)
2021-12-25 19:55:13,192 (WARNING): Folder name don't have '+' (hal+mesu ana muhou chitai -mondou muyou no nakadashi choueki-)
2021-12-25 19:55:13,192 (WARNING): Folder name don't have '+' (caustica+ojisen jk to batsuichi tenchou)
2021-12-25 19:55:13,192 (WARNING): Folder name don't have '+' (iketaki ganguten+gal syndrome!)
2021-12-25 19:55:13,193 (WARNING): Folder name don't have '+' (nikusoukyuu+hanazono no mesudorei)
2021-12-25 19:55:13,193 (WARNING): Folder name don't have '+' (tsuzura kuzukago+treacherous love tastes like honey)
2021-12-25 19:55:13,193 (DEBUG): Get Info from structure: (tsukino jogi+=sister@tune)
2021-12-25 19:55:13,201 (WARNING): Folder name don't have '+' (shunjou shuusuke+osaekirenai kono kimochi)
2021-12-25 19:55:13,201 (WARNING): Folder name don't have '+' (suruga kuroitsu+love fighter rin-chan!!)
2021-12-25 19:55:13,201 (DEBUG): Get Info from structure: (yuzuri ai+=Utakata ~Uraaka DoM Haken OL Onaho Choukyou~)
2021-12-25 19:55:13,209 (WARNING): Folder name don't have '+' (tsubaki jushirou+sister sister)
2021-12-25 19:55:13,210 (WARNING): Folder name don't have '+' (ichigain+unleashed)
2021-12-25 19:55:13,210 (WARNING): Folder name don't have '+' (miharu+Maria-san Goshimei Desu)
2021-12-25 19:55:13,210 (WARNING): Folder name don't have '+' (sanbaizu+obutsu shokudou)
2021-12-25 19:55:13,210 (WARNING): Folder name don't have '+' (melkor mancin+The Naughty In-law)
2021-12-25 19:55:13,211 (WARNING): Folder name don't have '+' (gujira+hichijime on oka juunijiga's route)
2021-12-25 19:55:13,211 (WARNING): Folder name don't have '+' (karma tatsurou+kabegoshi)
2021-12-25 19:55:13,211 (WARNING): Folder name don't have '+' (jk+free rimjobs)
2021-12-25 19:55:13,211 (WARNING): Folder name don't have '+' (Circle Spice+Jimi dakedo Eroi Karada Shita Okaa-san o Fuuzoku Ochi Sunzen de Sukutta Boshi Soukan)
2021-12-25 19:55:13,211 (WARNING): Folder name don't have '+' (Eizan+Moshimo, Joushiki o Kakikaete Mizugi Bijo ni Namahame OK na Pool ni nattara)
2021-12-25 19:55:13,211 (WARNING): Folder name don't have '+' (kizuki rei+Watashi no Seiheki)
2021-12-25 19:55:13,212 (WARNING): Folder name don't have '+' (meme50+okane daisuki)
2021-12-25 19:55:13,212 (WARNING): Folder name don't have '+' (b-kyuu+b-kyuu manga 8 mamonoka shita onna budouka)
2021-12-25 19:55:13,212 (WARNING): Folder name don't have '+' (sanbaizu+ningen benki)
2021-12-25 19:55:13,212 (WARNING): Folder name don't have '+' (kurenai yuuji+Futakyo)
2021-12-25 19:55:13,212 (WARNING): Folder name don't have '+' (minazuki mikka+sex shinai to shinu yamai ~hatsubyou shitara sex wa gimu~)
2021-12-25 19:55:13,213 (WARNING): Folder name don't have '+' (aka seiryuu+Darjeeling No Himitsu Chakai)
2021-12-25 19:55:13,213 (WARNING): Folder name don't have '+' (Jun+Kemonokko Tsuushin)
2021-12-25 19:55:13,213 (WARNING): Folder name don't have '+' (kizuki rei+natsu no gogo)
2021-12-25 19:55:13,213 (WARNING): Folder name don't have '+' (kyockcho+shino-sama is angry)
2021-12-25 19:55:13,213 (WARNING): Folder name don't have '+' (esuo+licking monster)
2021-12-25 19:55:13,214 (WARNING): Folder name don't have '+' (vandass orutoro+futei koubi zuma honoka)
2021-12-25 19:55:13,214 (WARNING): Folder name don't have '+' (sanbaizu+kousha no kaiinu)
2021-12-25 19:55:13,214 (WARNING): Folder name don't have '+' (kandzumena hibi+Kabe Shiri Bokin)
2021-12-25 19:55:13,214 (WARNING): Folder name don't have '+' (oltlo+futei koubizuma honoka ~konin o keizoku shigatai juudai na jiyuu~)
2021-12-25 19:55:13,214 (WARNING): Folder name don't have '+' (Kunaboto+Gintama - Kagura)
2021-12-25 19:55:13,215 (WARNING): Folder name don't have '+' (meme 50+guchogucho sakari-chan)
2021-12-25 19:55:13,215 (WARNING): Folder name don't have '+' (seto yuuki+level c)
2021-12-25 19:55:13,215 (WARNING): Folder name don't have '+' (obmas+oid)
2021-12-25 19:55:13,215 (WARNING): Folder name don't have '+' (chinbotsu rebis+midare saki joshuu kaizoku soushuuhen)
2021-12-25 19:55:13,215 (WARNING): Folder name don't have '+' (chin+Hatsujou Kedamono Koubiroku)
2021-12-25 19:55:13,215 (WARNING): Folder name don't have '+' (pija+himegoto komachi)
2021-12-25 19:55:13,216 (DEBUG): Get Info from structure: (sugi g+=Yarimoku Kouen)
2021-12-25 19:55:13,229 (WARNING): Folder name don't have '+' (miharu+Haruka-san Ga Unzari Shinagara Shimasu)
2021-12-25 19:55:13,229 (DEBUG): Get Info from structure: (sugi g+=Oni or Shot)
2021-12-25 19:55:13,239 (WARNING): Folder name don't have '+' (Jun+Like A Child)
2021-12-25 19:55:13,239 (WARNING): Folder name don't have '+' (benimura karu+Boku Dake Ga Sex Dekinai Ie)
2021-12-25 19:55:13,239 (WARNING): Folder name don't have '+' (menea the dog+lipsync #1-4)
2021-12-25 19:55:13,239 (WARNING): Folder name don't have '+' (gengorou+the lazy fox)
2021-12-25 19:55:13,239 (WARNING): Folder name don't have '+' (amano don+sex acts with a member of the public moral committee)
2021-12-25 19:55:13,240 (WARNING): Folder name don't have '+' (shiki takuto+become friends with gal)
2021-12-25 19:55:13,240 (WARNING): Folder name don't have '+' (heiro+Bokura Wa Hanare Ga Dekinai)
2021-12-25 19:55:13,240 (WARNING): Folder name don't have '+' (ichinomiya yuu+Moto Incha No Kyonyuu Yariman Imouto Ga Erosugite, Onii-chan Wa Mou!!)
2021-12-25 19:55:13,242 (WARNING): Folder name don't have '+' (mizuryu kei+Kakutou Musume Yarimoku Goukon)
2021-12-25 19:55:13,242 (WARNING): Folder name don't have '+' (kuroiwa menou+tabegoro! haitoku no kajitsu)
2021-12-25 19:55:13,242 (WARNING): Folder name don't have '+' (makinosaka shinichi+sex friend)
2021-12-25 19:55:13,242 (DEBUG): Get Info from structure: (Tsusauto+=Neighborhood Associations)
2021-12-25 19:55:13,250 (DEBUG): Get Info from structure: (yokkora+=Boku no Kanojo wa Sukebe Oneechan!)
2021-12-25 19:55:13,257 (WARNING): Folder name don't have '+' (mizuryu kei+Seiyoku Ni Shoujiki Sugiru Shota Yuusha)
2021-12-25 19:55:13,257 (WARNING): Folder name don't have '+' (otochichi+underground pta -the mommies' milking sex tactic-)
2021-12-25 19:55:13,258 (DEBUG): Get Info from structure: (tsukino jogi+=Stories)
2021-12-25 19:55:13,265 (WARNING): Folder name don't have '+' (aiue oka+saimin seishidou)
2021-12-25 19:55:13,265 (WARNING): Folder name don't have '+' (rocket monkey+girigiri idol)
2021-12-25 19:55:13,265 (WARNING): Folder name don't have '+' (iku+hinnyuu-chan no ana o ijimeru hon)
2021-12-25 19:55:13,266 (WARNING): Folder name don't have '+' (nakamura regura+ankai no umi)
2021-12-25 19:55:13,266 (WARNING): Folder name don't have '+' (melkor mancin+Sidney)
2021-12-25 19:55:13,266 (WARNING): Folder name don't have '+' (kurenai yuuji+futakyo! ~futanari kyouko-chan~)
2021-12-25 19:55:13,267 (WARNING): Folder name don't have '+' (oohira sunset+kabeanatsuki juukyo e youkoso kouhen)
2021-12-25 19:55:13,267 (WARNING): Folder name don't have '+' (kakuzatou+kuro gal vs fuuki iin)
2021-12-25 19:55:13,267 (WARNING): Folder name don't have '+' (motomushi+i turned into the girl who bullied me)
2021-12-25 19:55:13,268 (WARNING): Folder name don't have '+' (meme50+port inn)
2021-12-25 19:55:13,268 (WARNING): Folder name don't have '+' (sian's stories+sian's stories)
2021-12-25 19:55:13,268 (WARNING): Folder name don't have '+' (john k. pe-ta+the mature orange venus fly trap)
2021-12-25 19:55:13,268 (WARNING): Folder name don't have '+' (ikeshita maue+ts fuckin bitch)
2021-12-25 19:55:13,269 (WARNING): Folder name don't have '+' (mitarai yuuki+soukan no replica)
2021-12-25 19:55:13,269 (WARNING): Folder name don't have '+' (aoi tiduru+seishun scheme)
2021-12-25 19:55:13,269 (WARNING): Folder name don't have '+' (juna juna juice+naomi-san is my sex friend)
2021-12-25 19:55:13,269 (WARNING): Folder name don't have '+' (mizuryu kei+choroi-onna!!)
2021-12-25 19:55:13,269 (WARNING): Folder name don't have '+' (aomushi+chinpo yakuza miporin)
2021-12-25 19:55:13,270 (WARNING): Folder name don't have '+' (nozarashi satoru+usagi no kamen)
2021-12-25 19:55:13,270 (WARNING): Folder name don't have '+' (akatsuki souken+okaasan no roujinsei kaigo)
2021-12-25 19:55:13,270 (WARNING): Folder name don't have '+' (andoryu+okaa-san itadakimasu)
2021-12-25 19:55:13,270 (WARNING): Folder name don't have '+' (kiliu+Nandemo Chousa Shoujo)
2021-12-25 19:55:13,270 (WARNING): Folder name don't have '+' (fuzume+Tsuma Ga Midareta Sugata O Boku Wa Shiranai)
2021-12-25 19:55:13,270 (DEBUG): Get Info from structure: (sugi g+=raw gaming)
2021-12-25 19:55:13,280 (WARNING): Folder name don't have '+' (nakamura regura+douketsu no mujina)
2021-12-25 19:55:13,280 (WARNING): Folder name don't have '+' (zkuro fn+angyou roshutsu project)
2021-12-25 19:55:13,281 (WARNING): Folder name don't have '+' (kokuryuugan+joshi rikujou koubi)
2021-12-25 19:55:13,281 (WARNING): Folder name don't have '+' (my bad bunny+wanton widow)
2021-12-25 19:55:13,282 (WARNING): Folder name don't have '+' (minazuki juuzou+an elementary school nympho having orgies after school in the classroom!)
2021-12-25 19:55:13,283 (WARNING): Folder name don't have '+' (kuronomiki+The Two Flowers Of The Takamine House)
2021-12-25 19:55:13,283 (WARNING): Folder name don't have '+' (mizuiro megane+doubutsu noujou)
2021-12-25 19:55:13,283 (WARNING): Folder name don't have '+' (mon-petit+natsu ga owaru made)
2021-12-25 19:55:13,285 (DEBUG): Get Info from structure: (sugi g+=Mamakon)
2021-12-25 19:55:13,306 (WARNING): Folder name don't have '+' (hazakura satsuki+hypnosis app - making a good girl cum on my dick nonstop)
2021-12-25 19:55:13,308 (DEBUG): Get Info from structure: (sugi g+=Heijitsu no Tanoshimikata)
2021-12-25 19:55:13,318 (WARNING): Folder name don't have '+' (rasson+joushi to nenai career woman nado inai)
2021-12-25 19:55:13,318 (WARNING): Folder name don't have '+' (hatakeyama tohya+oi to oba no heya)
2021-12-25 19:55:13,319 (WARNING): Folder name don't have '+' (kazuhiro+mesu ogre wa kentauros chinpo o musabori okasu)
2021-12-25 19:55:13,319 (WARNING): Folder name don't have '+' (double deck+ose)
2021-12-25 19:55:13,319 (WARNING): Folder name don't have '+' (tawara hiryuu+yogoreta hitozuma)
2021-12-25 19:55:13,319 (WARNING): Folder name don't have '+' (ikoma ippei+twintail miboujin)
2021-12-25 19:55:13,320 (WARNING): Folder name don't have '+' (super zombie+uninvited kitties)
2021-12-25 19:55:13,320 (WARNING): Folder name don't have '+' (yokoshima nikki+secret behind the pool)
2021-12-25 19:55:13,320 (WARNING): Folder name don't have '+' (kuroishi ringo+haha wa newhalf)
2021-12-25 19:55:13,320 (WARNING): Folder name don't have '+' (makibe kataru+hitozuma koi hanabi)
2021-12-25 19:55:13,320 (WARNING): Folder name don't have '+' (shinozuka yuuji+jk mama no shiken taisaku)
2021-12-25 19:55:13,321 (WARNING): Folder name don't have '+' (jun+bubble shark princess akula)
2021-12-25 19:55:13,321 (WARNING): Folder name don't have '+' (aiue oka+bullied)
2021-12-25 19:55:13,321 (WARNING): Folder name don't have '+' (melkor mancin+Breaking in with Tim)
2021-12-25 19:55:13,322 (WARNING): Folder name don't have '+' (omochi+shota ga bitch na onee-san to futari de ikinuki shichau hanashi)
2021-12-25 19:55:13,322 (WARNING): Folder name don't have '+' (milftoon+Elastic Milf)
2021-12-25 19:55:13,322 (WARNING): Folder name don't have '+' (gennsui+Kokugo Sansuu Rika Huuzoku)
2021-12-25 19:55:13,322 (WARNING): Folder name don't have '+' (mosquito man+bakunyuu tsuma namatamari kyouko ~sekuhara buchou ni nerawareta tsuma~)
2021-12-25 19:55:13,323 (WARNING): Folder name don't have '+' (supaku jitou+my master brajarani is a sex hermit)
2021-12-25 19:55:13,323 (WARNING): Folder name don't have '+' (itami+WotaCir no Gal VS Boku)
2021-12-25 19:55:13,323 (WARNING): Folder name don't have '+' (hidarikiki+bakunyuuin mama wa gakuenchou no onna)
2021-12-25 19:55:13,323 (WARNING): Folder name don't have '+' (ntrman+tomato)
2021-12-25 19:55:13,323 (WARNING): Folder name don't have '+' (meme50+nonoka's erotic side)
2021-12-25 19:55:13,324 (WARNING): Folder name don't have '+' (sakamata nerimono+houkago game)
2021-12-25 19:55:13,324 (WARNING): Folder name don't have '+' (meganei+Shishunki No Obenkyou)
2021-12-25 19:55:13,324 (WARNING): Folder name don't have '+' (izumi+midareuchi)
2021-12-25 19:55:13,324 (WARNING): Folder name don't have '+' (haitokukan+hypnosis quest)
2021-12-25 19:55:13,324 (WARNING): Folder name don't have '+' (sanbaizu+zuidou haisetsu)
2021-12-25 19:55:13,324 (WARNING): Folder name don't have '+' (kiliu+Sono 1-shuukan, Teikou Shite Wa Ikenai)
2021-12-25 19:55:13,324 (WARNING): Folder name don't have '+' (sugi g+otome no jouran)
2021-12-25 19:55:13,325 (WARNING): Folder name don't have '+' (karaage-chan+Tomodachi No Okaa-san To Sefri Ni Narimashita)
2021-12-25 19:55:13,325 (WARNING): Folder name don't have '+' (azuse+method to catch a pretty girl)
2021-12-25 19:55:13,325 (WARNING): Folder name don't have '+' (kemigawa mondo+boku ga te ni ireta chounouryoku)
2021-12-25 19:55:13,325 (WARNING): Folder name don't have '+' (kedama keito+oishii mahou)
2021-12-25 19:55:13,325 (WARNING): Folder name don't have '+' (juna juna juice+Mukatsuku Imouto Wa Chanto Shikaranakucha!!)
2021-12-25 19:55:13,325 (WARNING): Folder name don't have '+' (nishi+kotoumi)
2021-12-25 19:55:13,327 (WARNING): Folder name don't have '+' (ntrman+prank)
2021-12-25 19:55:13,327 (WARNING): Folder name don't have '+' (juna juna juice+Hungry Single Mothers)
2021-12-25 19:55:13,327 (WARNING): Folder name don't have '+' (sanbaizu+haisetsu kyoushitsu)
2021-12-25 19:55:13,327 (DEBUG): Get Info from structure: (oltlo+=sensei shiyo!)
2021-12-25 19:55:13,337 (WARNING): Folder name don't have '+' (momofuki rio+junyoku kaihouku)
2021-12-25 19:55:13,337 (WARNING): Folder name don't have '+' (kizaru+gibo ga haramu made zenpen)
2021-12-25 19:55:13,337 (WARNING): Folder name don't have '+' (Kasugano Tobari+Osananajimi wa Ore Senyou no Niku Benki)
2021-12-25 19:55:13,337 (WARNING): Folder name don't have '+' (kizuki rei+Game Of Bitches)
2021-12-25 19:55:13,338 (WARNING): Folder name don't have '+' (andou hiroyuki+losing my virginity in the library, through rape!!)
2021-12-25 19:55:13,338 (WARNING): Folder name don't have '+' (sink+haha to oba no himitsu)
2021-12-25 19:55:13,338 (WARNING): Folder name don't have '+' (higashiyama show+momoka)
2021-12-25 19:55:13,338 (DEBUG): Get Info from structure: (oltlo+=Tendrils in the shadows)
2021-12-25 19:55:13,350 (WARNING): Folder name don't have '+' (tonikaku+nikubenki)
2021-12-25 19:55:13,351 (INFO): Processing Chapters / Episodes ...
