2021-12-13 21:10:00,857 (INFO): Log Path: D:\Source_Code\Python ++\02. updateComic\log\debug-20211213-2110.00.log
2021-12-13 21:10:00,904 (WARNING): Folder name don't have '+' (120)
2021-12-13 21:10:00,905 (WARNING): Folder name don't have '+' (121)
2021-12-13 21:10:00,905 (WARNING): Folder name don't have '+' (129)
2021-12-13 21:10:00,905 (WARNING): Folder name don't have '+' (131)
2021-12-13 21:10:00,905 (WARNING): Folder name don't have '+' (134)
2021-12-13 21:10:00,906 (WARNING): Folder name don't have '+' (135)
2021-12-13 21:10:00,906 (WARNING): Folder name don't have '+' (136)
2021-12-13 21:10:00,906 (WARNING): Folder name don't have '+' (137)
2021-12-13 21:10:00,907 (WARNING): Folder name don't have '+' (139)
2021-12-13 21:10:00,907 (WARNING): Folder name don't have '+' (140)
2021-12-13 21:10:00,907 (WARNING): Folder name don't have '+' (141)
2021-12-13 21:10:00,908 (WARNING): Folder name don't have '+' (142)
2021-12-13 21:10:00,908 (WARNING): Folder name don't have '+' (143)
2021-12-13 21:10:00,908 (WARNING): Folder name don't have '+' (144)
2021-12-13 21:10:00,910 (WARNING): Folder name don't have '+' (146)
2021-12-13 21:10:00,910 (WARNING): Folder name don't have '+' (149)
2021-12-13 21:10:00,911 (WARNING): Folder name don't have '+' (153)
2021-12-13 21:10:00,911 (WARNING): Folder name don't have '+' (157)
2021-12-13 21:10:00,911 (WARNING): Folder name don't have '+' (158)
2021-12-13 21:10:00,911 (WARNING): Folder name don't have '+' (162)
2021-12-13 21:10:00,911 (WARNING): Folder name don't have '+' (166)
2021-12-13 21:10:00,911 (WARNING): Folder name don't have '+' (167)
2021-12-13 21:10:00,912 (WARNING): Folder name don't have '+' (871)
2021-12-13 21:10:00,912 (WARNING): Folder name don't have '+' (876)
2021-12-13 21:10:00,912 (WARNING): Folder name don't have '+' (877)
2021-12-13 21:10:00,912 (WARNING): Folder name don't have '+' (881)
2021-12-13 21:10:00,912 (WARNING): Folder name don't have '+' (885)
2021-12-13 21:10:00,912 (WARNING): Folder name don't have '+' (886)
2021-12-13 21:10:00,912 (WARNING): Folder name don't have '+' (890)
2021-12-13 21:10:00,912 (WARNING): Folder name don't have '+' (893)
2021-12-13 21:10:00,913 (WARNING): Folder name don't have '+' (894)
2021-12-13 21:10:00,913 (WARNING): Folder name don't have '+' (895)
2021-12-13 21:10:00,913 (WARNING): Folder name don't have '+' (896)
2021-12-13 21:10:00,913 (WARNING): Folder name don't have '+' (898)
2021-12-13 21:10:00,913 (WARNING): Folder name don't have '+' (901)
2021-12-13 21:10:00,913 (WARNING): Folder name don't have '+' (902)
2021-12-13 21:10:00,913 (WARNING): Folder name don't have '+' (903)
2021-12-13 21:10:00,913 (WARNING): Folder name don't have '+' (904)
2021-12-13 21:10:00,913 (WARNING): Folder name don't have '+' (905)
2021-12-13 21:10:00,913 (WARNING): Folder name don't have '+' (906)
2021-12-13 21:10:00,914 (WARNING): Folder name don't have '+' (908)
2021-12-13 21:10:00,914 (WARNING): Folder name don't have '+' (910)
2021-12-13 21:10:00,914 (WARNING): Folder name don't have '+' (913)
2021-12-13 21:10:00,914 (WARNING): Folder name don't have '+' (918)
2021-12-13 21:10:00,914 (WARNING): Folder name don't have '+' (919)
2021-12-13 21:10:00,936 (WARNING): No Numbers found in string: (nounanka sedai _ nounanka_Chapter)
2021-12-13 21:10:00,942 (WARNING): No Numbers found in string: (_Chapter)
2021-12-13 21:10:00,976 (WARNING): No Numbers found in string: (_Chapter 71.6)
2021-12-13 21:10:01,073 (WARNING): No Numbers found in string: (2.1)
2021-12-13 21:10:01,073 (WARNING): No Numbers found in string: (2.2)
2021-12-13 21:10:01,074 (WARNING): No Numbers found in string: (3.1)
2021-12-13 21:10:01,074 (WARNING): No Numbers found in string: (3.2)
2021-12-13 21:10:01,074 (WARNING): No Numbers found in string: (3.3)
2021-12-13 21:10:01,078 (WARNING): No Numbers found in string: (1.1)
2021-12-13 21:10:01,127 (WARNING): No Numbers found in string: (New folder)
2021-12-13 21:10:01,164 (WARNING): No Numbers found in string: (camekirin_Chapter)
2021-12-13 21:10:01,167 (WARNING): No Numbers found in string: (_Chapter)
2021-12-13 21:10:01,170 (WARNING): No Numbers found in string: (circle spice_Chapter)
2021-12-13 21:10:01,192 (WARNING): No Numbers found in string: (yami ni ugomeku_Chapter)
2021-12-13 21:10:01,195 (WARNING): No Numbers found in string: (yami ni ugomeku_Chapter)
2021-12-13 21:10:01,198 (WARNING): No Numbers found in string: (yami ni ugomeku_Chapter)
2021-12-13 21:10:01,206 (WARNING): No Numbers found in string: (yami ni ugomeku_Chapter)
2021-12-13 21:10:01,209 (WARNING): No Numbers found in string: (yami ni ugomeku_Chapter)
2021-12-13 21:10:01,213 (WARNING): No Numbers found in string: (_Chapter)
2021-12-13 21:10:01,225 (WARNING): No Numbers found in string: (doujin mukashibanashi_Chapter)
2021-12-13 21:10:01,237 (WARNING): No Numbers found in string: (execio_Chapter)
2021-12-13 21:10:01,242 (WARNING): No Numbers found in string: (2.5)
2021-12-13 21:10:01,244 (WARNING): No Numbers found in string: (_Chapter)
2021-12-13 21:10:01,247 (WARNING): No Numbers found in string: (_Chapter)
2021-12-13 21:10:01,250 (WARNING): No Numbers found in string: (_Chapter)
2021-12-13 21:10:01,260 (WARNING): No Numbers found in string: (2.5)
2021-12-13 21:10:01,274 (WARNING): No Numbers found in string: (2.5)
2021-12-13 21:10:01,374 (WARNING): No Numbers found in string: (14.1)
2021-12-13 21:10:01,374 (WARNING): No Numbers found in string: (14.2)
2021-12-13 21:10:01,375 (WARNING): No Numbers found in string: (14.3)
2021-12-13 21:10:01,375 (WARNING): No Numbers found in string: (14.4)
2021-12-13 21:10:01,383 (WARNING): No Numbers found in string: (hbo_Chapter)
2021-12-13 21:10:01,385 (WARNING): No Numbers found in string: (_Chapter)
2021-12-13 21:10:01,395 (WARNING): No Numbers found in string: (ichinose_Chapter)
2021-12-13 21:10:01,454 (WARNING): No Numbers found in string: (5.5)
2021-12-13 21:10:01,463 (WARNING): No Numbers found in string: (_Chapter)
2021-12-13 21:10:01,522 (WARNING): No Numbers found in string: (rojiura jack_Chapter)
2021-12-13 21:10:01,587 (WARNING): No Numbers found in string: (_Chapter)
2021-12-13 21:10:01,623 (WARNING): No Numbers found in string: (_Chapter)
2021-12-13 21:10:01,630 (WARNING): No Numbers found in string: (_Chapter)
2021-12-13 21:10:01,633 (WARNING): No Numbers found in string: (_Chapter)
2021-12-13 21:10:01,689 (WARNING): There are multiple numbers in episode name dir: ['113', '2']
2021-12-13 21:10:01,689 (WARNING): There are multiple numbers in episode name dir: ['114', '3']
2021-12-13 21:10:01,689 (WARNING): There are multiple numbers in episode name dir: ['115', '4']
2021-12-13 21:10:01,689 (WARNING): There are multiple numbers in episode name dir: ['116', '5']
2021-12-13 21:10:01,689 (WARNING): There are multiple numbers in episode name dir: ['117', '6']
2021-12-13 21:10:01,689 (WARNING): There are multiple numbers in episode name dir: ['118', '7']
2021-12-13 21:10:01,689 (WARNING): There are multiple numbers in episode name dir: ['118', '8']
2021-12-13 21:10:01,692 (WARNING): No Numbers found in string: (_Chapter)
2021-12-13 21:10:01,695 (WARNING): No Numbers found in string: (_Chapter)
2021-12-13 21:10:01,720 (WARNING): No Numbers found in string: (doll play_Chapter)
2021-12-13 21:10:01,724 (WARNING): No Numbers found in string: (semakute kurai_Chapter)
2021-12-13 21:10:01,726 (WARNING): No Numbers found in string: (_Chapter)
2021-12-13 21:10:01,733 (WARNING): No Numbers found in string: (alpaca no bokujou_Chapter)
2021-12-13 21:10:01,741 (WARNING): No Numbers found in string: (meshi shinja_Chapter)
2021-12-13 21:10:01,758 (WARNING): No Numbers found in string: (4.1)
2021-12-13 21:10:01,758 (WARNING): No Numbers found in string: (4.2)
2021-12-13 21:10:01,779 (WARNING): No Numbers found in string: (New folder)
2021-12-13 21:10:01,783 (WARNING): No Numbers found in string: (New folder)
2021-12-13 21:10:01,787 (WARNING): No Numbers found in string: (New folder)
2021-12-13 21:10:01,790 (WARNING): No Numbers found in string: (New folder)
2021-12-13 21:10:01,793 (WARNING): No Numbers found in string: (New folder)
2021-12-13 21:10:01,796 (WARNING): No Numbers found in string: (New folder)
2021-12-13 21:10:01,818 (WARNING): No Numbers found in string: (ttt_Chapter)
2021-12-13 21:10:01,851 (WARNING): No Numbers found in string: (_Chapter)
2021-12-13 21:10:01,864 (WARNING): No Numbers found in string: (_Chapter)
2021-12-13 21:10:01,877 (WARNING): No Numbers found in string: (1.1)
2021-12-13 21:10:01,889 (WARNING): No Numbers found in string: (alice no takarabako_Chapter)
2021-12-13 21:10:01,898 (WARNING): No Numbers found in string: (2.5)
2021-12-13 21:10:01,899 (WARNING): No Numbers found in string: (4.5)
2021-12-13 21:10:01,934 (WARNING): No Numbers found in string: (3.1)
2021-12-13 21:10:01,940 (WARNING): No Numbers found in string: (_Chapter)
2021-12-13 21:10:01,943 (WARNING): No Numbers found in string: (mochichimaru_Chapter)
2021-12-13 21:10:01,972 (WARNING): Folder name have more than 1 '+' (nagare ippon+yuri kan + kanyou shoujo)
2021-12-13 21:10:01,980 (WARNING): No Numbers found in string: (supe_Chapter)
