2021-12-24 11:24:50,840 (INFO): Log Path: D:\Source_Code\Python ++\02. updateComic\log\debug-20211224-1124.50.log
2021-12-24 11:24:53,077 (INFO): Currently Processing image
2021-12-24 11:24:53,078 (INFO): Processing Titles ...
2021-12-24 11:24:53,187 (DEBUG): Get Info from structure: (2t+=sakusei toshi elosion)
2021-12-24 11:24:53,233 (DEBUG): Get Info from structure: (a-10+=koukai tanetsuke hentai koubi 2)
2021-12-24 11:24:53,246 (DEBUG): Get Info from structure: (Abubu+=Kinjo no Onnatachi ga Nazeka Ore no Ie no Furo ni Hairi ni Kuru Ken)
2021-12-24 11:24:53,257 (DEBUG): Get Info from structure: (abubu+=npc kan mod)
2021-12-24 11:24:53,280 (DEBUG): Get Info from structure: (agobitch nee-san+=Hataraku Onee-san-tachi ~Mikonritsu no Takai Machi de Hataraku Tokoya no Onee-san ni Okuchi de Shiborareru~)
2021-12-24 11:24:53,292 (DEBUG): Get Info from structure: (agobitch nee-san+=Seifuku Bishoujo)
2021-12-24 11:24:53,305 (DEBUG): Get Info from structure: (ahemaru+=slave the blood)
2021-12-24 11:24:53,320 (DEBUG): Get Info from structure: (amano ameno+=Jabami Yumeko Hentai Koushuu Benjo Tantsubo Nikubenki Onna)
2021-12-24 11:24:53,331 (DEBUG): Get Info from structure: (amano ameno+=Kyonyuu Onna Joushi Saimin Nikuningyou)
2021-12-24 11:24:53,346 (DEBUG): Get Info from structure: (Ameyama Denshin+=Stories)
2021-12-24 11:24:53,359 (DEBUG): Get Info from structure: (Arai Kei+=Boku No Kanojo)
2021-12-24 11:24:53,372 (DEBUG): Get Info from structure: (arai kei+=Boku Wa Kanojo No Namae Mo Shiranai)
2021-12-24 11:24:53,384 (DEBUG): Get Info from structure: (arai kei+=hougan kanojo)
2021-12-24 11:24:53,396 (DEBUG): Get Info from structure: (arai kei+=Stories)
2021-12-24 11:24:53,407 (DEBUG): Get Info from structure: (Arai Taiki+=Kahanshin Daiichi Shugi)
2021-12-24 11:24:53,420 (DEBUG): Get Info from structure: (arai taiki+=ochita yume no naka de)
2021-12-24 11:24:53,431 (DEBUG): Get Info from structure: (Arai Taiki+=Stories)
2021-12-24 11:24:53,442 (DEBUG): Get Info from structure: (aroma sensei+=Gwen)
2021-12-24 11:24:53,454 (DEBUG): Get Info from structure: (aroma sensei+=what's going on here)
2021-12-24 11:24:53,465 (DEBUG): Get Info from structure: (asanagi+=Stories)
2021-12-24 11:24:53,477 (DEBUG): Get Info from structure: (BeNantoka+=Stories)
2021-12-24 11:24:53,489 (DEBUG): Get Info from structure: (Bonske+=Arawareta Chijo wa Toshishita Kui no Scatolo Hentai deshita)
2021-12-24 11:24:53,503 (DEBUG): Get Info from structure: (bonske+=sono kuchi to shita de subete o uketomenasai)
2021-12-24 11:24:53,516 (DEBUG): Get Info from structure: (Dokurosan+=Stories)
2021-12-24 11:24:53,529 (DEBUG): Get Info from structure: (Enokido+=Stories)
2021-12-24 11:24:53,540 (DEBUG): Get Info from structure: (freehand tamashii+=aorare tsuma)
2021-12-24 11:24:53,554 (DEBUG): Get Info from structure: (freehand tamashii+=Incha No Oi Ga Yaritai Oba-san)
2021-12-24 11:24:53,568 (DEBUG): Get Info from structure: (freehand tamashii+=Isourou Saki No Obasan Ni Hameru!)
2021-12-24 11:24:53,580 (DEBUG): Get Info from structure: (freehand tamashii+=Stories)
2021-12-24 11:24:53,592 (DEBUG): Get Info from structure: (freehand tamashii+=Toiu Wake De, Kaa-san-tachi To Yattemita)
2021-12-24 11:24:53,605 (DEBUG): Get Info from structure: (freehand tamasshii+=Shin Mama O Netoruze!)
2021-12-24 11:24:53,617 (DEBUG): Get Info from structure: (gonza+=av mama)
2021-12-24 11:24:53,634 (DEBUG): Get Info from structure: (gonza+=matching appli)
2021-12-24 11:24:53,647 (DEBUG): Get Info from structure: (Gonza+=Mayonaka No Haha)
2021-12-24 11:24:53,658 (DEBUG): Get Info from structure: (gonza+=my three horny moms)
2021-12-24 11:24:53,669 (DEBUG): Get Info from structure: (gonza+=Nonfiction ~boshi Soukan No Kioku~)
2021-12-24 11:24:53,682 (DEBUG): Get Info from structure: (gonza+=stories)
2021-12-24 11:24:53,715 (DEBUG): Get Info from structure: (mizone+=Ajin Iryou Sougou Center e Youkoso!)
2021-12-24 11:24:53,729 (DEBUG): Get Info from structure: (mizone+=Jikyuu 1500 yen!! Gyogyou o Tetsudau Kantan na Oshigoto desu)
2021-12-24 11:24:53,748 (DEBUG): Get Info from structure: (mizone+=Kindan no Shohousen)
2021-12-24 11:24:53,759 (DEBUG): Get Info from structure: (mizone+=monster romance)
2021-12-24 11:24:53,771 (DEBUG): Get Info from structure: (mizone+=monster smash)
2021-12-24 11:24:53,783 (DEBUG): Get Info from structure: (mizone+=Otherworldly Maidens Series)
2021-12-24 11:24:53,792 (DEBUG): Get Info from structure: (mizone+=stories)
2021-12-24 11:24:53,803 (DEBUG): Get Info from structure: (mizone+=Zasshoku Yuusha)
2021-12-24 11:24:53,815 (DEBUG): Get Info from structure: (Tsusauto+=Jichikai no Hitozuma wa Totemo Ecchi deshita)
2021-12-24 11:24:53,825 (INFO): Processing Chapters / Episodes ...
2021-12-24 11:24:53,964 (INFO): Processing Chapters & Pages ... 
2021-12-24 11:25:38,582 (DEBUG): STREAM b'IHDR' 16 13
2021-12-24 11:25:38,582 (DEBUG): STREAM b'gAMA' 41 4
2021-12-24 11:25:38,582 (DEBUG): STREAM b'cHRM' 57 32
2021-12-24 11:25:38,582 (DEBUG): STREAM b'bKGD' 101 2
2021-12-24 11:25:38,582 (DEBUG): b'bKGD' 101 2 (unknown)
2021-12-24 11:25:38,583 (DEBUG): STREAM b'tIME' 115 7
2021-12-24 11:25:38,583 (DEBUG): b'tIME' 115 7 (unknown)
2021-12-24 11:25:38,583 (DEBUG): STREAM b'IDAT' 134 32768
2021-12-24 11:25:38,602 (DEBUG): STREAM b'IHDR' 16 13
2021-12-24 11:25:38,602 (DEBUG): STREAM b'gAMA' 41 4
2021-12-24 11:25:38,602 (DEBUG): STREAM b'cHRM' 57 32
2021-12-24 11:25:38,602 (DEBUG): STREAM b'bKGD' 101 2
2021-12-24 11:25:38,602 (DEBUG): b'bKGD' 101 2 (unknown)
2021-12-24 11:25:38,602 (DEBUG): STREAM b'tIME' 115 7
2021-12-24 11:25:38,602 (DEBUG): b'tIME' 115 7 (unknown)
2021-12-24 11:25:38,602 (DEBUG): STREAM b'IDAT' 134 32768
2021-12-24 11:25:38,619 (DEBUG): STREAM b'IHDR' 16 13
2021-12-24 11:25:38,620 (DEBUG): STREAM b'gAMA' 41 4
2021-12-24 11:25:38,620 (DEBUG): STREAM b'cHRM' 57 32
2021-12-24 11:25:38,620 (DEBUG): STREAM b'bKGD' 101 2
2021-12-24 11:25:38,620 (DEBUG): b'bKGD' 101 2 (unknown)
2021-12-24 11:25:38,620 (DEBUG): STREAM b'tIME' 115 7
2021-12-24 11:25:38,620 (DEBUG): b'tIME' 115 7 (unknown)
2021-12-24 11:25:38,620 (DEBUG): STREAM b'IDAT' 134 32768
2021-12-24 11:25:38,637 (DEBUG): STREAM b'IHDR' 16 13
2021-12-24 11:25:38,637 (DEBUG): STREAM b'gAMA' 41 4
2021-12-24 11:25:38,637 (DEBUG): STREAM b'cHRM' 57 32
2021-12-24 11:25:38,637 (DEBUG): STREAM b'bKGD' 101 2
2021-12-24 11:25:38,637 (DEBUG): b'bKGD' 101 2 (unknown)
2021-12-24 11:25:38,637 (DEBUG): STREAM b'tIME' 115 7
2021-12-24 11:25:38,637 (DEBUG): b'tIME' 115 7 (unknown)
2021-12-24 11:25:38,637 (DEBUG): STREAM b'IDAT' 134 32768
2021-12-24 11:25:38,658 (DEBUG): STREAM b'IHDR' 16 13
2021-12-24 11:25:38,658 (DEBUG): STREAM b'gAMA' 41 4
2021-12-24 11:25:38,658 (DEBUG): STREAM b'cHRM' 57 32
2021-12-24 11:25:38,658 (DEBUG): STREAM b'bKGD' 101 2
2021-12-24 11:25:38,659 (DEBUG): b'bKGD' 101 2 (unknown)
2021-12-24 11:25:38,659 (DEBUG): STREAM b'tIME' 115 7
2021-12-24 11:25:38,659 (DEBUG): b'tIME' 115 7 (unknown)
2021-12-24 11:25:38,659 (DEBUG): STREAM b'IDAT' 134 32768
2021-12-24 11:25:38,674 (DEBUG): STREAM b'IHDR' 16 13
2021-12-24 11:25:38,674 (DEBUG): STREAM b'gAMA' 41 4
2021-12-24 11:25:38,675 (DEBUG): STREAM b'cHRM' 57 32
2021-12-24 11:25:38,675 (DEBUG): STREAM b'bKGD' 101 2
2021-12-24 11:25:38,675 (DEBUG): b'bKGD' 101 2 (unknown)
2021-12-24 11:25:38,675 (DEBUG): STREAM b'tIME' 115 7
2021-12-24 11:25:38,675 (DEBUG): b'tIME' 115 7 (unknown)
2021-12-24 11:25:38,675 (DEBUG): STREAM b'IDAT' 134 32768
2021-12-24 11:25:38,690 (DEBUG): STREAM b'IHDR' 16 13
2021-12-24 11:25:38,690 (DEBUG): STREAM b'gAMA' 41 4
2021-12-24 11:25:38,690 (DEBUG): STREAM b'cHRM' 57 32
2021-12-24 11:25:38,690 (DEBUG): STREAM b'bKGD' 101 2
2021-12-24 11:25:38,690 (DEBUG): b'bKGD' 101 2 (unknown)
2021-12-24 11:25:38,690 (DEBUG): STREAM b'tIME' 115 7
2021-12-24 11:25:38,690 (DEBUG): b'tIME' 115 7 (unknown)
2021-12-24 11:25:38,690 (DEBUG): STREAM b'IDAT' 134 32768
2021-12-24 11:25:38,706 (DEBUG): STREAM b'IHDR' 16 13
2021-12-24 11:25:38,706 (DEBUG): STREAM b'gAMA' 41 4
2021-12-24 11:25:38,706 (DEBUG): STREAM b'cHRM' 57 32
2021-12-24 11:25:38,706 (DEBUG): STREAM b'bKGD' 101 2
2021-12-24 11:25:38,707 (DEBUG): b'bKGD' 101 2 (unknown)
2021-12-24 11:25:38,707 (DEBUG): STREAM b'tIME' 115 7
2021-12-24 11:25:38,707 (DEBUG): b'tIME' 115 7 (unknown)
2021-12-24 11:25:38,707 (DEBUG): STREAM b'IDAT' 134 32768
2021-12-24 11:25:38,731 (DEBUG): STREAM b'IHDR' 16 13
2021-12-24 11:25:38,732 (DEBUG): STREAM b'gAMA' 41 4
2021-12-24 11:25:38,732 (DEBUG): STREAM b'cHRM' 57 32
2021-12-24 11:25:38,732 (DEBUG): STREAM b'bKGD' 101 2
2021-12-24 11:25:38,732 (DEBUG): b'bKGD' 101 2 (unknown)
2021-12-24 11:25:38,732 (DEBUG): STREAM b'tIME' 115 7
2021-12-24 11:25:38,732 (DEBUG): b'tIME' 115 7 (unknown)
2021-12-24 11:25:38,732 (DEBUG): STREAM b'IDAT' 134 32768
2021-12-24 11:25:38,749 (DEBUG): STREAM b'IHDR' 16 13
2021-12-24 11:25:38,749 (DEBUG): STREAM b'gAMA' 41 4
2021-12-24 11:25:38,749 (DEBUG): STREAM b'cHRM' 57 32
2021-12-24 11:25:38,750 (DEBUG): STREAM b'bKGD' 101 2
2021-12-24 11:25:38,750 (DEBUG): b'bKGD' 101 2 (unknown)
2021-12-24 11:25:38,750 (DEBUG): STREAM b'tIME' 115 7
2021-12-24 11:25:38,750 (DEBUG): b'tIME' 115 7 (unknown)
2021-12-24 11:25:38,750 (DEBUG): STREAM b'IDAT' 134 32768
2021-12-24 11:25:38,767 (DEBUG): STREAM b'IHDR' 16 13
2021-12-24 11:25:38,768 (DEBUG): STREAM b'gAMA' 41 4
2021-12-24 11:25:38,768 (DEBUG): STREAM b'cHRM' 57 32
2021-12-24 11:25:38,768 (DEBUG): STREAM b'bKGD' 101 2
2021-12-24 11:25:38,768 (DEBUG): b'bKGD' 101 2 (unknown)
2021-12-24 11:25:38,768 (DEBUG): STREAM b'tIME' 115 7
2021-12-24 11:25:38,768 (DEBUG): b'tIME' 115 7 (unknown)
2021-12-24 11:25:38,768 (DEBUG): STREAM b'IDAT' 134 32768
2021-12-24 11:25:38,785 (DEBUG): STREAM b'IHDR' 16 13
2021-12-24 11:25:38,786 (DEBUG): STREAM b'gAMA' 41 4
2021-12-24 11:25:38,786 (DEBUG): STREAM b'cHRM' 57 32
2021-12-24 11:25:38,786 (DEBUG): STREAM b'bKGD' 101 2
2021-12-24 11:25:38,786 (DEBUG): b'bKGD' 101 2 (unknown)
2021-12-24 11:25:38,786 (DEBUG): STREAM b'tIME' 115 7
2021-12-24 11:25:38,786 (DEBUG): b'tIME' 115 7 (unknown)
2021-12-24 11:25:38,786 (DEBUG): STREAM b'IDAT' 134 32768
2021-12-24 11:25:38,802 (DEBUG): STREAM b'IHDR' 16 13
2021-12-24 11:25:38,802 (DEBUG): STREAM b'gAMA' 41 4
2021-12-24 11:25:38,802 (DEBUG): STREAM b'cHRM' 57 32
2021-12-24 11:25:38,802 (DEBUG): STREAM b'bKGD' 101 2
2021-12-24 11:25:38,802 (DEBUG): b'bKGD' 101 2 (unknown)
2021-12-24 11:25:38,802 (DEBUG): STREAM b'tIME' 115 7
2021-12-24 11:25:38,802 (DEBUG): b'tIME' 115 7 (unknown)
2021-12-24 11:25:38,802 (DEBUG): STREAM b'IDAT' 134 32768
2021-12-24 11:25:38,817 (DEBUG): STREAM b'IHDR' 16 13
2021-12-24 11:25:38,817 (DEBUG): STREAM b'gAMA' 41 4
2021-12-24 11:25:38,817 (DEBUG): STREAM b'cHRM' 57 32
2021-12-24 11:25:38,817 (DEBUG): STREAM b'bKGD' 101 2
2021-12-24 11:25:38,817 (DEBUG): b'bKGD' 101 2 (unknown)
2021-12-24 11:25:38,817 (DEBUG): STREAM b'tIME' 115 7
2021-12-24 11:25:38,817 (DEBUG): b'tIME' 115 7 (unknown)
2021-12-24 11:25:38,817 (DEBUG): STREAM b'IDAT' 134 32768
2021-12-24 11:25:38,840 (DEBUG): STREAM b'IHDR' 16 13
2021-12-24 11:25:38,840 (DEBUG): STREAM b'gAMA' 41 4
2021-12-24 11:25:38,840 (DEBUG): STREAM b'cHRM' 57 32
2021-12-24 11:25:38,840 (DEBUG): STREAM b'bKGD' 101 2
2021-12-24 11:25:38,840 (DEBUG): b'bKGD' 101 2 (unknown)
2021-12-24 11:25:38,840 (DEBUG): STREAM b'tIME' 115 7
2021-12-24 11:25:38,840 (DEBUG): b'tIME' 115 7 (unknown)
2021-12-24 11:25:38,841 (DEBUG): STREAM b'IDAT' 134 32768
2021-12-24 11:25:38,856 (DEBUG): STREAM b'IHDR' 16 13
2021-12-24 11:25:38,856 (DEBUG): STREAM b'gAMA' 41 4
2021-12-24 11:25:38,856 (DEBUG): STREAM b'cHRM' 57 32
2021-12-24 11:25:38,856 (DEBUG): STREAM b'bKGD' 101 2
2021-12-24 11:25:38,857 (DEBUG): b'bKGD' 101 2 (unknown)
2021-12-24 11:25:38,857 (DEBUG): STREAM b'tIME' 115 7
2021-12-24 11:25:38,857 (DEBUG): b'tIME' 115 7 (unknown)
2021-12-24 11:25:38,857 (DEBUG): STREAM b'IDAT' 134 32768
2021-12-24 11:25:38,898 (DEBUG): STREAM b'IHDR' 16 13
2021-12-24 11:25:38,898 (DEBUG): STREAM b'gAMA' 41 4
2021-12-24 11:25:38,898 (DEBUG): STREAM b'cHRM' 57 32
2021-12-24 11:25:38,898 (DEBUG): STREAM b'bKGD' 101 2
2021-12-24 11:25:38,898 (DEBUG): b'bKGD' 101 2 (unknown)
2021-12-24 11:25:38,898 (DEBUG): STREAM b'tIME' 115 7
2021-12-24 11:25:38,898 (DEBUG): b'tIME' 115 7 (unknown)
2021-12-24 11:25:38,898 (DEBUG): STREAM b'IDAT' 134 32768
2021-12-24 11:25:38,916 (DEBUG): STREAM b'IHDR' 16 13
2021-12-24 11:25:38,916 (DEBUG): STREAM b'gAMA' 41 4
2021-12-24 11:25:38,916 (DEBUG): STREAM b'cHRM' 57 32
2021-12-24 11:25:38,916 (DEBUG): STREAM b'bKGD' 101 2
2021-12-24 11:25:38,916 (DEBUG): b'bKGD' 101 2 (unknown)
2021-12-24 11:25:38,916 (DEBUG): STREAM b'tIME' 115 7
2021-12-24 11:25:38,916 (DEBUG): b'tIME' 115 7 (unknown)
2021-12-24 11:25:38,917 (DEBUG): STREAM b'IDAT' 134 32768
2021-12-24 11:25:38,932 (DEBUG): STREAM b'IHDR' 16 13
2021-12-24 11:25:38,932 (DEBUG): STREAM b'gAMA' 41 4
2021-12-24 11:25:38,932 (DEBUG): STREAM b'cHRM' 57 32
2021-12-24 11:25:38,932 (DEBUG): STREAM b'bKGD' 101 2
2021-12-24 11:25:38,932 (DEBUG): b'bKGD' 101 2 (unknown)
2021-12-24 11:25:38,932 (DEBUG): STREAM b'tIME' 115 7
2021-12-24 11:25:38,932 (DEBUG): b'tIME' 115 7 (unknown)
2021-12-24 11:25:38,932 (DEBUG): STREAM b'IDAT' 134 32768
2021-12-24 11:25:38,947 (DEBUG): STREAM b'IHDR' 16 13
2021-12-24 11:25:38,947 (DEBUG): STREAM b'gAMA' 41 4
2021-12-24 11:25:38,947 (DEBUG): STREAM b'cHRM' 57 32
2021-12-24 11:25:38,948 (DEBUG): STREAM b'bKGD' 101 2
2021-12-24 11:25:38,948 (DEBUG): b'bKGD' 101 2 (unknown)
2021-12-24 11:25:38,948 (DEBUG): STREAM b'tIME' 115 7
2021-12-24 11:25:38,948 (DEBUG): b'tIME' 115 7 (unknown)
2021-12-24 11:25:38,948 (DEBUG): STREAM b'IDAT' 134 32768
2021-12-24 11:25:39,009 (DEBUG): STREAM b'IHDR' 16 13
2021-12-24 11:25:39,009 (DEBUG): STREAM b'gAMA' 41 4
2021-12-24 11:25:39,009 (DEBUG): STREAM b'cHRM' 57 32
2021-12-24 11:25:39,009 (DEBUG): STREAM b'bKGD' 101 2
2021-12-24 11:25:39,009 (DEBUG): b'bKGD' 101 2 (unknown)
2021-12-24 11:25:39,009 (DEBUG): STREAM b'tIME' 115 7
2021-12-24 11:25:39,009 (DEBUG): b'tIME' 115 7 (unknown)
2021-12-24 11:25:39,009 (DEBUG): STREAM b'IDAT' 134 32768
2021-12-24 11:25:39,028 (DEBUG): STREAM b'IHDR' 16 13
2021-12-24 11:25:39,028 (DEBUG): STREAM b'gAMA' 41 4
2021-12-24 11:25:39,028 (DEBUG): STREAM b'cHRM' 57 32
2021-12-24 11:25:39,028 (DEBUG): STREAM b'bKGD' 101 2
2021-12-24 11:25:39,028 (DEBUG): b'bKGD' 101 2 (unknown)
2021-12-24 11:25:39,028 (DEBUG): STREAM b'tIME' 115 7
2021-12-24 11:25:39,028 (DEBUG): b'tIME' 115 7 (unknown)
2021-12-24 11:25:39,028 (DEBUG): STREAM b'IDAT' 134 32768
2021-12-24 11:25:39,045 (DEBUG): STREAM b'IHDR' 16 13
2021-12-24 11:25:39,045 (DEBUG): STREAM b'gAMA' 41 4
2021-12-24 11:25:39,045 (DEBUG): STREAM b'cHRM' 57 32
2021-12-24 11:25:39,045 (DEBUG): STREAM b'bKGD' 101 2
2021-12-24 11:25:39,045 (DEBUG): b'bKGD' 101 2 (unknown)
2021-12-24 11:25:39,045 (DEBUG): STREAM b'tIME' 115 7
2021-12-24 11:25:39,045 (DEBUG): b'tIME' 115 7 (unknown)
2021-12-24 11:25:39,045 (DEBUG): STREAM b'IDAT' 134 32768
2021-12-24 11:25:39,061 (DEBUG): STREAM b'IHDR' 16 13
2021-12-24 11:25:39,062 (DEBUG): STREAM b'gAMA' 41 4
2021-12-24 11:25:39,062 (DEBUG): STREAM b'cHRM' 57 32
2021-12-24 11:25:39,062 (DEBUG): STREAM b'bKGD' 101 2
2021-12-24 11:25:39,062 (DEBUG): b'bKGD' 101 2 (unknown)
2021-12-24 11:25:39,062 (DEBUG): STREAM b'tIME' 115 7
2021-12-24 11:25:39,062 (DEBUG): b'tIME' 115 7 (unknown)
2021-12-24 11:25:39,062 (DEBUG): STREAM b'IDAT' 134 32768
2021-12-24 11:25:39,078 (DEBUG): STREAM b'IHDR' 16 13
2021-12-24 11:25:39,078 (DEBUG): STREAM b'gAMA' 41 4
2021-12-24 11:25:39,078 (DEBUG): STREAM b'cHRM' 57 32
2021-12-24 11:25:39,078 (DEBUG): STREAM b'bKGD' 101 2
2021-12-24 11:25:39,078 (DEBUG): b'bKGD' 101 2 (unknown)
2021-12-24 11:25:39,078 (DEBUG): STREAM b'tIME' 115 7
2021-12-24 11:25:39,078 (DEBUG): b'tIME' 115 7 (unknown)
2021-12-24 11:25:39,078 (DEBUG): STREAM b'IDAT' 134 32768
2021-12-24 11:25:39,114 (DEBUG): STREAM b'IHDR' 16 13
2021-12-24 11:25:39,114 (DEBUG): STREAM b'gAMA' 41 4
2021-12-24 11:25:39,114 (DEBUG): STREAM b'cHRM' 57 32
2021-12-24 11:25:39,114 (DEBUG): STREAM b'bKGD' 101 2
2021-12-24 11:25:39,114 (DEBUG): b'bKGD' 101 2 (unknown)
2021-12-24 11:25:39,114 (DEBUG): STREAM b'tIME' 115 7
2021-12-24 11:25:39,128 (DEBUG): b'tIME' 115 7 (unknown)
2021-12-24 11:25:39,128 (DEBUG): STREAM b'IDAT' 134 32768
2021-12-24 11:25:39,143 (DEBUG): STREAM b'IHDR' 16 13
2021-12-24 11:25:39,143 (DEBUG): STREAM b'gAMA' 41 4
2021-12-24 11:25:39,143 (DEBUG): STREAM b'cHRM' 57 32
2021-12-24 11:25:39,143 (DEBUG): STREAM b'bKGD' 101 2
2021-12-24 11:25:39,143 (DEBUG): b'bKGD' 101 2 (unknown)
2021-12-24 11:25:39,143 (DEBUG): STREAM b'tIME' 115 7
2021-12-24 11:25:39,143 (DEBUG): b'tIME' 115 7 (unknown)
2021-12-24 11:25:39,144 (DEBUG): STREAM b'IDAT' 134 32768
2021-12-24 11:25:39,192 (DEBUG): STREAM b'IHDR' 16 13
2021-12-24 11:25:39,192 (DEBUG): STREAM b'gAMA' 41 4
2021-12-24 11:25:39,192 (DEBUG): STREAM b'cHRM' 57 32
2021-12-24 11:25:39,192 (DEBUG): STREAM b'bKGD' 101 2
2021-12-24 11:25:39,193 (DEBUG): b'bKGD' 101 2 (unknown)
2021-12-24 11:25:39,193 (DEBUG): STREAM b'tIME' 115 7
2021-12-24 11:25:39,193 (DEBUG): b'tIME' 115 7 (unknown)
2021-12-24 11:25:39,193 (DEBUG): STREAM b'IDAT' 134 32768
