2021-12-24 12:33:39,012 (INFO): Log Path: D:\Source_Code\Python ++\02. updateComic\log\debug-20211224-1233.38.log
2021-12-24 12:33:41,034 (INFO): Currently Processing image
2021-12-24 12:33:41,034 (INFO): Processing Titles ...
2021-12-24 12:33:41,099 (DEBUG): Get Info from structure: (2t+=sakusei toshi elosion)
2021-12-24 12:33:41,107 (DEBUG): Get Info from structure: (a-10+=koukai tanetsuke hentai koubi 2)
2021-12-24 12:33:41,116 (DEBUG): Get Info from structure: (Abubu+=Kinjo no Onnatachi ga Nazeka Ore no Ie no Furo ni Hairi ni Kuru Ken)
2021-12-24 12:33:41,126 (DEBUG): Get Info from structure: (abubu+=npc kan mod)
2021-12-24 12:33:41,134 (DEBUG): Get Info from structure: (agobitch nee-san+=Hataraku Onee-san-tachi ~Mikonritsu no Takai Machi de Hataraku Tokoya no Onee-san ni Okuchi de Shiborareru~)
2021-12-24 12:33:41,143 (DEBUG): Get Info from structure: (agobitch nee-san+=Seifuku Bishoujo)
2021-12-24 12:33:41,152 (DEBUG): Get Info from structure: (ahemaru+=slave the blood)
2021-12-24 12:33:41,166 (DEBUG): Get Info from structure: (amano ameno+=Jabami Yumeko Hentai Koushuu Benjo Tantsubo Nikubenki Onna)
2021-12-24 12:33:41,176 (DEBUG): Get Info from structure: (amano ameno+=Kyonyuu Onna Joushi Saimin Nikuningyou)
2021-12-24 12:33:41,188 (DEBUG): Get Info from structure: (Ameyama Denshin+=Stories)
2021-12-24 12:33:41,196 (DEBUG): Get Info from structure: (Arai Kei+=Boku No Kanojo)
2021-12-24 12:33:41,207 (DEBUG): Get Info from structure: (arai kei+=Boku Wa Kanojo No Namae Mo Shiranai)
2021-12-24 12:33:41,217 (DEBUG): Get Info from structure: (arai kei+=hougan kanojo)
2021-12-24 12:33:41,227 (DEBUG): Get Info from structure: (arai kei+=Stories)
2021-12-24 12:33:41,237 (DEBUG): Get Info from structure: (Arai Taiki+=Kahanshin Daiichi Shugi)
2021-12-24 12:33:41,252 (DEBUG): Get Info from structure: (arai taiki+=ochita yume no naka de)
2021-12-24 12:33:41,263 (DEBUG): Get Info from structure: (Arai Taiki+=Stories)
2021-12-24 12:33:41,272 (DEBUG): Get Info from structure: (aroma sensei+=Gwen)
2021-12-24 12:33:41,280 (DEBUG): Get Info from structure: (aroma sensei+=what's going on here)
2021-12-24 12:33:41,289 (DEBUG): Get Info from structure: (asanagi+=Stories)
2021-12-24 12:33:41,298 (DEBUG): Get Info from structure: (BeNantoka+=Stories)
2021-12-24 12:33:41,309 (DEBUG): Get Info from structure: (Bonske+=Arawareta Chijo wa Toshishita Kui no Scatolo Hentai deshita)
2021-12-24 12:33:41,318 (DEBUG): Get Info from structure: (bonske+=sono kuchi to shita de subete o uketomenasai)
2021-12-24 12:33:41,326 (DEBUG): Get Info from structure: (Dokurosan+=Stories)
2021-12-24 12:33:41,334 (DEBUG): Get Info from structure: (Enokido+=Stories)
2021-12-24 12:33:41,344 (DEBUG): Get Info from structure: (freehand tamashii+=aorare tsuma)
2021-12-24 12:33:41,354 (DEBUG): Get Info from structure: (freehand tamashii+=Incha No Oi Ga Yaritai Oba-san)
2021-12-24 12:33:41,363 (DEBUG): Get Info from structure: (freehand tamashii+=Isourou Saki No Obasan Ni Hameru!)
2021-12-24 12:33:41,372 (DEBUG): Get Info from structure: (freehand tamashii+=Stories)
2021-12-24 12:33:41,381 (DEBUG): Get Info from structure: (freehand tamashii+=Toiu Wake De, Kaa-san-tachi To Yattemita)
2021-12-24 12:33:41,391 (DEBUG): Get Info from structure: (freehand tamasshii+=Shin Mama O Netoruze!)
2021-12-24 12:33:41,402 (DEBUG): Get Info from structure: (gonza+=av mama)
2021-12-24 12:33:41,411 (DEBUG): Get Info from structure: (gonza+=matching appli)
2021-12-24 12:33:41,420 (DEBUG): Get Info from structure: (Gonza+=Mayonaka No Haha)
2021-12-24 12:33:41,428 (DEBUG): Get Info from structure: (gonza+=my three horny moms)
2021-12-24 12:33:41,439 (DEBUG): Get Info from structure: (gonza+=Nonfiction ~boshi Soukan No Kioku~)
2021-12-24 12:33:41,447 (DEBUG): Get Info from structure: (gonza+=stories)
2021-12-24 12:33:41,459 (DEBUG): Get Info from structure: (mizone+=Ajin Iryou Sougou Center e Youkoso!)
2021-12-24 12:33:41,467 (DEBUG): Get Info from structure: (mizone+=Jikyuu 1500 yen!! Gyogyou o Tetsudau Kantan na Oshigoto desu)
2021-12-24 12:33:41,476 (DEBUG): Get Info from structure: (mizone+=Kindan no Shohousen)
2021-12-24 12:33:41,484 (DEBUG): Get Info from structure: (mizone+=monster romance)
2021-12-24 12:33:41,494 (DEBUG): Get Info from structure: (mizone+=monster smash)
2021-12-24 12:33:41,505 (DEBUG): Get Info from structure: (mizone+=Otherworldly Maidens Series)
2021-12-24 12:33:41,513 (DEBUG): Get Info from structure: (mizone+=stories)
2021-12-24 12:33:41,525 (DEBUG): Get Info from structure: (mizone+=Zasshoku Yuusha)
2021-12-24 12:33:41,534 (DEBUG): Get Info from structure: (Tsusauto+=Jichikai no Hitozuma wa Totemo Ecchi deshita)
2021-12-24 12:33:41,543 (INFO): Processing Chapters / Episodes ...
2021-12-24 12:33:41,663 (INFO): Processing Chapters & Pages ... 
2021-12-24 12:34:23,514 (DEBUG): STREAM b'IHDR' 16 13
2021-12-24 12:34:23,514 (DEBUG): STREAM b'gAMA' 41 4
2021-12-24 12:34:23,514 (DEBUG): STREAM b'cHRM' 57 32
2021-12-24 12:34:23,514 (DEBUG): STREAM b'bKGD' 101 2
2021-12-24 12:34:23,514 (DEBUG): b'bKGD' 101 2 (unknown)
2021-12-24 12:34:23,514 (DEBUG): STREAM b'tIME' 115 7
2021-12-24 12:34:23,514 (DEBUG): b'tIME' 115 7 (unknown)
2021-12-24 12:34:23,514 (DEBUG): STREAM b'IDAT' 134 32768
2021-12-24 12:34:23,529 (DEBUG): STREAM b'IHDR' 16 13
2021-12-24 12:34:23,529 (DEBUG): STREAM b'gAMA' 41 4
2021-12-24 12:34:23,529 (DEBUG): STREAM b'cHRM' 57 32
2021-12-24 12:34:23,529 (DEBUG): STREAM b'bKGD' 101 2
2021-12-24 12:34:23,529 (DEBUG): b'bKGD' 101 2 (unknown)
2021-12-24 12:34:23,529 (DEBUG): STREAM b'tIME' 115 7
2021-12-24 12:34:23,529 (DEBUG): b'tIME' 115 7 (unknown)
2021-12-24 12:34:23,529 (DEBUG): STREAM b'IDAT' 134 32768
2021-12-24 12:34:23,544 (DEBUG): STREAM b'IHDR' 16 13
2021-12-24 12:34:23,544 (DEBUG): STREAM b'gAMA' 41 4
2021-12-24 12:34:23,544 (DEBUG): STREAM b'cHRM' 57 32
2021-12-24 12:34:23,544 (DEBUG): STREAM b'bKGD' 101 2
2021-12-24 12:34:23,544 (DEBUG): b'bKGD' 101 2 (unknown)
2021-12-24 12:34:23,544 (DEBUG): STREAM b'tIME' 115 7
2021-12-24 12:34:23,544 (DEBUG): b'tIME' 115 7 (unknown)
2021-12-24 12:34:23,544 (DEBUG): STREAM b'IDAT' 134 32768
2021-12-24 12:34:23,559 (DEBUG): STREAM b'IHDR' 16 13
2021-12-24 12:34:23,559 (DEBUG): STREAM b'gAMA' 41 4
2021-12-24 12:34:23,559 (DEBUG): STREAM b'cHRM' 57 32
2021-12-24 12:34:23,559 (DEBUG): STREAM b'bKGD' 101 2
2021-12-24 12:34:23,559 (DEBUG): b'bKGD' 101 2 (unknown)
2021-12-24 12:34:23,559 (DEBUG): STREAM b'tIME' 115 7
2021-12-24 12:34:23,559 (DEBUG): b'tIME' 115 7 (unknown)
2021-12-24 12:34:23,559 (DEBUG): STREAM b'IDAT' 134 32768
2021-12-24 12:34:23,573 (DEBUG): STREAM b'IHDR' 16 13
2021-12-24 12:34:23,573 (DEBUG): STREAM b'gAMA' 41 4
2021-12-24 12:34:23,573 (DEBUG): STREAM b'cHRM' 57 32
2021-12-24 12:34:23,573 (DEBUG): STREAM b'bKGD' 101 2
2021-12-24 12:34:23,573 (DEBUG): b'bKGD' 101 2 (unknown)
2021-12-24 12:34:23,573 (DEBUG): STREAM b'tIME' 115 7
2021-12-24 12:34:23,573 (DEBUG): b'tIME' 115 7 (unknown)
2021-12-24 12:34:23,573 (DEBUG): STREAM b'IDAT' 134 32768
2021-12-24 12:34:23,590 (DEBUG): STREAM b'IHDR' 16 13
2021-12-24 12:34:23,590 (DEBUG): STREAM b'gAMA' 41 4
2021-12-24 12:34:23,590 (DEBUG): STREAM b'cHRM' 57 32
2021-12-24 12:34:23,590 (DEBUG): STREAM b'bKGD' 101 2
2021-12-24 12:34:23,590 (DEBUG): b'bKGD' 101 2 (unknown)
2021-12-24 12:34:23,590 (DEBUG): STREAM b'tIME' 115 7
2021-12-24 12:34:23,590 (DEBUG): b'tIME' 115 7 (unknown)
2021-12-24 12:34:23,590 (DEBUG): STREAM b'IDAT' 134 32768
2021-12-24 12:34:23,606 (DEBUG): STREAM b'IHDR' 16 13
2021-12-24 12:34:23,606 (DEBUG): STREAM b'gAMA' 41 4
2021-12-24 12:34:23,606 (DEBUG): STREAM b'cHRM' 57 32
2021-12-24 12:34:23,606 (DEBUG): STREAM b'bKGD' 101 2
2021-12-24 12:34:23,606 (DEBUG): b'bKGD' 101 2 (unknown)
2021-12-24 12:34:23,606 (DEBUG): STREAM b'tIME' 115 7
2021-12-24 12:34:23,606 (DEBUG): b'tIME' 115 7 (unknown)
2021-12-24 12:34:23,606 (DEBUG): STREAM b'IDAT' 134 32768
2021-12-24 12:34:23,620 (DEBUG): STREAM b'IHDR' 16 13
2021-12-24 12:34:23,620 (DEBUG): STREAM b'gAMA' 41 4
2021-12-24 12:34:23,620 (DEBUG): STREAM b'cHRM' 57 32
2021-12-24 12:34:23,620 (DEBUG): STREAM b'bKGD' 101 2
2021-12-24 12:34:23,620 (DEBUG): b'bKGD' 101 2 (unknown)
2021-12-24 12:34:23,621 (DEBUG): STREAM b'tIME' 115 7
2021-12-24 12:34:23,621 (DEBUG): b'tIME' 115 7 (unknown)
2021-12-24 12:34:23,621 (DEBUG): STREAM b'IDAT' 134 32768
2021-12-24 12:34:23,634 (DEBUG): STREAM b'IHDR' 16 13
2021-12-24 12:34:23,634 (DEBUG): STREAM b'gAMA' 41 4
2021-12-24 12:34:23,634 (DEBUG): STREAM b'cHRM' 57 32
2021-12-24 12:34:23,634 (DEBUG): STREAM b'bKGD' 101 2
2021-12-24 12:34:23,634 (DEBUG): b'bKGD' 101 2 (unknown)
2021-12-24 12:34:23,634 (DEBUG): STREAM b'tIME' 115 7
2021-12-24 12:34:23,634 (DEBUG): b'tIME' 115 7 (unknown)
2021-12-24 12:34:23,634 (DEBUG): STREAM b'IDAT' 134 32768
2021-12-24 12:34:23,649 (DEBUG): STREAM b'IHDR' 16 13
2021-12-24 12:34:23,649 (DEBUG): STREAM b'gAMA' 41 4
2021-12-24 12:34:23,649 (DEBUG): STREAM b'cHRM' 57 32
2021-12-24 12:34:23,649 (DEBUG): STREAM b'bKGD' 101 2
2021-12-24 12:34:23,649 (DEBUG): b'bKGD' 101 2 (unknown)
2021-12-24 12:34:23,649 (DEBUG): STREAM b'tIME' 115 7
2021-12-24 12:34:23,649 (DEBUG): b'tIME' 115 7 (unknown)
2021-12-24 12:34:23,649 (DEBUG): STREAM b'IDAT' 134 32768
2021-12-24 12:34:23,662 (DEBUG): STREAM b'IHDR' 16 13
2021-12-24 12:34:23,663 (DEBUG): STREAM b'gAMA' 41 4
2021-12-24 12:34:23,663 (DEBUG): STREAM b'cHRM' 57 32
2021-12-24 12:34:23,663 (DEBUG): STREAM b'bKGD' 101 2
2021-12-24 12:34:23,663 (DEBUG): b'bKGD' 101 2 (unknown)
2021-12-24 12:34:23,663 (DEBUG): STREAM b'tIME' 115 7
2021-12-24 12:34:23,663 (DEBUG): b'tIME' 115 7 (unknown)
2021-12-24 12:34:23,663 (DEBUG): STREAM b'IDAT' 134 32768
2021-12-24 12:34:23,682 (DEBUG): STREAM b'IHDR' 16 13
2021-12-24 12:34:23,682 (DEBUG): STREAM b'gAMA' 41 4
2021-12-24 12:34:23,682 (DEBUG): STREAM b'cHRM' 57 32
2021-12-24 12:34:23,682 (DEBUG): STREAM b'bKGD' 101 2
2021-12-24 12:34:23,682 (DEBUG): b'bKGD' 101 2 (unknown)
2021-12-24 12:34:23,682 (DEBUG): STREAM b'tIME' 115 7
2021-12-24 12:34:23,682 (DEBUG): b'tIME' 115 7 (unknown)
2021-12-24 12:34:23,682 (DEBUG): STREAM b'IDAT' 134 32768
2021-12-24 12:34:23,698 (DEBUG): STREAM b'IHDR' 16 13
2021-12-24 12:34:23,698 (DEBUG): STREAM b'gAMA' 41 4
2021-12-24 12:34:23,698 (DEBUG): STREAM b'cHRM' 57 32
2021-12-24 12:34:23,698 (DEBUG): STREAM b'bKGD' 101 2
2021-12-24 12:34:23,698 (DEBUG): b'bKGD' 101 2 (unknown)
2021-12-24 12:34:23,698 (DEBUG): STREAM b'tIME' 115 7
2021-12-24 12:34:23,698 (DEBUG): b'tIME' 115 7 (unknown)
2021-12-24 12:34:23,698 (DEBUG): STREAM b'IDAT' 134 32768
2021-12-24 12:34:23,715 (DEBUG): STREAM b'IHDR' 16 13
2021-12-24 12:34:23,715 (DEBUG): STREAM b'gAMA' 41 4
2021-12-24 12:34:23,716 (DEBUG): STREAM b'cHRM' 57 32
2021-12-24 12:34:23,716 (DEBUG): STREAM b'bKGD' 101 2
2021-12-24 12:34:23,716 (DEBUG): b'bKGD' 101 2 (unknown)
2021-12-24 12:34:23,716 (DEBUG): STREAM b'tIME' 115 7
2021-12-24 12:34:23,716 (DEBUG): b'tIME' 115 7 (unknown)
2021-12-24 12:34:23,716 (DEBUG): STREAM b'IDAT' 134 32768
2021-12-24 12:34:23,731 (DEBUG): STREAM b'IHDR' 16 13
2021-12-24 12:34:23,731 (DEBUG): STREAM b'gAMA' 41 4
2021-12-24 12:34:23,731 (DEBUG): STREAM b'cHRM' 57 32
2021-12-24 12:34:23,731 (DEBUG): STREAM b'bKGD' 101 2
2021-12-24 12:34:23,731 (DEBUG): b'bKGD' 101 2 (unknown)
2021-12-24 12:34:23,731 (DEBUG): STREAM b'tIME' 115 7
2021-12-24 12:34:23,731 (DEBUG): b'tIME' 115 7 (unknown)
2021-12-24 12:34:23,731 (DEBUG): STREAM b'IDAT' 134 32768
2021-12-24 12:34:23,745 (DEBUG): STREAM b'IHDR' 16 13
2021-12-24 12:34:23,746 (DEBUG): STREAM b'gAMA' 41 4
2021-12-24 12:34:23,746 (DEBUG): STREAM b'cHRM' 57 32
2021-12-24 12:34:23,746 (DEBUG): STREAM b'bKGD' 101 2
2021-12-24 12:34:23,746 (DEBUG): b'bKGD' 101 2 (unknown)
2021-12-24 12:34:23,746 (DEBUG): STREAM b'tIME' 115 7
2021-12-24 12:34:23,746 (DEBUG): b'tIME' 115 7 (unknown)
2021-12-24 12:34:23,746 (DEBUG): STREAM b'IDAT' 134 32768
2021-12-24 12:34:23,786 (DEBUG): STREAM b'IHDR' 16 13
2021-12-24 12:34:23,787 (DEBUG): STREAM b'gAMA' 41 4
2021-12-24 12:34:23,787 (DEBUG): STREAM b'cHRM' 57 32
2021-12-24 12:34:23,787 (DEBUG): STREAM b'bKGD' 101 2
2021-12-24 12:34:23,787 (DEBUG): b'bKGD' 101 2 (unknown)
2021-12-24 12:34:23,787 (DEBUG): STREAM b'tIME' 115 7
2021-12-24 12:34:23,787 (DEBUG): b'tIME' 115 7 (unknown)
2021-12-24 12:34:23,787 (DEBUG): STREAM b'IDAT' 134 32768
2021-12-24 12:34:23,810 (DEBUG): STREAM b'IHDR' 16 13
2021-12-24 12:34:23,810 (DEBUG): STREAM b'gAMA' 41 4
2021-12-24 12:34:23,810 (DEBUG): STREAM b'cHRM' 57 32
2021-12-24 12:34:23,810 (DEBUG): STREAM b'bKGD' 101 2
2021-12-24 12:34:23,810 (DEBUG): b'bKGD' 101 2 (unknown)
2021-12-24 12:34:23,810 (DEBUG): STREAM b'tIME' 115 7
2021-12-24 12:34:23,810 (DEBUG): b'tIME' 115 7 (unknown)
2021-12-24 12:34:23,810 (DEBUG): STREAM b'IDAT' 134 32768
2021-12-24 12:34:23,830 (DEBUG): STREAM b'IHDR' 16 13
2021-12-24 12:34:23,830 (DEBUG): STREAM b'gAMA' 41 4
2021-12-24 12:34:23,830 (DEBUG): STREAM b'cHRM' 57 32
2021-12-24 12:34:23,830 (DEBUG): STREAM b'bKGD' 101 2
2021-12-24 12:34:23,830 (DEBUG): b'bKGD' 101 2 (unknown)
2021-12-24 12:34:23,830 (DEBUG): STREAM b'tIME' 115 7
2021-12-24 12:34:23,830 (DEBUG): b'tIME' 115 7 (unknown)
2021-12-24 12:34:23,830 (DEBUG): STREAM b'IDAT' 134 32768
2021-12-24 12:34:23,863 (DEBUG): STREAM b'IHDR' 16 13
2021-12-24 12:34:23,863 (DEBUG): STREAM b'gAMA' 41 4
2021-12-24 12:34:23,863 (DEBUG): STREAM b'cHRM' 57 32
2021-12-24 12:34:23,863 (DEBUG): STREAM b'bKGD' 101 2
2021-12-24 12:34:23,863 (DEBUG): b'bKGD' 101 2 (unknown)
2021-12-24 12:34:23,863 (DEBUG): STREAM b'tIME' 115 7
2021-12-24 12:34:23,863 (DEBUG): b'tIME' 115 7 (unknown)
2021-12-24 12:34:23,863 (DEBUG): STREAM b'IDAT' 134 32768
2021-12-24 12:34:23,927 (DEBUG): STREAM b'IHDR' 16 13
2021-12-24 12:34:23,928 (DEBUG): STREAM b'gAMA' 41 4
2021-12-24 12:34:23,928 (DEBUG): STREAM b'cHRM' 57 32
2021-12-24 12:34:23,928 (DEBUG): STREAM b'bKGD' 101 2
2021-12-24 12:34:23,928 (DEBUG): b'bKGD' 101 2 (unknown)
2021-12-24 12:34:23,928 (DEBUG): STREAM b'tIME' 115 7
2021-12-24 12:34:23,928 (DEBUG): b'tIME' 115 7 (unknown)
2021-12-24 12:34:23,928 (DEBUG): STREAM b'IDAT' 134 32768
2021-12-24 12:34:23,943 (DEBUG): STREAM b'IHDR' 16 13
2021-12-24 12:34:23,943 (DEBUG): STREAM b'gAMA' 41 4
2021-12-24 12:34:23,943 (DEBUG): STREAM b'cHRM' 57 32
2021-12-24 12:34:23,943 (DEBUG): STREAM b'bKGD' 101 2
2021-12-24 12:34:23,944 (DEBUG): b'bKGD' 101 2 (unknown)
2021-12-24 12:34:23,944 (DEBUG): STREAM b'tIME' 115 7
2021-12-24 12:34:23,944 (DEBUG): b'tIME' 115 7 (unknown)
2021-12-24 12:34:23,944 (DEBUG): STREAM b'IDAT' 134 32768
2021-12-24 12:34:23,960 (DEBUG): STREAM b'IHDR' 16 13
2021-12-24 12:34:23,960 (DEBUG): STREAM b'gAMA' 41 4
2021-12-24 12:34:23,960 (DEBUG): STREAM b'cHRM' 57 32
2021-12-24 12:34:23,960 (DEBUG): STREAM b'bKGD' 101 2
2021-12-24 12:34:23,960 (DEBUG): b'bKGD' 101 2 (unknown)
2021-12-24 12:34:23,960 (DEBUG): STREAM b'tIME' 115 7
2021-12-24 12:34:23,960 (DEBUG): b'tIME' 115 7 (unknown)
2021-12-24 12:34:23,960 (DEBUG): STREAM b'IDAT' 134 32768
2021-12-24 12:34:23,975 (DEBUG): STREAM b'IHDR' 16 13
2021-12-24 12:34:23,975 (DEBUG): STREAM b'gAMA' 41 4
2021-12-24 12:34:23,976 (DEBUG): STREAM b'cHRM' 57 32
2021-12-24 12:34:23,976 (DEBUG): STREAM b'bKGD' 101 2
2021-12-24 12:34:23,976 (DEBUG): b'bKGD' 101 2 (unknown)
2021-12-24 12:34:23,976 (DEBUG): STREAM b'tIME' 115 7
2021-12-24 12:34:23,976 (DEBUG): b'tIME' 115 7 (unknown)
2021-12-24 12:34:23,976 (DEBUG): STREAM b'IDAT' 134 32768
2021-12-24 12:34:23,991 (DEBUG): STREAM b'IHDR' 16 13
2021-12-24 12:34:23,991 (DEBUG): STREAM b'gAMA' 41 4
2021-12-24 12:34:23,991 (DEBUG): STREAM b'cHRM' 57 32
2021-12-24 12:34:23,991 (DEBUG): STREAM b'bKGD' 101 2
2021-12-24 12:34:23,991 (DEBUG): b'bKGD' 101 2 (unknown)
2021-12-24 12:34:23,991 (DEBUG): STREAM b'tIME' 115 7
2021-12-24 12:34:23,991 (DEBUG): b'tIME' 115 7 (unknown)
2021-12-24 12:34:23,992 (DEBUG): STREAM b'IDAT' 134 32768
2021-12-24 12:34:24,022 (DEBUG): STREAM b'IHDR' 16 13
2021-12-24 12:34:24,022 (DEBUG): STREAM b'gAMA' 41 4
2021-12-24 12:34:24,022 (DEBUG): STREAM b'cHRM' 57 32
2021-12-24 12:34:24,022 (DEBUG): STREAM b'bKGD' 101 2
2021-12-24 12:34:24,022 (DEBUG): b'bKGD' 101 2 (unknown)
2021-12-24 12:34:24,022 (DEBUG): STREAM b'tIME' 115 7
2021-12-24 12:34:24,022 (DEBUG): b'tIME' 115 7 (unknown)
2021-12-24 12:34:24,022 (DEBUG): STREAM b'IDAT' 134 32768
2021-12-24 12:34:24,037 (DEBUG): STREAM b'IHDR' 16 13
2021-12-24 12:34:24,038 (DEBUG): STREAM b'gAMA' 41 4
2021-12-24 12:34:24,038 (DEBUG): STREAM b'cHRM' 57 32
2021-12-24 12:34:24,038 (DEBUG): STREAM b'bKGD' 101 2
2021-12-24 12:34:24,038 (DEBUG): b'bKGD' 101 2 (unknown)
2021-12-24 12:34:24,038 (DEBUG): STREAM b'tIME' 115 7
2021-12-24 12:34:24,038 (DEBUG): b'tIME' 115 7 (unknown)
2021-12-24 12:34:24,038 (DEBUG): STREAM b'IDAT' 134 32768
2021-12-24 12:34:24,090 (DEBUG): STREAM b'IHDR' 16 13
2021-12-24 12:34:24,090 (DEBUG): STREAM b'gAMA' 41 4
2021-12-24 12:34:24,090 (DEBUG): STREAM b'cHRM' 57 32
2021-12-24 12:34:24,090 (DEBUG): STREAM b'bKGD' 101 2
2021-12-24 12:34:24,090 (DEBUG): b'bKGD' 101 2 (unknown)
2021-12-24 12:34:24,090 (DEBUG): STREAM b'tIME' 115 7
2021-12-24 12:34:24,090 (DEBUG): b'tIME' 115 7 (unknown)
2021-12-24 12:34:24,090 (DEBUG): STREAM b'IDAT' 134 32768
