2021-12-23 20:49:07,357 (INFO): Log Path: D:\Source_Code\Python ++\02. updateComic\log\debug-20211223-2049.07.log
2021-12-23 20:49:09,718 (INFO): Currently Processing image
2021-12-23 20:49:09,718 (INFO): Processing Titles ...
2021-12-23 20:49:09,898 (DEBUG): Get Info from structure: (2t+=sakusei toshi elosion)
2021-12-23 20:49:09,947 (DEBUG): Get Info from structure: (a-10+=koukai tanetsuke hentai koubi 2)
2021-12-23 20:49:09,956 (DEBUG): Get Info from structure: (Abubu+=Kinjo no Onnatachi ga Nazeka Ore no Ie no Furo ni Hairi ni Kuru Ken)
2021-12-23 20:49:09,964 (DEBUG): Get Info from structure: (abubu+=npc kan mod)
2021-12-23 20:49:09,973 (DEBUG): Get Info from structure: (agobitch nee-san+=Hataraku Onee-san-tachi ~Mikonritsu no Takai Machi de Hataraku Tokoya no Onee-san ni Okuchi de Shiborareru~)
2021-12-23 20:49:09,980 (DEBUG): Get Info from structure: (agobitch nee-san+=Seifuku Bishoujo)
2021-12-23 20:49:09,988 (DEBUG): Get Info from structure: (ahemaru+=slave the blood)
2021-12-23 20:49:09,995 (DEBUG): Get Info from structure: (amano ameno+=Jabami Yumeko Hentai Koushuu Benjo Tantsubo Nikubenki Onna)
2021-12-23 20:49:10,004 (DEBUG): Get Info from structure: (amano ameno+=Kyonyuu Onna Joushi Saimin Nikuningyou)
2021-12-23 20:49:10,012 (DEBUG): Get Info from structure: (Ameyama Denshin+=Stories)
2021-12-23 20:49:10,020 (DEBUG): Get Info from structure: (Arai Kei+=Boku No Kanojo)
2021-12-23 20:49:10,027 (DEBUG): Get Info from structure: (arai kei+=Boku Wa Kanojo No Namae Mo Shiranai)
2021-12-23 20:49:10,036 (DEBUG): Get Info from structure: (arai kei+=hougan kanojo)
2021-12-23 20:49:10,044 (DEBUG): Get Info from structure: (arai kei+=Stories)
2021-12-23 20:49:10,062 (DEBUG): Get Info from structure: (Arai Taiki+=Kahanshin Daiichi Shugi)
2021-12-23 20:49:10,070 (DEBUG): Get Info from structure: (arai taiki+=ochita yume no naka de)
2021-12-23 20:49:10,078 (DEBUG): Get Info from structure: (Arai Taiki+=Stories)
2021-12-23 20:49:10,086 (DEBUG): Get Info from structure: (aroma sensei+=Gwen)
2021-12-23 20:49:10,094 (DEBUG): Get Info from structure: (aroma sensei+=what's going on here)
2021-12-23 20:49:10,103 (DEBUG): Get Info from structure: (asanagi+=Stories)
2021-12-23 20:49:10,111 (DEBUG): Get Info from structure: (BeNantoka+=Stories)
2021-12-23 20:49:10,121 (DEBUG): Get Info from structure: (Bonske+=Arawareta Chijo wa Toshishita Kui no Scatolo Hentai deshita)
2021-12-23 20:49:10,128 (DEBUG): Get Info from structure: (bonske+=sono kuchi to shita de subete o uketomenasai)
2021-12-23 20:49:10,136 (DEBUG): Get Info from structure: (Dokurosan+=Stories)
2021-12-23 20:49:10,145 (DEBUG): Get Info from structure: (Enokido+=Stories)
2021-12-23 20:49:10,153 (DEBUG): Get Info from structure: (freehand tamashii+=aorare tsuma)
2021-12-23 20:49:10,161 (DEBUG): Get Info from structure: (freehand tamashii+=Incha No Oi Ga Yaritai Oba-san)
2021-12-23 20:49:10,170 (DEBUG): Get Info from structure: (freehand tamashii+=Isourou Saki No Obasan Ni Hameru!)
2021-12-23 20:49:10,180 (DEBUG): Get Info from structure: (freehand tamashii+=Stories)
2021-12-23 20:49:10,187 (DEBUG): Get Info from structure: (freehand tamashii+=Toiu Wake De, Kaa-san-tachi To Yattemita)
2021-12-23 20:49:10,196 (DEBUG): Get Info from structure: (freehand tamasshii+=Shin Mama O Netoruze!)
2021-12-23 20:49:10,205 (DEBUG): Get Info from structure: (gonza+=av mama)
2021-12-23 20:49:10,213 (DEBUG): Get Info from structure: (gonza+=matching appli)
2021-12-23 20:49:10,221 (DEBUG): Get Info from structure: (Gonza+=Mayonaka No Haha)
2021-12-23 20:49:10,229 (DEBUG): Get Info from structure: (gonza+=my three horny moms)
2021-12-23 20:49:10,238 (DEBUG): Get Info from structure: (gonza+=Nonfiction ~boshi Soukan No Kioku~)
2021-12-23 20:49:10,246 (DEBUG): Get Info from structure: (gonza+=stories)
2021-12-23 20:49:10,255 (DEBUG): Get Info from structure: (mizone+=Ajin Iryou Sougou Center e Youkoso!)
2021-12-23 20:49:10,264 (DEBUG): Get Info from structure: (mizone+=Jikyuu 1500 yen!! Gyogyou o Tetsudau Kantan na Oshigoto desu)
2021-12-23 20:49:10,273 (DEBUG): Get Info from structure: (mizone+=Kindan no Shohousen)
2021-12-23 20:49:10,281 (DEBUG): Get Info from structure: (mizone+=monster romance)
2021-12-23 20:49:10,291 (DEBUG): Get Info from structure: (mizone+=monster smash)
2021-12-23 20:49:10,299 (DEBUG): Get Info from structure: (mizone+=Otherworldly Maidens Series)
2021-12-23 20:49:10,307 (DEBUG): Get Info from structure: (mizone+=stories)
2021-12-23 20:49:10,316 (DEBUG): Get Info from structure: (mizone+=Zasshoku Yuusha)
2021-12-23 20:49:10,324 (DEBUG): Get Info from structure: (Tsusauto+=Jichikai no Hitozuma wa Totemo Ecchi deshita)
2021-12-23 20:49:10,332 (INFO): Processing Chapters / Episodes ...
2021-12-23 20:49:10,342 (INFO): Processing Chapters & Pages ... 
2021-12-23 20:50:26,945 (DEBUG): STREAM b'IHDR' 16 13
2021-12-23 20:50:26,946 (DEBUG): STREAM b'gAMA' 41 4
2021-12-23 20:50:26,946 (DEBUG): STREAM b'cHRM' 57 32
2021-12-23 20:50:26,946 (DEBUG): STREAM b'bKGD' 101 2
2021-12-23 20:50:26,946 (DEBUG): b'bKGD' 101 2 (unknown)
2021-12-23 20:50:26,946 (DEBUG): STREAM b'tIME' 115 7
2021-12-23 20:50:26,946 (DEBUG): b'tIME' 115 7 (unknown)
2021-12-23 20:50:26,946 (DEBUG): STREAM b'IDAT' 134 32768
2021-12-23 20:50:26,960 (DEBUG): STREAM b'IHDR' 16 13
2021-12-23 20:50:26,960 (DEBUG): STREAM b'gAMA' 41 4
2021-12-23 20:50:26,960 (DEBUG): STREAM b'cHRM' 57 32
2021-12-23 20:50:26,960 (DEBUG): STREAM b'bKGD' 101 2
2021-12-23 20:50:26,960 (DEBUG): b'bKGD' 101 2 (unknown)
2021-12-23 20:50:26,960 (DEBUG): STREAM b'tIME' 115 7
2021-12-23 20:50:26,960 (DEBUG): b'tIME' 115 7 (unknown)
2021-12-23 20:50:26,960 (DEBUG): STREAM b'IDAT' 134 32768
2021-12-23 20:50:26,975 (DEBUG): STREAM b'IHDR' 16 13
2021-12-23 20:50:26,975 (DEBUG): STREAM b'gAMA' 41 4
2021-12-23 20:50:26,975 (DEBUG): STREAM b'cHRM' 57 32
2021-12-23 20:50:26,975 (DEBUG): STREAM b'bKGD' 101 2
2021-12-23 20:50:26,975 (DEBUG): b'bKGD' 101 2 (unknown)
2021-12-23 20:50:26,975 (DEBUG): STREAM b'tIME' 115 7
2021-12-23 20:50:26,975 (DEBUG): b'tIME' 115 7 (unknown)
2021-12-23 20:50:26,975 (DEBUG): STREAM b'IDAT' 134 32768
2021-12-23 20:50:26,989 (DEBUG): STREAM b'IHDR' 16 13
2021-12-23 20:50:26,989 (DEBUG): STREAM b'gAMA' 41 4
2021-12-23 20:50:26,989 (DEBUG): STREAM b'cHRM' 57 32
2021-12-23 20:50:26,989 (DEBUG): STREAM b'bKGD' 101 2
2021-12-23 20:50:26,989 (DEBUG): b'bKGD' 101 2 (unknown)
2021-12-23 20:50:26,989 (DEBUG): STREAM b'tIME' 115 7
2021-12-23 20:50:26,989 (DEBUG): b'tIME' 115 7 (unknown)
2021-12-23 20:50:26,989 (DEBUG): STREAM b'IDAT' 134 32768
2021-12-23 20:50:27,003 (DEBUG): STREAM b'IHDR' 16 13
2021-12-23 20:50:27,003 (DEBUG): STREAM b'gAMA' 41 4
2021-12-23 20:50:27,003 (DEBUG): STREAM b'cHRM' 57 32
2021-12-23 20:50:27,004 (DEBUG): STREAM b'bKGD' 101 2
2021-12-23 20:50:27,004 (DEBUG): b'bKGD' 101 2 (unknown)
2021-12-23 20:50:27,004 (DEBUG): STREAM b'tIME' 115 7
2021-12-23 20:50:27,004 (DEBUG): b'tIME' 115 7 (unknown)
2021-12-23 20:50:27,004 (DEBUG): STREAM b'IDAT' 134 32768
2021-12-23 20:50:27,018 (DEBUG): STREAM b'IHDR' 16 13
2021-12-23 20:50:27,018 (DEBUG): STREAM b'gAMA' 41 4
2021-12-23 20:50:27,018 (DEBUG): STREAM b'cHRM' 57 32
2021-12-23 20:50:27,018 (DEBUG): STREAM b'bKGD' 101 2
2021-12-23 20:50:27,018 (DEBUG): b'bKGD' 101 2 (unknown)
2021-12-23 20:50:27,018 (DEBUG): STREAM b'tIME' 115 7
2021-12-23 20:50:27,018 (DEBUG): b'tIME' 115 7 (unknown)
2021-12-23 20:50:27,018 (DEBUG): STREAM b'IDAT' 134 32768
2021-12-23 20:50:27,034 (DEBUG): STREAM b'IHDR' 16 13
2021-12-23 20:50:27,034 (DEBUG): STREAM b'gAMA' 41 4
2021-12-23 20:50:27,034 (DEBUG): STREAM b'cHRM' 57 32
2021-12-23 20:50:27,034 (DEBUG): STREAM b'bKGD' 101 2
2021-12-23 20:50:27,034 (DEBUG): b'bKGD' 101 2 (unknown)
2021-12-23 20:50:27,034 (DEBUG): STREAM b'tIME' 115 7
2021-12-23 20:50:27,034 (DEBUG): b'tIME' 115 7 (unknown)
2021-12-23 20:50:27,034 (DEBUG): STREAM b'IDAT' 134 32768
2021-12-23 20:50:27,048 (DEBUG): STREAM b'IHDR' 16 13
2021-12-23 20:50:27,048 (DEBUG): STREAM b'gAMA' 41 4
2021-12-23 20:50:27,048 (DEBUG): STREAM b'cHRM' 57 32
2021-12-23 20:50:27,048 (DEBUG): STREAM b'bKGD' 101 2
2021-12-23 20:50:27,048 (DEBUG): b'bKGD' 101 2 (unknown)
2021-12-23 20:50:27,048 (DEBUG): STREAM b'tIME' 115 7
2021-12-23 20:50:27,048 (DEBUG): b'tIME' 115 7 (unknown)
2021-12-23 20:50:27,048 (DEBUG): STREAM b'IDAT' 134 32768
2021-12-23 20:50:27,064 (DEBUG): STREAM b'IHDR' 16 13
2021-12-23 20:50:27,064 (DEBUG): STREAM b'gAMA' 41 4
2021-12-23 20:50:27,064 (DEBUG): STREAM b'cHRM' 57 32
2021-12-23 20:50:27,064 (DEBUG): STREAM b'bKGD' 101 2
2021-12-23 20:50:27,064 (DEBUG): b'bKGD' 101 2 (unknown)
2021-12-23 20:50:27,064 (DEBUG): STREAM b'tIME' 115 7
2021-12-23 20:50:27,064 (DEBUG): b'tIME' 115 7 (unknown)
2021-12-23 20:50:27,064 (DEBUG): STREAM b'IDAT' 134 32768
2021-12-23 20:50:27,080 (DEBUG): STREAM b'IHDR' 16 13
2021-12-23 20:50:27,080 (DEBUG): STREAM b'gAMA' 41 4
2021-12-23 20:50:27,080 (DEBUG): STREAM b'cHRM' 57 32
2021-12-23 20:50:27,080 (DEBUG): STREAM b'bKGD' 101 2
2021-12-23 20:50:27,080 (DEBUG): b'bKGD' 101 2 (unknown)
2021-12-23 20:50:27,080 (DEBUG): STREAM b'tIME' 115 7
2021-12-23 20:50:27,080 (DEBUG): b'tIME' 115 7 (unknown)
2021-12-23 20:50:27,080 (DEBUG): STREAM b'IDAT' 134 32768
2021-12-23 20:50:27,096 (DEBUG): STREAM b'IHDR' 16 13
2021-12-23 20:50:27,096 (DEBUG): STREAM b'gAMA' 41 4
2021-12-23 20:50:27,096 (DEBUG): STREAM b'cHRM' 57 32
2021-12-23 20:50:27,096 (DEBUG): STREAM b'bKGD' 101 2
2021-12-23 20:50:27,096 (DEBUG): b'bKGD' 101 2 (unknown)
2021-12-23 20:50:27,096 (DEBUG): STREAM b'tIME' 115 7
2021-12-23 20:50:27,096 (DEBUG): b'tIME' 115 7 (unknown)
2021-12-23 20:50:27,096 (DEBUG): STREAM b'IDAT' 134 32768
2021-12-23 20:50:27,110 (DEBUG): STREAM b'IHDR' 16 13
2021-12-23 20:50:27,110 (DEBUG): STREAM b'gAMA' 41 4
2021-12-23 20:50:27,110 (DEBUG): STREAM b'cHRM' 57 32
2021-12-23 20:50:27,110 (DEBUG): STREAM b'bKGD' 101 2
2021-12-23 20:50:27,110 (DEBUG): b'bKGD' 101 2 (unknown)
2021-12-23 20:50:27,110 (DEBUG): STREAM b'tIME' 115 7
2021-12-23 20:50:27,110 (DEBUG): b'tIME' 115 7 (unknown)
2021-12-23 20:50:27,110 (DEBUG): STREAM b'IDAT' 134 32768
2021-12-23 20:50:27,125 (DEBUG): STREAM b'IHDR' 16 13
2021-12-23 20:50:27,125 (DEBUG): STREAM b'gAMA' 41 4
2021-12-23 20:50:27,125 (DEBUG): STREAM b'cHRM' 57 32
2021-12-23 20:50:27,125 (DEBUG): STREAM b'bKGD' 101 2
2021-12-23 20:50:27,125 (DEBUG): b'bKGD' 101 2 (unknown)
2021-12-23 20:50:27,125 (DEBUG): STREAM b'tIME' 115 7
2021-12-23 20:50:27,125 (DEBUG): b'tIME' 115 7 (unknown)
2021-12-23 20:50:27,125 (DEBUG): STREAM b'IDAT' 134 32768
2021-12-23 20:50:27,139 (DEBUG): STREAM b'IHDR' 16 13
2021-12-23 20:50:27,139 (DEBUG): STREAM b'gAMA' 41 4
2021-12-23 20:50:27,139 (DEBUG): STREAM b'cHRM' 57 32
2021-12-23 20:50:27,139 (DEBUG): STREAM b'bKGD' 101 2
2021-12-23 20:50:27,139 (DEBUG): b'bKGD' 101 2 (unknown)
2021-12-23 20:50:27,139 (DEBUG): STREAM b'tIME' 115 7
2021-12-23 20:50:27,139 (DEBUG): b'tIME' 115 7 (unknown)
2021-12-23 20:50:27,139 (DEBUG): STREAM b'IDAT' 134 32768
2021-12-23 20:50:27,153 (DEBUG): STREAM b'IHDR' 16 13
2021-12-23 20:50:27,153 (DEBUG): STREAM b'gAMA' 41 4
2021-12-23 20:50:27,153 (DEBUG): STREAM b'cHRM' 57 32
2021-12-23 20:50:27,153 (DEBUG): STREAM b'bKGD' 101 2
2021-12-23 20:50:27,153 (DEBUG): b'bKGD' 101 2 (unknown)
2021-12-23 20:50:27,153 (DEBUG): STREAM b'tIME' 115 7
2021-12-23 20:50:27,154 (DEBUG): b'tIME' 115 7 (unknown)
2021-12-23 20:50:27,154 (DEBUG): STREAM b'IDAT' 134 32768
2021-12-23 20:50:27,168 (DEBUG): STREAM b'IHDR' 16 13
2021-12-23 20:50:27,168 (DEBUG): STREAM b'gAMA' 41 4
2021-12-23 20:50:27,168 (DEBUG): STREAM b'cHRM' 57 32
2021-12-23 20:50:27,168 (DEBUG): STREAM b'bKGD' 101 2
2021-12-23 20:50:27,168 (DEBUG): b'bKGD' 101 2 (unknown)
2021-12-23 20:50:27,168 (DEBUG): STREAM b'tIME' 115 7
2021-12-23 20:50:27,168 (DEBUG): b'tIME' 115 7 (unknown)
2021-12-23 20:50:27,168 (DEBUG): STREAM b'IDAT' 134 32768
2021-12-23 20:50:27,202 (DEBUG): STREAM b'IHDR' 16 13
2021-12-23 20:50:27,202 (DEBUG): STREAM b'gAMA' 41 4
2021-12-23 20:50:27,202 (DEBUG): STREAM b'cHRM' 57 32
2021-12-23 20:50:27,202 (DEBUG): STREAM b'bKGD' 101 2
2021-12-23 20:50:27,202 (DEBUG): b'bKGD' 101 2 (unknown)
2021-12-23 20:50:27,202 (DEBUG): STREAM b'tIME' 115 7
2021-12-23 20:50:27,202 (DEBUG): b'tIME' 115 7 (unknown)
2021-12-23 20:50:27,202 (DEBUG): STREAM b'IDAT' 134 32768
2021-12-23 20:50:27,216 (DEBUG): STREAM b'IHDR' 16 13
2021-12-23 20:50:27,216 (DEBUG): STREAM b'gAMA' 41 4
2021-12-23 20:50:27,216 (DEBUG): STREAM b'cHRM' 57 32
2021-12-23 20:50:27,216 (DEBUG): STREAM b'bKGD' 101 2
2021-12-23 20:50:27,216 (DEBUG): b'bKGD' 101 2 (unknown)
2021-12-23 20:50:27,216 (DEBUG): STREAM b'tIME' 115 7
2021-12-23 20:50:27,216 (DEBUG): b'tIME' 115 7 (unknown)
2021-12-23 20:50:27,216 (DEBUG): STREAM b'IDAT' 134 32768
2021-12-23 20:50:27,230 (DEBUG): STREAM b'IHDR' 16 13
2021-12-23 20:50:27,230 (DEBUG): STREAM b'gAMA' 41 4
2021-12-23 20:50:27,230 (DEBUG): STREAM b'cHRM' 57 32
2021-12-23 20:50:27,230 (DEBUG): STREAM b'bKGD' 101 2
2021-12-23 20:50:27,230 (DEBUG): b'bKGD' 101 2 (unknown)
2021-12-23 20:50:27,230 (DEBUG): STREAM b'tIME' 115 7
2021-12-23 20:50:27,230 (DEBUG): b'tIME' 115 7 (unknown)
2021-12-23 20:50:27,230 (DEBUG): STREAM b'IDAT' 134 32768
2021-12-23 20:50:27,245 (DEBUG): STREAM b'IHDR' 16 13
2021-12-23 20:50:27,245 (DEBUG): STREAM b'gAMA' 41 4
2021-12-23 20:50:27,245 (DEBUG): STREAM b'cHRM' 57 32
2021-12-23 20:50:27,245 (DEBUG): STREAM b'bKGD' 101 2
2021-12-23 20:50:27,245 (DEBUG): b'bKGD' 101 2 (unknown)
2021-12-23 20:50:27,245 (DEBUG): STREAM b'tIME' 115 7
2021-12-23 20:50:27,245 (DEBUG): b'tIME' 115 7 (unknown)
2021-12-23 20:50:27,245 (DEBUG): STREAM b'IDAT' 134 32768
2021-12-23 20:50:27,304 (DEBUG): STREAM b'IHDR' 16 13
2021-12-23 20:50:27,304 (DEBUG): STREAM b'gAMA' 41 4
2021-12-23 20:50:27,304 (DEBUG): STREAM b'cHRM' 57 32
2021-12-23 20:50:27,304 (DEBUG): STREAM b'bKGD' 101 2
2021-12-23 20:50:27,304 (DEBUG): b'bKGD' 101 2 (unknown)
2021-12-23 20:50:27,304 (DEBUG): STREAM b'tIME' 115 7
2021-12-23 20:50:27,304 (DEBUG): b'tIME' 115 7 (unknown)
2021-12-23 20:50:27,304 (DEBUG): STREAM b'IDAT' 134 32768
2021-12-23 20:50:27,318 (DEBUG): STREAM b'IHDR' 16 13
2021-12-23 20:50:27,318 (DEBUG): STREAM b'gAMA' 41 4
2021-12-23 20:50:27,318 (DEBUG): STREAM b'cHRM' 57 32
2021-12-23 20:50:27,318 (DEBUG): STREAM b'bKGD' 101 2
2021-12-23 20:50:27,318 (DEBUG): b'bKGD' 101 2 (unknown)
2021-12-23 20:50:27,318 (DEBUG): STREAM b'tIME' 115 7
2021-12-23 20:50:27,318 (DEBUG): b'tIME' 115 7 (unknown)
2021-12-23 20:50:27,318 (DEBUG): STREAM b'IDAT' 134 32768
2021-12-23 20:50:27,331 (DEBUG): STREAM b'IHDR' 16 13
2021-12-23 20:50:27,331 (DEBUG): STREAM b'gAMA' 41 4
2021-12-23 20:50:27,332 (DEBUG): STREAM b'cHRM' 57 32
2021-12-23 20:50:27,332 (DEBUG): STREAM b'bKGD' 101 2
2021-12-23 20:50:27,332 (DEBUG): b'bKGD' 101 2 (unknown)
2021-12-23 20:50:27,332 (DEBUG): STREAM b'tIME' 115 7
2021-12-23 20:50:27,332 (DEBUG): b'tIME' 115 7 (unknown)
2021-12-23 20:50:27,332 (DEBUG): STREAM b'IDAT' 134 32768
2021-12-23 20:50:27,346 (DEBUG): STREAM b'IHDR' 16 13
2021-12-23 20:50:27,346 (DEBUG): STREAM b'gAMA' 41 4
2021-12-23 20:50:27,346 (DEBUG): STREAM b'cHRM' 57 32
2021-12-23 20:50:27,346 (DEBUG): STREAM b'bKGD' 101 2
2021-12-23 20:50:27,346 (DEBUG): b'bKGD' 101 2 (unknown)
2021-12-23 20:50:27,346 (DEBUG): STREAM b'tIME' 115 7
2021-12-23 20:50:27,346 (DEBUG): b'tIME' 115 7 (unknown)
2021-12-23 20:50:27,346 (DEBUG): STREAM b'IDAT' 134 32768
2021-12-23 20:50:27,360 (DEBUG): STREAM b'IHDR' 16 13
2021-12-23 20:50:27,360 (DEBUG): STREAM b'gAMA' 41 4
2021-12-23 20:50:27,360 (DEBUG): STREAM b'cHRM' 57 32
2021-12-23 20:50:27,360 (DEBUG): STREAM b'bKGD' 101 2
2021-12-23 20:50:27,360 (DEBUG): b'bKGD' 101 2 (unknown)
2021-12-23 20:50:27,360 (DEBUG): STREAM b'tIME' 115 7
2021-12-23 20:50:27,360 (DEBUG): b'tIME' 115 7 (unknown)
2021-12-23 20:50:27,360 (DEBUG): STREAM b'IDAT' 134 32768
2021-12-23 20:50:27,389 (DEBUG): STREAM b'IHDR' 16 13
2021-12-23 20:50:27,389 (DEBUG): STREAM b'gAMA' 41 4
2021-12-23 20:50:27,389 (DEBUG): STREAM b'cHRM' 57 32
2021-12-23 20:50:27,389 (DEBUG): STREAM b'bKGD' 101 2
2021-12-23 20:50:27,389 (DEBUG): b'bKGD' 101 2 (unknown)
2021-12-23 20:50:27,389 (DEBUG): STREAM b'tIME' 115 7
2021-12-23 20:50:27,389 (DEBUG): b'tIME' 115 7 (unknown)
2021-12-23 20:50:27,389 (DEBUG): STREAM b'IDAT' 134 32768
2021-12-23 20:50:27,405 (DEBUG): STREAM b'IHDR' 16 13
2021-12-23 20:50:27,405 (DEBUG): STREAM b'gAMA' 41 4
2021-12-23 20:50:27,405 (DEBUG): STREAM b'cHRM' 57 32
2021-12-23 20:50:27,405 (DEBUG): STREAM b'bKGD' 101 2
2021-12-23 20:50:27,405 (DEBUG): b'bKGD' 101 2 (unknown)
2021-12-23 20:50:27,405 (DEBUG): STREAM b'tIME' 115 7
2021-12-23 20:50:27,405 (DEBUG): b'tIME' 115 7 (unknown)
2021-12-23 20:50:27,405 (DEBUG): STREAM b'IDAT' 134 32768
2021-12-23 20:50:27,447 (DEBUG): STREAM b'IHDR' 16 13
2021-12-23 20:50:27,447 (DEBUG): STREAM b'gAMA' 41 4
2021-12-23 20:50:27,447 (DEBUG): STREAM b'cHRM' 57 32
2021-12-23 20:50:27,447 (DEBUG): STREAM b'bKGD' 101 2
2021-12-23 20:50:27,447 (DEBUG): b'bKGD' 101 2 (unknown)
2021-12-23 20:50:27,447 (DEBUG): STREAM b'tIME' 115 7
2021-12-23 20:50:27,447 (DEBUG): b'tIME' 115 7 (unknown)
2021-12-23 20:50:27,447 (DEBUG): STREAM b'IDAT' 134 32768
