2021-12-24 22:02:01,304 (INFO): Log Path: D:\Source_Code\Python ++\02. updateComic\log\debug-20211224-2202.01.log
2021-12-24 22:02:03,352 (INFO): Currently Processing image
2021-12-24 22:02:03,352 (INFO): Processing Titles ...
2021-12-24 22:02:03,444 (DEBUG): Get Info from structure: (2t+=sakusei toshi elosion)
2021-12-24 22:02:03,454 (DEBUG): Get Info from structure: (a-10+=koukai tanetsuke hentai koubi 2)
2021-12-24 22:02:03,462 (DEBUG): Get Info from structure: (Abubu+=Kinjo no Onnatachi ga Nazeka Ore no Ie no Furo ni Hairi ni Kuru Ken)
2021-12-24 22:02:03,473 (DEBUG): Get Info from structure: (abubu+=npc kan mod)
2021-12-24 22:02:03,483 (DEBUG): Get Info from structure: (agobitch nee-san+=Hataraku Onee-san-tachi ~Mikonritsu no Takai Machi de Hataraku Tokoya no Onee-san ni Okuchi de Shiborareru~)
2021-12-24 22:02:03,491 (DEBUG): Get Info from structure: (agobitch nee-san+=Seifuku Bishoujo)
2021-12-24 22:02:03,499 (DEBUG): Get Info from structure: (ahemaru+=slave the blood)
2021-12-24 22:02:03,507 (DEBUG): Get Info from structure: (amano ameno+=Jabami Yumeko Hentai Koushuu Benjo Tantsubo Nikubenki Onna)
2021-12-24 22:02:03,518 (DEBUG): Get Info from structure: (amano ameno+=Kyonyuu Onna Joushi Saimin Nikuningyou)
2021-12-24 22:02:03,525 (DEBUG): Get Info from structure: (Ameyama Denshin+=Stories)
2021-12-24 22:02:03,535 (DEBUG): Get Info from structure: (Arai Kei+=Boku No Kanojo)
2021-12-24 22:02:03,543 (DEBUG): Get Info from structure: (arai kei+=Boku Wa Kanojo No Namae Mo Shiranai)
2021-12-24 22:02:03,552 (DEBUG): Get Info from structure: (arai kei+=hougan kanojo)
2021-12-24 22:02:03,563 (DEBUG): Get Info from structure: (arai kei+=Stories)
2021-12-24 22:02:03,571 (DEBUG): Get Info from structure: (Arai Taiki+=Kahanshin Daiichi Shugi)
2021-12-24 22:02:03,579 (DEBUG): Get Info from structure: (arai taiki+=ochita yume no naka de)
2021-12-24 22:02:03,587 (DEBUG): Get Info from structure: (Arai Taiki+=Stories)
2021-12-24 22:02:03,595 (DEBUG): Get Info from structure: (aroma sensei+=Gwen)
2021-12-24 22:02:03,607 (DEBUG): Get Info from structure: (aroma sensei+=what's going on here)
2021-12-24 22:02:03,615 (DEBUG): Get Info from structure: (asanagi+=Stories)
2021-12-24 22:02:03,625 (DEBUG): Get Info from structure: (BeNantoka+=Stories)
2021-12-24 22:02:03,635 (DEBUG): Get Info from structure: (Bonske+=Arawareta Chijo wa Toshishita Kui no Scatolo Hentai deshita)
2021-12-24 22:02:03,643 (DEBUG): Get Info from structure: (bonske+=sono kuchi to shita de subete o uketomenasai)
2021-12-24 22:02:03,652 (DEBUG): Get Info from structure: (Dokurosan+=Stories)
2021-12-24 22:02:03,661 (DEBUG): Get Info from structure: (doujin mukashibanashi+=Stories)
2021-12-24 22:02:03,670 (DEBUG): Get Info from structure: (Enokido+=Stories)
2021-12-24 22:02:03,681 (DEBUG): Get Info from structure: (freehand tamashii+=aorare tsuma)
2021-12-24 22:02:03,691 (DEBUG): Get Info from structure: (freehand tamashii+=Incha No Oi Ga Yaritai Oba-san)
2021-12-24 22:02:03,700 (DEBUG): Get Info from structure: (freehand tamashii+=Isourou Saki No Obasan Ni Hameru!)
2021-12-24 22:02:03,708 (DEBUG): Get Info from structure: (freehand tamashii+=Stories)
2021-12-24 22:02:03,717 (DEBUG): Get Info from structure: (freehand tamashii+=Toiu Wake De, Kaa-san-tachi To Yattemita)
2021-12-24 22:02:03,726 (DEBUG): Get Info from structure: (freehand tamasshii+=Shin Mama O Netoruze!)
2021-12-24 22:02:03,735 (DEBUG): Get Info from structure: (gonza+=av mama)
2021-12-24 22:02:03,745 (DEBUG): Get Info from structure: (gonza+=matching appli)
2021-12-24 22:02:03,753 (DEBUG): Get Info from structure: (Gonza+=Mayonaka No Haha)
2021-12-24 22:02:03,760 (DEBUG): Get Info from structure: (gonza+=my three horny moms)
2021-12-24 22:02:03,771 (DEBUG): Get Info from structure: (gonza+=Nonfiction ~boshi Soukan No Kioku~)
2021-12-24 22:02:03,779 (DEBUG): Get Info from structure: (gonza+=stories)
2021-12-24 22:02:03,789 (DEBUG): Get Info from structure: (mizone+=Ajin Iryou Sougou Center e Youkoso!)
2021-12-24 22:02:03,797 (DEBUG): Get Info from structure: (mizone+=Jikyuu 1500 yen!! Gyogyou o Tetsudau Kantan na Oshigoto desu)
2021-12-24 22:02:03,809 (DEBUG): Get Info from structure: (mizone+=Kindan no Shohousen)
2021-12-24 22:02:03,820 (DEBUG): Get Info from structure: (mizone+=monster romance)
2021-12-24 22:02:03,836 (DEBUG): Get Info from structure: (mizone+=monster smash)
2021-12-24 22:02:03,850 (DEBUG): Get Info from structure: (mizone+=Otherworldly Maidens Series)
2021-12-24 22:02:03,862 (DEBUG): Get Info from structure: (mizone+=stories)
2021-12-24 22:02:03,875 (DEBUG): Get Info from structure: (mizone+=Zasshoku Yuusha)
2021-12-24 22:02:03,885 (DEBUG): Get Info from structure: (Tsusauto+=Jichikai no Hitozuma wa Totemo Ecchi deshita)
2021-12-24 22:02:03,901 (INFO): Processing Chapters / Episodes ...
2021-12-24 22:02:03,993 (INFO): Processing Chapters & Pages ... 
