2021-12-24 22:08:56,285 (INFO): Log Path: D:\Source_Code\Python ++\02. updateComic\log\debug-20211224-2208.56.log
2021-12-24 22:08:58,311 (INFO): Currently Processing image
2021-12-24 22:08:58,312 (INFO): Processing Titles ...
2021-12-24 22:08:58,371 (DEBUG): Get Info from structure: (2t+=sakusei toshi elosion)
2021-12-24 22:08:58,384 (DEBUG): Get Info from structure: (a-10+=koukai tanetsuke hentai koubi 2)
2021-12-24 22:08:58,392 (DEBUG): Get Info from structure: (Abubu+=Kinjo no Onnatachi ga Nazeka Ore no Ie no Furo ni Hairi ni Kuru Ken)
2021-12-24 22:08:58,401 (DEBUG): Get Info from structure: (abubu+=npc kan mod)
2021-12-24 22:08:58,411 (DEBUG): Get Info from structure: (agobitch nee-san+=Hataraku Onee-san-tachi ~Mikonritsu no Takai Machi de Hataraku Tokoya no Onee-san ni Okuchi de Shiborareru~)
2021-12-24 22:08:58,420 (DEBUG): Get Info from structure: (agobitch nee-san+=Seifuku Bishoujo)
2021-12-24 22:08:58,431 (DEBUG): Get Info from structure: (ahemaru+=slave the blood)
2021-12-24 22:08:58,445 (DEBUG): Get Info from structure: (amano ameno+=Jabami Yumeko Hentai Koushuu Benjo Tantsubo Nikubenki Onna)
2021-12-24 22:08:58,454 (DEBUG): Get Info from structure: (amano ameno+=Kyonyuu Onna Joushi Saimin Nikuningyou)
2021-12-24 22:08:58,478 (DEBUG): Get Info from structure: (Ameyama Denshin+=Stories)
2021-12-24 22:08:58,488 (DEBUG): Get Info from structure: (Arai Kei+=Boku No Kanojo)
2021-12-24 22:08:58,503 (DEBUG): Get Info from structure: (arai kei+=Boku Wa Kanojo No Namae Mo Shiranai)
2021-12-24 22:08:58,513 (DEBUG): Get Info from structure: (arai kei+=hougan kanojo)
2021-12-24 22:08:58,523 (DEBUG): Get Info from structure: (arai kei+=Stories)
2021-12-24 22:08:58,534 (DEBUG): Get Info from structure: (Arai Taiki+=Kahanshin Daiichi Shugi)
2021-12-24 22:08:58,542 (DEBUG): Get Info from structure: (arai taiki+=ochita yume no naka de)
2021-12-24 22:08:58,551 (DEBUG): Get Info from structure: (Arai Taiki+=Stories)
2021-12-24 22:08:58,559 (DEBUG): Get Info from structure: (aroma sensei+=Gwen)
2021-12-24 22:08:58,568 (DEBUG): Get Info from structure: (aroma sensei+=what's going on here)
2021-12-24 22:08:58,578 (DEBUG): Get Info from structure: (asanagi+=Stories)
2021-12-24 22:08:58,586 (DEBUG): Get Info from structure: (BeNantoka+=Stories)
2021-12-24 22:08:58,598 (DEBUG): Get Info from structure: (Bonske+=Arawareta Chijo wa Toshishita Kui no Scatolo Hentai deshita)
2021-12-24 22:08:58,606 (DEBUG): Get Info from structure: (bonske+=sono kuchi to shita de subete o uketomenasai)
2021-12-24 22:08:58,614 (DEBUG): Get Info from structure: (Dokurosan+=Stories)
2021-12-24 22:08:58,622 (DEBUG): Get Info from structure: (doujin mukashibanashi+=Stories)
2021-12-24 22:08:58,632 (DEBUG): Get Info from structure: (Enokido+=Stories)
2021-12-24 22:08:58,639 (DEBUG): Get Info from structure: (freehand tamashii+=aorare tsuma)
2021-12-24 22:08:58,649 (DEBUG): Get Info from structure: (freehand tamashii+=Incha No Oi Ga Yaritai Oba-san)
2021-12-24 22:08:58,657 (DEBUG): Get Info from structure: (freehand tamashii+=Isourou Saki No Obasan Ni Hameru!)
2021-12-24 22:08:58,666 (DEBUG): Get Info from structure: (freehand tamashii+=Stories)
2021-12-24 22:08:58,673 (DEBUG): Get Info from structure: (freehand tamashii+=Toiu Wake De, Kaa-san-tachi To Yattemita)
2021-12-24 22:08:58,688 (DEBUG): Get Info from structure: (freehand tamasshii+=Shin Mama O Netoruze!)
2021-12-24 22:08:58,735 (DEBUG): Get Info from structure: (gonza+=av mama)
2021-12-24 22:08:58,744 (DEBUG): Get Info from structure: (gonza+=matching appli)
2021-12-24 22:08:58,753 (DEBUG): Get Info from structure: (Gonza+=Mayonaka No Haha)
2021-12-24 22:08:58,763 (DEBUG): Get Info from structure: (gonza+=my three horny moms)
2021-12-24 22:08:58,772 (DEBUG): Get Info from structure: (gonza+=Nonfiction ~boshi Soukan No Kioku~)
2021-12-24 22:08:58,781 (DEBUG): Get Info from structure: (gonza+=stories)
2021-12-24 22:08:58,792 (DEBUG): Get Info from structure: (mizone+=Ajin Iryou Sougou Center e Youkoso!)
2021-12-24 22:08:58,801 (DEBUG): Get Info from structure: (mizone+=Jikyuu 1500 yen!! Gyogyou o Tetsudau Kantan na Oshigoto desu)
2021-12-24 22:08:58,808 (DEBUG): Get Info from structure: (mizone+=Kindan no Shohousen)
2021-12-24 22:08:58,817 (DEBUG): Get Info from structure: (mizone+=monster romance)
2021-12-24 22:08:58,824 (DEBUG): Get Info from structure: (mizone+=monster smash)
2021-12-24 22:08:58,834 (DEBUG): Get Info from structure: (mizone+=Otherworldly Maidens Series)
2021-12-24 22:08:58,844 (DEBUG): Get Info from structure: (mizone+=stories)
2021-12-24 22:08:58,856 (DEBUG): Get Info from structure: (mizone+=Zasshoku Yuusha)
2021-12-24 22:08:58,866 (DEBUG): Get Info from structure: (Tsusauto+=Jichikai no Hitozuma wa Totemo Ecchi deshita)
2021-12-24 22:08:58,874 (INFO): Processing Chapters / Episodes ...
2021-12-24 22:08:59,173 (INFO): Processing Chapters & Pages ... 
2021-12-24 22:09:46,249 (DEBUG): STREAM b'IHDR' 16 13
2021-12-24 22:09:46,249 (DEBUG): STREAM b'tEXt' 41 25
2021-12-24 22:09:46,249 (DEBUG): STREAM b'iTXt' 78 888
2021-12-24 22:09:46,250 (DEBUG): STREAM b'PLTE' 978 96
2021-12-24 22:09:46,250 (DEBUG): STREAM b'IDAT' 1086 62731
2021-12-24 22:10:36,278 (DEBUG): STREAM b'IHDR' 16 13
2021-12-24 22:10:36,278 (DEBUG): STREAM b'gAMA' 41 4
2021-12-24 22:10:36,278 (DEBUG): STREAM b'cHRM' 57 32
2021-12-24 22:10:36,278 (DEBUG): STREAM b'bKGD' 101 2
2021-12-24 22:10:36,278 (DEBUG): b'bKGD' 101 2 (unknown)
2021-12-24 22:10:36,278 (DEBUG): STREAM b'tIME' 115 7
2021-12-24 22:10:36,278 (DEBUG): b'tIME' 115 7 (unknown)
2021-12-24 22:10:36,278 (DEBUG): STREAM b'IDAT' 134 32768
2021-12-24 22:10:36,296 (DEBUG): STREAM b'IHDR' 16 13
2021-12-24 22:10:36,296 (DEBUG): STREAM b'gAMA' 41 4
2021-12-24 22:10:36,296 (DEBUG): STREAM b'cHRM' 57 32
2021-12-24 22:10:36,296 (DEBUG): STREAM b'bKGD' 101 2
2021-12-24 22:10:36,297 (DEBUG): b'bKGD' 101 2 (unknown)
2021-12-24 22:10:36,297 (DEBUG): STREAM b'tIME' 115 7
2021-12-24 22:10:36,297 (DEBUG): b'tIME' 115 7 (unknown)
2021-12-24 22:10:36,297 (DEBUG): STREAM b'IDAT' 134 32768
2021-12-24 22:10:36,321 (DEBUG): STREAM b'IHDR' 16 13
2021-12-24 22:10:36,322 (DEBUG): STREAM b'gAMA' 41 4
2021-12-24 22:10:36,322 (DEBUG): STREAM b'cHRM' 57 32
2021-12-24 22:10:36,322 (DEBUG): STREAM b'bKGD' 101 2
2021-12-24 22:10:36,322 (DEBUG): b'bKGD' 101 2 (unknown)
2021-12-24 22:10:36,322 (DEBUG): STREAM b'tIME' 115 7
2021-12-24 22:10:36,322 (DEBUG): b'tIME' 115 7 (unknown)
2021-12-24 22:10:36,322 (DEBUG): STREAM b'IDAT' 134 32768
2021-12-24 22:10:36,339 (DEBUG): STREAM b'IHDR' 16 13
2021-12-24 22:10:36,339 (DEBUG): STREAM b'gAMA' 41 4
2021-12-24 22:10:36,339 (DEBUG): STREAM b'cHRM' 57 32
2021-12-24 22:10:36,339 (DEBUG): STREAM b'bKGD' 101 2
2021-12-24 22:10:36,339 (DEBUG): b'bKGD' 101 2 (unknown)
2021-12-24 22:10:36,339 (DEBUG): STREAM b'tIME' 115 7
2021-12-24 22:10:36,339 (DEBUG): b'tIME' 115 7 (unknown)
2021-12-24 22:10:36,339 (DEBUG): STREAM b'IDAT' 134 32768
2021-12-24 22:10:36,355 (DEBUG): STREAM b'IHDR' 16 13
2021-12-24 22:10:36,355 (DEBUG): STREAM b'gAMA' 41 4
2021-12-24 22:10:36,355 (DEBUG): STREAM b'cHRM' 57 32
2021-12-24 22:10:36,355 (DEBUG): STREAM b'bKGD' 101 2
2021-12-24 22:10:36,356 (DEBUG): b'bKGD' 101 2 (unknown)
2021-12-24 22:10:36,356 (DEBUG): STREAM b'tIME' 115 7
2021-12-24 22:10:36,356 (DEBUG): b'tIME' 115 7 (unknown)
2021-12-24 22:10:36,356 (DEBUG): STREAM b'IDAT' 134 32768
2021-12-24 22:10:36,378 (DEBUG): STREAM b'IHDR' 16 13
2021-12-24 22:10:36,378 (DEBUG): STREAM b'gAMA' 41 4
2021-12-24 22:10:36,378 (DEBUG): STREAM b'cHRM' 57 32
2021-12-24 22:10:36,378 (DEBUG): STREAM b'bKGD' 101 2
2021-12-24 22:10:36,378 (DEBUG): b'bKGD' 101 2 (unknown)
2021-12-24 22:10:36,378 (DEBUG): STREAM b'tIME' 115 7
2021-12-24 22:10:36,378 (DEBUG): b'tIME' 115 7 (unknown)
2021-12-24 22:10:36,379 (DEBUG): STREAM b'IDAT' 134 32768
2021-12-24 22:10:36,397 (DEBUG): STREAM b'IHDR' 16 13
2021-12-24 22:10:36,397 (DEBUG): STREAM b'gAMA' 41 4
2021-12-24 22:10:36,397 (DEBUG): STREAM b'cHRM' 57 32
2021-12-24 22:10:36,397 (DEBUG): STREAM b'bKGD' 101 2
2021-12-24 22:10:36,397 (DEBUG): b'bKGD' 101 2 (unknown)
2021-12-24 22:10:36,397 (DEBUG): STREAM b'tIME' 115 7
2021-12-24 22:10:36,398 (DEBUG): b'tIME' 115 7 (unknown)
2021-12-24 22:10:36,398 (DEBUG): STREAM b'IDAT' 134 32768
2021-12-24 22:10:36,414 (DEBUG): STREAM b'IHDR' 16 13
2021-12-24 22:10:36,414 (DEBUG): STREAM b'gAMA' 41 4
2021-12-24 22:10:36,414 (DEBUG): STREAM b'cHRM' 57 32
2021-12-24 22:10:36,415 (DEBUG): STREAM b'bKGD' 101 2
2021-12-24 22:10:36,415 (DEBUG): b'bKGD' 101 2 (unknown)
2021-12-24 22:10:36,415 (DEBUG): STREAM b'tIME' 115 7
2021-12-24 22:10:36,415 (DEBUG): b'tIME' 115 7 (unknown)
2021-12-24 22:10:36,415 (DEBUG): STREAM b'IDAT' 134 32768
2021-12-24 22:10:36,434 (DEBUG): STREAM b'IHDR' 16 13
2021-12-24 22:10:36,434 (DEBUG): STREAM b'gAMA' 41 4
2021-12-24 22:10:36,434 (DEBUG): STREAM b'cHRM' 57 32
2021-12-24 22:10:36,434 (DEBUG): STREAM b'bKGD' 101 2
2021-12-24 22:10:36,434 (DEBUG): b'bKGD' 101 2 (unknown)
2021-12-24 22:10:36,434 (DEBUG): STREAM b'tIME' 115 7
2021-12-24 22:10:36,434 (DEBUG): b'tIME' 115 7 (unknown)
2021-12-24 22:10:36,434 (DEBUG): STREAM b'IDAT' 134 32768
2021-12-24 22:10:36,452 (DEBUG): STREAM b'IHDR' 16 13
2021-12-24 22:10:36,452 (DEBUG): STREAM b'gAMA' 41 4
2021-12-24 22:10:36,452 (DEBUG): STREAM b'cHRM' 57 32
2021-12-24 22:10:36,452 (DEBUG): STREAM b'bKGD' 101 2
2021-12-24 22:10:36,452 (DEBUG): b'bKGD' 101 2 (unknown)
2021-12-24 22:10:36,452 (DEBUG): STREAM b'tIME' 115 7
2021-12-24 22:10:36,452 (DEBUG): b'tIME' 115 7 (unknown)
2021-12-24 22:10:36,452 (DEBUG): STREAM b'IDAT' 134 32768
2021-12-24 22:10:36,468 (DEBUG): STREAM b'IHDR' 16 13
2021-12-24 22:10:36,468 (DEBUG): STREAM b'gAMA' 41 4
2021-12-24 22:10:36,468 (DEBUG): STREAM b'cHRM' 57 32
2021-12-24 22:10:36,468 (DEBUG): STREAM b'bKGD' 101 2
2021-12-24 22:10:36,469 (DEBUG): b'bKGD' 101 2 (unknown)
2021-12-24 22:10:36,469 (DEBUG): STREAM b'tIME' 115 7
2021-12-24 22:10:36,469 (DEBUG): b'tIME' 115 7 (unknown)
2021-12-24 22:10:36,469 (DEBUG): STREAM b'IDAT' 134 32768
2021-12-24 22:10:36,486 (DEBUG): STREAM b'IHDR' 16 13
2021-12-24 22:10:36,486 (DEBUG): STREAM b'gAMA' 41 4
2021-12-24 22:10:36,486 (DEBUG): STREAM b'cHRM' 57 32
2021-12-24 22:10:36,486 (DEBUG): STREAM b'bKGD' 101 2
2021-12-24 22:10:36,486 (DEBUG): b'bKGD' 101 2 (unknown)
2021-12-24 22:10:36,486 (DEBUG): STREAM b'tIME' 115 7
2021-12-24 22:10:36,486 (DEBUG): b'tIME' 115 7 (unknown)
2021-12-24 22:10:36,486 (DEBUG): STREAM b'IDAT' 134 32768
2021-12-24 22:10:36,503 (DEBUG): STREAM b'IHDR' 16 13
2021-12-24 22:10:36,503 (DEBUG): STREAM b'gAMA' 41 4
2021-12-24 22:10:36,503 (DEBUG): STREAM b'cHRM' 57 32
2021-12-24 22:10:36,503 (DEBUG): STREAM b'bKGD' 101 2
2021-12-24 22:10:36,503 (DEBUG): b'bKGD' 101 2 (unknown)
2021-12-24 22:10:36,503 (DEBUG): STREAM b'tIME' 115 7
2021-12-24 22:10:36,503 (DEBUG): b'tIME' 115 7 (unknown)
2021-12-24 22:10:36,504 (DEBUG): STREAM b'IDAT' 134 32768
2021-12-24 22:10:36,518 (DEBUG): STREAM b'IHDR' 16 13
2021-12-24 22:10:36,519 (DEBUG): STREAM b'gAMA' 41 4
2021-12-24 22:10:36,519 (DEBUG): STREAM b'cHRM' 57 32
2021-12-24 22:10:36,519 (DEBUG): STREAM b'bKGD' 101 2
2021-12-24 22:10:36,519 (DEBUG): b'bKGD' 101 2 (unknown)
2021-12-24 22:10:36,519 (DEBUG): STREAM b'tIME' 115 7
2021-12-24 22:10:36,519 (DEBUG): b'tIME' 115 7 (unknown)
2021-12-24 22:10:36,519 (DEBUG): STREAM b'IDAT' 134 32768
2021-12-24 22:10:36,535 (DEBUG): STREAM b'IHDR' 16 13
2021-12-24 22:10:36,535 (DEBUG): STREAM b'gAMA' 41 4
2021-12-24 22:10:36,535 (DEBUG): STREAM b'cHRM' 57 32
2021-12-24 22:10:36,535 (DEBUG): STREAM b'bKGD' 101 2
2021-12-24 22:10:36,535 (DEBUG): b'bKGD' 101 2 (unknown)
2021-12-24 22:10:36,535 (DEBUG): STREAM b'tIME' 115 7
2021-12-24 22:10:36,535 (DEBUG): b'tIME' 115 7 (unknown)
2021-12-24 22:10:36,536 (DEBUG): STREAM b'IDAT' 134 32768
2021-12-24 22:10:36,551 (DEBUG): STREAM b'IHDR' 16 13
2021-12-24 22:10:36,552 (DEBUG): STREAM b'gAMA' 41 4
2021-12-24 22:10:36,552 (DEBUG): STREAM b'cHRM' 57 32
2021-12-24 22:10:36,552 (DEBUG): STREAM b'bKGD' 101 2
2021-12-24 22:10:36,552 (DEBUG): b'bKGD' 101 2 (unknown)
2021-12-24 22:10:36,552 (DEBUG): STREAM b'tIME' 115 7
2021-12-24 22:10:36,552 (DEBUG): b'tIME' 115 7 (unknown)
2021-12-24 22:10:36,552 (DEBUG): STREAM b'IDAT' 134 32768
2021-12-24 22:10:36,588 (DEBUG): STREAM b'IHDR' 16 13
2021-12-24 22:10:36,588 (DEBUG): STREAM b'gAMA' 41 4
2021-12-24 22:10:36,589 (DEBUG): STREAM b'cHRM' 57 32
2021-12-24 22:10:36,589 (DEBUG): STREAM b'bKGD' 101 2
2021-12-24 22:10:36,589 (DEBUG): b'bKGD' 101 2 (unknown)
2021-12-24 22:10:36,589 (DEBUG): STREAM b'tIME' 115 7
2021-12-24 22:10:36,589 (DEBUG): b'tIME' 115 7 (unknown)
2021-12-24 22:10:36,589 (DEBUG): STREAM b'IDAT' 134 32768
2021-12-24 22:10:36,605 (DEBUG): STREAM b'IHDR' 16 13
2021-12-24 22:10:36,605 (DEBUG): STREAM b'gAMA' 41 4
2021-12-24 22:10:36,605 (DEBUG): STREAM b'cHRM' 57 32
2021-12-24 22:10:36,605 (DEBUG): STREAM b'bKGD' 101 2
2021-12-24 22:10:36,606 (DEBUG): b'bKGD' 101 2 (unknown)
2021-12-24 22:10:36,606 (DEBUG): STREAM b'tIME' 115 7
2021-12-24 22:10:36,606 (DEBUG): b'tIME' 115 7 (unknown)
2021-12-24 22:10:36,606 (DEBUG): STREAM b'IDAT' 134 32768
2021-12-24 22:10:36,621 (DEBUG): STREAM b'IHDR' 16 13
2021-12-24 22:10:36,622 (DEBUG): STREAM b'gAMA' 41 4
2021-12-24 22:10:36,622 (DEBUG): STREAM b'cHRM' 57 32
2021-12-24 22:10:36,622 (DEBUG): STREAM b'bKGD' 101 2
2021-12-24 22:10:36,622 (DEBUG): b'bKGD' 101 2 (unknown)
2021-12-24 22:10:36,622 (DEBUG): STREAM b'tIME' 115 7
2021-12-24 22:10:36,622 (DEBUG): b'tIME' 115 7 (unknown)
2021-12-24 22:10:36,622 (DEBUG): STREAM b'IDAT' 134 32768
2021-12-24 22:10:36,639 (DEBUG): STREAM b'IHDR' 16 13
2021-12-24 22:10:36,639 (DEBUG): STREAM b'gAMA' 41 4
2021-12-24 22:10:36,639 (DEBUG): STREAM b'cHRM' 57 32
2021-12-24 22:10:36,639 (DEBUG): STREAM b'bKGD' 101 2
2021-12-24 22:10:36,639 (DEBUG): b'bKGD' 101 2 (unknown)
2021-12-24 22:10:36,639 (DEBUG): STREAM b'tIME' 115 7
2021-12-24 22:10:36,639 (DEBUG): b'tIME' 115 7 (unknown)
2021-12-24 22:10:36,639 (DEBUG): STREAM b'IDAT' 134 32768
2021-12-24 22:10:36,715 (DEBUG): STREAM b'IHDR' 16 13
2021-12-24 22:10:36,715 (DEBUG): STREAM b'gAMA' 41 4
2021-12-24 22:10:36,715 (DEBUG): STREAM b'cHRM' 57 32
2021-12-24 22:10:36,715 (DEBUG): STREAM b'bKGD' 101 2
2021-12-24 22:10:36,715 (DEBUG): b'bKGD' 101 2 (unknown)
2021-12-24 22:10:36,715 (DEBUG): STREAM b'tIME' 115 7
2021-12-24 22:10:36,716 (DEBUG): b'tIME' 115 7 (unknown)
2021-12-24 22:10:36,716 (DEBUG): STREAM b'IDAT' 134 32768
2021-12-24 22:10:36,733 (DEBUG): STREAM b'IHDR' 16 13
2021-12-24 22:10:36,733 (DEBUG): STREAM b'gAMA' 41 4
2021-12-24 22:10:36,733 (DEBUG): STREAM b'cHRM' 57 32
2021-12-24 22:10:36,733 (DEBUG): STREAM b'bKGD' 101 2
2021-12-24 22:10:36,733 (DEBUG): b'bKGD' 101 2 (unknown)
2021-12-24 22:10:36,733 (DEBUG): STREAM b'tIME' 115 7
2021-12-24 22:10:36,733 (DEBUG): b'tIME' 115 7 (unknown)
2021-12-24 22:10:36,733 (DEBUG): STREAM b'IDAT' 134 32768
2021-12-24 22:10:36,750 (DEBUG): STREAM b'IHDR' 16 13
2021-12-24 22:10:36,750 (DEBUG): STREAM b'gAMA' 41 4
2021-12-24 22:10:36,750 (DEBUG): STREAM b'cHRM' 57 32
2021-12-24 22:10:36,750 (DEBUG): STREAM b'bKGD' 101 2
2021-12-24 22:10:36,750 (DEBUG): b'bKGD' 101 2 (unknown)
2021-12-24 22:10:36,751 (DEBUG): STREAM b'tIME' 115 7
2021-12-24 22:10:36,751 (DEBUG): b'tIME' 115 7 (unknown)
2021-12-24 22:10:36,751 (DEBUG): STREAM b'IDAT' 134 32768
2021-12-24 22:10:36,767 (DEBUG): STREAM b'IHDR' 16 13
2021-12-24 22:10:36,767 (DEBUG): STREAM b'gAMA' 41 4
2021-12-24 22:10:36,767 (DEBUG): STREAM b'cHRM' 57 32
2021-12-24 22:10:36,767 (DEBUG): STREAM b'bKGD' 101 2
2021-12-24 22:10:36,767 (DEBUG): b'bKGD' 101 2 (unknown)
2021-12-24 22:10:36,767 (DEBUG): STREAM b'tIME' 115 7
2021-12-24 22:10:36,767 (DEBUG): b'tIME' 115 7 (unknown)
2021-12-24 22:10:36,767 (DEBUG): STREAM b'IDAT' 134 32768
2021-12-24 22:10:36,783 (DEBUG): STREAM b'IHDR' 16 13
2021-12-24 22:10:36,783 (DEBUG): STREAM b'gAMA' 41 4
2021-12-24 22:10:36,783 (DEBUG): STREAM b'cHRM' 57 32
2021-12-24 22:10:36,783 (DEBUG): STREAM b'bKGD' 101 2
2021-12-24 22:10:36,783 (DEBUG): b'bKGD' 101 2 (unknown)
2021-12-24 22:10:36,783 (DEBUG): STREAM b'tIME' 115 7
2021-12-24 22:10:36,783 (DEBUG): b'tIME' 115 7 (unknown)
2021-12-24 22:10:36,783 (DEBUG): STREAM b'IDAT' 134 32768
2021-12-24 22:10:36,820 (DEBUG): STREAM b'IHDR' 16 13
2021-12-24 22:10:36,820 (DEBUG): STREAM b'gAMA' 41 4
2021-12-24 22:10:36,820 (DEBUG): STREAM b'cHRM' 57 32
2021-12-24 22:10:36,821 (DEBUG): STREAM b'bKGD' 101 2
2021-12-24 22:10:36,821 (DEBUG): b'bKGD' 101 2 (unknown)
2021-12-24 22:10:36,821 (DEBUG): STREAM b'tIME' 115 7
2021-12-24 22:10:36,821 (DEBUG): b'tIME' 115 7 (unknown)
2021-12-24 22:10:36,821 (DEBUG): STREAM b'IDAT' 134 32768
2021-12-24 22:10:36,839 (DEBUG): STREAM b'IHDR' 16 13
2021-12-24 22:10:36,839 (DEBUG): STREAM b'gAMA' 41 4
2021-12-24 22:10:36,839 (DEBUG): STREAM b'cHRM' 57 32
2021-12-24 22:10:36,839 (DEBUG): STREAM b'bKGD' 101 2
2021-12-24 22:10:36,839 (DEBUG): b'bKGD' 101 2 (unknown)
2021-12-24 22:10:36,839 (DEBUG): STREAM b'tIME' 115 7
2021-12-24 22:10:36,839 (DEBUG): b'tIME' 115 7 (unknown)
2021-12-24 22:10:36,839 (DEBUG): STREAM b'IDAT' 134 32768
2021-12-24 22:10:36,897 (DEBUG): STREAM b'IHDR' 16 13
2021-12-24 22:10:36,897 (DEBUG): STREAM b'gAMA' 41 4
2021-12-24 22:10:36,897 (DEBUG): STREAM b'cHRM' 57 32
2021-12-24 22:10:36,897 (DEBUG): STREAM b'bKGD' 101 2
2021-12-24 22:10:36,897 (DEBUG): b'bKGD' 101 2 (unknown)
2021-12-24 22:10:36,898 (DEBUG): STREAM b'tIME' 115 7
2021-12-24 22:10:36,898 (DEBUG): b'tIME' 115 7 (unknown)
2021-12-24 22:10:36,898 (DEBUG): STREAM b'IDAT' 134 32768
