2021-12-24 22:33:26,037 (INFO): Log Path: D:\Source_Code\Python ++\02. updateComic\log\debug-20211224-2233.26.log
2021-12-24 22:33:28,187 (INFO): Currently Processing image
2021-12-24 22:33:28,188 (INFO): Processing Titles ...
2021-12-24 22:33:28,381 (DEBUG): Get Info from structure: (2t+=sakusei toshi elosion)
2021-12-24 22:33:28,398 (DEBUG): Get Info from structure: (a-10+=koukai tanetsuke hentai koubi 2)
2021-12-24 22:33:28,412 (DEBUG): Get Info from structure: (Abubu+=Kinjo no Onnatachi ga Nazeka Ore no Ie no Furo ni Hairi ni Kuru Ken)
2021-12-24 22:33:28,424 (DEBUG): Get Info from structure: (abubu+=npc kan mod)
2021-12-24 22:33:28,435 (DEBUG): Get Info from structure: (agobitch nee-san+=Hataraku Onee-san-tachi ~Mikonritsu no Takai Machi de Hataraku Tokoya no Onee-san ni Okuchi de Shiborareru~)
2021-12-24 22:33:28,443 (DEBUG): Get Info from structure: (agobitch nee-san+=Seifuku Bishoujo)
2021-12-24 22:33:28,452 (DEBUG): Get Info from structure: (ahemaru+=slave the blood)
2021-12-24 22:33:28,465 (DEBUG): Get Info from structure: (amano ameno+=Jabami Yumeko Hentai Koushuu Benjo Tantsubo Nikubenki Onna)
2021-12-24 22:33:28,473 (DEBUG): Get Info from structure: (amano ameno+=Kyonyuu Onna Joushi Saimin Nikuningyou)
2021-12-24 22:33:28,482 (DEBUG): Get Info from structure: (Ameyama Denshin+=Stories)
2021-12-24 22:33:28,490 (DEBUG): Get Info from structure: (Arai Kei+=Boku No Kanojo)
2021-12-24 22:33:28,500 (DEBUG): Get Info from structure: (arai kei+=Boku Wa Kanojo No Namae Mo Shiranai)
2021-12-24 22:33:28,509 (DEBUG): Get Info from structure: (arai kei+=hougan kanojo)
2021-12-24 22:33:28,519 (DEBUG): Get Info from structure: (arai kei+=Stories)
2021-12-24 22:33:28,528 (DEBUG): Get Info from structure: (Arai Taiki+=Kahanshin Daiichi Shugi)
2021-12-24 22:33:28,537 (DEBUG): Get Info from structure: (arai taiki+=ochita yume no naka de)
2021-12-24 22:33:28,549 (DEBUG): Get Info from structure: (Arai Taiki+=Stories)
2021-12-24 22:33:28,557 (DEBUG): Get Info from structure: (aroma sensei+=Gwen)
2021-12-24 22:33:28,567 (DEBUG): Get Info from structure: (aroma sensei+=what's going on here)
2021-12-24 22:33:28,579 (DEBUG): Get Info from structure: (asanagi+=Stories)
2021-12-24 22:33:28,591 (DEBUG): Get Info from structure: (BeNantoka+=Stories)
2021-12-24 22:33:28,602 (DEBUG): Get Info from structure: (Bonske+=Arawareta Chijo wa Toshishita Kui no Scatolo Hentai deshita)
2021-12-24 22:33:28,612 (DEBUG): Get Info from structure: (bonske+=sono kuchi to shita de subete o uketomenasai)
2021-12-24 22:33:28,619 (DEBUG): Get Info from structure: (Dokurosan+=Stories)
2021-12-24 22:33:28,631 (DEBUG): Get Info from structure: (doujin mukashibanashi+=Stories)
2021-12-24 22:33:28,642 (DEBUG): Get Info from structure: (Enokido+=Stories)
2021-12-24 22:33:28,650 (DEBUG): Get Info from structure: (freehand tamashii+=aorare tsuma)
2021-12-24 22:33:28,658 (DEBUG): Get Info from structure: (freehand tamashii+=Incha No Oi Ga Yaritai Oba-san)
2021-12-24 22:33:28,669 (DEBUG): Get Info from structure: (freehand tamashii+=Isourou Saki No Obasan Ni Hameru!)
2021-12-24 22:33:28,676 (DEBUG): Get Info from structure: (freehand tamashii+=Stories)
2021-12-24 22:33:28,684 (DEBUG): Get Info from structure: (freehand tamashii+=Toiu Wake De, Kaa-san-tachi To Yattemita)
2021-12-24 22:33:28,693 (DEBUG): Get Info from structure: (freehand tamasshii+=Shin Mama O Netoruze!)
2021-12-24 22:33:28,703 (DEBUG): Get Info from structure: (gonza+=av mama)
2021-12-24 22:33:28,714 (DEBUG): Get Info from structure: (gonza+=matching appli)
2021-12-24 22:33:28,723 (DEBUG): Get Info from structure: (Gonza+=Mayonaka No Haha)
2021-12-24 22:33:28,732 (DEBUG): Get Info from structure: (gonza+=my three horny moms)
2021-12-24 22:33:28,740 (DEBUG): Get Info from structure: (gonza+=Nonfiction ~boshi Soukan No Kioku~)
2021-12-24 22:33:28,763 (DEBUG): Get Info from structure: (gonza+=stories)
2021-12-24 22:33:28,775 (DEBUG): Get Info from structure: (mizone+=Ajin Iryou Sougou Center e Youkoso!)
2021-12-24 22:33:28,783 (DEBUG): Get Info from structure: (mizone+=Jikyuu 1500 yen!! Gyogyou o Tetsudau Kantan na Oshigoto desu)
2021-12-24 22:33:28,791 (DEBUG): Get Info from structure: (mizone+=Kindan no Shohousen)
2021-12-24 22:33:28,799 (DEBUG): Get Info from structure: (mizone+=monster romance)
2021-12-24 22:33:28,807 (DEBUG): Get Info from structure: (mizone+=monster smash)
2021-12-24 22:33:28,817 (DEBUG): Get Info from structure: (mizone+=Otherworldly Maidens Series)
2021-12-24 22:33:28,825 (DEBUG): Get Info from structure: (mizone+=stories)
2021-12-24 22:33:28,836 (DEBUG): Get Info from structure: (mizone+=Zasshoku Yuusha)
2021-12-24 22:33:28,844 (DEBUG): Get Info from structure: (Tsusauto+=Jichikai no Hitozuma wa Totemo Ecchi deshita)
2021-12-24 22:33:28,853 (INFO): Processing Chapters / Episodes ...
2021-12-24 22:33:28,868 (INFO): Processing Chapters & Pages ... 
2021-12-24 22:34:16,917 (DEBUG): STREAM b'IHDR' 16 13
2021-12-24 22:34:16,917 (DEBUG): STREAM b'tEXt' 41 25
2021-12-24 22:34:16,917 (DEBUG): STREAM b'iTXt' 78 888
2021-12-24 22:34:16,917 (DEBUG): STREAM b'PLTE' 978 96
2021-12-24 22:34:16,917 (DEBUG): STREAM b'IDAT' 1086 62731
2021-12-24 22:35:05,972 (DEBUG): STREAM b'IHDR' 16 13
2021-12-24 22:35:05,972 (DEBUG): STREAM b'gAMA' 41 4
2021-12-24 22:35:05,972 (DEBUG): STREAM b'cHRM' 57 32
2021-12-24 22:35:05,972 (DEBUG): STREAM b'bKGD' 101 2
2021-12-24 22:35:05,972 (DEBUG): b'bKGD' 101 2 (unknown)
2021-12-24 22:35:05,972 (DEBUG): STREAM b'tIME' 115 7
2021-12-24 22:35:05,972 (DEBUG): b'tIME' 115 7 (unknown)
2021-12-24 22:35:05,972 (DEBUG): STREAM b'IDAT' 134 32768
2021-12-24 22:35:05,990 (DEBUG): STREAM b'IHDR' 16 13
2021-12-24 22:35:05,990 (DEBUG): STREAM b'gAMA' 41 4
2021-12-24 22:35:05,990 (DEBUG): STREAM b'cHRM' 57 32
2021-12-24 22:35:05,990 (DEBUG): STREAM b'bKGD' 101 2
2021-12-24 22:35:05,991 (DEBUG): b'bKGD' 101 2 (unknown)
2021-12-24 22:35:05,991 (DEBUG): STREAM b'tIME' 115 7
2021-12-24 22:35:05,991 (DEBUG): b'tIME' 115 7 (unknown)
2021-12-24 22:35:05,991 (DEBUG): STREAM b'IDAT' 134 32768
2021-12-24 22:35:06,008 (DEBUG): STREAM b'IHDR' 16 13
2021-12-24 22:35:06,008 (DEBUG): STREAM b'gAMA' 41 4
2021-12-24 22:35:06,009 (DEBUG): STREAM b'cHRM' 57 32
2021-12-24 22:35:06,009 (DEBUG): STREAM b'bKGD' 101 2
2021-12-24 22:35:06,009 (DEBUG): b'bKGD' 101 2 (unknown)
2021-12-24 22:35:06,009 (DEBUG): STREAM b'tIME' 115 7
2021-12-24 22:35:06,009 (DEBUG): b'tIME' 115 7 (unknown)
2021-12-24 22:35:06,009 (DEBUG): STREAM b'IDAT' 134 32768
2021-12-24 22:35:06,034 (DEBUG): STREAM b'IHDR' 16 13
2021-12-24 22:35:06,035 (DEBUG): STREAM b'gAMA' 41 4
2021-12-24 22:35:06,035 (DEBUG): STREAM b'cHRM' 57 32
2021-12-24 22:35:06,035 (DEBUG): STREAM b'bKGD' 101 2
2021-12-24 22:35:06,035 (DEBUG): b'bKGD' 101 2 (unknown)
2021-12-24 22:35:06,035 (DEBUG): STREAM b'tIME' 115 7
2021-12-24 22:35:06,035 (DEBUG): b'tIME' 115 7 (unknown)
2021-12-24 22:35:06,035 (DEBUG): STREAM b'IDAT' 134 32768
2021-12-24 22:35:06,054 (DEBUG): STREAM b'IHDR' 16 13
2021-12-24 22:35:06,054 (DEBUG): STREAM b'gAMA' 41 4
2021-12-24 22:35:06,054 (DEBUG): STREAM b'cHRM' 57 32
2021-12-24 22:35:06,054 (DEBUG): STREAM b'bKGD' 101 2
2021-12-24 22:35:06,054 (DEBUG): b'bKGD' 101 2 (unknown)
2021-12-24 22:35:06,054 (DEBUG): STREAM b'tIME' 115 7
2021-12-24 22:35:06,054 (DEBUG): b'tIME' 115 7 (unknown)
2021-12-24 22:35:06,054 (DEBUG): STREAM b'IDAT' 134 32768
2021-12-24 22:35:06,071 (DEBUG): STREAM b'IHDR' 16 13
2021-12-24 22:35:06,071 (DEBUG): STREAM b'gAMA' 41 4
2021-12-24 22:35:06,071 (DEBUG): STREAM b'cHRM' 57 32
2021-12-24 22:35:06,071 (DEBUG): STREAM b'bKGD' 101 2
2021-12-24 22:35:06,071 (DEBUG): b'bKGD' 101 2 (unknown)
2021-12-24 22:35:06,071 (DEBUG): STREAM b'tIME' 115 7
2021-12-24 22:35:06,071 (DEBUG): b'tIME' 115 7 (unknown)
2021-12-24 22:35:06,071 (DEBUG): STREAM b'IDAT' 134 32768
2021-12-24 22:35:06,089 (DEBUG): STREAM b'IHDR' 16 13
2021-12-24 22:35:06,089 (DEBUG): STREAM b'gAMA' 41 4
2021-12-24 22:35:06,089 (DEBUG): STREAM b'cHRM' 57 32
2021-12-24 22:35:06,089 (DEBUG): STREAM b'bKGD' 101 2
2021-12-24 22:35:06,089 (DEBUG): b'bKGD' 101 2 (unknown)
2021-12-24 22:35:06,089 (DEBUG): STREAM b'tIME' 115 7
2021-12-24 22:35:06,089 (DEBUG): b'tIME' 115 7 (unknown)
2021-12-24 22:35:06,089 (DEBUG): STREAM b'IDAT' 134 32768
2021-12-24 22:35:06,106 (DEBUG): STREAM b'IHDR' 16 13
2021-12-24 22:35:06,106 (DEBUG): STREAM b'gAMA' 41 4
2021-12-24 22:35:06,107 (DEBUG): STREAM b'cHRM' 57 32
2021-12-24 22:35:06,107 (DEBUG): STREAM b'bKGD' 101 2
2021-12-24 22:35:06,107 (DEBUG): b'bKGD' 101 2 (unknown)
2021-12-24 22:35:06,107 (DEBUG): STREAM b'tIME' 115 7
2021-12-24 22:35:06,107 (DEBUG): b'tIME' 115 7 (unknown)
2021-12-24 22:35:06,107 (DEBUG): STREAM b'IDAT' 134 32768
2021-12-24 22:35:06,124 (DEBUG): STREAM b'IHDR' 16 13
2021-12-24 22:35:06,124 (DEBUG): STREAM b'gAMA' 41 4
2021-12-24 22:35:06,124 (DEBUG): STREAM b'cHRM' 57 32
2021-12-24 22:35:06,124 (DEBUG): STREAM b'bKGD' 101 2
2021-12-24 22:35:06,124 (DEBUG): b'bKGD' 101 2 (unknown)
2021-12-24 22:35:06,124 (DEBUG): STREAM b'tIME' 115 7
2021-12-24 22:35:06,124 (DEBUG): b'tIME' 115 7 (unknown)
2021-12-24 22:35:06,124 (DEBUG): STREAM b'IDAT' 134 32768
2021-12-24 22:35:06,142 (DEBUG): STREAM b'IHDR' 16 13
2021-12-24 22:35:06,142 (DEBUG): STREAM b'gAMA' 41 4
2021-12-24 22:35:06,142 (DEBUG): STREAM b'cHRM' 57 32
2021-12-24 22:35:06,142 (DEBUG): STREAM b'bKGD' 101 2
2021-12-24 22:35:06,142 (DEBUG): b'bKGD' 101 2 (unknown)
2021-12-24 22:35:06,142 (DEBUG): STREAM b'tIME' 115 7
2021-12-24 22:35:06,142 (DEBUG): b'tIME' 115 7 (unknown)
2021-12-24 22:35:06,142 (DEBUG): STREAM b'IDAT' 134 32768
2021-12-24 22:35:06,156 (DEBUG): STREAM b'IHDR' 16 13
2021-12-24 22:35:06,156 (DEBUG): STREAM b'gAMA' 41 4
2021-12-24 22:35:06,156 (DEBUG): STREAM b'cHRM' 57 32
2021-12-24 22:35:06,156 (DEBUG): STREAM b'bKGD' 101 2
2021-12-24 22:35:06,156 (DEBUG): b'bKGD' 101 2 (unknown)
2021-12-24 22:35:06,156 (DEBUG): STREAM b'tIME' 115 7
2021-12-24 22:35:06,156 (DEBUG): b'tIME' 115 7 (unknown)
2021-12-24 22:35:06,156 (DEBUG): STREAM b'IDAT' 134 32768
2021-12-24 22:35:06,171 (DEBUG): STREAM b'IHDR' 16 13
2021-12-24 22:35:06,171 (DEBUG): STREAM b'gAMA' 41 4
2021-12-24 22:35:06,171 (DEBUG): STREAM b'cHRM' 57 32
2021-12-24 22:35:06,172 (DEBUG): STREAM b'bKGD' 101 2
2021-12-24 22:35:06,172 (DEBUG): b'bKGD' 101 2 (unknown)
2021-12-24 22:35:06,172 (DEBUG): STREAM b'tIME' 115 7
2021-12-24 22:35:06,172 (DEBUG): b'tIME' 115 7 (unknown)
2021-12-24 22:35:06,172 (DEBUG): STREAM b'IDAT' 134 32768
2021-12-24 22:35:06,192 (DEBUG): STREAM b'IHDR' 16 13
2021-12-24 22:35:06,192 (DEBUG): STREAM b'gAMA' 41 4
2021-12-24 22:35:06,192 (DEBUG): STREAM b'cHRM' 57 32
2021-12-24 22:35:06,197 (DEBUG): STREAM b'bKGD' 101 2
2021-12-24 22:35:06,197 (DEBUG): b'bKGD' 101 2 (unknown)
2021-12-24 22:35:06,197 (DEBUG): STREAM b'tIME' 115 7
2021-12-24 22:35:06,197 (DEBUG): b'tIME' 115 7 (unknown)
2021-12-24 22:35:06,197 (DEBUG): STREAM b'IDAT' 134 32768
2021-12-24 22:35:06,216 (DEBUG): STREAM b'IHDR' 16 13
2021-12-24 22:35:06,216 (DEBUG): STREAM b'gAMA' 41 4
2021-12-24 22:35:06,217 (DEBUG): STREAM b'cHRM' 57 32
2021-12-24 22:35:06,217 (DEBUG): STREAM b'bKGD' 101 2
2021-12-24 22:35:06,217 (DEBUG): b'bKGD' 101 2 (unknown)
2021-12-24 22:35:06,217 (DEBUG): STREAM b'tIME' 115 7
2021-12-24 22:35:06,217 (DEBUG): b'tIME' 115 7 (unknown)
2021-12-24 22:35:06,217 (DEBUG): STREAM b'IDAT' 134 32768
2021-12-24 22:35:06,234 (DEBUG): STREAM b'IHDR' 16 13
2021-12-24 22:35:06,234 (DEBUG): STREAM b'gAMA' 41 4
2021-12-24 22:35:06,235 (DEBUG): STREAM b'cHRM' 57 32
2021-12-24 22:35:06,235 (DEBUG): STREAM b'bKGD' 101 2
2021-12-24 22:35:06,235 (DEBUG): b'bKGD' 101 2 (unknown)
2021-12-24 22:35:06,235 (DEBUG): STREAM b'tIME' 115 7
2021-12-24 22:35:06,235 (DEBUG): b'tIME' 115 7 (unknown)
2021-12-24 22:35:06,235 (DEBUG): STREAM b'IDAT' 134 32768
2021-12-24 22:35:06,253 (DEBUG): STREAM b'IHDR' 16 13
2021-12-24 22:35:06,253 (DEBUG): STREAM b'gAMA' 41 4
2021-12-24 22:35:06,253 (DEBUG): STREAM b'cHRM' 57 32
2021-12-24 22:35:06,253 (DEBUG): STREAM b'bKGD' 101 2
2021-12-24 22:35:06,253 (DEBUG): b'bKGD' 101 2 (unknown)
2021-12-24 22:35:06,253 (DEBUG): STREAM b'tIME' 115 7
2021-12-24 22:35:06,253 (DEBUG): b'tIME' 115 7 (unknown)
2021-12-24 22:35:06,253 (DEBUG): STREAM b'IDAT' 134 32768
2021-12-24 22:35:06,290 (DEBUG): STREAM b'IHDR' 16 13
2021-12-24 22:35:06,290 (DEBUG): STREAM b'gAMA' 41 4
2021-12-24 22:35:06,290 (DEBUG): STREAM b'cHRM' 57 32
2021-12-24 22:35:06,290 (DEBUG): STREAM b'bKGD' 101 2
2021-12-24 22:35:06,291 (DEBUG): b'bKGD' 101 2 (unknown)
2021-12-24 22:35:06,291 (DEBUG): STREAM b'tIME' 115 7
2021-12-24 22:35:06,291 (DEBUG): b'tIME' 115 7 (unknown)
2021-12-24 22:35:06,291 (DEBUG): STREAM b'IDAT' 134 32768
2021-12-24 22:35:06,308 (DEBUG): STREAM b'IHDR' 16 13
2021-12-24 22:35:06,308 (DEBUG): STREAM b'gAMA' 41 4
2021-12-24 22:35:06,308 (DEBUG): STREAM b'cHRM' 57 32
2021-12-24 22:35:06,308 (DEBUG): STREAM b'bKGD' 101 2
2021-12-24 22:35:06,309 (DEBUG): b'bKGD' 101 2 (unknown)
2021-12-24 22:35:06,309 (DEBUG): STREAM b'tIME' 115 7
2021-12-24 22:35:06,309 (DEBUG): b'tIME' 115 7 (unknown)
2021-12-24 22:35:06,309 (DEBUG): STREAM b'IDAT' 134 32768
2021-12-24 22:35:06,333 (DEBUG): STREAM b'IHDR' 16 13
2021-12-24 22:35:06,333 (DEBUG): STREAM b'gAMA' 41 4
2021-12-24 22:35:06,333 (DEBUG): STREAM b'cHRM' 57 32
2021-12-24 22:35:06,334 (DEBUG): STREAM b'bKGD' 101 2
2021-12-24 22:35:06,334 (DEBUG): b'bKGD' 101 2 (unknown)
2021-12-24 22:35:06,334 (DEBUG): STREAM b'tIME' 115 7
2021-12-24 22:35:06,334 (DEBUG): b'tIME' 115 7 (unknown)
2021-12-24 22:35:06,334 (DEBUG): STREAM b'IDAT' 134 32768
2021-12-24 22:35:06,365 (DEBUG): STREAM b'IHDR' 16 13
2021-12-24 22:35:06,365 (DEBUG): STREAM b'gAMA' 41 4
2021-12-24 22:35:06,365 (DEBUG): STREAM b'cHRM' 57 32
2021-12-24 22:35:06,365 (DEBUG): STREAM b'bKGD' 101 2
2021-12-24 22:35:06,366 (DEBUG): b'bKGD' 101 2 (unknown)
2021-12-24 22:35:06,366 (DEBUG): STREAM b'tIME' 115 7
2021-12-24 22:35:06,366 (DEBUG): b'tIME' 115 7 (unknown)
2021-12-24 22:35:06,366 (DEBUG): STREAM b'IDAT' 134 32768
2021-12-24 22:35:06,438 (DEBUG): STREAM b'IHDR' 16 13
2021-12-24 22:35:06,438 (DEBUG): STREAM b'gAMA' 41 4
2021-12-24 22:35:06,438 (DEBUG): STREAM b'cHRM' 57 32
2021-12-24 22:35:06,438 (DEBUG): STREAM b'bKGD' 101 2
2021-12-24 22:35:06,438 (DEBUG): b'bKGD' 101 2 (unknown)
2021-12-24 22:35:06,438 (DEBUG): STREAM b'tIME' 115 7
2021-12-24 22:35:06,438 (DEBUG): b'tIME' 115 7 (unknown)
2021-12-24 22:35:06,438 (DEBUG): STREAM b'IDAT' 134 32768
2021-12-24 22:35:06,455 (DEBUG): STREAM b'IHDR' 16 13
2021-12-24 22:35:06,455 (DEBUG): STREAM b'gAMA' 41 4
2021-12-24 22:35:06,455 (DEBUG): STREAM b'cHRM' 57 32
2021-12-24 22:35:06,455 (DEBUG): STREAM b'bKGD' 101 2
2021-12-24 22:35:06,455 (DEBUG): b'bKGD' 101 2 (unknown)
2021-12-24 22:35:06,455 (DEBUG): STREAM b'tIME' 115 7
2021-12-24 22:35:06,455 (DEBUG): b'tIME' 115 7 (unknown)
2021-12-24 22:35:06,455 (DEBUG): STREAM b'IDAT' 134 32768
2021-12-24 22:35:06,474 (DEBUG): STREAM b'IHDR' 16 13
2021-12-24 22:35:06,474 (DEBUG): STREAM b'gAMA' 41 4
2021-12-24 22:35:06,474 (DEBUG): STREAM b'cHRM' 57 32
2021-12-24 22:35:06,474 (DEBUG): STREAM b'bKGD' 101 2
2021-12-24 22:35:06,474 (DEBUG): b'bKGD' 101 2 (unknown)
2021-12-24 22:35:06,474 (DEBUG): STREAM b'tIME' 115 7
2021-12-24 22:35:06,474 (DEBUG): b'tIME' 115 7 (unknown)
2021-12-24 22:35:06,474 (DEBUG): STREAM b'IDAT' 134 32768
2021-12-24 22:35:06,498 (DEBUG): STREAM b'IHDR' 16 13
2021-12-24 22:35:06,498 (DEBUG): STREAM b'gAMA' 41 4
2021-12-24 22:35:06,498 (DEBUG): STREAM b'cHRM' 57 32
2021-12-24 22:35:06,498 (DEBUG): STREAM b'bKGD' 101 2
2021-12-24 22:35:06,499 (DEBUG): b'bKGD' 101 2 (unknown)
2021-12-24 22:35:06,499 (DEBUG): STREAM b'tIME' 115 7
2021-12-24 22:35:06,499 (DEBUG): b'tIME' 115 7 (unknown)
2021-12-24 22:35:06,499 (DEBUG): STREAM b'IDAT' 134 32768
2021-12-24 22:35:06,519 (DEBUG): STREAM b'IHDR' 16 13
2021-12-24 22:35:06,519 (DEBUG): STREAM b'gAMA' 41 4
2021-12-24 22:35:06,519 (DEBUG): STREAM b'cHRM' 57 32
2021-12-24 22:35:06,519 (DEBUG): STREAM b'bKGD' 101 2
2021-12-24 22:35:06,519 (DEBUG): b'bKGD' 101 2 (unknown)
2021-12-24 22:35:06,519 (DEBUG): STREAM b'tIME' 115 7
2021-12-24 22:35:06,519 (DEBUG): b'tIME' 115 7 (unknown)
2021-12-24 22:35:06,519 (DEBUG): STREAM b'IDAT' 134 32768
2021-12-24 22:35:06,553 (DEBUG): STREAM b'IHDR' 16 13
2021-12-24 22:35:06,553 (DEBUG): STREAM b'gAMA' 41 4
2021-12-24 22:35:06,553 (DEBUG): STREAM b'cHRM' 57 32
2021-12-24 22:35:06,553 (DEBUG): STREAM b'bKGD' 101 2
2021-12-24 22:35:06,553 (DEBUG): b'bKGD' 101 2 (unknown)
2021-12-24 22:35:06,553 (DEBUG): STREAM b'tIME' 115 7
2021-12-24 22:35:06,554 (DEBUG): b'tIME' 115 7 (unknown)
2021-12-24 22:35:06,554 (DEBUG): STREAM b'IDAT' 134 32768
2021-12-24 22:35:06,571 (DEBUG): STREAM b'IHDR' 16 13
2021-12-24 22:35:06,571 (DEBUG): STREAM b'gAMA' 41 4
2021-12-24 22:35:06,571 (DEBUG): STREAM b'cHRM' 57 32
2021-12-24 22:35:06,571 (DEBUG): STREAM b'bKGD' 101 2
2021-12-24 22:35:06,571 (DEBUG): b'bKGD' 101 2 (unknown)
2021-12-24 22:35:06,572 (DEBUG): STREAM b'tIME' 115 7
2021-12-24 22:35:06,572 (DEBUG): b'tIME' 115 7 (unknown)
2021-12-24 22:35:06,572 (DEBUG): STREAM b'IDAT' 134 32768
2021-12-24 22:35:06,630 (DEBUG): STREAM b'IHDR' 16 13
2021-12-24 22:35:06,630 (DEBUG): STREAM b'gAMA' 41 4
2021-12-24 22:35:06,630 (DEBUG): STREAM b'cHRM' 57 32
2021-12-24 22:35:06,630 (DEBUG): STREAM b'bKGD' 101 2
2021-12-24 22:35:06,630 (DEBUG): b'bKGD' 101 2 (unknown)
2021-12-24 22:35:06,630 (DEBUG): STREAM b'tIME' 115 7
2021-12-24 22:35:06,630 (DEBUG): b'tIME' 115 7 (unknown)
2021-12-24 22:35:06,630 (DEBUG): STREAM b'IDAT' 134 32768
