2021-12-23 21:21:27,559 (INFO): Log Path: D:\Source_Code\Python ++\02. updateComic\log\debug-20211223-2121.27.log
2021-12-23 21:21:29,616 (INFO): Currently Processing image
2021-12-23 21:21:29,617 (INFO): Processing Titles ...
2021-12-23 21:21:29,633 (DEBUG): Get Info from structure: (2t+=sakusei toshi elosion)
2021-12-23 21:21:29,640 (DEBUG): Get Info from structure: (a-10+=koukai tanetsuke hentai koubi 2)
2021-12-23 21:21:29,649 (DEBUG): Get Info from structure: (Abubu+=Kinjo no Onnatachi ga Nazeka Ore no Ie no Furo ni Hairi ni Kuru Ken)
2021-12-23 21:21:29,656 (DEBUG): Get Info from structure: (abubu+=npc kan mod)
2021-12-23 21:21:29,664 (DEBUG): Get Info from structure: (agobitch nee-san+=Hataraku Onee-san-tachi ~Mikonritsu no Takai Machi de Hataraku Tokoya no Onee-san ni Okuchi de Shiborareru~)
2021-12-23 21:21:29,672 (DEBUG): Get Info from structure: (agobitch nee-san+=Seifuku Bishoujo)
2021-12-23 21:21:29,682 (DEBUG): Get Info from structure: (ahemaru+=slave the blood)
2021-12-23 21:21:29,689 (DEBUG): Get Info from structure: (amano ameno+=Jabami Yumeko Hentai Koushuu Benjo Tantsubo Nikubenki Onna)
2021-12-23 21:21:29,697 (DEBUG): Get Info from structure: (amano ameno+=Kyonyuu Onna Joushi Saimin Nikuningyou)
2021-12-23 21:21:29,705 (DEBUG): Get Info from structure: (Ameyama Denshin+=Stories)
2021-12-23 21:21:29,713 (DEBUG): Get Info from structure: (Arai Kei+=Boku No Kanojo)
2021-12-23 21:21:29,721 (DEBUG): Get Info from structure: (arai kei+=Boku Wa Kanojo No Namae Mo Shiranai)
2021-12-23 21:21:29,728 (DEBUG): Get Info from structure: (arai kei+=hougan kanojo)
2021-12-23 21:21:29,738 (DEBUG): Get Info from structure: (arai kei+=Stories)
2021-12-23 21:21:29,746 (DEBUG): Get Info from structure: (Arai Taiki+=Kahanshin Daiichi Shugi)
2021-12-23 21:21:29,754 (DEBUG): Get Info from structure: (arai taiki+=ochita yume no naka de)
2021-12-23 21:21:29,762 (DEBUG): Get Info from structure: (Arai Taiki+=Stories)
2021-12-23 21:21:29,770 (DEBUG): Get Info from structure: (aroma sensei+=Gwen)
2021-12-23 21:21:29,778 (DEBUG): Get Info from structure: (aroma sensei+=what's going on here)
2021-12-23 21:21:29,786 (DEBUG): Get Info from structure: (asanagi+=Stories)
2021-12-23 21:21:29,793 (DEBUG): Get Info from structure: (BeNantoka+=Stories)
2021-12-23 21:21:29,803 (DEBUG): Get Info from structure: (Bonske+=Arawareta Chijo wa Toshishita Kui no Scatolo Hentai deshita)
2021-12-23 21:21:29,811 (DEBUG): Get Info from structure: (bonske+=sono kuchi to shita de subete o uketomenasai)
2021-12-23 21:21:29,819 (DEBUG): Get Info from structure: (Dokurosan+=Stories)
2021-12-23 21:21:29,827 (DEBUG): Get Info from structure: (Enokido+=Stories)
2021-12-23 21:21:29,835 (DEBUG): Get Info from structure: (freehand tamashii+=aorare tsuma)
2021-12-23 21:21:29,843 (DEBUG): Get Info from structure: (freehand tamashii+=Incha No Oi Ga Yaritai Oba-san)
2021-12-23 21:21:29,851 (DEBUG): Get Info from structure: (freehand tamashii+=Isourou Saki No Obasan Ni Hameru!)
2021-12-23 21:21:29,859 (DEBUG): Get Info from structure: (freehand tamashii+=Stories)
2021-12-23 21:21:29,867 (DEBUG): Get Info from structure: (freehand tamashii+=Toiu Wake De, Kaa-san-tachi To Yattemita)
2021-12-23 21:21:29,875 (DEBUG): Get Info from structure: (freehand tamasshii+=Shin Mama O Netoruze!)
2021-12-23 21:21:29,886 (DEBUG): Get Info from structure: (gonza+=av mama)
2021-12-23 21:21:29,894 (DEBUG): Get Info from structure: (gonza+=matching appli)
2021-12-23 21:21:29,901 (DEBUG): Get Info from structure: (Gonza+=Mayonaka No Haha)
2021-12-23 21:21:29,909 (DEBUG): Get Info from structure: (gonza+=my three horny moms)
2021-12-23 21:21:29,917 (DEBUG): Get Info from structure: (gonza+=Nonfiction ~boshi Soukan No Kioku~)
2021-12-23 21:21:29,933 (DEBUG): Get Info from structure: (gonza+=stories)
2021-12-23 21:21:29,942 (DEBUG): Get Info from structure: (mizone+=Ajin Iryou Sougou Center e Youkoso!)
2021-12-23 21:21:29,950 (DEBUG): Get Info from structure: (mizone+=Jikyuu 1500 yen!! Gyogyou o Tetsudau Kantan na Oshigoto desu)
2021-12-23 21:21:29,958 (DEBUG): Get Info from structure: (mizone+=Kindan no Shohousen)
2021-12-23 21:21:29,966 (DEBUG): Get Info from structure: (mizone+=monster romance)
2021-12-23 21:21:29,974 (DEBUG): Get Info from structure: (mizone+=monster smash)
2021-12-23 21:21:29,983 (DEBUG): Get Info from structure: (mizone+=Otherworldly Maidens Series)
2021-12-23 21:21:29,991 (DEBUG): Get Info from structure: (mizone+=stories)
2021-12-23 21:21:30,000 (DEBUG): Get Info from structure: (mizone+=Zasshoku Yuusha)
2021-12-23 21:21:30,009 (DEBUG): Get Info from structure: (Tsusauto+=Jichikai no Hitozuma wa Totemo Ecchi deshita)
2021-12-23 21:21:30,017 (INFO): Processing Chapters / Episodes ...
2021-12-23 21:21:30,050 (INFO): Processing Chapters & Pages ... 
