2021-12-24 11:29:13,107 (INFO): Log Path: D:\Source_Code\Python ++\02. updateComic\log\debug-20211224-1129.13.log
2021-12-24 11:29:15,135 (INFO): Currently Processing image
2021-12-24 11:29:15,135 (INFO): Processing Titles ...
2021-12-24 11:29:15,164 (DEBUG): Get Info from structure: (2t+=sakusei toshi elosion)
2021-12-24 11:29:15,178 (DEBUG): Get Info from structure: (a-10+=koukai tanetsuke hentai koubi 2)
2021-12-24 11:29:15,193 (DEBUG): Get Info from structure: (Abubu+=Kinjo no Onnatachi ga Nazeka Ore no Ie no Furo ni Hairi ni Kuru Ken)
2021-12-24 11:29:15,209 (DEBUG): Get Info from structure: (abubu+=npc kan mod)
2021-12-24 11:29:15,223 (DEBUG): Get Info from structure: (agobitch nee-san+=Hataraku Onee-san-tachi ~Mikonritsu no Takai Machi de Hataraku Tokoya no Onee-san ni Okuchi de Shiborareru~)
2021-12-24 11:29:15,234 (DEBUG): Get Info from structure: (agobitch nee-san+=Seifuku Bishoujo)
2021-12-24 11:29:15,246 (DEBUG): Get Info from structure: (ahemaru+=slave the blood)
2021-12-24 11:29:15,257 (DEBUG): Get Info from structure: (amano ameno+=Jabami Yumeko Hentai Koushuu Benjo Tantsubo Nikubenki Onna)
2021-12-24 11:29:15,268 (DEBUG): Get Info from structure: (amano ameno+=Kyonyuu Onna Joushi Saimin Nikuningyou)
2021-12-24 11:29:15,279 (DEBUG): Get Info from structure: (Ameyama Denshin+=Stories)
2021-12-24 11:29:15,294 (DEBUG): Get Info from structure: (Arai Kei+=Boku No Kanojo)
2021-12-24 11:29:15,308 (DEBUG): Get Info from structure: (arai kei+=Boku Wa Kanojo No Namae Mo Shiranai)
2021-12-24 11:29:15,321 (DEBUG): Get Info from structure: (arai kei+=hougan kanojo)
2021-12-24 11:29:15,332 (DEBUG): Get Info from structure: (arai kei+=Stories)
2021-12-24 11:29:15,343 (DEBUG): Get Info from structure: (Arai Taiki+=Kahanshin Daiichi Shugi)
2021-12-24 11:29:15,356 (DEBUG): Get Info from structure: (arai taiki+=ochita yume no naka de)
2021-12-24 11:29:15,367 (DEBUG): Get Info from structure: (Arai Taiki+=Stories)
2021-12-24 11:29:15,378 (DEBUG): Get Info from structure: (aroma sensei+=Gwen)
2021-12-24 11:29:15,390 (DEBUG): Get Info from structure: (aroma sensei+=what's going on here)
2021-12-24 11:29:15,401 (DEBUG): Get Info from structure: (asanagi+=Stories)
2021-12-24 11:29:15,411 (DEBUG): Get Info from structure: (BeNantoka+=Stories)
2021-12-24 11:29:15,430 (DEBUG): Get Info from structure: (Bonske+=Arawareta Chijo wa Toshishita Kui no Scatolo Hentai deshita)
2021-12-24 11:29:15,443 (DEBUG): Get Info from structure: (bonske+=sono kuchi to shita de subete o uketomenasai)
2021-12-24 11:29:15,455 (DEBUG): Get Info from structure: (Dokurosan+=Stories)
2021-12-24 11:29:15,469 (DEBUG): Get Info from structure: (Enokido+=Stories)
2021-12-24 11:29:15,483 (DEBUG): Get Info from structure: (freehand tamashii+=aorare tsuma)
2021-12-24 11:29:15,514 (DEBUG): Get Info from structure: (freehand tamashii+=Incha No Oi Ga Yaritai Oba-san)
2021-12-24 11:29:15,527 (DEBUG): Get Info from structure: (freehand tamashii+=Isourou Saki No Obasan Ni Hameru!)
2021-12-24 11:29:15,538 (DEBUG): Get Info from structure: (freehand tamashii+=Stories)
2021-12-24 11:29:15,549 (DEBUG): Get Info from structure: (freehand tamashii+=Toiu Wake De, Kaa-san-tachi To Yattemita)
2021-12-24 11:29:15,559 (DEBUG): Get Info from structure: (freehand tamasshii+=Shin Mama O Netoruze!)
2021-12-24 11:29:15,574 (DEBUG): Get Info from structure: (gonza+=av mama)
2021-12-24 11:29:15,585 (DEBUG): Get Info from structure: (gonza+=matching appli)
2021-12-24 11:29:15,595 (DEBUG): Get Info from structure: (Gonza+=Mayonaka No Haha)
2021-12-24 11:29:15,607 (DEBUG): Get Info from structure: (gonza+=my three horny moms)
2021-12-24 11:29:15,618 (DEBUG): Get Info from structure: (gonza+=Nonfiction ~boshi Soukan No Kioku~)
2021-12-24 11:29:15,627 (DEBUG): Get Info from structure: (gonza+=stories)
2021-12-24 11:29:15,641 (DEBUG): Get Info from structure: (mizone+=Ajin Iryou Sougou Center e Youkoso!)
2021-12-24 11:29:15,650 (DEBUG): Get Info from structure: (mizone+=Jikyuu 1500 yen!! Gyogyou o Tetsudau Kantan na Oshigoto desu)
2021-12-24 11:29:15,660 (DEBUG): Get Info from structure: (mizone+=Kindan no Shohousen)
2021-12-24 11:29:15,671 (DEBUG): Get Info from structure: (mizone+=monster romance)
2021-12-24 11:29:15,681 (DEBUG): Get Info from structure: (mizone+=monster smash)
2021-12-24 11:29:15,692 (DEBUG): Get Info from structure: (mizone+=Otherworldly Maidens Series)
2021-12-24 11:29:15,702 (DEBUG): Get Info from structure: (mizone+=stories)
2021-12-24 11:29:15,714 (DEBUG): Get Info from structure: (mizone+=Zasshoku Yuusha)
2021-12-24 11:29:15,724 (DEBUG): Get Info from structure: (Tsusauto+=Jichikai no Hitozuma wa Totemo Ecchi deshita)
2021-12-24 11:29:15,732 (INFO): Processing Chapters / Episodes ...
2021-12-24 11:29:15,946 (INFO): Processing Chapters & Pages ... 
2021-12-24 11:30:00,244 (DEBUG): STREAM b'IHDR' 16 13
2021-12-24 11:30:00,244 (DEBUG): STREAM b'gAMA' 41 4
2021-12-24 11:30:00,244 (DEBUG): STREAM b'cHRM' 57 32
2021-12-24 11:30:00,244 (DEBUG): STREAM b'bKGD' 101 2
2021-12-24 11:30:00,244 (DEBUG): b'bKGD' 101 2 (unknown)
2021-12-24 11:30:00,244 (DEBUG): STREAM b'tIME' 115 7
2021-12-24 11:30:00,244 (DEBUG): b'tIME' 115 7 (unknown)
2021-12-24 11:30:00,244 (DEBUG): STREAM b'IDAT' 134 32768
2021-12-24 11:30:00,258 (DEBUG): STREAM b'IHDR' 16 13
2021-12-24 11:30:00,259 (DEBUG): STREAM b'gAMA' 41 4
2021-12-24 11:30:00,259 (DEBUG): STREAM b'cHRM' 57 32
2021-12-24 11:30:00,259 (DEBUG): STREAM b'bKGD' 101 2
2021-12-24 11:30:00,259 (DEBUG): b'bKGD' 101 2 (unknown)
2021-12-24 11:30:00,259 (DEBUG): STREAM b'tIME' 115 7
2021-12-24 11:30:00,259 (DEBUG): b'tIME' 115 7 (unknown)
2021-12-24 11:30:00,259 (DEBUG): STREAM b'IDAT' 134 32768
2021-12-24 11:30:00,277 (DEBUG): STREAM b'IHDR' 16 13
2021-12-24 11:30:00,277 (DEBUG): STREAM b'gAMA' 41 4
2021-12-24 11:30:00,277 (DEBUG): STREAM b'cHRM' 57 32
2021-12-24 11:30:00,277 (DEBUG): STREAM b'bKGD' 101 2
2021-12-24 11:30:00,277 (DEBUG): b'bKGD' 101 2 (unknown)
2021-12-24 11:30:00,277 (DEBUG): STREAM b'tIME' 115 7
2021-12-24 11:30:00,278 (DEBUG): b'tIME' 115 7 (unknown)
2021-12-24 11:30:00,278 (DEBUG): STREAM b'IDAT' 134 32768
2021-12-24 11:30:00,291 (DEBUG): STREAM b'IHDR' 16 13
2021-12-24 11:30:00,291 (DEBUG): STREAM b'gAMA' 41 4
2021-12-24 11:30:00,292 (DEBUG): STREAM b'cHRM' 57 32
2021-12-24 11:30:00,292 (DEBUG): STREAM b'bKGD' 101 2
2021-12-24 11:30:00,292 (DEBUG): b'bKGD' 101 2 (unknown)
2021-12-24 11:30:00,292 (DEBUG): STREAM b'tIME' 115 7
2021-12-24 11:30:00,292 (DEBUG): b'tIME' 115 7 (unknown)
2021-12-24 11:30:00,292 (DEBUG): STREAM b'IDAT' 134 32768
2021-12-24 11:30:00,305 (DEBUG): STREAM b'IHDR' 16 13
2021-12-24 11:30:00,306 (DEBUG): STREAM b'gAMA' 41 4
2021-12-24 11:30:00,306 (DEBUG): STREAM b'cHRM' 57 32
2021-12-24 11:30:00,306 (DEBUG): STREAM b'bKGD' 101 2
2021-12-24 11:30:00,306 (DEBUG): b'bKGD' 101 2 (unknown)
2021-12-24 11:30:00,306 (DEBUG): STREAM b'tIME' 115 7
2021-12-24 11:30:00,306 (DEBUG): b'tIME' 115 7 (unknown)
2021-12-24 11:30:00,306 (DEBUG): STREAM b'IDAT' 134 32768
2021-12-24 11:30:00,321 (DEBUG): STREAM b'IHDR' 16 13
2021-12-24 11:30:00,321 (DEBUG): STREAM b'gAMA' 41 4
2021-12-24 11:30:00,321 (DEBUG): STREAM b'cHRM' 57 32
2021-12-24 11:30:00,321 (DEBUG): STREAM b'bKGD' 101 2
2021-12-24 11:30:00,321 (DEBUG): b'bKGD' 101 2 (unknown)
2021-12-24 11:30:00,321 (DEBUG): STREAM b'tIME' 115 7
2021-12-24 11:30:00,321 (DEBUG): b'tIME' 115 7 (unknown)
2021-12-24 11:30:00,321 (DEBUG): STREAM b'IDAT' 134 32768
2021-12-24 11:30:00,334 (DEBUG): STREAM b'IHDR' 16 13
2021-12-24 11:30:00,334 (DEBUG): STREAM b'gAMA' 41 4
2021-12-24 11:30:00,334 (DEBUG): STREAM b'cHRM' 57 32
2021-12-24 11:30:00,334 (DEBUG): STREAM b'bKGD' 101 2
2021-12-24 11:30:00,334 (DEBUG): b'bKGD' 101 2 (unknown)
2021-12-24 11:30:00,334 (DEBUG): STREAM b'tIME' 115 7
2021-12-24 11:30:00,334 (DEBUG): b'tIME' 115 7 (unknown)
2021-12-24 11:30:00,334 (DEBUG): STREAM b'IDAT' 134 32768
2021-12-24 11:30:00,353 (DEBUG): STREAM b'IHDR' 16 13
2021-12-24 11:30:00,353 (DEBUG): STREAM b'gAMA' 41 4
2021-12-24 11:30:00,353 (DEBUG): STREAM b'cHRM' 57 32
2021-12-24 11:30:00,353 (DEBUG): STREAM b'bKGD' 101 2
2021-12-24 11:30:00,354 (DEBUG): b'bKGD' 101 2 (unknown)
2021-12-24 11:30:00,354 (DEBUG): STREAM b'tIME' 115 7
2021-12-24 11:30:00,354 (DEBUG): b'tIME' 115 7 (unknown)
2021-12-24 11:30:00,354 (DEBUG): STREAM b'IDAT' 134 32768
2021-12-24 11:30:00,367 (DEBUG): STREAM b'IHDR' 16 13
2021-12-24 11:30:00,367 (DEBUG): STREAM b'gAMA' 41 4
2021-12-24 11:30:00,367 (DEBUG): STREAM b'cHRM' 57 32
2021-12-24 11:30:00,367 (DEBUG): STREAM b'bKGD' 101 2
2021-12-24 11:30:00,367 (DEBUG): b'bKGD' 101 2 (unknown)
2021-12-24 11:30:00,367 (DEBUG): STREAM b'tIME' 115 7
2021-12-24 11:30:00,367 (DEBUG): b'tIME' 115 7 (unknown)
2021-12-24 11:30:00,367 (DEBUG): STREAM b'IDAT' 134 32768
2021-12-24 11:30:00,380 (DEBUG): STREAM b'IHDR' 16 13
2021-12-24 11:30:00,381 (DEBUG): STREAM b'gAMA' 41 4
2021-12-24 11:30:00,381 (DEBUG): STREAM b'cHRM' 57 32
2021-12-24 11:30:00,381 (DEBUG): STREAM b'bKGD' 101 2
2021-12-24 11:30:00,381 (DEBUG): b'bKGD' 101 2 (unknown)
2021-12-24 11:30:00,381 (DEBUG): STREAM b'tIME' 115 7
2021-12-24 11:30:00,381 (DEBUG): b'tIME' 115 7 (unknown)
2021-12-24 11:30:00,381 (DEBUG): STREAM b'IDAT' 134 32768
2021-12-24 11:30:00,397 (DEBUG): STREAM b'IHDR' 16 13
2021-12-24 11:30:00,397 (DEBUG): STREAM b'gAMA' 41 4
2021-12-24 11:30:00,397 (DEBUG): STREAM b'cHRM' 57 32
2021-12-24 11:30:00,397 (DEBUG): STREAM b'bKGD' 101 2
2021-12-24 11:30:00,397 (DEBUG): b'bKGD' 101 2 (unknown)
2021-12-24 11:30:00,397 (DEBUG): STREAM b'tIME' 115 7
2021-12-24 11:30:00,397 (DEBUG): b'tIME' 115 7 (unknown)
2021-12-24 11:30:00,397 (DEBUG): STREAM b'IDAT' 134 32768
2021-12-24 11:30:00,410 (DEBUG): STREAM b'IHDR' 16 13
2021-12-24 11:30:00,410 (DEBUG): STREAM b'gAMA' 41 4
2021-12-24 11:30:00,410 (DEBUG): STREAM b'cHRM' 57 32
2021-12-24 11:30:00,410 (DEBUG): STREAM b'bKGD' 101 2
2021-12-24 11:30:00,410 (DEBUG): b'bKGD' 101 2 (unknown)
2021-12-24 11:30:00,410 (DEBUG): STREAM b'tIME' 115 7
2021-12-24 11:30:00,410 (DEBUG): b'tIME' 115 7 (unknown)
2021-12-24 11:30:00,410 (DEBUG): STREAM b'IDAT' 134 32768
2021-12-24 11:30:00,426 (DEBUG): STREAM b'IHDR' 16 13
2021-12-24 11:30:00,426 (DEBUG): STREAM b'gAMA' 41 4
2021-12-24 11:30:00,426 (DEBUG): STREAM b'cHRM' 57 32
2021-12-24 11:30:00,426 (DEBUG): STREAM b'bKGD' 101 2
2021-12-24 11:30:00,426 (DEBUG): b'bKGD' 101 2 (unknown)
2021-12-24 11:30:00,426 (DEBUG): STREAM b'tIME' 115 7
2021-12-24 11:30:00,426 (DEBUG): b'tIME' 115 7 (unknown)
2021-12-24 11:30:00,426 (DEBUG): STREAM b'IDAT' 134 32768
2021-12-24 11:30:00,439 (DEBUG): STREAM b'IHDR' 16 13
2021-12-24 11:30:00,440 (DEBUG): STREAM b'gAMA' 41 4
2021-12-24 11:30:00,440 (DEBUG): STREAM b'cHRM' 57 32
2021-12-24 11:30:00,440 (DEBUG): STREAM b'bKGD' 101 2
2021-12-24 11:30:00,440 (DEBUG): b'bKGD' 101 2 (unknown)
2021-12-24 11:30:00,440 (DEBUG): STREAM b'tIME' 115 7
2021-12-24 11:30:00,440 (DEBUG): b'tIME' 115 7 (unknown)
2021-12-24 11:30:00,440 (DEBUG): STREAM b'IDAT' 134 32768
2021-12-24 11:30:00,457 (DEBUG): STREAM b'IHDR' 16 13
2021-12-24 11:30:00,457 (DEBUG): STREAM b'gAMA' 41 4
2021-12-24 11:30:00,458 (DEBUG): STREAM b'cHRM' 57 32
2021-12-24 11:30:00,458 (DEBUG): STREAM b'bKGD' 101 2
2021-12-24 11:30:00,458 (DEBUG): b'bKGD' 101 2 (unknown)
2021-12-24 11:30:00,458 (DEBUG): STREAM b'tIME' 115 7
2021-12-24 11:30:00,458 (DEBUG): b'tIME' 115 7 (unknown)
2021-12-24 11:30:00,459 (DEBUG): STREAM b'IDAT' 134 32768
2021-12-24 11:30:00,472 (DEBUG): STREAM b'IHDR' 16 13
2021-12-24 11:30:00,472 (DEBUG): STREAM b'gAMA' 41 4
2021-12-24 11:30:00,472 (DEBUG): STREAM b'cHRM' 57 32
2021-12-24 11:30:00,472 (DEBUG): STREAM b'bKGD' 101 2
2021-12-24 11:30:00,472 (DEBUG): b'bKGD' 101 2 (unknown)
2021-12-24 11:30:00,472 (DEBUG): STREAM b'tIME' 115 7
2021-12-24 11:30:00,472 (DEBUG): b'tIME' 115 7 (unknown)
2021-12-24 11:30:00,472 (DEBUG): STREAM b'IDAT' 134 32768
2021-12-24 11:30:00,520 (DEBUG): STREAM b'IHDR' 16 13
2021-12-24 11:30:00,520 (DEBUG): STREAM b'gAMA' 41 4
2021-12-24 11:30:00,520 (DEBUG): STREAM b'cHRM' 57 32
2021-12-24 11:30:00,520 (DEBUG): STREAM b'bKGD' 101 2
2021-12-24 11:30:00,520 (DEBUG): b'bKGD' 101 2 (unknown)
2021-12-24 11:30:00,520 (DEBUG): STREAM b'tIME' 115 7
2021-12-24 11:30:00,520 (DEBUG): b'tIME' 115 7 (unknown)
2021-12-24 11:30:00,520 (DEBUG): STREAM b'IDAT' 134 32768
2021-12-24 11:30:00,536 (DEBUG): STREAM b'IHDR' 16 13
2021-12-24 11:30:00,536 (DEBUG): STREAM b'gAMA' 41 4
2021-12-24 11:30:00,536 (DEBUG): STREAM b'cHRM' 57 32
2021-12-24 11:30:00,536 (DEBUG): STREAM b'bKGD' 101 2
2021-12-24 11:30:00,536 (DEBUG): b'bKGD' 101 2 (unknown)
2021-12-24 11:30:00,536 (DEBUG): STREAM b'tIME' 115 7
2021-12-24 11:30:00,536 (DEBUG): b'tIME' 115 7 (unknown)
2021-12-24 11:30:00,536 (DEBUG): STREAM b'IDAT' 134 32768
2021-12-24 11:30:00,551 (DEBUG): STREAM b'IHDR' 16 13
2021-12-24 11:30:00,551 (DEBUG): STREAM b'gAMA' 41 4
2021-12-24 11:30:00,551 (DEBUG): STREAM b'cHRM' 57 32
2021-12-24 11:30:00,551 (DEBUG): STREAM b'bKGD' 101 2
2021-12-24 11:30:00,551 (DEBUG): b'bKGD' 101 2 (unknown)
2021-12-24 11:30:00,551 (DEBUG): STREAM b'tIME' 115 7
2021-12-24 11:30:00,551 (DEBUG): b'tIME' 115 7 (unknown)
2021-12-24 11:30:00,551 (DEBUG): STREAM b'IDAT' 134 32768
2021-12-24 11:30:00,565 (DEBUG): STREAM b'IHDR' 16 13
2021-12-24 11:30:00,565 (DEBUG): STREAM b'gAMA' 41 4
2021-12-24 11:30:00,565 (DEBUG): STREAM b'cHRM' 57 32
2021-12-24 11:30:00,565 (DEBUG): STREAM b'bKGD' 101 2
2021-12-24 11:30:00,565 (DEBUG): b'bKGD' 101 2 (unknown)
2021-12-24 11:30:00,566 (DEBUG): STREAM b'tIME' 115 7
2021-12-24 11:30:00,566 (DEBUG): b'tIME' 115 7 (unknown)
2021-12-24 11:30:00,566 (DEBUG): STREAM b'IDAT' 134 32768
2021-12-24 11:30:00,623 (DEBUG): STREAM b'IHDR' 16 13
2021-12-24 11:30:00,623 (DEBUG): STREAM b'gAMA' 41 4
2021-12-24 11:30:00,623 (DEBUG): STREAM b'cHRM' 57 32
2021-12-24 11:30:00,623 (DEBUG): STREAM b'bKGD' 101 2
2021-12-24 11:30:00,623 (DEBUG): b'bKGD' 101 2 (unknown)
2021-12-24 11:30:00,623 (DEBUG): STREAM b'tIME' 115 7
2021-12-24 11:30:00,623 (DEBUG): b'tIME' 115 7 (unknown)
2021-12-24 11:30:00,623 (DEBUG): STREAM b'IDAT' 134 32768
2021-12-24 11:30:00,636 (DEBUG): STREAM b'IHDR' 16 13
2021-12-24 11:30:00,636 (DEBUG): STREAM b'gAMA' 41 4
2021-12-24 11:30:00,636 (DEBUG): STREAM b'cHRM' 57 32
2021-12-24 11:30:00,637 (DEBUG): STREAM b'bKGD' 101 2
2021-12-24 11:30:00,637 (DEBUG): b'bKGD' 101 2 (unknown)
2021-12-24 11:30:00,637 (DEBUG): STREAM b'tIME' 115 7
2021-12-24 11:30:00,637 (DEBUG): b'tIME' 115 7 (unknown)
2021-12-24 11:30:00,637 (DEBUG): STREAM b'IDAT' 134 32768
2021-12-24 11:30:00,650 (DEBUG): STREAM b'IHDR' 16 13
2021-12-24 11:30:00,650 (DEBUG): STREAM b'gAMA' 41 4
2021-12-24 11:30:00,651 (DEBUG): STREAM b'cHRM' 57 32
2021-12-24 11:30:00,651 (DEBUG): STREAM b'bKGD' 101 2
2021-12-24 11:30:00,651 (DEBUG): b'bKGD' 101 2 (unknown)
2021-12-24 11:30:00,651 (DEBUG): STREAM b'tIME' 115 7
2021-12-24 11:30:00,651 (DEBUG): b'tIME' 115 7 (unknown)
2021-12-24 11:30:00,651 (DEBUG): STREAM b'IDAT' 134 32768
2021-12-24 11:30:00,664 (DEBUG): STREAM b'IHDR' 16 13
2021-12-24 11:30:00,664 (DEBUG): STREAM b'gAMA' 41 4
2021-12-24 11:30:00,664 (DEBUG): STREAM b'cHRM' 57 32
2021-12-24 11:30:00,664 (DEBUG): STREAM b'bKGD' 101 2
2021-12-24 11:30:00,664 (DEBUG): b'bKGD' 101 2 (unknown)
2021-12-24 11:30:00,664 (DEBUG): STREAM b'tIME' 115 7
2021-12-24 11:30:00,664 (DEBUG): b'tIME' 115 7 (unknown)
2021-12-24 11:30:00,664 (DEBUG): STREAM b'IDAT' 134 32768
2021-12-24 11:30:00,679 (DEBUG): STREAM b'IHDR' 16 13
2021-12-24 11:30:00,679 (DEBUG): STREAM b'gAMA' 41 4
2021-12-24 11:30:00,679 (DEBUG): STREAM b'cHRM' 57 32
2021-12-24 11:30:00,679 (DEBUG): STREAM b'bKGD' 101 2
2021-12-24 11:30:00,679 (DEBUG): b'bKGD' 101 2 (unknown)
2021-12-24 11:30:00,680 (DEBUG): STREAM b'tIME' 115 7
2021-12-24 11:30:00,680 (DEBUG): b'tIME' 115 7 (unknown)
2021-12-24 11:30:00,680 (DEBUG): STREAM b'IDAT' 134 32768
2021-12-24 11:30:00,706 (DEBUG): STREAM b'IHDR' 16 13
2021-12-24 11:30:00,706 (DEBUG): STREAM b'gAMA' 41 4
2021-12-24 11:30:00,706 (DEBUG): STREAM b'cHRM' 57 32
2021-12-24 11:30:00,707 (DEBUG): STREAM b'bKGD' 101 2
2021-12-24 11:30:00,707 (DEBUG): b'bKGD' 101 2 (unknown)
2021-12-24 11:30:00,707 (DEBUG): STREAM b'tIME' 115 7
2021-12-24 11:30:00,727 (DEBUG): b'tIME' 115 7 (unknown)
2021-12-24 11:30:00,727 (DEBUG): STREAM b'IDAT' 134 32768
2021-12-24 11:30:00,739 (DEBUG): STREAM b'IHDR' 16 13
2021-12-24 11:30:00,739 (DEBUG): STREAM b'gAMA' 41 4
2021-12-24 11:30:00,739 (DEBUG): STREAM b'cHRM' 57 32
2021-12-24 11:30:00,739 (DEBUG): STREAM b'bKGD' 101 2
2021-12-24 11:30:00,739 (DEBUG): b'bKGD' 101 2 (unknown)
2021-12-24 11:30:00,739 (DEBUG): STREAM b'tIME' 115 7
2021-12-24 11:30:00,739 (DEBUG): b'tIME' 115 7 (unknown)
2021-12-24 11:30:00,739 (DEBUG): STREAM b'IDAT' 134 32768
2021-12-24 11:30:00,788 (DEBUG): STREAM b'IHDR' 16 13
2021-12-24 11:30:00,788 (DEBUG): STREAM b'gAMA' 41 4
2021-12-24 11:30:00,788 (DEBUG): STREAM b'cHRM' 57 32
2021-12-24 11:30:00,788 (DEBUG): STREAM b'bKGD' 101 2
2021-12-24 11:30:00,788 (DEBUG): b'bKGD' 101 2 (unknown)
2021-12-24 11:30:00,788 (DEBUG): STREAM b'tIME' 115 7
2021-12-24 11:30:00,789 (DEBUG): b'tIME' 115 7 (unknown)
2021-12-24 11:30:00,789 (DEBUG): STREAM b'IDAT' 134 32768
