2021-12-23 23:07:56,676 (INFO): Log Path: D:\Source_Code\Python ++\02. updateComic\log\debug-20211223-2307.56.log
2021-12-23 23:07:58,749 (INFO): Currently Processing image
2021-12-23 23:07:58,749 (INFO): Processing Titles ...
2021-12-23 23:07:58,766 (DEBUG): Get Info from structure: (2t+=sakusei toshi elosion)
2021-12-23 23:07:58,774 (DEBUG): Get Info from structure: (a-10+=koukai tanetsuke hentai koubi 2)
2021-12-23 23:07:58,782 (DEBUG): Get Info from structure: (Abubu+=Kinjo no Onnatachi ga Nazeka Ore no Ie no Furo ni Hairi ni Kuru Ken)
2021-12-23 23:07:58,791 (DEBUG): Get Info from structure: (abubu+=npc kan mod)
2021-12-23 23:07:58,799 (DEBUG): Get Info from structure: (agobitch nee-san+=Hataraku Onee-san-tachi ~Mikonritsu no Takai Machi de Hataraku Tokoya no Onee-san ni Okuchi de Shiborareru~)
2021-12-23 23:07:58,807 (DEBUG): Get Info from structure: (agobitch nee-san+=Seifuku Bishoujo)
2021-12-23 23:07:58,816 (DEBUG): Get Info from structure: (ahemaru+=slave the blood)
2021-12-23 23:07:58,824 (DEBUG): Get Info from structure: (amano ameno+=Jabami Yumeko Hentai Koushuu Benjo Tantsubo Nikubenki Onna)
2021-12-23 23:07:58,831 (DEBUG): Get Info from structure: (amano ameno+=Kyonyuu Onna Joushi Saimin Nikuningyou)
2021-12-23 23:07:58,839 (DEBUG): Get Info from structure: (Ameyama Denshin+=Stories)
2021-12-23 23:07:58,848 (DEBUG): Get Info from structure: (Arai Kei+=Boku No Kanojo)
2021-12-23 23:07:58,856 (DEBUG): Get Info from structure: (arai kei+=Boku Wa Kanojo No Namae Mo Shiranai)
2021-12-23 23:07:58,865 (DEBUG): Get Info from structure: (arai kei+=hougan kanojo)
2021-12-23 23:07:58,874 (DEBUG): Get Info from structure: (arai kei+=Stories)
2021-12-23 23:07:58,882 (DEBUG): Get Info from structure: (Arai Taiki+=Kahanshin Daiichi Shugi)
2021-12-23 23:07:58,890 (DEBUG): Get Info from structure: (arai taiki+=ochita yume no naka de)
2021-12-23 23:07:58,898 (DEBUG): Get Info from structure: (Arai Taiki+=Stories)
2021-12-23 23:07:58,906 (DEBUG): Get Info from structure: (aroma sensei+=Gwen)
2021-12-23 23:07:58,914 (DEBUG): Get Info from structure: (aroma sensei+=what's going on here)
2021-12-23 23:07:58,923 (DEBUG): Get Info from structure: (asanagi+=Stories)
2021-12-23 23:07:58,930 (DEBUG): Get Info from structure: (BeNantoka+=Stories)
2021-12-23 23:07:58,940 (DEBUG): Get Info from structure: (Bonske+=Arawareta Chijo wa Toshishita Kui no Scatolo Hentai deshita)
2021-12-23 23:07:58,948 (DEBUG): Get Info from structure: (bonske+=sono kuchi to shita de subete o uketomenasai)
2021-12-23 23:07:58,957 (DEBUG): Get Info from structure: (Dokurosan+=Stories)
2021-12-23 23:07:58,965 (DEBUG): Get Info from structure: (Enokido+=Stories)
2021-12-23 23:07:58,974 (DEBUG): Get Info from structure: (freehand tamashii+=aorare tsuma)
2021-12-23 23:07:58,983 (DEBUG): Get Info from structure: (freehand tamashii+=Incha No Oi Ga Yaritai Oba-san)
2021-12-23 23:07:58,991 (DEBUG): Get Info from structure: (freehand tamashii+=Isourou Saki No Obasan Ni Hameru!)
2021-12-23 23:07:58,999 (DEBUG): Get Info from structure: (freehand tamashii+=Stories)
2021-12-23 23:07:59,010 (DEBUG): Get Info from structure: (freehand tamashii+=Toiu Wake De, Kaa-san-tachi To Yattemita)
2021-12-23 23:07:59,019 (DEBUG): Get Info from structure: (freehand tamasshii+=Shin Mama O Netoruze!)
2021-12-23 23:07:59,028 (DEBUG): Get Info from structure: (gonza+=av mama)
2021-12-23 23:07:59,037 (DEBUG): Get Info from structure: (gonza+=matching appli)
2021-12-23 23:07:59,045 (DEBUG): Get Info from structure: (Gonza+=Mayonaka No Haha)
2021-12-23 23:07:59,054 (DEBUG): Get Info from structure: (gonza+=my three horny moms)
2021-12-23 23:07:59,062 (DEBUG): Get Info from structure: (gonza+=Nonfiction ~boshi Soukan No Kioku~)
2021-12-23 23:07:59,071 (DEBUG): Get Info from structure: (gonza+=stories)
2021-12-23 23:07:59,080 (DEBUG): Get Info from structure: (mizone+=Ajin Iryou Sougou Center e Youkoso!)
2021-12-23 23:07:59,089 (DEBUG): Get Info from structure: (mizone+=Jikyuu 1500 yen!! Gyogyou o Tetsudau Kantan na Oshigoto desu)
2021-12-23 23:07:59,097 (DEBUG): Get Info from structure: (mizone+=Kindan no Shohousen)
2021-12-23 23:07:59,105 (DEBUG): Get Info from structure: (mizone+=monster romance)
2021-12-23 23:07:59,115 (DEBUG): Get Info from structure: (mizone+=monster smash)
2021-12-23 23:07:59,124 (DEBUG): Get Info from structure: (mizone+=Otherworldly Maidens Series)
2021-12-23 23:07:59,132 (DEBUG): Get Info from structure: (mizone+=stories)
2021-12-23 23:07:59,141 (DEBUG): Get Info from structure: (mizone+=Zasshoku Yuusha)
2021-12-23 23:07:59,149 (DEBUG): Get Info from structure: (Tsusauto+=Jichikai no Hitozuma wa Totemo Ecchi deshita)
2021-12-23 23:07:59,158 (INFO): Processing Chapters / Episodes ...
2021-12-23 23:07:59,276 (INFO): Processing Chapters & Pages ... 
2021-12-23 23:08:34,892 (DEBUG): STREAM b'IHDR' 16 13
2021-12-23 23:08:34,892 (DEBUG): STREAM b'gAMA' 41 4
2021-12-23 23:08:34,892 (DEBUG): STREAM b'cHRM' 57 32
2021-12-23 23:08:34,892 (DEBUG): STREAM b'bKGD' 101 2
2021-12-23 23:08:34,892 (DEBUG): b'bKGD' 101 2 (unknown)
2021-12-23 23:08:34,892 (DEBUG): STREAM b'tIME' 115 7
2021-12-23 23:08:34,892 (DEBUG): b'tIME' 115 7 (unknown)
2021-12-23 23:08:34,893 (DEBUG): STREAM b'IDAT' 134 32768
2021-12-23 23:08:34,905 (DEBUG): STREAM b'IHDR' 16 13
2021-12-23 23:08:34,905 (DEBUG): STREAM b'gAMA' 41 4
2021-12-23 23:08:34,905 (DEBUG): STREAM b'cHRM' 57 32
2021-12-23 23:08:34,906 (DEBUG): STREAM b'bKGD' 101 2
2021-12-23 23:08:34,906 (DEBUG): b'bKGD' 101 2 (unknown)
2021-12-23 23:08:34,906 (DEBUG): STREAM b'tIME' 115 7
2021-12-23 23:08:34,906 (DEBUG): b'tIME' 115 7 (unknown)
2021-12-23 23:08:34,906 (DEBUG): STREAM b'IDAT' 134 32768
2021-12-23 23:08:34,919 (DEBUG): STREAM b'IHDR' 16 13
2021-12-23 23:08:34,919 (DEBUG): STREAM b'gAMA' 41 4
2021-12-23 23:08:34,919 (DEBUG): STREAM b'cHRM' 57 32
2021-12-23 23:08:34,919 (DEBUG): STREAM b'bKGD' 101 2
2021-12-23 23:08:34,919 (DEBUG): b'bKGD' 101 2 (unknown)
2021-12-23 23:08:34,919 (DEBUG): STREAM b'tIME' 115 7
2021-12-23 23:08:34,919 (DEBUG): b'tIME' 115 7 (unknown)
2021-12-23 23:08:34,919 (DEBUG): STREAM b'IDAT' 134 32768
2021-12-23 23:08:34,932 (DEBUG): STREAM b'IHDR' 16 13
2021-12-23 23:08:34,932 (DEBUG): STREAM b'gAMA' 41 4
2021-12-23 23:08:34,932 (DEBUG): STREAM b'cHRM' 57 32
2021-12-23 23:08:34,932 (DEBUG): STREAM b'bKGD' 101 2
2021-12-23 23:08:34,932 (DEBUG): b'bKGD' 101 2 (unknown)
2021-12-23 23:08:34,932 (DEBUG): STREAM b'tIME' 115 7
2021-12-23 23:08:34,932 (DEBUG): b'tIME' 115 7 (unknown)
2021-12-23 23:08:34,932 (DEBUG): STREAM b'IDAT' 134 32768
2021-12-23 23:08:34,945 (DEBUG): STREAM b'IHDR' 16 13
2021-12-23 23:08:34,945 (DEBUG): STREAM b'gAMA' 41 4
2021-12-23 23:08:34,945 (DEBUG): STREAM b'cHRM' 57 32
2021-12-23 23:08:34,945 (DEBUG): STREAM b'bKGD' 101 2
2021-12-23 23:08:34,945 (DEBUG): b'bKGD' 101 2 (unknown)
2021-12-23 23:08:34,945 (DEBUG): STREAM b'tIME' 115 7
2021-12-23 23:08:34,945 (DEBUG): b'tIME' 115 7 (unknown)
2021-12-23 23:08:34,945 (DEBUG): STREAM b'IDAT' 134 32768
2021-12-23 23:08:34,958 (DEBUG): STREAM b'IHDR' 16 13
2021-12-23 23:08:34,958 (DEBUG): STREAM b'gAMA' 41 4
2021-12-23 23:08:34,958 (DEBUG): STREAM b'cHRM' 57 32
2021-12-23 23:08:34,958 (DEBUG): STREAM b'bKGD' 101 2
2021-12-23 23:08:34,958 (DEBUG): b'bKGD' 101 2 (unknown)
2021-12-23 23:08:34,958 (DEBUG): STREAM b'tIME' 115 7
2021-12-23 23:08:34,958 (DEBUG): b'tIME' 115 7 (unknown)
2021-12-23 23:08:34,958 (DEBUG): STREAM b'IDAT' 134 32768
2021-12-23 23:08:34,971 (DEBUG): STREAM b'IHDR' 16 13
2021-12-23 23:08:34,971 (DEBUG): STREAM b'gAMA' 41 4
2021-12-23 23:08:34,971 (DEBUG): STREAM b'cHRM' 57 32
2021-12-23 23:08:34,971 (DEBUG): STREAM b'bKGD' 101 2
2021-12-23 23:08:34,971 (DEBUG): b'bKGD' 101 2 (unknown)
2021-12-23 23:08:34,972 (DEBUG): STREAM b'tIME' 115 7
2021-12-23 23:08:34,972 (DEBUG): b'tIME' 115 7 (unknown)
2021-12-23 23:08:34,972 (DEBUG): STREAM b'IDAT' 134 32768
2021-12-23 23:08:34,984 (DEBUG): STREAM b'IHDR' 16 13
2021-12-23 23:08:34,985 (DEBUG): STREAM b'gAMA' 41 4
2021-12-23 23:08:34,985 (DEBUG): STREAM b'cHRM' 57 32
2021-12-23 23:08:34,985 (DEBUG): STREAM b'bKGD' 101 2
2021-12-23 23:08:34,985 (DEBUG): b'bKGD' 101 2 (unknown)
2021-12-23 23:08:34,985 (DEBUG): STREAM b'tIME' 115 7
2021-12-23 23:08:34,985 (DEBUG): b'tIME' 115 7 (unknown)
2021-12-23 23:08:34,985 (DEBUG): STREAM b'IDAT' 134 32768
2021-12-23 23:08:34,998 (DEBUG): STREAM b'IHDR' 16 13
2021-12-23 23:08:34,998 (DEBUG): STREAM b'gAMA' 41 4
2021-12-23 23:08:34,998 (DEBUG): STREAM b'cHRM' 57 32
2021-12-23 23:08:34,998 (DEBUG): STREAM b'bKGD' 101 2
2021-12-23 23:08:34,998 (DEBUG): b'bKGD' 101 2 (unknown)
2021-12-23 23:08:34,998 (DEBUG): STREAM b'tIME' 115 7
2021-12-23 23:08:34,998 (DEBUG): b'tIME' 115 7 (unknown)
2021-12-23 23:08:34,998 (DEBUG): STREAM b'IDAT' 134 32768
2021-12-23 23:08:35,011 (DEBUG): STREAM b'IHDR' 16 13
2021-12-23 23:08:35,011 (DEBUG): STREAM b'gAMA' 41 4
2021-12-23 23:08:35,011 (DEBUG): STREAM b'cHRM' 57 32
2021-12-23 23:08:35,011 (DEBUG): STREAM b'bKGD' 101 2
2021-12-23 23:08:35,011 (DEBUG): b'bKGD' 101 2 (unknown)
2021-12-23 23:08:35,011 (DEBUG): STREAM b'tIME' 115 7
2021-12-23 23:08:35,011 (DEBUG): b'tIME' 115 7 (unknown)
2021-12-23 23:08:35,011 (DEBUG): STREAM b'IDAT' 134 32768
2021-12-23 23:08:35,024 (DEBUG): STREAM b'IHDR' 16 13
2021-12-23 23:08:35,024 (DEBUG): STREAM b'gAMA' 41 4
2021-12-23 23:08:35,024 (DEBUG): STREAM b'cHRM' 57 32
2021-12-23 23:08:35,024 (DEBUG): STREAM b'bKGD' 101 2
2021-12-23 23:08:35,024 (DEBUG): b'bKGD' 101 2 (unknown)
2021-12-23 23:08:35,024 (DEBUG): STREAM b'tIME' 115 7
2021-12-23 23:08:35,024 (DEBUG): b'tIME' 115 7 (unknown)
2021-12-23 23:08:35,024 (DEBUG): STREAM b'IDAT' 134 32768
2021-12-23 23:08:35,037 (DEBUG): STREAM b'IHDR' 16 13
2021-12-23 23:08:35,037 (DEBUG): STREAM b'gAMA' 41 4
2021-12-23 23:08:35,037 (DEBUG): STREAM b'cHRM' 57 32
2021-12-23 23:08:35,037 (DEBUG): STREAM b'bKGD' 101 2
2021-12-23 23:08:35,037 (DEBUG): b'bKGD' 101 2 (unknown)
2021-12-23 23:08:35,037 (DEBUG): STREAM b'tIME' 115 7
2021-12-23 23:08:35,037 (DEBUG): b'tIME' 115 7 (unknown)
2021-12-23 23:08:35,037 (DEBUG): STREAM b'IDAT' 134 32768
2021-12-23 23:08:35,050 (DEBUG): STREAM b'IHDR' 16 13
2021-12-23 23:08:35,050 (DEBUG): STREAM b'gAMA' 41 4
2021-12-23 23:08:35,050 (DEBUG): STREAM b'cHRM' 57 32
2021-12-23 23:08:35,050 (DEBUG): STREAM b'bKGD' 101 2
2021-12-23 23:08:35,050 (DEBUG): b'bKGD' 101 2 (unknown)
2021-12-23 23:08:35,050 (DEBUG): STREAM b'tIME' 115 7
2021-12-23 23:08:35,050 (DEBUG): b'tIME' 115 7 (unknown)
2021-12-23 23:08:35,050 (DEBUG): STREAM b'IDAT' 134 32768
2021-12-23 23:08:35,063 (DEBUG): STREAM b'IHDR' 16 13
2021-12-23 23:08:35,063 (DEBUG): STREAM b'gAMA' 41 4
2021-12-23 23:08:35,063 (DEBUG): STREAM b'cHRM' 57 32
2021-12-23 23:08:35,063 (DEBUG): STREAM b'bKGD' 101 2
2021-12-23 23:08:35,063 (DEBUG): b'bKGD' 101 2 (unknown)
2021-12-23 23:08:35,063 (DEBUG): STREAM b'tIME' 115 7
2021-12-23 23:08:35,063 (DEBUG): b'tIME' 115 7 (unknown)
2021-12-23 23:08:35,063 (DEBUG): STREAM b'IDAT' 134 32768
2021-12-23 23:08:35,077 (DEBUG): STREAM b'IHDR' 16 13
2021-12-23 23:08:35,077 (DEBUG): STREAM b'gAMA' 41 4
2021-12-23 23:08:35,077 (DEBUG): STREAM b'cHRM' 57 32
2021-12-23 23:08:35,077 (DEBUG): STREAM b'bKGD' 101 2
2021-12-23 23:08:35,077 (DEBUG): b'bKGD' 101 2 (unknown)
2021-12-23 23:08:35,077 (DEBUG): STREAM b'tIME' 115 7
2021-12-23 23:08:35,077 (DEBUG): b'tIME' 115 7 (unknown)
2021-12-23 23:08:35,077 (DEBUG): STREAM b'IDAT' 134 32768
2021-12-23 23:08:35,090 (DEBUG): STREAM b'IHDR' 16 13
2021-12-23 23:08:35,090 (DEBUG): STREAM b'gAMA' 41 4
2021-12-23 23:08:35,090 (DEBUG): STREAM b'cHRM' 57 32
2021-12-23 23:08:35,090 (DEBUG): STREAM b'bKGD' 101 2
2021-12-23 23:08:35,090 (DEBUG): b'bKGD' 101 2 (unknown)
2021-12-23 23:08:35,090 (DEBUG): STREAM b'tIME' 115 7
2021-12-23 23:08:35,090 (DEBUG): b'tIME' 115 7 (unknown)
2021-12-23 23:08:35,090 (DEBUG): STREAM b'IDAT' 134 32768
2021-12-23 23:08:35,122 (DEBUG): STREAM b'IHDR' 16 13
2021-12-23 23:08:35,122 (DEBUG): STREAM b'gAMA' 41 4
2021-12-23 23:08:35,122 (DEBUG): STREAM b'cHRM' 57 32
2021-12-23 23:08:35,122 (DEBUG): STREAM b'bKGD' 101 2
2021-12-23 23:08:35,122 (DEBUG): b'bKGD' 101 2 (unknown)
2021-12-23 23:08:35,122 (DEBUG): STREAM b'tIME' 115 7
2021-12-23 23:08:35,122 (DEBUG): b'tIME' 115 7 (unknown)
2021-12-23 23:08:35,123 (DEBUG): STREAM b'IDAT' 134 32768
2021-12-23 23:08:35,136 (DEBUG): STREAM b'IHDR' 16 13
2021-12-23 23:08:35,136 (DEBUG): STREAM b'gAMA' 41 4
2021-12-23 23:08:35,137 (DEBUG): STREAM b'cHRM' 57 32
2021-12-23 23:08:35,137 (DEBUG): STREAM b'bKGD' 101 2
2021-12-23 23:08:35,137 (DEBUG): b'bKGD' 101 2 (unknown)
2021-12-23 23:08:35,137 (DEBUG): STREAM b'tIME' 115 7
2021-12-23 23:08:35,137 (DEBUG): b'tIME' 115 7 (unknown)
2021-12-23 23:08:35,137 (DEBUG): STREAM b'IDAT' 134 32768
2021-12-23 23:08:35,149 (DEBUG): STREAM b'IHDR' 16 13
2021-12-23 23:08:35,149 (DEBUG): STREAM b'gAMA' 41 4
2021-12-23 23:08:35,149 (DEBUG): STREAM b'cHRM' 57 32
2021-12-23 23:08:35,149 (DEBUG): STREAM b'bKGD' 101 2
2021-12-23 23:08:35,149 (DEBUG): b'bKGD' 101 2 (unknown)
2021-12-23 23:08:35,149 (DEBUG): STREAM b'tIME' 115 7
2021-12-23 23:08:35,149 (DEBUG): b'tIME' 115 7 (unknown)
2021-12-23 23:08:35,149 (DEBUG): STREAM b'IDAT' 134 32768
2021-12-23 23:08:35,163 (DEBUG): STREAM b'IHDR' 16 13
2021-12-23 23:08:35,163 (DEBUG): STREAM b'gAMA' 41 4
2021-12-23 23:08:35,163 (DEBUG): STREAM b'cHRM' 57 32
2021-12-23 23:08:35,163 (DEBUG): STREAM b'bKGD' 101 2
2021-12-23 23:08:35,163 (DEBUG): b'bKGD' 101 2 (unknown)
2021-12-23 23:08:35,163 (DEBUG): STREAM b'tIME' 115 7
2021-12-23 23:08:35,163 (DEBUG): b'tIME' 115 7 (unknown)
2021-12-23 23:08:35,163 (DEBUG): STREAM b'IDAT' 134 32768
2021-12-23 23:08:35,214 (DEBUG): STREAM b'IHDR' 16 13
2021-12-23 23:08:35,214 (DEBUG): STREAM b'gAMA' 41 4
2021-12-23 23:08:35,214 (DEBUG): STREAM b'cHRM' 57 32
2021-12-23 23:08:35,214 (DEBUG): STREAM b'bKGD' 101 2
2021-12-23 23:08:35,214 (DEBUG): b'bKGD' 101 2 (unknown)
2021-12-23 23:08:35,214 (DEBUG): STREAM b'tIME' 115 7
2021-12-23 23:08:35,214 (DEBUG): b'tIME' 115 7 (unknown)
2021-12-23 23:08:35,214 (DEBUG): STREAM b'IDAT' 134 32768
2021-12-23 23:08:35,228 (DEBUG): STREAM b'IHDR' 16 13
2021-12-23 23:08:35,228 (DEBUG): STREAM b'gAMA' 41 4
2021-12-23 23:08:35,228 (DEBUG): STREAM b'cHRM' 57 32
2021-12-23 23:08:35,228 (DEBUG): STREAM b'bKGD' 101 2
2021-12-23 23:08:35,228 (DEBUG): b'bKGD' 101 2 (unknown)
2021-12-23 23:08:35,228 (DEBUG): STREAM b'tIME' 115 7
2021-12-23 23:08:35,228 (DEBUG): b'tIME' 115 7 (unknown)
2021-12-23 23:08:35,228 (DEBUG): STREAM b'IDAT' 134 32768
2021-12-23 23:08:35,241 (DEBUG): STREAM b'IHDR' 16 13
2021-12-23 23:08:35,241 (DEBUG): STREAM b'gAMA' 41 4
2021-12-23 23:08:35,241 (DEBUG): STREAM b'cHRM' 57 32
2021-12-23 23:08:35,241 (DEBUG): STREAM b'bKGD' 101 2
2021-12-23 23:08:35,241 (DEBUG): b'bKGD' 101 2 (unknown)
2021-12-23 23:08:35,241 (DEBUG): STREAM b'tIME' 115 7
2021-12-23 23:08:35,241 (DEBUG): b'tIME' 115 7 (unknown)
2021-12-23 23:08:35,241 (DEBUG): STREAM b'IDAT' 134 32768
2021-12-23 23:08:35,255 (DEBUG): STREAM b'IHDR' 16 13
2021-12-23 23:08:35,255 (DEBUG): STREAM b'gAMA' 41 4
2021-12-23 23:08:35,255 (DEBUG): STREAM b'cHRM' 57 32
2021-12-23 23:08:35,255 (DEBUG): STREAM b'bKGD' 101 2
2021-12-23 23:08:35,255 (DEBUG): b'bKGD' 101 2 (unknown)
2021-12-23 23:08:35,255 (DEBUG): STREAM b'tIME' 115 7
2021-12-23 23:08:35,255 (DEBUG): b'tIME' 115 7 (unknown)
2021-12-23 23:08:35,255 (DEBUG): STREAM b'IDAT' 134 32768
2021-12-23 23:08:35,267 (DEBUG): STREAM b'IHDR' 16 13
2021-12-23 23:08:35,267 (DEBUG): STREAM b'gAMA' 41 4
2021-12-23 23:08:35,268 (DEBUG): STREAM b'cHRM' 57 32
2021-12-23 23:08:35,268 (DEBUG): STREAM b'bKGD' 101 2
2021-12-23 23:08:35,268 (DEBUG): b'bKGD' 101 2 (unknown)
2021-12-23 23:08:35,268 (DEBUG): STREAM b'tIME' 115 7
2021-12-23 23:08:35,268 (DEBUG): b'tIME' 115 7 (unknown)
2021-12-23 23:08:35,268 (DEBUG): STREAM b'IDAT' 134 32768
2021-12-23 23:08:35,294 (DEBUG): STREAM b'IHDR' 16 13
2021-12-23 23:08:35,294 (DEBUG): STREAM b'gAMA' 41 4
2021-12-23 23:08:35,294 (DEBUG): STREAM b'cHRM' 57 32
2021-12-23 23:08:35,294 (DEBUG): STREAM b'bKGD' 101 2
2021-12-23 23:08:35,294 (DEBUG): b'bKGD' 101 2 (unknown)
2021-12-23 23:08:35,294 (DEBUG): STREAM b'tIME' 115 7
2021-12-23 23:08:35,302 (DEBUG): b'tIME' 115 7 (unknown)
2021-12-23 23:08:35,302 (DEBUG): STREAM b'IDAT' 134 32768
2021-12-23 23:08:35,315 (DEBUG): STREAM b'IHDR' 16 13
2021-12-23 23:08:35,315 (DEBUG): STREAM b'gAMA' 41 4
2021-12-23 23:08:35,315 (DEBUG): STREAM b'cHRM' 57 32
2021-12-23 23:08:35,315 (DEBUG): STREAM b'bKGD' 101 2
2021-12-23 23:08:35,315 (DEBUG): b'bKGD' 101 2 (unknown)
2021-12-23 23:08:35,315 (DEBUG): STREAM b'tIME' 115 7
2021-12-23 23:08:35,315 (DEBUG): b'tIME' 115 7 (unknown)
2021-12-23 23:08:35,315 (DEBUG): STREAM b'IDAT' 134 32768
2021-12-23 23:08:35,355 (DEBUG): STREAM b'IHDR' 16 13
2021-12-23 23:08:35,355 (DEBUG): STREAM b'gAMA' 41 4
2021-12-23 23:08:35,355 (DEBUG): STREAM b'cHRM' 57 32
2021-12-23 23:08:35,355 (DEBUG): STREAM b'bKGD' 101 2
2021-12-23 23:08:35,355 (DEBUG): b'bKGD' 101 2 (unknown)
2021-12-23 23:08:35,355 (DEBUG): STREAM b'tIME' 115 7
2021-12-23 23:08:35,355 (DEBUG): b'tIME' 115 7 (unknown)
2021-12-23 23:08:35,355 (DEBUG): STREAM b'IDAT' 134 32768
