2021-12-23 22:29:05,854 (INFO): Log Path: D:\Source_Code\Python ++\02. updateComic\log\debug-20211223-2229.05.log
2021-12-23 22:29:07,951 (INFO): Currently Processing image
2021-12-23 22:29:07,951 (INFO): Processing Titles ...
2021-12-23 22:29:07,982 (DEBUG): Get Info from structure: (2t+=sakusei toshi elosion)
2021-12-23 22:29:07,995 (DEBUG): Get Info from structure: (a-10+=koukai tanetsuke hentai koubi 2)
2021-12-23 22:29:08,007 (DEBUG): Get Info from structure: (Abubu+=Kinjo no Onnatachi ga Nazeka Ore no Ie no Furo ni Hairi ni Kuru Ken)
2021-12-23 22:29:08,019 (DEBUG): Get Info from structure: (abubu+=npc kan mod)
2021-12-23 22:29:08,050 (DEBUG): Get Info from structure: (agobitch nee-san+=Hataraku Onee-san-tachi ~Mikonritsu no Takai Machi de Hataraku Tokoya no Onee-san ni Okuchi de Shiborareru~)
2021-12-23 22:29:08,060 (DEBUG): Get Info from structure: (agobitch nee-san+=Seifuku Bishoujo)
2021-12-23 22:29:08,069 (DEBUG): Get Info from structure: (ahemaru+=slave the blood)
2021-12-23 22:29:08,079 (DEBUG): Get Info from structure: (amano ameno+=Jabami Yumeko Hentai Koushuu Benjo Tantsubo Nikubenki Onna)
2021-12-23 22:29:08,089 (DEBUG): Get Info from structure: (amano ameno+=Kyonyuu Onna Joushi Saimin Nikuningyou)
2021-12-23 22:29:08,098 (DEBUG): Get Info from structure: (Ameyama Denshin+=Stories)
2021-12-23 22:29:08,107 (DEBUG): Get Info from structure: (Arai Kei+=Boku No Kanojo)
2021-12-23 22:29:08,117 (DEBUG): Get Info from structure: (arai kei+=Boku Wa Kanojo No Namae Mo Shiranai)
2021-12-23 22:29:08,128 (DEBUG): Get Info from structure: (arai kei+=hougan kanojo)
2021-12-23 22:29:08,137 (DEBUG): Get Info from structure: (arai kei+=Stories)
2021-12-23 22:29:08,149 (DEBUG): Get Info from structure: (Arai Taiki+=Kahanshin Daiichi Shugi)
2021-12-23 22:29:08,159 (DEBUG): Get Info from structure: (arai taiki+=ochita yume no naka de)
2021-12-23 22:29:08,168 (DEBUG): Get Info from structure: (Arai Taiki+=Stories)
2021-12-23 22:29:08,178 (DEBUG): Get Info from structure: (aroma sensei+=Gwen)
2021-12-23 22:29:08,189 (DEBUG): Get Info from structure: (aroma sensei+=what's going on here)
2021-12-23 22:29:08,201 (DEBUG): Get Info from structure: (asanagi+=Stories)
2021-12-23 22:29:08,212 (DEBUG): Get Info from structure: (BeNantoka+=Stories)
2021-12-23 22:29:08,223 (DEBUG): Get Info from structure: (Bonske+=Arawareta Chijo wa Toshishita Kui no Scatolo Hentai deshita)
2021-12-23 22:29:08,233 (DEBUG): Get Info from structure: (bonske+=sono kuchi to shita de subete o uketomenasai)
2021-12-23 22:29:08,244 (DEBUG): Get Info from structure: (Dokurosan+=Stories)
2021-12-23 22:29:08,255 (DEBUG): Get Info from structure: (Enokido+=Stories)
2021-12-23 22:29:08,266 (DEBUG): Get Info from structure: (freehand tamashii+=aorare tsuma)
2021-12-23 22:29:08,278 (DEBUG): Get Info from structure: (freehand tamashii+=Incha No Oi Ga Yaritai Oba-san)
2021-12-23 22:29:08,288 (DEBUG): Get Info from structure: (freehand tamashii+=Isourou Saki No Obasan Ni Hameru!)
2021-12-23 22:29:08,298 (DEBUG): Get Info from structure: (freehand tamashii+=Stories)
2021-12-23 22:29:08,308 (DEBUG): Get Info from structure: (freehand tamashii+=Toiu Wake De, Kaa-san-tachi To Yattemita)
2021-12-23 22:29:08,318 (DEBUG): Get Info from structure: (freehand tamasshii+=Shin Mama O Netoruze!)
2021-12-23 22:29:08,331 (DEBUG): Get Info from structure: (gonza+=av mama)
2021-12-23 22:29:08,343 (DEBUG): Get Info from structure: (gonza+=matching appli)
2021-12-23 22:29:08,353 (DEBUG): Get Info from structure: (Gonza+=Mayonaka No Haha)
2021-12-23 22:29:08,364 (DEBUG): Get Info from structure: (gonza+=my three horny moms)
2021-12-23 22:29:08,374 (DEBUG): Get Info from structure: (gonza+=Nonfiction ~boshi Soukan No Kioku~)
2021-12-23 22:29:08,384 (DEBUG): Get Info from structure: (gonza+=stories)
2021-12-23 22:29:08,397 (DEBUG): Get Info from structure: (mizone+=Ajin Iryou Sougou Center e Youkoso!)
2021-12-23 22:29:08,408 (DEBUG): Get Info from structure: (mizone+=Jikyuu 1500 yen!! Gyogyou o Tetsudau Kantan na Oshigoto desu)
2021-12-23 22:29:08,417 (DEBUG): Get Info from structure: (mizone+=Kindan no Shohousen)
2021-12-23 22:29:08,427 (DEBUG): Get Info from structure: (mizone+=monster romance)
2021-12-23 22:29:08,438 (DEBUG): Get Info from structure: (mizone+=monster smash)
2021-12-23 22:29:08,450 (DEBUG): Get Info from structure: (mizone+=Otherworldly Maidens Series)
2021-12-23 22:29:08,460 (DEBUG): Get Info from structure: (mizone+=stories)
2021-12-23 22:29:08,472 (DEBUG): Get Info from structure: (mizone+=Zasshoku Yuusha)
2021-12-23 22:29:08,483 (DEBUG): Get Info from structure: (Tsusauto+=Jichikai no Hitozuma wa Totemo Ecchi deshita)
2021-12-23 22:29:08,494 (INFO): Processing Chapters / Episodes ...
2021-12-23 22:29:08,508 (INFO): Processing Chapters & Pages ... 
2021-12-23 22:30:23,420 (DEBUG): STREAM b'IHDR' 16 13
2021-12-23 22:30:23,420 (DEBUG): STREAM b'gAMA' 41 4
2021-12-23 22:30:23,420 (DEBUG): STREAM b'cHRM' 57 32
2021-12-23 22:30:23,421 (DEBUG): STREAM b'bKGD' 101 2
2021-12-23 22:30:23,421 (DEBUG): b'bKGD' 101 2 (unknown)
2021-12-23 22:30:23,421 (DEBUG): STREAM b'tIME' 115 7
2021-12-23 22:30:23,421 (DEBUG): b'tIME' 115 7 (unknown)
2021-12-23 22:30:23,421 (DEBUG): STREAM b'IDAT' 134 32768
2021-12-23 22:30:23,449 (DEBUG): STREAM b'IHDR' 16 13
2021-12-23 22:30:23,449 (DEBUG): STREAM b'gAMA' 41 4
2021-12-23 22:30:23,450 (DEBUG): STREAM b'cHRM' 57 32
2021-12-23 22:30:23,450 (DEBUG): STREAM b'bKGD' 101 2
2021-12-23 22:30:23,450 (DEBUG): b'bKGD' 101 2 (unknown)
2021-12-23 22:30:23,450 (DEBUG): STREAM b'tIME' 115 7
2021-12-23 22:30:23,450 (DEBUG): b'tIME' 115 7 (unknown)
2021-12-23 22:30:23,450 (DEBUG): STREAM b'IDAT' 134 32768
2021-12-23 22:30:23,464 (DEBUG): STREAM b'IHDR' 16 13
2021-12-23 22:30:23,464 (DEBUG): STREAM b'gAMA' 41 4
2021-12-23 22:30:23,464 (DEBUG): STREAM b'cHRM' 57 32
2021-12-23 22:30:23,464 (DEBUG): STREAM b'bKGD' 101 2
2021-12-23 22:30:23,464 (DEBUG): b'bKGD' 101 2 (unknown)
2021-12-23 22:30:23,464 (DEBUG): STREAM b'tIME' 115 7
2021-12-23 22:30:23,465 (DEBUG): b'tIME' 115 7 (unknown)
2021-12-23 22:30:23,465 (DEBUG): STREAM b'IDAT' 134 32768
2021-12-23 22:30:23,480 (DEBUG): STREAM b'IHDR' 16 13
2021-12-23 22:30:23,480 (DEBUG): STREAM b'gAMA' 41 4
2021-12-23 22:30:23,480 (DEBUG): STREAM b'cHRM' 57 32
2021-12-23 22:30:23,480 (DEBUG): STREAM b'bKGD' 101 2
2021-12-23 22:30:23,480 (DEBUG): b'bKGD' 101 2 (unknown)
2021-12-23 22:30:23,480 (DEBUG): STREAM b'tIME' 115 7
2021-12-23 22:30:23,480 (DEBUG): b'tIME' 115 7 (unknown)
2021-12-23 22:30:23,480 (DEBUG): STREAM b'IDAT' 134 32768
2021-12-23 22:30:23,495 (DEBUG): STREAM b'IHDR' 16 13
2021-12-23 22:30:23,495 (DEBUG): STREAM b'gAMA' 41 4
2021-12-23 22:30:23,495 (DEBUG): STREAM b'cHRM' 57 32
2021-12-23 22:30:23,495 (DEBUG): STREAM b'bKGD' 101 2
2021-12-23 22:30:23,495 (DEBUG): b'bKGD' 101 2 (unknown)
2021-12-23 22:30:23,495 (DEBUG): STREAM b'tIME' 115 7
2021-12-23 22:30:23,495 (DEBUG): b'tIME' 115 7 (unknown)
2021-12-23 22:30:23,495 (DEBUG): STREAM b'IDAT' 134 32768
2021-12-23 22:30:23,512 (DEBUG): STREAM b'IHDR' 16 13
2021-12-23 22:30:23,512 (DEBUG): STREAM b'gAMA' 41 4
2021-12-23 22:30:23,512 (DEBUG): STREAM b'cHRM' 57 32
2021-12-23 22:30:23,512 (DEBUG): STREAM b'bKGD' 101 2
2021-12-23 22:30:23,512 (DEBUG): b'bKGD' 101 2 (unknown)
2021-12-23 22:30:23,512 (DEBUG): STREAM b'tIME' 115 7
2021-12-23 22:30:23,512 (DEBUG): b'tIME' 115 7 (unknown)
2021-12-23 22:30:23,512 (DEBUG): STREAM b'IDAT' 134 32768
2021-12-23 22:30:23,527 (DEBUG): STREAM b'IHDR' 16 13
2021-12-23 22:30:23,527 (DEBUG): STREAM b'gAMA' 41 4
2021-12-23 22:30:23,527 (DEBUG): STREAM b'cHRM' 57 32
2021-12-23 22:30:23,527 (DEBUG): STREAM b'bKGD' 101 2
2021-12-23 22:30:23,527 (DEBUG): b'bKGD' 101 2 (unknown)
2021-12-23 22:30:23,527 (DEBUG): STREAM b'tIME' 115 7
2021-12-23 22:30:23,527 (DEBUG): b'tIME' 115 7 (unknown)
2021-12-23 22:30:23,527 (DEBUG): STREAM b'IDAT' 134 32768
2021-12-23 22:30:23,541 (DEBUG): STREAM b'IHDR' 16 13
2021-12-23 22:30:23,541 (DEBUG): STREAM b'gAMA' 41 4
2021-12-23 22:30:23,541 (DEBUG): STREAM b'cHRM' 57 32
2021-12-23 22:30:23,542 (DEBUG): STREAM b'bKGD' 101 2
2021-12-23 22:30:23,542 (DEBUG): b'bKGD' 101 2 (unknown)
2021-12-23 22:30:23,542 (DEBUG): STREAM b'tIME' 115 7
2021-12-23 22:30:23,542 (DEBUG): b'tIME' 115 7 (unknown)
2021-12-23 22:30:23,542 (DEBUG): STREAM b'IDAT' 134 32768
2021-12-23 22:30:23,555 (DEBUG): STREAM b'IHDR' 16 13
2021-12-23 22:30:23,555 (DEBUG): STREAM b'gAMA' 41 4
2021-12-23 22:30:23,555 (DEBUG): STREAM b'cHRM' 57 32
2021-12-23 22:30:23,555 (DEBUG): STREAM b'bKGD' 101 2
2021-12-23 22:30:23,555 (DEBUG): b'bKGD' 101 2 (unknown)
2021-12-23 22:30:23,555 (DEBUG): STREAM b'tIME' 115 7
2021-12-23 22:30:23,555 (DEBUG): b'tIME' 115 7 (unknown)
2021-12-23 22:30:23,555 (DEBUG): STREAM b'IDAT' 134 32768
2021-12-23 22:30:23,570 (DEBUG): STREAM b'IHDR' 16 13
2021-12-23 22:30:23,570 (DEBUG): STREAM b'gAMA' 41 4
2021-12-23 22:30:23,570 (DEBUG): STREAM b'cHRM' 57 32
2021-12-23 22:30:23,570 (DEBUG): STREAM b'bKGD' 101 2
2021-12-23 22:30:23,570 (DEBUG): b'bKGD' 101 2 (unknown)
2021-12-23 22:30:23,570 (DEBUG): STREAM b'tIME' 115 7
2021-12-23 22:30:23,570 (DEBUG): b'tIME' 115 7 (unknown)
2021-12-23 22:30:23,570 (DEBUG): STREAM b'IDAT' 134 32768
2021-12-23 22:30:23,584 (DEBUG): STREAM b'IHDR' 16 13
2021-12-23 22:30:23,584 (DEBUG): STREAM b'gAMA' 41 4
2021-12-23 22:30:23,584 (DEBUG): STREAM b'cHRM' 57 32
2021-12-23 22:30:23,584 (DEBUG): STREAM b'bKGD' 101 2
2021-12-23 22:30:23,584 (DEBUG): b'bKGD' 101 2 (unknown)
2021-12-23 22:30:23,584 (DEBUG): STREAM b'tIME' 115 7
2021-12-23 22:30:23,584 (DEBUG): b'tIME' 115 7 (unknown)
2021-12-23 22:30:23,585 (DEBUG): STREAM b'IDAT' 134 32768
2021-12-23 22:30:23,605 (DEBUG): STREAM b'IHDR' 16 13
2021-12-23 22:30:23,605 (DEBUG): STREAM b'gAMA' 41 4
2021-12-23 22:30:23,606 (DEBUG): STREAM b'cHRM' 57 32
2021-12-23 22:30:23,606 (DEBUG): STREAM b'bKGD' 101 2
2021-12-23 22:30:23,606 (DEBUG): b'bKGD' 101 2 (unknown)
2021-12-23 22:30:23,606 (DEBUG): STREAM b'tIME' 115 7
2021-12-23 22:30:23,606 (DEBUG): b'tIME' 115 7 (unknown)
2021-12-23 22:30:23,606 (DEBUG): STREAM b'IDAT' 134 32768
2021-12-23 22:30:23,626 (DEBUG): STREAM b'IHDR' 16 13
2021-12-23 22:30:23,626 (DEBUG): STREAM b'gAMA' 41 4
2021-12-23 22:30:23,626 (DEBUG): STREAM b'cHRM' 57 32
2021-12-23 22:30:23,626 (DEBUG): STREAM b'bKGD' 101 2
2021-12-23 22:30:23,626 (DEBUG): b'bKGD' 101 2 (unknown)
2021-12-23 22:30:23,626 (DEBUG): STREAM b'tIME' 115 7
2021-12-23 22:30:23,626 (DEBUG): b'tIME' 115 7 (unknown)
2021-12-23 22:30:23,627 (DEBUG): STREAM b'IDAT' 134 32768
2021-12-23 22:30:23,640 (DEBUG): STREAM b'IHDR' 16 13
2021-12-23 22:30:23,640 (DEBUG): STREAM b'gAMA' 41 4
2021-12-23 22:30:23,641 (DEBUG): STREAM b'cHRM' 57 32
2021-12-23 22:30:23,641 (DEBUG): STREAM b'bKGD' 101 2
2021-12-23 22:30:23,641 (DEBUG): b'bKGD' 101 2 (unknown)
2021-12-23 22:30:23,641 (DEBUG): STREAM b'tIME' 115 7
2021-12-23 22:30:23,641 (DEBUG): b'tIME' 115 7 (unknown)
2021-12-23 22:30:23,641 (DEBUG): STREAM b'IDAT' 134 32768
2021-12-23 22:30:23,654 (DEBUG): STREAM b'IHDR' 16 13
2021-12-23 22:30:23,654 (DEBUG): STREAM b'gAMA' 41 4
2021-12-23 22:30:23,654 (DEBUG): STREAM b'cHRM' 57 32
2021-12-23 22:30:23,654 (DEBUG): STREAM b'bKGD' 101 2
2021-12-23 22:30:23,654 (DEBUG): b'bKGD' 101 2 (unknown)
2021-12-23 22:30:23,654 (DEBUG): STREAM b'tIME' 115 7
2021-12-23 22:30:23,654 (DEBUG): b'tIME' 115 7 (unknown)
2021-12-23 22:30:23,654 (DEBUG): STREAM b'IDAT' 134 32768
2021-12-23 22:30:23,667 (DEBUG): STREAM b'IHDR' 16 13
2021-12-23 22:30:23,667 (DEBUG): STREAM b'gAMA' 41 4
2021-12-23 22:30:23,667 (DEBUG): STREAM b'cHRM' 57 32
2021-12-23 22:30:23,668 (DEBUG): STREAM b'bKGD' 101 2
2021-12-23 22:30:23,668 (DEBUG): b'bKGD' 101 2 (unknown)
2021-12-23 22:30:23,668 (DEBUG): STREAM b'tIME' 115 7
2021-12-23 22:30:23,668 (DEBUG): b'tIME' 115 7 (unknown)
2021-12-23 22:30:23,668 (DEBUG): STREAM b'IDAT' 134 32768
2021-12-23 22:30:23,701 (DEBUG): STREAM b'IHDR' 16 13
2021-12-23 22:30:23,702 (DEBUG): STREAM b'gAMA' 41 4
2021-12-23 22:30:23,702 (DEBUG): STREAM b'cHRM' 57 32
2021-12-23 22:30:23,702 (DEBUG): STREAM b'bKGD' 101 2
2021-12-23 22:30:23,702 (DEBUG): b'bKGD' 101 2 (unknown)
2021-12-23 22:30:23,702 (DEBUG): STREAM b'tIME' 115 7
2021-12-23 22:30:23,702 (DEBUG): b'tIME' 115 7 (unknown)
2021-12-23 22:30:23,702 (DEBUG): STREAM b'IDAT' 134 32768
2021-12-23 22:30:23,715 (DEBUG): STREAM b'IHDR' 16 13
2021-12-23 22:30:23,715 (DEBUG): STREAM b'gAMA' 41 4
2021-12-23 22:30:23,715 (DEBUG): STREAM b'cHRM' 57 32
2021-12-23 22:30:23,716 (DEBUG): STREAM b'bKGD' 101 2
2021-12-23 22:30:23,716 (DEBUG): b'bKGD' 101 2 (unknown)
2021-12-23 22:30:23,716 (DEBUG): STREAM b'tIME' 115 7
2021-12-23 22:30:23,716 (DEBUG): b'tIME' 115 7 (unknown)
2021-12-23 22:30:23,716 (DEBUG): STREAM b'IDAT' 134 32768
2021-12-23 22:30:23,738 (DEBUG): STREAM b'IHDR' 16 13
2021-12-23 22:30:23,738 (DEBUG): STREAM b'gAMA' 41 4
2021-12-23 22:30:23,738 (DEBUG): STREAM b'cHRM' 57 32
2021-12-23 22:30:23,738 (DEBUG): STREAM b'bKGD' 101 2
2021-12-23 22:30:23,738 (DEBUG): b'bKGD' 101 2 (unknown)
2021-12-23 22:30:23,738 (DEBUG): STREAM b'tIME' 115 7
2021-12-23 22:30:23,738 (DEBUG): b'tIME' 115 7 (unknown)
2021-12-23 22:30:23,738 (DEBUG): STREAM b'IDAT' 134 32768
2021-12-23 22:30:23,755 (DEBUG): STREAM b'IHDR' 16 13
2021-12-23 22:30:23,755 (DEBUG): STREAM b'gAMA' 41 4
2021-12-23 22:30:23,756 (DEBUG): STREAM b'cHRM' 57 32
2021-12-23 22:30:23,756 (DEBUG): STREAM b'bKGD' 101 2
2021-12-23 22:30:23,756 (DEBUG): b'bKGD' 101 2 (unknown)
2021-12-23 22:30:23,756 (DEBUG): STREAM b'tIME' 115 7
2021-12-23 22:30:23,756 (DEBUG): b'tIME' 115 7 (unknown)
2021-12-23 22:30:23,756 (DEBUG): STREAM b'IDAT' 134 32768
2021-12-23 22:30:23,813 (DEBUG): STREAM b'IHDR' 16 13
2021-12-23 22:30:23,813 (DEBUG): STREAM b'gAMA' 41 4
2021-12-23 22:30:23,813 (DEBUG): STREAM b'cHRM' 57 32
2021-12-23 22:30:23,813 (DEBUG): STREAM b'bKGD' 101 2
2021-12-23 22:30:23,813 (DEBUG): b'bKGD' 101 2 (unknown)
2021-12-23 22:30:23,813 (DEBUG): STREAM b'tIME' 115 7
2021-12-23 22:30:23,813 (DEBUG): b'tIME' 115 7 (unknown)
2021-12-23 22:30:23,813 (DEBUG): STREAM b'IDAT' 134 32768
2021-12-23 22:30:23,827 (DEBUG): STREAM b'IHDR' 16 13
2021-12-23 22:30:23,828 (DEBUG): STREAM b'gAMA' 41 4
2021-12-23 22:30:23,828 (DEBUG): STREAM b'cHRM' 57 32
2021-12-23 22:30:23,828 (DEBUG): STREAM b'bKGD' 101 2
2021-12-23 22:30:23,828 (DEBUG): b'bKGD' 101 2 (unknown)
2021-12-23 22:30:23,828 (DEBUG): STREAM b'tIME' 115 7
2021-12-23 22:30:23,828 (DEBUG): b'tIME' 115 7 (unknown)
2021-12-23 22:30:23,828 (DEBUG): STREAM b'IDAT' 134 32768
2021-12-23 22:30:23,841 (DEBUG): STREAM b'IHDR' 16 13
2021-12-23 22:30:23,842 (DEBUG): STREAM b'gAMA' 41 4
2021-12-23 22:30:23,842 (DEBUG): STREAM b'cHRM' 57 32
2021-12-23 22:30:23,842 (DEBUG): STREAM b'bKGD' 101 2
2021-12-23 22:30:23,842 (DEBUG): b'bKGD' 101 2 (unknown)
2021-12-23 22:30:23,842 (DEBUG): STREAM b'tIME' 115 7
2021-12-23 22:30:23,842 (DEBUG): b'tIME' 115 7 (unknown)
2021-12-23 22:30:23,842 (DEBUG): STREAM b'IDAT' 134 32768
2021-12-23 22:30:23,855 (DEBUG): STREAM b'IHDR' 16 13
2021-12-23 22:30:23,855 (DEBUG): STREAM b'gAMA' 41 4
2021-12-23 22:30:23,855 (DEBUG): STREAM b'cHRM' 57 32
2021-12-23 22:30:23,855 (DEBUG): STREAM b'bKGD' 101 2
2021-12-23 22:30:23,855 (DEBUG): b'bKGD' 101 2 (unknown)
2021-12-23 22:30:23,855 (DEBUG): STREAM b'tIME' 115 7
2021-12-23 22:30:23,855 (DEBUG): b'tIME' 115 7 (unknown)
2021-12-23 22:30:23,855 (DEBUG): STREAM b'IDAT' 134 32768
2021-12-23 22:30:23,870 (DEBUG): STREAM b'IHDR' 16 13
2021-12-23 22:30:23,870 (DEBUG): STREAM b'gAMA' 41 4
2021-12-23 22:30:23,870 (DEBUG): STREAM b'cHRM' 57 32
2021-12-23 22:30:23,870 (DEBUG): STREAM b'bKGD' 101 2
2021-12-23 22:30:23,870 (DEBUG): b'bKGD' 101 2 (unknown)
2021-12-23 22:30:23,870 (DEBUG): STREAM b'tIME' 115 7
2021-12-23 22:30:23,870 (DEBUG): b'tIME' 115 7 (unknown)
2021-12-23 22:30:23,870 (DEBUG): STREAM b'IDAT' 134 32768
2021-12-23 22:30:23,898 (DEBUG): STREAM b'IHDR' 16 13
2021-12-23 22:30:23,898 (DEBUG): STREAM b'gAMA' 41 4
2021-12-23 22:30:23,898 (DEBUG): STREAM b'cHRM' 57 32
2021-12-23 22:30:23,898 (DEBUG): STREAM b'bKGD' 101 2
2021-12-23 22:30:23,898 (DEBUG): b'bKGD' 101 2 (unknown)
2021-12-23 22:30:23,898 (DEBUG): STREAM b'tIME' 115 7
2021-12-23 22:30:23,898 (DEBUG): b'tIME' 115 7 (unknown)
2021-12-23 22:30:23,898 (DEBUG): STREAM b'IDAT' 134 32768
2021-12-23 22:30:23,913 (DEBUG): STREAM b'IHDR' 16 13
2021-12-23 22:30:23,913 (DEBUG): STREAM b'gAMA' 41 4
2021-12-23 22:30:23,913 (DEBUG): STREAM b'cHRM' 57 32
2021-12-23 22:30:23,913 (DEBUG): STREAM b'bKGD' 101 2
2021-12-23 22:30:23,913 (DEBUG): b'bKGD' 101 2 (unknown)
2021-12-23 22:30:23,913 (DEBUG): STREAM b'tIME' 115 7
2021-12-23 22:30:23,913 (DEBUG): b'tIME' 115 7 (unknown)
2021-12-23 22:30:23,913 (DEBUG): STREAM b'IDAT' 134 32768
2021-12-23 22:30:23,965 (DEBUG): STREAM b'IHDR' 16 13
2021-12-23 22:30:23,966 (DEBUG): STREAM b'gAMA' 41 4
2021-12-23 22:30:23,966 (DEBUG): STREAM b'cHRM' 57 32
2021-12-23 22:30:23,966 (DEBUG): STREAM b'bKGD' 101 2
2021-12-23 22:30:23,966 (DEBUG): b'bKGD' 101 2 (unknown)
2021-12-23 22:30:23,966 (DEBUG): STREAM b'tIME' 115 7
2021-12-23 22:30:23,966 (DEBUG): b'tIME' 115 7 (unknown)
2021-12-23 22:30:23,966 (DEBUG): STREAM b'IDAT' 134 32768
