2021-12-14 18:27:26,056 (INFO): Log Path: D:\Source_Code\Python ++\02. updateComic\log\debug-20211214-1827.26.log
2021-12-14 18:27:31,358 (DEBUG): Get Info from structure: (laliberte+visiting)
2021-12-14 18:27:32,414 (DEBUG): Get Info from structure: (asanagi+girls in the frame)
2021-12-14 18:27:32,870 (DEBUG): Get Info from structure: (free style+one pii na yoru vip)
2021-12-14 18:27:33,478 (DEBUG): Get Info from structure: (menea the dog+yabaso na onna)
2021-12-14 18:27:33,868 (DEBUG): Get Info from structure: (kizuki rei+Otto Kounin Sex Advisor ni Hamatta Kekka Zenpen)
2021-12-14 18:27:33,878 (WARNING): No Numbers found in string: '_Chapter' (kizuki rei+Otto Kounin Sex Advisor ni Hamatta Kekka Zenpen)
	int_match: []
	float_match: []
2021-12-14 18:27:34,694 (DEBUG): Get Info from structure: (suruga kuroitsu's stories+suruga kuroitsu's stories)
2021-12-14 18:27:36,802 (DEBUG): Get Info from structure: (kuro fn+sparta! bakunyu kyouei lesson)
2021-12-14 18:27:37,054 (DEBUG): Get Info from structure: (doskoinpo+ashidorei ni natta danshi rikujoubu)
2021-12-14 18:27:37,479 (DEBUG): Get Info from structure: (denchi+koukyuu shoufu no baikoku maso-ka choukyou ~juusha baikyaku hen~)
2021-12-14 18:27:38,225 (DEBUG): Get Info from structure: (geewhy+the joy of breeding)
2021-12-14 18:27:38,832 (DEBUG): Get Info from structure: (kuroinu juu+submission-super moon)
2021-12-14 18:27:40,439 (DEBUG): Get Info from structure: (milftoon+the milftoons)
2021-12-14 18:27:41,611 (DEBUG): Get Info from structure: (gonza+av mama)
2021-12-14 18:27:42,299 (DEBUG): Get Info from structure: (inoue nanaki+kuro mesu benjiyo-ka! asekusai asurito-kei osananajimi)
2021-12-14 18:27:42,593 (DEBUG): Get Info from structure: (laliberte+challenge)
2021-12-14 18:27:43,284 (DEBUG): Get Info from structure: (igumox+muramata-san no himitsu)
2021-12-14 18:27:44,595 (DEBUG): Get Info from structure: (abubu+npc kan mod)
2021-12-14 18:27:45,793 (DEBUG): Get Info from structure: (hyji+Whore mother)
2021-12-14 18:27:46,365 (DEBUG): Get Info from structure: (minato fumi+chiisana kuma)
2021-12-14 18:27:46,680 (DEBUG): Get Info from structure: (Jii+Share Ni Naranai Eroi Hanashi)
2021-12-14 18:27:48,049 (DEBUG): Get Info from structure: (minority+inkou no vorugasm)
2021-12-14 18:27:48,662 (DEBUG): Get Info from structure: (nozarashi satoru+tabete wa ikenai)
2021-12-14 18:27:52,048 (DEBUG): Get Info from structure: (melkor mancin+Sidney 2)
2021-12-14 18:27:54,016 (DEBUG): Get Info from structure: (benantoka+300th anniversary sex)
2021-12-14 18:27:54,298 (DEBUG): Get Info from structure: (iris art+sei ga buchimakerareta bed sheet)
2021-12-14 18:27:55,283 (DEBUG): Get Info from structure: (cotton house+aya nee ~ubawareta osananajimi~)
2021-12-14 18:27:57,607 (DEBUG): Get Info from structure: (kiyokawa zaidan+while mommy is sleeping)
2021-12-14 18:27:58,634 (DEBUG): Get Info from structure: (doujin mukashibanashi+oba-san to aitsura ga sex o shite ita)
2021-12-14 18:27:59,009 (DEBUG): Get Info from structure: (type 90+animal juice extractor girl)
2021-12-14 18:27:59,326 (DEBUG): Get Info from structure: (inoue nanaki+karada de eigo o oboeyou!)
2021-12-14 18:27:59,583 (DEBUG): Get Info from structure: (neko samurai+souken shimai ~ane torare ~)
2021-12-14 18:28:00,532 (DEBUG): Get Info from structure: (mizuryu kei+Naomi Kaede Wa Majime De Sukebe)
2021-12-14 18:28:01,090 (DEBUG): Get Info from structure: (sanagi torajirou+princess vs gorilla boss)
2021-12-14 18:28:02,112 (DEBUG): Get Info from structure: (toitoi+suzuka choukyou kiroku)
2021-12-14 18:28:03,348 (DEBUG): Get Info from structure: (john k pe-ta+washlet teller toilet spirit)
2021-12-14 18:28:03,672 (DEBUG): Get Info from structure: (Haguhagu+Sasha-chan Is Coming!)
2021-12-14 18:28:07,675 (DEBUG): Get Info from structure: (sugi ji+otome no jouran)
2021-12-14 18:28:09,202 (DEBUG): Get Info from structure: (yokkora+no. 1 girl)
2021-12-14 18:28:09,426 (DEBUG): Get Info from structure: (o.p com+hikari no housoku)
2021-12-14 18:28:09,873 (DEBUG): Get Info from structure: (Dondakei+Fukushuu!! Tenraku Gakuen no Nikubin Hime!!)
2021-12-14 18:28:10,729 (DEBUG): Get Info from structure: (sanagi torajirou+love & less)
2021-12-14 18:28:11,638 (DEBUG): Get Info from structure: (rokkaku yasosuke+keeping himari-san company)
2021-12-14 18:28:11,861 (DEBUG): Get Info from structure: (etsuzan jakusui's stories+etsuzan jakusui's stories)
2021-12-14 18:28:13,830 (DEBUG): Get Info from structure: (jingrock+love letter)
2021-12-14 18:28:14,987 (DEBUG): Get Info from structure: (iku+iro o ou)
2021-12-14 18:28:15,367 (DEBUG): Get Info from structure: (Kkamja+Lightning Rod)
