2021-12-19 15:08:07,547 (INFO): Log Path: D:\Source_Code\Python ++\02. updateComic\log\debug-20211219-1508.07.log
2021-12-19 15:08:09,596 (INFO): Currently Processing image
2021-12-19 15:08:09,596 (INFO): Processing Titles ...
2021-12-19 15:08:11,755 (DEBUG): Get Info from structure: (laliberte+visiting)
2021-12-19 15:08:11,763 (DEBUG): Get Info from structure: (asanagi+girls in the frame)
2021-12-19 15:08:11,771 (DEBUG): Get Info from structure: (free style+one pii na yoru vip)
2021-12-19 15:08:11,780 (DEBUG): Get Info from structure: (menea the dog+yabaso na onna)
2021-12-19 15:08:11,809 (DEBUG): Get Info from structure: (kizuki rei+Otto Kounin Sex Advisor ni Hamatta Kekka Zenpen)
2021-12-19 15:08:11,820 (DEBUG): Get Info from structure: (suruga kuroitsu's stories+suruga kuroitsu's stories)
2021-12-19 15:08:11,830 (DEBUG): Get Info from structure: (kuro fn+sparta! bakunyu kyouei lesson)
2021-12-19 15:08:11,840 (DEBUG): Get Info from structure: (doskoinpo+ashidorei ni natta danshi rikujoubu)
2021-12-19 15:08:11,850 (DEBUG): Get Info from structure: (denchi+koukyuu shoufu no baikoku maso-ka choukyou ~juusha baikyaku hen~)
2021-12-19 15:08:11,862 (DEBUG): Get Info from structure: (geewhy+the joy of breeding)
2021-12-19 15:08:11,870 (DEBUG): Get Info from structure: (kuroinu juu+submission-super moon)
2021-12-19 15:08:11,878 (DEBUG): Get Info from structure: (milftoon+the milftoons)
2021-12-19 15:08:11,886 (DEBUG): Get Info from structure: (gonza+av mama)
2021-12-19 15:08:11,894 (DEBUG): Get Info from structure: (inoue nanaki+kuro mesu benjiyo-ka! asekusai asurito-kei osananajimi)
2021-12-19 15:08:11,904 (DEBUG): Get Info from structure: (laliberte+challenge)
2021-12-19 15:08:11,913 (DEBUG): Get Info from structure: (igumox+muramata-san no himitsu)
2021-12-19 15:08:11,922 (DEBUG): Get Info from structure: (abubu+npc kan mod)
2021-12-19 15:08:11,929 (DEBUG): Get Info from structure: (hyji+Whore mother)
2021-12-19 15:08:11,939 (DEBUG): Get Info from structure: (minato fumi+chiisana kuma)
2021-12-19 15:08:11,947 (DEBUG): Get Info from structure: (Jii+Share Ni Naranai Eroi Hanashi)
2021-12-19 15:08:11,955 (DEBUG): Get Info from structure: (minority+inkou no vorugasm)
2021-12-19 15:08:11,964 (DEBUG): Get Info from structure: (nozarashi satoru+tabete wa ikenai)
2021-12-19 15:08:11,971 (DEBUG): Get Info from structure: (melkor mancin+Sidney 2)
2021-12-19 15:08:11,980 (DEBUG): Get Info from structure: (benantoka+300th anniversary sex)
2021-12-19 15:08:11,991 (DEBUG): Get Info from structure: (iris art+sei ga buchimakerareta bed sheet)
2021-12-19 15:08:11,998 (DEBUG): Get Info from structure: (cotton house+aya nee ~ubawareta osananajimi~)
2021-12-19 15:08:12,006 (DEBUG): Get Info from structure: (kiyokawa zaidan+while mommy is sleeping)
2021-12-19 15:08:12,013 (DEBUG): Get Info from structure: (doujin mukashibanashi+oba-san to aitsura ga sex o shite ita)
2021-12-19 15:08:12,023 (DEBUG): Get Info from structure: (type 90+animal juice extractor girl)
2021-12-19 15:08:12,032 (DEBUG): Get Info from structure: (inoue nanaki+karada de eigo o oboeyou!)
2021-12-19 15:08:12,040 (DEBUG): Get Info from structure: (neko samurai+souken shimai ~ane torare ~)
2021-12-19 15:08:12,049 (DEBUG): Get Info from structure: (mizuryu kei+Naomi Kaede Wa Majime De Sukebe)
2021-12-19 15:08:12,056 (DEBUG): Get Info from structure: (sanagi torajirou+princess vs gorilla boss)
2021-12-19 15:08:12,065 (DEBUG): Get Info from structure: (toitoi+suzuka choukyou kiroku)
2021-12-19 15:08:12,072 (DEBUG): Get Info from structure: (john k pe-ta+washlet teller toilet spirit)
2021-12-19 15:08:12,080 (DEBUG): Get Info from structure: (Haguhagu+Sasha-chan Is Coming!)
2021-12-19 15:08:12,088 (DEBUG): Get Info from structure: (sugi ji+otome no jouran)
2021-12-19 15:08:12,096 (DEBUG): Get Info from structure: (yokkora+no. 1 girl)
2021-12-19 15:08:12,104 (DEBUG): Get Info from structure: (o.p com+hikari no housoku)
2021-12-19 15:08:12,112 (DEBUG): Get Info from structure: (Dondakei+Fukushuu!! Tenraku Gakuen no Nikubin Hime!!)
2021-12-19 15:08:12,120 (DEBUG): Get Info from structure: (sanagi torajirou+love & less)
2021-12-19 15:08:12,128 (DEBUG): Get Info from structure: (rokkaku yasosuke+keeping himari-san company)
2021-12-19 15:08:12,136 (DEBUG): Get Info from structure: (etsuzan jakusui's stories+etsuzan jakusui's stories)
2021-12-19 15:08:12,145 (DEBUG): Get Info from structure: (jingrock+love letter)
2021-12-19 15:08:12,153 (DEBUG): Get Info from structure: (iku+iro o ou)
2021-12-19 15:08:12,161 (DEBUG): Get Info from structure: (Kkamja+Lightning Rod)
2021-12-19 15:08:12,184 (DEBUG): Get Info from structure: (gorgonzola+Who Cares About Kurata)
2021-12-19 15:08:12,192 (DEBUG): Get Info from structure: (yamakumo+sex o sureba erai you na fuuchou)
2021-12-19 15:08:12,201 (DEBUG): Get Info from structure: (Meetban+Neckless)
2021-12-19 15:08:12,212 (DEBUG): Get Info from structure: (mizuryu kei+Maria-sama Ga Miteru Baishun)
2021-12-19 15:08:12,223 (DEBUG): Get Info from structure: (inoue nanaki+joshiki kaihen saimin kuro ochi iincho)
2021-12-19 15:08:12,236 (DEBUG): Get Info from structure: (dsan+perverted)
2021-12-19 15:08:12,246 (DEBUG): Get Info from structure: (mizuryu kei+gts - great teacher sayoko)
2021-12-19 15:08:12,256 (DEBUG): Get Info from structure: (ootsuka reika+arisa's bitch project)
2021-12-19 15:08:12,267 (DEBUG): Get Info from structure: (jinsuke+mesu kachou jogeza gaiden - kunoo shizuka no baai)
2021-12-19 15:08:12,278 (DEBUG): Get Info from structure: (Miharu+Hikkikomori Ojousama No Betabeta)
2021-12-19 15:08:12,288 (DEBUG): Get Info from structure: (shindo l+fragile and tough)
2021-12-19 15:08:12,298 (DEBUG): Get Info from structure: (miyamoto issa+heart mark oome)
2021-12-19 15:08:12,308 (DEBUG): Get Info from structure: (meme50+take us away)
2021-12-19 15:08:12,318 (DEBUG): Get Info from structure: (gonza+lustful treatment)
2021-12-19 15:08:12,327 (DEBUG): Get Info from structure: (asakura kukuri+Ochiba Tori)
2021-12-19 15:08:12,337 (DEBUG): Get Info from structure: (kuroiwa menou+incubus)
2021-12-19 15:08:12,347 (DEBUG): Get Info from structure: (yumano yuuki+midsummer tryst)
2021-12-19 15:08:12,357 (DEBUG): Get Info from structure: (shinozuka yuuji+ore ga mita koto no nai kanojo)
2021-12-19 15:08:12,367 (DEBUG): Get Info from structure: (zaidan kiyokawa+settle it with mom)
2021-12-19 15:08:12,377 (DEBUG): Get Info from structure: (tamagoro+sex duty)
2021-12-19 15:08:12,386 (DEBUG): Get Info from structure: (tamagoro+hametomo collection)
2021-12-19 15:08:12,397 (DEBUG): Get Info from structure: (nyuu+kyuu kousha ura bunkasai #1 -totsuzen no shoutai-)
2021-12-19 15:08:12,406 (DEBUG): Get Info from structure: (tsuzura kuzukago+gibo to futari de kurashitara)
2021-12-19 15:08:12,417 (DEBUG): Get Info from structure: (sengoku-kun+pretty cool)
2021-12-19 15:08:12,427 (DEBUG): Get Info from structure: (suruga kuroitsu+the abcs of interviewing)
2021-12-19 15:08:12,437 (DEBUG): Get Info from structure: (ryoji+inakax)
2021-12-19 15:08:12,448 (DEBUG): Get Info from structure: (motomushi+Hanareta Tokoro kara Yarimakuri!)
2021-12-19 15:08:12,458 (DEBUG): Get Info from structure: (sanbaizu+kazoku haisetsu)
2021-12-19 15:08:12,469 (DEBUG): Get Info from structure: (emori uki+Oba-chan No Waki To Ase To Etc)
2021-12-19 15:08:12,480 (DEBUG): Get Info from structure: (ironwolf+a villian's bitch)
2021-12-19 15:08:12,489 (DEBUG): Get Info from structure: (aya shachou+aya shachou's stories)
2021-12-19 15:08:12,499 (DEBUG): Get Info from structure: (pija+aru atsui hi no futari)
2021-12-19 15:08:12,511 (DEBUG): Get Info from structure: (sawaragi+kaihou tokku gakuen seikatsu)
2021-12-19 15:08:12,521 (DEBUG): Get Info from structure: (oosawara sadao+ore no kanojo wa hamedori jk ~koukai bokki o soete~)
2021-12-19 15:08:12,532 (DEBUG): Get Info from structure: (atage+ore no imouto ga oji-san no onaho ni naru to iidashita!!)
2021-12-19 15:08:12,542 (DEBUG): Get Info from structure: (dam+pretend resistance)
2021-12-19 15:08:12,552 (DEBUG): Get Info from structure: (cotton house+boku no jiman no kanojo ga netoraremashite)
2021-12-19 15:08:12,562 (DEBUG): Get Info from structure: (tamagoro+toshiue no kareshi dekichaimashita)
2021-12-19 15:08:12,572 (DEBUG): Get Info from structure: (arai kei+Boku Wa Kanojo No Namae Mo Shiranai)
2021-12-19 15:08:12,582 (DEBUG): Get Info from structure: (type 90+bitch livestock market)
2021-12-19 15:08:12,592 (DEBUG): Get Info from structure: (mizone+jikyuu 1500 yen!! gyogyou o tetsudau kantan na oshigoto desu)
2021-12-19 15:08:12,602 (DEBUG): Get Info from structure: (arai kei+hougan kanojo)
2021-12-19 15:08:12,612 (DEBUG): Get Info from structure: (henkuma+fall! sticky education!)
2021-12-19 15:08:12,626 (DEBUG): Get Info from structure: (milftoon+iron giantits)
2021-12-19 15:08:12,637 (DEBUG): Get Info from structure: (surumenium+enkou oji-san monogatari kuro gal bitch hen)
2021-12-19 15:08:12,649 (DEBUG): Get Info from structure: (tamagoro+thank you very bitch)
2021-12-19 15:08:12,658 (DEBUG): Get Info from structure: (tsukino jyogi+inshuu no toriko)
2021-12-19 15:08:12,668 (DEBUG): Get Info from structure: (arai kei+The Care And Feeding Of Childhood Friends)
2021-12-19 15:08:12,680 (DEBUG): Get Info from structure: (jyura+chibiusa)
2021-12-19 15:08:12,690 (DEBUG): Get Info from structure: (doujin mukashibanashi+musume ga furyou ni otosareteita)
2021-12-19 15:08:12,701 (DEBUG): Get Info from structure: (kira hiroyoshi+chijo wakusei)
2021-12-19 15:08:12,710 (DEBUG): Get Info from structure: (jinsuke+joshi athlete saiminkan joshi wrestling hen)
2021-12-19 15:08:12,720 (DEBUG): Get Info from structure: (hyji+hot for egoistic teacher)
2021-12-19 15:08:12,730 (DEBUG): Get Info from structure: (laliberte+fake love)
2021-12-19 15:08:12,741 (DEBUG): Get Info from structure: (lunch+shochuu kaika)
2021-12-19 15:08:12,752 (DEBUG): Get Info from structure: (Mizuryu Kei+Uchi no Kazoku no Fashion ga Okashii)
2021-12-19 15:08:12,761 (DEBUG): Get Info from structure: (jinsuke+mesu kachou jogeza)
2021-12-19 15:08:12,771 (DEBUG): Get Info from structure: (gonza+Sensei Wa Seiyoku O Osaerarenai)
2021-12-19 15:08:12,785 (DEBUG): Get Info from structure: (Minority+Subete ga M ni Naru)
2021-12-19 15:08:12,795 (DEBUG): Get Info from structure: (ootori mahiro+seieki jaguchi)
2021-12-19 15:08:12,804 (DEBUG): Get Info from structure: (murata+Bijin Onna Joushi O Yaru!)
2021-12-19 15:08:12,817 (DEBUG): Get Info from structure: (tsusauto+mikonjo no shounengari)
2021-12-19 15:08:12,828 (DEBUG): Get Info from structure: (benantoka+sick yank)
2021-12-19 15:08:12,838 (DEBUG): Get Info from structure: (alp+hoshizora ...line)
2021-12-19 15:08:12,848 (DEBUG): Get Info from structure: (mizuryu kei+mc gakuen)
2021-12-19 15:08:12,859 (DEBUG): Get Info from structure: (sanagi torajiro+otoguro miya no oasobi)
2021-12-19 15:08:12,870 (DEBUG): Get Info from structure: (shindo l+darenashi)
2021-12-19 15:08:12,880 (DEBUG): Get Info from structure: (shindo l+shindol no bunka jinruigaku)
2021-12-19 15:08:12,891 (DEBUG): Get Info from structure: (nagare ippon+yuri kan plus kanyou shoujo)
2021-12-19 15:08:12,902 (DEBUG): Get Info from structure: (kawaisaw+taima no haha)
2021-12-19 15:08:12,914 (DEBUG): Get Info from structure: (ntrman+awakening of a goddess)
2021-12-19 15:08:12,923 (DEBUG): Get Info from structure: (cuzukago+boku no kaa-san wa av joyuu)
2021-12-19 15:08:12,932 (DEBUG): Get Info from structure: (meme 50+handwriting)
2021-12-19 15:08:12,943 (DEBUG): Get Info from structure: (bota mochito+lots of sex with a dead lay maid)
2021-12-19 15:08:12,954 (DEBUG): Get Info from structure: (danimaru+suteneko kanojo)
2021-12-19 15:08:12,964 (DEBUG): Get Info from structure: (toguchi masaya+wotome haha)
2021-12-19 15:08:12,973 (DEBUG): Get Info from structure: (gonza+musuko ni matagaru hi ~haha to musuko no hamedori kiroku~)
2021-12-19 15:08:12,982 (DEBUG): Get Info from structure: (climbcrown+Nakadashi Oji-san ni Nerawareta Mesu wa Nigeru Koto ga Dekinai)
2021-12-19 15:08:12,993 (DEBUG): Get Info from structure: (hirune+let's play a whole lot!)
2021-12-19 15:08:13,004 (DEBUG): Get Info from structure: (rocket monkey+hitozuma wa yoru ni naku)
2021-12-19 15:08:13,015 (DEBUG): Get Info from structure: (minority+hanabi)
2021-12-19 15:08:13,026 (DEBUG): Get Info from structure: (hal+shumiya kurumi muki choueki)
2021-12-19 15:08:13,036 (DEBUG): Get Info from structure: (kurosu gatari's stories+kurosu gatari's stories)
2021-12-19 15:08:13,046 (DEBUG): Get Info from structure: (butcha-u+Dirty Docking)
2021-12-19 15:08:13,059 (DEBUG): Get Info from structure: (sagattoru+overheat)
2021-12-19 15:08:13,071 (DEBUG): Get Info from structure: (jabcomix+keeping it up with the joneses)
2021-12-19 15:08:13,082 (DEBUG): Get Info from structure: (kirisaki byakko+echidna-sama no himatsubushi)
2021-12-19 15:08:13,093 (DEBUG): Get Info from structure: (sakurayu hal+musume nochi haha, tokoroniyori shunrai kouhen)
2021-12-19 15:08:13,104 (DEBUG): Get Info from structure: (arai kei+Gunjo Gunzo)
2021-12-19 15:08:13,115 (DEBUG): Get Info from structure: (sugoi hi+mahou shoujo kyousei zecchou)
2021-12-19 15:08:13,125 (DEBUG): Get Info from structure: (Kunaboto+Pussy Cat)
2021-12-19 15:08:13,137 (DEBUG): Get Info from structure: (milftoon+birthday boy)
2021-12-19 15:08:13,148 (DEBUG): Get Info from structure: (sahara wataru+saboten campus)
2021-12-19 15:08:13,159 (DEBUG): Get Info from structure: (fuetakishi+wakiwaki sports!)
2021-12-19 15:08:13,171 (DEBUG): Get Info from structure: (ken+Ahen-ki!)
2021-12-19 15:08:13,181 (DEBUG): Get Info from structure: (meme 50+to steal or to be stolen!)
2021-12-19 15:08:13,191 (DEBUG): Get Info from structure: (tsukino jyogi+okaltic 69)
2021-12-19 15:08:13,200 (DEBUG): Get Info from structure: (jyura+sister complex)
2021-12-19 15:08:13,210 (DEBUG): Get Info from structure: (shindo l+moroku gankyou ni)
2021-12-19 15:08:13,223 (DEBUG): Get Info from structure: (meme50+heat alert)
2021-12-19 15:08:13,233 (DEBUG): Get Info from structure: (kizuki rei+Family Plan)
2021-12-19 15:08:13,243 (DEBUG): Get Info from structure: (jabcomix+fucking possible)
2021-12-19 15:08:13,253 (DEBUG): Get Info from structure: (jingrock's jk stories+jingrock's jk stories)
2021-12-19 15:08:13,265 (DEBUG): Get Info from structure: (mizuryu kei+Mitsubachi No Yakata Nigou-kan Seventh Heaven-ten)
2021-12-19 15:08:13,274 (DEBUG): Get Info from structure: (Hitagiri+Pizza to Shoujuu)
2021-12-19 15:08:13,284 (DEBUG): Get Info from structure: (freedom prophet+okujou club)
2021-12-19 15:08:13,294 (DEBUG): Get Info from structure: (nakayama tetsugaku+bakunyuu sphinx to itsumo no riddle)
2021-12-19 15:08:13,305 (DEBUG): Get Info from structure: (myamoto issa+itoshi no onii-sama lilim's gaiden)
2021-12-19 15:08:13,313 (DEBUG): Get Info from structure: (minority+Wakame-sensei do your best)
2021-12-19 15:08:13,324 (DEBUG): Get Info from structure: (jingrock's ub stories+jingrock's ub stories)
2021-12-19 15:08:13,335 (DEBUG): Get Info from structure: (kakugari kyoudai+Nippon Sweet Pig)
2021-12-19 15:08:13,344 (DEBUG): Get Info from structure: (rihito akane+htsk)
2021-12-19 15:08:13,354 (DEBUG): Get Info from structure: (kurono taitsu+babaa-domo aite ni harem sex shite mitara omoinohoka tanoshikatta)
2021-12-19 15:08:13,365 (DEBUG): Get Info from structure: (ibuki+sayuki onee-san wa gaman ga dekinai)
2021-12-19 15:08:13,378 (DEBUG): Get Info from structure: (tanaka-ex+toki to meki - tomatta sekai de majiwaru toiki -)
2021-12-19 15:08:13,390 (DEBUG): Get Info from structure: (juna juna juice+seiyoku ni katenai android)
2021-12-19 15:08:13,400 (DEBUG): Get Info from structure: (Ichinose Land+Zako Succubus-chan wa Semen ga Hoshii no!)
2021-12-19 15:08:13,410 (DEBUG): Get Info from structure: (gengorou+the xian and i)
2021-12-19 15:08:13,420 (DEBUG): Get Info from structure: (etuzan jakusui+one room bloom)
2021-12-19 15:08:13,433 (DEBUG): Get Info from structure: (gonza+Nonfiction ~boshi Soukan No Kioku~)
2021-12-19 15:08:13,443 (DEBUG): Get Info from structure: (ken+my personal big breasted masturbation maid)
2021-12-19 15:08:13,456 (DEBUG): Get Info from structure: (manga jigoku+summer experience)
2021-12-19 15:08:13,465 (DEBUG): Get Info from structure: (akigami satoru+be careful of trial hypnosis!)
2021-12-19 15:08:13,494 (DEBUG): Get Info from structure: (gonza+Prim And Proper Girlfriend's Steamy Libido)
2021-12-19 15:08:13,504 (DEBUG): Get Info from structure: (arai kei+Shushou Wa Renshuu Ga Shitai!)
2021-12-19 15:08:13,513 (DEBUG): Get Info from structure: (risei+otorisousakan chijoku no shikyuu moro dashi dancer)
2021-12-19 15:08:13,523 (DEBUG): Get Info from structure: (o.p com+satomori haira inpouchou)
2021-12-19 15:08:13,534 (DEBUG): Get Info from structure: (mizuryu kei+Captain Marine Wants to be Raped in a Non-Consensual Manner)
2021-12-19 15:08:13,543 (DEBUG): Get Info from structure: (minazuki mikka+tsuma o fuuzokujou ni shite wa naranai kore dake no riyuu)
2021-12-19 15:08:13,552 (DEBUG): Get Info from structure: (sueyuu+tsuma omoi, netorase)
2021-12-19 15:08:13,563 (DEBUG): Get Info from structure: (takemasa takeshi+relaxation)
2021-12-19 15:08:13,572 (DEBUG): Get Info from structure: (minority+twilight volgasm)
2021-12-19 15:08:13,582 (DEBUG): Get Info from structure: (doujin mukashibanashi+okaa-san to class no yarichin ga)
2021-12-19 15:08:13,594 (DEBUG): Get Info from structure: (kitani sai+chuutte shite)
2021-12-19 15:08:13,607 (DEBUG): Get Info from structure: (kuro fn+mesubuta ian shoukou hairde)
2021-12-19 15:08:13,619 (DEBUG): Get Info from structure: (Koorizu+Onedari Rio-chan)
2021-12-19 15:08:13,628 (DEBUG): Get Info from structure: (gonza+sexy chinese courtship technique)
2021-12-19 15:08:13,637 (DEBUG): Get Info from structure: (sanagi torajirou's stories+sanagi torajirou's stories)
2021-12-19 15:08:13,647 (DEBUG): Get Info from structure: (shinozuka yuuji+hitozuma life one time gal)
2021-12-19 15:08:13,658 (DEBUG): Get Info from structure: (urakan+makezugirai no kyouko-san)
2021-12-19 15:08:13,669 (DEBUG): Get Info from structure: (ikematsu+cool break)
2021-12-19 15:08:13,677 (DEBUG): Get Info from structure: (shindo l+this ojou-sama's in trouble! i've got to do something)
2021-12-19 15:08:13,687 (DEBUG): Get Info from structure: (kiliu+niizuma no arai-san)
2021-12-19 15:08:13,698 (DEBUG): Get Info from structure: (melkor mancin+Janice Cabin Fever)
2021-12-19 15:08:13,708 (DEBUG): Get Info from structure: (jyura+osanajimi no mama)
2021-12-19 15:08:13,717 (DEBUG): Get Info from structure: (sugiji's stories+sugiji's stories)
2021-12-19 15:08:13,727 (DEBUG): Get Info from structure: (nakani+mukashi wa kawaikatta)
2021-12-19 15:08:13,737 (DEBUG): Get Info from structure: (tamagoro+doutei danshi kousei iinkai)
2021-12-19 15:08:13,746 (DEBUG): Get Info from structure: (bokujou nushi k+kazoku no katachi)
2021-12-19 15:08:13,756 (DEBUG): Get Info from structure: (ntrman+short comic#8 breeding program)
2021-12-19 15:08:13,768 (DEBUG): Get Info from structure: (nanashi+lady yupiel's servant)
2021-12-19 15:08:13,781 (DEBUG): Get Info from structure: (shiwasu no okina+pisu hame)
2021-12-19 15:08:13,791 (DEBUG): Get Info from structure: (inoue kiyoshirou+houshi iin no oshigoto)
2021-12-19 15:08:13,802 (DEBUG): Get Info from structure: (2t+sakusei toshi elosion - sex paradise city elosion)
2021-12-19 15:08:13,812 (DEBUG): Get Info from structure: (matou+kono takerikuruu kono mi ni gouin wo!)
2021-12-19 15:08:13,822 (DEBUG): Get Info from structure: (shimoyama giruko+netorare jukubo no tsuyameki)
2021-12-19 15:08:13,831 (DEBUG): Get Info from structure: (ohkura kazuya+natsuyasumi no omoide joukan)
2021-12-19 15:08:13,841 (DEBUG): Get Info from structure: (b.b.t.t.+takabisha elf kyousei konin!!)
2021-12-19 15:08:13,851 (DEBUG): Get Info from structure: (senke kagero+petit heaven)
2021-12-19 15:08:13,865 (DEBUG): Get Info from structure: (benantoka+my beloved kouhai)
2021-12-19 15:08:13,874 (DEBUG): Get Info from structure: (sanagi torajirou+utakata omoi)
2021-12-19 15:08:13,884 (DEBUG): Get Info from structure: (zakotsu+mitsumete tai)
2021-12-19 15:08:13,895 (DEBUG): Get Info from structure: (haison+sanzou and her horse)
2021-12-19 15:08:13,905 (DEBUG): Get Info from structure: (unou+tsuyoi otoko ni naritakute)
2021-12-19 15:08:13,914 (DEBUG): Get Info from structure: (dining+medaka the end)
2021-12-19 15:08:13,924 (DEBUG): Get Info from structure: (Ail+Boku Ni Sefri Ga Dekita Riyuu)
2021-12-19 15:08:13,934 (DEBUG): Get Info from structure: (mizuryu kei+souma souko no nichijou)
2021-12-19 15:08:13,945 (DEBUG): Get Info from structure: (pururin+one pii na yoru vip)
2021-12-19 15:08:13,954 (DEBUG): Get Info from structure: (-+see me after class)
2021-12-19 15:08:13,964 (DEBUG): Get Info from structure: (Arai Taiki+Kahanshin Daiichi Shugi)
2021-12-19 15:08:13,974 (DEBUG): Get Info from structure: (menea the dog+mizuha ni oshioki!)
2021-12-19 15:08:13,985 (DEBUG): Get Info from structure: (freehand tamashii+Muchi-muchi Kyojo No Oba-chan To Eroi Koto Suru Ze!)
2021-12-19 15:08:13,994 (DEBUG): Get Info from structure: (otochichi+Bizzare! The Hole Woman)
2021-12-19 15:08:14,004 (DEBUG): Get Info from structure: (takashiro go-ya+kimi no hitomi ni koishiteru)
2021-12-19 15:08:14,014 (DEBUG): Get Info from structure: (minority+queen b no halloween)
2021-12-19 15:08:14,024 (DEBUG): Get Info from structure: (melkor mancin+Slutty Misty)
2021-12-19 15:08:14,032 (DEBUG): Get Info from structure: (henrik+rin no inran funtouki)
2021-12-19 15:08:14,042 (DEBUG): Get Info from structure: (etuzan jakusui+hitozuma nanpa ntr onsen - ryokousaki de nakayoku tanetsuke saremashita)
2021-12-19 15:08:14,052 (DEBUG): Get Info from structure: (Alice Crazy+A Pervert's Daily Life)
2021-12-19 15:08:14,079 (DEBUG): Get Info from structure: (miyamoto issa+hitohada to yukidoke)
2021-12-19 15:08:14,088 (DEBUG): Get Info from structure: (izayoi no kiki+share collection)
2021-12-19 15:08:14,098 (DEBUG): Get Info from structure: (ikoma ippei+caster ayako kanzenban)
2021-12-19 15:08:14,108 (DEBUG): Get Info from structure: (-+mrt ntr martina netorare)
2021-12-19 15:08:14,118 (DEBUG): Get Info from structure: (minority+pure love orgasm)
2021-12-19 15:08:14,127 (DEBUG): Get Info from structure: (Dokurosan+Mifune Miyu no Dosukebe Enkaigei)
2021-12-19 15:08:14,137 (DEBUG): Get Info from structure: (john k pe-ta+houkago barabara jiken)
2021-12-19 15:08:14,146 (DEBUG): Get Info from structure: (kishizuka kenji+sex education)
2021-12-19 15:08:14,156 (DEBUG): Get Info from structure: (densuke+bukiyou crossing)
2021-12-19 15:08:14,165 (DEBUG): Get Info from structure: (mikawaya+class caste joui no gal ga layer datta ken)
2021-12-19 15:08:14,175 (DEBUG): Get Info from structure: (bonske+sono kuchi to shita de subete o uketomenasai)
2021-12-19 15:08:14,185 (DEBUG): Get Info from structure: (arai kei+Otonari-san Wa Koi Wazurai)
2021-12-19 15:08:14,194 (DEBUG): Get Info from structure: (ken sogen+better than sex)
2021-12-19 15:08:14,204 (DEBUG): Get Info from structure: (zephyros+live)
2021-12-19 15:08:14,214 (DEBUG): Get Info from structure: (etori yuuya+ore ga saimin appli de mesu ni naru wake nai daro!)
2021-12-19 15:08:14,224 (DEBUG): Get Info from structure: (kiliu+ike! seijun gakuen ero-mangabu)
2021-12-19 15:08:14,234 (DEBUG): Get Info from structure: (horitomo+monmusu hentai appli de go!)
2021-12-19 15:08:14,245 (DEBUG): Get Info from structure: (fan no hitori+sennen reijou ~ my lady, my master ~)
2021-12-19 15:08:14,255 (DEBUG): Get Info from structure: (inoue nanaki+teishuku tsuma no gyaru ochi fuzoku nikki)
2021-12-19 15:08:14,265 (DEBUG): Get Info from structure: (gorgonzola+one day screw)
2021-12-19 15:08:14,275 (DEBUG): Get Info from structure: (Kurosu Gatari+Wild-shiki Nihonjin Tsuma no Netorikata Sono Ni)
2021-12-19 15:08:14,284 (DEBUG): Get Info from structure: (freehand tamashii+While My Wife's Working, I'll Collar Her Mother)
2021-12-19 15:08:14,294 (DEBUG): Get Info from structure: (Jairou+Soto de Shiyou! Futari no Himitsu)
2021-12-19 15:08:14,305 (DEBUG): Get Info from structure: (mizuryu kei+Mercury Shadow)
2021-12-19 15:08:14,315 (DEBUG): Get Info from structure: (jitsuma+boshinication)
2021-12-19 15:08:14,325 (DEBUG): Get Info from structure: (mizuryu kei+Ishoku Bitch To YariCir Seikatsu)
2021-12-19 15:08:14,336 (DEBUG): Get Info from structure: (yakkora+family love play)
2021-12-19 15:08:14,349 (DEBUG): Get Info from structure: (sanagi torajirou+photorare sex & photograph)
2021-12-19 15:08:14,358 (DEBUG): Get Info from structure: (iris art+saki natsumi no shikyuu ga ochita hi)
2021-12-19 15:08:14,368 (DEBUG): Get Info from structure: (kuroinu juu+mesu goblin o dorei ni shimashita)
2021-12-19 15:08:14,378 (DEBUG): Get Info from structure: (nakani+sono ato miru no)
2021-12-19 15:08:14,388 (DEBUG): Get Info from structure: (mameojitan+Ntr Jk)
2021-12-19 15:08:14,399 (DEBUG): Get Info from structure: (Henkuma+Yumemi Riamu wa Dame ni Suru)
2021-12-19 15:08:14,409 (DEBUG): Get Info from structure: (gomu+hypnotized princess)
2021-12-19 15:08:14,420 (DEBUG): Get Info from structure: (Jyura+Necro Fantasia 1)
2021-12-19 15:08:14,429 (DEBUG): Get Info from structure: (Doujin Mukashibanashi+Tsuma ga Hentai no Omocha ni)
2021-12-19 15:08:14,438 (DEBUG): Get Info from structure: (Kyouan+Make Benki w)
2021-12-19 15:08:14,447 (DEBUG): Get Info from structure: (benantoka+Pure Opposite sex companionship)
2021-12-19 15:08:14,456 (DEBUG): Get Info from structure: (pettanp+saimin ochi kyonyuu shimai wa semen ga daisuki)
2021-12-19 15:08:14,466 (DEBUG): Get Info from structure: (oouso+pet or slave!! koyomika's family)
2021-12-19 15:08:14,474 (DEBUG): Get Info from structure: (meme50+hand drawn)
2021-12-19 15:08:14,485 (DEBUG): Get Info from structure: (gorgonzola+Ojisan Biyori)
2021-12-19 15:08:14,495 (DEBUG): Get Info from structure: (Miharu+Saitama Blues)
2021-12-19 15:08:14,505 (DEBUG): Get Info from structure: (hishigata tomaru+oshikake bakunyuu gal harem seikatsu!)
2021-12-19 15:08:14,519 (DEBUG): Get Info from structure: (suihei sen+shiofuki kanrinin masato-kun)
2021-12-19 15:08:14,530 (DEBUG): Get Info from structure: (jitsuma+son swapping)
2021-12-19 15:08:14,541 (DEBUG): Get Info from structure: (ahemaru+slave the blood)
2021-12-19 15:08:14,555 (DEBUG): Get Info from structure: (umi no kyuuban+gal in the country)
2021-12-19 15:08:14,565 (DEBUG): Get Info from structure: (usa+when she smiled at me)
2021-12-19 15:08:14,577 (DEBUG): Get Info from structure: (nishiarai+obasan no panti kaburu)
2021-12-19 15:08:14,588 (DEBUG): Get Info from structure: (type 90+the three little masturbator pigs)
2021-12-19 15:08:14,597 (DEBUG): Get Info from structure: (jyura+sailor moon (30))
2021-12-19 15:08:14,609 (DEBUG): Get Info from structure: (miyamoto issa+love story)
2021-12-19 15:08:14,619 (DEBUG): Get Info from structure: (Abubu+Kinjo no Onnatachi ga Nazeka Ore no Ie no Furo ni Hairi ni Kuru Ken)
2021-12-19 15:08:14,628 (DEBUG): Get Info from structure: (irotenya+mahouyaku no zairyou)
2021-12-19 15:08:14,638 (DEBUG): Get Info from structure: (seidenki+namaiki na ane ni ikisugita itazura)
2021-12-19 15:08:14,647 (DEBUG): Get Info from structure: (jairou+seikyouiku wa rankou de)
2021-12-19 15:08:14,656 (DEBUG): Get Info from structure: (mizone+welcome to the demi-human medical center)
2021-12-19 15:08:14,667 (DEBUG): Get Info from structure: (aho+oni gal ni shiborarechaimashita)
2021-12-19 15:08:14,678 (DEBUG): Get Info from structure: (heiqing langjun+hyakkasou -gejo botan no yuuutsu-)
2021-12-19 15:08:14,690 (DEBUG): Get Info from structure: (kuromotokun+jc chikan de seikyouiku)
2021-12-19 15:08:14,699 (DEBUG): Get Info from structure: (henriku+rin no inran funtouki)
2021-12-19 15:08:14,709 (DEBUG): Get Info from structure: (Arai Kei+Boku No Kanojo)
2021-12-19 15:08:14,720 (DEBUG): Get Info from structure: (hase tsubura+boku no hentai okaa-san)
2021-12-19 15:08:14,731 (DEBUG): Get Info from structure: (gonza+how to use your cock sleeve)
2021-12-19 15:08:14,741 (DEBUG): Get Info from structure: (indo curry+sexliner de go!)
2021-12-19 15:08:14,752 (DEBUG): Get Info from structure: (shindo l+senjou no hana)
2021-12-19 15:08:14,762 (DEBUG): Get Info from structure: (Meeo+Suki Araba Kareshi no Seiheki o Yugametai!)
2021-12-19 15:08:14,773 (DEBUG): Get Info from structure: (lunaluku+sca sis)
2021-12-19 15:08:14,785 (DEBUG): Get Info from structure: (shinozuka yuuji's stories+shinozuka yuuji's stories)
2021-12-19 15:08:14,798 (DEBUG): Get Info from structure: (Gonza+Mayonaka No Haha)
2021-12-19 15:08:14,808 (DEBUG): Get Info from structure: (tamagoro+jk-enko)
2021-12-19 15:08:14,818 (DEBUG): Get Info from structure: (Hatoba Akane+Touma Senki Cecilia)
2021-12-19 15:08:14,830 (DEBUG): Get Info from structure: (kuroinu juu's non-sailor stories+kuroinu juu's non-sailor stories)
2021-12-19 15:08:14,845 (DEBUG): Get Info from structure: (gonza+nana-san's temptation strategy)
2021-12-19 15:08:14,855 (DEBUG): Get Info from structure: (mon-petit+natsu ga owaru)
2021-12-19 15:08:14,866 (DEBUG): Get Info from structure: (type 90+shameless livestock sisters)
2021-12-19 15:08:14,878 (DEBUG): Get Info from structure: (shiki hanana+mama ni okorare nagara suru sex)
2021-12-19 15:08:14,888 (DEBUG): Get Info from structure: (Meishi Shinja+Sennou Zumi! Seishori Cheerleading-bu)
2021-12-19 15:08:14,897 (DEBUG): Get Info from structure: (denchi+mitsugi maso otoshi daisakusen! ~fashion circle no shikin choutatsuhou~)
2021-12-19 15:08:14,908 (DEBUG): Get Info from structure: (anthology+tabete wa ikenai 4)
2021-12-19 15:08:14,919 (DEBUG): Get Info from structure: (benantoka+slut exposure festival)
2021-12-19 15:08:14,928 (DEBUG): Get Info from structure: (kiyokawa zaidan+ojii-chan toha haiccha dame yo!)
2021-12-19 15:08:14,938 (DEBUG): Get Info from structure: (azukiko+Boku No Mamakatsu!)
2021-12-19 15:08:14,951 (DEBUG): Get Info from structure: (dozamura+katekyo-saki no loli twinte ga bitch na ueni s ni mezamete komaru)
2021-12-19 15:08:14,962 (DEBUG): Get Info from structure: (nagi ichi+Tonikaku Ore Wa Otokonoko Erufu To Ecchi Ga Shitainda!!)
2021-12-19 15:08:14,977 (DEBUG): Get Info from structure: (alansmithee+the cure for sexlessness)
2021-12-19 15:08:14,987 (DEBUG): Get Info from structure: (alp+melty limit)
2021-12-19 15:08:14,997 (DEBUG): Get Info from structure: (hana hook+nekura shounen no fukushuu harem choukyou keikaku)
2021-12-19 15:08:15,007 (DEBUG): Get Info from structure: (Watanabe Kenpo+Tonari No Bitch Nee-chan)
2021-12-19 15:08:15,018 (DEBUG): Get Info from structure: (chirumakuro+i'll squeeze you with these)
2021-12-19 15:08:15,028 (DEBUG): Get Info from structure: (herio+sukoshi wa ganbare! meina-chan)
2021-12-19 15:08:15,038 (DEBUG): Get Info from structure: (kuromotokun+jc rachitte seikyouiku)
2021-12-19 15:08:15,048 (DEBUG): Get Info from structure: (Maimu-Maimu+Kyouko Sensei to Boku no Himitsu)
2021-12-19 15:08:15,057 (DEBUG): Get Info from structure: (benantoka+My Dreamy Delinquent Wife)
2021-12-19 15:08:15,067 (DEBUG): Get Info from structure: (melkor mancin+Slutty Violet)
2021-12-19 15:08:15,076 (DEBUG): Get Info from structure: (miharu+kurohada no nioi)
2021-12-19 15:08:15,087 (DEBUG): Get Info from structure: (amatake akewo+magical girl fuck)
2021-12-19 15:08:15,100 (DEBUG): Get Info from structure: (dam+lina-sama goes nuts)
2021-12-19 15:08:15,111 (DEBUG): Get Info from structure: (kawaisaw+kore, haha desu)
2021-12-19 15:08:15,121 (DEBUG): Get Info from structure: (freehand tamasshii+Shin Mama O Netoruze!)
2021-12-19 15:08:15,132 (DEBUG): Get Info from structure: (jyura+school fuuzoku)
2021-12-19 15:08:15,140 (DEBUG): Get Info from structure: (sengoku-kun+kaeru desuga, nanika)
2021-12-19 15:08:15,151 (DEBUG): Get Info from structure: (kurosu gatari+seika jogakuin koutoubu kounin sao oji-san)
2021-12-19 15:08:15,163 (DEBUG): Get Info from structure: (yakkora+fortune partner)
2021-12-19 15:08:15,172 (DEBUG): Get Info from structure: (jingrock+tenkousei jk elf -houkago choukyou jugyou-)
2021-12-19 15:08:15,181 (DEBUG): Get Info from structure: (sink+haha wa buzama ni koshi o furu ~gogo no seibo-tachi~)
2021-12-19 15:08:15,193 (DEBUG): Get Info from structure: (nayuzaki natsumi+ochiru hana)
2021-12-19 15:08:15,204 (DEBUG): Get Info from structure: (sunagawa tara+tokyo charisma koushuu benjo)
2021-12-19 15:08:15,215 (DEBUG): Get Info from structure: (hiyoshi hana+jojou no kemono lyrical beast)
2021-12-19 15:08:15,224 (DEBUG): Get Info from structure: (type 90+nishinomiya-senpai's secret training)
2021-12-19 15:08:15,235 (DEBUG): Get Info from structure: (tamagoro+having xxx with the one i love)
2021-12-19 15:08:15,246 (DEBUG): Get Info from structure: (mizuryu kei+Touken Danshi Tabehoudai)
2021-12-19 15:08:15,256 (DEBUG): Get Info from structure: (kakutou oukoku+chop stick)
2021-12-19 15:08:15,266 (DEBUG): Get Info from structure: (otochichi+smoochy women's blowjobs)
2021-12-19 15:08:15,276 (DEBUG): Get Info from structure: (imazon+otouto no koibito ga mukashi choukyou shita motokano datta)
2021-12-19 15:08:15,287 (DEBUG): Get Info from structure: (freehand tamashii+aorare tsuma)
2021-12-19 15:08:15,296 (DEBUG): Get Info from structure: (Dokurosan+Sasaki Chie to Saimin Dosukebe Higaisha no Kai)
2021-12-19 15:08:15,308 (DEBUG): Get Info from structure: (mizuryu kei+Oideyo! Mizuryu Kei Land)
2021-12-19 15:08:15,320 (DEBUG): Get Info from structure: (navier haruka 2t+nuruneba swimmer!!)
2021-12-19 15:08:15,330 (DEBUG): Get Info from structure: (yokkora+sexy my true self)
2021-12-19 15:08:15,340 (DEBUG): Get Info from structure: (agobitch nee-san+Hataraku Onee-san-tachi ~Mikonritsu no Takai Machi de Hataraku Tokoya no Onee-san ni Okuchi de Shiborareru~)
2021-12-19 15:08:15,349 (DEBUG): Get Info from structure: (minamida usuke+home of seclusion)
2021-12-19 15:08:15,360 (DEBUG): Get Info from structure: (benantoka+muscle love class change)
2021-12-19 15:08:15,370 (DEBUG): Get Info from structure: (Nakani+Chikubeam! Bibibibibi!!)
2021-12-19 15:08:15,380 (DEBUG): Get Info from structure: (jinsuke+mesu kyoushi)
2021-12-19 15:08:15,391 (DEBUG): Get Info from structure: (jinsuke+boku to oba-san no dokidoki roshutsu seikatsu)
2021-12-19 15:08:15,401 (DEBUG): Get Info from structure: (shomu+netorare ochi masuda yukari hen)
2021-12-19 15:08:15,411 (DEBUG): Get Info from structure: (gonza+my three horny moms)
2021-12-19 15:08:15,421 (DEBUG): Get Info from structure: (eitarou+yamikoi -saimin-)
2021-12-19 15:08:15,432 (DEBUG): Get Info from structure: (Mochichimaru+Ore no Kyonyuu Osananajimi ga Aniki to Saikin Ayashii)
2021-12-19 15:08:15,443 (DEBUG): Get Info from structure: (tawara hiryuu+tsutawaranai ai)
2021-12-19 15:08:15,454 (DEBUG): Get Info from structure: (jingrock+otouto no musume)
2021-12-19 15:08:15,463 (DEBUG): Get Info from structure: (shindo l+the student council president is loved)
2021-12-19 15:08:15,472 (DEBUG): Get Info from structure: (taguchi monyata+the pitiful prince was turned into the castle's bitch toilet through evil magic)
2021-12-19 15:08:15,481 (DEBUG): Get Info from structure: (pururin+tsuishingu girl)
2021-12-19 15:08:15,491 (DEBUG): Get Info from structure: (Enokido+Bijyo to Yajyuu ~Gyaru to Kimoota~)
2021-12-19 15:08:15,498 (DEBUG): Get Info from structure: (otochichi+mamadoll)
2021-12-19 15:08:15,507 (DEBUG): Get Info from structure: (jabcomix+my son's girlfriend)
2021-12-19 15:08:15,517 (DEBUG): Get Info from structure: (benantoka+Junior (strong))
2021-12-19 15:08:15,527 (DEBUG): Get Info from structure: (minamida usuke+heart-pounding helicopter mom)
2021-12-19 15:08:15,537 (DEBUG): Get Info from structure: (mizuryu kei+the daily life of souma kurumi)
2021-12-19 15:08:15,548 (DEBUG): Get Info from structure: (angensou+jukujo sousakan ~sandbag nikubenki)
2021-12-19 15:08:15,558 (DEBUG): Get Info from structure: (Dokurosan+Kuroneko yo Ore ni Nioi wo Kagasetekurenaika)
2021-12-19 15:08:15,568 (DEBUG): Get Info from structure: (kuroki hidehiko+momojiri danchi mama-san volley doukoukai)
2021-12-19 15:08:15,578 (DEBUG): Get Info from structure: (musashimaru+give and take)
2021-12-19 15:08:15,588 (DEBUG): Get Info from structure: (kuroinu juu+saturday girls can't hold it in)
2021-12-19 15:08:15,598 (DEBUG): Get Info from structure: (gorgonzola+The Princess's Secret)
2021-12-19 15:08:15,608 (DEBUG): Get Info from structure: (noripachi+kokkyou naki banyuudan)
2021-12-19 15:08:15,618 (DEBUG): Get Info from structure: (naitou gura+ochiteiku karada)
2021-12-19 15:08:15,630 (DEBUG): Get Info from structure: (jabcomix+Americunt Dragon)
2021-12-19 15:08:15,642 (DEBUG): Get Info from structure: (zensoku punks+Koufukuron - Murase Ayumi Hen MANIAC)
2021-12-19 15:08:15,655 (DEBUG): Get Info from structure: (arai taiki+glory hole)
2021-12-19 15:08:15,664 (DEBUG): Get Info from structure: (jinsuke+Kaasan wa boku no)
2021-12-19 15:08:15,674 (DEBUG): Get Info from structure: (gonza+Jukugo Ga Daisuki Nan Desu!!)
2021-12-19 15:08:15,686 (DEBUG): Get Info from structure: (benantoka+My Idol is A Bundle of Professionalism)
2021-12-19 15:08:15,696 (DEBUG): Get Info from structure: (jyura+nyuugi senyou shimai)
2021-12-19 15:08:15,705 (DEBUG): Get Info from structure: (meme50+wakey fuckey)
2021-12-19 15:08:15,714 (DEBUG): Get Info from structure: (arai taiki+ochita yume no naka de)
2021-12-19 15:08:15,725 (DEBUG): Get Info from structure: (ichinose land+midara na elf-san wa orc-kun ga osuki)
2021-12-19 15:08:15,735 (DEBUG): Get Info from structure: (hatakeyama tohya+haha no shinyuu boku no aijin)
2021-12-19 15:08:15,745 (DEBUG): Get Info from structure: (izayoi seishin+iny akajuutan)
2021-12-19 15:08:15,755 (DEBUG): Get Info from structure: (tanaka aji+exposing my family)
2021-12-19 15:08:15,765 (DEBUG): Get Info from structure: (meme50+to soap or be soaped)
2021-12-19 15:08:15,776 (DEBUG): Get Info from structure: (mon-petit's stories+mon-petit's stories)
2021-12-19 15:08:15,785 (DEBUG): Get Info from structure: (kuro fn+fuuki binran rakunyuu iinchou)
2021-12-19 15:08:15,796 (DEBUG): Get Info from structure: (akino sora+isekai kita no de mahou o sukebe na koto ni riyou shiyou to omou)
2021-12-19 15:08:15,806 (DEBUG): Get Info from structure: (kazakura+Incha Couple Ga You Gal-tachi To Sex Training Suru Hanashi)
2021-12-19 15:08:15,818 (DEBUG): Get Info from structure: (shinozuka yuuji+hajimete no hitozuma)
2021-12-19 15:08:15,827 (DEBUG): Get Info from structure: (minority+slutty sheltered girl!!)
2021-12-19 15:08:15,837 (DEBUG): Get Info from structure: (mozu+seisou batsubyou)
2021-12-19 15:08:15,847 (DEBUG): Get Info from structure: (Jairou+Inran Shounen Nazo no Bitch Shota to Ossan no Monogatari)
2021-12-19 15:08:15,858 (DEBUG): Get Info from structure: (grassturtle+s-teacher kagami-sensei and m-mother miss ryouko)
2021-12-19 15:08:15,866 (DEBUG): Get Info from structure: (milftoon+Arranged Marriage)
2021-12-19 15:08:15,879 (DEBUG): Get Info from structure: (tamagou+shinkansen de nani shiteru!)
2021-12-19 15:08:15,889 (DEBUG): Get Info from structure: (freehand tamashii+Toiu Wake De, Kaa-san-tachi To Yattemita)
2021-12-19 15:08:15,900 (DEBUG): Get Info from structure: (jyura+kaya no soto)
2021-12-19 15:08:15,909 (DEBUG): Get Info from structure: (denchi+Hajimete No Netorare Maso-ka Choukyou)
2021-12-19 15:08:15,920 (DEBUG): Get Info from structure: (takashiro go-ya+innyou alice pee)
2021-12-19 15:08:15,930 (DEBUG): Get Info from structure: (juna juna juice+Boku No Harem Academia)
2021-12-19 15:08:15,941 (DEBUG): Get Info from structure: (circle rachigai+seira-kun wa otokonoko [chinese])
2021-12-19 15:08:15,951 (DEBUG): Get Info from structure: (shindo l+barrier free)
2021-12-19 15:08:15,961 (DEBUG): Get Info from structure: (Camekirin+Zetsumetsu Sunzen Yukionna)
2021-12-19 15:08:15,970 (DEBUG): Get Info from structure: (cyocyo+the imprudent bride)
2021-12-19 15:08:15,981 (DEBUG): Get Info from structure: (Moketa+Ubai'ai Girls)
2021-12-19 15:08:15,990 (DEBUG): Get Info from structure: (hiroya+himono erufu, kozukuri o suru)
2021-12-19 15:08:16,001 (DEBUG): Get Info from structure: (Nakani+Mukashi wa Kakko Yokatta)
2021-12-19 15:08:16,010 (DEBUG): Get Info from structure: (mizone+kindan no shohousen)
2021-12-19 15:08:16,021 (DEBUG): Get Info from structure: (Iguchi Sentarou+Classmate to Ecchi Jugyou)
2021-12-19 15:08:16,034 (DEBUG): Get Info from structure: (shindo l+metamorphosis)
2021-12-19 15:08:16,044 (DEBUG): Get Info from structure: (kurogane satsuki+otonari-san to korette...enkou seikatsu!)
2021-12-19 15:08:16,054 (DEBUG): Get Info from structure: (someoka yusura+orc chinpo o te ni ireta! elf oyako o ore senyou nama onaho ni shitatta www)
2021-12-19 15:08:16,064 (DEBUG): Get Info from structure: (orutoro+this is the mating frontier)
2021-12-19 15:08:16,074 (DEBUG): Get Info from structure: (mosquito man+kyojiri tsuma keiko to zetsurin! sukebe jii)
2021-12-19 15:08:16,085 (DEBUG): Get Info from structure: (noah12+shin shoushika taisaku ~haramu tame no curriculum~)
2021-12-19 15:08:16,095 (DEBUG): Get Info from structure: (mizuryu kei+Teisou Kannen Zero)
2021-12-19 15:08:16,105 (DEBUG): Get Info from structure: (minazuki mikka+musuko o dame ni shita no wa watashi no karada deshita)
2021-12-19 15:08:16,114 (DEBUG): Get Info from structure: (sanagi torajirou+sun to witch)
2021-12-19 15:08:16,125 (DEBUG): Get Info from structure: (saiyazumi+mama ryouhou)
2021-12-19 15:08:16,135 (DEBUG): Get Info from structure: (Kkun+Love Parameter)
2021-12-19 15:08:16,162 (DEBUG): Get Info from structure: (kinntarou+saimin otoshi)
2021-12-19 15:08:16,174 (DEBUG): Get Info from structure: (Curie+The Castle Deep In The Woods)
2021-12-19 15:08:16,185 (DEBUG): Get Info from structure: (hyji+harmonious family)
2021-12-19 15:08:16,193 (DEBUG): Get Info from structure: (melkor mancin+Chat with)
2021-12-19 15:08:16,205 (DEBUG): Get Info from structure: (hiraizumi kou+coach's luckyhole)
2021-12-19 15:08:16,215 (DEBUG): Get Info from structure: (yumeiro gurasan+dis communication)
2021-12-19 15:08:16,226 (DEBUG): Get Info from structure: (horsetail+kaa-san janakya dame nanda!!)
2021-12-19 15:08:16,237 (DEBUG): Get Info from structure: (tsusauto+neighborhood associations)
2021-12-19 15:08:16,248 (DEBUG): Get Info from structure: (mizone+monster romance)
2021-12-19 15:08:16,260 (DEBUG): Get Info from structure: (minority+falling fairy)
2021-12-19 15:08:16,271 (DEBUG): Get Info from structure: (syoukaki+koisame dolce)
2021-12-19 15:08:16,282 (DEBUG): Get Info from structure: (taono kinoko+koibito gokko)
2021-12-19 15:08:16,295 (DEBUG): Get Info from structure: (saint shiro+summer reunion)
2021-12-19 15:08:16,305 (DEBUG): Get Info from structure: (sugarbt+inga ouhou)
2021-12-19 15:08:16,313 (DEBUG): Get Info from structure: (poruno ibuki+sayuki onee-san wa gaman ga dekinai)
2021-12-19 15:08:16,322 (DEBUG): Get Info from structure: (kuromotokun+Jc Saimin De Seikyouiku)
2021-12-19 15:08:16,332 (DEBUG): Get Info from structure: (mizone+monster smash)
2021-12-19 15:08:16,343 (DEBUG): Get Info from structure: (mizuryu kei+souma family)
2021-12-19 15:08:16,353 (DEBUG): Get Info from structure: (muneshiro+Imouto Wa Mesu Orc)
2021-12-19 15:08:16,363 (DEBUG): Get Info from structure: (yumano yuuki+the demon lord is level 1)
2021-12-19 15:08:16,374 (DEBUG): Get Info from structure: (hirune+pig and gift)
2021-12-19 15:08:16,385 (DEBUG): Get Info from structure: (jyura+tomodachi no onna)
2021-12-19 15:08:16,394 (DEBUG): Get Info from structure: (kyockcho+refined senpai)
2021-12-19 15:08:16,403 (DEBUG): Get Info from structure: (shiratama+seigun no tami freejia)
2021-12-19 15:08:16,412 (DEBUG): Get Info from structure: (sanagi torajirou+i love you, goodbye)
2021-12-19 15:08:16,422 (DEBUG): Get Info from structure: (mosquito man+cho ~namaiki na kuro gal jk to pakoritai kimo oyaji-tachi)
2021-12-19 15:08:16,432 (DEBUG): Get Info from structure: (a-10+koukai tanetsuke hentai koubi 2)
2021-12-19 15:08:16,443 (DEBUG): Get Info from structure: (sanagi torajirou+cast aoi)
2021-12-19 15:08:16,453 (DEBUG): Get Info from structure: (ponkotsu damashii+my girlfriend is my mom's friend - a 40 year old housewife)
2021-12-19 15:08:16,464 (DEBUG): Get Info from structure: (hana hook+Zenin Shikkaku - Hahaoya No Mesubuta Sex Choukyou Kiroku)
2021-12-19 15:08:16,474 (DEBUG): Get Info from structure: (Bonske+Arawareta Chijo wa Toshishita Kui no Scatolo Hentai deshita)
2021-12-19 15:08:16,484 (DEBUG): Get Info from structure: (nishida+koisugi)
2021-12-19 15:08:16,494 (DEBUG): Get Info from structure: (Etuzan Jakusui+Otou-san, Tetsudatte kudasai)
2021-12-19 15:08:16,503 (DEBUG): Get Info from structure: (benantoka+sequel)
2021-12-19 15:08:16,513 (DEBUG): Get Info from structure: (etuzan jakusui+mystery box)
2021-12-19 15:08:16,523 (DEBUG): Get Info from structure: (ozy+nukisugi katekyo)
2021-12-19 15:08:16,535 (DEBUG): Get Info from structure: (zack+hentai raiko-san no sukebe na himitsu)
2021-12-19 15:08:16,545 (DEBUG): Get Info from structure: (rebirth+kantoku no arbeit)
2021-12-19 15:08:16,555 (DEBUG): Get Info from structure: (fue+inma no mikata)
2021-12-19 15:08:16,565 (DEBUG): Get Info from structure: (higashino mikan+oppai na natsuyasumi)
2021-12-19 15:08:16,576 (DEBUG): Get Info from structure: (meme 50's stories+meme 50's stories)
2021-12-19 15:08:16,588 (DEBUG): Get Info from structure: (kito sakeru+emily)
2021-12-19 15:08:16,599 (DEBUG): Get Info from structure: (laliberte+friend)
2021-12-19 15:08:16,609 (DEBUG): Get Info from structure: (mr potato party+the boiling rock)
2021-12-19 15:08:16,624 (DEBUG): Get Info from structure: (hal+mesu ana muhou chitai -mondou muyou no nakadashi choueki-)
2021-12-19 15:08:16,634 (DEBUG): Get Info from structure: (caustica+ojisen jk to batsuichi tenchou)
2021-12-19 15:08:16,644 (DEBUG): Get Info from structure: (iketaki ganguten+gal syndrome!)
2021-12-19 15:08:16,654 (DEBUG): Get Info from structure: (nikusoukyuu+hanazono no mesudorei)
2021-12-19 15:08:16,664 (DEBUG): Get Info from structure: (tsuzura kuzukago+treacherous love tastes like honey)
2021-12-19 15:08:16,675 (DEBUG): Get Info from structure: (shunjou shuusuke+osaekirenai kono kimochi)
2021-12-19 15:08:16,686 (DEBUG): Get Info from structure: (suruga kuroitsu+love fighter rin-chan!!)
2021-12-19 15:08:16,695 (DEBUG): Get Info from structure: (tsubaki jushirou+sister sister)
2021-12-19 15:08:16,705 (DEBUG): Get Info from structure: (ichigain+unleashed)
2021-12-19 15:08:16,714 (DEBUG): Get Info from structure: (miharu+Maria-san Goshimei Desu)
2021-12-19 15:08:16,725 (DEBUG): Get Info from structure: (arom sensei+Gwen)
2021-12-19 15:08:16,736 (DEBUG): Get Info from structure: (sanbaizu+obutsu shokudou)
2021-12-19 15:08:16,745 (DEBUG): Get Info from structure: (melkor mancin+The Naughty In-law)
2021-12-19 15:08:16,755 (DEBUG): Get Info from structure: (gujira+hichijime on oka juunijiga's route)
2021-12-19 15:08:16,765 (DEBUG): Get Info from structure: (karma tatsurou+kabegoshi)
2021-12-19 15:08:16,773 (DEBUG): Get Info from structure: (jk+free rimjobs)
2021-12-19 15:08:16,783 (DEBUG): Get Info from structure: (Circle Spice+Jimi dakedo Eroi Karada Shita Okaa-san o Fuuzoku Ochi Sunzen de Sukutta Boshi Soukan)
2021-12-19 15:08:16,793 (DEBUG): Get Info from structure: (Eizan+Moshimo, Joushiki o Kakikaete Mizugi Bijo ni Namahame OK na Pool ni nattara)
2021-12-19 15:08:16,803 (DEBUG): Get Info from structure: (kizuki rei+Watashi no Seiheki)
2021-12-19 15:08:16,812 (DEBUG): Get Info from structure: (meme50+okane daisuki)
2021-12-19 15:08:16,824 (DEBUG): Get Info from structure: (b-kyuu+b-kyuu manga 8 mamonoka shita onna budouka)
2021-12-19 15:08:16,834 (DEBUG): Get Info from structure: (sanbaizu+ningen benki)
2021-12-19 15:08:16,844 (DEBUG): Get Info from structure: (kurenai yuuji+Futakyo)
2021-12-19 15:08:16,855 (DEBUG): Get Info from structure: (minazuki mikka+sex shinai to shinu yamai ~hatsubyou shitara sex wa gimu~)
2021-12-19 15:08:16,866 (DEBUG): Get Info from structure: (aka seiryuu+Darjeeling No Himitsu Chakai)
2021-12-19 15:08:16,877 (DEBUG): Get Info from structure: (Jun+Kemonokko Tsuushin)
2021-12-19 15:08:16,887 (DEBUG): Get Info from structure: (kizuki rei+natsu no gogo)
2021-12-19 15:08:16,896 (DEBUG): Get Info from structure: (kyockcho+shino-sama is angry)
2021-12-19 15:08:16,906 (DEBUG): Get Info from structure: (esuo+licking monster)
2021-12-19 15:08:16,918 (DEBUG): Get Info from structure: (vandass orutoro+futei koubi zuma honoka)
2021-12-19 15:08:16,929 (DEBUG): Get Info from structure: (sanbaizu+kousha no kaiinu)
2021-12-19 15:08:16,938 (DEBUG): Get Info from structure: (kandzumena hibi+Kabe Shiri Bokin)
2021-12-19 15:08:16,948 (DEBUG): Get Info from structure: (oltlo+futei koubizuma honoka ~konin o keizoku shigatai juudai na jiyuu~)
2021-12-19 15:08:16,959 (DEBUG): Get Info from structure: (Kunaboto+Gintama - Kagura)
2021-12-19 15:08:16,970 (DEBUG): Get Info from structure: (seto yuuki+level c)
2021-12-19 15:08:16,978 (DEBUG): Get Info from structure: (dokurosan+Omanko Damedesu)
2021-12-19 15:08:16,988 (DEBUG): Get Info from structure: (obmas+oid)
2021-12-19 15:08:16,997 (DEBUG): Get Info from structure: (chinbotsu rebis+midare saki joshuu kaizoku soushuuhen)
2021-12-19 15:08:17,007 (DEBUG): Get Info from structure: (chin+Hatsujou Kedamono Koubiroku)
2021-12-19 15:08:17,016 (DEBUG): Get Info from structure: (sugiji+otome no jouran)
2021-12-19 15:08:17,027 (DEBUG): Get Info from structure: (gonza+Summer Vacation)
2021-12-19 15:08:17,037 (DEBUG): Get Info from structure: (pija+himegoto komachi)
2021-12-19 15:08:17,047 (DEBUG): Get Info from structure: (miharu+Haruka-san Ga Unzari Shinagara Shimasu)
2021-12-19 15:08:17,056 (DEBUG): Get Info from structure: (tamagoro+super milk)
2021-12-19 15:08:17,065 (DEBUG): Get Info from structure: (minority+love lies beyond the cervix)
2021-12-19 15:08:17,075 (DEBUG): Get Info from structure: (Jun+Like A Child)
2021-12-19 15:08:17,085 (DEBUG): Get Info from structure: (benimura karu+Boku Dake Ga Sex Dekinai Ie)
2021-12-19 15:08:17,095 (DEBUG): Get Info from structure: (benantoka+childhood friend confession X2)
2021-12-19 15:08:17,104 (DEBUG): Get Info from structure: (menea the dog+lipsync #1-4)
2021-12-19 15:08:17,113 (DEBUG): Get Info from structure: (asanagi+sleeping pills for this shitty cheeky sadist)
2021-12-19 15:08:17,125 (DEBUG): Get Info from structure: (gengorou+the lazy fox)
2021-12-19 15:08:17,136 (DEBUG): Get Info from structure: (amano don+sex acts with a member of the public moral committee)
2021-12-19 15:08:17,145 (DEBUG): Get Info from structure: (shiki takuto+become friends with gal)
2021-12-19 15:08:17,156 (DEBUG): Get Info from structure: (amano ameno+kyonyuu onna joushi saimin nikuningyou)
2021-12-19 15:08:17,167 (DEBUG): Get Info from structure: (heiro+Bokura Wa Hanare Ga Dekinai)
2021-12-19 15:08:17,178 (DEBUG): Get Info from structure: (jyura+samen toilet devils)
2021-12-19 15:08:17,188 (DEBUG): Get Info from structure: (freehand tamashii+Incha No Oi Ga Yaritai Oba-san)
2021-12-19 15:08:17,199 (DEBUG): Get Info from structure: (ichinomiya yuu+Moto Incha No Kyonyuu Yariman Imouto Ga Erosugite, Onii-chan Wa Mou!!)
2021-12-19 15:08:17,210 (DEBUG): Get Info from structure: (mizuryu kei+Kakutou Musume Yarimoku Goukon)
2021-12-19 15:08:17,221 (DEBUG): Get Info from structure: (kuroiwa menou+tabegoro! haitoku no kajitsu)
2021-12-19 15:08:17,231 (DEBUG): Get Info from structure: (amatake akewo+sarasare aidol)
2021-12-19 15:08:17,242 (DEBUG): Get Info from structure: (makinosaka shinichi+sex friend)
2021-12-19 15:08:17,253 (DEBUG): Get Info from structure: (mizuryu kei+Seiyoku Ni Shoujiki Sugiru Shota Yuusha)
2021-12-19 15:08:17,264 (DEBUG): Get Info from structure: (otochichi+underground pta -the mommies' milking sex tactic-)
2021-12-19 15:08:17,273 (DEBUG): Get Info from structure: (gonza+Love Doll)
2021-12-19 15:08:17,284 (DEBUG): Get Info from structure: (aiue oka+saimin seishidou)
2021-12-19 15:08:17,295 (DEBUG): Get Info from structure: (rocket monkey+girigiri idol)
2021-12-19 15:08:17,304 (DEBUG): Get Info from structure: (iku+hinnyuu-chan no ana o ijimeru hon)
2021-12-19 15:08:17,314 (DEBUG): Get Info from structure: (shindo l+hitori nabe x futari nabe)
2021-12-19 15:08:17,324 (DEBUG): Get Info from structure: (nakamura regura+ankai no umi)
2021-12-19 15:08:17,334 (DEBUG): Get Info from structure: (benantoka+Routine Affair)
2021-12-19 15:08:17,345 (DEBUG): Get Info from structure: (aroma sensei+what's going on here)
2021-12-19 15:08:17,355 (DEBUG): Get Info from structure: (melkor mancin+Sidney)
2021-12-19 15:08:17,365 (DEBUG): Get Info from structure: (inoue nanaki+seishoku katsudou)
2021-12-19 15:08:17,375 (DEBUG): Get Info from structure: (hyji+teaching train)
2021-12-19 15:08:17,386 (DEBUG): Get Info from structure: (freehand tamashii+My Son Returned As A Blond Man-slut)
2021-12-19 15:08:17,397 (DEBUG): Get Info from structure: (kurenai yuuji+futakyo! ~futanari kyouko-chan~)
2021-12-19 15:08:17,408 (DEBUG): Get Info from structure: (henkuma+tomatta jikan no naka de watashi wa)
2021-12-19 15:08:17,419 (DEBUG): Get Info from structure: (oohira sunset+kabeanatsuki juukyo e youkoso kouhen)
2021-12-19 15:08:17,431 (DEBUG): Get Info from structure: (kakuzatou+kuro gal vs fuuki iin)
2021-12-19 15:08:17,439 (DEBUG): Get Info from structure: (motomushi+i turned into the girl who bullied me)
2021-12-19 15:08:17,452 (DEBUG): Get Info from structure: (meme50+port inn)
2021-12-19 15:08:17,462 (DEBUG): Get Info from structure: (sian's stories+sian's stories)
2021-12-19 15:08:17,472 (DEBUG): Get Info from structure: (john k. pe-ta+the mature orange venus fly trap)
2021-12-19 15:08:17,481 (DEBUG): Get Info from structure: (ikeshita maue+ts fuckin bitch)
2021-12-19 15:08:17,492 (DEBUG): Get Info from structure: (mitarai yuuki+soukan no replica)
2021-12-19 15:08:17,502 (DEBUG): Get Info from structure: (aoi tiduru+seishun scheme)
2021-12-19 15:08:17,513 (DEBUG): Get Info from structure: (juna juna juice+naomi-san is my sex friend)
2021-12-19 15:08:17,524 (DEBUG): Get Info from structure: (hyji+tempting the husband)
2021-12-19 15:08:17,534 (DEBUG): Get Info from structure: (agobitch nee-san+Seifuku Bishoujo)
2021-12-19 15:08:17,545 (DEBUG): Get Info from structure: (gonza+matching appli)
2021-12-19 15:08:17,555 (DEBUG): Get Info from structure: (mizuryu kei+choroi-onna!!)
2021-12-19 15:08:17,567 (DEBUG): Get Info from structure: (aomushi+chinpo yakuza miporin)
2021-12-19 15:08:17,577 (DEBUG): Get Info from structure: (nozarashi satoru+usagi no kamen)
2021-12-19 15:08:17,588 (DEBUG): Get Info from structure: (asanagi+victimgirls 21 bokujou)
2021-12-19 15:08:17,600 (DEBUG): Get Info from structure: (Dokurosan+Watashi no Oshigoto)
2021-12-19 15:08:17,610 (DEBUG): Get Info from structure: (minority+love letter)
2021-12-19 15:08:17,620 (DEBUG): Get Info from structure: (akatsuki souken+okaasan no roujinsei kaigo)
2021-12-19 15:08:17,630 (DEBUG): Get Info from structure: (andoryu+okaa-san itadakimasu)
2021-12-19 15:08:17,644 (DEBUG): Get Info from structure: (kiliu+Nandemo Chousa Shoujo)
2021-12-19 15:08:17,658 (DEBUG): Get Info from structure: (fuzume+Tsuma Ga Midareta Sugata O Boku Wa Shiranai)
2021-12-19 15:08:17,669 (DEBUG): Get Info from structure: (minority+date of capitulation)
2021-12-19 15:08:17,679 (DEBUG): Get Info from structure: (etuzan jakusui+the fault that can't be erased)
2021-12-19 15:08:17,688 (DEBUG): Get Info from structure: (yumano yuuki+oshikake kitsune yome)
2021-12-19 15:08:17,700 (DEBUG): Get Info from structure: (nakamura regura+douketsu no mujina)
2021-12-19 15:08:17,709 (DEBUG): Get Info from structure: (mizone+onigashima no iinazuke)
2021-12-19 15:08:17,720 (DEBUG): Get Info from structure: (zkuro fn+angyou roshutsu project)
2021-12-19 15:08:17,729 (DEBUG): Get Info from structure: (minority+pussy romance)
2021-12-19 15:08:17,739 (DEBUG): Get Info from structure: (kokuryuugan+joshi rikujou koubi)
2021-12-19 15:08:17,749 (DEBUG): Get Info from structure: (b.b.t.t.+enslaved overlord)
2021-12-19 15:08:17,760 (DEBUG): Get Info from structure: (tsukino jogi+musume no bf sefure kankei ni natte shimatte guzuguzuna ken ni tsuite)
2021-12-19 15:08:17,772 (DEBUG): Get Info from structure: (my bad bunny+wanton widow)
2021-12-19 15:08:17,784 (DEBUG): Get Info from structure: (minazuki juuzou+an elementary school nympho having orgies after school in the classroom!)
2021-12-19 15:08:17,796 (DEBUG): Get Info from structure: (kuronomiki+The Two Flowers Of The Takamine House)
2021-12-19 15:08:17,807 (DEBUG): Get Info from structure: (minority+netorare livestream)
2021-12-19 15:08:17,816 (DEBUG): Get Info from structure: (arai kei+The Island Smile)
2021-12-19 15:08:17,826 (DEBUG): Get Info from structure: (mizuiro megane+doubutsu noujou)
2021-12-19 15:08:17,838 (DEBUG): Get Info from structure: (mon-petit+natsu ga owaru made)
2021-12-19 15:08:17,848 (DEBUG): Get Info from structure: (hazakura satsuki+hypnosis app - making a good girl cum on my dick nonstop)
2021-12-19 15:08:17,858 (DEBUG): Get Info from structure: (rasson+joushi to nenai career woman nado inai)
2021-12-19 15:08:17,871 (DEBUG): Get Info from structure: (hatakeyama tohya+oi to oba no heya)
2021-12-19 15:08:17,882 (DEBUG): Get Info from structure: (kazuhiro+mesu ogre wa kentauros chinpo o musabori okasu)
2021-12-19 15:08:17,892 (DEBUG): Get Info from structure: (double deck+ose)
2021-12-19 15:08:17,907 (DEBUG): Get Info from structure: (tawara hiryuu+yogoreta hitozuma)
2021-12-19 15:08:17,918 (DEBUG): Get Info from structure: (ikoma ippei+twintail miboujin)
2021-12-19 15:08:17,929 (DEBUG): Get Info from structure: (benantoka+my ruler)
2021-12-19 15:08:17,939 (DEBUG): Get Info from structure: (Jairou+Shinjin Kyoushi Fujiwara-san no Ayashii Kyouin Nikki)
2021-12-19 15:08:17,948 (DEBUG): Get Info from structure: (super zombie+uninvited kitties)
2021-12-19 15:08:17,957 (DEBUG): Get Info from structure: (yokoshima nikki+secret behind the pool)
2021-12-19 15:08:17,968 (DEBUG): Get Info from structure: (kuroishi ringo+haha wa newhalf)
2021-12-19 15:08:17,977 (DEBUG): Get Info from structure: (minority+kyou wa netorare youbi)
2021-12-19 15:08:17,989 (DEBUG): Get Info from structure: (makibe kataru+hitozuma koi hanabi)
2021-12-19 15:08:17,998 (DEBUG): Get Info from structure: (Dokurosan+Omae no Nee-chan Onaho Gasshuku Itteru Rashii ze)
2021-12-19 15:08:18,008 (DEBUG): Get Info from structure: (Enokido+Kenkou Yuuryou Boyish Shoujo Papakatsu o suru)
2021-12-19 15:08:18,021 (DEBUG): Get Info from structure: (gorgonzola+Goddesslife)
2021-12-19 15:08:18,036 (DEBUG): Get Info from structure: (arai taiki+kago no naka no tori)
2021-12-19 15:08:18,045 (DEBUG): Get Info from structure: (shinozuka yuuji+jk mama no shiken taisaku)
2021-12-19 15:08:18,055 (DEBUG): Get Info from structure: (jun+bubble shark princess akula)
2021-12-19 15:08:18,066 (DEBUG): Get Info from structure: (aiue oka+bullied)
2021-12-19 15:08:18,077 (DEBUG): Get Info from structure: (jairou+Gakuen Rankou)
2021-12-19 15:08:18,088 (DEBUG): Get Info from structure: (melkor mancin+Breaking in with Tim)
2021-12-19 15:08:18,099 (DEBUG): Get Info from structure: (omochi+shota ga bitch na onee-san to futari de ikinuki shichau hanashi)
2021-12-19 15:08:18,110 (DEBUG): Get Info from structure: (milftoon+Elastic Milf)
2021-12-19 15:08:18,122 (DEBUG): Get Info from structure: (Dokurosan+Shirukake China Rinko)
2021-12-19 15:08:18,131 (DEBUG): Get Info from structure: (gennsui+Kokugo Sansuu Rika Huuzoku)
2021-12-19 15:08:18,142 (DEBUG): Get Info from structure: (mosquito man+bakunyuu tsuma namatamari kyouko ~sekuhara buchou ni nerawareta tsuma~)
2021-12-19 15:08:18,152 (DEBUG): Get Info from structure: (supaku jitou+my master brajarani is a sex hermit)
2021-12-19 15:08:18,161 (DEBUG): Get Info from structure: (itami+WotaCir no Gal VS Boku)
2021-12-19 15:08:18,171 (DEBUG): Get Info from structure: (jabcomix+thorny thursday)
2021-12-19 15:08:18,181 (DEBUG): Get Info from structure: (laliberte+secret)
2021-12-19 15:08:18,190 (DEBUG): Get Info from structure: (benantoka+eromanga the sensei)
2021-12-19 15:08:18,200 (DEBUG): Get Info from structure: (hidarikiki+bakunyuuin mama wa gakuenchou no onna)
2021-12-19 15:08:18,209 (DEBUG): Get Info from structure: (etuzan jakusui+why did you over the sea)
2021-12-19 15:08:18,219 (DEBUG): Get Info from structure: (ntrman+tomato)
2021-12-19 15:08:18,229 (DEBUG): Get Info from structure: (meme50+nonoka's erotic side)
2021-12-19 15:08:18,238 (DEBUG): Get Info from structure: (sakamata nerimono+houkago game)
2021-12-19 15:08:18,248 (DEBUG): Get Info from structure: (meganei+Shishunki No Obenkyou)
2021-12-19 15:08:18,260 (DEBUG): Get Info from structure: (hyji+sweeeet home)
2021-12-19 15:08:18,270 (DEBUG): Get Info from structure: (inoue nanaki+sennou mesu ochi! onna spy!)
2021-12-19 15:08:18,280 (DEBUG): Get Info from structure: (izumi+midareuchi)
2021-12-19 15:08:18,290 (DEBUG): Get Info from structure: (haitokukan+hypnosis quest)
2021-12-19 15:08:18,298 (DEBUG): Get Info from structure: (laliberte+parasite)
2021-12-19 15:08:18,308 (DEBUG): Get Info from structure: (sanbaizu+zuidou haisetsu)
2021-12-19 15:08:18,320 (DEBUG): Get Info from structure: (jabcomix+artificial probing)
2021-12-19 15:08:18,332 (DEBUG): Get Info from structure: (kiliu+Sono 1-shuukan, Teikou Shite Wa Ikenai)
2021-12-19 15:08:18,341 (DEBUG): Get Info from structure: (karaage-chan+Tomodachi No Okaa-san To Sefri Ni Narimashita)
2021-12-19 15:08:18,353 (DEBUG): Get Info from structure: (azuse+method to catch a pretty girl)
2021-12-19 15:08:18,362 (DEBUG): Get Info from structure: (type 90+the disciple bitch)
2021-12-19 15:08:18,376 (DEBUG): Get Info from structure: (amano ameno+jabami yumeko hentai koushuu benjo tantsubo nikubenki onna)
2021-12-19 15:08:18,386 (DEBUG): Get Info from structure: (asanagi+i will not lose)
2021-12-19 15:08:18,397 (DEBUG): Get Info from structure: (kemigawa mondo+boku ga te ni ireta chounouryoku)
2021-12-19 15:08:18,408 (DEBUG): Get Info from structure: (kedama keito+oishii mahou)
2021-12-19 15:08:18,419 (DEBUG): Get Info from structure: (juna juna juice+Mukatsuku Imouto Wa Chanto Shikaranakucha!!)
2021-12-19 15:08:18,430 (DEBUG): Get Info from structure: (benantoka+borderline step couple)
2021-12-19 15:08:18,440 (DEBUG): Get Info from structure: (freehand tamashii+Isourou Saki No Obasan Ni Hameru!)
2021-12-19 15:08:18,451 (DEBUG): Get Info from structure: (laliberte+monster)
2021-12-19 15:08:18,460 (DEBUG): Get Info from structure: (igumox+23-ji no hakoniwa)
2021-12-19 15:08:18,470 (DEBUG): Get Info from structure: (laliberte+stay with me)
2021-12-19 15:08:18,483 (DEBUG): Get Info from structure: (nishi+kotoumi)
2021-12-19 15:08:18,495 (DEBUG): Get Info from structure: (ntrman+prank)
2021-12-19 15:08:18,506 (DEBUG): Get Info from structure: (juna juna juice+Hungry Single Mothers)
2021-12-19 15:08:18,518 (DEBUG): Get Info from structure: (sanbaizu+haisetsu kyoushitsu)
2021-12-19 15:08:18,527 (DEBUG): Get Info from structure: (momofuki rio+junyoku kaihouku)
2021-12-19 15:08:18,537 (DEBUG): Get Info from structure: (kizaru+gibo ga haramu made zenpen)
2021-12-19 15:08:18,547 (DEBUG): Get Info from structure: (benantoka+at-home date)
2021-12-19 15:08:18,557 (DEBUG): Get Info from structure: (Kasugano Tobari+Osananajimi wa Ore Senyou no Niku Benki)
2021-12-19 15:08:18,565 (DEBUG): Get Info from structure: (kizuki rei+Game Of Bitches)
2021-12-19 15:08:18,576 (DEBUG): Get Info from structure: (benantoka+the morals committee 2nd division's Club activity records)
2021-12-19 15:08:18,586 (DEBUG): Get Info from structure: (andou hiroyuki+losing my virginity in the library, through rape!!)
2021-12-19 15:08:18,596 (DEBUG): Get Info from structure: (sink+haha to oba no himitsu)
2021-12-19 15:08:18,604 (DEBUG): Get Info from structure: (higashiyama show+momoka)
2021-12-19 15:08:18,613 (DEBUG): Get Info from structure: (tonikaku+nikubenki)
2021-12-19 15:08:18,624 (INFO): Processing Chapters / Episodes ...
2021-12-19 15:08:20,934 (INFO): Processing Pages ... 
