2021-12-23 22:55:44,761 (INFO): Log Path: D:\Source_Code\Python ++\02. updateComic\log\debug-20211223-2255.44.log
2021-12-23 22:55:46,849 (INFO): Currently Processing image
2021-12-23 22:55:46,849 (INFO): Processing Titles ...
2021-12-23 22:55:46,873 (DEBUG): Get Info from structure: (2t+=sakusei toshi elosion)
2021-12-23 22:55:46,886 (DEBUG): Get Info from structure: (a-10+=koukai tanetsuke hentai koubi 2)
2021-12-23 22:55:46,900 (DEBUG): Get Info from structure: (Abubu+=Kinjo no Onnatachi ga Nazeka Ore no Ie no Furo ni Hairi ni Kuru Ken)
2021-12-23 22:55:46,912 (DEBUG): Get Info from structure: (abubu+=npc kan mod)
2021-12-23 22:55:46,929 (DEBUG): Get Info from structure: (agobitch nee-san+=Hataraku Onee-san-tachi ~Mikonritsu no Takai Machi de Hataraku Tokoya no Onee-san ni Okuchi de Shiborareru~)
2021-12-23 22:55:46,943 (DEBUG): Get Info from structure: (agobitch nee-san+=Seifuku Bishoujo)
2021-12-23 22:55:46,952 (DEBUG): Get Info from structure: (ahemaru+=slave the blood)
2021-12-23 22:55:46,962 (DEBUG): Get Info from structure: (amano ameno+=Jabami Yumeko Hentai Koushuu Benjo Tantsubo Nikubenki Onna)
2021-12-23 22:55:46,972 (DEBUG): Get Info from structure: (amano ameno+=Kyonyuu Onna Joushi Saimin Nikuningyou)
2021-12-23 22:55:46,983 (DEBUG): Get Info from structure: (Ameyama Denshin+=Stories)
2021-12-23 22:55:46,992 (DEBUG): Get Info from structure: (Arai Kei+=Boku No Kanojo)
2021-12-23 22:55:47,002 (DEBUG): Get Info from structure: (arai kei+=Boku Wa Kanojo No Namae Mo Shiranai)
2021-12-23 22:55:47,013 (DEBUG): Get Info from structure: (arai kei+=hougan kanojo)
2021-12-23 22:55:47,024 (DEBUG): Get Info from structure: (arai kei+=Stories)
2021-12-23 22:55:47,034 (DEBUG): Get Info from structure: (Arai Taiki+=Kahanshin Daiichi Shugi)
2021-12-23 22:55:47,044 (DEBUG): Get Info from structure: (arai taiki+=ochita yume no naka de)
2021-12-23 22:55:47,053 (DEBUG): Get Info from structure: (Arai Taiki+=Stories)
2021-12-23 22:55:47,066 (DEBUG): Get Info from structure: (aroma sensei+=Gwen)
2021-12-23 22:55:47,078 (DEBUG): Get Info from structure: (aroma sensei+=what's going on here)
2021-12-23 22:55:47,088 (DEBUG): Get Info from structure: (asanagi+=Stories)
2021-12-23 22:55:47,098 (DEBUG): Get Info from structure: (BeNantoka+=Stories)
2021-12-23 22:55:47,111 (DEBUG): Get Info from structure: (Bonske+=Arawareta Chijo wa Toshishita Kui no Scatolo Hentai deshita)
2021-12-23 22:55:47,121 (DEBUG): Get Info from structure: (bonske+=sono kuchi to shita de subete o uketomenasai)
2021-12-23 22:55:47,133 (DEBUG): Get Info from structure: (Dokurosan+=Stories)
2021-12-23 22:55:47,145 (DEBUG): Get Info from structure: (Enokido+=Stories)
2021-12-23 22:55:47,154 (DEBUG): Get Info from structure: (freehand tamashii+=aorare tsuma)
2021-12-23 22:55:47,165 (DEBUG): Get Info from structure: (freehand tamashii+=Incha No Oi Ga Yaritai Oba-san)
2021-12-23 22:55:47,177 (DEBUG): Get Info from structure: (freehand tamashii+=Isourou Saki No Obasan Ni Hameru!)
2021-12-23 22:55:47,189 (DEBUG): Get Info from structure: (freehand tamashii+=Stories)
2021-12-23 22:55:47,199 (DEBUG): Get Info from structure: (freehand tamashii+=Toiu Wake De, Kaa-san-tachi To Yattemita)
2021-12-23 22:55:47,211 (DEBUG): Get Info from structure: (freehand tamasshii+=Shin Mama O Netoruze!)
2021-12-23 22:55:47,224 (DEBUG): Get Info from structure: (gonza+=av mama)
2021-12-23 22:55:47,237 (DEBUG): Get Info from structure: (gonza+=matching appli)
2021-12-23 22:55:47,248 (DEBUG): Get Info from structure: (Gonza+=Mayonaka No Haha)
2021-12-23 22:55:47,259 (DEBUG): Get Info from structure: (gonza+=my three horny moms)
2021-12-23 22:55:47,271 (DEBUG): Get Info from structure: (gonza+=Nonfiction ~boshi Soukan No Kioku~)
2021-12-23 22:55:47,282 (DEBUG): Get Info from structure: (gonza+=stories)
2021-12-23 22:55:47,295 (DEBUG): Get Info from structure: (mizone+=Ajin Iryou Sougou Center e Youkoso!)
2021-12-23 22:55:47,306 (DEBUG): Get Info from structure: (mizone+=Jikyuu 1500 yen!! Gyogyou o Tetsudau Kantan na Oshigoto desu)
2021-12-23 22:55:47,316 (DEBUG): Get Info from structure: (mizone+=Kindan no Shohousen)
2021-12-23 22:55:47,326 (DEBUG): Get Info from structure: (mizone+=monster romance)
2021-12-23 22:55:47,337 (DEBUG): Get Info from structure: (mizone+=monster smash)
2021-12-23 22:55:47,349 (DEBUG): Get Info from structure: (mizone+=Otherworldly Maidens Series)
2021-12-23 22:55:47,360 (DEBUG): Get Info from structure: (mizone+=stories)
2021-12-23 22:55:47,373 (DEBUG): Get Info from structure: (mizone+=Zasshoku Yuusha)
2021-12-23 22:55:47,382 (DEBUG): Get Info from structure: (Tsusauto+=Jichikai no Hitozuma wa Totemo Ecchi deshita)
2021-12-23 22:55:47,396 (INFO): Processing Chapters / Episodes ...
2021-12-23 22:55:47,531 (INFO): Processing Chapters & Pages ... 
2021-12-23 22:56:24,634 (DEBUG): STREAM b'IHDR' 16 13
2021-12-23 22:56:24,634 (DEBUG): STREAM b'gAMA' 41 4
2021-12-23 22:56:24,634 (DEBUG): STREAM b'cHRM' 57 32
2021-12-23 22:56:24,634 (DEBUG): STREAM b'bKGD' 101 2
2021-12-23 22:56:24,634 (DEBUG): b'bKGD' 101 2 (unknown)
2021-12-23 22:56:24,634 (DEBUG): STREAM b'tIME' 115 7
2021-12-23 22:56:24,634 (DEBUG): b'tIME' 115 7 (unknown)
2021-12-23 22:56:24,634 (DEBUG): STREAM b'IDAT' 134 32768
2021-12-23 22:56:24,652 (DEBUG): STREAM b'IHDR' 16 13
2021-12-23 22:56:24,652 (DEBUG): STREAM b'gAMA' 41 4
2021-12-23 22:56:24,652 (DEBUG): STREAM b'cHRM' 57 32
2021-12-23 22:56:24,652 (DEBUG): STREAM b'bKGD' 101 2
2021-12-23 22:56:24,652 (DEBUG): b'bKGD' 101 2 (unknown)
2021-12-23 22:56:24,652 (DEBUG): STREAM b'tIME' 115 7
2021-12-23 22:56:24,652 (DEBUG): b'tIME' 115 7 (unknown)
2021-12-23 22:56:24,652 (DEBUG): STREAM b'IDAT' 134 32768
2021-12-23 22:56:24,665 (DEBUG): STREAM b'IHDR' 16 13
2021-12-23 22:56:24,665 (DEBUG): STREAM b'gAMA' 41 4
2021-12-23 22:56:24,665 (DEBUG): STREAM b'cHRM' 57 32
2021-12-23 22:56:24,665 (DEBUG): STREAM b'bKGD' 101 2
2021-12-23 22:56:24,665 (DEBUG): b'bKGD' 101 2 (unknown)
2021-12-23 22:56:24,665 (DEBUG): STREAM b'tIME' 115 7
2021-12-23 22:56:24,666 (DEBUG): b'tIME' 115 7 (unknown)
2021-12-23 22:56:24,666 (DEBUG): STREAM b'IDAT' 134 32768
2021-12-23 22:56:24,682 (DEBUG): STREAM b'IHDR' 16 13
2021-12-23 22:56:24,682 (DEBUG): STREAM b'gAMA' 41 4
2021-12-23 22:56:24,682 (DEBUG): STREAM b'cHRM' 57 32
2021-12-23 22:56:24,682 (DEBUG): STREAM b'bKGD' 101 2
2021-12-23 22:56:24,682 (DEBUG): b'bKGD' 101 2 (unknown)
2021-12-23 22:56:24,682 (DEBUG): STREAM b'tIME' 115 7
2021-12-23 22:56:24,682 (DEBUG): b'tIME' 115 7 (unknown)
2021-12-23 22:56:24,682 (DEBUG): STREAM b'IDAT' 134 32768
2021-12-23 22:56:24,695 (DEBUG): STREAM b'IHDR' 16 13
2021-12-23 22:56:24,695 (DEBUG): STREAM b'gAMA' 41 4
2021-12-23 22:56:24,695 (DEBUG): STREAM b'cHRM' 57 32
2021-12-23 22:56:24,695 (DEBUG): STREAM b'bKGD' 101 2
2021-12-23 22:56:24,695 (DEBUG): b'bKGD' 101 2 (unknown)
2021-12-23 22:56:24,695 (DEBUG): STREAM b'tIME' 115 7
2021-12-23 22:56:24,695 (DEBUG): b'tIME' 115 7 (unknown)
2021-12-23 22:56:24,695 (DEBUG): STREAM b'IDAT' 134 32768
2021-12-23 22:56:24,709 (DEBUG): STREAM b'IHDR' 16 13
2021-12-23 22:56:24,709 (DEBUG): STREAM b'gAMA' 41 4
2021-12-23 22:56:24,709 (DEBUG): STREAM b'cHRM' 57 32
2021-12-23 22:56:24,709 (DEBUG): STREAM b'bKGD' 101 2
2021-12-23 22:56:24,709 (DEBUG): b'bKGD' 101 2 (unknown)
2021-12-23 22:56:24,709 (DEBUG): STREAM b'tIME' 115 7
2021-12-23 22:56:24,710 (DEBUG): b'tIME' 115 7 (unknown)
2021-12-23 22:56:24,710 (DEBUG): STREAM b'IDAT' 134 32768
2021-12-23 22:56:24,722 (DEBUG): STREAM b'IHDR' 16 13
2021-12-23 22:56:24,722 (DEBUG): STREAM b'gAMA' 41 4
2021-12-23 22:56:24,722 (DEBUG): STREAM b'cHRM' 57 32
2021-12-23 22:56:24,723 (DEBUG): STREAM b'bKGD' 101 2
2021-12-23 22:56:24,723 (DEBUG): b'bKGD' 101 2 (unknown)
2021-12-23 22:56:24,723 (DEBUG): STREAM b'tIME' 115 7
2021-12-23 22:56:24,723 (DEBUG): b'tIME' 115 7 (unknown)
2021-12-23 22:56:24,723 (DEBUG): STREAM b'IDAT' 134 32768
2021-12-23 22:56:24,736 (DEBUG): STREAM b'IHDR' 16 13
2021-12-23 22:56:24,737 (DEBUG): STREAM b'gAMA' 41 4
2021-12-23 22:56:24,737 (DEBUG): STREAM b'cHRM' 57 32
2021-12-23 22:56:24,737 (DEBUG): STREAM b'bKGD' 101 2
2021-12-23 22:56:24,737 (DEBUG): b'bKGD' 101 2 (unknown)
2021-12-23 22:56:24,737 (DEBUG): STREAM b'tIME' 115 7
2021-12-23 22:56:24,737 (DEBUG): b'tIME' 115 7 (unknown)
2021-12-23 22:56:24,737 (DEBUG): STREAM b'IDAT' 134 32768
2021-12-23 22:56:24,750 (DEBUG): STREAM b'IHDR' 16 13
2021-12-23 22:56:24,750 (DEBUG): STREAM b'gAMA' 41 4
2021-12-23 22:56:24,750 (DEBUG): STREAM b'cHRM' 57 32
2021-12-23 22:56:24,750 (DEBUG): STREAM b'bKGD' 101 2
2021-12-23 22:56:24,750 (DEBUG): b'bKGD' 101 2 (unknown)
2021-12-23 22:56:24,750 (DEBUG): STREAM b'tIME' 115 7
2021-12-23 22:56:24,750 (DEBUG): b'tIME' 115 7 (unknown)
2021-12-23 22:56:24,750 (DEBUG): STREAM b'IDAT' 134 32768
2021-12-23 22:56:24,764 (DEBUG): STREAM b'IHDR' 16 13
2021-12-23 22:56:24,764 (DEBUG): STREAM b'gAMA' 41 4
2021-12-23 22:56:24,764 (DEBUG): STREAM b'cHRM' 57 32
2021-12-23 22:56:24,764 (DEBUG): STREAM b'bKGD' 101 2
2021-12-23 22:56:24,764 (DEBUG): b'bKGD' 101 2 (unknown)
2021-12-23 22:56:24,764 (DEBUG): STREAM b'tIME' 115 7
2021-12-23 22:56:24,764 (DEBUG): b'tIME' 115 7 (unknown)
2021-12-23 22:56:24,764 (DEBUG): STREAM b'IDAT' 134 32768
2021-12-23 22:56:24,778 (DEBUG): STREAM b'IHDR' 16 13
2021-12-23 22:56:24,778 (DEBUG): STREAM b'gAMA' 41 4
2021-12-23 22:56:24,778 (DEBUG): STREAM b'cHRM' 57 32
2021-12-23 22:56:24,778 (DEBUG): STREAM b'bKGD' 101 2
2021-12-23 22:56:24,778 (DEBUG): b'bKGD' 101 2 (unknown)
2021-12-23 22:56:24,778 (DEBUG): STREAM b'tIME' 115 7
2021-12-23 22:56:24,778 (DEBUG): b'tIME' 115 7 (unknown)
2021-12-23 22:56:24,778 (DEBUG): STREAM b'IDAT' 134 32768
2021-12-23 22:56:24,793 (DEBUG): STREAM b'IHDR' 16 13
2021-12-23 22:56:24,793 (DEBUG): STREAM b'gAMA' 41 4
2021-12-23 22:56:24,793 (DEBUG): STREAM b'cHRM' 57 32
2021-12-23 22:56:24,793 (DEBUG): STREAM b'bKGD' 101 2
2021-12-23 22:56:24,793 (DEBUG): b'bKGD' 101 2 (unknown)
2021-12-23 22:56:24,793 (DEBUG): STREAM b'tIME' 115 7
2021-12-23 22:56:24,793 (DEBUG): b'tIME' 115 7 (unknown)
2021-12-23 22:56:24,793 (DEBUG): STREAM b'IDAT' 134 32768
2021-12-23 22:56:24,806 (DEBUG): STREAM b'IHDR' 16 13
2021-12-23 22:56:24,806 (DEBUG): STREAM b'gAMA' 41 4
2021-12-23 22:56:24,806 (DEBUG): STREAM b'cHRM' 57 32
2021-12-23 22:56:24,806 (DEBUG): STREAM b'bKGD' 101 2
2021-12-23 22:56:24,806 (DEBUG): b'bKGD' 101 2 (unknown)
2021-12-23 22:56:24,806 (DEBUG): STREAM b'tIME' 115 7
2021-12-23 22:56:24,806 (DEBUG): b'tIME' 115 7 (unknown)
2021-12-23 22:56:24,806 (DEBUG): STREAM b'IDAT' 134 32768
2021-12-23 22:56:24,818 (DEBUG): STREAM b'IHDR' 16 13
2021-12-23 22:56:24,818 (DEBUG): STREAM b'gAMA' 41 4
2021-12-23 22:56:24,818 (DEBUG): STREAM b'cHRM' 57 32
2021-12-23 22:56:24,818 (DEBUG): STREAM b'bKGD' 101 2
2021-12-23 22:56:24,818 (DEBUG): b'bKGD' 101 2 (unknown)
2021-12-23 22:56:24,818 (DEBUG): STREAM b'tIME' 115 7
2021-12-23 22:56:24,818 (DEBUG): b'tIME' 115 7 (unknown)
2021-12-23 22:56:24,819 (DEBUG): STREAM b'IDAT' 134 32768
2021-12-23 22:56:24,832 (DEBUG): STREAM b'IHDR' 16 13
2021-12-23 22:56:24,832 (DEBUG): STREAM b'gAMA' 41 4
2021-12-23 22:56:24,832 (DEBUG): STREAM b'cHRM' 57 32
2021-12-23 22:56:24,832 (DEBUG): STREAM b'bKGD' 101 2
2021-12-23 22:56:24,832 (DEBUG): b'bKGD' 101 2 (unknown)
2021-12-23 22:56:24,832 (DEBUG): STREAM b'tIME' 115 7
2021-12-23 22:56:24,832 (DEBUG): b'tIME' 115 7 (unknown)
2021-12-23 22:56:24,832 (DEBUG): STREAM b'IDAT' 134 32768
2021-12-23 22:56:24,845 (DEBUG): STREAM b'IHDR' 16 13
2021-12-23 22:56:24,845 (DEBUG): STREAM b'gAMA' 41 4
2021-12-23 22:56:24,845 (DEBUG): STREAM b'cHRM' 57 32
2021-12-23 22:56:24,845 (DEBUG): STREAM b'bKGD' 101 2
2021-12-23 22:56:24,846 (DEBUG): b'bKGD' 101 2 (unknown)
2021-12-23 22:56:24,846 (DEBUG): STREAM b'tIME' 115 7
2021-12-23 22:56:24,846 (DEBUG): b'tIME' 115 7 (unknown)
2021-12-23 22:56:24,846 (DEBUG): STREAM b'IDAT' 134 32768
2021-12-23 22:56:24,878 (DEBUG): STREAM b'IHDR' 16 13
2021-12-23 22:56:24,879 (DEBUG): STREAM b'gAMA' 41 4
2021-12-23 22:56:24,879 (DEBUG): STREAM b'cHRM' 57 32
2021-12-23 22:56:24,879 (DEBUG): STREAM b'bKGD' 101 2
2021-12-23 22:56:24,879 (DEBUG): b'bKGD' 101 2 (unknown)
2021-12-23 22:56:24,879 (DEBUG): STREAM b'tIME' 115 7
2021-12-23 22:56:24,879 (DEBUG): b'tIME' 115 7 (unknown)
2021-12-23 22:56:24,879 (DEBUG): STREAM b'IDAT' 134 32768
2021-12-23 22:56:24,891 (DEBUG): STREAM b'IHDR' 16 13
2021-12-23 22:56:24,891 (DEBUG): STREAM b'gAMA' 41 4
2021-12-23 22:56:24,891 (DEBUG): STREAM b'cHRM' 57 32
2021-12-23 22:56:24,891 (DEBUG): STREAM b'bKGD' 101 2
2021-12-23 22:56:24,891 (DEBUG): b'bKGD' 101 2 (unknown)
2021-12-23 22:56:24,891 (DEBUG): STREAM b'tIME' 115 7
2021-12-23 22:56:24,891 (DEBUG): b'tIME' 115 7 (unknown)
2021-12-23 22:56:24,891 (DEBUG): STREAM b'IDAT' 134 32768
2021-12-23 22:56:24,905 (DEBUG): STREAM b'IHDR' 16 13
2021-12-23 22:56:24,905 (DEBUG): STREAM b'gAMA' 41 4
2021-12-23 22:56:24,905 (DEBUG): STREAM b'cHRM' 57 32
2021-12-23 22:56:24,905 (DEBUG): STREAM b'bKGD' 101 2
2021-12-23 22:56:24,905 (DEBUG): b'bKGD' 101 2 (unknown)
2021-12-23 22:56:24,905 (DEBUG): STREAM b'tIME' 115 7
2021-12-23 22:56:24,905 (DEBUG): b'tIME' 115 7 (unknown)
2021-12-23 22:56:24,905 (DEBUG): STREAM b'IDAT' 134 32768
2021-12-23 22:56:24,918 (DEBUG): STREAM b'IHDR' 16 13
2021-12-23 22:56:24,918 (DEBUG): STREAM b'gAMA' 41 4
2021-12-23 22:56:24,918 (DEBUG): STREAM b'cHRM' 57 32
2021-12-23 22:56:24,918 (DEBUG): STREAM b'bKGD' 101 2
2021-12-23 22:56:24,918 (DEBUG): b'bKGD' 101 2 (unknown)
2021-12-23 22:56:24,918 (DEBUG): STREAM b'tIME' 115 7
2021-12-23 22:56:24,918 (DEBUG): b'tIME' 115 7 (unknown)
2021-12-23 22:56:24,918 (DEBUG): STREAM b'IDAT' 134 32768
2021-12-23 22:56:24,977 (DEBUG): STREAM b'IHDR' 16 13
2021-12-23 22:56:24,977 (DEBUG): STREAM b'gAMA' 41 4
2021-12-23 22:56:24,977 (DEBUG): STREAM b'cHRM' 57 32
2021-12-23 22:56:24,977 (DEBUG): STREAM b'bKGD' 101 2
2021-12-23 22:56:24,977 (DEBUG): b'bKGD' 101 2 (unknown)
2021-12-23 22:56:24,977 (DEBUG): STREAM b'tIME' 115 7
2021-12-23 22:56:24,977 (DEBUG): b'tIME' 115 7 (unknown)
2021-12-23 22:56:24,978 (DEBUG): STREAM b'IDAT' 134 32768
2021-12-23 22:56:24,990 (DEBUG): STREAM b'IHDR' 16 13
2021-12-23 22:56:24,990 (DEBUG): STREAM b'gAMA' 41 4
2021-12-23 22:56:24,990 (DEBUG): STREAM b'cHRM' 57 32
2021-12-23 22:56:24,990 (DEBUG): STREAM b'bKGD' 101 2
2021-12-23 22:56:24,990 (DEBUG): b'bKGD' 101 2 (unknown)
2021-12-23 22:56:24,990 (DEBUG): STREAM b'tIME' 115 7
2021-12-23 22:56:24,990 (DEBUG): b'tIME' 115 7 (unknown)
2021-12-23 22:56:24,990 (DEBUG): STREAM b'IDAT' 134 32768
2021-12-23 22:56:25,003 (DEBUG): STREAM b'IHDR' 16 13
2021-12-23 22:56:25,003 (DEBUG): STREAM b'gAMA' 41 4
2021-12-23 22:56:25,003 (DEBUG): STREAM b'cHRM' 57 32
2021-12-23 22:56:25,003 (DEBUG): STREAM b'bKGD' 101 2
2021-12-23 22:56:25,003 (DEBUG): b'bKGD' 101 2 (unknown)
2021-12-23 22:56:25,003 (DEBUG): STREAM b'tIME' 115 7
2021-12-23 22:56:25,003 (DEBUG): b'tIME' 115 7 (unknown)
2021-12-23 22:56:25,003 (DEBUG): STREAM b'IDAT' 134 32768
2021-12-23 22:56:25,027 (DEBUG): STREAM b'IHDR' 16 13
2021-12-23 22:56:25,027 (DEBUG): STREAM b'gAMA' 41 4
2021-12-23 22:56:25,027 (DEBUG): STREAM b'cHRM' 57 32
2021-12-23 22:56:25,027 (DEBUG): STREAM b'bKGD' 101 2
2021-12-23 22:56:25,027 (DEBUG): b'bKGD' 101 2 (unknown)
2021-12-23 22:56:25,027 (DEBUG): STREAM b'tIME' 115 7
2021-12-23 22:56:25,027 (DEBUG): b'tIME' 115 7 (unknown)
2021-12-23 22:56:25,028 (DEBUG): STREAM b'IDAT' 134 32768
2021-12-23 22:56:25,040 (DEBUG): STREAM b'IHDR' 16 13
2021-12-23 22:56:25,040 (DEBUG): STREAM b'gAMA' 41 4
2021-12-23 22:56:25,040 (DEBUG): STREAM b'cHRM' 57 32
2021-12-23 22:56:25,040 (DEBUG): STREAM b'bKGD' 101 2
2021-12-23 22:56:25,040 (DEBUG): b'bKGD' 101 2 (unknown)
2021-12-23 22:56:25,040 (DEBUG): STREAM b'tIME' 115 7
2021-12-23 22:56:25,040 (DEBUG): b'tIME' 115 7 (unknown)
2021-12-23 22:56:25,040 (DEBUG): STREAM b'IDAT' 134 32768
2021-12-23 22:56:25,069 (DEBUG): STREAM b'IHDR' 16 13
2021-12-23 22:56:25,069 (DEBUG): STREAM b'gAMA' 41 4
2021-12-23 22:56:25,069 (DEBUG): STREAM b'cHRM' 57 32
2021-12-23 22:56:25,069 (DEBUG): STREAM b'bKGD' 101 2
2021-12-23 22:56:25,069 (DEBUG): b'bKGD' 101 2 (unknown)
2021-12-23 22:56:25,069 (DEBUG): STREAM b'tIME' 115 7
2021-12-23 22:56:25,069 (DEBUG): b'tIME' 115 7 (unknown)
2021-12-23 22:56:25,069 (DEBUG): STREAM b'IDAT' 134 32768
2021-12-23 22:56:25,082 (DEBUG): STREAM b'IHDR' 16 13
2021-12-23 22:56:25,082 (DEBUG): STREAM b'gAMA' 41 4
2021-12-23 22:56:25,082 (DEBUG): STREAM b'cHRM' 57 32
2021-12-23 22:56:25,082 (DEBUG): STREAM b'bKGD' 101 2
2021-12-23 22:56:25,082 (DEBUG): b'bKGD' 101 2 (unknown)
2021-12-23 22:56:25,082 (DEBUG): STREAM b'tIME' 115 7
2021-12-23 22:56:25,082 (DEBUG): b'tIME' 115 7 (unknown)
2021-12-23 22:56:25,082 (DEBUG): STREAM b'IDAT' 134 32768
2021-12-23 22:56:25,121 (DEBUG): STREAM b'IHDR' 16 13
2021-12-23 22:56:25,121 (DEBUG): STREAM b'gAMA' 41 4
2021-12-23 22:56:25,121 (DEBUG): STREAM b'cHRM' 57 32
2021-12-23 22:56:25,121 (DEBUG): STREAM b'bKGD' 101 2
2021-12-23 22:56:25,121 (DEBUG): b'bKGD' 101 2 (unknown)
2021-12-23 22:56:25,121 (DEBUG): STREAM b'tIME' 115 7
2021-12-23 22:56:25,121 (DEBUG): b'tIME' 115 7 (unknown)
2021-12-23 22:56:25,121 (DEBUG): STREAM b'IDAT' 134 32768
