2021-12-19 16:47:18,592 (INFO): Log Path: D:\Source_Code\Python ++\02. updateComic\log\debug-20211219-1647.18.log
2021-12-19 16:47:20,651 (INFO): Currently Processing image
2021-12-19 16:47:20,651 (INFO): Processing Titles ...
2021-12-19 16:47:22,676 (DEBUG): Get Info from structure: (laliberte+visiting)
2021-12-19 16:47:22,685 (DEBUG): Get Info from structure: (asanagi+girls in the frame)
2021-12-19 16:47:22,694 (DEBUG): Get Info from structure: (free style+one pii na yoru vip)
2021-12-19 16:47:22,702 (DEBUG): Get Info from structure: (menea the dog+yabaso na onna)
2021-12-19 16:47:22,736 (DEBUG): Get Info from structure: (kizuki rei+Otto Kounin Sex Advisor ni Hamatta Kekka Zenpen)
2021-12-19 16:47:22,744 (DEBUG): Get Info from structure: (suruga kuroitsu's stories+suruga kuroitsu's stories)
2021-12-19 16:47:22,751 (DEBUG): Get Info from structure: (kuro fn+sparta! bakunyu kyouei lesson)
2021-12-19 16:47:22,761 (DEBUG): Get Info from structure: (doskoinpo+ashidorei ni natta danshi rikujoubu)
2021-12-19 16:47:22,770 (DEBUG): Get Info from structure: (denchi+koukyuu shoufu no baikoku maso-ka choukyou ~juusha baikyaku hen~)
2021-12-19 16:47:22,780 (DEBUG): Get Info from structure: (geewhy+the joy of breeding)
2021-12-19 16:47:22,788 (DEBUG): Get Info from structure: (kuroinu juu+submission-super moon)
2021-12-19 16:47:22,796 (DEBUG): Get Info from structure: (milftoon+the milftoons)
2021-12-19 16:47:22,809 (DEBUG): Get Info from structure: (gonza+av mama)
2021-12-19 16:47:22,817 (DEBUG): Get Info from structure: (inoue nanaki+kuro mesu benjiyo-ka! asekusai asurito-kei osananajimi)
2021-12-19 16:47:22,828 (DEBUG): Get Info from structure: (laliberte+challenge)
2021-12-19 16:47:22,836 (DEBUG): Get Info from structure: (igumox+muramata-san no himitsu)
2021-12-19 16:47:22,844 (DEBUG): Get Info from structure: (abubu+npc kan mod)
2021-12-19 16:47:22,854 (DEBUG): Get Info from structure: (hyji+Whore mother)
2021-12-19 16:47:22,863 (DEBUG): Get Info from structure: (minato fumi+chiisana kuma)
2021-12-19 16:47:22,871 (DEBUG): Get Info from structure: (Jii+Share Ni Naranai Eroi Hanashi)
2021-12-19 16:47:22,880 (DEBUG): Get Info from structure: (minority+inkou no vorugasm)
2021-12-19 16:47:22,889 (DEBUG): Get Info from structure: (nozarashi satoru+tabete wa ikenai)
2021-12-19 16:47:22,897 (DEBUG): Get Info from structure: (melkor mancin+Sidney 2)
2021-12-19 16:47:22,906 (DEBUG): Get Info from structure: (benantoka+300th anniversary sex)
2021-12-19 16:47:22,916 (DEBUG): Get Info from structure: (iris art+sei ga buchimakerareta bed sheet)
2021-12-19 16:47:22,923 (DEBUG): Get Info from structure: (cotton house+aya nee ~ubawareta osananajimi~)
2021-12-19 16:47:22,932 (DEBUG): Get Info from structure: (kiyokawa zaidan+while mommy is sleeping)
2021-12-19 16:47:22,940 (DEBUG): Get Info from structure: (doujin mukashibanashi+oba-san to aitsura ga sex o shite ita)
2021-12-19 16:47:22,951 (DEBUG): Get Info from structure: (type 90+animal juice extractor girl)
2021-12-19 16:47:22,962 (DEBUG): Get Info from structure: (inoue nanaki+karada de eigo o oboeyou!)
2021-12-19 16:47:22,973 (DEBUG): Get Info from structure: (neko samurai+souken shimai ~ane torare ~)
2021-12-19 16:47:22,983 (DEBUG): Get Info from structure: (mizuryu kei+Naomi Kaede Wa Majime De Sukebe)
2021-12-19 16:47:22,998 (DEBUG): Get Info from structure: (sanagi torajirou+princess vs gorilla boss)
2021-12-19 16:47:23,006 (DEBUG): Get Info from structure: (toitoi+suzuka choukyou kiroku)
2021-12-19 16:47:23,015 (DEBUG): Get Info from structure: (john k pe-ta+washlet teller toilet spirit)
2021-12-19 16:47:23,024 (DEBUG): Get Info from structure: (Haguhagu+Sasha-chan Is Coming!)
2021-12-19 16:47:23,035 (DEBUG): Get Info from structure: (sugi ji+otome no jouran)
2021-12-19 16:47:23,044 (DEBUG): Get Info from structure: (yokkora+no. 1 girl)
2021-12-19 16:47:23,052 (DEBUG): Get Info from structure: (o.p com+hikari no housoku)
2021-12-19 16:47:23,061 (DEBUG): Get Info from structure: (Dondakei+Fukushuu!! Tenraku Gakuen no Nikubin Hime!!)
2021-12-19 16:47:23,069 (DEBUG): Get Info from structure: (sanagi torajirou+love & less)
2021-12-19 16:47:23,079 (DEBUG): Get Info from structure: (rokkaku yasosuke+keeping himari-san company)
2021-12-19 16:47:23,087 (DEBUG): Get Info from structure: (etsuzan jakusui's stories+etsuzan jakusui's stories)
2021-12-19 16:47:23,096 (DEBUG): Get Info from structure: (jingrock+love letter)
2021-12-19 16:47:23,106 (DEBUG): Get Info from structure: (iku+iro o ou)
2021-12-19 16:47:23,115 (DEBUG): Get Info from structure: (Kkamja+Lightning Rod)
2021-12-19 16:47:23,138 (DEBUG): Get Info from structure: (gorgonzola+Who Cares About Kurata)
2021-12-19 16:47:23,147 (DEBUG): Get Info from structure: (yamakumo+sex o sureba erai you na fuuchou)
2021-12-19 16:47:23,156 (DEBUG): Get Info from structure: (Meetban+Neckless)
2021-12-19 16:47:23,165 (DEBUG): Get Info from structure: (mizuryu kei+Maria-sama Ga Miteru Baishun)
2021-12-19 16:47:23,175 (DEBUG): Get Info from structure: (inoue nanaki+joshiki kaihen saimin kuro ochi iincho)
2021-12-19 16:47:23,183 (DEBUG): Get Info from structure: (dsan+perverted)
2021-12-19 16:47:23,191 (DEBUG): Get Info from structure: (mizuryu kei+gts - great teacher sayoko)
2021-12-19 16:47:23,201 (DEBUG): Get Info from structure: (ootsuka reika+arisa's bitch project)
2021-12-19 16:47:23,209 (DEBUG): Get Info from structure: (jinsuke+mesu kachou jogeza gaiden - kunoo shizuka no baai)
2021-12-19 16:47:23,218 (DEBUG): Get Info from structure: (Miharu+Hikkikomori Ojousama No Betabeta)
2021-12-19 16:47:23,226 (DEBUG): Get Info from structure: (shindo l+fragile and tough)
2021-12-19 16:47:23,233 (DEBUG): Get Info from structure: (miyamoto issa+heart mark oome)
2021-12-19 16:47:23,241 (DEBUG): Get Info from structure: (meme50+take us away)
2021-12-19 16:47:23,249 (DEBUG): Get Info from structure: (gonza+lustful treatment)
2021-12-19 16:47:23,257 (DEBUG): Get Info from structure: (asakura kukuri+Ochiba Tori)
2021-12-19 16:47:23,266 (DEBUG): Get Info from structure: (kuroiwa menou+incubus)
2021-12-19 16:47:23,275 (DEBUG): Get Info from structure: (yumano yuuki+midsummer tryst)
2021-12-19 16:47:23,283 (DEBUG): Get Info from structure: (shinozuka yuuji+ore ga mita koto no nai kanojo)
2021-12-19 16:47:23,295 (DEBUG): Get Info from structure: (zaidan kiyokawa+settle it with mom)
2021-12-19 16:47:23,302 (DEBUG): Get Info from structure: (tamagoro+sex duty)
2021-12-19 16:47:23,311 (DEBUG): Get Info from structure: (tamagoro+hametomo collection)
2021-12-19 16:47:23,318 (DEBUG): Get Info from structure: (nyuu+kyuu kousha ura bunkasai #1 -totsuzen no shoutai-)
2021-12-19 16:47:23,327 (DEBUG): Get Info from structure: (tsuzura kuzukago+gibo to futari de kurashitara)
2021-12-19 16:47:23,336 (DEBUG): Get Info from structure: (sengoku-kun+pretty cool)
2021-12-19 16:47:23,344 (DEBUG): Get Info from structure: (suruga kuroitsu+the abcs of interviewing)
2021-12-19 16:47:23,355 (DEBUG): Get Info from structure: (ryoji+inakax)
2021-12-19 16:47:23,363 (DEBUG): Get Info from structure: (motomushi+Hanareta Tokoro kara Yarimakuri!)
2021-12-19 16:47:23,372 (DEBUG): Get Info from structure: (sanbaizu+kazoku haisetsu)
2021-12-19 16:47:23,381 (DEBUG): Get Info from structure: (emori uki+Oba-chan No Waki To Ase To Etc)
2021-12-19 16:47:23,389 (DEBUG): Get Info from structure: (ironwolf+a villian's bitch)
2021-12-19 16:47:23,395 (DEBUG): Get Info from structure: (aya shachou+aya shachou's stories)
2021-12-19 16:47:23,404 (DEBUG): Get Info from structure: (pija+aru atsui hi no futari)
2021-12-19 16:47:23,413 (DEBUG): Get Info from structure: (sawaragi+kaihou tokku gakuen seikatsu)
2021-12-19 16:47:23,421 (DEBUG): Get Info from structure: (oosawara sadao+ore no kanojo wa hamedori jk ~koukai bokki o soete~)
2021-12-19 16:47:23,428 (DEBUG): Get Info from structure: (atage+ore no imouto ga oji-san no onaho ni naru to iidashita!!)
2021-12-19 16:47:23,435 (DEBUG): Get Info from structure: (dam+pretend resistance)
2021-12-19 16:47:23,444 (DEBUG): Get Info from structure: (cotton house+boku no jiman no kanojo ga netoraremashite)
2021-12-19 16:47:23,455 (DEBUG): Get Info from structure: (tamagoro+toshiue no kareshi dekichaimashita)
2021-12-19 16:47:23,464 (DEBUG): Get Info from structure: (arai kei+Boku Wa Kanojo No Namae Mo Shiranai)
2021-12-19 16:47:23,473 (DEBUG): Get Info from structure: (type 90+bitch livestock market)
2021-12-19 16:47:23,481 (DEBUG): Get Info from structure: (mizone+jikyuu 1500 yen!! gyogyou o tetsudau kantan na oshigoto desu)
2021-12-19 16:47:23,489 (DEBUG): Get Info from structure: (arai kei+hougan kanojo)
2021-12-19 16:47:23,498 (DEBUG): Get Info from structure: (henkuma+fall! sticky education!)
2021-12-19 16:47:23,507 (DEBUG): Get Info from structure: (milftoon+iron giantits)
2021-12-19 16:47:23,515 (DEBUG): Get Info from structure: (surumenium+enkou oji-san monogatari kuro gal bitch hen)
2021-12-19 16:47:23,523 (DEBUG): Get Info from structure: (tamagoro+thank you very bitch)
2021-12-19 16:47:23,532 (DEBUG): Get Info from structure: (tsukino jyogi+inshuu no toriko)
2021-12-19 16:47:23,540 (DEBUG): Get Info from structure: (arai kei+The Care And Feeding Of Childhood Friends)
2021-12-19 16:47:23,547 (DEBUG): Get Info from structure: (jyura+chibiusa)
2021-12-19 16:47:23,556 (DEBUG): Get Info from structure: (doujin mukashibanashi+musume ga furyou ni otosareteita)
2021-12-19 16:47:23,563 (DEBUG): Get Info from structure: (kira hiroyoshi+chijo wakusei)
2021-12-19 16:47:23,571 (DEBUG): Get Info from structure: (jinsuke+joshi athlete saiminkan joshi wrestling hen)
2021-12-19 16:47:23,579 (DEBUG): Get Info from structure: (hyji+hot for egoistic teacher)
2021-12-19 16:47:23,589 (DEBUG): Get Info from structure: (laliberte+fake love)
2021-12-19 16:47:23,596 (DEBUG): Get Info from structure: (lunch+shochuu kaika)
2021-12-19 16:47:23,603 (DEBUG): Get Info from structure: (Mizuryu Kei+Uchi no Kazoku no Fashion ga Okashii)
2021-12-19 16:47:23,611 (DEBUG): Get Info from structure: (jinsuke+mesu kachou jogeza)
2021-12-19 16:47:23,620 (DEBUG): Get Info from structure: (gonza+Sensei Wa Seiyoku O Osaerarenai)
2021-12-19 16:47:23,628 (DEBUG): Get Info from structure: (Minority+Subete ga M ni Naru)
2021-12-19 16:47:23,636 (DEBUG): Get Info from structure: (ootori mahiro+seieki jaguchi)
2021-12-19 16:47:23,644 (DEBUG): Get Info from structure: (murata+Bijin Onna Joushi O Yaru!)
2021-12-19 16:47:23,653 (DEBUG): Get Info from structure: (tsusauto+mikonjo no shounengari)
2021-12-19 16:47:23,661 (DEBUG): Get Info from structure: (benantoka+sick yank)
2021-12-19 16:47:23,669 (DEBUG): Get Info from structure: (alp+hoshizora ...line)
2021-12-19 16:47:23,677 (DEBUG): Get Info from structure: (mizuryu kei+mc gakuen)
2021-12-19 16:47:23,685 (DEBUG): Get Info from structure: (sanagi torajiro+otoguro miya no oasobi)
2021-12-19 16:47:23,694 (DEBUG): Get Info from structure: (shindo l+darenashi)
2021-12-19 16:47:23,701 (DEBUG): Get Info from structure: (shindo l+shindol no bunka jinruigaku)
2021-12-19 16:47:23,711 (DEBUG): Get Info from structure: (nagare ippon+yuri kan plus kanyou shoujo)
2021-12-19 16:47:23,719 (DEBUG): Get Info from structure: (kawaisaw+taima no haha)
2021-12-19 16:47:23,727 (DEBUG): Get Info from structure: (ntrman+awakening of a goddess)
2021-12-19 16:47:23,736 (DEBUG): Get Info from structure: (cuzukago+boku no kaa-san wa av joyuu)
2021-12-19 16:47:23,743 (DEBUG): Get Info from structure: (meme 50+handwriting)
2021-12-19 16:47:23,752 (DEBUG): Get Info from structure: (bota mochito+lots of sex with a dead lay maid)
2021-12-19 16:47:23,759 (DEBUG): Get Info from structure: (danimaru+suteneko kanojo)
2021-12-19 16:47:23,767 (DEBUG): Get Info from structure: (toguchi masaya+wotome haha)
2021-12-19 16:47:23,775 (DEBUG): Get Info from structure: (gonza+musuko ni matagaru hi ~haha to musuko no hamedori kiroku~)
2021-12-19 16:47:23,784 (DEBUG): Get Info from structure: (climbcrown+Nakadashi Oji-san ni Nerawareta Mesu wa Nigeru Koto ga Dekinai)
2021-12-19 16:47:23,792 (DEBUG): Get Info from structure: (hirune+let's play a whole lot!)
2021-12-19 16:47:23,800 (DEBUG): Get Info from structure: (rocket monkey+hitozuma wa yoru ni naku)
2021-12-19 16:47:23,807 (DEBUG): Get Info from structure: (minority+hanabi)
2021-12-19 16:47:23,815 (DEBUG): Get Info from structure: (hal+shumiya kurumi muki choueki)
2021-12-19 16:47:23,823 (DEBUG): Get Info from structure: (kurosu gatari's stories+kurosu gatari's stories)
2021-12-19 16:47:23,832 (DEBUG): Get Info from structure: (butcha-u+Dirty Docking)
2021-12-19 16:47:23,841 (DEBUG): Get Info from structure: (sagattoru+overheat)
2021-12-19 16:47:23,849 (DEBUG): Get Info from structure: (jabcomix+keeping it up with the joneses)
2021-12-19 16:47:23,858 (DEBUG): Get Info from structure: (kirisaki byakko+echidna-sama no himatsubushi)
2021-12-19 16:47:23,869 (DEBUG): Get Info from structure: (sakurayu hal+musume nochi haha, tokoroniyori shunrai kouhen)
2021-12-19 16:47:23,877 (DEBUG): Get Info from structure: (arai kei+Gunjo Gunzo)
2021-12-19 16:47:23,885 (DEBUG): Get Info from structure: (sugoi hi+mahou shoujo kyousei zecchou)
2021-12-19 16:47:23,894 (DEBUG): Get Info from structure: (Kunaboto+Pussy Cat)
2021-12-19 16:47:23,901 (DEBUG): Get Info from structure: (milftoon+birthday boy)
2021-12-19 16:47:23,909 (DEBUG): Get Info from structure: (sahara wataru+saboten campus)
2021-12-19 16:47:23,919 (DEBUG): Get Info from structure: (fuetakishi+wakiwaki sports!)
2021-12-19 16:47:23,927 (DEBUG): Get Info from structure: (ken+Ahen-ki!)
2021-12-19 16:47:23,935 (DEBUG): Get Info from structure: (meme 50+to steal or to be stolen!)
2021-12-19 16:47:23,943 (DEBUG): Get Info from structure: (tsukino jyogi+okaltic 69)
2021-12-19 16:47:23,952 (DEBUG): Get Info from structure: (jyura+sister complex)
2021-12-19 16:47:23,960 (DEBUG): Get Info from structure: (shindo l+moroku gankyou ni)
2021-12-19 16:47:23,969 (DEBUG): Get Info from structure: (meme50+heat alert)
2021-12-19 16:47:23,976 (DEBUG): Get Info from structure: (kizuki rei+Family Plan)
2021-12-19 16:47:23,986 (DEBUG): Get Info from structure: (jabcomix+fucking possible)
2021-12-19 16:47:23,994 (DEBUG): Get Info from structure: (jingrock's jk stories+jingrock's jk stories)
2021-12-19 16:47:24,002 (DEBUG): Get Info from structure: (mizuryu kei+Mitsubachi No Yakata Nigou-kan Seventh Heaven-ten)
2021-12-19 16:47:24,010 (DEBUG): Get Info from structure: (Hitagiri+Pizza to Shoujuu)
2021-12-19 16:47:24,016 (DEBUG): Get Info from structure: (freedom prophet+okujou club)
2021-12-19 16:47:24,025 (DEBUG): Get Info from structure: (nakayama tetsugaku+bakunyuu sphinx to itsumo no riddle)
2021-12-19 16:47:24,034 (DEBUG): Get Info from structure: (myamoto issa+itoshi no onii-sama lilim's gaiden)
2021-12-19 16:47:24,042 (DEBUG): Get Info from structure: (minority+Wakame-sensei do your best)
2021-12-19 16:47:24,050 (DEBUG): Get Info from structure: (jingrock's ub stories+jingrock's ub stories)
2021-12-19 16:47:24,058 (DEBUG): Get Info from structure: (kakugari kyoudai+Nippon Sweet Pig)
2021-12-19 16:47:24,065 (DEBUG): Get Info from structure: (rihito akane+htsk)
2021-12-19 16:47:24,074 (DEBUG): Get Info from structure: (kurono taitsu+babaa-domo aite ni harem sex shite mitara omoinohoka tanoshikatta)
2021-12-19 16:47:24,083 (DEBUG): Get Info from structure: (ibuki+sayuki onee-san wa gaman ga dekinai)
2021-12-19 16:47:24,092 (DEBUG): Get Info from structure: (tanaka-ex+toki to meki - tomatta sekai de majiwaru toiki -)
2021-12-19 16:47:24,100 (DEBUG): Get Info from structure: (juna juna juice+seiyoku ni katenai android)
2021-12-19 16:47:24,108 (DEBUG): Get Info from structure: (Ichinose Land+Zako Succubus-chan wa Semen ga Hoshii no!)
2021-12-19 16:47:24,115 (DEBUG): Get Info from structure: (gengorou+the xian and i)
2021-12-19 16:47:24,123 (DEBUG): Get Info from structure: (etuzan jakusui+one room bloom)
2021-12-19 16:47:24,132 (DEBUG): Get Info from structure: (gonza+Nonfiction ~boshi Soukan No Kioku~)
2021-12-19 16:47:24,141 (DEBUG): Get Info from structure: (ken+my personal big breasted masturbation maid)
2021-12-19 16:47:24,151 (DEBUG): Get Info from structure: (manga jigoku+summer experience)
2021-12-19 16:47:24,159 (DEBUG): Get Info from structure: (akigami satoru+be careful of trial hypnosis!)
2021-12-19 16:47:24,167 (DEBUG): Get Info from structure: (gonza+Prim And Proper Girlfriend's Steamy Libido)
2021-12-19 16:47:24,175 (DEBUG): Get Info from structure: (arai kei+Shushou Wa Renshuu Ga Shitai!)
2021-12-19 16:47:24,185 (DEBUG): Get Info from structure: (risei+otorisousakan chijoku no shikyuu moro dashi dancer)
2021-12-19 16:47:24,191 (DEBUG): Get Info from structure: (o.p com+satomori haira inpouchou)
2021-12-19 16:47:24,199 (DEBUG): Get Info from structure: (mizuryu kei+Captain Marine Wants to be Raped in a Non-Consensual Manner)
2021-12-19 16:47:24,207 (DEBUG): Get Info from structure: (minazuki mikka+tsuma o fuuzokujou ni shite wa naranai kore dake no riyuu)
2021-12-19 16:47:24,215 (DEBUG): Get Info from structure: (sueyuu+tsuma omoi, netorase)
2021-12-19 16:47:24,224 (DEBUG): Get Info from structure: (takemasa takeshi+relaxation)
2021-12-19 16:47:24,231 (DEBUG): Get Info from structure: (minority+twilight volgasm)
2021-12-19 16:47:24,239 (DEBUG): Get Info from structure: (doujin mukashibanashi+okaa-san to class no yarichin ga)
2021-12-19 16:47:24,247 (DEBUG): Get Info from structure: (kitani sai+chuutte shite)
2021-12-19 16:47:24,256 (DEBUG): Get Info from structure: (kuro fn+mesubuta ian shoukou hairde)
2021-12-19 16:47:24,265 (DEBUG): Get Info from structure: (Koorizu+Onedari Rio-chan)
2021-12-19 16:47:24,272 (DEBUG): Get Info from structure: (gonza+sexy chinese courtship technique)
2021-12-19 16:47:24,280 (DEBUG): Get Info from structure: (sanagi torajirou's stories+sanagi torajirou's stories)
2021-12-19 16:47:24,289 (DEBUG): Get Info from structure: (shinozuka yuuji+hitozuma life one time gal)
2021-12-19 16:47:24,296 (DEBUG): Get Info from structure: (urakan+makezugirai no kyouko-san)
2021-12-19 16:47:24,307 (DEBUG): Get Info from structure: (ikematsu+cool break)
2021-12-19 16:47:24,315 (DEBUG): Get Info from structure: (shindo l+this ojou-sama's in trouble! i've got to do something)
2021-12-19 16:47:24,323 (DEBUG): Get Info from structure: (kiliu+niizuma no arai-san)
2021-12-19 16:47:24,332 (DEBUG): Get Info from structure: (melkor mancin+Janice Cabin Fever)
2021-12-19 16:47:24,340 (DEBUG): Get Info from structure: (jyura+osanajimi no mama)
2021-12-19 16:47:24,348 (DEBUG): Get Info from structure: (sugiji's stories+sugiji's stories)
2021-12-19 16:47:24,356 (DEBUG): Get Info from structure: (nakani+mukashi wa kawaikatta)
2021-12-19 16:47:24,365 (DEBUG): Get Info from structure: (tamagoro+doutei danshi kousei iinkai)
2021-12-19 16:47:24,374 (DEBUG): Get Info from structure: (bokujou nushi k+kazoku no katachi)
2021-12-19 16:47:24,382 (DEBUG): Get Info from structure: (ntrman+short comic#8 breeding program)
2021-12-19 16:47:24,390 (DEBUG): Get Info from structure: (nanashi+lady yupiel's servant)
2021-12-19 16:47:24,398 (DEBUG): Get Info from structure: (shiwasu no okina+pisu hame)
2021-12-19 16:47:24,407 (DEBUG): Get Info from structure: (inoue kiyoshirou+houshi iin no oshigoto)
2021-12-19 16:47:24,415 (DEBUG): Get Info from structure: (2t+sakusei toshi elosion - sex paradise city elosion)
2021-12-19 16:47:24,423 (DEBUG): Get Info from structure: (matou+kono takerikuruu kono mi ni gouin wo!)
2021-12-19 16:47:24,431 (DEBUG): Get Info from structure: (shimoyama giruko+netorare jukubo no tsuyameki)
2021-12-19 16:47:24,440 (DEBUG): Get Info from structure: (ohkura kazuya+natsuyasumi no omoide joukan)
2021-12-19 16:47:24,449 (DEBUG): Get Info from structure: (b.b.t.t.+takabisha elf kyousei konin!!)
2021-12-19 16:47:24,456 (DEBUG): Get Info from structure: (senke kagero+petit heaven)
2021-12-19 16:47:24,466 (DEBUG): Get Info from structure: (benantoka+my beloved kouhai)
2021-12-19 16:47:24,477 (DEBUG): Get Info from structure: (sanagi torajirou+utakata omoi)
2021-12-19 16:47:24,485 (DEBUG): Get Info from structure: (zakotsu+mitsumete tai)
2021-12-19 16:47:24,494 (DEBUG): Get Info from structure: (haison+sanzou and her horse)
2021-12-19 16:47:24,502 (DEBUG): Get Info from structure: (unou+tsuyoi otoko ni naritakute)
2021-12-19 16:47:24,510 (DEBUG): Get Info from structure: (dining+medaka the end)
2021-12-19 16:47:24,519 (DEBUG): Get Info from structure: (Ail+Boku Ni Sefri Ga Dekita Riyuu)
2021-12-19 16:47:24,528 (DEBUG): Get Info from structure: (mizuryu kei+souma souko no nichijou)
2021-12-19 16:47:24,536 (DEBUG): Get Info from structure: (pururin+one pii na yoru vip)
2021-12-19 16:47:24,546 (DEBUG): Get Info from structure: (-+see me after class)
2021-12-19 16:47:24,556 (DEBUG): Get Info from structure: (Arai Taiki+Kahanshin Daiichi Shugi)
2021-12-19 16:47:24,565 (DEBUG): Get Info from structure: (menea the dog+mizuha ni oshioki!)
2021-12-19 16:47:24,574 (DEBUG): Get Info from structure: (freehand tamashii+Muchi-muchi Kyojo No Oba-chan To Eroi Koto Suru Ze!)
2021-12-19 16:47:24,583 (DEBUG): Get Info from structure: (otochichi+Bizzare! The Hole Woman)
2021-12-19 16:47:24,593 (DEBUG): Get Info from structure: (takashiro go-ya+kimi no hitomi ni koishiteru)
2021-12-19 16:47:24,601 (DEBUG): Get Info from structure: (minority+queen b no halloween)
2021-12-19 16:47:24,612 (DEBUG): Get Info from structure: (melkor mancin+Slutty Misty)
2021-12-19 16:47:24,619 (DEBUG): Get Info from structure: (henrik+rin no inran funtouki)
2021-12-19 16:47:24,630 (DEBUG): Get Info from structure: (etuzan jakusui+hitozuma nanpa ntr onsen - ryokousaki de nakayoku tanetsuke saremashita)
2021-12-19 16:47:24,639 (DEBUG): Get Info from structure: (Alice Crazy+A Pervert's Daily Life)
2021-12-19 16:47:24,661 (DEBUG): Get Info from structure: (miyamoto issa+hitohada to yukidoke)
2021-12-19 16:47:24,669 (DEBUG): Get Info from structure: (izayoi no kiki+share collection)
2021-12-19 16:47:24,678 (DEBUG): Get Info from structure: (ikoma ippei+caster ayako kanzenban)
2021-12-19 16:47:24,686 (DEBUG): Get Info from structure: (-+mrt ntr martina netorare)
2021-12-19 16:47:24,695 (DEBUG): Get Info from structure: (minority+pure love orgasm)
2021-12-19 16:47:24,703 (DEBUG): Get Info from structure: (Dokurosan+Mifune Miyu no Dosukebe Enkaigei)
2021-12-19 16:47:24,711 (DEBUG): Get Info from structure: (john k pe-ta+houkago barabara jiken)
2021-12-19 16:47:24,720 (DEBUG): Get Info from structure: (kishizuka kenji+sex education)
2021-12-19 16:47:24,728 (DEBUG): Get Info from structure: (densuke+bukiyou crossing)
2021-12-19 16:47:24,736 (DEBUG): Get Info from structure: (mikawaya+class caste joui no gal ga layer datta ken)
2021-12-19 16:47:24,744 (DEBUG): Get Info from structure: (bonske+sono kuchi to shita de subete o uketomenasai)
2021-12-19 16:47:24,753 (DEBUG): Get Info from structure: (arai kei+Otonari-san Wa Koi Wazurai)
2021-12-19 16:47:24,761 (DEBUG): Get Info from structure: (ken sogen+better than sex)
2021-12-19 16:47:24,770 (DEBUG): Get Info from structure: (zephyros+live)
2021-12-19 16:47:24,778 (DEBUG): Get Info from structure: (etori yuuya+ore ga saimin appli de mesu ni naru wake nai daro!)
2021-12-19 16:47:24,785 (DEBUG): Get Info from structure: (kiliu+ike! seijun gakuen ero-mangabu)
2021-12-19 16:47:24,796 (DEBUG): Get Info from structure: (horitomo+monmusu hentai appli de go!)
2021-12-19 16:47:24,809 (DEBUG): Get Info from structure: (fan no hitori+sennen reijou ~ my lady, my master ~)
2021-12-19 16:47:24,819 (DEBUG): Get Info from structure: (inoue nanaki+teishuku tsuma no gyaru ochi fuzoku nikki)
2021-12-19 16:47:24,827 (DEBUG): Get Info from structure: (gorgonzola+one day screw)
2021-12-19 16:47:24,836 (DEBUG): Get Info from structure: (Kurosu Gatari+Wild-shiki Nihonjin Tsuma no Netorikata Sono Ni)
2021-12-19 16:47:24,845 (DEBUG): Get Info from structure: (freehand tamashii+While My Wife's Working, I'll Collar Her Mother)
2021-12-19 16:47:24,853 (DEBUG): Get Info from structure: (Jairou+Soto de Shiyou! Futari no Himitsu)
2021-12-19 16:47:24,863 (DEBUG): Get Info from structure: (mizuryu kei+Mercury Shadow)
2021-12-19 16:47:24,873 (DEBUG): Get Info from structure: (jitsuma+boshinication)
2021-12-19 16:47:24,881 (DEBUG): Get Info from structure: (mizuryu kei+Ishoku Bitch To YariCir Seikatsu)
2021-12-19 16:47:24,891 (DEBUG): Get Info from structure: (yakkora+family love play)
2021-12-19 16:47:24,899 (DEBUG): Get Info from structure: (sanagi torajirou+photorare sex & photograph)
2021-12-19 16:47:24,908 (DEBUG): Get Info from structure: (iris art+saki natsumi no shikyuu ga ochita hi)
2021-12-19 16:47:24,918 (DEBUG): Get Info from structure: (kuroinu juu+mesu goblin o dorei ni shimashita)
2021-12-19 16:47:24,926 (DEBUG): Get Info from structure: (nakani+sono ato miru no)
2021-12-19 16:47:24,935 (DEBUG): Get Info from structure: (mameojitan+Ntr Jk)
2021-12-19 16:47:24,944 (DEBUG): Get Info from structure: (Henkuma+Yumemi Riamu wa Dame ni Suru)
2021-12-19 16:47:24,951 (DEBUG): Get Info from structure: (gomu+hypnotized princess)
2021-12-19 16:47:24,959 (DEBUG): Get Info from structure: (Jyura+Necro Fantasia 1)
2021-12-19 16:47:24,967 (DEBUG): Get Info from structure: (Doujin Mukashibanashi+Tsuma ga Hentai no Omocha ni)
2021-12-19 16:47:24,975 (DEBUG): Get Info from structure: (Kyouan+Make Benki w)
2021-12-19 16:47:24,983 (DEBUG): Get Info from structure: (benantoka+Pure Opposite sex companionship)
2021-12-19 16:47:24,991 (DEBUG): Get Info from structure: (pettanp+saimin ochi kyonyuu shimai wa semen ga daisuki)
2021-12-19 16:47:24,999 (DEBUG): Get Info from structure: (oouso+pet or slave!! koyomika's family)
2021-12-19 16:47:25,008 (DEBUG): Get Info from structure: (meme50+hand drawn)
2021-12-19 16:47:25,016 (DEBUG): Get Info from structure: (gorgonzola+Ojisan Biyori)
2021-12-19 16:47:25,026 (DEBUG): Get Info from structure: (Miharu+Saitama Blues)
2021-12-19 16:47:25,032 (DEBUG): Get Info from structure: (hishigata tomaru+oshikake bakunyuu gal harem seikatsu!)
2021-12-19 16:47:25,041 (DEBUG): Get Info from structure: (suihei sen+shiofuki kanrinin masato-kun)
2021-12-19 16:47:25,049 (DEBUG): Get Info from structure: (jitsuma+son swapping)
2021-12-19 16:47:25,059 (DEBUG): Get Info from structure: (ahemaru+slave the blood)
2021-12-19 16:47:25,067 (DEBUG): Get Info from structure: (umi no kyuuban+gal in the country)
2021-12-19 16:47:25,075 (DEBUG): Get Info from structure: (usa+when she smiled at me)
2021-12-19 16:47:25,086 (DEBUG): Get Info from structure: (nishiarai+obasan no panti kaburu)
2021-12-19 16:47:25,093 (DEBUG): Get Info from structure: (type 90+the three little masturbator pigs)
2021-12-19 16:47:25,102 (DEBUG): Get Info from structure: (jyura+sailor moon (30))
2021-12-19 16:47:25,110 (DEBUG): Get Info from structure: (miyamoto issa+love story)
2021-12-19 16:47:25,119 (DEBUG): Get Info from structure: (Abubu+Kinjo no Onnatachi ga Nazeka Ore no Ie no Furo ni Hairi ni Kuru Ken)
2021-12-19 16:47:25,127 (DEBUG): Get Info from structure: (irotenya+mahouyaku no zairyou)
2021-12-19 16:47:25,139 (DEBUG): Get Info from structure: (seidenki+namaiki na ane ni ikisugita itazura)
2021-12-19 16:47:25,147 (DEBUG): Get Info from structure: (jairou+seikyouiku wa rankou de)
2021-12-19 16:47:25,155 (DEBUG): Get Info from structure: (mizone+welcome to the demi-human medical center)
2021-12-19 16:47:25,162 (DEBUG): Get Info from structure: (aho+oni gal ni shiborarechaimashita)
2021-12-19 16:47:25,170 (DEBUG): Get Info from structure: (heiqing langjun+hyakkasou -gejo botan no yuuutsu-)
2021-12-19 16:47:25,180 (DEBUG): Get Info from structure: (kuromotokun+jc chikan de seikyouiku)
2021-12-19 16:47:25,192 (DEBUG): Get Info from structure: (henriku+rin no inran funtouki)
2021-12-19 16:47:25,199 (DEBUG): Get Info from structure: (Arai Kei+Boku No Kanojo)
2021-12-19 16:47:25,208 (DEBUG): Get Info from structure: (hase tsubura+boku no hentai okaa-san)
2021-12-19 16:47:25,216 (DEBUG): Get Info from structure: (gonza+how to use your cock sleeve)
2021-12-19 16:47:25,224 (DEBUG): Get Info from structure: (indo curry+sexliner de go!)
2021-12-19 16:47:25,232 (DEBUG): Get Info from structure: (shindo l+senjou no hana)
2021-12-19 16:47:25,240 (DEBUG): Get Info from structure: (Meeo+Suki Araba Kareshi no Seiheki o Yugametai!)
2021-12-19 16:47:25,249 (DEBUG): Get Info from structure: (lunaluku+sca sis)
2021-12-19 16:47:25,258 (DEBUG): Get Info from structure: (shinozuka yuuji's stories+shinozuka yuuji's stories)
2021-12-19 16:47:25,266 (DEBUG): Get Info from structure: (Gonza+Mayonaka No Haha)
2021-12-19 16:47:25,274 (DEBUG): Get Info from structure: (tamagoro+jk-enko)
2021-12-19 16:47:25,282 (DEBUG): Get Info from structure: (Hatoba Akane+Touma Senki Cecilia)
2021-12-19 16:47:25,293 (DEBUG): Get Info from structure: (kuroinu juu's non-sailor stories+kuroinu juu's non-sailor stories)
2021-12-19 16:47:25,303 (DEBUG): Get Info from structure: (gonza+nana-san's temptation strategy)
2021-12-19 16:47:25,312 (DEBUG): Get Info from structure: (mon-petit+natsu ga owaru)
2021-12-19 16:47:25,320 (DEBUG): Get Info from structure: (type 90+shameless livestock sisters)
2021-12-19 16:47:25,330 (DEBUG): Get Info from structure: (shiki hanana+mama ni okorare nagara suru sex)
2021-12-19 16:47:25,338 (DEBUG): Get Info from structure: (Meishi Shinja+Sennou Zumi! Seishori Cheerleading-bu)
2021-12-19 16:47:25,346 (DEBUG): Get Info from structure: (denchi+mitsugi maso otoshi daisakusen! ~fashion circle no shikin choutatsuhou~)
2021-12-19 16:47:25,353 (DEBUG): Get Info from structure: (anthology+tabete wa ikenai 4)
2021-12-19 16:47:25,360 (DEBUG): Get Info from structure: (benantoka+slut exposure festival)
2021-12-19 16:47:25,369 (DEBUG): Get Info from structure: (kiyokawa zaidan+ojii-chan toha haiccha dame yo!)
2021-12-19 16:47:25,377 (DEBUG): Get Info from structure: (azukiko+Boku No Mamakatsu!)
2021-12-19 16:47:25,386 (DEBUG): Get Info from structure: (dozamura+katekyo-saki no loli twinte ga bitch na ueni s ni mezamete komaru)
2021-12-19 16:47:25,396 (DEBUG): Get Info from structure: (nagi ichi+Tonikaku Ore Wa Otokonoko Erufu To Ecchi Ga Shitainda!!)
2021-12-19 16:47:25,405 (DEBUG): Get Info from structure: (alansmithee+the cure for sexlessness)
2021-12-19 16:47:25,414 (DEBUG): Get Info from structure: (alp+melty limit)
2021-12-19 16:47:25,423 (DEBUG): Get Info from structure: (hana hook+nekura shounen no fukushuu harem choukyou keikaku)
2021-12-19 16:47:25,431 (DEBUG): Get Info from structure: (Watanabe Kenpo+Tonari No Bitch Nee-chan)
2021-12-19 16:47:25,440 (DEBUG): Get Info from structure: (chirumakuro+i'll squeeze you with these)
2021-12-19 16:47:25,447 (DEBUG): Get Info from structure: (herio+sukoshi wa ganbare! meina-chan)
2021-12-19 16:47:25,455 (DEBUG): Get Info from structure: (kuromotokun+jc rachitte seikyouiku)
2021-12-19 16:47:25,464 (DEBUG): Get Info from structure: (Maimu-Maimu+Kyouko Sensei to Boku no Himitsu)
2021-12-19 16:47:25,473 (DEBUG): Get Info from structure: (benantoka+My Dreamy Delinquent Wife)
2021-12-19 16:47:25,480 (DEBUG): Get Info from structure: (melkor mancin+Slutty Violet)
2021-12-19 16:47:25,492 (DEBUG): Get Info from structure: (miharu+kurohada no nioi)
2021-12-19 16:47:25,502 (DEBUG): Get Info from structure: (amatake akewo+magical girl fuck)
2021-12-19 16:47:25,513 (DEBUG): Get Info from structure: (dam+lina-sama goes nuts)
2021-12-19 16:47:25,524 (DEBUG): Get Info from structure: (kawaisaw+kore, haha desu)
2021-12-19 16:47:25,533 (DEBUG): Get Info from structure: (freehand tamasshii+Shin Mama O Netoruze!)
2021-12-19 16:47:25,543 (DEBUG): Get Info from structure: (jyura+school fuuzoku)
2021-12-19 16:47:25,553 (DEBUG): Get Info from structure: (sengoku-kun+kaeru desuga, nanika)
2021-12-19 16:47:25,560 (DEBUG): Get Info from structure: (kurosu gatari+seika jogakuin koutoubu kounin sao oji-san)
2021-12-19 16:47:25,570 (DEBUG): Get Info from structure: (yakkora+fortune partner)
2021-12-19 16:47:25,578 (DEBUG): Get Info from structure: (jingrock+tenkousei jk elf -houkago choukyou jugyou-)
2021-12-19 16:47:25,588 (DEBUG): Get Info from structure: (sink+haha wa buzama ni koshi o furu ~gogo no seibo-tachi~)
2021-12-19 16:47:25,596 (DEBUG): Get Info from structure: (nayuzaki natsumi+ochiru hana)
2021-12-19 16:47:25,604 (DEBUG): Get Info from structure: (sunagawa tara+tokyo charisma koushuu benjo)
2021-12-19 16:47:25,613 (DEBUG): Get Info from structure: (hiyoshi hana+jojou no kemono lyrical beast)
2021-12-19 16:47:25,625 (DEBUG): Get Info from structure: (type 90+nishinomiya-senpai's secret training)
2021-12-19 16:47:25,632 (DEBUG): Get Info from structure: (tamagoro+having xxx with the one i love)
2021-12-19 16:47:25,642 (DEBUG): Get Info from structure: (mizuryu kei+Touken Danshi Tabehoudai)
2021-12-19 16:47:25,649 (DEBUG): Get Info from structure: (kakutou oukoku+chop stick)
2021-12-19 16:47:25,658 (DEBUG): Get Info from structure: (otochichi+smoochy women's blowjobs)
2021-12-19 16:47:25,668 (DEBUG): Get Info from structure: (imazon+otouto no koibito ga mukashi choukyou shita motokano datta)
2021-12-19 16:47:25,676 (DEBUG): Get Info from structure: (freehand tamashii+aorare tsuma)
2021-12-19 16:47:25,686 (DEBUG): Get Info from structure: (Dokurosan+Sasaki Chie to Saimin Dosukebe Higaisha no Kai)
2021-12-19 16:47:25,694 (DEBUG): Get Info from structure: (mizuryu kei+Oideyo! Mizuryu Kei Land)
2021-12-19 16:47:25,705 (DEBUG): Get Info from structure: (navier haruka 2t+nuruneba swimmer!!)
2021-12-19 16:47:25,714 (DEBUG): Get Info from structure: (yokkora+sexy my true self)
2021-12-19 16:47:25,722 (DEBUG): Get Info from structure: (agobitch nee-san+Hataraku Onee-san-tachi ~Mikonritsu no Takai Machi de Hataraku Tokoya no Onee-san ni Okuchi de Shiborareru~)
2021-12-19 16:47:25,731 (DEBUG): Get Info from structure: (minamida usuke+home of seclusion)
2021-12-19 16:47:25,740 (DEBUG): Get Info from structure: (benantoka+muscle love class change)
2021-12-19 16:47:25,748 (DEBUG): Get Info from structure: (Nakani+Chikubeam! Bibibibibi!!)
2021-12-19 16:47:25,757 (DEBUG): Get Info from structure: (jinsuke+mesu kyoushi)
2021-12-19 16:47:25,768 (DEBUG): Get Info from structure: (jinsuke+boku to oba-san no dokidoki roshutsu seikatsu)
2021-12-19 16:47:25,780 (DEBUG): Get Info from structure: (shomu+netorare ochi masuda yukari hen)
2021-12-19 16:47:25,791 (DEBUG): Get Info from structure: (gonza+my three horny moms)
2021-12-19 16:47:25,801 (DEBUG): Get Info from structure: (eitarou+yamikoi -saimin-)
2021-12-19 16:47:25,813 (DEBUG): Get Info from structure: (Mochichimaru+Ore no Kyonyuu Osananajimi ga Aniki to Saikin Ayashii)
2021-12-19 16:47:25,825 (DEBUG): Get Info from structure: (tawara hiryuu+tsutawaranai ai)
2021-12-19 16:47:25,836 (DEBUG): Get Info from structure: (jingrock+otouto no musume)
2021-12-19 16:47:25,846 (DEBUG): Get Info from structure: (shindo l+the student council president is loved)
2021-12-19 16:47:25,858 (DEBUG): Get Info from structure: (taguchi monyata+the pitiful prince was turned into the castle's bitch toilet through evil magic)
2021-12-19 16:47:25,870 (DEBUG): Get Info from structure: (pururin+tsuishingu girl)
2021-12-19 16:47:25,880 (DEBUG): Get Info from structure: (Enokido+Bijyo to Yajyuu ~Gyaru to Kimoota~)
2021-12-19 16:47:25,891 (DEBUG): Get Info from structure: (otochichi+mamadoll)
2021-12-19 16:47:25,901 (DEBUG): Get Info from structure: (jabcomix+my son's girlfriend)
2021-12-19 16:47:25,912 (DEBUG): Get Info from structure: (benantoka+Junior (strong))
2021-12-19 16:47:25,924 (DEBUG): Get Info from structure: (minamida usuke+heart-pounding helicopter mom)
2021-12-19 16:47:25,934 (DEBUG): Get Info from structure: (mizuryu kei+the daily life of souma kurumi)
2021-12-19 16:47:25,945 (DEBUG): Get Info from structure: (angensou+jukujo sousakan ~sandbag nikubenki)
2021-12-19 16:47:25,956 (DEBUG): Get Info from structure: (Dokurosan+Kuroneko yo Ore ni Nioi wo Kagasetekurenaika)
2021-12-19 16:47:25,966 (DEBUG): Get Info from structure: (kuroki hidehiko+momojiri danchi mama-san volley doukoukai)
2021-12-19 16:47:25,976 (DEBUG): Get Info from structure: (musashimaru+give and take)
2021-12-19 16:47:25,986 (DEBUG): Get Info from structure: (kuroinu juu+saturday girls can't hold it in)
2021-12-19 16:47:25,997 (DEBUG): Get Info from structure: (gorgonzola+The Princess's Secret)
2021-12-19 16:47:26,007 (DEBUG): Get Info from structure: (noripachi+kokkyou naki banyuudan)
2021-12-19 16:47:26,019 (DEBUG): Get Info from structure: (naitou gura+ochiteiku karada)
2021-12-19 16:47:26,032 (DEBUG): Get Info from structure: (jabcomix+Americunt Dragon)
2021-12-19 16:47:26,044 (DEBUG): Get Info from structure: (zensoku punks+Koufukuron - Murase Ayumi Hen MANIAC)
2021-12-19 16:47:26,056 (DEBUG): Get Info from structure: (arai taiki+glory hole)
2021-12-19 16:47:26,072 (DEBUG): Get Info from structure: (jinsuke+Kaasan wa boku no)
2021-12-19 16:47:26,083 (DEBUG): Get Info from structure: (gonza+Jukugo Ga Daisuki Nan Desu!!)
2021-12-19 16:47:26,092 (DEBUG): Get Info from structure: (benantoka+My Idol is A Bundle of Professionalism)
2021-12-19 16:47:26,104 (DEBUG): Get Info from structure: (jyura+nyuugi senyou shimai)
2021-12-19 16:47:26,114 (DEBUG): Get Info from structure: (meme50+wakey fuckey)
2021-12-19 16:47:26,125 (DEBUG): Get Info from structure: (arai taiki+ochita yume no naka de)
2021-12-19 16:47:26,134 (DEBUG): Get Info from structure: (ichinose land+midara na elf-san wa orc-kun ga osuki)
2021-12-19 16:47:26,145 (DEBUG): Get Info from structure: (hatakeyama tohya+haha no shinyuu boku no aijin)
2021-12-19 16:47:26,156 (DEBUG): Get Info from structure: (izayoi seishin+iny akajuutan)
2021-12-19 16:47:26,166 (DEBUG): Get Info from structure: (tanaka aji+exposing my family)
2021-12-19 16:47:26,180 (DEBUG): Get Info from structure: (meme50+to soap or be soaped)
2021-12-19 16:47:26,190 (DEBUG): Get Info from structure: (mon-petit's stories+mon-petit's stories)
2021-12-19 16:47:26,199 (DEBUG): Get Info from structure: (kuro fn+fuuki binran rakunyuu iinchou)
2021-12-19 16:47:26,209 (DEBUG): Get Info from structure: (akino sora+isekai kita no de mahou o sukebe na koto ni riyou shiyou to omou)
2021-12-19 16:47:26,220 (DEBUG): Get Info from structure: (kazakura+Incha Couple Ga You Gal-tachi To Sex Training Suru Hanashi)
2021-12-19 16:47:26,232 (DEBUG): Get Info from structure: (shinozuka yuuji+hajimete no hitozuma)
2021-12-19 16:47:26,242 (DEBUG): Get Info from structure: (minority+slutty sheltered girl!!)
2021-12-19 16:47:26,253 (DEBUG): Get Info from structure: (mozu+seisou batsubyou)
2021-12-19 16:47:26,264 (DEBUG): Get Info from structure: (Jairou+Inran Shounen Nazo no Bitch Shota to Ossan no Monogatari)
2021-12-19 16:47:26,275 (DEBUG): Get Info from structure: (grassturtle+s-teacher kagami-sensei and m-mother miss ryouko)
2021-12-19 16:47:26,286 (DEBUG): Get Info from structure: (milftoon+Arranged Marriage)
2021-12-19 16:47:26,298 (DEBUG): Get Info from structure: (tamagou+shinkansen de nani shiteru!)
2021-12-19 16:47:26,310 (DEBUG): Get Info from structure: (freehand tamashii+Toiu Wake De, Kaa-san-tachi To Yattemita)
2021-12-19 16:47:26,323 (DEBUG): Get Info from structure: (jyura+kaya no soto)
2021-12-19 16:47:26,334 (DEBUG): Get Info from structure: (denchi+Hajimete No Netorare Maso-ka Choukyou)
2021-12-19 16:47:26,348 (DEBUG): Get Info from structure: (takashiro go-ya+innyou alice pee)
2021-12-19 16:47:26,361 (DEBUG): Get Info from structure: (juna juna juice+Boku No Harem Academia)
2021-12-19 16:47:26,373 (DEBUG): Get Info from structure: (circle rachigai+seira-kun wa otokonoko [chinese])
2021-12-19 16:47:26,384 (DEBUG): Get Info from structure: (shindo l+barrier free)
2021-12-19 16:47:26,394 (DEBUG): Get Info from structure: (Camekirin+Zetsumetsu Sunzen Yukionna)
2021-12-19 16:47:26,403 (DEBUG): Get Info from structure: (cyocyo+the imprudent bride)
2021-12-19 16:47:26,420 (DEBUG): Get Info from structure: (Moketa+Ubai'ai Girls)
2021-12-19 16:47:26,431 (DEBUG): Get Info from structure: (hiroya+himono erufu, kozukuri o suru)
2021-12-19 16:47:26,445 (DEBUG): Get Info from structure: (Nakani+Mukashi wa Kakko Yokatta)
2021-12-19 16:47:26,458 (DEBUG): Get Info from structure: (mizone+kindan no shohousen)
2021-12-19 16:47:26,467 (DEBUG): Get Info from structure: (Iguchi Sentarou+Classmate to Ecchi Jugyou)
2021-12-19 16:47:26,480 (DEBUG): Get Info from structure: (shindo l+metamorphosis)
2021-12-19 16:47:26,492 (DEBUG): Get Info from structure: (kurogane satsuki+otonari-san to korette...enkou seikatsu!)
2021-12-19 16:47:26,504 (DEBUG): Get Info from structure: (someoka yusura+orc chinpo o te ni ireta! elf oyako o ore senyou nama onaho ni shitatta www)
2021-12-19 16:47:26,516 (DEBUG): Get Info from structure: (orutoro+this is the mating frontier)
2021-12-19 16:47:26,528 (DEBUG): Get Info from structure: (mosquito man+kyojiri tsuma keiko to zetsurin! sukebe jii)
2021-12-19 16:47:26,540 (DEBUG): Get Info from structure: (noah12+shin shoushika taisaku ~haramu tame no curriculum~)
2021-12-19 16:47:26,551 (DEBUG): Get Info from structure: (mizuryu kei+Teisou Kannen Zero)
2021-12-19 16:47:26,561 (DEBUG): Get Info from structure: (minazuki mikka+musuko o dame ni shita no wa watashi no karada deshita)
2021-12-19 16:47:26,573 (DEBUG): Get Info from structure: (sanagi torajirou+sun to witch)
2021-12-19 16:47:26,585 (DEBUG): Get Info from structure: (saiyazumi+mama ryouhou)
2021-12-19 16:47:26,596 (DEBUG): Get Info from structure: (Kkun+Love Parameter)
2021-12-19 16:47:26,623 (DEBUG): Get Info from structure: (kinntarou+saimin otoshi)
2021-12-19 16:47:26,634 (DEBUG): Get Info from structure: (Curie+The Castle Deep In The Woods)
2021-12-19 16:47:26,643 (DEBUG): Get Info from structure: (hyji+harmonious family)
2021-12-19 16:47:26,653 (DEBUG): Get Info from structure: (melkor mancin+Chat with)
2021-12-19 16:47:26,664 (DEBUG): Get Info from structure: (hiraizumi kou+coach's luckyhole)
2021-12-19 16:47:26,675 (DEBUG): Get Info from structure: (yumeiro gurasan+dis communication)
2021-12-19 16:47:26,685 (DEBUG): Get Info from structure: (horsetail+kaa-san janakya dame nanda!!)
2021-12-19 16:47:26,696 (DEBUG): Get Info from structure: (tsusauto+neighborhood associations)
2021-12-19 16:47:26,708 (DEBUG): Get Info from structure: (mizone+monster romance)
2021-12-19 16:47:26,721 (DEBUG): Get Info from structure: (minority+falling fairy)
2021-12-19 16:47:26,732 (DEBUG): Get Info from structure: (syoukaki+koisame dolce)
2021-12-19 16:47:26,742 (DEBUG): Get Info from structure: (taono kinoko+koibito gokko)
2021-12-19 16:47:26,752 (DEBUG): Get Info from structure: (saint shiro+summer reunion)
2021-12-19 16:47:26,762 (DEBUG): Get Info from structure: (sugarbt+inga ouhou)
2021-12-19 16:47:26,775 (DEBUG): Get Info from structure: (poruno ibuki+sayuki onee-san wa gaman ga dekinai)
2021-12-19 16:47:26,785 (DEBUG): Get Info from structure: (kuromotokun+Jc Saimin De Seikyouiku)
2021-12-19 16:47:26,795 (DEBUG): Get Info from structure: (mizone+monster smash)
2021-12-19 16:47:26,807 (DEBUG): Get Info from structure: (mizuryu kei+souma family)
2021-12-19 16:47:26,818 (DEBUG): Get Info from structure: (muneshiro+Imouto Wa Mesu Orc)
2021-12-19 16:47:26,830 (DEBUG): Get Info from structure: (yumano yuuki+the demon lord is level 1)
2021-12-19 16:47:26,841 (DEBUG): Get Info from structure: (hirune+pig and gift)
2021-12-19 16:47:26,852 (DEBUG): Get Info from structure: (jyura+tomodachi no onna)
2021-12-19 16:47:26,863 (DEBUG): Get Info from structure: (kyockcho+refined senpai)
2021-12-19 16:47:26,874 (DEBUG): Get Info from structure: (shiratama+seigun no tami freejia)
2021-12-19 16:47:26,885 (DEBUG): Get Info from structure: (sanagi torajirou+i love you, goodbye)
2021-12-19 16:47:26,895 (DEBUG): Get Info from structure: (mosquito man+cho ~namaiki na kuro gal jk to pakoritai kimo oyaji-tachi)
2021-12-19 16:47:26,909 (DEBUG): Get Info from structure: (a-10+koukai tanetsuke hentai koubi 2)
2021-12-19 16:47:26,920 (DEBUG): Get Info from structure: (sanagi torajirou+cast aoi)
2021-12-19 16:47:26,933 (DEBUG): Get Info from structure: (ponkotsu damashii+my girlfriend is my mom's friend - a 40 year old housewife)
2021-12-19 16:47:26,945 (DEBUG): Get Info from structure: (hana hook+Zenin Shikkaku - Hahaoya No Mesubuta Sex Choukyou Kiroku)
2021-12-19 16:47:26,956 (DEBUG): Get Info from structure: (Bonske+Arawareta Chijo wa Toshishita Kui no Scatolo Hentai deshita)
2021-12-19 16:47:26,967 (DEBUG): Get Info from structure: (nishida+koisugi)
2021-12-19 16:47:26,977 (DEBUG): Get Info from structure: (Etuzan Jakusui+Otou-san, Tetsudatte kudasai)
2021-12-19 16:47:26,987 (DEBUG): Get Info from structure: (benantoka+sequel)
2021-12-19 16:47:26,997 (DEBUG): Get Info from structure: (etuzan jakusui+mystery box)
2021-12-19 16:47:27,008 (DEBUG): Get Info from structure: (ozy+nukisugi katekyo)
2021-12-19 16:47:27,018 (DEBUG): Get Info from structure: (zack+hentai raiko-san no sukebe na himitsu)
2021-12-19 16:47:27,030 (DEBUG): Get Info from structure: (rebirth+kantoku no arbeit)
2021-12-19 16:47:27,042 (DEBUG): Get Info from structure: (fue+inma no mikata)
2021-12-19 16:47:27,053 (DEBUG): Get Info from structure: (higashino mikan+oppai na natsuyasumi)
2021-12-19 16:47:27,063 (DEBUG): Get Info from structure: (meme 50's stories+meme 50's stories)
2021-12-19 16:47:27,076 (DEBUG): Get Info from structure: (kito sakeru+emily)
2021-12-19 16:47:27,086 (DEBUG): Get Info from structure: (laliberte+friend)
2021-12-19 16:47:27,096 (DEBUG): Get Info from structure: (mr potato party+the boiling rock)
2021-12-19 16:47:27,108 (DEBUG): Get Info from structure: (hal+mesu ana muhou chitai -mondou muyou no nakadashi choueki-)
2021-12-19 16:47:27,118 (DEBUG): Get Info from structure: (caustica+ojisen jk to batsuichi tenchou)
2021-12-19 16:47:27,131 (DEBUG): Get Info from structure: (iketaki ganguten+gal syndrome!)
2021-12-19 16:47:27,143 (DEBUG): Get Info from structure: (nikusoukyuu+hanazono no mesudorei)
2021-12-19 16:47:27,154 (DEBUG): Get Info from structure: (tsuzura kuzukago+treacherous love tastes like honey)
2021-12-19 16:47:27,165 (DEBUG): Get Info from structure: (shunjou shuusuke+osaekirenai kono kimochi)
2021-12-19 16:47:27,175 (DEBUG): Get Info from structure: (suruga kuroitsu+love fighter rin-chan!!)
2021-12-19 16:47:27,185 (DEBUG): Get Info from structure: (tsubaki jushirou+sister sister)
2021-12-19 16:47:27,196 (DEBUG): Get Info from structure: (ichigain+unleashed)
2021-12-19 16:47:27,208 (DEBUG): Get Info from structure: (miharu+Maria-san Goshimei Desu)
2021-12-19 16:47:27,219 (DEBUG): Get Info from structure: (arom sensei+Gwen)
2021-12-19 16:47:27,230 (DEBUG): Get Info from structure: (sanbaizu+obutsu shokudou)
2021-12-19 16:47:27,243 (DEBUG): Get Info from structure: (melkor mancin+The Naughty In-law)
2021-12-19 16:47:27,253 (DEBUG): Get Info from structure: (gujira+hichijime on oka juunijiga's route)
2021-12-19 16:47:27,263 (DEBUG): Get Info from structure: (karma tatsurou+kabegoshi)
2021-12-19 16:47:27,275 (DEBUG): Get Info from structure: (jk+free rimjobs)
2021-12-19 16:47:27,287 (DEBUG): Get Info from structure: (Circle Spice+Jimi dakedo Eroi Karada Shita Okaa-san o Fuuzoku Ochi Sunzen de Sukutta Boshi Soukan)
2021-12-19 16:47:27,297 (DEBUG): Get Info from structure: (Eizan+Moshimo, Joushiki o Kakikaete Mizugi Bijo ni Namahame OK na Pool ni nattara)
2021-12-19 16:47:27,306 (DEBUG): Get Info from structure: (kizuki rei+Watashi no Seiheki)
2021-12-19 16:47:27,317 (DEBUG): Get Info from structure: (meme50+okane daisuki)
2021-12-19 16:47:27,329 (DEBUG): Get Info from structure: (b-kyuu+b-kyuu manga 8 mamonoka shita onna budouka)
2021-12-19 16:47:27,339 (DEBUG): Get Info from structure: (sanbaizu+ningen benki)
2021-12-19 16:47:27,349 (DEBUG): Get Info from structure: (kurenai yuuji+Futakyo)
2021-12-19 16:47:27,363 (DEBUG): Get Info from structure: (minazuki mikka+sex shinai to shinu yamai ~hatsubyou shitara sex wa gimu~)
2021-12-19 16:47:27,374 (DEBUG): Get Info from structure: (aka seiryuu+Darjeeling No Himitsu Chakai)
2021-12-19 16:47:27,384 (DEBUG): Get Info from structure: (Jun+Kemonokko Tsuushin)
2021-12-19 16:47:27,393 (DEBUG): Get Info from structure: (kizuki rei+natsu no gogo)
2021-12-19 16:47:27,403 (DEBUG): Get Info from structure: (kyockcho+shino-sama is angry)
2021-12-19 16:47:27,414 (DEBUG): Get Info from structure: (esuo+licking monster)
2021-12-19 16:47:27,423 (DEBUG): Get Info from structure: (vandass orutoro+futei koubi zuma honoka)
2021-12-19 16:47:27,433 (DEBUG): Get Info from structure: (sanbaizu+kousha no kaiinu)
2021-12-19 16:47:27,447 (DEBUG): Get Info from structure: (kandzumena hibi+Kabe Shiri Bokin)
2021-12-19 16:47:27,460 (DEBUG): Get Info from structure: (oltlo+futei koubizuma honoka ~konin o keizoku shigatai juudai na jiyuu~)
2021-12-19 16:47:27,469 (DEBUG): Get Info from structure: (Kunaboto+Gintama - Kagura)
2021-12-19 16:47:27,479 (DEBUG): Get Info from structure: (seto yuuki+level c)
2021-12-19 16:47:27,492 (DEBUG): Get Info from structure: (dokurosan+Omanko Damedesu)
2021-12-19 16:47:27,503 (DEBUG): Get Info from structure: (obmas+oid)
2021-12-19 16:47:27,512 (DEBUG): Get Info from structure: (chinbotsu rebis+midare saki joshuu kaizoku soushuuhen)
2021-12-19 16:47:27,529 (DEBUG): Get Info from structure: (chin+Hatsujou Kedamono Koubiroku)
2021-12-19 16:47:27,539 (DEBUG): Get Info from structure: (sugiji+otome no jouran)
2021-12-19 16:47:27,550 (DEBUG): Get Info from structure: (gonza+Summer Vacation)
2021-12-19 16:47:27,561 (DEBUG): Get Info from structure: (pija+himegoto komachi)
2021-12-19 16:47:27,571 (DEBUG): Get Info from structure: (miharu+Haruka-san Ga Unzari Shinagara Shimasu)
2021-12-19 16:47:27,582 (DEBUG): Get Info from structure: (tamagoro+super milk)
2021-12-19 16:47:27,593 (DEBUG): Get Info from structure: (minority+love lies beyond the cervix)
2021-12-19 16:47:27,603 (DEBUG): Get Info from structure: (Jun+Like A Child)
2021-12-19 16:47:27,613 (DEBUG): Get Info from structure: (benimura karu+Boku Dake Ga Sex Dekinai Ie)
2021-12-19 16:47:27,624 (DEBUG): Get Info from structure: (benantoka+childhood friend confession X2)
2021-12-19 16:47:27,636 (DEBUG): Get Info from structure: (menea the dog+lipsync #1-4)
2021-12-19 16:47:27,646 (DEBUG): Get Info from structure: (asanagi+sleeping pills for this shitty cheeky sadist)
2021-12-19 16:47:27,656 (DEBUG): Get Info from structure: (gengorou+the lazy fox)
2021-12-19 16:47:27,667 (DEBUG): Get Info from structure: (amano don+sex acts with a member of the public moral committee)
2021-12-19 16:47:27,678 (DEBUG): Get Info from structure: (shiki takuto+become friends with gal)
2021-12-19 16:47:27,689 (DEBUG): Get Info from structure: (amano ameno+kyonyuu onna joushi saimin nikuningyou)
2021-12-19 16:47:27,699 (DEBUG): Get Info from structure: (heiro+Bokura Wa Hanare Ga Dekinai)
2021-12-19 16:47:27,710 (DEBUG): Get Info from structure: (jyura+samen toilet devils)
2021-12-19 16:47:27,719 (DEBUG): Get Info from structure: (freehand tamashii+Incha No Oi Ga Yaritai Oba-san)
2021-12-19 16:47:27,729 (DEBUG): Get Info from structure: (ichinomiya yuu+Moto Incha No Kyonyuu Yariman Imouto Ga Erosugite, Onii-chan Wa Mou!!)
2021-12-19 16:47:27,739 (DEBUG): Get Info from structure: (mizuryu kei+Kakutou Musume Yarimoku Goukon)
2021-12-19 16:47:27,748 (DEBUG): Get Info from structure: (kuroiwa menou+tabegoro! haitoku no kajitsu)
2021-12-19 16:47:27,757 (DEBUG): Get Info from structure: (amatake akewo+sarasare aidol)
2021-12-19 16:47:27,766 (DEBUG): Get Info from structure: (makinosaka shinichi+sex friend)
2021-12-19 16:47:27,776 (DEBUG): Get Info from structure: (mizuryu kei+Seiyoku Ni Shoujiki Sugiru Shota Yuusha)
2021-12-19 16:47:27,786 (DEBUG): Get Info from structure: (otochichi+underground pta -the mommies' milking sex tactic-)
2021-12-19 16:47:27,796 (DEBUG): Get Info from structure: (gonza+Love Doll)
2021-12-19 16:47:27,804 (DEBUG): Get Info from structure: (aiue oka+saimin seishidou)
2021-12-19 16:47:27,814 (DEBUG): Get Info from structure: (rocket monkey+girigiri idol)
2021-12-19 16:47:27,824 (DEBUG): Get Info from structure: (iku+hinnyuu-chan no ana o ijimeru hon)
2021-12-19 16:47:27,834 (DEBUG): Get Info from structure: (shindo l+hitori nabe x futari nabe)
2021-12-19 16:47:27,843 (DEBUG): Get Info from structure: (nakamura regura+ankai no umi)
2021-12-19 16:47:27,852 (DEBUG): Get Info from structure: (benantoka+Routine Affair)
2021-12-19 16:47:27,861 (DEBUG): Get Info from structure: (aroma sensei+what's going on here)
2021-12-19 16:47:27,871 (DEBUG): Get Info from structure: (melkor mancin+Sidney)
2021-12-19 16:47:27,881 (DEBUG): Get Info from structure: (inoue nanaki+seishoku katsudou)
2021-12-19 16:47:27,891 (DEBUG): Get Info from structure: (hyji+teaching train)
2021-12-19 16:47:27,899 (DEBUG): Get Info from structure: (freehand tamashii+My Son Returned As A Blond Man-slut)
2021-12-19 16:47:27,910 (DEBUG): Get Info from structure: (kurenai yuuji+futakyo! ~futanari kyouko-chan~)
2021-12-19 16:47:27,921 (DEBUG): Get Info from structure: (henkuma+tomatta jikan no naka de watashi wa)
2021-12-19 16:47:27,931 (DEBUG): Get Info from structure: (oohira sunset+kabeanatsuki juukyo e youkoso kouhen)
2021-12-19 16:47:27,942 (DEBUG): Get Info from structure: (kakuzatou+kuro gal vs fuuki iin)
2021-12-19 16:47:27,951 (DEBUG): Get Info from structure: (motomushi+i turned into the girl who bullied me)
2021-12-19 16:47:27,962 (DEBUG): Get Info from structure: (meme50+port inn)
2021-12-19 16:47:27,971 (DEBUG): Get Info from structure: (sian's stories+sian's stories)
2021-12-19 16:47:27,981 (DEBUG): Get Info from structure: (john k. pe-ta+the mature orange venus fly trap)
2021-12-19 16:47:27,991 (DEBUG): Get Info from structure: (ikeshita maue+ts fuckin bitch)
2021-12-19 16:47:28,000 (DEBUG): Get Info from structure: (mitarai yuuki+soukan no replica)
2021-12-19 16:47:28,010 (DEBUG): Get Info from structure: (aoi tiduru+seishun scheme)
2021-12-19 16:47:28,019 (DEBUG): Get Info from structure: (juna juna juice+naomi-san is my sex friend)
2021-12-19 16:47:28,029 (DEBUG): Get Info from structure: (hyji+tempting the husband)
2021-12-19 16:47:28,038 (DEBUG): Get Info from structure: (agobitch nee-san+Seifuku Bishoujo)
2021-12-19 16:47:28,051 (DEBUG): Get Info from structure: (gonza+matching appli)
2021-12-19 16:47:28,062 (DEBUG): Get Info from structure: (mizuryu kei+choroi-onna!!)
2021-12-19 16:47:28,070 (DEBUG): Get Info from structure: (aomushi+chinpo yakuza miporin)
2021-12-19 16:47:28,080 (DEBUG): Get Info from structure: (nozarashi satoru+usagi no kamen)
2021-12-19 16:47:28,090 (DEBUG): Get Info from structure: (asanagi+victimgirls 21 bokujou)
2021-12-19 16:47:28,101 (DEBUG): Get Info from structure: (Dokurosan+Watashi no Oshigoto)
2021-12-19 16:47:28,109 (DEBUG): Get Info from structure: (minority+love letter)
2021-12-19 16:47:28,119 (DEBUG): Get Info from structure: (akatsuki souken+okaasan no roujinsei kaigo)
2021-12-19 16:47:28,129 (DEBUG): Get Info from structure: (andoryu+okaa-san itadakimasu)
2021-12-19 16:47:28,138 (DEBUG): Get Info from structure: (kiliu+Nandemo Chousa Shoujo)
2021-12-19 16:47:28,149 (DEBUG): Get Info from structure: (fuzume+Tsuma Ga Midareta Sugata O Boku Wa Shiranai)
2021-12-19 16:47:28,159 (DEBUG): Get Info from structure: (minority+date of capitulation)
2021-12-19 16:47:28,168 (DEBUG): Get Info from structure: (etuzan jakusui+the fault that can't be erased)
2021-12-19 16:47:28,178 (DEBUG): Get Info from structure: (yumano yuuki+oshikake kitsune yome)
2021-12-19 16:47:28,187 (DEBUG): Get Info from structure: (nakamura regura+douketsu no mujina)
2021-12-19 16:47:28,197 (DEBUG): Get Info from structure: (mizone+onigashima no iinazuke)
2021-12-19 16:47:28,207 (DEBUG): Get Info from structure: (zkuro fn+angyou roshutsu project)
2021-12-19 16:47:28,216 (DEBUG): Get Info from structure: (minority+pussy romance)
2021-12-19 16:47:28,226 (DEBUG): Get Info from structure: (kokuryuugan+joshi rikujou koubi)
2021-12-19 16:47:28,237 (DEBUG): Get Info from structure: (b.b.t.t.+enslaved overlord)
2021-12-19 16:47:28,247 (DEBUG): Get Info from structure: (tsukino jogi+musume no bf sefure kankei ni natte shimatte guzuguzuna ken ni tsuite)
2021-12-19 16:47:28,258 (DEBUG): Get Info from structure: (my bad bunny+wanton widow)
2021-12-19 16:47:28,267 (DEBUG): Get Info from structure: (minazuki juuzou+an elementary school nympho having orgies after school in the classroom!)
2021-12-19 16:47:28,277 (DEBUG): Get Info from structure: (kuronomiki+The Two Flowers Of The Takamine House)
2021-12-19 16:47:28,288 (DEBUG): Get Info from structure: (minority+netorare livestream)
2021-12-19 16:47:28,299 (DEBUG): Get Info from structure: (arai kei+The Island Smile)
2021-12-19 16:47:28,308 (DEBUG): Get Info from structure: (mizuiro megane+doubutsu noujou)
2021-12-19 16:47:28,317 (DEBUG): Get Info from structure: (mon-petit+natsu ga owaru made)
2021-12-19 16:47:28,328 (DEBUG): Get Info from structure: (hazakura satsuki+hypnosis app - making a good girl cum on my dick nonstop)
2021-12-19 16:47:28,339 (DEBUG): Get Info from structure: (rasson+joushi to nenai career woman nado inai)
2021-12-19 16:47:28,348 (DEBUG): Get Info from structure: (hatakeyama tohya+oi to oba no heya)
2021-12-19 16:47:28,361 (DEBUG): Get Info from structure: (kazuhiro+mesu ogre wa kentauros chinpo o musabori okasu)
2021-12-19 16:47:28,370 (DEBUG): Get Info from structure: (double deck+ose)
2021-12-19 16:47:28,379 (DEBUG): Get Info from structure: (tawara hiryuu+yogoreta hitozuma)
2021-12-19 16:47:28,390 (DEBUG): Get Info from structure: (ikoma ippei+twintail miboujin)
2021-12-19 16:47:28,400 (DEBUG): Get Info from structure: (benantoka+my ruler)
2021-12-19 16:47:28,408 (DEBUG): Get Info from structure: (Jairou+Shinjin Kyoushi Fujiwara-san no Ayashii Kyouin Nikki)
2021-12-19 16:47:28,418 (DEBUG): Get Info from structure: (super zombie+uninvited kitties)
2021-12-19 16:47:28,430 (DEBUG): Get Info from structure: (yokoshima nikki+secret behind the pool)
2021-12-19 16:47:28,440 (DEBUG): Get Info from structure: (kuroishi ringo+haha wa newhalf)
2021-12-19 16:47:28,449 (DEBUG): Get Info from structure: (minority+kyou wa netorare youbi)
2021-12-19 16:47:28,460 (DEBUG): Get Info from structure: (makibe kataru+hitozuma koi hanabi)
2021-12-19 16:47:28,471 (DEBUG): Get Info from structure: (Dokurosan+Omae no Nee-chan Onaho Gasshuku Itteru Rashii ze)
2021-12-19 16:47:28,482 (DEBUG): Get Info from structure: (Enokido+Kenkou Yuuryou Boyish Shoujo Papakatsu o suru)
2021-12-19 16:47:28,492 (DEBUG): Get Info from structure: (gorgonzola+Goddesslife)
2021-12-19 16:47:28,506 (DEBUG): Get Info from structure: (arai taiki+kago no naka no tori)
2021-12-19 16:47:28,516 (DEBUG): Get Info from structure: (shinozuka yuuji+jk mama no shiken taisaku)
2021-12-19 16:47:28,528 (DEBUG): Get Info from structure: (jun+bubble shark princess akula)
2021-12-19 16:47:28,538 (DEBUG): Get Info from structure: (aiue oka+bullied)
2021-12-19 16:47:28,547 (DEBUG): Get Info from structure: (jairou+Gakuen Rankou)
2021-12-19 16:47:28,557 (DEBUG): Get Info from structure: (melkor mancin+Breaking in with Tim)
2021-12-19 16:47:28,567 (DEBUG): Get Info from structure: (omochi+shota ga bitch na onee-san to futari de ikinuki shichau hanashi)
2021-12-19 16:47:28,577 (DEBUG): Get Info from structure: (milftoon+Elastic Milf)
2021-12-19 16:47:28,586 (DEBUG): Get Info from structure: (Dokurosan+Shirukake China Rinko)
2021-12-19 16:47:28,596 (DEBUG): Get Info from structure: (gennsui+Kokugo Sansuu Rika Huuzoku)
2021-12-19 16:47:28,606 (DEBUG): Get Info from structure: (mosquito man+bakunyuu tsuma namatamari kyouko ~sekuhara buchou ni nerawareta tsuma~)
2021-12-19 16:47:28,617 (DEBUG): Get Info from structure: (supaku jitou+my master brajarani is a sex hermit)
2021-12-19 16:47:28,629 (DEBUG): Get Info from structure: (itami+WotaCir no Gal VS Boku)
2021-12-19 16:47:28,641 (DEBUG): Get Info from structure: (jabcomix+thorny thursday)
2021-12-19 16:47:28,651 (DEBUG): Get Info from structure: (laliberte+secret)
2021-12-19 16:47:28,661 (DEBUG): Get Info from structure: (benantoka+eromanga the sensei)
2021-12-19 16:47:28,671 (DEBUG): Get Info from structure: (hidarikiki+bakunyuuin mama wa gakuenchou no onna)
2021-12-19 16:47:28,681 (DEBUG): Get Info from structure: (etuzan jakusui+why did you over the sea)
2021-12-19 16:47:28,691 (DEBUG): Get Info from structure: (ntrman+tomato)
2021-12-19 16:47:28,701 (DEBUG): Get Info from structure: (meme50+nonoka's erotic side)
2021-12-19 16:47:28,712 (DEBUG): Get Info from structure: (sakamata nerimono+houkago game)
2021-12-19 16:47:28,722 (DEBUG): Get Info from structure: (meganei+Shishunki No Obenkyou)
2021-12-19 16:47:28,731 (DEBUG): Get Info from structure: (hyji+sweeeet home)
2021-12-19 16:47:28,743 (DEBUG): Get Info from structure: (inoue nanaki+sennou mesu ochi! onna spy!)
2021-12-19 16:47:28,753 (DEBUG): Get Info from structure: (izumi+midareuchi)
2021-12-19 16:47:28,762 (DEBUG): Get Info from structure: (haitokukan+hypnosis quest)
2021-12-19 16:47:28,776 (DEBUG): Get Info from structure: (laliberte+parasite)
2021-12-19 16:47:28,788 (DEBUG): Get Info from structure: (sanbaizu+zuidou haisetsu)
2021-12-19 16:47:28,798 (DEBUG): Get Info from structure: (jabcomix+artificial probing)
2021-12-19 16:47:28,809 (DEBUG): Get Info from structure: (kiliu+Sono 1-shuukan, Teikou Shite Wa Ikenai)
2021-12-19 16:47:28,820 (DEBUG): Get Info from structure: (karaage-chan+Tomodachi No Okaa-san To Sefri Ni Narimashita)
2021-12-19 16:47:28,830 (DEBUG): Get Info from structure: (azuse+method to catch a pretty girl)
2021-12-19 16:47:28,841 (DEBUG): Get Info from structure: (type 90+the disciple bitch)
2021-12-19 16:47:28,854 (DEBUG): Get Info from structure: (amano ameno+jabami yumeko hentai koushuu benjo tantsubo nikubenki onna)
2021-12-19 16:47:28,865 (DEBUG): Get Info from structure: (asanagi+i will not lose)
2021-12-19 16:47:28,875 (DEBUG): Get Info from structure: (kemigawa mondo+boku ga te ni ireta chounouryoku)
2021-12-19 16:47:28,885 (DEBUG): Get Info from structure: (kedama keito+oishii mahou)
2021-12-19 16:47:28,896 (DEBUG): Get Info from structure: (juna juna juice+Mukatsuku Imouto Wa Chanto Shikaranakucha!!)
2021-12-19 16:47:28,905 (DEBUG): Get Info from structure: (benantoka+borderline step couple)
2021-12-19 16:47:28,916 (DEBUG): Get Info from structure: (freehand tamashii+Isourou Saki No Obasan Ni Hameru!)
2021-12-19 16:47:28,926 (DEBUG): Get Info from structure: (laliberte+monster)
2021-12-19 16:47:28,937 (DEBUG): Get Info from structure: (igumox+23-ji no hakoniwa)
2021-12-19 16:47:28,948 (DEBUG): Get Info from structure: (laliberte+stay with me)
2021-12-19 16:47:28,959 (DEBUG): Get Info from structure: (nishi+kotoumi)
2021-12-19 16:47:28,969 (DEBUG): Get Info from structure: (ntrman+prank)
2021-12-19 16:47:28,979 (DEBUG): Get Info from structure: (juna juna juice+Hungry Single Mothers)
2021-12-19 16:47:28,990 (DEBUG): Get Info from structure: (sanbaizu+haisetsu kyoushitsu)
2021-12-19 16:47:29,000 (DEBUG): Get Info from structure: (momofuki rio+junyoku kaihouku)
2021-12-19 16:47:29,011 (DEBUG): Get Info from structure: (kizaru+gibo ga haramu made zenpen)
2021-12-19 16:47:29,020 (DEBUG): Get Info from structure: (benantoka+at-home date)
2021-12-19 16:47:29,030 (DEBUG): Get Info from structure: (Kasugano Tobari+Osananajimi wa Ore Senyou no Niku Benki)
2021-12-19 16:47:29,041 (DEBUG): Get Info from structure: (kizuki rei+Game Of Bitches)
2021-12-19 16:47:29,052 (DEBUG): Get Info from structure: (benantoka+the morals committee 2nd division's Club activity records)
2021-12-19 16:47:29,061 (DEBUG): Get Info from structure: (andou hiroyuki+losing my virginity in the library, through rape!!)
2021-12-19 16:47:29,071 (DEBUG): Get Info from structure: (sink+haha to oba no himitsu)
2021-12-19 16:47:29,084 (DEBUG): Get Info from structure: (higashiyama show+momoka)
2021-12-19 16:47:29,095 (DEBUG): Get Info from structure: (tonikaku+nikubenki)
2021-12-19 16:47:29,106 (INFO): Processing Chapters / Episodes ...
2021-12-19 16:47:31,553 (INFO): Processing Chapters & Pages ... 
