2021-12-23 21:11:57,513 (INFO): Log Path: D:\Source_Code\Python ++\02. updateComic\log\debug-20211223-2111.57.log
2021-12-23 21:11:59,588 (INFO): Currently Processing image
2021-12-23 21:11:59,588 (INFO): Processing Titles ...
2021-12-23 21:11:59,607 (DEBUG): Get Info from structure: (2t+=sakusei toshi elosion)
2021-12-23 21:11:59,615 (DEBUG): Get Info from structure: (a-10+=koukai tanetsuke hentai koubi 2)
2021-12-23 21:11:59,624 (DEBUG): Get Info from structure: (Abubu+=Kinjo no Onnatachi ga Nazeka Ore no Ie no Furo ni Hairi ni Kuru Ken)
2021-12-23 21:11:59,632 (DEBUG): Get Info from structure: (abubu+=npc kan mod)
2021-12-23 21:11:59,644 (DEBUG): Get Info from structure: (agobitch nee-san+=Hataraku Onee-san-tachi ~Mikonritsu no Takai Machi de Hataraku Tokoya no Onee-san ni Okuchi de Shiborareru~)
2021-12-23 21:11:59,651 (DEBUG): Get Info from structure: (agobitch nee-san+=Seifuku Bishoujo)
2021-12-23 21:11:59,662 (DEBUG): Get Info from structure: (ahemaru+=slave the blood)
2021-12-23 21:11:59,671 (DEBUG): Get Info from structure: (amano ameno+=Jabami Yumeko Hentai Koushuu Benjo Tantsubo Nikubenki Onna)
2021-12-23 21:11:59,680 (DEBUG): Get Info from structure: (amano ameno+=Kyonyuu Onna Joushi Saimin Nikuningyou)
2021-12-23 21:11:59,688 (DEBUG): Get Info from structure: (Ameyama Denshin+=Stories)
2021-12-23 21:11:59,696 (DEBUG): Get Info from structure: (Arai Kei+=Boku No Kanojo)
2021-12-23 21:11:59,704 (DEBUG): Get Info from structure: (arai kei+=Boku Wa Kanojo No Namae Mo Shiranai)
2021-12-23 21:11:59,713 (DEBUG): Get Info from structure: (arai kei+=hougan kanojo)
2021-12-23 21:11:59,722 (DEBUG): Get Info from structure: (arai kei+=Stories)
2021-12-23 21:11:59,741 (DEBUG): Get Info from structure: (Arai Taiki+=Kahanshin Daiichi Shugi)
2021-12-23 21:11:59,749 (DEBUG): Get Info from structure: (arai taiki+=ochita yume no naka de)
2021-12-23 21:11:59,757 (DEBUG): Get Info from structure: (Arai Taiki+=Stories)
2021-12-23 21:11:59,765 (DEBUG): Get Info from structure: (aroma sensei+=Gwen)
2021-12-23 21:11:59,774 (DEBUG): Get Info from structure: (aroma sensei+=what's going on here)
2021-12-23 21:11:59,782 (DEBUG): Get Info from structure: (asanagi+=Stories)
2021-12-23 21:11:59,791 (DEBUG): Get Info from structure: (BeNantoka+=Stories)
2021-12-23 21:11:59,800 (DEBUG): Get Info from structure: (Bonske+=Arawareta Chijo wa Toshishita Kui no Scatolo Hentai deshita)
2021-12-23 21:11:59,808 (DEBUG): Get Info from structure: (bonske+=sono kuchi to shita de subete o uketomenasai)
2021-12-23 21:11:59,816 (DEBUG): Get Info from structure: (Dokurosan+=Stories)
2021-12-23 21:11:59,825 (DEBUG): Get Info from structure: (Enokido+=Stories)
2021-12-23 21:11:59,832 (DEBUG): Get Info from structure: (freehand tamashii+=aorare tsuma)
2021-12-23 21:11:59,842 (DEBUG): Get Info from structure: (freehand tamashii+=Incha No Oi Ga Yaritai Oba-san)
2021-12-23 21:11:59,851 (DEBUG): Get Info from structure: (freehand tamashii+=Isourou Saki No Obasan Ni Hameru!)
2021-12-23 21:11:59,859 (DEBUG): Get Info from structure: (freehand tamashii+=Stories)
2021-12-23 21:11:59,867 (DEBUG): Get Info from structure: (freehand tamashii+=Toiu Wake De, Kaa-san-tachi To Yattemita)
2021-12-23 21:11:59,880 (DEBUG): Get Info from structure: (freehand tamasshii+=Shin Mama O Netoruze!)
2021-12-23 21:11:59,890 (DEBUG): Get Info from structure: (gonza+=av mama)
2021-12-23 21:11:59,898 (DEBUG): Get Info from structure: (gonza+=matching appli)
2021-12-23 21:11:59,914 (DEBUG): Get Info from structure: (Gonza+=Mayonaka No Haha)
2021-12-23 21:11:59,923 (DEBUG): Get Info from structure: (gonza+=my three horny moms)
2021-12-23 21:11:59,931 (DEBUG): Get Info from structure: (gonza+=Nonfiction ~boshi Soukan No Kioku~)
2021-12-23 21:11:59,941 (DEBUG): Get Info from structure: (gonza+=stories)
2021-12-23 21:11:59,950 (DEBUG): Get Info from structure: (mizone+=Ajin Iryou Sougou Center e Youkoso!)
2021-12-23 21:11:59,958 (DEBUG): Get Info from structure: (mizone+=Jikyuu 1500 yen!! Gyogyou o Tetsudau Kantan na Oshigoto desu)
2021-12-23 21:11:59,967 (DEBUG): Get Info from structure: (mizone+=Kindan no Shohousen)
2021-12-23 21:11:59,974 (DEBUG): Get Info from structure: (mizone+=monster romance)
2021-12-23 21:11:59,983 (DEBUG): Get Info from structure: (mizone+=monster smash)
2021-12-23 21:11:59,991 (DEBUG): Get Info from structure: (mizone+=Otherworldly Maidens Series)
2021-12-23 21:11:59,999 (DEBUG): Get Info from structure: (mizone+=stories)
2021-12-23 21:12:00,014 (DEBUG): Get Info from structure: (mizone+=Zasshoku Yuusha)
2021-12-23 21:12:00,022 (DEBUG): Get Info from structure: (Tsusauto+=Jichikai no Hitozuma wa Totemo Ecchi deshita)
2021-12-23 21:12:00,031 (INFO): Processing Chapters / Episodes ...
2021-12-23 21:12:00,040 (INFO): Processing Chapters & Pages ... 
2021-12-23 21:13:17,465 (DEBUG): STREAM b'IHDR' 16 13
2021-12-23 21:13:17,465 (DEBUG): STREAM b'gAMA' 41 4
2021-12-23 21:13:17,465 (DEBUG): STREAM b'cHRM' 57 32
2021-12-23 21:13:17,465 (DEBUG): STREAM b'bKGD' 101 2
2021-12-23 21:13:17,465 (DEBUG): b'bKGD' 101 2 (unknown)
2021-12-23 21:13:17,465 (DEBUG): STREAM b'tIME' 115 7
2021-12-23 21:13:17,465 (DEBUG): b'tIME' 115 7 (unknown)
2021-12-23 21:13:17,465 (DEBUG): STREAM b'IDAT' 134 32768
2021-12-23 21:13:17,481 (DEBUG): STREAM b'IHDR' 16 13
2021-12-23 21:13:17,481 (DEBUG): STREAM b'gAMA' 41 4
2021-12-23 21:13:17,481 (DEBUG): STREAM b'cHRM' 57 32
2021-12-23 21:13:17,481 (DEBUG): STREAM b'bKGD' 101 2
2021-12-23 21:13:17,481 (DEBUG): b'bKGD' 101 2 (unknown)
2021-12-23 21:13:17,481 (DEBUG): STREAM b'tIME' 115 7
2021-12-23 21:13:17,481 (DEBUG): b'tIME' 115 7 (unknown)
2021-12-23 21:13:17,481 (DEBUG): STREAM b'IDAT' 134 32768
2021-12-23 21:13:17,497 (DEBUG): STREAM b'IHDR' 16 13
2021-12-23 21:13:17,497 (DEBUG): STREAM b'gAMA' 41 4
2021-12-23 21:13:17,497 (DEBUG): STREAM b'cHRM' 57 32
2021-12-23 21:13:17,497 (DEBUG): STREAM b'bKGD' 101 2
2021-12-23 21:13:17,497 (DEBUG): b'bKGD' 101 2 (unknown)
2021-12-23 21:13:17,497 (DEBUG): STREAM b'tIME' 115 7
2021-12-23 21:13:17,497 (DEBUG): b'tIME' 115 7 (unknown)
2021-12-23 21:13:17,497 (DEBUG): STREAM b'IDAT' 134 32768
2021-12-23 21:13:17,511 (DEBUG): STREAM b'IHDR' 16 13
2021-12-23 21:13:17,511 (DEBUG): STREAM b'gAMA' 41 4
2021-12-23 21:13:17,511 (DEBUG): STREAM b'cHRM' 57 32
2021-12-23 21:13:17,511 (DEBUG): STREAM b'bKGD' 101 2
2021-12-23 21:13:17,512 (DEBUG): b'bKGD' 101 2 (unknown)
2021-12-23 21:13:17,512 (DEBUG): STREAM b'tIME' 115 7
2021-12-23 21:13:17,512 (DEBUG): b'tIME' 115 7 (unknown)
2021-12-23 21:13:17,512 (DEBUG): STREAM b'IDAT' 134 32768
2021-12-23 21:13:17,526 (DEBUG): STREAM b'IHDR' 16 13
2021-12-23 21:13:17,526 (DEBUG): STREAM b'gAMA' 41 4
2021-12-23 21:13:17,526 (DEBUG): STREAM b'cHRM' 57 32
2021-12-23 21:13:17,526 (DEBUG): STREAM b'bKGD' 101 2
2021-12-23 21:13:17,526 (DEBUG): b'bKGD' 101 2 (unknown)
2021-12-23 21:13:17,526 (DEBUG): STREAM b'tIME' 115 7
2021-12-23 21:13:17,526 (DEBUG): b'tIME' 115 7 (unknown)
2021-12-23 21:13:17,526 (DEBUG): STREAM b'IDAT' 134 32768
2021-12-23 21:13:17,542 (DEBUG): STREAM b'IHDR' 16 13
2021-12-23 21:13:17,542 (DEBUG): STREAM b'gAMA' 41 4
2021-12-23 21:13:17,542 (DEBUG): STREAM b'cHRM' 57 32
2021-12-23 21:13:17,543 (DEBUG): STREAM b'bKGD' 101 2
2021-12-23 21:13:17,543 (DEBUG): b'bKGD' 101 2 (unknown)
2021-12-23 21:13:17,543 (DEBUG): STREAM b'tIME' 115 7
2021-12-23 21:13:17,543 (DEBUG): b'tIME' 115 7 (unknown)
2021-12-23 21:13:17,543 (DEBUG): STREAM b'IDAT' 134 32768
2021-12-23 21:13:17,560 (DEBUG): STREAM b'IHDR' 16 13
2021-12-23 21:13:17,560 (DEBUG): STREAM b'gAMA' 41 4
2021-12-23 21:13:17,560 (DEBUG): STREAM b'cHRM' 57 32
2021-12-23 21:13:17,560 (DEBUG): STREAM b'bKGD' 101 2
2021-12-23 21:13:17,560 (DEBUG): b'bKGD' 101 2 (unknown)
2021-12-23 21:13:17,560 (DEBUG): STREAM b'tIME' 115 7
2021-12-23 21:13:17,560 (DEBUG): b'tIME' 115 7 (unknown)
2021-12-23 21:13:17,560 (DEBUG): STREAM b'IDAT' 134 32768
2021-12-23 21:13:17,580 (DEBUG): STREAM b'IHDR' 16 13
2021-12-23 21:13:17,580 (DEBUG): STREAM b'gAMA' 41 4
2021-12-23 21:13:17,580 (DEBUG): STREAM b'cHRM' 57 32
2021-12-23 21:13:17,580 (DEBUG): STREAM b'bKGD' 101 2
2021-12-23 21:13:17,580 (DEBUG): b'bKGD' 101 2 (unknown)
2021-12-23 21:13:17,580 (DEBUG): STREAM b'tIME' 115 7
2021-12-23 21:13:17,580 (DEBUG): b'tIME' 115 7 (unknown)
2021-12-23 21:13:17,580 (DEBUG): STREAM b'IDAT' 134 32768
2021-12-23 21:13:17,595 (DEBUG): STREAM b'IHDR' 16 13
2021-12-23 21:13:17,595 (DEBUG): STREAM b'gAMA' 41 4
2021-12-23 21:13:17,595 (DEBUG): STREAM b'cHRM' 57 32
2021-12-23 21:13:17,595 (DEBUG): STREAM b'bKGD' 101 2
2021-12-23 21:13:17,595 (DEBUG): b'bKGD' 101 2 (unknown)
2021-12-23 21:13:17,595 (DEBUG): STREAM b'tIME' 115 7
2021-12-23 21:13:17,595 (DEBUG): b'tIME' 115 7 (unknown)
2021-12-23 21:13:17,595 (DEBUG): STREAM b'IDAT' 134 32768
2021-12-23 21:13:17,610 (DEBUG): STREAM b'IHDR' 16 13
2021-12-23 21:13:17,610 (DEBUG): STREAM b'gAMA' 41 4
2021-12-23 21:13:17,611 (DEBUG): STREAM b'cHRM' 57 32
2021-12-23 21:13:17,611 (DEBUG): STREAM b'bKGD' 101 2
2021-12-23 21:13:17,611 (DEBUG): b'bKGD' 101 2 (unknown)
2021-12-23 21:13:17,611 (DEBUG): STREAM b'tIME' 115 7
2021-12-23 21:13:17,611 (DEBUG): b'tIME' 115 7 (unknown)
2021-12-23 21:13:17,611 (DEBUG): STREAM b'IDAT' 134 32768
2021-12-23 21:13:17,627 (DEBUG): STREAM b'IHDR' 16 13
2021-12-23 21:13:17,627 (DEBUG): STREAM b'gAMA' 41 4
2021-12-23 21:13:17,627 (DEBUG): STREAM b'cHRM' 57 32
2021-12-23 21:13:17,627 (DEBUG): STREAM b'bKGD' 101 2
2021-12-23 21:13:17,627 (DEBUG): b'bKGD' 101 2 (unknown)
2021-12-23 21:13:17,627 (DEBUG): STREAM b'tIME' 115 7
2021-12-23 21:13:17,627 (DEBUG): b'tIME' 115 7 (unknown)
2021-12-23 21:13:17,627 (DEBUG): STREAM b'IDAT' 134 32768
2021-12-23 21:13:17,642 (DEBUG): STREAM b'IHDR' 16 13
2021-12-23 21:13:17,642 (DEBUG): STREAM b'gAMA' 41 4
2021-12-23 21:13:17,642 (DEBUG): STREAM b'cHRM' 57 32
2021-12-23 21:13:17,642 (DEBUG): STREAM b'bKGD' 101 2
2021-12-23 21:13:17,642 (DEBUG): b'bKGD' 101 2 (unknown)
2021-12-23 21:13:17,642 (DEBUG): STREAM b'tIME' 115 7
2021-12-23 21:13:17,642 (DEBUG): b'tIME' 115 7 (unknown)
2021-12-23 21:13:17,642 (DEBUG): STREAM b'IDAT' 134 32768
2021-12-23 21:13:17,657 (DEBUG): STREAM b'IHDR' 16 13
2021-12-23 21:13:17,657 (DEBUG): STREAM b'gAMA' 41 4
2021-12-23 21:13:17,657 (DEBUG): STREAM b'cHRM' 57 32
2021-12-23 21:13:17,657 (DEBUG): STREAM b'bKGD' 101 2
2021-12-23 21:13:17,657 (DEBUG): b'bKGD' 101 2 (unknown)
2021-12-23 21:13:17,657 (DEBUG): STREAM b'tIME' 115 7
2021-12-23 21:13:17,658 (DEBUG): b'tIME' 115 7 (unknown)
2021-12-23 21:13:17,658 (DEBUG): STREAM b'IDAT' 134 32768
2021-12-23 21:13:17,673 (DEBUG): STREAM b'IHDR' 16 13
2021-12-23 21:13:17,673 (DEBUG): STREAM b'gAMA' 41 4
2021-12-23 21:13:17,673 (DEBUG): STREAM b'cHRM' 57 32
2021-12-23 21:13:17,673 (DEBUG): STREAM b'bKGD' 101 2
2021-12-23 21:13:17,673 (DEBUG): b'bKGD' 101 2 (unknown)
2021-12-23 21:13:17,674 (DEBUG): STREAM b'tIME' 115 7
2021-12-23 21:13:17,674 (DEBUG): b'tIME' 115 7 (unknown)
2021-12-23 21:13:17,674 (DEBUG): STREAM b'IDAT' 134 32768
2021-12-23 21:13:17,688 (DEBUG): STREAM b'IHDR' 16 13
2021-12-23 21:13:17,688 (DEBUG): STREAM b'gAMA' 41 4
2021-12-23 21:13:17,688 (DEBUG): STREAM b'cHRM' 57 32
2021-12-23 21:13:17,688 (DEBUG): STREAM b'bKGD' 101 2
2021-12-23 21:13:17,688 (DEBUG): b'bKGD' 101 2 (unknown)
2021-12-23 21:13:17,688 (DEBUG): STREAM b'tIME' 115 7
2021-12-23 21:13:17,688 (DEBUG): b'tIME' 115 7 (unknown)
2021-12-23 21:13:17,688 (DEBUG): STREAM b'IDAT' 134 32768
2021-12-23 21:13:17,701 (DEBUG): STREAM b'IHDR' 16 13
2021-12-23 21:13:17,701 (DEBUG): STREAM b'gAMA' 41 4
2021-12-23 21:13:17,701 (DEBUG): STREAM b'cHRM' 57 32
2021-12-23 21:13:17,701 (DEBUG): STREAM b'bKGD' 101 2
2021-12-23 21:13:17,701 (DEBUG): b'bKGD' 101 2 (unknown)
2021-12-23 21:13:17,701 (DEBUG): STREAM b'tIME' 115 7
2021-12-23 21:13:17,701 (DEBUG): b'tIME' 115 7 (unknown)
2021-12-23 21:13:17,701 (DEBUG): STREAM b'IDAT' 134 32768
2021-12-23 21:13:17,741 (DEBUG): STREAM b'IHDR' 16 13
2021-12-23 21:13:17,741 (DEBUG): STREAM b'gAMA' 41 4
2021-12-23 21:13:17,741 (DEBUG): STREAM b'cHRM' 57 32
2021-12-23 21:13:17,741 (DEBUG): STREAM b'bKGD' 101 2
2021-12-23 21:13:17,741 (DEBUG): b'bKGD' 101 2 (unknown)
2021-12-23 21:13:17,741 (DEBUG): STREAM b'tIME' 115 7
2021-12-23 21:13:17,741 (DEBUG): b'tIME' 115 7 (unknown)
2021-12-23 21:13:17,741 (DEBUG): STREAM b'IDAT' 134 32768
2021-12-23 21:13:17,756 (DEBUG): STREAM b'IHDR' 16 13
2021-12-23 21:13:17,756 (DEBUG): STREAM b'gAMA' 41 4
2021-12-23 21:13:17,756 (DEBUG): STREAM b'cHRM' 57 32
2021-12-23 21:13:17,757 (DEBUG): STREAM b'bKGD' 101 2
2021-12-23 21:13:17,757 (DEBUG): b'bKGD' 101 2 (unknown)
2021-12-23 21:13:17,757 (DEBUG): STREAM b'tIME' 115 7
2021-12-23 21:13:17,757 (DEBUG): b'tIME' 115 7 (unknown)
2021-12-23 21:13:17,757 (DEBUG): STREAM b'IDAT' 134 32768
2021-12-23 21:13:17,773 (DEBUG): STREAM b'IHDR' 16 13
2021-12-23 21:13:17,773 (DEBUG): STREAM b'gAMA' 41 4
2021-12-23 21:13:17,773 (DEBUG): STREAM b'cHRM' 57 32
2021-12-23 21:13:17,773 (DEBUG): STREAM b'bKGD' 101 2
2021-12-23 21:13:17,773 (DEBUG): b'bKGD' 101 2 (unknown)
2021-12-23 21:13:17,773 (DEBUG): STREAM b'tIME' 115 7
2021-12-23 21:13:17,773 (DEBUG): b'tIME' 115 7 (unknown)
2021-12-23 21:13:17,773 (DEBUG): STREAM b'IDAT' 134 32768
2021-12-23 21:13:17,788 (DEBUG): STREAM b'IHDR' 16 13
2021-12-23 21:13:17,788 (DEBUG): STREAM b'gAMA' 41 4
2021-12-23 21:13:17,788 (DEBUG): STREAM b'cHRM' 57 32
2021-12-23 21:13:17,788 (DEBUG): STREAM b'bKGD' 101 2
2021-12-23 21:13:17,788 (DEBUG): b'bKGD' 101 2 (unknown)
2021-12-23 21:13:17,788 (DEBUG): STREAM b'tIME' 115 7
2021-12-23 21:13:17,788 (DEBUG): b'tIME' 115 7 (unknown)
2021-12-23 21:13:17,788 (DEBUG): STREAM b'IDAT' 134 32768
2021-12-23 21:13:17,848 (DEBUG): STREAM b'IHDR' 16 13
2021-12-23 21:13:17,848 (DEBUG): STREAM b'gAMA' 41 4
2021-12-23 21:13:17,848 (DEBUG): STREAM b'cHRM' 57 32
2021-12-23 21:13:17,848 (DEBUG): STREAM b'bKGD' 101 2
2021-12-23 21:13:17,848 (DEBUG): b'bKGD' 101 2 (unknown)
2021-12-23 21:13:17,848 (DEBUG): STREAM b'tIME' 115 7
2021-12-23 21:13:17,848 (DEBUG): b'tIME' 115 7 (unknown)
2021-12-23 21:13:17,848 (DEBUG): STREAM b'IDAT' 134 32768
2021-12-23 21:13:17,866 (DEBUG): STREAM b'IHDR' 16 13
2021-12-23 21:13:17,866 (DEBUG): STREAM b'gAMA' 41 4
2021-12-23 21:13:17,866 (DEBUG): STREAM b'cHRM' 57 32
2021-12-23 21:13:17,866 (DEBUG): STREAM b'bKGD' 101 2
2021-12-23 21:13:17,866 (DEBUG): b'bKGD' 101 2 (unknown)
2021-12-23 21:13:17,866 (DEBUG): STREAM b'tIME' 115 7
2021-12-23 21:13:17,866 (DEBUG): b'tIME' 115 7 (unknown)
2021-12-23 21:13:17,866 (DEBUG): STREAM b'IDAT' 134 32768
2021-12-23 21:13:17,882 (DEBUG): STREAM b'IHDR' 16 13
2021-12-23 21:13:17,882 (DEBUG): STREAM b'gAMA' 41 4
2021-12-23 21:13:17,882 (DEBUG): STREAM b'cHRM' 57 32
2021-12-23 21:13:17,882 (DEBUG): STREAM b'bKGD' 101 2
2021-12-23 21:13:17,882 (DEBUG): b'bKGD' 101 2 (unknown)
2021-12-23 21:13:17,882 (DEBUG): STREAM b'tIME' 115 7
2021-12-23 21:13:17,882 (DEBUG): b'tIME' 115 7 (unknown)
2021-12-23 21:13:17,882 (DEBUG): STREAM b'IDAT' 134 32768
2021-12-23 21:13:17,895 (DEBUG): STREAM b'IHDR' 16 13
2021-12-23 21:13:17,895 (DEBUG): STREAM b'gAMA' 41 4
2021-12-23 21:13:17,895 (DEBUG): STREAM b'cHRM' 57 32
2021-12-23 21:13:17,895 (DEBUG): STREAM b'bKGD' 101 2
2021-12-23 21:13:17,896 (DEBUG): b'bKGD' 101 2 (unknown)
2021-12-23 21:13:17,896 (DEBUG): STREAM b'tIME' 115 7
2021-12-23 21:13:17,896 (DEBUG): b'tIME' 115 7 (unknown)
2021-12-23 21:13:17,896 (DEBUG): STREAM b'IDAT' 134 32768
2021-12-23 21:13:17,913 (DEBUG): STREAM b'IHDR' 16 13
2021-12-23 21:13:17,913 (DEBUG): STREAM b'gAMA' 41 4
2021-12-23 21:13:17,913 (DEBUG): STREAM b'cHRM' 57 32
2021-12-23 21:13:17,913 (DEBUG): STREAM b'bKGD' 101 2
2021-12-23 21:13:17,913 (DEBUG): b'bKGD' 101 2 (unknown)
2021-12-23 21:13:17,914 (DEBUG): STREAM b'tIME' 115 7
2021-12-23 21:13:17,914 (DEBUG): b'tIME' 115 7 (unknown)
2021-12-23 21:13:17,914 (DEBUG): STREAM b'IDAT' 134 32768
2021-12-23 21:13:17,947 (DEBUG): STREAM b'IHDR' 16 13
2021-12-23 21:13:17,947 (DEBUG): STREAM b'gAMA' 41 4
2021-12-23 21:13:17,947 (DEBUG): STREAM b'cHRM' 57 32
2021-12-23 21:13:17,947 (DEBUG): STREAM b'bKGD' 101 2
2021-12-23 21:13:17,947 (DEBUG): b'bKGD' 101 2 (unknown)
2021-12-23 21:13:17,947 (DEBUG): STREAM b'tIME' 115 7
2021-12-23 21:13:17,956 (DEBUG): b'tIME' 115 7 (unknown)
2021-12-23 21:13:17,956 (DEBUG): STREAM b'IDAT' 134 32768
2021-12-23 21:13:17,972 (DEBUG): STREAM b'IHDR' 16 13
2021-12-23 21:13:17,972 (DEBUG): STREAM b'gAMA' 41 4
2021-12-23 21:13:17,972 (DEBUG): STREAM b'cHRM' 57 32
2021-12-23 21:13:17,972 (DEBUG): STREAM b'bKGD' 101 2
2021-12-23 21:13:17,972 (DEBUG): b'bKGD' 101 2 (unknown)
2021-12-23 21:13:17,972 (DEBUG): STREAM b'tIME' 115 7
2021-12-23 21:13:17,972 (DEBUG): b'tIME' 115 7 (unknown)
2021-12-23 21:13:17,972 (DEBUG): STREAM b'IDAT' 134 32768
2021-12-23 21:13:18,017 (DEBUG): STREAM b'IHDR' 16 13
2021-12-23 21:13:18,017 (DEBUG): STREAM b'gAMA' 41 4
2021-12-23 21:13:18,017 (DEBUG): STREAM b'cHRM' 57 32
2021-12-23 21:13:18,017 (DEBUG): STREAM b'bKGD' 101 2
2021-12-23 21:13:18,017 (DEBUG): b'bKGD' 101 2 (unknown)
2021-12-23 21:13:18,017 (DEBUG): STREAM b'tIME' 115 7
2021-12-23 21:13:18,017 (DEBUG): b'tIME' 115 7 (unknown)
2021-12-23 21:13:18,017 (DEBUG): STREAM b'IDAT' 134 32768
