2021-12-23 23:09:51,455 (INFO): Log Path: D:\Source_Code\Python ++\02. updateComic\log\debug-20211223-2309.51.log
2021-12-23 23:09:53,543 (INFO): Currently Processing image
2021-12-23 23:09:53,543 (INFO): Processing Titles ...
2021-12-23 23:09:53,581 (DEBUG): Get Info from structure: (2t+=sakusei toshi elosion)
2021-12-23 23:09:53,592 (DEBUG): Get Info from structure: (a-10+=koukai tanetsuke hentai koubi 2)
2021-12-23 23:09:53,603 (DEBUG): Get Info from structure: (Abubu+=Kinjo no Onnatachi ga Nazeka Ore no Ie no Furo ni Hairi ni Kuru Ken)
2021-12-23 23:09:53,614 (DEBUG): Get Info from structure: (abubu+=npc kan mod)
2021-12-23 23:09:53,625 (DEBUG): Get Info from structure: (agobitch nee-san+=Hataraku Onee-san-tachi ~Mikonritsu no Takai Machi de Hataraku Tokoya no Onee-san ni Okuchi de Shiborareru~)
2021-12-23 23:09:53,636 (DEBUG): Get Info from structure: (agobitch nee-san+=Seifuku Bishoujo)
2021-12-23 23:09:53,646 (DEBUG): Get Info from structure: (ahemaru+=slave the blood)
2021-12-23 23:09:53,658 (DEBUG): Get Info from structure: (amano ameno+=Jabami Yumeko Hentai Koushuu Benjo Tantsubo Nikubenki Onna)
2021-12-23 23:09:53,669 (DEBUG): Get Info from structure: (amano ameno+=Kyonyuu Onna Joushi Saimin Nikuningyou)
2021-12-23 23:09:53,681 (DEBUG): Get Info from structure: (Ameyama Denshin+=Stories)
2021-12-23 23:09:53,691 (DEBUG): Get Info from structure: (Arai Kei+=Boku No Kanojo)
2021-12-23 23:09:53,702 (DEBUG): Get Info from structure: (arai kei+=Boku Wa Kanojo No Namae Mo Shiranai)
2021-12-23 23:09:53,712 (DEBUG): Get Info from structure: (arai kei+=hougan kanojo)
2021-12-23 23:09:53,724 (DEBUG): Get Info from structure: (arai kei+=Stories)
2021-12-23 23:09:53,734 (DEBUG): Get Info from structure: (Arai Taiki+=Kahanshin Daiichi Shugi)
2021-12-23 23:09:53,743 (DEBUG): Get Info from structure: (arai taiki+=ochita yume no naka de)
2021-12-23 23:09:53,755 (DEBUG): Get Info from structure: (Arai Taiki+=Stories)
2021-12-23 23:09:53,764 (DEBUG): Get Info from structure: (aroma sensei+=Gwen)
2021-12-23 23:09:53,775 (DEBUG): Get Info from structure: (aroma sensei+=what's going on here)
2021-12-23 23:09:53,786 (DEBUG): Get Info from structure: (asanagi+=Stories)
2021-12-23 23:09:53,797 (DEBUG): Get Info from structure: (BeNantoka+=Stories)
2021-12-23 23:09:53,808 (DEBUG): Get Info from structure: (Bonske+=Arawareta Chijo wa Toshishita Kui no Scatolo Hentai deshita)
2021-12-23 23:09:53,819 (DEBUG): Get Info from structure: (bonske+=sono kuchi to shita de subete o uketomenasai)
2021-12-23 23:09:53,829 (DEBUG): Get Info from structure: (Dokurosan+=Stories)
2021-12-23 23:09:53,841 (DEBUG): Get Info from structure: (Enokido+=Stories)
2021-12-23 23:09:53,850 (DEBUG): Get Info from structure: (freehand tamashii+=aorare tsuma)
2021-12-23 23:09:53,861 (DEBUG): Get Info from structure: (freehand tamashii+=Incha No Oi Ga Yaritai Oba-san)
2021-12-23 23:09:53,871 (DEBUG): Get Info from structure: (freehand tamashii+=Isourou Saki No Obasan Ni Hameru!)
2021-12-23 23:09:53,882 (DEBUG): Get Info from structure: (freehand tamashii+=Stories)
2021-12-23 23:09:53,891 (DEBUG): Get Info from structure: (freehand tamashii+=Toiu Wake De, Kaa-san-tachi To Yattemita)
2021-12-23 23:09:53,904 (DEBUG): Get Info from structure: (freehand tamasshii+=Shin Mama O Netoruze!)
2021-12-23 23:09:53,914 (DEBUG): Get Info from structure: (gonza+=av mama)
2021-12-23 23:09:53,925 (DEBUG): Get Info from structure: (gonza+=matching appli)
2021-12-23 23:09:53,938 (DEBUG): Get Info from structure: (Gonza+=Mayonaka No Haha)
2021-12-23 23:09:53,948 (DEBUG): Get Info from structure: (gonza+=my three horny moms)
2021-12-23 23:09:53,959 (DEBUG): Get Info from structure: (gonza+=Nonfiction ~boshi Soukan No Kioku~)
2021-12-23 23:09:53,969 (DEBUG): Get Info from structure: (gonza+=stories)
2021-12-23 23:09:53,981 (DEBUG): Get Info from structure: (mizone+=Ajin Iryou Sougou Center e Youkoso!)
2021-12-23 23:09:53,991 (DEBUG): Get Info from structure: (mizone+=Jikyuu 1500 yen!! Gyogyou o Tetsudau Kantan na Oshigoto desu)
2021-12-23 23:09:54,001 (DEBUG): Get Info from structure: (mizone+=Kindan no Shohousen)
2021-12-23 23:09:54,010 (DEBUG): Get Info from structure: (mizone+=monster romance)
2021-12-23 23:09:54,021 (DEBUG): Get Info from structure: (mizone+=monster smash)
2021-12-23 23:09:54,032 (DEBUG): Get Info from structure: (mizone+=Otherworldly Maidens Series)
2021-12-23 23:09:54,041 (DEBUG): Get Info from structure: (mizone+=stories)
2021-12-23 23:09:54,054 (DEBUG): Get Info from structure: (mizone+=Zasshoku Yuusha)
2021-12-23 23:09:54,063 (DEBUG): Get Info from structure: (Tsusauto+=Jichikai no Hitozuma wa Totemo Ecchi deshita)
2021-12-23 23:09:54,073 (INFO): Processing Chapters / Episodes ...
2021-12-23 23:09:54,200 (INFO): Processing Chapters & Pages ... 
2021-12-23 23:10:30,006 (DEBUG): STREAM b'IHDR' 16 13
2021-12-23 23:10:30,006 (DEBUG): STREAM b'gAMA' 41 4
2021-12-23 23:10:30,006 (DEBUG): STREAM b'cHRM' 57 32
2021-12-23 23:10:30,006 (DEBUG): STREAM b'bKGD' 101 2
2021-12-23 23:10:30,006 (DEBUG): b'bKGD' 101 2 (unknown)
2021-12-23 23:10:30,006 (DEBUG): STREAM b'tIME' 115 7
2021-12-23 23:10:30,006 (DEBUG): b'tIME' 115 7 (unknown)
2021-12-23 23:10:30,006 (DEBUG): STREAM b'IDAT' 134 32768
2021-12-23 23:10:30,019 (DEBUG): STREAM b'IHDR' 16 13
2021-12-23 23:10:30,020 (DEBUG): STREAM b'gAMA' 41 4
2021-12-23 23:10:30,020 (DEBUG): STREAM b'cHRM' 57 32
2021-12-23 23:10:30,020 (DEBUG): STREAM b'bKGD' 101 2
2021-12-23 23:10:30,020 (DEBUG): b'bKGD' 101 2 (unknown)
2021-12-23 23:10:30,020 (DEBUG): STREAM b'tIME' 115 7
2021-12-23 23:10:30,020 (DEBUG): b'tIME' 115 7 (unknown)
2021-12-23 23:10:30,020 (DEBUG): STREAM b'IDAT' 134 32768
2021-12-23 23:10:30,034 (DEBUG): STREAM b'IHDR' 16 13
2021-12-23 23:10:30,034 (DEBUG): STREAM b'gAMA' 41 4
2021-12-23 23:10:30,034 (DEBUG): STREAM b'cHRM' 57 32
2021-12-23 23:10:30,034 (DEBUG): STREAM b'bKGD' 101 2
2021-12-23 23:10:30,034 (DEBUG): b'bKGD' 101 2 (unknown)
2021-12-23 23:10:30,034 (DEBUG): STREAM b'tIME' 115 7
2021-12-23 23:10:30,034 (DEBUG): b'tIME' 115 7 (unknown)
2021-12-23 23:10:30,034 (DEBUG): STREAM b'IDAT' 134 32768
2021-12-23 23:10:30,047 (DEBUG): STREAM b'IHDR' 16 13
2021-12-23 23:10:30,048 (DEBUG): STREAM b'gAMA' 41 4
2021-12-23 23:10:30,048 (DEBUG): STREAM b'cHRM' 57 32
2021-12-23 23:10:30,048 (DEBUG): STREAM b'bKGD' 101 2
2021-12-23 23:10:30,048 (DEBUG): b'bKGD' 101 2 (unknown)
2021-12-23 23:10:30,048 (DEBUG): STREAM b'tIME' 115 7
2021-12-23 23:10:30,048 (DEBUG): b'tIME' 115 7 (unknown)
2021-12-23 23:10:30,048 (DEBUG): STREAM b'IDAT' 134 32768
2021-12-23 23:10:30,063 (DEBUG): STREAM b'IHDR' 16 13
2021-12-23 23:10:30,063 (DEBUG): STREAM b'gAMA' 41 4
2021-12-23 23:10:30,063 (DEBUG): STREAM b'cHRM' 57 32
2021-12-23 23:10:30,063 (DEBUG): STREAM b'bKGD' 101 2
2021-12-23 23:10:30,063 (DEBUG): b'bKGD' 101 2 (unknown)
2021-12-23 23:10:30,063 (DEBUG): STREAM b'tIME' 115 7
2021-12-23 23:10:30,063 (DEBUG): b'tIME' 115 7 (unknown)
2021-12-23 23:10:30,063 (DEBUG): STREAM b'IDAT' 134 32768
2021-12-23 23:10:30,078 (DEBUG): STREAM b'IHDR' 16 13
2021-12-23 23:10:30,078 (DEBUG): STREAM b'gAMA' 41 4
2021-12-23 23:10:30,078 (DEBUG): STREAM b'cHRM' 57 32
2021-12-23 23:10:30,078 (DEBUG): STREAM b'bKGD' 101 2
2021-12-23 23:10:30,078 (DEBUG): b'bKGD' 101 2 (unknown)
2021-12-23 23:10:30,078 (DEBUG): STREAM b'tIME' 115 7
2021-12-23 23:10:30,078 (DEBUG): b'tIME' 115 7 (unknown)
2021-12-23 23:10:30,078 (DEBUG): STREAM b'IDAT' 134 32768
2021-12-23 23:10:30,091 (DEBUG): STREAM b'IHDR' 16 13
2021-12-23 23:10:30,091 (DEBUG): STREAM b'gAMA' 41 4
2021-12-23 23:10:30,091 (DEBUG): STREAM b'cHRM' 57 32
2021-12-23 23:10:30,091 (DEBUG): STREAM b'bKGD' 101 2
2021-12-23 23:10:30,091 (DEBUG): b'bKGD' 101 2 (unknown)
2021-12-23 23:10:30,091 (DEBUG): STREAM b'tIME' 115 7
2021-12-23 23:10:30,091 (DEBUG): b'tIME' 115 7 (unknown)
2021-12-23 23:10:30,091 (DEBUG): STREAM b'IDAT' 134 32768
2021-12-23 23:10:30,104 (DEBUG): STREAM b'IHDR' 16 13
2021-12-23 23:10:30,104 (DEBUG): STREAM b'gAMA' 41 4
2021-12-23 23:10:30,104 (DEBUG): STREAM b'cHRM' 57 32
2021-12-23 23:10:30,104 (DEBUG): STREAM b'bKGD' 101 2
2021-12-23 23:10:30,104 (DEBUG): b'bKGD' 101 2 (unknown)
2021-12-23 23:10:30,104 (DEBUG): STREAM b'tIME' 115 7
2021-12-23 23:10:30,104 (DEBUG): b'tIME' 115 7 (unknown)
2021-12-23 23:10:30,104 (DEBUG): STREAM b'IDAT' 134 32768
2021-12-23 23:10:30,117 (DEBUG): STREAM b'IHDR' 16 13
2021-12-23 23:10:30,117 (DEBUG): STREAM b'gAMA' 41 4
2021-12-23 23:10:30,117 (DEBUG): STREAM b'cHRM' 57 32
2021-12-23 23:10:30,117 (DEBUG): STREAM b'bKGD' 101 2
2021-12-23 23:10:30,117 (DEBUG): b'bKGD' 101 2 (unknown)
2021-12-23 23:10:30,117 (DEBUG): STREAM b'tIME' 115 7
2021-12-23 23:10:30,117 (DEBUG): b'tIME' 115 7 (unknown)
2021-12-23 23:10:30,118 (DEBUG): STREAM b'IDAT' 134 32768
2021-12-23 23:10:30,130 (DEBUG): STREAM b'IHDR' 16 13
2021-12-23 23:10:30,130 (DEBUG): STREAM b'gAMA' 41 4
2021-12-23 23:10:30,130 (DEBUG): STREAM b'cHRM' 57 32
2021-12-23 23:10:30,130 (DEBUG): STREAM b'bKGD' 101 2
2021-12-23 23:10:30,130 (DEBUG): b'bKGD' 101 2 (unknown)
2021-12-23 23:10:30,130 (DEBUG): STREAM b'tIME' 115 7
2021-12-23 23:10:30,131 (DEBUG): b'tIME' 115 7 (unknown)
2021-12-23 23:10:30,131 (DEBUG): STREAM b'IDAT' 134 32768
2021-12-23 23:10:30,143 (DEBUG): STREAM b'IHDR' 16 13
2021-12-23 23:10:30,143 (DEBUG): STREAM b'gAMA' 41 4
2021-12-23 23:10:30,143 (DEBUG): STREAM b'cHRM' 57 32
2021-12-23 23:10:30,143 (DEBUG): STREAM b'bKGD' 101 2
2021-12-23 23:10:30,143 (DEBUG): b'bKGD' 101 2 (unknown)
2021-12-23 23:10:30,143 (DEBUG): STREAM b'tIME' 115 7
2021-12-23 23:10:30,143 (DEBUG): b'tIME' 115 7 (unknown)
2021-12-23 23:10:30,143 (DEBUG): STREAM b'IDAT' 134 32768
2021-12-23 23:10:30,157 (DEBUG): STREAM b'IHDR' 16 13
2021-12-23 23:10:30,157 (DEBUG): STREAM b'gAMA' 41 4
2021-12-23 23:10:30,157 (DEBUG): STREAM b'cHRM' 57 32
2021-12-23 23:10:30,157 (DEBUG): STREAM b'bKGD' 101 2
2021-12-23 23:10:30,157 (DEBUG): b'bKGD' 101 2 (unknown)
2021-12-23 23:10:30,157 (DEBUG): STREAM b'tIME' 115 7
2021-12-23 23:10:30,157 (DEBUG): b'tIME' 115 7 (unknown)
2021-12-23 23:10:30,157 (DEBUG): STREAM b'IDAT' 134 32768
2021-12-23 23:10:30,170 (DEBUG): STREAM b'IHDR' 16 13
2021-12-23 23:10:30,170 (DEBUG): STREAM b'gAMA' 41 4
2021-12-23 23:10:30,170 (DEBUG): STREAM b'cHRM' 57 32
2021-12-23 23:10:30,170 (DEBUG): STREAM b'bKGD' 101 2
2021-12-23 23:10:30,170 (DEBUG): b'bKGD' 101 2 (unknown)
2021-12-23 23:10:30,170 (DEBUG): STREAM b'tIME' 115 7
2021-12-23 23:10:30,170 (DEBUG): b'tIME' 115 7 (unknown)
2021-12-23 23:10:30,170 (DEBUG): STREAM b'IDAT' 134 32768
2021-12-23 23:10:30,182 (DEBUG): STREAM b'IHDR' 16 13
2021-12-23 23:10:30,182 (DEBUG): STREAM b'gAMA' 41 4
2021-12-23 23:10:30,182 (DEBUG): STREAM b'cHRM' 57 32
2021-12-23 23:10:30,182 (DEBUG): STREAM b'bKGD' 101 2
2021-12-23 23:10:30,182 (DEBUG): b'bKGD' 101 2 (unknown)
2021-12-23 23:10:30,182 (DEBUG): STREAM b'tIME' 115 7
2021-12-23 23:10:30,182 (DEBUG): b'tIME' 115 7 (unknown)
2021-12-23 23:10:30,182 (DEBUG): STREAM b'IDAT' 134 32768
2021-12-23 23:10:30,195 (DEBUG): STREAM b'IHDR' 16 13
2021-12-23 23:10:30,195 (DEBUG): STREAM b'gAMA' 41 4
2021-12-23 23:10:30,195 (DEBUG): STREAM b'cHRM' 57 32
2021-12-23 23:10:30,196 (DEBUG): STREAM b'bKGD' 101 2
2021-12-23 23:10:30,196 (DEBUG): b'bKGD' 101 2 (unknown)
2021-12-23 23:10:30,196 (DEBUG): STREAM b'tIME' 115 7
2021-12-23 23:10:30,196 (DEBUG): b'tIME' 115 7 (unknown)
2021-12-23 23:10:30,196 (DEBUG): STREAM b'IDAT' 134 32768
2021-12-23 23:10:30,210 (DEBUG): STREAM b'IHDR' 16 13
2021-12-23 23:10:30,210 (DEBUG): STREAM b'gAMA' 41 4
2021-12-23 23:10:30,210 (DEBUG): STREAM b'cHRM' 57 32
2021-12-23 23:10:30,210 (DEBUG): STREAM b'bKGD' 101 2
2021-12-23 23:10:30,210 (DEBUG): b'bKGD' 101 2 (unknown)
2021-12-23 23:10:30,210 (DEBUG): STREAM b'tIME' 115 7
2021-12-23 23:10:30,210 (DEBUG): b'tIME' 115 7 (unknown)
2021-12-23 23:10:30,210 (DEBUG): STREAM b'IDAT' 134 32768
2021-12-23 23:10:30,241 (DEBUG): STREAM b'IHDR' 16 13
2021-12-23 23:10:30,241 (DEBUG): STREAM b'gAMA' 41 4
2021-12-23 23:10:30,241 (DEBUG): STREAM b'cHRM' 57 32
2021-12-23 23:10:30,241 (DEBUG): STREAM b'bKGD' 101 2
2021-12-23 23:10:30,241 (DEBUG): b'bKGD' 101 2 (unknown)
2021-12-23 23:10:30,241 (DEBUG): STREAM b'tIME' 115 7
2021-12-23 23:10:30,241 (DEBUG): b'tIME' 115 7 (unknown)
2021-12-23 23:10:30,241 (DEBUG): STREAM b'IDAT' 134 32768
2021-12-23 23:10:30,254 (DEBUG): STREAM b'IHDR' 16 13
2021-12-23 23:10:30,255 (DEBUG): STREAM b'gAMA' 41 4
2021-12-23 23:10:30,255 (DEBUG): STREAM b'cHRM' 57 32
2021-12-23 23:10:30,255 (DEBUG): STREAM b'bKGD' 101 2
2021-12-23 23:10:30,255 (DEBUG): b'bKGD' 101 2 (unknown)
2021-12-23 23:10:30,255 (DEBUG): STREAM b'tIME' 115 7
2021-12-23 23:10:30,255 (DEBUG): b'tIME' 115 7 (unknown)
2021-12-23 23:10:30,255 (DEBUG): STREAM b'IDAT' 134 32768
2021-12-23 23:10:30,267 (DEBUG): STREAM b'IHDR' 16 13
2021-12-23 23:10:30,268 (DEBUG): STREAM b'gAMA' 41 4
2021-12-23 23:10:30,268 (DEBUG): STREAM b'cHRM' 57 32
2021-12-23 23:10:30,268 (DEBUG): STREAM b'bKGD' 101 2
2021-12-23 23:10:30,268 (DEBUG): b'bKGD' 101 2 (unknown)
2021-12-23 23:10:30,268 (DEBUG): STREAM b'tIME' 115 7
2021-12-23 23:10:30,268 (DEBUG): b'tIME' 115 7 (unknown)
2021-12-23 23:10:30,268 (DEBUG): STREAM b'IDAT' 134 32768
2021-12-23 23:10:30,280 (DEBUG): STREAM b'IHDR' 16 13
2021-12-23 23:10:30,280 (DEBUG): STREAM b'gAMA' 41 4
2021-12-23 23:10:30,280 (DEBUG): STREAM b'cHRM' 57 32
2021-12-23 23:10:30,280 (DEBUG): STREAM b'bKGD' 101 2
2021-12-23 23:10:30,280 (DEBUG): b'bKGD' 101 2 (unknown)
2021-12-23 23:10:30,280 (DEBUG): STREAM b'tIME' 115 7
2021-12-23 23:10:30,280 (DEBUG): b'tIME' 115 7 (unknown)
2021-12-23 23:10:30,280 (DEBUG): STREAM b'IDAT' 134 32768
2021-12-23 23:10:30,331 (DEBUG): STREAM b'IHDR' 16 13
2021-12-23 23:10:30,331 (DEBUG): STREAM b'gAMA' 41 4
2021-12-23 23:10:30,331 (DEBUG): STREAM b'cHRM' 57 32
2021-12-23 23:10:30,331 (DEBUG): STREAM b'bKGD' 101 2
2021-12-23 23:10:30,331 (DEBUG): b'bKGD' 101 2 (unknown)
2021-12-23 23:10:30,331 (DEBUG): STREAM b'tIME' 115 7
2021-12-23 23:10:30,331 (DEBUG): b'tIME' 115 7 (unknown)
2021-12-23 23:10:30,331 (DEBUG): STREAM b'IDAT' 134 32768
2021-12-23 23:10:30,344 (DEBUG): STREAM b'IHDR' 16 13
2021-12-23 23:10:30,344 (DEBUG): STREAM b'gAMA' 41 4
2021-12-23 23:10:30,344 (DEBUG): STREAM b'cHRM' 57 32
2021-12-23 23:10:30,344 (DEBUG): STREAM b'bKGD' 101 2
2021-12-23 23:10:30,344 (DEBUG): b'bKGD' 101 2 (unknown)
2021-12-23 23:10:30,344 (DEBUG): STREAM b'tIME' 115 7
2021-12-23 23:10:30,344 (DEBUG): b'tIME' 115 7 (unknown)
2021-12-23 23:10:30,344 (DEBUG): STREAM b'IDAT' 134 32768
2021-12-23 23:10:30,357 (DEBUG): STREAM b'IHDR' 16 13
2021-12-23 23:10:30,357 (DEBUG): STREAM b'gAMA' 41 4
2021-12-23 23:10:30,358 (DEBUG): STREAM b'cHRM' 57 32
2021-12-23 23:10:30,358 (DEBUG): STREAM b'bKGD' 101 2
2021-12-23 23:10:30,358 (DEBUG): b'bKGD' 101 2 (unknown)
2021-12-23 23:10:30,358 (DEBUG): STREAM b'tIME' 115 7
2021-12-23 23:10:30,358 (DEBUG): b'tIME' 115 7 (unknown)
2021-12-23 23:10:30,358 (DEBUG): STREAM b'IDAT' 134 32768
2021-12-23 23:10:30,370 (DEBUG): STREAM b'IHDR' 16 13
2021-12-23 23:10:30,370 (DEBUG): STREAM b'gAMA' 41 4
2021-12-23 23:10:30,370 (DEBUG): STREAM b'cHRM' 57 32
2021-12-23 23:10:30,370 (DEBUG): STREAM b'bKGD' 101 2
2021-12-23 23:10:30,370 (DEBUG): b'bKGD' 101 2 (unknown)
2021-12-23 23:10:30,371 (DEBUG): STREAM b'tIME' 115 7
2021-12-23 23:10:30,371 (DEBUG): b'tIME' 115 7 (unknown)
2021-12-23 23:10:30,371 (DEBUG): STREAM b'IDAT' 134 32768
2021-12-23 23:10:30,387 (DEBUG): STREAM b'IHDR' 16 13
2021-12-23 23:10:30,387 (DEBUG): STREAM b'gAMA' 41 4
2021-12-23 23:10:30,387 (DEBUG): STREAM b'cHRM' 57 32
2021-12-23 23:10:30,387 (DEBUG): STREAM b'bKGD' 101 2
2021-12-23 23:10:30,387 (DEBUG): b'bKGD' 101 2 (unknown)
2021-12-23 23:10:30,387 (DEBUG): STREAM b'tIME' 115 7
2021-12-23 23:10:30,387 (DEBUG): b'tIME' 115 7 (unknown)
2021-12-23 23:10:30,387 (DEBUG): STREAM b'IDAT' 134 32768
2021-12-23 23:10:30,413 (DEBUG): STREAM b'IHDR' 16 13
2021-12-23 23:10:30,413 (DEBUG): STREAM b'gAMA' 41 4
2021-12-23 23:10:30,413 (DEBUG): STREAM b'cHRM' 57 32
2021-12-23 23:10:30,413 (DEBUG): STREAM b'bKGD' 101 2
2021-12-23 23:10:30,413 (DEBUG): b'bKGD' 101 2 (unknown)
2021-12-23 23:10:30,413 (DEBUG): STREAM b'tIME' 115 7
2021-12-23 23:10:30,413 (DEBUG): b'tIME' 115 7 (unknown)
2021-12-23 23:10:30,413 (DEBUG): STREAM b'IDAT' 134 32768
2021-12-23 23:10:30,425 (DEBUG): STREAM b'IHDR' 16 13
2021-12-23 23:10:30,425 (DEBUG): STREAM b'gAMA' 41 4
2021-12-23 23:10:30,425 (DEBUG): STREAM b'cHRM' 57 32
2021-12-23 23:10:30,425 (DEBUG): STREAM b'bKGD' 101 2
2021-12-23 23:10:30,426 (DEBUG): b'bKGD' 101 2 (unknown)
2021-12-23 23:10:30,426 (DEBUG): STREAM b'tIME' 115 7
2021-12-23 23:10:30,426 (DEBUG): b'tIME' 115 7 (unknown)
2021-12-23 23:10:30,426 (DEBUG): STREAM b'IDAT' 134 32768
2021-12-23 23:10:30,467 (DEBUG): STREAM b'IHDR' 16 13
2021-12-23 23:10:30,467 (DEBUG): STREAM b'gAMA' 41 4
2021-12-23 23:10:30,468 (DEBUG): STREAM b'cHRM' 57 32
2021-12-23 23:10:30,468 (DEBUG): STREAM b'bKGD' 101 2
2021-12-23 23:10:30,468 (DEBUG): b'bKGD' 101 2 (unknown)
2021-12-23 23:10:30,468 (DEBUG): STREAM b'tIME' 115 7
2021-12-23 23:10:30,468 (DEBUG): b'tIME' 115 7 (unknown)
2021-12-23 23:10:30,468 (DEBUG): STREAM b'IDAT' 134 32768
